#
# There is insufficient memory for the Java Runtime Environment to continue.
# Native memory allocation (malloc) failed to allocate 260256 bytes for Chunk::new
# Possible reasons:
#   The system is out of physical RAM or swap space
#   The process is running with CompressedOops enabled, and the Java Heap may be blocking the growth of the native heap
# Possible solutions:
#   Reduce memory load on the system
#   Increase physical memory or swap space
#   Check if swap backing store is full
#   Decrease Java heap size (-Xmx/-Xms)
#   Decrease number of Java threads
#   Decrease Java thread stack sizes (-Xss)
#   Set larger code cache with -XX:ReservedCodeCacheSize=
#   JVM is running with Unscaled Compressed Oops mode in which the Java heap is
#     placed in the first 4GB address space. The Java Heap base address is the
#     maximum limit for the native heap growth. Please use -XX:HeapBaseMinAddress
#     to set the Java Heap base and to place the Java Heap above 4GB virtual address.
# This output file may be truncated or incomplete.
#
#  Out of Memory Error (arena.cpp:189), pid=6604, tid=9436
#
# JRE version: OpenJDK Runtime Environment (17.0.6) (build 17.0.6+0-b2043.56-10027231)
# Java VM: OpenJDK 64-Bit Server VM (17.0.6+0-b2043.56-10027231, mixed mode, tiered, compressed oops, compressed class ptrs, g1 gc, windows-amd64)
# No core dump will be written. Minidumps are not enabled by default on client versions of Windows
#

---------------  S U M M A R Y ------------

Command Line: git4idea.http.GitAskPassApp Username for 'https://github.com': 

Host: Intel(R) Core(TM) i5-5200U CPU @ 2.20GHz, 4 cores, 7G,  Windows 10 , 64 bit Build 19041 (10.0.19041.3570)
Time: Wed Oct 18 22:20:23 2023 SE Asia Standard Time elapsed time: 0.699562 seconds (0d 0h 0m 0s)

---------------  T H R E A D  ---------------

Current thread (0x0000027022836200):  JavaThread "C2 CompilerThread0" daemon [_thread_in_native, id=9436, stack(0x0000007eb0400000,0x0000007eb0500000)]


Current CompileTask:
C2:    699  112 %     4       java.util.zip.ZipFile$Source::initCEN @ 240 (591 bytes)

Stack: [0x0000007eb0400000,0x0000007eb0500000]
Native frames: (J=compiled Java code, j=interpreted, Vv=VM code, C=native code)
V  [jvm.dll+0x683c9a]
V  [jvm.dll+0x8427a4]
V  [jvm.dll+0x843f9e]
V  [jvm.dll+0x844603]
V  [jvm.dll+0x249b75]
V  [jvm.dll+0xabcac]
V  [jvm.dll+0xac27c]
V  [jvm.dll+0x2b0eef]
V  [jvm.dll+0x58a267]
V  [jvm.dll+0x2243b2]
V  [jvm.dll+0x21dbe9]
V  [jvm.dll+0x21b51b]
V  [jvm.dll+0x1a4fdd]
V  [jvm.dll+0x22b098]
V  [jvm.dll+0x229159]
V  [jvm.dll+0x7f81ec]
V  [jvm.dll+0x7f274a]
V  [jvm.dll+0x682ad5]
C  [ucrtbase.dll+0x21bb2]
C  [KERNEL32.DLL+0x17344]
C  [ntdll.dll+0x526b1]


---------------  P R O C E S S  ---------------

Threads class SMR info:
_java_thread_list=0x0000027022975bf0, length=12, elements={
0x000002700891a3b0, 0x0000027021e06ea0, 0x0000027021e07d10, 0x0000027021e56520,
0x000002702280a190, 0x000002702280db60, 0x0000027022832020, 0x0000027022836200,
0x000002702283ecb0, 0x00000270228416b0, 0x0000027022990860, 0x00000270229a6030
}

Java Threads: ( => current thread )
  0x000002700891a3b0 JavaThread "main" [_thread_in_vm, id=3624, stack(0x0000007eaf700000,0x0000007eaf800000)]
  0x0000027021e06ea0 JavaThread "Reference Handler" daemon [_thread_blocked, id=10140, stack(0x0000007eafe00000,0x0000007eaff00000)]
  0x0000027021e07d10 JavaThread "Finalizer" daemon [_thread_blocked, id=2636, stack(0x0000007eaff00000,0x0000007eb0000000)]
  0x0000027021e56520 JavaThread "Signal Dispatcher" daemon [_thread_blocked, id=8364, stack(0x0000007eb0000000,0x0000007eb0100000)]
  0x000002702280a190 JavaThread "Attach Listener" daemon [_thread_blocked, id=10828, stack(0x0000007eb0100000,0x0000007eb0200000)]
  0x000002702280db60 JavaThread "Service Thread" daemon [_thread_blocked, id=7824, stack(0x0000007eb0200000,0x0000007eb0300000)]
  0x0000027022832020 JavaThread "Monitor Deflation Thread" daemon [_thread_blocked, id=9528, stack(0x0000007eb0300000,0x0000007eb0400000)]
=>0x0000027022836200 JavaThread "C2 CompilerThread0" daemon [_thread_in_native, id=9436, stack(0x0000007eb0400000,0x0000007eb0500000)]
  0x000002702283ecb0 JavaThread "C1 CompilerThread0" daemon [_thread_blocked, id=7584, stack(0x0000007eb0500000,0x0000007eb0600000)]
  0x00000270228416b0 JavaThread "Sweeper thread" daemon [_thread_blocked, id=10696, stack(0x0000007eb0600000,0x0000007eb0700000)]
  0x0000027022990860 JavaThread "Notification Thread" daemon [_thread_blocked, id=10264, stack(0x0000007eb0700000,0x0000007eb0800000)]
  0x00000270229a6030 JavaThread "Common-Cleaner" daemon [_thread_blocked, id=9784, stack(0x0000007eb0900000,0x0000007eb0a00000)]

Other Threads:
  0x0000027021e350e0 VMThread "VM Thread" [stack: 0x0000007eafd00000,0x0000007eafe00000] [id=10096]
  0x00000270228b8270 WatcherThread [stack: 0x0000007eb0800000,0x0000007eb0900000] [id=4912]
  0x0000027008976db0 GCTaskThread "GC Thread#0" [stack: 0x0000007eaf800000,0x0000007eaf900000] [id=3280]
  0x00000270089879b0 ConcurrentGCThread "G1 Main Marker" [stack: 0x0000007eaf900000,0x0000007eafa00000] [id=9556]
  0x00000270089883c0 ConcurrentGCThread "G1 Conc#0" [stack: 0x0000007eafa00000,0x0000007eafb00000] [id=360]
  0x00000270089ed280 ConcurrentGCThread "G1 Refine#0" [stack: 0x0000007eafb00000,0x0000007eafc00000] [id=6204]
  0x00000270089edca0 ConcurrentGCThread "G1 Service" [stack: 0x0000007eafc00000,0x0000007eafd00000] [id=7128]

Threads with active compile tasks:
C2 CompilerThread0      895  112 %     4       java.util.zip.ZipFile$Source::initCEN @ 240 (591 bytes)

VM state: not at safepoint (normal execution)

VM Mutex/Monitor currently owned by a thread:  ([mutex/lock_event])
[0x00000270089151c0] Metaspace_lock - owner thread: 0x000002700891a3b0

Heap address: 0x0000000081a00000, size: 2022 MB, Compressed Oops mode: 32-bit

CDS archive(s) not mapped
Compressed class space mapped at: 0x0000000100000000-0x0000000140000000, reserved size: 1073741824
Narrow klass base: 0x0000000000000000, Narrow klass shift: 3, Narrow klass range: 0x140000000

GC Precious Log:
 CPUs: 4 total, 4 available
 Memory: 8083M
 Large Page Support: Disabled
 NUMA Support: Disabled
 Compressed Oops: Enabled (32-bit)
 Heap Region Size: 1M
 Heap Min Capacity: 8M
 Heap Initial Capacity: 128M
 Heap Max Capacity: 2022M
 Pre-touch: Disabled
 Parallel Workers: 4
 Concurrent Workers: 1
 Concurrent Refinement Workers: 4
 Periodic GC: Disabled

Heap:
 garbage-first heap   total 131072K, used 15360K [0x0000000081a00000, 0x0000000100000000)
  region size 1024K, 2 young (2048K), 0 survivors (0K)
 Metaspace       used 5111K, committed 5248K, reserved 1056768K
  class space    used 432K, committed 512K, reserved 1048576K

Heap Regions: E=young(eden), S=young(survivor), O=old, HS=humongous(starts), HC=humongous(continues), CS=collection set, F=free, OA=open archive, CA=closed archive, TAMS=top-at-mark-start (previous, next)
|   0|0x0000000081a00000, 0x0000000081b00000, 0x0000000081b00000|100%|HS|  |TAMS 0x0000000081a00000, 0x0000000081a00000| Complete 
|   1|0x0000000081b00000, 0x0000000081c00000, 0x0000000081c00000|100%|HC|  |TAMS 0x0000000081b00000, 0x0000000081b00000| Complete 
|   2|0x0000000081c00000, 0x0000000081d00000, 0x0000000081d00000|100%|HC|  |TAMS 0x0000000081c00000, 0x0000000081c00000| Complete 
|   3|0x0000000081d00000, 0x0000000081e00000, 0x0000000081e00000|100%|HC|  |TAMS 0x0000000081d00000, 0x0000000081d00000| Complete 
|   4|0x0000000081e00000, 0x0000000081f00000, 0x0000000081f00000|100%|HC|  |TAMS 0x0000000081e00000, 0x0000000081e00000| Complete 
|   5|0x0000000081f00000, 0x0000000082000000, 0x0000000082000000|100%|HC|  |TAMS 0x0000000081f00000, 0x0000000081f00000| Complete 
|   6|0x0000000082000000, 0x0000000082100000, 0x0000000082100000|100%|HC|  |TAMS 0x0000000082000000, 0x0000000082000000| Complete 
|   7|0x0000000082100000, 0x0000000082200000, 0x0000000082200000|100%|HC|  |TAMS 0x0000000082100000, 0x0000000082100000| Complete 
|   8|0x0000000082200000, 0x0000000082300000, 0x0000000082300000|100%|HC|  |TAMS 0x0000000082200000, 0x0000000082200000| Complete 
|   9|0x0000000082300000, 0x0000000082400000, 0x0000000082400000|100%|HC|  |TAMS 0x0000000082300000, 0x0000000082300000| Complete 
|  10|0x0000000082400000, 0x0000000082500000, 0x0000000082500000|100%|HC|  |TAMS 0x0000000082400000, 0x0000000082400000| Complete 
|  11|0x0000000082500000, 0x0000000082600000, 0x0000000082600000|100%|HC|  |TAMS 0x0000000082500000, 0x0000000082500000| Complete 
|  12|0x0000000082600000, 0x0000000082700000, 0x0000000082700000|100%|HS|  |TAMS 0x0000000082600000, 0x0000000082600000| Complete 
|  13|0x0000000082700000, 0x0000000082800000, 0x0000000082800000|100%|HC|  |TAMS 0x0000000082700000, 0x0000000082700000| Complete 
|  14|0x0000000082800000, 0x0000000082800000, 0x0000000082900000|  0%| F|  |TAMS 0x0000000082800000, 0x0000000082800000| Untracked 
|  15|0x0000000082900000, 0x0000000082900000, 0x0000000082a00000|  0%| F|  |TAMS 0x0000000082900000, 0x0000000082900000| Untracked 
|  16|0x0000000082a00000, 0x0000000082a00000, 0x0000000082b00000|  0%| F|  |TAMS 0x0000000082a00000, 0x0000000082a00000| Untracked 
|  17|0x0000000082b00000, 0x0000000082b00000, 0x0000000082c00000|  0%| F|  |TAMS 0x0000000082b00000, 0x0000000082b00000| Untracked 
|  18|0x0000000082c00000, 0x0000000082c00000, 0x0000000082d00000|  0%| F|  |TAMS 0x0000000082c00000, 0x0000000082c00000| Untracked 
|  19|0x0000000082d00000, 0x0000000082d00000, 0x0000000082e00000|  0%| F|  |TAMS 0x0000000082d00000, 0x0000000082d00000| Untracked 
|  20|0x0000000082e00000, 0x0000000082e00000, 0x0000000082f00000|  0%| F|  |TAMS 0x0000000082e00000, 0x0000000082e00000| Untracked 
|  21|0x0000000082f00000, 0x0000000082f00000, 0x0000000083000000|  0%| F|  |TAMS 0x0000000082f00000, 0x0000000082f00000| Untracked 
|  22|0x0000000083000000, 0x0000000083000000, 0x0000000083100000|  0%| F|  |TAMS 0x0000000083000000, 0x0000000083000000| Untracked 
|  23|0x0000000083100000, 0x0000000083100000, 0x0000000083200000|  0%| F|  |TAMS 0x0000000083100000, 0x0000000083100000| Untracked 
|  24|0x0000000083200000, 0x0000000083200000, 0x0000000083300000|  0%| F|  |TAMS 0x0000000083200000, 0x0000000083200000| Untracked 
|  25|0x0000000083300000, 0x0000000083300000, 0x0000000083400000|  0%| F|  |TAMS 0x0000000083300000, 0x0000000083300000| Untracked 
|  26|0x0000000083400000, 0x0000000083400000, 0x0000000083500000|  0%| F|  |TAMS 0x0000000083400000, 0x0000000083400000| Untracked 
|  27|0x0000000083500000, 0x0000000083500000, 0x0000000083600000|  0%| F|  |TAMS 0x0000000083500000, 0x0000000083500000| Untracked 
|  28|0x0000000083600000, 0x0000000083600000, 0x0000000083700000|  0%| F|  |TAMS 0x0000000083600000, 0x0000000083600000| Untracked 
|  29|0x0000000083700000, 0x0000000083700000, 0x0000000083800000|  0%| F|  |TAMS 0x0000000083700000, 0x0000000083700000| Untracked 
|  30|0x0000000083800000, 0x0000000083800000, 0x0000000083900000|  0%| F|  |TAMS 0x0000000083800000, 0x0000000083800000| Untracked 
|  31|0x0000000083900000, 0x0000000083900000, 0x0000000083a00000|  0%| F|  |TAMS 0x0000000083900000, 0x0000000083900000| Untracked 
|  32|0x0000000083a00000, 0x0000000083a00000, 0x0000000083b00000|  0%| F|  |TAMS 0x0000000083a00000, 0x0000000083a00000| Untracked 
|  33|0x0000000083b00000, 0x0000000083b00000, 0x0000000083c00000|  0%| F|  |TAMS 0x0000000083b00000, 0x0000000083b00000| Untracked 
|  34|0x0000000083c00000, 0x0000000083c00000, 0x0000000083d00000|  0%| F|  |TAMS 0x0000000083c00000, 0x0000000083c00000| Untracked 
|  35|0x0000000083d00000, 0x0000000083d00000, 0x0000000083e00000|  0%| F|  |TAMS 0x0000000083d00000, 0x0000000083d00000| Untracked 
|  36|0x0000000083e00000, 0x0000000083e00000, 0x0000000083f00000|  0%| F|  |TAMS 0x0000000083e00000, 0x0000000083e00000| Untracked 
|  37|0x0000000083f00000, 0x0000000083f00000, 0x0000000084000000|  0%| F|  |TAMS 0x0000000083f00000, 0x0000000083f00000| Untracked 
|  38|0x0000000084000000, 0x0000000084000000, 0x0000000084100000|  0%| F|  |TAMS 0x0000000084000000, 0x0000000084000000| Untracked 
|  39|0x0000000084100000, 0x0000000084100000, 0x0000000084200000|  0%| F|  |TAMS 0x0000000084100000, 0x0000000084100000| Untracked 
|  40|0x0000000084200000, 0x0000000084200000, 0x0000000084300000|  0%| F|  |TAMS 0x0000000084200000, 0x0000000084200000| Untracked 
|  41|0x0000000084300000, 0x0000000084300000, 0x0000000084400000|  0%| F|  |TAMS 0x0000000084300000, 0x0000000084300000| Untracked 
|  42|0x0000000084400000, 0x0000000084400000, 0x0000000084500000|  0%| F|  |TAMS 0x0000000084400000, 0x0000000084400000| Untracked 
|  43|0x0000000084500000, 0x0000000084500000, 0x0000000084600000|  0%| F|  |TAMS 0x0000000084500000, 0x0000000084500000| Untracked 
|  44|0x0000000084600000, 0x0000000084600000, 0x0000000084700000|  0%| F|  |TAMS 0x0000000084600000, 0x0000000084600000| Untracked 
|  45|0x0000000084700000, 0x0000000084700000, 0x0000000084800000|  0%| F|  |TAMS 0x0000000084700000, 0x0000000084700000| Untracked 
|  46|0x0000000084800000, 0x0000000084800000, 0x0000000084900000|  0%| F|  |TAMS 0x0000000084800000, 0x0000000084800000| Untracked 
|  47|0x0000000084900000, 0x0000000084900000, 0x0000000084a00000|  0%| F|  |TAMS 0x0000000084900000, 0x0000000084900000| Untracked 
|  48|0x0000000084a00000, 0x0000000084a00000, 0x0000000084b00000|  0%| F|  |TAMS 0x0000000084a00000, 0x0000000084a00000| Untracked 
|  49|0x0000000084b00000, 0x0000000084b00000, 0x0000000084c00000|  0%| F|  |TAMS 0x0000000084b00000, 0x0000000084b00000| Untracked 
|  50|0x0000000084c00000, 0x0000000084c00000, 0x0000000084d00000|  0%| F|  |TAMS 0x0000000084c00000, 0x0000000084c00000| Untracked 
|  51|0x0000000084d00000, 0x0000000084d00000, 0x0000000084e00000|  0%| F|  |TAMS 0x0000000084d00000, 0x0000000084d00000| Untracked 
|  52|0x0000000084e00000, 0x0000000084e00000, 0x0000000084f00000|  0%| F|  |TAMS 0x0000000084e00000, 0x0000000084e00000| Untracked 
|  53|0x0000000084f00000, 0x0000000084f00000, 0x0000000085000000|  0%| F|  |TAMS 0x0000000084f00000, 0x0000000084f00000| Untracked 
|  54|0x0000000085000000, 0x0000000085000000, 0x0000000085100000|  0%| F|  |TAMS 0x0000000085000000, 0x0000000085000000| Untracked 
|  55|0x0000000085100000, 0x0000000085100000, 0x0000000085200000|  0%| F|  |TAMS 0x0000000085100000, 0x0000000085100000| Untracked 
|  56|0x0000000085200000, 0x0000000085200000, 0x0000000085300000|  0%| F|  |TAMS 0x0000000085200000, 0x0000000085200000| Untracked 
|  57|0x0000000085300000, 0x0000000085300000, 0x0000000085400000|  0%| F|  |TAMS 0x0000000085300000, 0x0000000085300000| Untracked 
|  58|0x0000000085400000, 0x0000000085400000, 0x0000000085500000|  0%| F|  |TAMS 0x0000000085400000, 0x0000000085400000| Untracked 
|  59|0x0000000085500000, 0x0000000085500000, 0x0000000085600000|  0%| F|  |TAMS 0x0000000085500000, 0x0000000085500000| Untracked 
|  60|0x0000000085600000, 0x0000000085600000, 0x0000000085700000|  0%| F|  |TAMS 0x0000000085600000, 0x0000000085600000| Untracked 
|  61|0x0000000085700000, 0x0000000085700000, 0x0000000085800000|  0%| F|  |TAMS 0x0000000085700000, 0x0000000085700000| Untracked 
|  62|0x0000000085800000, 0x0000000085800000, 0x0000000085900000|  0%| F|  |TAMS 0x0000000085800000, 0x0000000085800000| Untracked 
|  63|0x0000000085900000, 0x0000000085900000, 0x0000000085a00000|  0%| F|  |TAMS 0x0000000085900000, 0x0000000085900000| Untracked 
|  64|0x0000000085a00000, 0x0000000085a00000, 0x0000000085b00000|  0%| F|  |TAMS 0x0000000085a00000, 0x0000000085a00000| Untracked 
|  65|0x0000000085b00000, 0x0000000085b00000, 0x0000000085c00000|  0%| F|  |TAMS 0x0000000085b00000, 0x0000000085b00000| Untracked 
|  66|0x0000000085c00000, 0x0000000085c00000, 0x0000000085d00000|  0%| F|  |TAMS 0x0000000085c00000, 0x0000000085c00000| Untracked 
|  67|0x0000000085d00000, 0x0000000085d00000, 0x0000000085e00000|  0%| F|  |TAMS 0x0000000085d00000, 0x0000000085d00000| Untracked 
|  68|0x0000000085e00000, 0x0000000085e00000, 0x0000000085f00000|  0%| F|  |TAMS 0x0000000085e00000, 0x0000000085e00000| Untracked 
|  69|0x0000000085f00000, 0x0000000085f00000, 0x0000000086000000|  0%| F|  |TAMS 0x0000000085f00000, 0x0000000085f00000| Untracked 
|  70|0x0000000086000000, 0x0000000086000000, 0x0000000086100000|  0%| F|  |TAMS 0x0000000086000000, 0x0000000086000000| Untracked 
|  71|0x0000000086100000, 0x0000000086100000, 0x0000000086200000|  0%| F|  |TAMS 0x0000000086100000, 0x0000000086100000| Untracked 
|  72|0x0000000086200000, 0x0000000086200000, 0x0000000086300000|  0%| F|  |TAMS 0x0000000086200000, 0x0000000086200000| Untracked 
|  73|0x0000000086300000, 0x0000000086300000, 0x0000000086400000|  0%| F|  |TAMS 0x0000000086300000, 0x0000000086300000| Untracked 
|  74|0x0000000086400000, 0x0000000086400000, 0x0000000086500000|  0%| F|  |TAMS 0x0000000086400000, 0x0000000086400000| Untracked 
|  75|0x0000000086500000, 0x0000000086500000, 0x0000000086600000|  0%| F|  |TAMS 0x0000000086500000, 0x0000000086500000| Untracked 
|  76|0x0000000086600000, 0x0000000086600000, 0x0000000086700000|  0%| F|  |TAMS 0x0000000086600000, 0x0000000086600000| Untracked 
|  77|0x0000000086700000, 0x0000000086700000, 0x0000000086800000|  0%| F|  |TAMS 0x0000000086700000, 0x0000000086700000| Untracked 
|  78|0x0000000086800000, 0x0000000086800000, 0x0000000086900000|  0%| F|  |TAMS 0x0000000086800000, 0x0000000086800000| Untracked 
|  79|0x0000000086900000, 0x0000000086900000, 0x0000000086a00000|  0%| F|  |TAMS 0x0000000086900000, 0x0000000086900000| Untracked 
|  80|0x0000000086a00000, 0x0000000086a00000, 0x0000000086b00000|  0%| F|  |TAMS 0x0000000086a00000, 0x0000000086a00000| Untracked 
|  81|0x0000000086b00000, 0x0000000086b00000, 0x0000000086c00000|  0%| F|  |TAMS 0x0000000086b00000, 0x0000000086b00000| Untracked 
|  82|0x0000000086c00000, 0x0000000086c00000, 0x0000000086d00000|  0%| F|  |TAMS 0x0000000086c00000, 0x0000000086c00000| Untracked 
|  83|0x0000000086d00000, 0x0000000086d00000, 0x0000000086e00000|  0%| F|  |TAMS 0x0000000086d00000, 0x0000000086d00000| Untracked 
|  84|0x0000000086e00000, 0x0000000086e00000, 0x0000000086f00000|  0%| F|  |TAMS 0x0000000086e00000, 0x0000000086e00000| Untracked 
|  85|0x0000000086f00000, 0x0000000086f00000, 0x0000000087000000|  0%| F|  |TAMS 0x0000000086f00000, 0x0000000086f00000| Untracked 
|  86|0x0000000087000000, 0x0000000087000000, 0x0000000087100000|  0%| F|  |TAMS 0x0000000087000000, 0x0000000087000000| Untracked 
|  87|0x0000000087100000, 0x0000000087100000, 0x0000000087200000|  0%| F|  |TAMS 0x0000000087100000, 0x0000000087100000| Untracked 
|  88|0x0000000087200000, 0x0000000087200000, 0x0000000087300000|  0%| F|  |TAMS 0x0000000087200000, 0x0000000087200000| Untracked 
|  89|0x0000000087300000, 0x0000000087300000, 0x0000000087400000|  0%| F|  |TAMS 0x0000000087300000, 0x0000000087300000| Untracked 
|  90|0x0000000087400000, 0x0000000087400000, 0x0000000087500000|  0%| F|  |TAMS 0x0000000087400000, 0x0000000087400000| Untracked 
|  91|0x0000000087500000, 0x0000000087500000, 0x0000000087600000|  0%| F|  |TAMS 0x0000000087500000, 0x0000000087500000| Untracked 
|  92|0x0000000087600000, 0x0000000087600000, 0x0000000087700000|  0%| F|  |TAMS 0x0000000087600000, 0x0000000087600000| Untracked 
|  93|0x0000000087700000, 0x0000000087700000, 0x0000000087800000|  0%| F|  |TAMS 0x0000000087700000, 0x0000000087700000| Untracked 
|  94|0x0000000087800000, 0x0000000087800000, 0x0000000087900000|  0%| F|  |TAMS 0x0000000087800000, 0x0000000087800000| Untracked 
|  95|0x0000000087900000, 0x0000000087900000, 0x0000000087a00000|  0%| F|  |TAMS 0x0000000087900000, 0x0000000087900000| Untracked 
|  96|0x0000000087a00000, 0x0000000087a00000, 0x0000000087b00000|  0%| F|  |TAMS 0x0000000087a00000, 0x0000000087a00000| Untracked 
|  97|0x0000000087b00000, 0x0000000087b00000, 0x0000000087c00000|  0%| F|  |TAMS 0x0000000087b00000, 0x0000000087b00000| Untracked 
|  98|0x0000000087c00000, 0x0000000087c00000, 0x0000000087d00000|  0%| F|  |TAMS 0x0000000087c00000, 0x0000000087c00000| Untracked 
|  99|0x0000000087d00000, 0x0000000087d00000, 0x0000000087e00000|  0%| F|  |TAMS 0x0000000087d00000, 0x0000000087d00000| Untracked 
| 100|0x0000000087e00000, 0x0000000087e00000, 0x0000000087f00000|  0%| F|  |TAMS 0x0000000087e00000, 0x0000000087e00000| Untracked 
| 101|0x0000000087f00000, 0x0000000087f00000, 0x0000000088000000|  0%| F|  |TAMS 0x0000000087f00000, 0x0000000087f00000| Untracked 
| 102|0x0000000088000000, 0x0000000088000000, 0x0000000088100000|  0%| F|  |TAMS 0x0000000088000000, 0x0000000088000000| Untracked 
| 103|0x0000000088100000, 0x0000000088100000, 0x0000000088200000|  0%| F|  |TAMS 0x0000000088100000, 0x0000000088100000| Untracked 
| 104|0x0000000088200000, 0x0000000088200000, 0x0000000088300000|  0%| F|  |TAMS 0x0000000088200000, 0x0000000088200000| Untracked 
| 105|0x0000000088300000, 0x0000000088300000, 0x0000000088400000|  0%| F|  |TAMS 0x0000000088300000, 0x0000000088300000| Untracked 
| 106|0x0000000088400000, 0x0000000088400000, 0x0000000088500000|  0%| F|  |TAMS 0x0000000088400000, 0x0000000088400000| Untracked 
| 107|0x0000000088500000, 0x0000000088500000, 0x0000000088600000|  0%| F|  |TAMS 0x0000000088500000, 0x0000000088500000| Untracked 
| 108|0x0000000088600000, 0x0000000088600000, 0x0000000088700000|  0%| F|  |TAMS 0x0000000088600000, 0x0000000088600000| Untracked 
| 109|0x0000000088700000, 0x0000000088700000, 0x0000000088800000|  0%| F|  |TAMS 0x0000000088700000, 0x0000000088700000| Untracked 
| 110|0x0000000088800000, 0x0000000088800000, 0x0000000088900000|  0%| F|  |TAMS 0x0000000088800000, 0x0000000088800000| Untracked 
| 111|0x0000000088900000, 0x0000000088900000, 0x0000000088a00000|  0%| F|  |TAMS 0x0000000088900000, 0x0000000088900000| Untracked 
| 112|0x0000000088a00000, 0x0000000088a00000, 0x0000000088b00000|  0%| F|  |TAMS 0x0000000088a00000, 0x0000000088a00000| Untracked 
| 113|0x0000000088b00000, 0x0000000088b00000, 0x0000000088c00000|  0%| F|  |TAMS 0x0000000088b00000, 0x0000000088b00000| Untracked 
| 114|0x0000000088c00000, 0x0000000088c00000, 0x0000000088d00000|  0%| F|  |TAMS 0x0000000088c00000, 0x0000000088c00000| Untracked 
| 115|0x0000000088d00000, 0x0000000088d00000, 0x0000000088e00000|  0%| F|  |TAMS 0x0000000088d00000, 0x0000000088d00000| Untracked 
| 116|0x0000000088e00000, 0x0000000088e00000, 0x0000000088f00000|  0%| F|  |TAMS 0x0000000088e00000, 0x0000000088e00000| Untracked 
| 117|0x0000000088f00000, 0x0000000088f00000, 0x0000000089000000|  0%| F|  |TAMS 0x0000000088f00000, 0x0000000088f00000| Untracked 
| 118|0x0000000089000000, 0x0000000089000000, 0x0000000089100000|  0%| F|  |TAMS 0x0000000089000000, 0x0000000089000000| Untracked 
| 119|0x0000000089100000, 0x0000000089100000, 0x0000000089200000|  0%| F|  |TAMS 0x0000000089100000, 0x0000000089100000| Untracked 
| 120|0x0000000089200000, 0x0000000089200000, 0x0000000089300000|  0%| F|  |TAMS 0x0000000089200000, 0x0000000089200000| Untracked 
| 121|0x0000000089300000, 0x0000000089300000, 0x0000000089400000|  0%| F|  |TAMS 0x0000000089300000, 0x0000000089300000| Untracked 
| 122|0x0000000089400000, 0x0000000089400000, 0x0000000089500000|  0%| F|  |TAMS 0x0000000089400000, 0x0000000089400000| Untracked 
| 123|0x0000000089500000, 0x0000000089500000, 0x0000000089600000|  0%| F|  |TAMS 0x0000000089500000, 0x0000000089500000| Untracked 
| 124|0x0000000089600000, 0x0000000089600000, 0x0000000089700000|  0%| F|  |TAMS 0x0000000089600000, 0x0000000089600000| Untracked 
| 125|0x0000000089700000, 0x0000000089700000, 0x0000000089800000|  0%| F|  |TAMS 0x0000000089700000, 0x0000000089700000| Untracked 
| 126|0x0000000089800000, 0x0000000089874de0, 0x0000000089900000| 45%| E|  |TAMS 0x0000000089800000, 0x0000000089800000| Complete 
| 127|0x0000000089900000, 0x0000000089a00000, 0x0000000089a00000|100%| E|CS|TAMS 0x0000000089900000, 0x0000000089900000| Complete 

Card table byte_map: [0x000002701b1f0000,0x000002701b5f0000] _byte_map_base: 0x000002701ade3000

Marking Bits (Prev, Next): (CMBitMap*) 0x00000270089773c0, (CMBitMap*) 0x0000027008977400
 Prev Bits: [0x000002701b9f0000, 0x000002701d988000)
 Next Bits: [0x000002701d990000, 0x000002701f928000)

Polling page: 0x0000027006810000

Metaspace:

Usage:
  Non-class:      4.57 MB used.
      Class:    432.33 KB used.
       Both:      4.99 MB used.

Virtual space:
  Non-class space:        8.00 MB reserved,       4.62 MB ( 58%) committed,  1 nodes.
      Class space:        1.00 GB reserved,     512.00 KB ( <1%) committed,  1 nodes.
             Both:        1.01 GB reserved,       5.12 MB ( <1%) committed. 

Chunk freelists:
   Non-Class:  2.99 MB
       Class:  3.55 MB
        Both:  6.54 MB

MaxMetaspaceSize: unlimited
CompressedClassSpaceSize: 1.00 GB
Initial GC threshold: 21.00 MB
Current GC threshold: 21.00 MB
CDS: off
MetaspaceReclaimPolicy: balanced
 - commit_granule_bytes: 65536.
 - commit_granule_words: 8192.
 - virtual_space_node_default_size: 1048576.
 - enlarge_chunks_in_place: 1.
 - new_chunks_are_fully_committed: 0.
 - uncommit_free_chunks: 1.
 - use_allocation_guard: 0.
 - handle_deallocations: 1.


Internal statistics:

num_allocs_failed_limit: 0.
num_arena_births: 4.
num_arena_deaths: 0.
num_vsnodes_births: 2.
num_vsnodes_deaths: 0.
num_space_committed: 82.
num_space_uncommitted: 0.
num_chunks_returned_to_freelist: 0.
num_chunks_taken_from_freelist: 11.
num_chunk_merges: 0.
num_chunk_splits: 4.
num_chunks_enlarged: 1.
num_purges: 0.
num_inconsistent_stats: 0.

CodeHeap 'non-profiled nmethods': size=120000Kb used=24Kb max_used=24Kb free=119975Kb
 bounds [0x00000270138c0000, 0x0000027013b30000, 0x000002701adf0000]
CodeHeap 'profiled nmethods': size=120000Kb used=225Kb max_used=225Kb free=119774Kb
 bounds [0x000002700bdf0000, 0x000002700c060000, 0x0000027013320000]
CodeHeap 'non-nmethods': size=5760Kb used=1063Kb max_used=1066Kb free=4696Kb
 bounds [0x0000027013320000, 0x0000027013590000, 0x00000270138c0000]
 total_blobs=450 nmethods=123 adapters=240
 compilation: enabled
              stopped_count=0, restarted_count=0
 full_count=0

Compilation events (20 events):
Event: 0.602 Thread 0x000002702283ecb0  107       3       java.util.zip.ZipFile$Source::initCEN (591 bytes)
Event: 0.605 Thread 0x000002702283ecb0 nmethod 107 0x000002700be18390 code [0x000002700be188c0, 0x000002700be1b8b8]
Event: 0.606 Thread 0x0000027022836200  109       4       java.util.zip.ZipUtils::CENFLG (9 bytes)
Event: 0.606 Thread 0x000002702283ecb0  108   !   3       java.util.zip.ZipFile$Source::checkAndAddEntry (209 bytes)
Event: 0.607 Thread 0x0000027022836200 nmethod 109 0x00000270138c5d90 code [0x00000270138c5f00, 0x00000270138c5fb8]
Event: 0.607 Thread 0x0000027022836200  112 %     4       java.util.zip.ZipFile$Source::initCEN @ 240 (591 bytes)
Event: 0.608 Thread 0x000002702283ecb0 nmethod 108 0x000002700be1cc10 code [0x000002700be1cf80, 0x000002700be1e328]
Event: 0.608 Thread 0x000002702283ecb0  110       3       java.util.zip.ZipCoder$UTF8ZipCoder::checkedHash (91 bytes)
Event: 0.609 Thread 0x000002702283ecb0 nmethod 110 0x000002700be1ee90 code [0x000002700be1f080, 0x000002700be1f498]
Event: 0.609 Thread 0x000002702283ecb0  111       3       java.util.zip.ZipFile$Source::isMetaName (141 bytes)
Event: 0.609 Thread 0x000002702283ecb0 nmethod 111 0x000002700be1f690 code [0x000002700be1f840, 0x000002700be1fd58]
Event: 0.661 Thread 0x000002702283ecb0  114       3       java.lang.String::<init> (15 bytes)
Event: 0.662 Thread 0x000002702283ecb0 nmethod 114 0x000002700be1ff10 code [0x000002700be200a0, 0x000002700be20258]
Event: 0.664 Thread 0x000002702283ecb0  115       3       java.util.HashMap::put (13 bytes)
Event: 0.664 Thread 0x000002702283ecb0 nmethod 115 0x000002700be20310 code [0x000002700be204c0, 0x000002700be207b8]
Event: 0.664 Thread 0x000002702283ecb0  119       3       java.util.HashMap::putVal (300 bytes)
Event: 0.667 Thread 0x000002702283ecb0 nmethod 119 0x000002700be20910 code [0x000002700be20ba0, 0x000002700be21d78]
Event: 0.667 Thread 0x000002702283ecb0  116       3       java.util.HashMap::resize (356 bytes)
Event: 0.670 Thread 0x000002702283ecb0 nmethod 116 0x000002700be22290 code [0x000002700be22540, 0x000002700be23988]
Event: 0.670 Thread 0x000002702283ecb0  125       3       java.util.TreeMap::put (221 bytes)

GC Heap History (0 events):
No events

Dll operation events (1 events):
Event: 0.027 Loaded shared library C:\Program Files\Android\Android Studio\jbr\bin\java.dll

Deoptimization events (20 events):
Event: 0.576 Thread 0x000002700891a3b0 DEOPT PACKING pc=0x000002700be08c0c sp=0x0000007eaf7fa580
Event: 0.576 Thread 0x000002700891a3b0 DEOPT UNPACKING pc=0x0000027013377143 sp=0x0000007eaf7f9a10 mode 0
Event: 0.577 Thread 0x000002700891a3b0 DEOPT PACKING pc=0x000002700be08c0c sp=0x0000007eaf7fa580
Event: 0.577 Thread 0x000002700891a3b0 DEOPT UNPACKING pc=0x0000027013377143 sp=0x0000007eaf7f9a10 mode 0
Event: 0.606 Thread 0x000002700891a3b0 Uncommon trap: trap_request=0xffffff45 fr.pc=0x00000270138c4ce8 relative=0x0000000000000628
Event: 0.606 Thread 0x000002700891a3b0 Uncommon trap: reason=unstable_if action=reinterpret pc=0x00000270138c4ce8 method=java.util.zip.ZipCoder$UTF8ZipCoder.checkedHash([BII)I @ 75 c2
Event: 0.606 Thread 0x000002700891a3b0 DEOPT PACKING pc=0x00000270138c4ce8 sp=0x0000007eaf7fa5b0
Event: 0.606 Thread 0x000002700891a3b0 DEOPT UNPACKING pc=0x00000270133769a3 sp=0x0000007eaf7fa478 mode 2
Event: 0.606 Thread 0x000002700891a3b0 Uncommon trap: trap_request=0xffffff45 fr.pc=0x00000270138c42fc relative=0x000000000000025c
Event: 0.606 Thread 0x000002700891a3b0 Uncommon trap: reason=unstable_if action=reinterpret pc=0x00000270138c42fc method=java.util.zip.ZipCoder$UTF8ZipCoder.checkedHash([BII)I @ 75 c2
Event: 0.606 Thread 0x000002700891a3b0 DEOPT PACKING pc=0x00000270138c42fc sp=0x0000007eaf7fa4e0
Event: 0.606 Thread 0x000002700891a3b0 DEOPT UNPACKING pc=0x00000270133769a3 sp=0x0000007eaf7fa470 mode 2
Event: 0.606 Thread 0x000002700891a3b0 Uncommon trap: trap_request=0xffffff45 fr.pc=0x00000270138c5678 relative=0x0000000000000158
Event: 0.606 Thread 0x000002700891a3b0 Uncommon trap: reason=unstable_if action=reinterpret pc=0x00000270138c5678 method=java.util.zip.ZipFile$Source.isMetaName([BII)Z @ 15 c2
Event: 0.606 Thread 0x000002700891a3b0 DEOPT PACKING pc=0x00000270138c5678 sp=0x0000007eaf7fa5c0
Event: 0.606 Thread 0x000002700891a3b0 DEOPT UNPACKING pc=0x00000270133769a3 sp=0x0000007eaf7fa550 mode 2
Event: 0.606 Thread 0x000002700891a3b0 Uncommon trap: trap_request=0xffffff45 fr.pc=0x00000270138c39c0 relative=0x00000000000002a0
Event: 0.606 Thread 0x000002700891a3b0 Uncommon trap: reason=unstable_if action=reinterpret pc=0x00000270138c39c0 method=java.util.zip.ZipCoder$UTF8ZipCoder.checkedHash([BII)I @ 75 c2
Event: 0.606 Thread 0x000002700891a3b0 DEOPT PACKING pc=0x00000270138c39c0 sp=0x0000007eaf7fa4c0
Event: 0.606 Thread 0x000002700891a3b0 DEOPT UNPACKING pc=0x00000270133769a3 sp=0x0000007eaf7fa470 mode 2

Classes unloaded (0 events):
No events

Classes redefined (0 events):
No events

Internal exceptions (0 events):
No events

VM Operations (4 events):
Event: 0.663 Executing VM operation: HandshakeAllThreads
Event: 0.663 Executing VM operation: HandshakeAllThreads done
Event: 0.663 Executing VM operation: HandshakeAllThreads
Event: 0.663 Executing VM operation: HandshakeAllThreads done

Events (20 events):
Event: 0.662 loading class java/lang/IllegalStateException done
Event: 0.662 loading class java/lang/ProcessEnvironment
Event: 0.663 loading class java/lang/ProcessEnvironment done
Event: 0.663 loading class java/lang/ProcessEnvironment$NameComparator
Event: 0.663 loading class java/lang/ProcessEnvironment$NameComparator done
Event: 0.663 loading class java/lang/ProcessEnvironment$EntryComparator
Event: 0.663 loading class java/lang/ProcessEnvironment$EntryComparator done
Event: 0.664 loading class java/lang/ProcessEnvironment$CheckedEntrySet
Event: 0.665 loading class java/lang/ProcessEnvironment$CheckedEntrySet done
Event: 0.665 loading class java/lang/ProcessEnvironment$CheckedEntrySet$1
Event: 0.665 loading class java/lang/ProcessEnvironment$CheckedEntrySet$1 done
Event: 0.665 loading class java/lang/ProcessEnvironment$CheckedEntry
Event: 0.665 loading class java/lang/ProcessEnvironment$CheckedEntry done
Event: 0.669 loading class java/lang/invoke/MethodType$ConcurrentWeakInternSet
Event: 0.669 loading class java/lang/invoke/MethodType$ConcurrentWeakInternSet done
Event: 0.670 loading class java/lang/invoke/MethodTypeForm
Event: 0.670 loading class java/lang/invoke/MethodTypeForm done
Event: 0.670 loading class java/lang/invoke/MethodType$ConcurrentWeakInternSet$WeakEntry
Event: 0.670 loading class java/lang/invoke/MethodType$ConcurrentWeakInternSet$WeakEntry done
Event: 0.672 loading class sun/invoke/util/Wrapper


Dynamic libraries:
0x00007ff7dd850000 - 0x00007ff7dd85a000 	C:\Program Files\Android\Android Studio\jbr\bin\java.exe
0x00007ff857470000 - 0x00007ff857667000 	C:\Windows\SYSTEM32\ntdll.dll
0x00007ff8569f0000 - 0x00007ff856aad000 	C:\Windows\System32\KERNEL32.DLL
0x00007ff855080000 - 0x00007ff855376000 	C:\Windows\System32\KERNELBASE.dll
0x00007ff854b80000 - 0x00007ff854c80000 	C:\Windows\System32\ucrtbase.dll
0x00007ff831430000 - 0x00007ff83144b000 	C:\Program Files\Android\Android Studio\jbr\bin\VCRUNTIME140.dll
0x00007ff843930000 - 0x00007ff843947000 	C:\Program Files\Android\Android Studio\jbr\bin\jli.dll
0x00007ff856d70000 - 0x00007ff856f0e000 	C:\Windows\System32\USER32.dll
0x00007ff855380000 - 0x00007ff8553a2000 	C:\Windows\System32\win32u.dll
0x00007ff847050000 - 0x00007ff8472ea000 	C:\Windows\WinSxS\amd64_microsoft.windows.common-controls_6595b64144ccf1df_6.0.19041.3570_none_60bb2a3971f3e41a\COMCTL32.dll
0x00007ff8554d0000 - 0x00007ff8554fc000 	C:\Windows\System32\GDI32.dll
0x00007ff855810000 - 0x00007ff8558ae000 	C:\Windows\System32\msvcrt.dll
0x00007ff8553b0000 - 0x00007ff8554ca000 	C:\Windows\System32\gdi32full.dll
0x00007ff854f30000 - 0x00007ff854fcd000 	C:\Windows\System32\msvcp_win.dll
0x00007ff857040000 - 0x00007ff857070000 	C:\Windows\System32\IMM32.DLL
0x00007ff839330000 - 0x00007ff83933c000 	C:\Program Files\Android\Android Studio\jbr\bin\vcruntime140_1.dll
0x00007ff80e520000 - 0x00007ff80e5ad000 	C:\Program Files\Android\Android Studio\jbr\bin\msvcp140.dll
0x00007ff808c10000 - 0x00007ff80987e000 	C:\Program Files\Android\Android Studio\jbr\bin\server\jvm.dll
0x00007ff856200000 - 0x00007ff8562ae000 	C:\Windows\System32\ADVAPI32.dll
0x00007ff8558b0000 - 0x00007ff85594c000 	C:\Windows\System32\sechost.dll
0x00007ff856440000 - 0x00007ff856566000 	C:\Windows\System32\RPCRT4.dll
0x00007ff851bb0000 - 0x00007ff851bb9000 	C:\Windows\SYSTEM32\WSOCK32.dll
0x00007ff856b20000 - 0x00007ff856b8b000 	C:\Windows\System32\WS2_32.dll
0x00007ff847480000 - 0x00007ff84748a000 	C:\Windows\SYSTEM32\VERSION.dll
0x00007ff846b90000 - 0x00007ff846bb7000 	C:\Windows\SYSTEM32\WINMM.dll
0x00007ff853380000 - 0x00007ff853392000 	C:\Windows\SYSTEM32\kernel.appcore.dll
0x00007ff840730000 - 0x00007ff84073a000 	C:\Program Files\Android\Android Studio\jbr\bin\jimage.dll
0x00007ff83ffd0000 - 0x00007ff8401b4000 	C:\Windows\SYSTEM32\DBGHELP.DLL
0x00007ff83ff90000 - 0x00007ff83ffc4000 	C:\Windows\SYSTEM32\dbgcore.DLL
0x00007ff854ea0000 - 0x00007ff854f22000 	C:\Windows\System32\bcryptPrimitives.dll
0x00007ff843e80000 - 0x00007ff843ea5000 	C:\Program Files\Android\Android Studio\jbr\bin\java.dll
0x00007ff843e60000 - 0x00007ff843e78000 	C:\Program Files\Android\Android Studio\jbr\bin\zip.dll
0x00007ff855950000 - 0x00007ff856094000 	C:\Windows\System32\SHELL32.dll
0x00007ff8525a0000 - 0x00007ff852d3b000 	C:\Windows\SYSTEM32\windows.storage.dll
0x00007ff8570d0000 - 0x00007ff857424000 	C:\Windows\System32\combase.dll
0x00007ff8544c0000 - 0x00007ff8544ed000 	C:\Windows\SYSTEM32\Wldp.dll
0x00007ff856ba0000 - 0x00007ff856c4d000 	C:\Windows\System32\SHCORE.dll
0x00007ff8563e0000 - 0x00007ff856435000 	C:\Windows\System32\shlwapi.dll
0x00007ff854a80000 - 0x00007ff854aa5000 	C:\Windows\SYSTEM32\profapi.dll
0x00007ff843e40000 - 0x00007ff843e59000 	C:\Program Files\Android\Android Studio\jbr\bin\net.dll
0x00007ff848bd0000 - 0x00007ff848cda000 	C:\Windows\SYSTEM32\WINHTTP.dll
0x00007ff854220000 - 0x00007ff85428a000 	C:\Windows\system32\mswsock.dll
0x00007ff843e20000 - 0x00007ff843e36000 	C:\Program Files\Android\Android Studio\jbr\bin\nio.dll

dbghelp: loaded successfully - version: 4.0.5 - missing functions: none
symbol engine: initialized successfully - sym options: 0x614 - pdb path: .;C:\Program Files\Android\Android Studio\jbr\bin;C:\Windows\SYSTEM32;C:\Windows\WinSxS\amd64_microsoft.windows.common-controls_6595b64144ccf1df_6.0.19041.3570_none_60bb2a3971f3e41a;C:\Program Files\Android\Android Studio\jbr\bin\server

VM Arguments:
java_command: git4idea.http.GitAskPassApp Username for 'https://github.com': 
java_class_path (initial): C:/Program Files/Android/Android Studio/plugins/vcs-git/lib/git4idea-rt.jar;C:/Program Files/Android/Android Studio/lib/externalProcess-rt.jar;C:/Program Files/Android/Android Studio/lib/app.jar;C:/Program Files/Android/Android Studio/lib/3rd-party-rt.jar
Launcher Type: SUN_STANDARD

[Global flags]
     intx CICompilerCount                          = 3                                         {product} {ergonomic}
     uint ConcGCThreads                            = 1                                         {product} {ergonomic}
     uint G1ConcRefinementThreads                  = 4                                         {product} {ergonomic}
   size_t G1HeapRegionSize                         = 1048576                                   {product} {ergonomic}
    uintx GCDrainStackTargetSize                   = 64                                        {product} {ergonomic}
   size_t InitialHeapSize                          = 134217728                                 {product} {ergonomic}
   size_t MarkStackSize                            = 4194304                                   {product} {ergonomic}
   size_t MaxHeapSize                              = 2120220672                                {product} {ergonomic}
   size_t MaxNewSize                               = 1271922688                                {product} {ergonomic}
   size_t MinHeapDeltaBytes                        = 1048576                                   {product} {ergonomic}
   size_t MinHeapSize                              = 8388608                                   {product} {ergonomic}
    uintx NonNMethodCodeHeapSize                   = 5832780                                {pd product} {ergonomic}
    uintx NonProfiledCodeHeapSize                  = 122912730                              {pd product} {ergonomic}
    uintx ProfiledCodeHeapSize                     = 122912730                              {pd product} {ergonomic}
    uintx ReservedCodeCacheSize                    = 251658240                              {pd product} {ergonomic}
     bool SegmentedCodeCache                       = true                                      {product} {ergonomic}
   size_t SoftMaxHeapSize                          = 2120220672                             {manageable} {ergonomic}
     bool UseCompressedClassPointers               = true                           {product lp64_product} {ergonomic}
     bool UseCompressedOops                        = true                           {product lp64_product} {ergonomic}
     bool UseG1GC                                  = true                                      {product} {ergonomic}
     bool UseLargePagesIndividualAllocation        = false                                  {pd product} {ergonomic}

Logging:
Log output configuration:
 #0: stdout all=warning uptime,level,tags
 #1: stderr all=off uptime,level,tags

Environment Variables:
JAVA_HOME=C:\Users\refrizar.dwiardito\.jdks\openjdk-21
PATH=C:\Program Files\Git\mingw64\libexec\git-core;C:\Program Files\Git\mingw64\libexec\git-core;C:\Program Files\Git\mingw64\bin;C:\Program Files\Git\usr\bin;C:\Users\refrizar.dwiardito\bin;C:\Program Files\Common Files\Oracle\Java\javapath;C:\Windows\system32;C:\Windows;C:\Windows\System32\Wbem;C:\Windows\System32\WindowsPowerShell\v1.0;C:\Windows\System32\OpenSSH;C:\Program Files\mingw-w64\x86_64-8.1.0-posix-seh-rt_v6-rev0\mingw64\bin;C:\Users\refrizar.dwiardito\AppData\Local\Programs\Python\Python310\Scripts;C:\Users\refrizar.dwiardito\.jdks\openjdk-21\bin;C:\Program Files\PuTTY;C:\Program Files\gradle-8.3\bin;C:\Program Files\Git\cmd;C:\Users\refrizar.dwiardito\AppData\Local\Programs\Python\Python310\Scripts;C:\Users\refrizar.dwiardito\AppData\Local\Programs\Python\Python310;C:\Users\refrizar.dwiardito\AppData\Local\Microsoft\WindowsApps;C:\Users\refrizar.dwiardito\AppData\Local\Programs\Microsoft VS Code\bin
USERNAME=refrizar.dwiardito
DISPLAY=:0.0
LC_ALL=en_US.UTF-8
TERM=xterm-256color
TMPDIR=C:\Users\REFRIZ~1.DWI\AppData\Local\Temp
OS=Windows_NT
PROCESSOR_IDENTIFIER=Intel64 Family 6 Model 61 Stepping 4, GenuineIntel
TMP=C:\Users\REFRIZ~1.DWI\AppData\Local\Temp
TEMP=C:\Users\REFRIZ~1.DWI\AppData\Local\Temp


JNI global refs:
JNI global refs: 7, weak refs: 0

JNI global refs memory usage: 843, weak refs: 209


---------------  S Y S T E M  ---------------

OS:
 Windows 10 , 64 bit Build 19041 (10.0.19041.3570)
OS uptime: 0 days 1:11 hours

CPU: total 4 (initial active 4) (2 cores per cpu, 2 threads per core) family 6 model 61 stepping 4 microcode 0x2f, cx8, cmov, fxsr, ht, mmx, 3dnowpref, sse, sse2, sse3, ssse3, sse4.1, sse4.2, popcnt, lzcnt, tsc, tscinvbit, avx, avx2, aes, erms, clmul, bmi1, bmi2, adx, fma, vzeroupper, clflush

Memory: 4k page, system-wide physical 8083M (613M free)
TotalPageFile size 8083M (AvailPageFile size 4M)
current process WorkingSet (physical memory assigned to process): 44M, peak: 44M
current process commit charge ("private bytes"): 196M, peak: 196M

vm_info: OpenJDK 64-Bit Server VM (17.0.6+0-b2043.56-10027231) for windows-amd64 JRE (17.0.6+0-b2043.56-10027231), built on Apr 28 2023 00:43:19 by "androidbuild" with MS VC++ 16.10 / 16.11 (VS2019)

END.
