#
# There is insufficient memory for the Java Runtime Environment to continue.
# Native memory allocation (mmap) failed to map 111149056 bytes for G1 virtual space
# Possible reasons:
#   The system is out of physical RAM or swap space
#   The process is running with CompressedOops enabled, and the Java Heap may be blocking the growth of the native heap
# Possible solutions:
#   Reduce memory load on the system
#   Increase physical memory or swap space
#   Check if swap backing store is full
#   Decrease Java heap size (-Xmx/-Xms)
#   Decrease number of Java threads
#   Decrease Java thread stack sizes (-Xss)
#   Set larger code cache with -XX:ReservedCodeCacheSize=
#   JVM is running with Unscaled Compressed Oops mode in which the Java heap is
#     placed in the first 4GB address space. The Java Heap base address is the
#     maximum limit for the native heap growth. Please use -XX:HeapBaseMinAddress
#     to set the Java Heap base and to place the Java Heap above 4GB virtual address.
# This output file may be truncated or incomplete.
#
#  Out of Memory Error (os_windows.cpp:3769), pid=1400, tid=7476
#
# JRE version: OpenJDK Runtime Environment (17.0.6) (build 17.0.6+0-b2043.56-10027231)
# Java VM: OpenJDK 64-Bit Server VM (17.0.6+0-b2043.56-10027231, mixed mode, tiered, compressed oops, compressed class ptrs, g1 gc, windows-amd64)
# No core dump will be written. Minidumps are not enabled by default on client versions of Windows
#

---------------  S U M M A R Y ------------

Command Line: --add-opens=java.base/java.util=ALL-UNNAMED --add-opens=java.base/java.lang=ALL-UNNAMED --add-opens=java.base/java.lang.invoke=ALL-UNNAMED --add-opens=java.prefs/java.util.prefs=ALL-UNNAMED --add-opens=java.base/java.nio.charset=ALL-UNNAMED --add-opens=java.base/java.net=ALL-UNNAMED --add-opens=java.base/java.util.concurrent.atomic=ALL-UNNAMED -Xmx2048m -Dfile.encoding=UTF-8 -Duser.country=US -Duser.language=en -Duser.variant org.gradle.launcher.daemon.bootstrap.GradleDaemon 8.0

Host: Intel(R) Core(TM) i5-5200U CPU @ 2.20GHz, 4 cores, 7G,  Windows 10 , 64 bit Build 19041 (10.0.19041.3570)
Time: Sun Oct 15 09:07:57 2023 SE Asia Standard Time elapsed time: 42.759923 seconds (0d 0h 0m 42s)

---------------  T H R E A D  ---------------

Current thread (0x000001c1a8f2a8f0):  VMThread "VM Thread" [stack: 0x000000585a300000,0x000000585a400000] [id=7476]

Stack: [0x000000585a300000,0x000000585a400000]
Native frames: (J=compiled Java code, j=interpreted, Vv=VM code, C=native code)
V  [jvm.dll+0x683c9a]
V  [jvm.dll+0x8427a4]
V  [jvm.dll+0x843f9e]
V  [jvm.dll+0x844603]
V  [jvm.dll+0x249b75]
V  [jvm.dll+0x680b69]
V  [jvm.dll+0x67505a]
V  [jvm.dll+0x309acb]
V  [jvm.dll+0x310f86]
V  [jvm.dll+0x3608ee]
V  [jvm.dll+0x360b1f]
V  [jvm.dll+0x2dfbf8]
V  [jvm.dll+0x2ddec4]
V  [jvm.dll+0x2dd4cc]
V  [jvm.dll+0x321f3b]
V  [jvm.dll+0x848ccb]
V  [jvm.dll+0x849a04]
V  [jvm.dll+0x849f1d]
V  [jvm.dll+0x84a2f4]
V  [jvm.dll+0x84a3c0]
V  [jvm.dll+0x7f274a]
V  [jvm.dll+0x682ad5]
C  [ucrtbase.dll+0x21bb2]
C  [KERNEL32.DLL+0x17344]
C  [ntdll.dll+0x526b1]

VM_Operation (0x000000585b9f3a10): G1CollectForAllocation, mode: safepoint, requested by thread 0x000001c1ab11dc30


---------------  P R O C E S S  ---------------

Threads class SMR info:
_java_thread_list=0x000001c1b2cd9760, length=84, elements={
0x000001c18f967ca0, 0x000001c1a8f2dda0, 0x000001c1a8f2f3b0, 0x000001c1a8f513e0,
0x000001c1a8f75d30, 0x000001c1a8f79db0, 0x000001c1a8f7af00, 0x000001c1a9912d50,
0x000001c1a9913df0, 0x000001c1a991f670, 0x000001c1a9a7fe90, 0x000001c1a9aae460,
0x000001c1ab19aba0, 0x000001c1ac47ae00, 0x000001c1ab223660, 0x000001c1ab2db430,
0x000001c1aa7d5230, 0x000001c1ab3997e0, 0x000001c1ab11dc30, 0x000001c1ac1a33e0,
0x000001c1aa6f94b0, 0x000001c1aa6f7ca0, 0x000001c1aa6f8170, 0x000001c1aa6f8640,
0x000001c1aa6f8b10, 0x000001c1ac0a13b0, 0x000001c1ac09cb80, 0x000001c1ac0a1880,
0x000001c1ac09aea0, 0x000001c1ac09d9f0, 0x000001c1ac0a0a10, 0x000001c1ac09b370,
0x000001c1ac09e390, 0x000001c1ac09b840, 0x000001c1ac0a0540, 0x000001c1ac09f200,
0x000001c1ac09d520, 0x000001c1ac09dec0, 0x000001c1ac09e860, 0x000001c1ac09c6b0,
0x000001c1ac09c1e0, 0x000001c1ac09f6d0, 0x000001c1ac09a9d0, 0x000001c1ac09fba0,
0x000001c1ac0a0070, 0x000001c1a99a83c0, 0x000001c1a99ad0c0, 0x000001c1a99ab8b0,
0x000001c1a99ad590, 0x000001c1a99a7ef0, 0x000001c1a99ac720, 0x000001c1a99a8890,
0x000001c1a99aa0a0, 0x000001c1a99abd80, 0x000001c1a99a8d60, 0x000001c1a99a5d40,
0x000001c1a99a6210, 0x000001c1a99a7080, 0x000001c1a99a9bd0, 0x000001c1a99a7550,
0x000001c1a99a9700, 0x000001c1a99aaa40, 0x000001c1a99a9230, 0x000001c1a99a7a20,
0x000001c1a99a66e0, 0x000001c1a99aa570, 0x000001c1a99aaf10, 0x000001c1a99a6bb0,
0x000001c1a99ab3e0, 0x000001c1a99ac250, 0x000001c1a99acbf0, 0x000001c1acf77810,
0x000001c1acf75660, 0x000001c1acf717d0, 0x000001c1acf769a0, 0x000001c1acf75190,
0x000001c1acf75b30, 0x000001c1acf73980, 0x000001c1acf734b0, 0x000001c1acf781b0,
0x000001c1ad83d4e0, 0x000001c1acf747f0, 0x000001c1acf73e50, 0x000001c1acf74320
}

Java Threads: ( => current thread )
  0x000001c18f967ca0 JavaThread "main" [_thread_blocked, id=9568, stack(0x0000005859d00000,0x0000005859e00000)]
  0x000001c1a8f2dda0 JavaThread "Reference Handler" daemon [_thread_blocked, id=10068, stack(0x000000585a400000,0x000000585a500000)]
  0x000001c1a8f2f3b0 JavaThread "Finalizer" daemon [_thread_blocked, id=4824, stack(0x000000585a500000,0x000000585a600000)]
  0x000001c1a8f513e0 JavaThread "Signal Dispatcher" daemon [_thread_blocked, id=4908, stack(0x000000585a600000,0x000000585a700000)]
  0x000001c1a8f75d30 JavaThread "Attach Listener" daemon [_thread_blocked, id=7600, stack(0x000000585a700000,0x000000585a800000)]
  0x000001c1a8f79db0 JavaThread "Service Thread" daemon [_thread_blocked, id=1256, stack(0x000000585a800000,0x000000585a900000)]
  0x000001c1a8f7af00 JavaThread "Monitor Deflation Thread" daemon [_thread_blocked, id=10084, stack(0x000000585a900000,0x000000585aa00000)]
  0x000001c1a9912d50 JavaThread "C2 CompilerThread0" daemon [_thread_blocked, id=8176, stack(0x000000585aa00000,0x000000585ab00000)]
  0x000001c1a9913df0 JavaThread "C1 CompilerThread0" daemon [_thread_blocked, id=9908, stack(0x000000585ab00000,0x000000585ac00000)]
  0x000001c1a991f670 JavaThread "Sweeper thread" daemon [_thread_blocked, id=4580, stack(0x000000585ac00000,0x000000585ad00000)]
  0x000001c1a9a7fe90 JavaThread "Common-Cleaner" daemon [_thread_blocked, id=1940, stack(0x000000585ad00000,0x000000585ae00000)]
  0x000001c1a9aae460 JavaThread "Notification Thread" daemon [_thread_blocked, id=4028, stack(0x000000585ae00000,0x000000585af00000)]
  0x000001c1ab19aba0 JavaThread "Daemon health stats" [_thread_blocked, id=6156, stack(0x000000585b400000,0x000000585b500000)]
  0x000001c1ac47ae00 JavaThread "Incoming local TCP Connector on port 50825" [_thread_in_native, id=2144, stack(0x000000585b300000,0x000000585b400000)]
  0x000001c1ab223660 JavaThread "Daemon periodic checks" [_thread_blocked, id=9408, stack(0x000000585b500000,0x000000585b600000)]
  0x000001c1ab2db430 JavaThread "Daemon" [_thread_blocked, id=10196, stack(0x000000585b600000,0x000000585b700000)]
  0x000001c1aa7d5230 JavaThread "Handler for socket connection from /127.0.0.1:50825 to /127.0.0.1:50826" [_thread_in_native, id=9804, stack(0x000000585b700000,0x000000585b800000)]
  0x000001c1ab3997e0 JavaThread "Cancel handler" [_thread_blocked, id=2328, stack(0x000000585b800000,0x000000585b900000)]
  0x000001c1ab11dc30 JavaThread "Daemon worker" [_thread_blocked, id=7868, stack(0x000000585b900000,0x000000585ba00000)]
  0x000001c1ac1a33e0 JavaThread "Asynchronous log dispatcher for DefaultDaemonConnection: socket connection from /127.0.0.1:50825 to /127.0.0.1:50826" [_thread_blocked, id=7788, stack(0x000000585ba00000,0x000000585bb00000)]
  0x000001c1aa6f94b0 JavaThread "Stdin handler" [_thread_blocked, id=10172, stack(0x000000585bb00000,0x000000585bc00000)]
  0x000001c1aa6f7ca0 JavaThread "Daemon client event forwarder" [_thread_blocked, id=1056, stack(0x000000585bc00000,0x000000585bd00000)]
  0x000001c1aa6f8170 JavaThread "Cache worker for journal cache (C:\Users\refrizar.dwiardito\.jdks\openjdk-21\caches\journal-1)" [_thread_blocked, id=10208, stack(0x000000585bd00000,0x000000585be00000)]
  0x000001c1aa6f8640 JavaThread "File lock request listener" [_thread_in_native, id=1408, stack(0x000000585be00000,0x000000585bf00000)]
  0x000001c1aa6f8b10 JavaThread "Cache worker for file hash cache (C:\Users\refrizar.dwiardito\.jdks\openjdk-21\caches\8.0\fileHashes)" [_thread_blocked, id=7072, stack(0x000000585bf00000,0x000000585c000000)]
  0x000001c1ac0a13b0 JavaThread "File watcher server" daemon [_thread_in_native, id=4700, stack(0x000000585c000000,0x000000585c100000)]
  0x000001c1ac09cb80 JavaThread "File watcher consumer" daemon [_thread_blocked, id=5560, stack(0x000000585c100000,0x000000585c200000)]
  0x000001c1ac0a1880 JavaThread "Cache worker for checksums cache (C:\Users\refrizar.dwiardito\AndroidStudioProjects\Catwell\.gradle\8.0\checksums)" [_thread_blocked, id=1776, stack(0x000000585c200000,0x000000585c300000)]
  0x000001c1ac09aea0 JavaThread "Cache worker for cache directory md-rule (C:\Users\refrizar.dwiardito\.jdks\openjdk-21\caches\8.0\md-rule)" [_thread_blocked, id=7508, stack(0x000000585c300000,0x000000585c400000)]
  0x000001c1ac09d9f0 JavaThread "Cache worker for file content cache (C:\Users\refrizar.dwiardito\.jdks\openjdk-21\caches\8.0\fileContent)" [_thread_blocked, id=9084, stack(0x000000585c400000,0x000000585c500000)]
  0x000001c1ac0a0a10 JavaThread "Cache worker for file hash cache (C:\Users\refrizar.dwiardito\AndroidStudioProjects\Catwell\.gradle\8.0\fileHashes)" [_thread_blocked, id=8724, stack(0x000000585c500000,0x000000585c600000)]
  0x000001c1ac09b370 JavaThread "Cache worker for cache directory md-supplier (C:\Users\refrizar.dwiardito\.jdks\openjdk-21\caches\8.0\md-supplier)" [_thread_blocked, id=6952, stack(0x000000585c600000,0x000000585c700000)]
  0x000001c1ac09e390 JavaThread "Cache worker for execution history cache (C:\Users\refrizar.dwiardito\.jdks\openjdk-21\caches\8.0\executionHistory)" [_thread_blocked, id=2164, stack(0x000000585c700000,0x000000585c800000)]
  0x000001c1ac09b840 JavaThread "jar transforms" [_thread_blocked, id=9680, stack(0x000000585c800000,0x000000585c900000)]
  0x000001c1ac0a0540 JavaThread "jar transforms Thread 2" [_thread_blocked, id=8628, stack(0x000000585c900000,0x000000585ca00000)]
  0x000001c1ac09f200 JavaThread "jar transforms Thread 3" [_thread_blocked, id=5524, stack(0x000000585cb00000,0x000000585cc00000)]
  0x000001c1ac09d520 JavaThread "jar transforms Thread 4" [_thread_blocked, id=7568, stack(0x000000585ca00000,0x000000585cb00000)]
  0x000001c1ac09dec0 JavaThread "Cache worker for dependencies-accessors (C:\Users\refrizar.dwiardito\AndroidStudioProjects\Catwell\.gradle\8.0\dependencies-accessors)" [_thread_blocked, id=1168, stack(0x000000585cd00000,0x000000585ce00000)]
  0x000001c1ac09e860 JavaThread "Cache worker for Build Output Cleanup Cache (C:\Users\refrizar.dwiardito\AndroidStudioProjects\Catwell\.gradle\buildOutputCleanup)" [_thread_blocked, id=1612, stack(0x000000585cc00000,0x000000585cd00000)]
  0x000001c1ac09c6b0 JavaThread "Unconstrained build operations" [_thread_blocked, id=7752, stack(0x000000585ce00000,0x000000585cf00000)]
  0x000001c1ac09c1e0 JavaThread "Unconstrained build operations Thread 2" [_thread_blocked, id=9288, stack(0x000000585cf00000,0x000000585d000000)]
  0x000001c1ac09f6d0 JavaThread "Unconstrained build operations Thread 3" [_thread_blocked, id=2756, stack(0x000000585d000000,0x000000585d100000)]
  0x000001c1ac09a9d0 JavaThread "Unconstrained build operations Thread 4" [_thread_blocked, id=3020, stack(0x000000585d100000,0x000000585d200000)]
  0x000001c1ac09fba0 JavaThread "Unconstrained build operations Thread 5" [_thread_blocked, id=1604, stack(0x000000585d200000,0x000000585d300000)]
  0x000001c1ac0a0070 JavaThread "Unconstrained build operations Thread 6" [_thread_blocked, id=8412, stack(0x000000585d300000,0x000000585d400000)]
  0x000001c1a99a83c0 JavaThread "Unconstrained build operations Thread 7" [_thread_blocked, id=9404, stack(0x000000585d400000,0x000000585d500000)]
  0x000001c1a99ad0c0 JavaThread "Unconstrained build operations Thread 8" [_thread_blocked, id=5700, stack(0x000000585d500000,0x000000585d600000)]
  0x000001c1a99ab8b0 JavaThread "Unconstrained build operations Thread 9" [_thread_blocked, id=7376, stack(0x000000585d600000,0x000000585d700000)]
  0x000001c1a99ad590 JavaThread "Unconstrained build operations Thread 10" [_thread_blocked, id=9352, stack(0x000000585d700000,0x000000585d800000)]
  0x000001c1a99a7ef0 JavaThread "Unconstrained build operations Thread 11" [_thread_blocked, id=7428, stack(0x000000585d800000,0x000000585d900000)]
  0x000001c1a99ac720 JavaThread "Unconstrained build operations Thread 12" [_thread_blocked, id=3008, stack(0x000000585d900000,0x000000585da00000)]
  0x000001c1a99a8890 JavaThread "Unconstrained build operations Thread 13" [_thread_blocked, id=4380, stack(0x000000585da00000,0x000000585db00000)]
  0x000001c1a99aa0a0 JavaThread "Unconstrained build operations Thread 14" [_thread_blocked, id=9720, stack(0x000000585db00000,0x000000585dc00000)]
  0x000001c1a99abd80 JavaThread "Unconstrained build operations Thread 15" [_thread_blocked, id=9576, stack(0x000000585dc00000,0x000000585dd00000)]
  0x000001c1a99a8d60 JavaThread "Unconstrained build operations Thread 16" [_thread_blocked, id=3784, stack(0x000000585dd00000,0x000000585de00000)]
  0x000001c1a99a5d40 JavaThread "Unconstrained build operations Thread 17" [_thread_blocked, id=5144, stack(0x000000585de00000,0x000000585df00000)]
  0x000001c1a99a6210 JavaThread "Unconstrained build operations Thread 18" [_thread_blocked, id=1152, stack(0x000000585df00000,0x000000585e000000)]
  0x000001c1a99a7080 JavaThread "Unconstrained build operations Thread 19" [_thread_blocked, id=9828, stack(0x000000585e000000,0x000000585e100000)]
  0x000001c1a99a9bd0 JavaThread "Unconstrained build operations Thread 20" [_thread_blocked, id=1792, stack(0x000000585e100000,0x000000585e200000)]
  0x000001c1a99a7550 JavaThread "Unconstrained build operations Thread 21" [_thread_blocked, id=5292, stack(0x000000585e200000,0x000000585e300000)]
  0x000001c1a99a9700 JavaThread "Unconstrained build operations Thread 22" [_thread_blocked, id=8080, stack(0x000000585e300000,0x000000585e400000)]
  0x000001c1a99aaa40 JavaThread "Unconstrained build operations Thread 23" [_thread_blocked, id=3292, stack(0x000000585e400000,0x000000585e500000)]
  0x000001c1a99a9230 JavaThread "Unconstrained build operations Thread 24" [_thread_blocked, id=8588, stack(0x000000585e500000,0x000000585e600000)]
  0x000001c1a99a7a20 JavaThread "Unconstrained build operations Thread 25" [_thread_blocked, id=2348, stack(0x000000585e600000,0x000000585e700000)]
  0x000001c1a99a66e0 JavaThread "Unconstrained build operations Thread 26" [_thread_blocked, id=4976, stack(0x000000585e700000,0x000000585e800000)]
  0x000001c1a99aa570 JavaThread "Unconstrained build operations Thread 27" [_thread_blocked, id=940, stack(0x000000585e800000,0x000000585e900000)]
  0x000001c1a99aaf10 JavaThread "Unconstrained build operations Thread 28" [_thread_blocked, id=9528, stack(0x000000585e900000,0x000000585ea00000)]
  0x000001c1a99a6bb0 JavaThread "Unconstrained build operations Thread 29" [_thread_blocked, id=6728, stack(0x000000585ea00000,0x000000585eb00000)]
  0x000001c1a99ab3e0 JavaThread "Unconstrained build operations Thread 30" [_thread_blocked, id=2896, stack(0x000000585eb00000,0x000000585ec00000)]
  0x000001c1a99ac250 JavaThread "Unconstrained build operations Thread 31" [_thread_blocked, id=1976, stack(0x000000585ec00000,0x000000585ed00000)]
  0x000001c1a99acbf0 JavaThread "Unconstrained build operations Thread 32" [_thread_blocked, id=9596, stack(0x000000585ed00000,0x000000585ee00000)]
  0x000001c1acf77810 JavaThread "Unconstrained build operations Thread 33" [_thread_blocked, id=5128, stack(0x000000585ee00000,0x000000585ef00000)]
  0x000001c1acf75660 JavaThread "Unconstrained build operations Thread 34" [_thread_blocked, id=3640, stack(0x000000585ef00000,0x000000585f000000)]
  0x000001c1acf717d0 JavaThread "Unconstrained build operations Thread 35" [_thread_blocked, id=7632, stack(0x000000585f000000,0x000000585f100000)]
  0x000001c1acf769a0 JavaThread "Unconstrained build operations Thread 36" [_thread_blocked, id=1464, stack(0x000000585f100000,0x000000585f200000)]
  0x000001c1acf75190 JavaThread "Unconstrained build operations Thread 37" [_thread_blocked, id=3768, stack(0x000000585f200000,0x000000585f300000)]
  0x000001c1acf75b30 JavaThread "Unconstrained build operations Thread 38" [_thread_blocked, id=4060, stack(0x000000585f300000,0x000000585f400000)]
  0x000001c1acf73980 JavaThread "Unconstrained build operations Thread 39" [_thread_blocked, id=1208, stack(0x000000585f400000,0x000000585f500000)]
  0x000001c1acf734b0 JavaThread "Unconstrained build operations Thread 40" [_thread_blocked, id=1264, stack(0x000000585f500000,0x000000585f600000)]
  0x000001c1acf781b0 JavaThread "build event listener" [_thread_blocked, id=4112, stack(0x000000585f700000,0x000000585f800000)]
  0x000001c1ad83d4e0 JavaThread "C2 CompilerThread1" daemon [_thread_blocked, id=9704, stack(0x000000585f900000,0x000000585fa00000)]
  0x000001c1acf747f0 JavaThread "Memory manager" [_thread_blocked, id=3416, stack(0x000000585fa00000,0x000000585fb00000)]
  0x000001c1acf73e50 JavaThread "build event listener" [_thread_blocked, id=5528, stack(0x000000585fb00000,0x000000585fc00000)]
  0x000001c1acf74320 JavaThread "build event listener" [_thread_blocked, id=1916, stack(0x000000585fc00000,0x000000585fd00000)]

Other Threads:
=>0x000001c1a8f2a8f0 VMThread "VM Thread" [stack: 0x000000585a300000,0x000000585a400000] [id=7476]
  0x000001c1a9ab0940 WatcherThread [stack: 0x000000585af00000,0x000000585b000000] [id=10120]
  0x000001c18f9c6f50 GCTaskThread "GC Thread#0" [stack: 0x0000005859e00000,0x0000005859f00000] [id=8680]
  0x000001c1aa0efbe0 GCTaskThread "GC Thread#1" [stack: 0x000000585b100000,0x000000585b200000] [id=1140]
  0x000001c1aa3f9940 GCTaskThread "GC Thread#2" [stack: 0x000000585b200000,0x000000585b300000] [id=8044]
  0x000001c1a9cfebb0 GCTaskThread "GC Thread#3" [stack: 0x000000585b000000,0x000000585b100000] [id=9612]
  0x000001c18f9d7e90 ConcurrentGCThread "G1 Main Marker" [stack: 0x0000005859f00000,0x000000585a000000] [id=8092]
  0x000001c18f9d88a0 ConcurrentGCThread "G1 Conc#0" [stack: 0x000000585a000000,0x000000585a100000] [id=5072]
  0x000001c1a8d940b0 ConcurrentGCThread "G1 Refine#0" [stack: 0x000000585a100000,0x000000585a200000] [id=9260]
  0x000001c1a8d948e0 ConcurrentGCThread "G1 Service" [stack: 0x000000585a200000,0x000000585a300000] [id=4492]

Threads with active compile tasks:
C2 CompilerThread0    42942 8846       4       java.util.regex.Pattern::newCharProperty (39 bytes)

VM state: at safepoint (normal execution)

VM Mutex/Monitor currently owned by a thread:  ([mutex/lock_event])
[0x000001c18f9630e0] Threads_lock - owner thread: 0x000001c1a8f2a8f0
[0x000001c18f962360] Heap_lock - owner thread: 0x000001c1ab11dc30

Heap address: 0x0000000080000000, size: 2048 MB, Compressed Oops mode: 32-bit

CDS archive(s) not mapped
Compressed class space mapped at: 0x0000000100000000-0x0000000140000000, reserved size: 1073741824
Narrow klass base: 0x0000000000000000, Narrow klass shift: 3, Narrow klass range: 0x140000000

GC Precious Log:
 CPUs: 4 total, 4 available
 Memory: 8083M
 Large Page Support: Disabled
 NUMA Support: Disabled
 Compressed Oops: Enabled (32-bit)
 Heap Region Size: 1M
 Heap Min Capacity: 8M
 Heap Initial Capacity: 128M
 Heap Max Capacity: 2G
 Pre-touch: Disabled
 Parallel Workers: 4
 Concurrent Workers: 1
 Concurrent Refinement Workers: 4
 Periodic GC: Disabled

Heap:
 garbage-first heap   total 145408K, used 77339K [0x0000000080000000, 0x0000000100000000)
  region size 1024K, 4 young (4096K), 4 survivors (4096K)
 Metaspace       used 85923K, committed 86464K, reserved 1130496K
  class space    used 11678K, committed 11904K, reserved 1048576K

Heap Regions: E=young(eden), S=young(survivor), O=old, HS=humongous(starts), HC=humongous(continues), CS=collection set, F=free, OA=open archive, CA=closed archive, TAMS=top-at-mark-start (previous, next)
|   0|0x0000000080000000, 0x0000000080100000, 0x0000000080100000|100%| O|  |TAMS 0x0000000080100000, 0x0000000080100000| Untracked 
|   1|0x0000000080100000, 0x0000000080200000, 0x0000000080200000|100%| O|  |TAMS 0x0000000080200000, 0x0000000080200000| Untracked 
|   2|0x0000000080200000, 0x0000000080300000, 0x0000000080300000|100%|HS|  |TAMS 0x0000000080300000, 0x0000000080300000| Complete 
|   3|0x0000000080300000, 0x0000000080400000, 0x0000000080400000|100%|HC|  |TAMS 0x0000000080400000, 0x0000000080400000| Complete 
|   4|0x0000000080400000, 0x0000000080500000, 0x0000000080500000|100%|HC|  |TAMS 0x0000000080500000, 0x0000000080500000| Complete 
|   5|0x0000000080500000, 0x0000000080600000, 0x0000000080600000|100%|HC|  |TAMS 0x0000000080600000, 0x0000000080600000| Complete 
|   6|0x0000000080600000, 0x0000000080700000, 0x0000000080700000|100%| O|  |TAMS 0x0000000080700000, 0x0000000080700000| Untracked 
|   7|0x0000000080700000, 0x0000000080800000, 0x0000000080800000|100%| O|  |TAMS 0x0000000080800000, 0x0000000080800000| Untracked 
|   8|0x0000000080800000, 0x0000000080900000, 0x0000000080900000|100%| O|  |TAMS 0x0000000080900000, 0x0000000080900000| Untracked 
|   9|0x0000000080900000, 0x0000000080a00000, 0x0000000080a00000|100%| O|  |TAMS 0x0000000080a00000, 0x0000000080a00000| Untracked 
|  10|0x0000000080a00000, 0x0000000080b00000, 0x0000000080b00000|100%| O|  |TAMS 0x0000000080b00000, 0x0000000080b00000| Untracked 
|  11|0x0000000080b00000, 0x0000000080c00000, 0x0000000080c00000|100%| O|  |TAMS 0x0000000080c00000, 0x0000000080c00000| Untracked 
|  12|0x0000000080c00000, 0x0000000080d00000, 0x0000000080d00000|100%| O|  |TAMS 0x0000000080d00000, 0x0000000080d00000| Untracked 
|  13|0x0000000080d00000, 0x0000000080e00000, 0x0000000080e00000|100%| O|  |TAMS 0x0000000080e00000, 0x0000000080e00000| Untracked 
|  14|0x0000000080e00000, 0x0000000080f00000, 0x0000000080f00000|100%| O|  |TAMS 0x0000000080f00000, 0x0000000080f00000| Untracked 
|  15|0x0000000080f00000, 0x0000000081000000, 0x0000000081000000|100%| O|  |TAMS 0x0000000081000000, 0x0000000081000000| Untracked 
|  16|0x0000000081000000, 0x0000000081100000, 0x0000000081100000|100%| O|  |TAMS 0x0000000081100000, 0x0000000081100000| Untracked 
|  17|0x0000000081100000, 0x0000000081200000, 0x0000000081200000|100%| O|  |TAMS 0x0000000081200000, 0x0000000081200000| Untracked 
|  18|0x0000000081200000, 0x0000000081300000, 0x0000000081300000|100%| O|  |TAMS 0x0000000081300000, 0x0000000081300000| Untracked 
|  19|0x0000000081300000, 0x0000000081400000, 0x0000000081400000|100%| O|  |TAMS 0x0000000081400000, 0x0000000081400000| Untracked 
|  20|0x0000000081400000, 0x0000000081500000, 0x0000000081500000|100%| O|  |TAMS 0x0000000081500000, 0x0000000081500000| Untracked 
|  21|0x0000000081500000, 0x0000000081600000, 0x0000000081600000|100%| O|  |TAMS 0x0000000081600000, 0x0000000081600000| Untracked 
|  22|0x0000000081600000, 0x0000000081700000, 0x0000000081700000|100%| O|  |TAMS 0x0000000081700000, 0x0000000081700000| Untracked 
|  23|0x0000000081700000, 0x0000000081800000, 0x0000000081800000|100%| O|  |TAMS 0x0000000081800000, 0x0000000081800000| Untracked 
|  24|0x0000000081800000, 0x0000000081900000, 0x0000000081900000|100%| O|  |TAMS 0x0000000081900000, 0x0000000081900000| Untracked 
|  25|0x0000000081900000, 0x0000000081a00000, 0x0000000081a00000|100%| O|  |TAMS 0x0000000081a00000, 0x0000000081a00000| Untracked 
|  26|0x0000000081a00000, 0x0000000081b00000, 0x0000000081b00000|100%| O|  |TAMS 0x0000000081b00000, 0x0000000081b00000| Untracked 
|  27|0x0000000081b00000, 0x0000000081b00000, 0x0000000081c00000|  0%| F|  |TAMS 0x0000000081b00000, 0x0000000081b00000| Untracked 
|  28|0x0000000081c00000, 0x0000000081d00000, 0x0000000081d00000|100%| O|  |TAMS 0x0000000081d00000, 0x0000000081d00000| Untracked 
|  29|0x0000000081d00000, 0x0000000081e00000, 0x0000000081e00000|100%| O|  |TAMS 0x0000000081e00000, 0x0000000081e00000| Untracked 
|  30|0x0000000081e00000, 0x0000000081f00000, 0x0000000081f00000|100%| O|  |TAMS 0x0000000081f00000, 0x0000000081f00000| Untracked 
|  31|0x0000000081f00000, 0x0000000082000000, 0x0000000082000000|100%| O|  |TAMS 0x0000000082000000, 0x0000000082000000| Untracked 
|  32|0x0000000082000000, 0x0000000082100000, 0x0000000082100000|100%|HS|  |TAMS 0x0000000082100000, 0x0000000082100000| Complete 
|  33|0x0000000082100000, 0x0000000082200000, 0x0000000082200000|100%|HS|  |TAMS 0x0000000082200000, 0x0000000082200000| Complete 
|  34|0x0000000082200000, 0x0000000082300000, 0x0000000082300000|100%|HC|  |TAMS 0x0000000082300000, 0x0000000082300000| Complete 
|  35|0x0000000082300000, 0x0000000082400000, 0x0000000082400000|100%|HS|  |TAMS 0x0000000082400000, 0x0000000082400000| Complete 
|  36|0x0000000082400000, 0x0000000082500000, 0x0000000082500000|100%|HS|  |TAMS 0x0000000082500000, 0x0000000082500000| Complete 
|  37|0x0000000082500000, 0x0000000082600000, 0x0000000082600000|100%|HS|  |TAMS 0x0000000082600000, 0x0000000082600000| Complete 
|  38|0x0000000082600000, 0x0000000082700000, 0x0000000082700000|100%|HC|  |TAMS 0x0000000082700000, 0x0000000082700000| Complete 
|  39|0x0000000082700000, 0x0000000082800000, 0x0000000082800000|100%|HC|  |TAMS 0x0000000082800000, 0x0000000082800000| Complete 
|  40|0x0000000082800000, 0x0000000082900000, 0x0000000082900000|100%|HC|  |TAMS 0x0000000082900000, 0x0000000082900000| Complete 
|  41|0x0000000082900000, 0x0000000082a00000, 0x0000000082a00000|100%| O|  |TAMS 0x0000000082a00000, 0x0000000082a00000| Untracked 
|  42|0x0000000082a00000, 0x0000000082b00000, 0x0000000082b00000|100%| O|  |TAMS 0x0000000082b00000, 0x0000000082b00000| Untracked 
|  43|0x0000000082b00000, 0x0000000082c00000, 0x0000000082c00000|100%| O|  |TAMS 0x0000000082c00000, 0x0000000082c00000| Untracked 
|  44|0x0000000082c00000, 0x0000000082d00000, 0x0000000082d00000|100%| O|  |TAMS 0x0000000082d00000, 0x0000000082d00000| Untracked 
|  45|0x0000000082d00000, 0x0000000082e00000, 0x0000000082e00000|100%| O|  |TAMS 0x0000000082e00000, 0x0000000082e00000| Untracked 
|  46|0x0000000082e00000, 0x0000000082f00000, 0x0000000082f00000|100%| O|  |TAMS 0x0000000082f00000, 0x0000000082f00000| Untracked 
|  47|0x0000000082f00000, 0x0000000083000000, 0x0000000083000000|100%| O|  |TAMS 0x0000000083000000, 0x0000000083000000| Untracked 
|  48|0x0000000083000000, 0x0000000083100000, 0x0000000083100000|100%| O|  |TAMS 0x0000000083100000, 0x0000000083100000| Untracked 
|  49|0x0000000083100000, 0x0000000083200000, 0x0000000083200000|100%| O|  |TAMS 0x0000000083200000, 0x0000000083200000| Untracked 
|  50|0x0000000083200000, 0x0000000083300000, 0x0000000083300000|100%| O|  |TAMS 0x0000000083300000, 0x0000000083300000| Untracked 
|  51|0x0000000083300000, 0x0000000083400000, 0x0000000083400000|100%| O|  |TAMS 0x0000000083400000, 0x0000000083400000| Untracked 
|  52|0x0000000083400000, 0x0000000083500000, 0x0000000083500000|100%| O|  |TAMS 0x0000000083500000, 0x0000000083500000| Untracked 
|  53|0x0000000083500000, 0x0000000083600000, 0x0000000083600000|100%| O|  |TAMS 0x0000000083600000, 0x0000000083600000| Untracked 
|  54|0x0000000083600000, 0x0000000083700000, 0x0000000083700000|100%| O|  |TAMS 0x0000000083700000, 0x0000000083700000| Untracked 
|  55|0x0000000083700000, 0x0000000083800000, 0x0000000083800000|100%| O|  |TAMS 0x0000000083800000, 0x0000000083800000| Untracked 
|  56|0x0000000083800000, 0x0000000083900000, 0x0000000083900000|100%| O|  |TAMS 0x0000000083900000, 0x0000000083900000| Untracked 
|  57|0x0000000083900000, 0x0000000083a00000, 0x0000000083a00000|100%| O|  |TAMS 0x0000000083a00000, 0x0000000083a00000| Untracked 
|  58|0x0000000083a00000, 0x0000000083b00000, 0x0000000083b00000|100%| O|  |TAMS 0x0000000083b00000, 0x0000000083b00000| Untracked 
|  59|0x0000000083b00000, 0x0000000083c00000, 0x0000000083c00000|100%| O|  |TAMS 0x0000000083c00000, 0x0000000083c00000| Untracked 
|  60|0x0000000083c00000, 0x0000000083d00000, 0x0000000083d00000|100%| O|  |TAMS 0x0000000083d00000, 0x0000000083d00000| Untracked 
|  61|0x0000000083d00000, 0x0000000083e00000, 0x0000000083e00000|100%| O|  |TAMS 0x0000000083e00000, 0x0000000083e00000| Untracked 
|  62|0x0000000083e00000, 0x0000000083f00000, 0x0000000083f00000|100%| O|  |TAMS 0x0000000083f00000, 0x0000000083f00000| Untracked 
|  63|0x0000000083f00000, 0x0000000084000000, 0x0000000084000000|100%| O|  |TAMS 0x0000000084000000, 0x0000000084000000| Untracked 
|  64|0x0000000084000000, 0x0000000084100000, 0x0000000084100000|100%| O|  |TAMS 0x000000008403f800, 0x0000000084100000| Untracked 
|  65|0x0000000084100000, 0x0000000084200000, 0x0000000084200000|100%| O|  |TAMS 0x0000000084100000, 0x0000000084200000| Untracked 
|  66|0x0000000084200000, 0x0000000084300000, 0x0000000084300000|100%| O|  |TAMS 0x0000000084200000, 0x0000000084300000| Untracked 
|  67|0x0000000084300000, 0x0000000084400000, 0x0000000084400000|100%| O|  |TAMS 0x0000000084300000, 0x0000000084400000| Untracked 
|  68|0x0000000084400000, 0x0000000084500000, 0x0000000084500000|100%| O|  |TAMS 0x0000000084400000, 0x0000000084500000| Untracked 
|  69|0x0000000084500000, 0x0000000084600000, 0x0000000084600000|100%| O|  |TAMS 0x0000000084500000, 0x0000000084600000| Untracked 
|  70|0x0000000084600000, 0x0000000084700000, 0x0000000084700000|100%| O|  |TAMS 0x0000000084600000, 0x0000000084700000| Untracked 
|  71|0x0000000084700000, 0x0000000084800000, 0x0000000084800000|100%| O|  |TAMS 0x0000000084700000, 0x0000000084800000| Untracked 
|  72|0x0000000084800000, 0x00000000848b5e00, 0x0000000084900000| 71%| O|  |TAMS 0x0000000084800000, 0x00000000848b5e00| Untracked 
|  73|0x0000000084900000, 0x0000000084900000, 0x0000000084a00000|  0%| F|  |TAMS 0x0000000084900000, 0x0000000084900000| Untracked 
|  74|0x0000000084a00000, 0x0000000084a00000, 0x0000000084b00000|  0%| F|  |TAMS 0x0000000084a00000, 0x0000000084a00000| Untracked 
|  75|0x0000000084b00000, 0x0000000084b00000, 0x0000000084c00000|  0%| F|  |TAMS 0x0000000084b00000, 0x0000000084b00000| Untracked 
|  76|0x0000000084c00000, 0x0000000084c00000, 0x0000000084d00000|  0%| F|  |TAMS 0x0000000084c00000, 0x0000000084c00000| Untracked 
|  77|0x0000000084d00000, 0x0000000084d00000, 0x0000000084e00000|  0%| F|  |TAMS 0x0000000084d00000, 0x0000000084d00000| Untracked 
|  78|0x0000000084e00000, 0x0000000084e00000, 0x0000000084f00000|  0%| F|  |TAMS 0x0000000084e00000, 0x0000000084e00000| Untracked 
|  79|0x0000000084f00000, 0x0000000084f00000, 0x0000000085000000|  0%| F|  |TAMS 0x0000000084f00000, 0x0000000084f00000| Untracked 
|  80|0x0000000085000000, 0x0000000085000000, 0x0000000085100000|  0%| F|  |TAMS 0x0000000085000000, 0x0000000085000000| Untracked 
|  81|0x0000000085100000, 0x0000000085100000, 0x0000000085200000|  0%| F|  |TAMS 0x0000000085100000, 0x0000000085100000| Untracked 
|  82|0x0000000085200000, 0x0000000085200000, 0x0000000085300000|  0%| F|  |TAMS 0x0000000085200000, 0x0000000085200000| Untracked 
|  83|0x0000000085300000, 0x0000000085300000, 0x0000000085400000|  0%| F|  |TAMS 0x0000000085300000, 0x0000000085300000| Untracked 
|  84|0x0000000085400000, 0x0000000085400000, 0x0000000085500000|  0%| F|  |TAMS 0x0000000085400000, 0x0000000085400000| Untracked 
|  85|0x0000000085500000, 0x0000000085500000, 0x0000000085600000|  0%| F|  |TAMS 0x0000000085500000, 0x0000000085500000| Untracked 
|  86|0x0000000085600000, 0x0000000085600000, 0x0000000085700000|  0%| F|  |TAMS 0x0000000085600000, 0x0000000085600000| Untracked 
|  87|0x0000000085700000, 0x0000000085700000, 0x0000000085800000|  0%| F|  |TAMS 0x0000000085700000, 0x0000000085700000| Untracked 
|  88|0x0000000085800000, 0x0000000085800000, 0x0000000085900000|  0%| F|  |TAMS 0x0000000085800000, 0x0000000085800000| Untracked 
|  89|0x0000000085900000, 0x0000000085900000, 0x0000000085a00000|  0%| F|  |TAMS 0x0000000085900000, 0x0000000085900000| Untracked 
|  90|0x0000000085a00000, 0x0000000085a00000, 0x0000000085b00000|  0%| F|  |TAMS 0x0000000085a00000, 0x0000000085a00000| Untracked 
|  91|0x0000000085b00000, 0x0000000085b00000, 0x0000000085c00000|  0%| F|  |TAMS 0x0000000085b00000, 0x0000000085b00000| Untracked 
|  92|0x0000000085c00000, 0x0000000085c00000, 0x0000000085d00000|  0%| F|  |TAMS 0x0000000085c00000, 0x0000000085c00000| Untracked 
|  93|0x0000000085d00000, 0x0000000085dd0e80, 0x0000000085e00000| 81%| S|CS|TAMS 0x0000000085d00000, 0x0000000085d00000| Complete 
|  94|0x0000000085e00000, 0x0000000085f00000, 0x0000000085f00000|100%| S|CS|TAMS 0x0000000085e00000, 0x0000000085e00000| Complete 
|  95|0x0000000085f00000, 0x0000000086000000, 0x0000000086000000|100%| S|CS|TAMS 0x0000000085f00000, 0x0000000085f00000| Complete 
|  96|0x0000000086000000, 0x0000000086100000, 0x0000000086100000|100%| S|CS|TAMS 0x0000000086000000, 0x0000000086000000| Complete 
|  97|0x0000000086100000, 0x0000000086100000, 0x0000000086200000|  0%| F|  |TAMS 0x0000000086100000, 0x0000000086100000| Untracked 
|  98|0x0000000086200000, 0x0000000086200000, 0x0000000086300000|  0%| F|  |TAMS 0x0000000086200000, 0x0000000086200000| Untracked 
|  99|0x0000000086300000, 0x0000000086300000, 0x0000000086400000|  0%| F|  |TAMS 0x0000000086300000, 0x0000000086300000| Untracked 
| 100|0x0000000086400000, 0x0000000086400000, 0x0000000086500000|  0%| F|  |TAMS 0x0000000086400000, 0x0000000086400000| Untracked 
| 101|0x0000000086500000, 0x0000000086500000, 0x0000000086600000|  0%| F|  |TAMS 0x0000000086500000, 0x0000000086500000| Untracked 
| 102|0x0000000086600000, 0x0000000086600000, 0x0000000086700000|  0%| F|  |TAMS 0x0000000086600000, 0x0000000086600000| Untracked 
| 103|0x0000000086700000, 0x0000000086700000, 0x0000000086800000|  0%| F|  |TAMS 0x0000000086700000, 0x0000000086700000| Untracked 
| 104|0x0000000086800000, 0x0000000086800000, 0x0000000086900000|  0%| F|  |TAMS 0x0000000086800000, 0x0000000086800000| Untracked 
| 105|0x0000000086900000, 0x0000000086900000, 0x0000000086a00000|  0%| F|  |TAMS 0x0000000086900000, 0x0000000086900000| Untracked 
| 106|0x0000000086a00000, 0x0000000086a00000, 0x0000000086b00000|  0%| F|  |TAMS 0x0000000086a00000, 0x0000000086a00000| Untracked 
| 107|0x0000000086b00000, 0x0000000086b00000, 0x0000000086c00000|  0%| F|  |TAMS 0x0000000086b00000, 0x0000000086b00000| Untracked 
| 108|0x0000000086c00000, 0x0000000086c00000, 0x0000000086d00000|  0%| F|  |TAMS 0x0000000086c00000, 0x0000000086c00000| Untracked 
| 109|0x0000000086d00000, 0x0000000086d00000, 0x0000000086e00000|  0%| F|  |TAMS 0x0000000086d00000, 0x0000000086d00000| Untracked 
| 110|0x0000000086e00000, 0x0000000086e00000, 0x0000000086f00000|  0%| F|  |TAMS 0x0000000086e00000, 0x0000000086e00000| Untracked 
| 111|0x0000000086f00000, 0x0000000086f00000, 0x0000000087000000|  0%| F|  |TAMS 0x0000000086f00000, 0x0000000086f00000| Untracked 
| 112|0x0000000087000000, 0x0000000087000000, 0x0000000087100000|  0%| F|  |TAMS 0x0000000087000000, 0x0000000087000000| Untracked 
| 113|0x0000000087100000, 0x0000000087100000, 0x0000000087200000|  0%| F|  |TAMS 0x0000000087100000, 0x0000000087100000| Untracked 
| 114|0x0000000087200000, 0x0000000087200000, 0x0000000087300000|  0%| F|  |TAMS 0x0000000087200000, 0x0000000087200000| Untracked 
| 115|0x0000000087300000, 0x0000000087300000, 0x0000000087400000|  0%| F|  |TAMS 0x0000000087300000, 0x0000000087300000| Untracked 
| 116|0x0000000087400000, 0x0000000087400000, 0x0000000087500000|  0%| F|  |TAMS 0x0000000087400000, 0x0000000087400000| Untracked 
| 117|0x0000000087500000, 0x0000000087500000, 0x0000000087600000|  0%| F|  |TAMS 0x0000000087500000, 0x0000000087500000| Untracked 
| 118|0x0000000087600000, 0x0000000087600000, 0x0000000087700000|  0%| F|  |TAMS 0x0000000087600000, 0x0000000087600000| Untracked 
| 119|0x0000000087700000, 0x0000000087700000, 0x0000000087800000|  0%| F|  |TAMS 0x0000000087700000, 0x0000000087700000| Untracked 
| 120|0x0000000087800000, 0x0000000087800000, 0x0000000087900000|  0%| F|  |TAMS 0x0000000087800000, 0x0000000087800000| Untracked 
| 121|0x0000000087900000, 0x0000000087900000, 0x0000000087a00000|  0%| F|  |TAMS 0x0000000087900000, 0x0000000087900000| Untracked 
| 122|0x0000000087a00000, 0x0000000087a00000, 0x0000000087b00000|  0%| F|  |TAMS 0x0000000087a00000, 0x0000000087a00000| Untracked 
| 123|0x0000000087b00000, 0x0000000087b00000, 0x0000000087c00000|  0%| F|  |TAMS 0x0000000087b00000, 0x0000000087b00000| Untracked 
| 124|0x0000000087c00000, 0x0000000087c00000, 0x0000000087d00000|  0%| F|  |TAMS 0x0000000087c00000, 0x0000000087c00000| Untracked 
| 125|0x0000000087d00000, 0x0000000087d00000, 0x0000000087e00000|  0%| F|  |TAMS 0x0000000087d00000, 0x0000000087d00000| Untracked 
| 126|0x0000000087e00000, 0x0000000087e00000, 0x0000000087f00000|  0%| F|  |TAMS 0x0000000087e00000, 0x0000000087e00000| Untracked 
| 127|0x0000000087f00000, 0x0000000087f00000, 0x0000000088000000|  0%| F|  |TAMS 0x0000000087f00000, 0x0000000087f00000| Untracked 
| 128|0x0000000088000000, 0x0000000088000000, 0x0000000088100000|  0%| F|  |TAMS 0x0000000088000000, 0x0000000088000000| Untracked 
| 129|0x0000000088100000, 0x0000000088100000, 0x0000000088200000|  0%| F|  |TAMS 0x0000000088100000, 0x0000000088100000| Untracked 
| 130|0x0000000088200000, 0x0000000088200000, 0x0000000088300000|  0%| F|  |TAMS 0x0000000088200000, 0x0000000088200000| Untracked 
| 131|0x0000000088300000, 0x0000000088300000, 0x0000000088400000|  0%| F|  |TAMS 0x0000000088300000, 0x0000000088300000| Untracked 
| 132|0x0000000088400000, 0x0000000088400000, 0x0000000088500000|  0%| F|  |TAMS 0x0000000088400000, 0x0000000088400000| Untracked 
| 133|0x0000000088500000, 0x0000000088500000, 0x0000000088600000|  0%| F|  |TAMS 0x0000000088500000, 0x0000000088500000| Untracked 
| 134|0x0000000088600000, 0x0000000088600000, 0x0000000088700000|  0%| F|  |TAMS 0x0000000088600000, 0x0000000088600000| Untracked 
| 135|0x0000000088700000, 0x0000000088700000, 0x0000000088800000|  0%| F|  |TAMS 0x0000000088700000, 0x0000000088700000| Untracked 
| 136|0x0000000088800000, 0x0000000088800000, 0x0000000088900000|  0%| F|  |TAMS 0x0000000088800000, 0x0000000088800000| Untracked 
| 137|0x0000000088900000, 0x0000000088900000, 0x0000000088a00000|  0%| F|  |TAMS 0x0000000088900000, 0x0000000088900000| Untracked 
| 138|0x0000000088a00000, 0x0000000088a00000, 0x0000000088b00000|  0%| F|  |TAMS 0x0000000088a00000, 0x0000000088a00000| Untracked 
| 139|0x0000000088b00000, 0x0000000088b00000, 0x0000000088c00000|  0%| F|  |TAMS 0x0000000088b00000, 0x0000000088b00000| Untracked 
| 140|0x0000000088c00000, 0x0000000088c00000, 0x0000000088d00000|  0%| F|  |TAMS 0x0000000088c00000, 0x0000000088c00000| Untracked 
| 141|0x0000000088d00000, 0x0000000088d00000, 0x0000000088e00000|  0%| F|  |TAMS 0x0000000088d00000, 0x0000000088d00000| Untracked 

Card table byte_map: [0x000001c1a2240000,0x000001c1a2640000] _byte_map_base: 0x000001c1a1e40000

Marking Bits (Prev, Next): (CMBitMap*) 0x000001c18f9c75a0, (CMBitMap*) 0x000001c18f9c7560
 Prev Bits: [0x000001c1a4a40000, 0x000001c1a6a40000)
 Next Bits: [0x000001c1a2a40000, 0x000001c1a4a40000)

Polling page: 0x000001c18f140000

Metaspace:

Usage:
  Non-class:     72.50 MB used.
      Class:     11.41 MB used.
       Both:     83.91 MB used.

Virtual space:
  Non-class space:       80.00 MB reserved,      72.81 MB ( 91%) committed,  10 nodes.
      Class space:        1.00 GB reserved,      11.62 MB (  1%) committed,  1 nodes.
             Both:        1.08 GB reserved,      84.44 MB (  8%) committed. 

Chunk freelists:
   Non-Class:  2.48 MB
       Class:  320.00 KB
        Both:  2.80 MB

MaxMetaspaceSize: unlimited
CompressedClassSpaceSize: 1.00 GB
Initial GC threshold: 21.00 MB
Current GC threshold: 125.94 MB
CDS: off
MetaspaceReclaimPolicy: balanced
 - commit_granule_bytes: 65536.
 - commit_granule_words: 8192.
 - virtual_space_node_default_size: 1048576.
 - enlarge_chunks_in_place: 1.
 - new_chunks_are_fully_committed: 0.
 - uncommit_free_chunks: 1.
 - use_allocation_guard: 0.
 - handle_deallocations: 1.


Internal statistics:

num_allocs_failed_limit: 15.
num_arena_births: 730.
num_arena_deaths: 0.
num_vsnodes_births: 11.
num_vsnodes_deaths: 0.
num_space_committed: 1351.
num_space_uncommitted: 0.
num_chunks_returned_to_freelist: 15.
num_chunks_taken_from_freelist: 3804.
num_chunk_merges: 9.
num_chunk_splits: 2538.
num_chunks_enlarged: 1753.
num_purges: 0.
num_inconsistent_stats: 0.

CodeHeap 'non-profiled nmethods': size=120000Kb used=4556Kb max_used=4556Kb free=115443Kb
 bounds [0x000001c19a910000, 0x000001c19ad90000, 0x000001c1a1e40000]
CodeHeap 'profiled nmethods': size=120000Kb used=15851Kb max_used=15851Kb free=104149Kb
 bounds [0x000001c192e40000, 0x000001c193dc0000, 0x000001c19a370000]
CodeHeap 'non-nmethods': size=5760Kb used=2378Kb max_used=2440Kb free=3382Kb
 bounds [0x000001c19a370000, 0x000001c19a5f0000, 0x000001c19a910000]
 total_blobs=8887 nmethods=7978 adapters=821
 compilation: enabled
              stopped_count=0, restarted_count=0
 full_count=0

Compilation events (20 events):
Event: 42.572 Thread 0x000001c1a9912d50 8785       4       org.gradle.tooling.internal.provider.runner.PluginApplicationTracker::started (152 bytes)
Event: 42.577 Thread 0x000001c1ad83d4e0 nmethod 8793 0x000001c19ad80210 code [0x000001c19ad803c0, 0x000001c19ad80728]
Event: 42.577 Thread 0x000001c1ad83d4e0 8787       4       org.gradle.tooling.internal.provider.runner.TaskOriginTracker::started (62 bytes)
Event: 42.587 Thread 0x000001c1ad83d4e0 nmethod 8787 0x000001c19ad80b10 code [0x000001c19ad80d00, 0x000001c19ad81268]
Event: 42.596 Thread 0x000001c1a9912d50 nmethod 8785 0x000001c19ad81690 code [0x000001c19ad818e0, 0x000001c19ad82320]
Event: 42.607 Thread 0x000001c1a9913df0 8839       3       java.util.Locale::equals (75 bytes)
Event: 42.607 Thread 0x000001c1a9913df0 nmethod 8839 0x000001c193db8810 code [0x000001c193db8a20, 0x000001c193db9158]
Event: 42.609 Thread 0x000001c1ad83d4e0 8840       4       java.nio.Buffer::limit (65 bytes)
Event: 42.610 Thread 0x000001c1ad83d4e0 nmethod 8840 0x000001c19ad82b90 code [0x000001c19ad82d00, 0x000001c19ad82df8]
Event: 42.610 Thread 0x000001c1a9913df0 8841       3       java.lang.Long::stringSize (55 bytes)
Event: 42.611 Thread 0x000001c1a9913df0 nmethod 8841 0x000001c193db9310 code [0x000001c193db94c0, 0x000001c193db9758]
Event: 42.611 Thread 0x000001c1a9913df0 8842       3       java.lang.Long::getChars (208 bytes)
Event: 42.611 Thread 0x000001c1a9913df0 nmethod 8842 0x000001c193db9810 code [0x000001c193db9a00, 0x000001c193dba018]
Event: 42.615 Thread 0x000001c1a9913df0 8843       3       java.util.Formatter$Flags::contains (22 bytes)
Event: 42.615 Thread 0x000001c1a9913df0 nmethod 8843 0x000001c193dba390 code [0x000001c193dba520, 0x000001c193dba6d8]
Event: 42.615 Thread 0x000001c1a9913df0 8844       3       java.util.HashMap$ValueSpliterator::characteristics (28 bytes)
Event: 42.616 Thread 0x000001c1a9913df0 nmethod 8844 0x000001c193dba790 code [0x000001c193dba940, 0x000001c193dbab18]
Event: 42.624 Thread 0x000001c1a9913df0 8845       1       java.util.Formatter$FormatSpecifier::index (5 bytes)
Event: 42.624 Thread 0x000001c1a9913df0 nmethod 8845 0x000001c19ad82f10 code [0x000001c19ad830a0, 0x000001c19ad83178]
Event: 42.628 Thread 0x000001c1a9912d50 8846       4       java.util.regex.Pattern::newCharProperty (39 bytes)

GC Heap History (20 events):
Event: 23.023 GC heap after
{Heap after GC invocations=14 (full 0):
 garbage-first heap   total 68608K, used 32613K [0x0000000080000000, 0x0000000100000000)
  region size 1024K, 3 young (3072K), 3 survivors (3072K)
 Metaspace       used 45184K, committed 45568K, reserved 1089536K
  class space    used 5981K, committed 6144K, reserved 1048576K
}
Event: 23.216 GC heap before
{Heap before GC invocations=14 (full 0):
 garbage-first heap   total 68608K, used 38757K [0x0000000080000000, 0x0000000100000000)
  region size 1024K, 11 young (11264K), 3 survivors (3072K)
 Metaspace       used 46188K, committed 46592K, reserved 1089536K
  class space    used 6121K, committed 6272K, reserved 1048576K
}
Event: 23.223 GC heap after
{Heap after GC invocations=15 (full 0):
 garbage-first heap   total 145408K, used 33343K [0x0000000080000000, 0x0000000100000000)
  region size 1024K, 1 young (1024K), 1 survivors (1024K)
 Metaspace       used 46188K, committed 46592K, reserved 1089536K
  class space    used 6121K, committed 6272K, reserved 1048576K
}
Event: 31.047 GC heap before
{Heap before GC invocations=15 (full 0):
 garbage-first heap   total 145408K, used 106047K [0x0000000080000000, 0x0000000100000000)
  region size 1024K, 72 young (73728K), 1 survivors (1024K)
 Metaspace       used 51912K, committed 52352K, reserved 1097728K
  class space    used 6842K, committed 7040K, reserved 1048576K
}
Event: 31.058 GC heap after
{Heap after GC invocations=16 (full 0):
 garbage-first heap   total 145408K, used 38159K [0x0000000080000000, 0x0000000100000000)
  region size 1024K, 6 young (6144K), 6 survivors (6144K)
 Metaspace       used 51912K, committed 52352K, reserved 1097728K
  class space    used 6842K, committed 7040K, reserved 1048576K
}
Event: 35.624 GC heap before
{Heap before GC invocations=16 (full 0):
 garbage-first heap   total 145408K, used 109839K [0x0000000080000000, 0x0000000100000000)
  region size 1024K, 68 young (69632K), 6 survivors (6144K)
 Metaspace       used 59621K, committed 60160K, reserved 1105920K
  class space    used 7871K, committed 8128K, reserved 1048576K
}
Event: 35.642 GC heap after
{Heap after GC invocations=17 (full 0):
 garbage-first heap   total 145408K, used 56134K [0x0000000080000000, 0x0000000100000000)
  region size 1024K, 9 young (9216K), 9 survivors (9216K)
 Metaspace       used 59621K, committed 60160K, reserved 1105920K
  class space    used 7871K, committed 8128K, reserved 1048576K
}
Event: 36.893 GC heap before
{Heap before GC invocations=18 (full 0):
 garbage-first heap   total 145408K, used 117574K [0x0000000080000000, 0x0000000100000000)
  region size 1024K, 63 young (64512K), 9 survivors (9216K)
 Metaspace       used 65900K, committed 66432K, reserved 1114112K
  class space    used 8690K, committed 8960K, reserved 1048576K
}
Event: 36.905 GC heap after
{Heap after GC invocations=19 (full 0):
 garbage-first heap   total 145408K, used 61891K [0x0000000080000000, 0x0000000100000000)
  region size 1024K, 6 young (6144K), 6 survivors (6144K)
 Metaspace       used 65900K, committed 66432K, reserved 1114112K
  class space    used 8690K, committed 8960K, reserved 1048576K
}
Event: 38.247 GC heap before
{Heap before GC invocations=20 (full 0):
 garbage-first heap   total 145408K, used 114115K [0x0000000080000000, 0x0000000100000000)
  region size 1024K, 57 young (58368K), 6 survivors (6144K)
 Metaspace       used 72000K, committed 72512K, reserved 1114112K
  class space    used 9535K, committed 9792K, reserved 1048576K
}
Event: 38.267 GC heap after
{Heap after GC invocations=21 (full 0):
 garbage-first heap   total 145408K, used 65524K [0x0000000080000000, 0x0000000100000000)
  region size 1024K, 4 young (4096K), 4 survivors (4096K)
 Metaspace       used 72000K, committed 72512K, reserved 1114112K
  class space    used 9535K, committed 9792K, reserved 1048576K
}
Event: 39.190 GC heap before
{Heap before GC invocations=21 (full 0):
 garbage-first heap   total 145408K, used 116724K [0x0000000080000000, 0x0000000100000000)
  region size 1024K, 54 young (55296K), 4 survivors (4096K)
 Metaspace       used 74468K, committed 75008K, reserved 1122304K
  class space    used 9897K, committed 10112K, reserved 1048576K
}
Event: 39.205 GC heap after
{Heap after GC invocations=22 (full 0):
 garbage-first heap   total 145408K, used 69922K [0x0000000080000000, 0x0000000100000000)
  region size 1024K, 5 young (5120K), 5 survivors (5120K)
 Metaspace       used 74468K, committed 75008K, reserved 1122304K
  class space    used 9897K, committed 10112K, reserved 1048576K
}
Event: 39.664 GC heap before
{Heap before GC invocations=22 (full 0):
 garbage-first heap   total 145408K, used 92450K [0x0000000080000000, 0x0000000100000000)
  region size 1024K, 28 young (28672K), 5 survivors (5120K)
 Metaspace       used 76366K, committed 76864K, reserved 1122304K
  class space    used 10159K, committed 10368K, reserved 1048576K
}
Event: 39.677 GC heap after
{Heap after GC invocations=23 (full 0):
 garbage-first heap   total 145408K, used 72465K [0x0000000080000000, 0x0000000100000000)
  region size 1024K, 3 young (3072K), 3 survivors (3072K)
 Metaspace       used 76366K, committed 76864K, reserved 1122304K
  class space    used 10159K, committed 10368K, reserved 1048576K
}
Event: 41.036 GC heap before
{Heap before GC invocations=24 (full 0):
 garbage-first heap   total 145408K, used 117521K [0x0000000080000000, 0x0000000100000000)
  region size 1024K, 46 young (47104K), 3 survivors (3072K)
 Metaspace       used 81431K, committed 81984K, reserved 1122304K
  class space    used 11049K, committed 11328K, reserved 1048576K
}
Event: 41.047 GC heap after
{Heap after GC invocations=25 (full 0):
 garbage-first heap   total 145408K, used 74431K [0x0000000080000000, 0x0000000100000000)
  region size 1024K, 5 young (5120K), 5 survivors (5120K)
 Metaspace       used 81431K, committed 81984K, reserved 1122304K
  class space    used 11049K, committed 11328K, reserved 1048576K
}
Event: 41.105 GC heap before
{Heap before GC invocations=25 (full 0):
 garbage-first heap   total 145408K, used 76479K [0x0000000080000000, 0x0000000100000000)
  region size 1024K, 7 young (7168K), 5 survivors (5120K)
 Metaspace       used 81682K, committed 82240K, reserved 1122304K
  class space    used 11084K, committed 11328K, reserved 1048576K
}
Event: 41.120 GC heap after
{Heap after GC invocations=26 (full 0):
 garbage-first heap   total 145408K, used 74013K [0x0000000080000000, 0x0000000100000000)
  region size 1024K, 1 young (1024K), 1 survivors (1024K)
 Metaspace       used 81682K, committed 82240K, reserved 1122304K
  class space    used 11084K, committed 11328K, reserved 1048576K
}
Event: 42.632 GC heap before
{Heap before GC invocations=26 (full 0):
 garbage-first heap   total 145408K, used 119069K [0x0000000080000000, 0x0000000100000000)
  region size 1024K, 45 young (46080K), 1 survivors (1024K)
 Metaspace       used 85923K, committed 86464K, reserved 1130496K
  class space    used 11678K, committed 11904K, reserved 1048576K
}

Dll operation events (2 events):
Event: 0.011 Loaded shared library C:\Program Files\Android\Android Studio\jbr\bin\java.dll
Event: 0.687 Loaded shared library C:\Program Files\Android\Android Studio\jbr\bin\verify.dll

Deoptimization events (20 events):
Event: 42.319 Thread 0x000001c1ab11dc30 DEOPT PACKING pc=0x000001c19ac2eb28 sp=0x000000585b9f9260
Event: 42.319 Thread 0x000001c1ab11dc30 DEOPT UNPACKING pc=0x000001c19a3c69a3 sp=0x000000585b9f9148 mode 2
Event: 42.319 Thread 0x000001c1ab11dc30 Uncommon trap: trap_request=0xffffff45 fr.pc=0x000001c19ab61aec relative=0x00000000000002cc
Event: 42.319 Thread 0x000001c1ab11dc30 Uncommon trap: reason=unstable_if action=reinterpret pc=0x000001c19ab61aec method=java.util.HashMap.getNode(Ljava/lang/Object;)Ljava/util/HashMap$Node; @ 85 c2
Event: 42.319 Thread 0x000001c1ab11dc30 DEOPT PACKING pc=0x000001c19ab61aec sp=0x000000585b9f9210
Event: 42.319 Thread 0x000001c1ab11dc30 DEOPT UNPACKING pc=0x000001c19a3c69a3 sp=0x000000585b9f9130 mode 2
Event: 42.319 Thread 0x000001c1ab11dc30 Uncommon trap: trap_request=0xffffff45 fr.pc=0x000001c19aaa0444 relative=0x0000000000000224
Event: 42.319 Thread 0x000001c1ab11dc30 Uncommon trap: reason=unstable_if action=reinterpret pc=0x000001c19aaa0444 method=java.util.HashMap.getNode(Ljava/lang/Object;)Ljava/util/HashMap$Node; @ 85 c2
Event: 42.319 Thread 0x000001c1ab11dc30 DEOPT PACKING pc=0x000001c19aaa0444 sp=0x000000585b9f91b0
Event: 42.319 Thread 0x000001c1ab11dc30 DEOPT UNPACKING pc=0x000001c19a3c69a3 sp=0x000000585b9f9130 mode 2
Event: 42.320 Thread 0x000001c1ab11dc30 Uncommon trap: trap_request=0xffffff45 fr.pc=0x000001c19ad5e91c relative=0x00000000000093bc
Event: 42.320 Thread 0x000001c1ab11dc30 Uncommon trap: reason=unstable_if action=reinterpret pc=0x000001c19ad5e91c method=org.gradle.internal.reflect.JavaPropertyReflectionUtil.doesNotHaveTypeVariable(Ljava/lang/reflect/Type;)Z @ 37 c2
Event: 42.320 Thread 0x000001c1ab11dc30 DEOPT PACKING pc=0x000001c19ad5e91c sp=0x000000585b9f9520
Event: 42.320 Thread 0x000001c1ab11dc30 DEOPT UNPACKING pc=0x000001c19a3c69a3 sp=0x000000585b9f92c0 mode 2
Event: 42.457 Thread 0x000001c1ab11dc30 DEOPT PACKING pc=0x000001c193b03699 sp=0x000000585b9f9320
Event: 42.457 Thread 0x000001c1ab11dc30 DEOPT UNPACKING pc=0x000001c19a3c7143 sp=0x000000585b9f8848 mode 0
Event: 42.467 Thread 0x000001c1ab11dc30 DEOPT PACKING pc=0x000001c193d98d13 sp=0x000000585b9f9320
Event: 42.467 Thread 0x000001c1ab11dc30 DEOPT UNPACKING pc=0x000001c19a3c7143 sp=0x000000585b9f88c0 mode 0
Event: 42.559 Thread 0x000001c1ab11dc30 DEOPT PACKING pc=0x000001c193da19a8 sp=0x000000585b9f8c70
Event: 42.559 Thread 0x000001c1ab11dc30 DEOPT UNPACKING pc=0x000001c19a3c7143 sp=0x000000585b9f8188 mode 0

Classes unloaded (0 events):
No events

Classes redefined (0 events):
No events

Internal exceptions (20 events):
Event: 39.300 Thread 0x000001c1ab11dc30 Exception <a 'java/lang/ClassNotFoundException'{0x0000000088761380}: org/gradle/api/internal/artifacts/dsl/dependencies/DefaultDependencyHandlerCustomizer> (0x0000000088761380) 
thrown [s\src\hotspot\share\classfile\systemDictionary.cpp, line 256]
Event: 39.303 Thread 0x000001c1ab11dc30 Exception <a 'java/lang/ClassNotFoundException'{0x000000008879fbb0}: org/gradle/api/internal/artifacts/dsl/dependencies/DefaultDependencyHandler_DecoratedCustomizer> (0x000000008879fbb0) 
thrown [s\src\hotspot\share\classfile\systemDictionary.cpp, line 256]
Event: 40.629 Thread 0x000001c1ab11dc30 Exception <a 'java/lang/NoSuchMethodError'{0x0000000087064970}: 'int java.lang.invoke.DirectMethodHandle$Holder.invokeSpecialIFC(java.lang.Object, java.lang.Object, java.lang.Object, java.lang.Object, java.lang.Object)'> (0x0000000087064970) 
thrown [s\src\hotspot\share\interpreter\linkResolver.cpp, line 771]
Event: 40.937 Thread 0x000001c1ab11dc30 Exception <a 'java/lang/ClassNotFoundException'{0x000000008639abd8}: com/android/build/gradle/internal/api/ApkVariantOutputImpl_DecoratedBeanInfo> (0x000000008639abd8) 
thrown [s\src\hotspot\share\classfile\systemDictionary.cpp, line 256]
Event: 40.938 Thread 0x000001c1ab11dc30 Exception <a 'java/lang/ClassNotFoundException'{0x00000000863a77f0}: com/android/build/gradle/internal/api/ApkVariantOutputImplBeanInfo> (0x00000000863a77f0) 
thrown [s\src\hotspot\share\classfile\systemDictionary.cpp, line 256]
Event: 40.938 Thread 0x000001c1ab11dc30 Exception <a 'java/lang/ClassNotFoundException'{0x00000000863b4418}: com/android/build/gradle/internal/api/BaseVariantOutputImplBeanInfo> (0x00000000863b4418) 
thrown [s\src\hotspot\share\classfile\systemDictionary.cpp, line 256]
Event: 40.939 Thread 0x000001c1ab11dc30 Exception <a 'java/lang/ClassNotFoundException'{0x00000000863c12c0}: com/android/build/gradle/internal/api/BaseVariantOutputImplCustomizer> (0x00000000863c12c0) 
thrown [s\src\hotspot\share\classfile\systemDictionary.cpp, line 256]
Event: 40.942 Thread 0x000001c1ab11dc30 Exception <a 'java/lang/ClassNotFoundException'{0x00000000863e0870}: com/android/build/gradle/internal/api/ApkVariantOutputImplCustomizer> (0x00000000863e0870) 
thrown [s\src\hotspot\share\classfile\systemDictionary.cpp, line 256]
Event: 40.943 Thread 0x000001c1ab11dc30 Exception <a 'java/lang/ClassNotFoundException'{0x00000000863fa0b0}: com/android/build/gradle/internal/api/ApkVariantOutputImpl_DecoratedCustomizer> (0x00000000863fa0b0) 
thrown [s\src\hotspot\share\classfile\systemDictionary.cpp, line 256]
Event: 41.160 Thread 0x000001c1ab11dc30 Exception <a 'java/lang/ClassNotFoundException'{0x0000000088cfa1b0}: com/android/build/gradle/internal/api/ReadOnlyBuildTypeBeanInfo> (0x0000000088cfa1b0) 
thrown [s\src\hotspot\share\classfile\systemDictionary.cpp, line 256]
Event: 41.161 Thread 0x000001c1ab11dc30 Exception <a 'java/lang/ClassNotFoundException'{0x0000000088a07510}: com/android/build/gradle/internal/api/ReadOnlyBaseConfigBeanInfo> (0x0000000088a07510) 
thrown [s\src\hotspot\share\classfile\systemDictionary.cpp, line 256]
Event: 41.162 Thread 0x000001c1ab11dc30 Exception <a 'java/lang/ClassNotFoundException'{0x0000000088a14398}: com/android/build/gradle/internal/api/ReadOnlyBaseConfigCustomizer> (0x0000000088a14398) 
thrown [s\src\hotspot\share\classfile\systemDictionary.cpp, line 256]
Event: 41.164 Thread 0x000001c1ab11dc30 Exception <a 'java/lang/ClassNotFoundException'{0x0000000088a31dc8}: com/android/build/gradle/internal/api/ReadOnlyBuildTypeCustomizer> (0x0000000088a31dc8) 
thrown [s\src\hotspot\share\classfile\systemDictionary.cpp, line 256]
Event: 41.606 Thread 0x000001c1ab11dc30 Implicit null exception at 0x000001c19aaba245 to 0x000001c19aababcc
Event: 41.606 Thread 0x000001c1ab11dc30 Implicit null exception at 0x000001c19aabc35b to 0x000001c19aabc3e4
Event: 41.606 Thread 0x000001c1ab11dc30 Implicit null exception at 0x000001c19aaba245 to 0x000001c19aababcc
Event: 41.606 Thread 0x000001c1ab11dc30 Implicit null exception at 0x000001c19aaba245 to 0x000001c19aababcc
Event: 41.606 Thread 0x000001c1ab11dc30 Implicit null exception at 0x000001c19aaba245 to 0x000001c19aababcc
Event: 41.967 Thread 0x000001c1ab11dc30 Implicit null exception at 0x000001c19abb9112 to 0x000001c19abb9778
Event: 42.574 Thread 0x000001c1ab11dc30 Exception <a 'sun/nio/fs/WindowsException'{0x0000000086328b80}> (0x0000000086328b80) 
thrown [s\src\hotspot\share\prims\jni.cpp, line 517]

VM Operations (20 events):
Event: 39.678 Executing VM operation: G1TryInitiateConcMark done
Event: 39.858 Executing VM operation: G1Concurrent
Event: 39.867 Executing VM operation: G1Concurrent done
Event: 39.949 Executing VM operation: G1Concurrent
Event: 39.950 Executing VM operation: G1Concurrent done
Event: 40.963 Executing VM operation: Cleanup
Event: 40.968 Executing VM operation: Cleanup done
Event: 41.036 Executing VM operation: G1CollectForAllocation
Event: 41.047 Executing VM operation: G1CollectForAllocation done
Event: 41.105 Executing VM operation: G1CollectForAllocation
Event: 41.120 Executing VM operation: G1CollectForAllocation done
Event: 41.366 Executing VM operation: HandshakeAllThreads
Event: 41.366 Executing VM operation: HandshakeAllThreads done
Event: 41.803 Executing VM operation: ICBufferFull
Event: 41.803 Executing VM operation: ICBufferFull done
Event: 41.956 Executing VM operation: HandshakeAllThreads
Event: 41.956 Executing VM operation: HandshakeAllThreads done
Event: 42.252 Executing VM operation: ICBufferFull
Event: 42.252 Executing VM operation: ICBufferFull done
Event: 42.632 Executing VM operation: G1CollectForAllocation

Events (20 events):
Event: 39.080 loading class java/beans/IntrospectionException
Event: 39.080 loading class java/beans/IntrospectionException done
Event: 39.695 loading class sun/reflect/generics/repository/FieldRepository
Event: 39.695 loading class sun/reflect/generics/repository/FieldRepository done
Event: 39.717 loading class jdk/internal/vm/annotation/ForceInline
Event: 39.717 loading class jdk/internal/vm/annotation/ForceInline done
Event: 39.869 loading class java/util/regex/Pattern$Caret
Event: 39.869 loading class java/util/regex/Pattern$Caret done
Event: 41.413 loading class java/io/CharArrayWriter
Event: 41.413 loading class java/io/CharArrayWriter done
Event: 41.954 loading class java/util/AbstractList$ListItr
Event: 41.955 loading class java/util/AbstractList$ListItr done
Event: 42.111 loading class java/util/zip/ZipOutputStream
Event: 42.111 loading class java/util/zip/ZipOutputStream done
Event: 42.563 loading class java/net/Proxy
Event: 42.563 loading class java/net/Proxy done
Event: 42.563 loading class java/net/Proxy$Type
Event: 42.563 loading class java/net/Proxy$Type done
Event: 42.606 loading class javax/xml/namespace/QName
Event: 42.607 loading class javax/xml/namespace/QName done


Dynamic libraries:
0x00007ff7e9df0000 - 0x00007ff7e9dfa000 	C:\Program Files\Android\Android Studio\jbr\bin\java.exe
0x00007fff659b0000 - 0x00007fff65ba7000 	C:\Windows\SYSTEM32\ntdll.dll
0x00007fff649f0000 - 0x00007fff64aad000 	C:\Windows\System32\KERNEL32.DLL
0x00007fff633a0000 - 0x00007fff63696000 	C:\Windows\System32\KERNELBASE.dll
0x00007fff638a0000 - 0x00007fff639a0000 	C:\Windows\System32\ucrtbase.dll
0x00007fff5c6a0000 - 0x00007fff5c6b7000 	C:\Program Files\Android\Android Studio\jbr\bin\jli.dll
0x00007fff5beb0000 - 0x00007fff5becb000 	C:\Program Files\Android\Android Studio\jbr\bin\VCRUNTIME140.dll
0x00007fff651d0000 - 0x00007fff6536e000 	C:\Windows\System32\USER32.dll
0x00007fff50e40000 - 0x00007fff510da000 	C:\Windows\WinSxS\amd64_microsoft.windows.common-controls_6595b64144ccf1df_6.0.19041.3570_none_60bb2a3971f3e41a\COMCTL32.dll
0x00007fff630e0000 - 0x00007fff63102000 	C:\Windows\System32\win32u.dll
0x00007fff64f00000 - 0x00007fff64f9e000 	C:\Windows\System32\msvcrt.dll
0x00007fff658e0000 - 0x00007fff6590c000 	C:\Windows\System32\GDI32.dll
0x00007fff63750000 - 0x00007fff6386a000 	C:\Windows\System32\gdi32full.dll
0x00007fff63110000 - 0x00007fff631ad000 	C:\Windows\System32\msvcp_win.dll
0x00007fff658b0000 - 0x00007fff658e0000 	C:\Windows\System32\IMM32.DLL
0x00007fff5ab80000 - 0x00007fff5ab8c000 	C:\Program Files\Android\Android Studio\jbr\bin\vcruntime140_1.dll
0x00007fff35ef0000 - 0x00007fff35f7d000 	C:\Program Files\Android\Android Studio\jbr\bin\msvcp140.dll
0x00007fff2bac0000 - 0x00007fff2c72e000 	C:\Program Files\Android\Android Studio\jbr\bin\server\jvm.dll
0x00007fff656e0000 - 0x00007fff6578e000 	C:\Windows\System32\ADVAPI32.dll
0x00007fff65000000 - 0x00007fff6509c000 	C:\Windows\System32\sechost.dll
0x00007fff63a10000 - 0x00007fff63b36000 	C:\Windows\System32\RPCRT4.dll
0x00007fff55a20000 - 0x00007fff55a47000 	C:\Windows\SYSTEM32\WINMM.dll
0x00007fff5c730000 - 0x00007fff5c739000 	C:\Windows\SYSTEM32\WSOCK32.dll
0x00007fff55ec0000 - 0x00007fff55eca000 	C:\Windows\SYSTEM32\VERSION.dll
0x00007fff650a0000 - 0x00007fff6510b000 	C:\Windows\System32\WS2_32.dll
0x00007fff61110000 - 0x00007fff61122000 	C:\Windows\SYSTEM32\kernel.appcore.dll
0x00007fff5f8f0000 - 0x00007fff5f8fa000 	C:\Program Files\Android\Android Studio\jbr\bin\jimage.dll
0x00007fff4d1d0000 - 0x00007fff4d3b4000 	C:\Windows\SYSTEM32\DBGHELP.DLL
0x00007fff4da50000 - 0x00007fff4da84000 	C:\Windows\SYSTEM32\dbgcore.DLL
0x00007fff63310000 - 0x00007fff63392000 	C:\Windows\System32\bcryptPrimitives.dll
0x00007fff5e860000 - 0x00007fff5e885000 	C:\Program Files\Android\Android Studio\jbr\bin\java.dll
0x00007fff5eca0000 - 0x00007fff5ecb8000 	C:\Program Files\Android\Android Studio\jbr\bin\zip.dll
0x00007fff63cc0000 - 0x00007fff64404000 	C:\Windows\System32\SHELL32.dll
0x00007fff61130000 - 0x00007fff618cb000 	C:\Windows\SYSTEM32\windows.storage.dll
0x00007fff65370000 - 0x00007fff656c4000 	C:\Windows\System32\combase.dll
0x00007fff62a60000 - 0x00007fff62a8d000 	C:\Windows\SYSTEM32\Wldp.dll
0x00007fff64bf0000 - 0x00007fff64c9d000 	C:\Windows\System32\SHCORE.dll
0x00007fff65110000 - 0x00007fff65165000 	C:\Windows\System32\shlwapi.dll
0x00007fff62fc0000 - 0x00007fff62fe5000 	C:\Windows\SYSTEM32\profapi.dll
0x00007fff5d9b0000 - 0x00007fff5d9c9000 	C:\Program Files\Android\Android Studio\jbr\bin\net.dll
0x00007fff57050000 - 0x00007fff5715a000 	C:\Windows\SYSTEM32\WINHTTP.dll
0x00007fff62760000 - 0x00007fff627ca000 	C:\Windows\system32\mswsock.dll
0x00007fff5d990000 - 0x00007fff5d9a6000 	C:\Program Files\Android\Android Studio\jbr\bin\nio.dll
0x00007fff5f8e0000 - 0x00007fff5f8f0000 	C:\Program Files\Android\Android Studio\jbr\bin\verify.dll
0x00007fff516a0000 - 0x00007fff516c7000 	C:\Users\refrizar.dwiardito\.jdks\openjdk-21\native\68d5fa5c4cc2d200863cafc0d521ce42e7d3e7ee720ec0a83991735586a16f82\windows-amd64\native-platform.dll
0x00007fff35da0000 - 0x00007fff35ee4000 	C:\Users\refrizar.dwiardito\.jdks\openjdk-21\native\e376f236ea51e6404a007f0833ffe2c6e607c4080706a723a18a27aeea778392\windows-amd64\native-platform-file-events.dll
0x00007fff5dad0000 - 0x00007fff5dad9000 	C:\Program Files\Android\Android Studio\jbr\bin\management.dll
0x00007fff5d980000 - 0x00007fff5d98b000 	C:\Program Files\Android\Android Studio\jbr\bin\management_ext.dll
0x00007fff656d0000 - 0x00007fff656d8000 	C:\Windows\System32\PSAPI.DLL
0x00007fff629b0000 - 0x00007fff629c8000 	C:\Windows\SYSTEM32\CRYPTSP.dll
0x00007fff62070000 - 0x00007fff620a4000 	C:\Windows\system32\rsaenh.dll
0x00007fff63870000 - 0x00007fff63897000 	C:\Windows\System32\bcrypt.dll
0x00007fff62f40000 - 0x00007fff62f6e000 	C:\Windows\SYSTEM32\USERENV.dll
0x00007fff629d0000 - 0x00007fff629dc000 	C:\Windows\SYSTEM32\CRYPTBASE.dll
0x00007fff62450000 - 0x00007fff6248b000 	C:\Windows\SYSTEM32\IPHLPAPI.DLL
0x00007fff63cb0000 - 0x00007fff63cb8000 	C:\Windows\System32\NSI.dll
0x00007fff577b0000 - 0x00007fff577c7000 	C:\Windows\SYSTEM32\dhcpcsvc6.DLL
0x00007fff57790000 - 0x00007fff577ad000 	C:\Windows\SYSTEM32\dhcpcsvc.DLL
0x00007fff62490000 - 0x00007fff6255a000 	C:\Windows\SYSTEM32\DNSAPI.dll
0x00007fff5c690000 - 0x00007fff5c697000 	C:\Windows\system32\wshunix.dll

dbghelp: loaded successfully - version: 4.0.5 - missing functions: none
symbol engine: initialized successfully - sym options: 0x614 - pdb path: .;C:\Program Files\Android\Android Studio\jbr\bin;C:\Windows\SYSTEM32;C:\Windows\WinSxS\amd64_microsoft.windows.common-controls_6595b64144ccf1df_6.0.19041.3570_none_60bb2a3971f3e41a;C:\Program Files\Android\Android Studio\jbr\bin\server;C:\Users\refrizar.dwiardito\.jdks\openjdk-21\native\68d5fa5c4cc2d200863cafc0d521ce42e7d3e7ee720ec0a83991735586a16f82\windows-amd64;C:\Users\refrizar.dwiardito\.jdks\openjdk-21\native\e376f236ea51e6404a007f0833ffe2c6e607c4080706a723a18a27aeea778392\windows-amd64

VM Arguments:
jvm_args: --add-opens=java.base/java.util=ALL-UNNAMED --add-opens=java.base/java.lang=ALL-UNNAMED --add-opens=java.base/java.lang.invoke=ALL-UNNAMED --add-opens=java.prefs/java.util.prefs=ALL-UNNAMED --add-opens=java.base/java.nio.charset=ALL-UNNAMED --add-opens=java.base/java.net=ALL-UNNAMED --add-opens=java.base/java.util.concurrent.atomic=ALL-UNNAMED -Xmx2048m -Dfile.encoding=UTF-8 -Duser.country=US -Duser.language=en -Duser.variant 
java_command: org.gradle.launcher.daemon.bootstrap.GradleDaemon 8.0
java_class_path (initial): C:\Users\refrizar.dwiardito\.jdks\openjdk-21\wrapper\dists\gradle-8.0-all\a2o1xoguejy6msdh0lk99lxza\gradle-8.0\lib\gradle-launcher-8.0.jar
Launcher Type: SUN_STANDARD

[Global flags]
     intx CICompilerCount                          = 3                                         {product} {ergonomic}
     uint ConcGCThreads                            = 1                                         {product} {ergonomic}
     uint G1ConcRefinementThreads                  = 4                                         {product} {ergonomic}
   size_t G1HeapRegionSize                         = 1048576                                   {product} {ergonomic}
    uintx GCDrainStackTargetSize                   = 64                                        {product} {ergonomic}
   size_t InitialHeapSize                          = 134217728                                 {product} {ergonomic}
   size_t MarkStackSize                            = 4194304                                   {product} {ergonomic}
   size_t MaxHeapSize                              = 2147483648                                {product} {command line}
   size_t MaxNewSize                               = 1287651328                                {product} {ergonomic}
   size_t MinHeapDeltaBytes                        = 1048576                                   {product} {ergonomic}
   size_t MinHeapSize                              = 8388608                                   {product} {ergonomic}
    uintx NonNMethodCodeHeapSize                   = 5832780                                {pd product} {ergonomic}
    uintx NonProfiledCodeHeapSize                  = 122912730                              {pd product} {ergonomic}
    uintx ProfiledCodeHeapSize                     = 122912730                              {pd product} {ergonomic}
    uintx ReservedCodeCacheSize                    = 251658240                              {pd product} {ergonomic}
     bool SegmentedCodeCache                       = true                                      {product} {ergonomic}
   size_t SoftMaxHeapSize                          = 2147483648                             {manageable} {ergonomic}
     bool UseCompressedClassPointers               = true                           {product lp64_product} {ergonomic}
     bool UseCompressedOops                        = true                           {product lp64_product} {ergonomic}
     bool UseG1GC                                  = true                                      {product} {ergonomic}
     bool UseLargePagesIndividualAllocation        = false                                  {pd product} {ergonomic}

Logging:
Log output configuration:
 #0: stdout all=warning uptime,level,tags
 #1: stderr all=off uptime,level,tags

Environment Variables:
JAVA_HOME=C:\Users\refrizar.dwiardito\.jdks\openjdk-21
PATH=C:\Program Files\Common Files\Oracle\Java\javapath;C:\Windows\system32;C:\Windows;C:\Windows\System32\Wbem;C:\Windows\System32\WindowsPowerShell\v1.0\;C:\Windows\System32\OpenSSH\;C:\Program Files\mingw-w64\x86_64-8.1.0-posix-seh-rt_v6-rev0\mingw64\bin;C:\Users\refrizar.dwiardito\AppData\Local\Programs\Python\Python310\Scripts;C:\Users\refrizar.dwiardito\.jdks\openjdk-21\bin;C:\Program Files\PuTTY\;C:\Program Files\gradle-8.3\bin;C:\Program Files\Git\cmd;C:\Users\refrizar.dwiardito\AppData\Local\Programs\Python\Python310\Scripts\;C:\Users\refrizar.dwiardito\AppData\Local\Programs\Python\Python310\;C:\Users\refrizar.dwiardito\AppData\Local\Microsoft\WindowsApps;;C:\Users\refrizar.dwiardito\AppData\Local\Programs\Microsoft VS Code\bin
USERNAME=refrizar.dwiardito
OS=Windows_NT
PROCESSOR_IDENTIFIER=Intel64 Family 6 Model 61 Stepping 4, GenuineIntel
TMP=C:\Users\REFRIZ~1.DWI\AppData\Local\Temp
TEMP=C:\Users\REFRIZ~1.DWI\AppData\Local\Temp


JNI global refs:
JNI global refs: 24, weak refs: 0

JNI global refs memory usage: 843, weak refs: 841


---------------  S Y S T E M  ---------------

OS:
 Windows 10 , 64 bit Build 19041 (10.0.19041.3570)
OS uptime: 0 days 0:48 hours

CPU: total 4 (initial active 4) (2 cores per cpu, 2 threads per core) family 6 model 61 stepping 4 microcode 0x2f, cx8, cmov, fxsr, ht, mmx, 3dnowpref, sse, sse2, sse3, ssse3, sse4.1, sse4.2, popcnt, lzcnt, tsc, tscinvbit, avx, avx2, aes, erms, clmul, bmi1, bmi2, adx, fma, vzeroupper, clflush

Memory: 4k page, system-wide physical 8083M (657M free)
TotalPageFile size 8083M (AvailPageFile size 28M)
current process WorkingSet (physical memory assigned to process): 374M, peak: 383M
current process commit charge ("private bytes"): 401M, peak: 507M

vm_info: OpenJDK 64-Bit Server VM (17.0.6+0-b2043.56-10027231) for windows-amd64 JRE (17.0.6+0-b2043.56-10027231), built on Apr 28 2023 00:43:19 by "androidbuild" with MS VC++ 16.10 / 16.11 (VS2019)

END.
