#
# There is insufficient memory for the Java Runtime Environment to continue.
# Native memory allocation (mmap) failed to map 52428800 bytes for G1 virtual space
# Possible reasons:
#   The system is out of physical RAM or swap space
#   The process is running with CompressedOops enabled, and the Java Heap may be blocking the growth of the native heap
# Possible solutions:
#   Reduce memory load on the system
#   Increase physical memory or swap space
#   Check if swap backing store is full
#   Decrease Java heap size (-Xmx/-Xms)
#   Decrease number of Java threads
#   Decrease Java thread stack sizes (-Xss)
#   Set larger code cache with -XX:ReservedCodeCacheSize=
#   JVM is running with Unscaled Compressed Oops mode in which the Java heap is
#     placed in the first 4GB address space. The Java Heap base address is the
#     maximum limit for the native heap growth. Please use -XX:HeapBaseMinAddress
#     to set the Java Heap base and to place the Java Heap above 4GB virtual address.
# This output file may be truncated or incomplete.
#
#  Out of Memory Error (os_windows.cpp:3769), pid=2012, tid=1556
#
# JRE version: OpenJDK Runtime Environment (17.0.6) (build 17.0.6+0-b2043.56-10027231)
# Java VM: OpenJDK 64-Bit Server VM (17.0.6+0-b2043.56-10027231, mixed mode, tiered, compressed oops, compressed class ptrs, g1 gc, windows-amd64)
# No core dump will be written. Minidumps are not enabled by default on client versions of Windows
#

---------------  S U M M A R Y ------------

Command Line: org.jetbrains.kotlin.cli.jvm.K2JVMCompiler @C:\Users\refrizar.dwiardito\AndroidStudioProjects\Catwell\app\build\20231014_6041703418686338795.compiler.options

Host: Intel(R) Core(TM) i5-5200U CPU @ 2.20GHz, 4 cores, 7G,  Windows 10 , 64 bit Build 19041 (10.0.19041.3570)
Time: Sat Oct 14 12:38:34 2023 SE Asia Standard Time elapsed time: 5.454575 seconds (0d 0h 0m 5s)

---------------  T H R E A D  ---------------

Current thread (0x000001a21ff724d0):  VMThread "VM Thread" [stack: 0x0000007589200000,0x0000007589300000] [id=1556]

Stack: [0x0000007589200000,0x0000007589300000]
Native frames: (J=compiled Java code, j=interpreted, Vv=VM code, C=native code)
V  [jvm.dll+0x683c9a]
V  [jvm.dll+0x8427a4]
V  [jvm.dll+0x843f9e]
V  [jvm.dll+0x844603]
V  [jvm.dll+0x249b75]
V  [jvm.dll+0x680b69]
V  [jvm.dll+0x67505a]
V  [jvm.dll+0x309acb]
V  [jvm.dll+0x310f86]
V  [jvm.dll+0x3608ee]
V  [jvm.dll+0x360b1f]
V  [jvm.dll+0x2dfbf8]
V  [jvm.dll+0x2ddec4]
V  [jvm.dll+0x2dd4cc]
V  [jvm.dll+0x322261]
V  [jvm.dll+0x848ccb]
V  [jvm.dll+0x849a04]
V  [jvm.dll+0x849f1d]
V  [jvm.dll+0x84a2f4]
V  [jvm.dll+0x84a3c0]
V  [jvm.dll+0x7f274a]
V  [jvm.dll+0x682ad5]
C  [ucrtbase.dll+0x21bb2]
C  [KERNEL32.DLL+0x17344]
C  [ntdll.dll+0x526b1]

VM_Operation (0x0000007588cfac30): G1TryInitiateConcMark, mode: safepoint, requested by thread 0x000001a206a80620


---------------  P R O C E S S  ---------------

Threads class SMR info:
_java_thread_list=0x000001a21ff78f70, length=13, elements={
0x000001a206a80620, 0x000001a21ff766a0, 0x000001a21ff77420, 0x000001a21ff97420,
0x000001a21ff99050, 0x000001a220925010, 0x000001a2209258d0, 0x000001a220929d00,
0x000001a22094c430, 0x000001a2209282c0, 0x000001a220a99c60, 0x000001a220aa3b20,
0x000001a220bd4670
}

Java Threads: ( => current thread )
  0x000001a206a80620 JavaThread "main" [_thread_blocked, id=7564, stack(0x0000007588c00000,0x0000007588d00000)]
  0x000001a21ff766a0 JavaThread "Reference Handler" daemon [_thread_blocked, id=10120, stack(0x0000007589300000,0x0000007589400000)]
  0x000001a21ff77420 JavaThread "Finalizer" daemon [_thread_blocked, id=2932, stack(0x0000007589400000,0x0000007589500000)]
  0x000001a21ff97420 JavaThread "Signal Dispatcher" daemon [_thread_blocked, id=7788, stack(0x0000007589500000,0x0000007589600000)]
  0x000001a21ff99050 JavaThread "Attach Listener" daemon [_thread_blocked, id=6260, stack(0x0000007589600000,0x0000007589700000)]
  0x000001a220925010 JavaThread "Service Thread" daemon [_thread_blocked, id=11012, stack(0x0000007589700000,0x0000007589800000)]
  0x000001a2209258d0 JavaThread "Monitor Deflation Thread" daemon [_thread_blocked, id=2120, stack(0x0000007589800000,0x0000007589900000)]
  0x000001a220929d00 JavaThread "C2 CompilerThread0" daemon [_thread_blocked, id=516, stack(0x0000007589900000,0x0000007589a00000)]
  0x000001a22094c430 JavaThread "C1 CompilerThread0" daemon [_thread_blocked, id=3376, stack(0x0000007589a00000,0x0000007589b00000)]
  0x000001a2209282c0 JavaThread "Sweeper thread" daemon [_thread_blocked, id=216, stack(0x0000007589b00000,0x0000007589c00000)]
  0x000001a220a99c60 JavaThread "Notification Thread" daemon [_thread_blocked, id=1952, stack(0x0000007589c00000,0x0000007589d00000)]
  0x000001a220aa3b20 JavaThread "Common-Cleaner" daemon [_thread_blocked, id=4804, stack(0x0000007589e00000,0x0000007589f00000)]
  0x000001a220bd4670 JavaThread "C2 CompilerThread1" daemon [_thread_blocked, id=9128, stack(0x0000007589f00000,0x000000758a000000)]

Other Threads:
=>0x000001a21ff724d0 VMThread "VM Thread" [stack: 0x0000007589200000,0x0000007589300000] [id=1556]
  0x000001a21ff8dc90 WatcherThread [stack: 0x0000007589d00000,0x0000007589e00000] [id=2244]
  0x000001a206adb330 GCTaskThread "GC Thread#0" [stack: 0x0000007588d00000,0x0000007588e00000] [id=10764]
  0x000001a220f2a2f0 GCTaskThread "GC Thread#1" [stack: 0x000000758a000000,0x000000758a100000] [id=5844]
  0x000001a220f2a5a0 GCTaskThread "GC Thread#2" [stack: 0x000000758a100000,0x000000758a200000] [id=9136]
  0x000001a220ef4020 GCTaskThread "GC Thread#3" [stack: 0x000000758a200000,0x000000758a300000] [id=7704]
  0x000001a206aebe50 ConcurrentGCThread "G1 Main Marker" [stack: 0x0000007588e00000,0x0000007588f00000] [id=4848]
  0x000001a206aee320 ConcurrentGCThread "G1 Conc#0" [stack: 0x0000007588f00000,0x0000007589000000] [id=10816]
  0x000001a206b44970 ConcurrentGCThread "G1 Refine#0" [stack: 0x0000007589000000,0x0000007589100000] [id=11136]
  0x000001a22308b4a0 ConcurrentGCThread "G1 Refine#1" [stack: 0x000000758a300000,0x000000758a400000] [id=7696]
  0x000001a222e60110 ConcurrentGCThread "G1 Refine#2" [stack: 0x000000758a400000,0x000000758a500000] [id=6884]
  0x000001a206b452a0 ConcurrentGCThread "G1 Service" [stack: 0x0000007589100000,0x0000007589200000] [id=6124]

Threads with active compile tasks:
C2 CompilerThread0     5478 3491       4       org.jetbrains.kotlin.com.intellij.lang.java.lexer.JavaLexer::charAt (27 bytes)
C2 CompilerThread1     5478 3449       4       java.lang.ClassLoader::loadClass (7 bytes)

VM state: at safepoint (normal execution)

VM Mutex/Monitor currently owned by a thread:  ([mutex/lock_event])
[0x000001a206a7edf0] Threads_lock - owner thread: 0x000001a21ff724d0
[0x000001a206a7e7c0] Heap_lock - owner thread: 0x000001a206a80620

Heap address: 0x0000000081a00000, size: 2022 MB, Compressed Oops mode: 32-bit

CDS archive(s) not mapped
Compressed class space mapped at: 0x0000000100000000-0x0000000140000000, reserved size: 1073741824
Narrow klass base: 0x0000000000000000, Narrow klass shift: 3, Narrow klass range: 0x140000000

GC Precious Log:
 CPUs: 4 total, 4 available
 Memory: 8083M
 Large Page Support: Disabled
 NUMA Support: Disabled
 Compressed Oops: Enabled (32-bit)
 Heap Region Size: 1M
 Heap Min Capacity: 8M
 Heap Initial Capacity: 128M
 Heap Max Capacity: 2022M
 Pre-touch: Disabled
 Parallel Workers: 4
 Concurrent Workers: 1
 Concurrent Refinement Workers: 4
 Periodic GC: Disabled

Heap:
 garbage-first heap   total 51200K, used 26745K [0x0000000081a00000, 0x0000000100000000)
  region size 1024K, 1 young (1024K), 1 survivors (1024K)
 Metaspace       used 49349K, committed 49600K, reserved 1097728K
  class space    used 6015K, committed 6144K, reserved 1048576K

Heap Regions: E=young(eden), S=young(survivor), O=old, HS=humongous(starts), HC=humongous(continues), CS=collection set, F=free, OA=open archive, CA=closed archive, TAMS=top-at-mark-start (previous, next)
|   0|0x0000000081a00000, 0x0000000081b00000, 0x0000000081b00000|100%|HS|  |TAMS 0x0000000081b00000, 0x0000000081b00000| Complete 
|   1|0x0000000081b00000, 0x0000000081c00000, 0x0000000081c00000|100%|HC|  |TAMS 0x0000000081c00000, 0x0000000081c00000| Complete 
|   2|0x0000000081c00000, 0x0000000081d00000, 0x0000000081d00000|100%|HC|  |TAMS 0x0000000081d00000, 0x0000000081d00000| Complete 
|   3|0x0000000081d00000, 0x0000000081e00000, 0x0000000081e00000|100%|HC|  |TAMS 0x0000000081e00000, 0x0000000081e00000| Complete 
|   4|0x0000000081e00000, 0x0000000081eef400, 0x0000000081f00000| 93%| O|  |TAMS 0x0000000081eef400, 0x0000000081eef400| Untracked 
|   5|0x0000000081f00000, 0x0000000082000000, 0x0000000082000000|100%| O|  |TAMS 0x0000000082000000, 0x0000000082000000| Untracked 
|   6|0x0000000082000000, 0x0000000082100000, 0x0000000082100000|100%| O|  |TAMS 0x0000000082100000, 0x0000000082100000| Untracked 
|   7|0x0000000082100000, 0x0000000082200000, 0x0000000082200000|100%| O|  |TAMS 0x0000000082200000, 0x0000000082200000| Untracked 
|   8|0x0000000082200000, 0x0000000082300000, 0x0000000082300000|100%| O|  |TAMS 0x0000000082300000, 0x0000000082300000| Untracked 
|   9|0x0000000082300000, 0x0000000082400000, 0x0000000082400000|100%| O|  |TAMS 0x0000000082400000, 0x0000000082400000| Untracked 
|  10|0x0000000082400000, 0x0000000082500000, 0x0000000082500000|100%| O|  |TAMS 0x0000000082500000, 0x0000000082500000| Untracked 
|  11|0x0000000082500000, 0x0000000082600000, 0x0000000082600000|100%| O|  |TAMS 0x0000000082600000, 0x0000000082600000| Untracked 
|  12|0x0000000082600000, 0x0000000082700000, 0x0000000082700000|100%| O|  |TAMS 0x0000000082700000, 0x0000000082700000| Untracked 
|  13|0x0000000082700000, 0x0000000082800000, 0x0000000082800000|100%| O|  |TAMS 0x0000000082800000, 0x0000000082800000| Untracked 
|  14|0x0000000082800000, 0x0000000082900000, 0x0000000082900000|100%| O|  |TAMS 0x0000000082800000, 0x000000008282c800| Untracked 
|  15|0x0000000082900000, 0x0000000082a00000, 0x0000000082a00000|100%| O|  |TAMS 0x0000000082a00000, 0x0000000082a00000| Untracked 
|  16|0x0000000082a00000, 0x0000000082b00000, 0x0000000082b00000|100%| O|  |TAMS 0x0000000082b00000, 0x0000000082b00000| Untracked 
|  17|0x0000000082b00000, 0x0000000082c00000, 0x0000000082c00000|100%| O|  |TAMS 0x0000000082c00000, 0x0000000082c00000| Untracked 
|  18|0x0000000082c00000, 0x0000000082d00000, 0x0000000082d00000|100%| O|  |TAMS 0x0000000082d00000, 0x0000000082d00000| Untracked 
|  19|0x0000000082d00000, 0x0000000082e00000, 0x0000000082e00000|100%| O|  |TAMS 0x0000000082d1c600, 0x0000000082e00000| Untracked 
|  20|0x0000000082e00000, 0x0000000082f00000, 0x0000000082f00000|100%|HS|  |TAMS 0x0000000082e00000, 0x0000000082f00000| Complete 
|  21|0x0000000082f00000, 0x0000000083000000, 0x0000000083000000|100%|HC|  |TAMS 0x0000000082f00000, 0x0000000083000000| Complete 
|  22|0x0000000083000000, 0x0000000083100000, 0x0000000083100000|100%| O|  |TAMS 0x0000000083000000, 0x0000000083000000| Untracked 
|  23|0x0000000083100000, 0x0000000083200000, 0x0000000083200000|100%| O|  |TAMS 0x0000000083100000, 0x0000000083100000| Untracked 
|  24|0x0000000083200000, 0x0000000083244400, 0x0000000083300000| 26%| O|  |TAMS 0x0000000083200000, 0x0000000083200000| Untracked 
|  25|0x0000000083300000, 0x0000000083300000, 0x0000000083400000|  0%| F|  |TAMS 0x0000000083300000, 0x0000000083300000| Untracked 
|  26|0x0000000083400000, 0x0000000083400000, 0x0000000083500000|  0%| F|  |TAMS 0x0000000083400000, 0x0000000083400000| Untracked 
|  27|0x0000000083500000, 0x0000000083500000, 0x0000000083600000|  0%| F|  |TAMS 0x0000000083500000, 0x0000000083500000| Untracked 
|  28|0x0000000083600000, 0x0000000083600000, 0x0000000083700000|  0%| F|  |TAMS 0x0000000083600000, 0x0000000083600000| Untracked 
|  29|0x0000000083700000, 0x0000000083700000, 0x0000000083800000|  0%| F|  |TAMS 0x0000000083700000, 0x0000000083700000| Untracked 
|  30|0x0000000083800000, 0x0000000083800000, 0x0000000083900000|  0%| F|  |TAMS 0x0000000083800000, 0x0000000083800000| Untracked 
|  31|0x0000000083900000, 0x0000000083900000, 0x0000000083a00000|  0%| F|  |TAMS 0x0000000083900000, 0x0000000083900000| Untracked 
|  32|0x0000000083a00000, 0x0000000083a00000, 0x0000000083b00000|  0%| F|  |TAMS 0x0000000083a00000, 0x0000000083a00000| Untracked 
|  33|0x0000000083b00000, 0x0000000083b00000, 0x0000000083c00000|  0%| F|  |TAMS 0x0000000083b00000, 0x0000000083b00000| Untracked 
|  34|0x0000000083c00000, 0x0000000083c00000, 0x0000000083d00000|  0%| F|  |TAMS 0x0000000083c00000, 0x0000000083c00000| Untracked 
|  35|0x0000000083d00000, 0x0000000083d00000, 0x0000000083e00000|  0%| F|  |TAMS 0x0000000083d00000, 0x0000000083d00000| Untracked 
|  36|0x0000000083e00000, 0x0000000083e00000, 0x0000000083f00000|  0%| F|  |TAMS 0x0000000083e00000, 0x0000000083e00000| Untracked 
|  37|0x0000000083f00000, 0x0000000083f00000, 0x0000000084000000|  0%| F|  |TAMS 0x0000000083f00000, 0x0000000083f00000| Untracked 
|  38|0x0000000084000000, 0x0000000084000000, 0x0000000084100000|  0%| F|  |TAMS 0x0000000084000000, 0x0000000084000000| Untracked 
|  39|0x0000000084100000, 0x0000000084100000, 0x0000000084200000|  0%| F|  |TAMS 0x0000000084100000, 0x0000000084100000| Untracked 
|  40|0x0000000084200000, 0x0000000084200000, 0x0000000084300000|  0%| F|  |TAMS 0x0000000084200000, 0x0000000084200000| Untracked 
|  41|0x0000000084300000, 0x00000000843ead40, 0x0000000084400000| 91%| S|CS|TAMS 0x0000000084300000, 0x0000000084300000| Complete 
|  42|0x0000000084400000, 0x0000000084400000, 0x0000000084500000|  0%| F|  |TAMS 0x0000000084400000, 0x0000000084400000| Untracked 
|  95|0x0000000087900000, 0x0000000087900000, 0x0000000087a00000|  0%| F|  |TAMS 0x0000000087900000, 0x0000000087900000| Untracked 
|  96|0x0000000087a00000, 0x0000000087a00000, 0x0000000087b00000|  0%| F|  |TAMS 0x0000000087a00000, 0x0000000087a00000| Untracked 
|  97|0x0000000087b00000, 0x0000000087b00000, 0x0000000087c00000|  0%| F|  |TAMS 0x0000000087b00000, 0x0000000087b00000| Untracked 
|  98|0x0000000087c00000, 0x0000000087c00000, 0x0000000087d00000|  0%| F|  |TAMS 0x0000000087c00000, 0x0000000087c00000| Untracked 
|  99|0x0000000087d00000, 0x0000000087d00000, 0x0000000087e00000|  0%| F|  |TAMS 0x0000000087d00000, 0x0000000087d00000| Untracked 
| 127|0x0000000089900000, 0x0000000089900000, 0x0000000089a00000|  0%| F|  |TAMS 0x0000000089900000, 0x0000000089900000| Untracked 
|2021|0x00000000fff00000, 0x0000000100000000, 0x0000000100000000|100%| O|  |TAMS 0x0000000100000000, 0x0000000100000000| Untracked 

Card table byte_map: [0x000001a219350000,0x000001a219750000] _byte_map_base: 0x000001a218f43000

Marking Bits (Prev, Next): (CMBitMap*) 0x000001a206adb890, (CMBitMap*) 0x000001a206adb850
 Prev Bits: [0x000001a21baf0000, 0x000001a21da88000)
 Next Bits: [0x000001a219b50000, 0x000001a21bae8000)

Polling page: 0x000001a206250000

Metaspace:

Usage:
  Non-class:     42.32 MB used.
      Class:      5.87 MB used.
       Both:     48.19 MB used.

Virtual space:
  Non-class space:       48.00 MB reserved,      42.44 MB ( 88%) committed,  6 nodes.
      Class space:        1.00 GB reserved,       6.00 MB ( <1%) committed,  1 nodes.
             Both:        1.05 GB reserved,      48.44 MB (  5%) committed. 

Chunk freelists:
   Non-Class:  1.12 MB
       Class:  1.98 MB
        Both:  3.11 MB

MaxMetaspaceSize: unlimited
CompressedClassSpaceSize: 1.00 GB
Initial GC threshold: 21.00 MB
Current GC threshold: 73.12 MB
CDS: off
MetaspaceReclaimPolicy: balanced
 - commit_granule_bytes: 65536.
 - commit_granule_words: 8192.
 - virtual_space_node_default_size: 1048576.
 - enlarge_chunks_in_place: 1.
 - new_chunks_are_fully_committed: 0.
 - uncommit_free_chunks: 1.
 - use_allocation_guard: 0.
 - handle_deallocations: 1.


Internal statistics:

num_allocs_failed_limit: 9.
num_arena_births: 182.
num_arena_deaths: 0.
num_vsnodes_births: 7.
num_vsnodes_deaths: 0.
num_space_committed: 773.
num_space_uncommitted: 0.
num_chunks_returned_to_freelist: 9.
num_chunks_taken_from_freelist: 1583.
num_chunk_merges: 9.
num_chunk_splits: 1340.
num_chunks_enlarged: 1215.
num_purges: 0.
num_inconsistent_stats: 0.

CodeHeap 'non-profiled nmethods': size=120000Kb used=1525Kb max_used=1525Kb free=118474Kb
 bounds [0x000001a211a20000, 0x000001a211c90000, 0x000001a218f50000]
CodeHeap 'profiled nmethods': size=120000Kb used=7043Kb max_used=7043Kb free=112956Kb
 bounds [0x000001a209f50000, 0x000001a20a640000, 0x000001a211480000]
CodeHeap 'non-nmethods': size=5760Kb used=1264Kb max_used=1317Kb free=4496Kb
 bounds [0x000001a211480000, 0x000001a2116f0000, 0x000001a211a20000]
 total_blobs=4077 nmethods=3501 adapters=488
 compilation: enabled
              stopped_count=0, restarted_count=0
 full_count=0

Compilation events (20 events):
Event: 5.438 Thread 0x000001a22094c430 3523       3       org.jetbrains.kotlin.storage.LockBasedStorageManager$MapBasedMemoizedFunctionToNotNull::invoke (56 bytes)
Event: 5.438 Thread 0x000001a22094c430 nmethod 3523 0x000001a20a62e890 code [0x000001a20a62ea40, 0x000001a20a62ec18]
Event: 5.438 Thread 0x000001a22094c430 3524       3       java.util.ArrayList$SubList$1::hasNext (20 bytes)
Event: 5.439 Thread 0x000001a22094c430 nmethod 3524 0x000001a20a62ed10 code [0x000001a20a62eea0, 0x000001a20a62f018]
Event: 5.439 Thread 0x000001a22094c430 3525   !   3       org.jetbrains.kotlin.com.intellij.util.io.FileAccessorCache$Handle::release (48 bytes)
Event: 5.440 Thread 0x000001a22094c430 nmethod 3525 0x000001a20a62f110 code [0x000001a20a62f2e0, 0x000001a20a62f658]
Event: 5.440 Thread 0x000001a22094c430 3526       3       java.util.concurrent.atomic.AtomicInteger::decrementAndGet (14 bytes)
Event: 5.440 Thread 0x000001a22094c430 nmethod 3526 0x000001a20a62f890 code [0x000001a20a62fa20, 0x000001a20a62fb38]
Event: 5.440 Thread 0x000001a22094c430 3527       3       org.jetbrains.kotlin.metadata.ProtoBuf$Type$Argument::isInitialized (49 bytes)
Event: 5.441 Thread 0x000001a22094c430 nmethod 3527 0x000001a20a62fc10 code [0x000001a20a62fde0, 0x000001a20a630188]
Event: 5.441 Thread 0x000001a22094c430 3528       3       org.jetbrains.kotlin.metadata.ProtoBuf$Class::getConstructorCount (10 bytes)
Event: 5.441 Thread 0x000001a22094c430 nmethod 3528 0x000001a20a630290 code [0x000001a20a630440, 0x000001a20a630608]
Event: 5.442 Thread 0x000001a220929d00 nmethod 3455 0x000001a211b99f10 code [0x000001a211b9a1c0, 0x000001a211b9bc70]
Event: 5.442 Thread 0x000001a220929d00 3491       4       org.jetbrains.kotlin.com.intellij.lang.java.lexer.JavaLexer::charAt (27 bytes)
Event: 5.442 Thread 0x000001a22094c430 3529       1       org.jetbrains.kotlin.load.kotlin.JvmPackagePartProviderBase$ModuleMappingInfo::component1 (5 bytes)
Event: 5.442 Thread 0x000001a22094c430 nmethod 3529 0x000001a211b9d110 code [0x000001a211b9d2a0, 0x000001a211b9d378]
Event: 5.442 Thread 0x000001a22094c430 3530       1       org.jetbrains.kotlin.load.kotlin.JvmPackagePartProviderBase$ModuleMappingInfo::component2 (5 bytes)
Event: 5.442 Thread 0x000001a22094c430 nmethod 3530 0x000001a211b9d410 code [0x000001a211b9d5a0, 0x000001a211b9d678]
Event: 5.443 Thread 0x000001a22094c430 3531       3       java.lang.AbstractStringBuilder::charAt (36 bytes)
Event: 5.444 Thread 0x000001a22094c430 nmethod 3531 0x000001a20a630710 code [0x000001a20a630900, 0x000001a20a630d38]

GC Heap History (20 events):
Event: 1.802 GC heap after
{Heap after GC invocations=3 (full 0):
 garbage-first heap   total 131072K, used 10271K [0x0000000081a00000, 0x0000000100000000)
  region size 1024K, 5 young (5120K), 5 survivors (5120K)
 Metaspace       used 21338K, committed 21504K, reserved 1073152K
  class space    used 2324K, committed 2432K, reserved 1048576K
}
Event: 2.476 GC heap before
{Heap before GC invocations=4 (full 0):
 garbage-first heap   total 40960K, used 31775K [0x0000000081a00000, 0x0000000100000000)
  region size 1024K, 27 young (27648K), 5 survivors (5120K)
 Metaspace       used 28591K, committed 28800K, reserved 1081344K
  class space    used 3543K, committed 3648K, reserved 1048576K
}
Event: 2.490 GC heap after
{Heap after GC invocations=5 (full 0):
 garbage-first heap   total 40960K, used 11174K [0x0000000081a00000, 0x0000000100000000)
  region size 1024K, 5 young (5120K), 5 survivors (5120K)
 Metaspace       used 28591K, committed 28800K, reserved 1081344K
  class space    used 3543K, committed 3648K, reserved 1048576K
}
Event: 2.967 GC heap before
{Heap before GC invocations=5 (full 0):
 garbage-first heap   total 40960K, used 31654K [0x0000000081a00000, 0x0000000100000000)
  region size 1024K, 23 young (23552K), 5 survivors (5120K)
 Metaspace       used 30502K, committed 30720K, reserved 1081344K
  class space    used 3936K, committed 4032K, reserved 1048576K
}
Event: 2.988 GC heap after
{Heap after GC invocations=6 (full 0):
 garbage-first heap   total 41984K, used 17643K [0x0000000081a00000, 0x0000000100000000)
  region size 1024K, 3 young (3072K), 3 survivors (3072K)
 Metaspace       used 30502K, committed 30720K, reserved 1081344K
  class space    used 3936K, committed 4032K, reserved 1048576K
}
Event: 3.275 GC heap before
{Heap before GC invocations=6 (full 0):
 garbage-first heap   total 41984K, used 28907K [0x0000000081a00000, 0x0000000100000000)
  region size 1024K, 15 young (15360K), 3 survivors (3072K)
 Metaspace       used 33745K, committed 33920K, reserved 1081344K
  class space    used 4305K, committed 4352K, reserved 1048576K
}
Event: 3.283 GC heap after
{Heap after GC invocations=7 (full 0):
 garbage-first heap   total 41984K, used 19127K [0x0000000081a00000, 0x0000000100000000)
  region size 1024K, 2 young (2048K), 2 survivors (2048K)
 Metaspace       used 33745K, committed 33920K, reserved 1081344K
  class space    used 4305K, committed 4352K, reserved 1048576K
}
Event: 3.537 GC heap before
{Heap before GC invocations=7 (full 0):
 garbage-first heap   total 41984K, used 29367K [0x0000000081a00000, 0x0000000100000000)
  region size 1024K, 13 young (13312K), 2 survivors (2048K)
 Metaspace       used 35735K, committed 36032K, reserved 1081344K
  class space    used 4528K, committed 4672K, reserved 1048576K
}
Event: 3.544 GC heap after
{Heap after GC invocations=8 (full 0):
 garbage-first heap   total 51200K, used 18406K [0x0000000081a00000, 0x0000000100000000)
  region size 1024K, 2 young (2048K), 2 survivors (2048K)
 Metaspace       used 35735K, committed 36032K, reserved 1081344K
  class space    used 4528K, committed 4672K, reserved 1048576K
}
Event: 3.550 GC heap before
{Heap before GC invocations=8 (full 0):
 garbage-first heap   total 51200K, used 18406K [0x0000000081a00000, 0x0000000100000000)
  region size 1024K, 3 young (3072K), 2 survivors (2048K)
 Metaspace       used 35849K, committed 36096K, reserved 1081344K
  class space    used 4533K, committed 4672K, reserved 1048576K
}
Event: 3.553 GC heap after
{Heap after GC invocations=9 (full 0):
 garbage-first heap   total 51200K, used 18570K [0x0000000081a00000, 0x0000000100000000)
  region size 1024K, 2 young (2048K), 2 survivors (2048K)
 Metaspace       used 35849K, committed 36096K, reserved 1081344K
  class space    used 4533K, committed 4672K, reserved 1048576K
}
Event: 3.943 GC heap before
{Heap before GC invocations=10 (full 0):
 garbage-first heap   total 51200K, used 37002K [0x0000000081a00000, 0x0000000100000000)
  region size 1024K, 21 young (21504K), 2 survivors (2048K)
 Metaspace       used 39911K, committed 40128K, reserved 1089536K
  class space    used 4901K, committed 4992K, reserved 1048576K
}
Event: 3.949 GC heap after
{Heap after GC invocations=11 (full 0):
 garbage-first heap   total 51200K, used 20371K [0x0000000081a00000, 0x0000000100000000)
  region size 1024K, 3 young (3072K), 3 survivors (3072K)
 Metaspace       used 39911K, committed 40128K, reserved 1089536K
  class space    used 4901K, committed 4992K, reserved 1048576K
}
Event: 3.965 GC heap before
{Heap before GC invocations=11 (full 0):
 garbage-first heap   total 51200K, used 21395K [0x0000000081a00000, 0x0000000100000000)
  region size 1024K, 4 young (4096K), 3 survivors (3072K)
 Metaspace       used 40001K, committed 40256K, reserved 1089536K
  class space    used 4909K, committed 5056K, reserved 1048576K
}
Event: 3.973 GC heap after
{Heap after GC invocations=12 (full 0):
 garbage-first heap   total 51200K, used 20010K [0x0000000081a00000, 0x0000000100000000)
  region size 1024K, 1 young (1024K), 1 survivors (1024K)
 Metaspace       used 40001K, committed 40256K, reserved 1089536K
  class space    used 4909K, committed 5056K, reserved 1048576K
}
Event: 4.582 GC heap before
{Heap before GC invocations=12 (full 0):
 garbage-first heap   total 51200K, used 37418K [0x0000000081a00000, 0x0000000100000000)
  region size 1024K, 18 young (18432K), 1 survivors (1024K)
 Metaspace       used 44641K, committed 44864K, reserved 1089536K
  class space    used 5457K, committed 5568K, reserved 1048576K
}
Event: 4.589 GC heap after
{Heap after GC invocations=13 (full 0):
 garbage-first heap   total 51200K, used 20789K [0x0000000081a00000, 0x0000000100000000)
  region size 1024K, 2 young (2048K), 2 survivors (2048K)
 Metaspace       used 44641K, committed 44864K, reserved 1089536K
  class space    used 5457K, committed 5568K, reserved 1048576K
}
Event: 5.213 GC heap before
{Heap before GC invocations=14 (full 0):
 garbage-first heap   total 51200K, used 40245K [0x0000000081a00000, 0x0000000100000000)
  region size 1024K, 19 young (19456K), 2 survivors (2048K)
 Metaspace       used 47390K, committed 47616K, reserved 1097728K
  class space    used 5770K, committed 5888K, reserved 1048576K
}
Event: 5.226 GC heap after
{Heap after GC invocations=15 (full 0):
 garbage-first heap   total 51200K, used 25711K [0x0000000081a00000, 0x0000000100000000)
  region size 1024K, 3 young (3072K), 3 survivors (3072K)
 Metaspace       used 47390K, committed 47616K, reserved 1097728K
  class space    used 5770K, committed 5888K, reserved 1048576K
}
Event: 5.445 GC heap before
{Heap before GC invocations=15 (full 0):
 garbage-first heap   total 51200K, used 31855K [0x0000000081a00000, 0x0000000100000000)
  region size 1024K, 10 young (10240K), 3 survivors (3072K)
 Metaspace       used 49349K, committed 49600K, reserved 1097728K
  class space    used 6015K, committed 6144K, reserved 1048576K
}

Dll operation events (2 events):
Event: 0.010 Loaded shared library C:\Program Files\Android\Android Studio\jbr\bin\java.dll
Event: 2.143 Loaded shared library C:\Program Files\Android\Android Studio\jbr\bin\verify.dll

Deoptimization events (20 events):
Event: 5.348 Thread 0x000001a206a80620 Uncommon trap: trap_request=0xffffffde fr.pc=0x000001a211b4f29c relative=0x000000000000089c
Event: 5.348 Thread 0x000001a206a80620 Uncommon trap: reason=class_check action=maybe_recompile pc=0x000001a211b4f29c method=org.jetbrains.kotlin.com.intellij.lang.java.lexer.JavaLexer.charAt(I)C @ 21 c2
Event: 5.348 Thread 0x000001a206a80620 DEOPT PACKING pc=0x000001a211b4f29c sp=0x0000007588cfa590
Event: 5.348 Thread 0x000001a206a80620 DEOPT UNPACKING pc=0x000001a2114d69a3 sp=0x0000007588cfa4e8 mode 2
Event: 5.348 Thread 0x000001a206a80620 Uncommon trap: trap_request=0xffffffde fr.pc=0x000001a211b5323c relative=0x000000000000009c
Event: 5.348 Thread 0x000001a206a80620 Uncommon trap: reason=class_check action=maybe_recompile pc=0x000001a211b5323c method=org.jetbrains.kotlin.com.intellij.lang.java.lexer.JavaLexer.charAt(I)C @ 21 c2
Event: 5.348 Thread 0x000001a206a80620 DEOPT PACKING pc=0x000001a211b5323c sp=0x0000007588cfa540
Event: 5.348 Thread 0x000001a206a80620 DEOPT UNPACKING pc=0x000001a2114d69a3 sp=0x0000007588cfa4d8 mode 2
Event: 5.348 Thread 0x000001a206a80620 Uncommon trap: trap_request=0xffffffde fr.pc=0x000001a211b5323c relative=0x000000000000009c
Event: 5.348 Thread 0x000001a206a80620 Uncommon trap: reason=class_check action=maybe_recompile pc=0x000001a211b5323c method=org.jetbrains.kotlin.com.intellij.lang.java.lexer.JavaLexer.charAt(I)C @ 21 c2
Event: 5.348 Thread 0x000001a206a80620 DEOPT PACKING pc=0x000001a211b5323c sp=0x0000007588cfa4c0
Event: 5.348 Thread 0x000001a206a80620 DEOPT UNPACKING pc=0x000001a2114d69a3 sp=0x0000007588cfa458 mode 2
Event: 5.348 Thread 0x000001a206a80620 Uncommon trap: trap_request=0xffffffde fr.pc=0x000001a211b5323c relative=0x000000000000009c
Event: 5.348 Thread 0x000001a206a80620 Uncommon trap: reason=class_check action=maybe_recompile pc=0x000001a211b5323c method=org.jetbrains.kotlin.com.intellij.lang.java.lexer.JavaLexer.charAt(I)C @ 21 c2
Event: 5.348 Thread 0x000001a206a80620 DEOPT PACKING pc=0x000001a211b5323c sp=0x0000007588cfa4c0
Event: 5.348 Thread 0x000001a206a80620 DEOPT UNPACKING pc=0x000001a2114d69a3 sp=0x0000007588cfa458 mode 2
Event: 5.348 Thread 0x000001a206a80620 Uncommon trap: trap_request=0xffffffde fr.pc=0x000001a211b4f29c relative=0x000000000000089c
Event: 5.348 Thread 0x000001a206a80620 Uncommon trap: reason=class_check action=maybe_recompile pc=0x000001a211b4f29c method=org.jetbrains.kotlin.com.intellij.lang.java.lexer.JavaLexer.charAt(I)C @ 21 c2
Event: 5.348 Thread 0x000001a206a80620 DEOPT PACKING pc=0x000001a211b4f29c sp=0x0000007588cfa590
Event: 5.348 Thread 0x000001a206a80620 DEOPT UNPACKING pc=0x000001a2114d69a3 sp=0x0000007588cfa4e8 mode 2

Classes unloaded (0 events):
No events

Classes redefined (0 events):
No events

Internal exceptions (20 events):
Event: 1.853 Thread 0x000001a206a80620 Exception <a 'java/lang/NoSuchMethodError'{0x0000000083ab8210}: 'java.lang.Object java.lang.invoke.DirectMethodHandle$Holder.invokeSpecial(java.lang.Object, java.lang.Object, java.lang.Object, java.lang.Object, long)'> (0x0000000083ab8210) 
thrown [s\src\hotspot\share\interpreter\linkResolver.cpp, line 771]
Event: 1.856 Thread 0x000001a206a80620 Exception <a 'java/lang/NoSuchMethodError'{0x0000000083ac75d0}: 'int java.lang.invoke.DelegatingMethodHandle$Holder.reinvoke_L(java.lang.Object, java.lang.Object, java.lang.Object, long, java.lang.Object, java.lang.Object)'> (0x0000000083ac75d0) 
thrown [s\src\hotspot\share\interpreter\linkResolver.cpp, line 771]
Event: 1.859 Thread 0x000001a206a80620 Exception <a 'java/lang/NoSuchMethodError'{0x0000000083ad6288}: 'int java.lang.invoke.DelegatingMethodHandle$Holder.reinvoke_L(java.lang.Object, java.lang.Object, java.lang.Object, long, int, int)'> (0x0000000083ad6288) 
thrown [s\src\hotspot\share\interpreter\linkResolver.cpp, line 771]
Event: 1.860 Thread 0x000001a206a80620 Exception <a 'java/lang/NoSuchMethodError'{0x0000000083ae4bc0}: 'int java.lang.invoke.DelegatingMethodHandle$Holder.reinvoke_L(java.lang.Object, java.lang.Object, java.lang.Object, long, long, long)'> (0x0000000083ae4bc0) 
thrown [s\src\hotspot\share\interpreter\linkResolver.cpp, line 771]
Event: 1.863 Thread 0x000001a206a80620 Exception <a 'java/lang/NoSuchMethodError'{0x0000000083af31d8}: 'int java.lang.invoke.DelegatingMethodHandle$Holder.reinvoke_L(java.lang.Object, java.lang.Object, java.lang.Object, long, int)'> (0x0000000083af31d8) 
thrown [s\src\hotspot\share\interpreter\linkResolver.cpp, line 771]
Event: 1.887 Thread 0x000001a206a80620 Exception <a 'java/lang/NoSuchMethodError'{0x000000008399d000}: 'int java.lang.invoke.DirectMethodHandle$Holder.invokeStaticInit(java.lang.Object, java.lang.Object, java.lang.Object)'> (0x000000008399d000) 
thrown [s\src\hotspot\share\interpreter\linkResolver.cpp, line 771]
Event: 1.894 Thread 0x000001a206a80620 Exception <a 'java/lang/NoSuchMethodError'{0x00000000839c6cc8}: 'int java.lang.invoke.DirectMethodHandle$Holder.invokeStaticInit(java.lang.Object, java.lang.Object)'> (0x00000000839c6cc8) 
thrown [s\src\hotspot\share\interpreter\linkResolver.cpp, line 771]
Event: 1.915 Thread 0x000001a206a80620 Exception <a 'java/lang/NoSuchMethodError'{0x00000000838a8248}: 'void java.lang.invoke.DirectMethodHandle$Holder.invokeSpecial(java.lang.Object, java.lang.Object, java.lang.Object)'> (0x00000000838a8248) 
thrown [s\src\hotspot\share\interpreter\linkResolver.cpp, line 771]
Event: 2.004 Thread 0x000001a206a80620 Exception <a 'java/lang/NoSuchMethodError'{0x00000000835d4870}: 'void java.lang.invoke.DirectMethodHandle$Holder.invokeStatic(java.lang.Object, java.lang.Object, java.lang.Object, java.lang.Object)'> (0x00000000835d4870) 
thrown [s\src\hotspot\share\interpreter\linkResolver.cpp, line 771]
Event: 2.096 Thread 0x000001a206a80620 Exception <a 'java/lang/NoSuchMethodError'{0x000000008319bd60}: 'void java.lang.invoke.DirectMethodHandle$Holder.invokeStaticInit(java.lang.Object, java.lang.Object)'> (0x000000008319bd60) 
thrown [s\src\hotspot\share\interpreter\linkResolver.cpp, line 771]
Event: 2.227 Thread 0x000001a206a80620 Exception <a 'java/lang/NoSuchMethodError'{0x0000000082c1d368}: 'void java.lang.invoke.DirectMethodHandle$Holder.invokeVirtual(java.lang.Object, java.lang.Object)'> (0x0000000082c1d368) 
thrown [s\src\hotspot\share\interpreter\linkResolver.cpp, line 771]
Event: 2.241 Thread 0x000001a206a80620 Exception <a 'java/lang/NoSuchMethodError'{0x0000000082c997b8}: 'int java.lang.invoke.DirectMethodHandle$Holder.invokeVirtual(java.lang.Object, java.lang.Object)'> (0x0000000082c997b8) 
thrown [s\src\hotspot\share\interpreter\linkResolver.cpp, line 771]
Event: 2.262 Thread 0x000001a206a80620 Exception <a 'java/lang/NoSuchMethodError'{0x0000000082b33080}: 'java.lang.Object java.lang.invoke.Invokers$Holder.invokeExact_MT(java.lang.Object, java.lang.Object, java.lang.Object, java.lang.Object, java.lang.Object, java.lang.Object)'> (0x0000000082b33080) 
thrown [s\src\hotspot\share\interpreter\linkResolver.cpp, line 771]
Event: 3.045 Thread 0x000001a206a80620 Implicit null exception at 0x000001a211a38572 to 0x000001a211a38b48
Event: 3.206 Thread 0x000001a206a80620 Implicit null exception at 0x000001a211a39a72 to 0x000001a211a3a058
Event: 3.266 Thread 0x000001a206a80620 Exception <a 'java/lang/NoSuchMethodError'{0x00000000836c2728}: 'java.lang.Object java.lang.invoke.DirectMethodHandle$Holder.invokeVirtual(java.lang.Object, java.lang.Object, java.lang.Object)'> (0x00000000836c2728) 
thrown [s\src\hotspot\share\interpreter\linkResolver.cpp, line 771]
Event: 4.305 Thread 0x000001a206a80620 Exception <a 'java/lang/NoSuchMethodError'{0x0000000083fb2548}: 'java.lang.Object java.lang.invoke.DirectMethodHandle$Holder.newInvokeSpecial(java.lang.Object, java.lang.Object, int)'> (0x0000000083fb2548) 
thrown [s\src\hotspot\share\interpreter\linkResolver.cpp, line 771]
Event: 4.442 Thread 0x000001a206a80620 Exception <a 'java/lang/NoSuchMethodError'{0x0000000083dee388}: 'java.lang.Object java.lang.invoke.DirectMethodHandle$Holder.newInvokeSpecial(java.lang.Object, java.lang.Object, java.lang.Object, int)'> (0x0000000083dee388) 
thrown [s\src\hotspot\share\interpreter\linkResolver.cpp, line 771]
Event: 4.443 Thread 0x000001a206a80620 Exception <a 'java/lang/NoSuchMethodError'{0x0000000083df2a10}: 'java.lang.Object java.lang.invoke.DirectMethodHandle$Holder.invokeSpecial(java.lang.Object, java.lang.Object, java.lang.Object, java.lang.Object, int)'> (0x0000000083df2a10) 
thrown [s\src\hotspot\share\interpreter\linkResolver.cpp, line 771]
Event: 4.444 Thread 0x000001a206a80620 Exception <a 'java/lang/NoSuchMethodError'{0x0000000083df6880}: 'java.lang.Object java.lang.invoke.Invokers$Holder.linkToTargetMethod(java.lang.Object, java.lang.Object, int, java.lang.Object)'> (0x0000000083df6880) 
thrown [s\src\hotspot\share\interpreter\linkResolver.cpp, line 771]

VM Operations (20 events):
Event: 4.649 Executing VM operation: G1Concurrent done
Event: 4.672 Executing VM operation: G1Concurrent
Event: 4.673 Executing VM operation: G1Concurrent done
Event: 4.698 Executing VM operation: HandshakeAllThreads
Event: 4.698 Executing VM operation: HandshakeAllThreads done
Event: 4.968 Executing VM operation: HandshakeAllThreads
Event: 4.968 Executing VM operation: HandshakeAllThreads done
Event: 5.112 Executing VM operation: HandshakeAllThreads
Event: 5.112 Executing VM operation: HandshakeAllThreads done
Event: 5.213 Executing VM operation: G1CollectForAllocation
Event: 5.226 Executing VM operation: G1CollectForAllocation done
Event: 5.240 Executing VM operation: HandshakeAllThreads
Event: 5.240 Executing VM operation: HandshakeAllThreads done
Event: 5.410 Executing VM operation: HandshakeAllThreads
Event: 5.410 Executing VM operation: HandshakeAllThreads done
Event: 5.413 Executing VM operation: HandshakeAllThreads
Event: 5.413 Executing VM operation: HandshakeAllThreads done
Event: 5.430 Executing VM operation: HandshakeAllThreads
Event: 5.430 Executing VM operation: HandshakeAllThreads done
Event: 5.445 Executing VM operation: G1TryInitiateConcMark

Events (20 events):
Event: 4.893 loading class java/util/stream/ReduceOps$Box done
Event: 4.893 loading class java/util/stream/ReduceOps$3ReducingSink done
Event: 4.893 loading class java/util/stream/ReferencePipeline$2$1
Event: 4.893 loading class java/util/stream/ReferencePipeline$2$1 done
Event: 4.893 loading class java/util/stream/IntPipeline$1$1
Event: 4.893 loading class java/util/stream/Sink$ChainedInt
Event: 4.893 loading class java/util/stream/Sink$OfInt
Event: 4.893 loading class java/util/function/IntConsumer
Event: 4.893 loading class java/util/function/IntConsumer done
Event: 4.894 loading class java/util/stream/Sink$OfInt done
Event: 4.894 loading class java/util/stream/Sink$ChainedInt done
Event: 4.894 loading class java/util/stream/IntPipeline$1$1 done
Event: 4.977 loading class java/text/StringCharacterIterator
Event: 4.977 loading class java/text/CharacterIterator
Event: 4.977 loading class java/text/CharacterIterator done
Event: 4.977 loading class java/text/StringCharacterIterator done
Event: 5.055 loading class java/security/CodeSigner
Event: 5.055 loading class java/security/CodeSigner done
Event: 5.431 loading class java/util/ComparableTimSort
Event: 5.431 loading class java/util/ComparableTimSort done


Dynamic libraries:
0x00007ff67cd10000 - 0x00007ff67cd1a000 	C:\Program Files\Android\Android Studio\jbr\bin\java.exe
0x00007fff08390000 - 0x00007fff08587000 	C:\Windows\SYSTEM32\ntdll.dll
0x00007fff06da0000 - 0x00007fff06e5d000 	C:\Windows\System32\KERNEL32.DLL
0x00007fff05f60000 - 0x00007fff06256000 	C:\Windows\System32\KERNELBASE.dll
0x00007fff05e60000 - 0x00007fff05f60000 	C:\Windows\System32\ucrtbase.dll
0x00007ffefd690000 - 0x00007ffefd6a7000 	C:\Program Files\Android\Android Studio\jbr\bin\jli.dll
0x00007ffef8290000 - 0x00007ffef82ab000 	C:\Program Files\Android\Android Studio\jbr\bin\VCRUNTIME140.dll
0x00007fff06790000 - 0x00007fff0692e000 	C:\Windows\System32\USER32.dll
0x00007fff05e30000 - 0x00007fff05e52000 	C:\Windows\System32\win32u.dll
0x00007ffef5440000 - 0x00007ffef56da000 	C:\Windows\WinSxS\amd64_microsoft.windows.common-controls_6595b64144ccf1df_6.0.19041.3570_none_60bb2a3971f3e41a\COMCTL32.dll
0x00007fff08180000 - 0x00007fff081ac000 	C:\Windows\System32\GDI32.dll
0x00007fff071d0000 - 0x00007fff0726e000 	C:\Windows\System32\msvcrt.dll
0x00007fff062d0000 - 0x00007fff063ea000 	C:\Windows\System32\gdi32full.dll
0x00007fff05aa0000 - 0x00007fff05b3d000 	C:\Windows\System32\msvcp_win.dll
0x00007fff081b0000 - 0x00007fff081e0000 	C:\Windows\System32\IMM32.DLL
0x00007fff00e80000 - 0x00007fff00e8c000 	C:\Program Files\Android\Android Studio\jbr\bin\vcruntime140_1.dll
0x00007ffeee9c0000 - 0x00007ffeeea4d000 	C:\Program Files\Android\Android Studio\jbr\bin\msvcp140.dll
0x00007ffeb1690000 - 0x00007ffeb22fe000 	C:\Program Files\Android\Android Studio\jbr\bin\server\jvm.dll
0x00007fff082a0000 - 0x00007fff0834e000 	C:\Windows\System32\ADVAPI32.dll
0x00007fff07550000 - 0x00007fff075ec000 	C:\Windows\System32\sechost.dll
0x00007fff06660000 - 0x00007fff06786000 	C:\Windows\System32\RPCRT4.dll
0x00007fff010c0000 - 0x00007fff010c9000 	C:\Windows\SYSTEM32\WSOCK32.dll
0x00007ffef8490000 - 0x00007ffef84b7000 	C:\Windows\SYSTEM32\WINMM.dll
0x00007ffef4cb0000 - 0x00007ffef4cba000 	C:\Windows\SYSTEM32\VERSION.dll
0x00007fff07960000 - 0x00007fff079cb000 	C:\Windows\System32\WS2_32.dll
0x00007fff042a0000 - 0x00007fff042b2000 	C:\Windows\SYSTEM32\kernel.appcore.dll
0x00007ffeed880000 - 0x00007ffeed88a000 	C:\Program Files\Android\Android Studio\jbr\bin\jimage.dll
0x00007ffeee7a0000 - 0x00007ffeee984000 	C:\Windows\SYSTEM32\DBGHELP.DLL
0x00007ffeee630000 - 0x00007ffeee664000 	C:\Windows\SYSTEM32\dbgcore.DLL
0x00007fff05da0000 - 0x00007fff05e22000 	C:\Windows\System32\bcryptPrimitives.dll
0x00007ffebc480000 - 0x00007ffebc4a5000 	C:\Program Files\Android\Android Studio\jbr\bin\java.dll
0x00007ffeb5410000 - 0x00007ffeb5428000 	C:\Program Files\Android\Android Studio\jbr\bin\zip.dll
0x00007fff07a30000 - 0x00007fff08174000 	C:\Windows\System32\SHELL32.dll
0x00007fff03560000 - 0x00007fff03cfb000 	C:\Windows\SYSTEM32\windows.storage.dll
0x00007fff06e70000 - 0x00007fff071c4000 	C:\Windows\System32\combase.dll
0x00007fff05440000 - 0x00007fff0546d000 	C:\Windows\SYSTEM32\Wldp.dll
0x00007fff075f0000 - 0x00007fff0769d000 	C:\Windows\System32\SHCORE.dll
0x00007fff08240000 - 0x00007fff08295000 	C:\Windows\System32\shlwapi.dll
0x00007fff059a0000 - 0x00007fff059c5000 	C:\Windows\SYSTEM32\profapi.dll
0x00007ffeb53f0000 - 0x00007ffeb5409000 	C:\Program Files\Android\Android Studio\jbr\bin\net.dll
0x00007ffef9640000 - 0x00007ffef974a000 	C:\Windows\SYSTEM32\WINHTTP.dll
0x00007fff05140000 - 0x00007fff051aa000 	C:\Windows\system32\mswsock.dll
0x00007ffeb53d0000 - 0x00007ffeb53e6000 	C:\Program Files\Android\Android Studio\jbr\bin\nio.dll
0x00007ffede000000 - 0x00007ffede010000 	C:\Program Files\Android\Android Studio\jbr\bin\verify.dll

dbghelp: loaded successfully - version: 4.0.5 - missing functions: none
symbol engine: initialized successfully - sym options: 0x614 - pdb path: .;C:\Program Files\Android\Android Studio\jbr\bin;C:\Windows\SYSTEM32;C:\Windows\WinSxS\amd64_microsoft.windows.common-controls_6595b64144ccf1df_6.0.19041.3570_none_60bb2a3971f3e41a;C:\Program Files\Android\Android Studio\jbr\bin\server

VM Arguments:
java_command: org.jetbrains.kotlin.cli.jvm.K2JVMCompiler @C:\Users\refrizar.dwiardito\AndroidStudioProjects\Catwell\app\build\20231014_6041703418686338795.compiler.options
java_class_path (initial): C:\Users\refrizar.dwiardito\.jdks\openjdk-21\caches\modules-2\files-2.1\org.jetbrains.kotlin\kotlin-compiler-embeddable\1.9.0\2c8c3a7402becca891f12739b3e9fd2dc2adbd7a\kotlin-compiler-embeddable-1.9.0.jar;C:\Users\refrizar.dwiardito\.jdks\openjdk-21\caches\modules-2\files-2.1\org.jetbrains.kotlin\kotlin-stdlib\1.9.0\8ee15ef0c67dc83d874f412d84378d7f0eb50b63\kotlin-stdlib-1.9.0.jar;C:\Users\refrizar.dwiardito\.jdks\openjdk-21\caches\modules-2\files-2.1\org.jetbrains.kotlin\kotlin-script-runtime\1.9.0\4b3102cbbb7e1b58d9d1adf89563f00069ffa7d1\kotlin-script-runtime-1.9.0.jar;C:\Users\refrizar.dwiardito\.jdks\openjdk-21\caches\modules-2\files-2.1\org.jetbrains.kotlin\kotlin-reflect\1.6.10\1cbe9c92c12a94eea200d23c2bbaedaf3daf5132\kotlin-reflect-1.6.10.jar;C:\Users\refrizar.dwiardito\.jdks\openjdk-21\caches\modules-2\files-2.1\org.jetbrains.kotlin\kotlin-daemon-embeddable\1.9.0\186543f5e28cf8d9a0290fecc2cf34301c40a65c\kotlin-daemon-embeddable-1.9.0.jar;C:\Users\refrizar.dwiardito\.jdks\openjdk-21\caches\modules-2\files-2.1\org.jetbrains.intellij.deps\trove4j\1.0.20200330\3afb14d5f9ceb459d724e907a21145e8ff394f02\trove4j-1.0.20200330.jar;C:\Users\refrizar.dwiardito\.jdks\openjdk-21\caches\modules-2\files-2.1\org.jetbrains.kotlin\kotlin-stdlib-common\1.9.0\cd65c21cfd1eec4d44ef09f9f52b6d9f8a720636\kotlin-stdlib-common-1.9.0.jar;C:\Users\refrizar.dwiardito\.jdks\openjdk-21\caches\modules-2\files-2.1\org.jetbrains\annotations\13.0\919f0dfe192fb4e063e7dacadee7f8bb9a2672a9\annotations-13.0.jar
Launcher Type: SUN_STANDARD

[Global flags]
     intx CICompilerCount                          = 3                                         {product} {ergonomic}
     uint ConcGCThreads                            = 1                                         {product} {ergonomic}
     uint G1ConcRefinementThreads                  = 4                                         {product} {ergonomic}
   size_t G1HeapRegionSize                         = 1048576                                   {product} {ergonomic}
    uintx GCDrainStackTargetSize                   = 64                                        {product} {ergonomic}
   size_t InitialHeapSize                          = 134217728                                 {product} {ergonomic}
   size_t MarkStackSize                            = 4194304                                   {product} {ergonomic}
   size_t MaxHeapSize                              = 2120220672                                {product} {ergonomic}
   size_t MaxNewSize                               = 1271922688                                {product} {ergonomic}
   size_t MinHeapDeltaBytes                        = 1048576                                   {product} {ergonomic}
   size_t MinHeapSize                              = 8388608                                   {product} {ergonomic}
    uintx NonNMethodCodeHeapSize                   = 5832780                                {pd product} {ergonomic}
    uintx NonProfiledCodeHeapSize                  = 122912730                              {pd product} {ergonomic}
    uintx ProfiledCodeHeapSize                     = 122912730                              {pd product} {ergonomic}
    uintx ReservedCodeCacheSize                    = 251658240                              {pd product} {ergonomic}
     bool SegmentedCodeCache                       = true                                      {product} {ergonomic}
   size_t SoftMaxHeapSize                          = 2120220672                             {manageable} {ergonomic}
     bool UseCompressedClassPointers               = true                           {product lp64_product} {ergonomic}
     bool UseCompressedOops                        = true                           {product lp64_product} {ergonomic}
     bool UseG1GC                                  = true                                      {product} {ergonomic}
     bool UseLargePagesIndividualAllocation        = false                                  {pd product} {ergonomic}

Logging:
Log output configuration:
 #0: stdout all=warning uptime,level,tags
 #1: stderr all=off uptime,level,tags

Environment Variables:
JAVA_HOME=C:\Users\refrizar.dwiardito\.jdks\openjdk-21
PATH=C:\Program Files\Common Files\Oracle\Java\javapath;C:\Windows\system32;C:\Windows;C:\Windows\System32\Wbem;C:\Windows\System32\WindowsPowerShell\v1.0\;C:\Windows\System32\OpenSSH\;C:\Program Files\mingw-w64\x86_64-8.1.0-posix-seh-rt_v6-rev0\mingw64\bin;C:\Users\refrizar.dwiardito\AppData\Local\Programs\Python\Python310\Scripts;C:\Users\refrizar.dwiardito\.jdks\openjdk-21\bin;C:\Program Files\PuTTY\;C:\Program Files\gradle-8.3\bin;C:\Program Files\Git\cmd;C:\Users\refrizar.dwiardito\AppData\Local\Programs\Python\Python310\Scripts\;C:\Users\refrizar.dwiardito\AppData\Local\Programs\Python\Python310\;C:\Users\refrizar.dwiardito\AppData\Local\Microsoft\WindowsApps;;C:\Users\refrizar.dwiardito\AppData\Local\Programs\Microsoft VS Code\bin
USERNAME=refrizar.dwiardito
OS=Windows_NT
PROCESSOR_IDENTIFIER=Intel64 Family 6 Model 61 Stepping 4, GenuineIntel
TMP=C:\Users\REFRIZ~1.DWI\AppData\Local\Temp
TEMP=C:\Users\REFRIZ~1.DWI\AppData\Local\Temp


JNI global refs:
JNI global refs: 8, weak refs: 6

JNI global refs memory usage: 843, weak refs: 841


---------------  S Y S T E M  ---------------

OS:
 Windows 10 , 64 bit Build 19041 (10.0.19041.3570)
OS uptime: 0 days 6:24 hours

CPU: total 4 (initial active 4) (2 cores per cpu, 2 threads per core) family 6 model 61 stepping 4 microcode 0x2f, cx8, cmov, fxsr, ht, mmx, 3dnowpref, sse, sse2, sse3, ssse3, sse4.1, sse4.2, popcnt, lzcnt, tsc, tscinvbit, avx, avx2, aes, erms, clmul, bmi1, bmi2, adx, fma, vzeroupper, clflush

Memory: 4k page, system-wide physical 8083M (714M free)
TotalPageFile size 8083M (AvailPageFile size 23M)
current process WorkingSet (physical memory assigned to process): 178M, peak: 182M
current process commit charge ("private bytes"): 208M, peak: 258M

vm_info: OpenJDK 64-Bit Server VM (17.0.6+0-b2043.56-10027231) for windows-amd64 JRE (17.0.6+0-b2043.56-10027231), built on Apr 28 2023 00:43:19 by "androidbuild" with MS VC++ 16.10 / 16.11 (VS2019)

END.
