#
# There is insufficient memory for the Java Runtime Environment to continue.
# Native memory allocation (malloc) failed to allocate 1706416 bytes for Chunk::new
# Possible reasons:
#   The system is out of physical RAM or swap space
#   The process is running with CompressedOops enabled, and the Java Heap may be blocking the growth of the native heap
# Possible solutions:
#   Reduce memory load on the system
#   Increase physical memory or swap space
#   Check if swap backing store is full
#   Decrease Java heap size (-Xmx/-Xms)
#   Decrease number of Java threads
#   Decrease Java thread stack sizes (-Xss)
#   Set larger code cache with -XX:ReservedCodeCacheSize=
#   JVM is running with Unscaled Compressed Oops mode in which the Java heap is
#     placed in the first 4GB address space. The Java Heap base address is the
#     maximum limit for the native heap growth. Please use -XX:HeapBaseMinAddress
#     to set the Java Heap base and to place the Java Heap above 4GB virtual address.
# This output file may be truncated or incomplete.
#
#  Out of Memory Error (arena.cpp:189), pid=4688, tid=992
#
# JRE version: OpenJDK Runtime Environment (17.0.6) (build 17.0.6+0-b2043.56-10027231)
# Java VM: OpenJDK 64-Bit Server VM (17.0.6+0-b2043.56-10027231, mixed mode, tiered, compressed oops, compressed class ptrs, g1 gc, windows-amd64)
# No core dump will be written. Minidumps are not enabled by default on client versions of Windows
#

---------------  S U M M A R Y ------------

Command Line: --add-opens=java.base/java.util=ALL-UNNAMED --add-opens=java.base/java.lang=ALL-UNNAMED --add-opens=java.base/java.lang.invoke=ALL-UNNAMED --add-opens=java.prefs/java.util.prefs=ALL-UNNAMED --add-opens=java.base/java.nio.charset=ALL-UNNAMED --add-opens=java.base/java.net=ALL-UNNAMED --add-opens=java.base/java.util.concurrent.atomic=ALL-UNNAMED -Xmx2048m -Dfile.encoding=UTF-8 -Duser.country=US -Duser.language=en -Duser.variant org.gradle.launcher.daemon.bootstrap.GradleDaemon 8.0

Host: Intel(R) Core(TM) i5-5200U CPU @ 2.20GHz, 4 cores, 7G,  Windows 10 , 64 bit Build 19041 (10.0.19041.3570)
Time: Sun Oct 15 09:06:52 2023 SE Asia Standard Time elapsed time: 70.207525 seconds (0d 0h 1m 10s)

---------------  T H R E A D  ---------------

Current thread (0x000001abaae07410):  JavaThread "C2 CompilerThread0" daemon [_thread_in_native, id=992, stack(0x00000032b7000000,0x00000032b7100000)]


Current CompileTask:
C2:  70207 8923       4       java.lang.Class::annotationData (44 bytes)

Stack: [0x00000032b7000000,0x00000032b7100000]
Native frames: (J=compiled Java code, j=interpreted, Vv=VM code, C=native code)
V  [jvm.dll+0x683c9a]
V  [jvm.dll+0x8427a4]
V  [jvm.dll+0x843f9e]
V  [jvm.dll+0x844603]
V  [jvm.dll+0x249b75]
V  [jvm.dll+0xabcac]
V  [jvm.dll+0xac27c]
V  [jvm.dll+0x368802]
V  [jvm.dll+0x332f31]
V  [jvm.dll+0x3323da]
V  [jvm.dll+0x21c201]
V  [jvm.dll+0x21b621]
V  [jvm.dll+0x1a4fdd]
V  [jvm.dll+0x22b098]
V  [jvm.dll+0x229159]
V  [jvm.dll+0x7f81ec]
V  [jvm.dll+0x7f274a]
V  [jvm.dll+0x682ad5]
C  [ucrtbase.dll+0x21bb2]
C  [KERNEL32.DLL+0x17344]
C  [ntdll.dll+0x526b1]


---------------  P R O C E S S  ---------------

Threads class SMR info:
_java_thread_list=0x000001abae1a3f40, length=83, elements={
0x000001ab917f8ef0, 0x000001abaadae3d0, 0x000001abaadaf8f0, 0x000001abaadfc010,
0x000001abaadffa00, 0x000001abaae00a60, 0x000001abaae02ad0, 0x000001abaae07410,
0x000001abaae08560, 0x000001abaae0b610, 0x000001abab97ee50, 0x000001abab981390,
0x000001abadee13f0, 0x000001abac05cfb0, 0x000001abacdffe60, 0x000001abae2aa280,
0x000001abad3379e0, 0x000001abad337eb0, 0x000001abace728d0, 0x000001abac9ddb30,
0x000001abac9dbe50, 0x000001abac9de4d0, 0x000001abac9dafe0, 0x000001abac9dd190,
0x000001abac9db4b0, 0x000001abac9dc7f0, 0x000001abac9dccc0, 0x000001abac9de000,
0x000001abadf3b130, 0x000001abadf41170, 0x000001abadf41b10, 0x000001abadf3c470,
0x000001abadf3a2c0, 0x000001abadf3b600, 0x000001abadf3c940, 0x000001abadf407d0,
0x000001abadf3ac60, 0x000001abadf3ce10, 0x000001abadf3bad0, 0x000001abadf3dc80,
0x000001abadf3bfa0, 0x000001abadf3eaf0, 0x000001abadf3f490, 0x000001abadf3f960,
0x000001abadf3fe30, 0x000001abadf40300, 0x000001abacbb4fb0, 0x000001abacbb62f0,
0x000001abacbb5e20, 0x000001abacbba650, 0x000001abacbb67c0, 0x000001abacbb9cb0,
0x000001abacbbaff0, 0x000001abacbb97e0, 0x000001abacbba180, 0x000001abacbb7fd0,
0x000001abacbb84a0, 0x000001abacbb8970, 0x000001abacbb5480, 0x000001abacbb7630,
0x000001abacbbb4c0, 0x000001abacbb4140, 0x000001abacbb4ae0, 0x000001abacbb5950,
0x000001abacbb8e40, 0x000001abacbb6c90, 0x000001abacbb7160, 0x000001abacbb4610,
0x000001abacbb3c70, 0x000001abacbb9310, 0x000001abacbbab20, 0x000001abacbb7b00,
0x000001ababbe44a0, 0x000001ababbe5310, 0x000001ababbe0610, 0x000001ababbe4970,
0x000001ababbe4e40, 0x000001ababbe0fb0, 0x000001ababbe6180, 0x000001ababbe57e0,
0x000001ababbe5cb0, 0x000001ababbe1480, 0x000001abb20fd700
}

Java Threads: ( => current thread )
  0x000001ab917f8ef0 JavaThread "main" [_thread_blocked, id=4432, stack(0x00000032b6300000,0x00000032b6400000)]
  0x000001abaadae3d0 JavaThread "Reference Handler" daemon [_thread_blocked, id=8448, stack(0x00000032b6a00000,0x00000032b6b00000)]
  0x000001abaadaf8f0 JavaThread "Finalizer" daemon [_thread_blocked, id=9276, stack(0x00000032b6b00000,0x00000032b6c00000)]
  0x000001abaadfc010 JavaThread "Signal Dispatcher" daemon [_thread_blocked, id=2236, stack(0x00000032b6c00000,0x00000032b6d00000)]
  0x000001abaadffa00 JavaThread "Attach Listener" daemon [_thread_blocked, id=9372, stack(0x00000032b6d00000,0x00000032b6e00000)]
  0x000001abaae00a60 JavaThread "Service Thread" daemon [_thread_blocked, id=9344, stack(0x00000032b6e00000,0x00000032b6f00000)]
  0x000001abaae02ad0 JavaThread "Monitor Deflation Thread" daemon [_thread_blocked, id=6448, stack(0x00000032b6f00000,0x00000032b7000000)]
=>0x000001abaae07410 JavaThread "C2 CompilerThread0" daemon [_thread_in_native, id=992, stack(0x00000032b7000000,0x00000032b7100000)]
  0x000001abaae08560 JavaThread "C1 CompilerThread0" daemon [_thread_blocked, id=2940, stack(0x00000032b7100000,0x00000032b7200000)]
  0x000001abaae0b610 JavaThread "Sweeper thread" daemon [_thread_blocked, id=7332, stack(0x00000032b7200000,0x00000032b7300000)]
  0x000001abab97ee50 JavaThread "Common-Cleaner" daemon [_thread_blocked, id=9164, stack(0x00000032b7300000,0x00000032b7400000)]
  0x000001abab981390 JavaThread "Notification Thread" daemon [_thread_blocked, id=7520, stack(0x00000032b7400000,0x00000032b7500000)]
  0x000001abadee13f0 JavaThread "Daemon health stats" [_thread_blocked, id=2836, stack(0x00000032b7a00000,0x00000032b7b00000)]
  0x000001abac05cfb0 JavaThread "Incoming local TCP Connector on port 50788" [_thread_in_native, id=6340, stack(0x00000032b7900000,0x00000032b7a00000)]
  0x000001abacdffe60 JavaThread "Daemon periodic checks" [_thread_blocked, id=2788, stack(0x00000032b7b00000,0x00000032b7c00000)]
  0x000001abae2aa280 JavaThread "Daemon" [_thread_blocked, id=3016, stack(0x00000032b7c00000,0x00000032b7d00000)]
  0x000001abad3379e0 JavaThread "Handler for socket connection from /127.0.0.1:50788 to /127.0.0.1:50789" [_thread_in_native, id=9224, stack(0x00000032b7d00000,0x00000032b7e00000)]
  0x000001abad337eb0 JavaThread "Cancel handler" [_thread_blocked, id=6136, stack(0x00000032b7e00000,0x00000032b7f00000)]
  0x000001abace728d0 JavaThread "Daemon worker" [_thread_in_vm, id=4932, stack(0x00000032b7f00000,0x00000032b8000000)]
  0x000001abac9ddb30 JavaThread "Asynchronous log dispatcher for DefaultDaemonConnection: socket connection from /127.0.0.1:50788 to /127.0.0.1:50789" [_thread_blocked, id=5496, stack(0x00000032b8000000,0x00000032b8100000)]
  0x000001abac9dbe50 JavaThread "Daemon client event forwarder" [_thread_blocked, id=6300, stack(0x00000032b8200000,0x00000032b8300000)]
  0x000001abac9de4d0 JavaThread "Cache worker for journal cache (C:\Users\refrizar.dwiardito\.jdks\openjdk-21\caches\journal-1)" [_thread_blocked, id=8732, stack(0x00000032b8300000,0x00000032b8400000)]
  0x000001abac9dafe0 JavaThread "File lock request listener" [_thread_in_native, id=5372, stack(0x00000032b8400000,0x00000032b8500000)]
  0x000001abac9dd190 JavaThread "Cache worker for file hash cache (C:\Users\refrizar.dwiardito\.jdks\openjdk-21\caches\8.0\fileHashes)" [_thread_blocked, id=7464, stack(0x00000032b8500000,0x00000032b8600000)]
  0x000001abac9db4b0 JavaThread "File watcher server" daemon [_thread_in_native, id=7256, stack(0x00000032b8600000,0x00000032b8700000)]
  0x000001abac9dc7f0 JavaThread "File watcher consumer" daemon [_thread_blocked, id=9248, stack(0x00000032b8700000,0x00000032b8800000)]
  0x000001abac9dccc0 JavaThread "Cache worker for checksums cache (C:\Users\refrizar.dwiardito\AndroidStudioProjects\Catwell\.gradle\8.0\checksums)" [_thread_blocked, id=3920, stack(0x00000032b8800000,0x00000032b8900000)]
  0x000001abac9de000 JavaThread "Cache worker for cache directory md-rule (C:\Users\refrizar.dwiardito\.jdks\openjdk-21\caches\8.0\md-rule)" [_thread_blocked, id=2592, stack(0x00000032b8900000,0x00000032b8a00000)]
  0x000001abadf3b130 JavaThread "Cache worker for file content cache (C:\Users\refrizar.dwiardito\.jdks\openjdk-21\caches\8.0\fileContent)" [_thread_blocked, id=9864, stack(0x00000032b8a00000,0x00000032b8b00000)]
  0x000001abadf41170 JavaThread "Cache worker for file hash cache (C:\Users\refrizar.dwiardito\AndroidStudioProjects\Catwell\.gradle\8.0\fileHashes)" [_thread_blocked, id=1488, stack(0x00000032b8b00000,0x00000032b8c00000)]
  0x000001abadf41b10 JavaThread "Cache worker for cache directory md-supplier (C:\Users\refrizar.dwiardito\.jdks\openjdk-21\caches\8.0\md-supplier)" [_thread_blocked, id=8472, stack(0x00000032b8c00000,0x00000032b8d00000)]
  0x000001abadf3c470 JavaThread "Cache worker for execution history cache (C:\Users\refrizar.dwiardito\.jdks\openjdk-21\caches\8.0\executionHistory)" [_thread_blocked, id=1328, stack(0x00000032b8d00000,0x00000032b8e00000)]
  0x000001abadf3a2c0 JavaThread "jar transforms" [_thread_blocked, id=9416, stack(0x00000032b8e00000,0x00000032b8f00000)]
  0x000001abadf3b600 JavaThread "jar transforms Thread 2" [_thread_blocked, id=3656, stack(0x00000032b8f00000,0x00000032b9000000)]
  0x000001abadf3c940 JavaThread "jar transforms Thread 3" [_thread_blocked, id=5016, stack(0x00000032b9000000,0x00000032b9100000)]
  0x000001abadf407d0 JavaThread "jar transforms Thread 4" [_thread_blocked, id=9444, stack(0x00000032b9200000,0x00000032b9300000)]
  0x000001abadf3ac60 JavaThread "Cache worker for dependencies-accessors (C:\Users\refrizar.dwiardito\AndroidStudioProjects\Catwell\.gradle\8.0\dependencies-accessors)" [_thread_blocked, id=3280, stack(0x00000032b9300000,0x00000032b9400000)]
  0x000001abadf3ce10 JavaThread "Cache worker for Build Output Cleanup Cache (C:\Users\refrizar.dwiardito\AndroidStudioProjects\Catwell\.gradle\buildOutputCleanup)" [_thread_blocked, id=5840, stack(0x00000032b9100000,0x00000032b9200000)]
  0x000001abadf3bad0 JavaThread "Unconstrained build operations" [_thread_blocked, id=9420, stack(0x00000032b9400000,0x00000032b9500000)]
  0x000001abadf3dc80 JavaThread "Unconstrained build operations Thread 2" [_thread_blocked, id=9296, stack(0x00000032b9500000,0x00000032b9600000)]
  0x000001abadf3bfa0 JavaThread "Unconstrained build operations Thread 3" [_thread_blocked, id=9860, stack(0x00000032b9600000,0x00000032b9700000)]
  0x000001abadf3eaf0 JavaThread "Unconstrained build operations Thread 4" [_thread_blocked, id=8256, stack(0x00000032b9700000,0x00000032b9800000)]
  0x000001abadf3f490 JavaThread "Unconstrained build operations Thread 5" [_thread_blocked, id=9188, stack(0x00000032b9800000,0x00000032b9900000)]
  0x000001abadf3f960 JavaThread "Unconstrained build operations Thread 6" [_thread_blocked, id=9412, stack(0x00000032b9900000,0x00000032b9a00000)]
  0x000001abadf3fe30 JavaThread "Unconstrained build operations Thread 7" [_thread_blocked, id=2060, stack(0x00000032b9a00000,0x00000032b9b00000)]
  0x000001abadf40300 JavaThread "Unconstrained build operations Thread 8" [_thread_blocked, id=4944, stack(0x00000032b9b00000,0x00000032b9c00000)]
  0x000001abacbb4fb0 JavaThread "Unconstrained build operations Thread 9" [_thread_blocked, id=9628, stack(0x00000032b9c00000,0x00000032b9d00000)]
  0x000001abacbb62f0 JavaThread "Unconstrained build operations Thread 10" [_thread_blocked, id=8236, stack(0x00000032b9d00000,0x00000032b9e00000)]
  0x000001abacbb5e20 JavaThread "Unconstrained build operations Thread 11" [_thread_blocked, id=5388, stack(0x00000032b9e00000,0x00000032b9f00000)]
  0x000001abacbba650 JavaThread "Unconstrained build operations Thread 12" [_thread_blocked, id=4012, stack(0x00000032b9f00000,0x00000032ba000000)]
  0x000001abacbb67c0 JavaThread "Unconstrained build operations Thread 13" [_thread_blocked, id=5324, stack(0x00000032ba000000,0x00000032ba100000)]
  0x000001abacbb9cb0 JavaThread "Unconstrained build operations Thread 14" [_thread_blocked, id=10128, stack(0x00000032ba100000,0x00000032ba200000)]
  0x000001abacbbaff0 JavaThread "Unconstrained build operations Thread 15" [_thread_blocked, id=7812, stack(0x00000032ba200000,0x00000032ba300000)]
  0x000001abacbb97e0 JavaThread "Unconstrained build operations Thread 16" [_thread_blocked, id=1164, stack(0x00000032ba300000,0x00000032ba400000)]
  0x000001abacbba180 JavaThread "Unconstrained build operations Thread 17" [_thread_blocked, id=2192, stack(0x00000032ba400000,0x00000032ba500000)]
  0x000001abacbb7fd0 JavaThread "Unconstrained build operations Thread 18" [_thread_blocked, id=212, stack(0x00000032ba500000,0x00000032ba600000)]
  0x000001abacbb84a0 JavaThread "Unconstrained build operations Thread 19" [_thread_blocked, id=7480, stack(0x00000032ba600000,0x00000032ba700000)]
  0x000001abacbb8970 JavaThread "Unconstrained build operations Thread 20" [_thread_blocked, id=5932, stack(0x00000032ba700000,0x00000032ba800000)]
  0x000001abacbb5480 JavaThread "Unconstrained build operations Thread 21" [_thread_blocked, id=836, stack(0x00000032ba800000,0x00000032ba900000)]
  0x000001abacbb7630 JavaThread "Unconstrained build operations Thread 22" [_thread_blocked, id=4624, stack(0x00000032ba900000,0x00000032baa00000)]
  0x000001abacbbb4c0 JavaThread "Unconstrained build operations Thread 23" [_thread_blocked, id=7844, stack(0x00000032baa00000,0x00000032bab00000)]
  0x000001abacbb4140 JavaThread "Unconstrained build operations Thread 24" [_thread_blocked, id=2368, stack(0x00000032bab00000,0x00000032bac00000)]
  0x000001abacbb4ae0 JavaThread "Unconstrained build operations Thread 25" [_thread_blocked, id=7592, stack(0x00000032bac00000,0x00000032bad00000)]
  0x000001abacbb5950 JavaThread "Unconstrained build operations Thread 26" [_thread_blocked, id=2784, stack(0x00000032bad00000,0x00000032bae00000)]
  0x000001abacbb8e40 JavaThread "Unconstrained build operations Thread 27" [_thread_blocked, id=8416, stack(0x00000032bae00000,0x00000032baf00000)]
  0x000001abacbb6c90 JavaThread "Unconstrained build operations Thread 28" [_thread_blocked, id=9280, stack(0x00000032baf00000,0x00000032bb000000)]
  0x000001abacbb7160 JavaThread "Unconstrained build operations Thread 29" [_thread_blocked, id=9744, stack(0x00000032bb000000,0x00000032bb100000)]
  0x000001abacbb4610 JavaThread "Unconstrained build operations Thread 30" [_thread_blocked, id=8504, stack(0x00000032bb100000,0x00000032bb200000)]
  0x000001abacbb3c70 JavaThread "Unconstrained build operations Thread 31" [_thread_blocked, id=2040, stack(0x00000032bb200000,0x00000032bb300000)]
  0x000001abacbb9310 JavaThread "Unconstrained build operations Thread 32" [_thread_blocked, id=5404, stack(0x00000032bb300000,0x00000032bb400000)]
  0x000001abacbbab20 JavaThread "Unconstrained build operations Thread 33" [_thread_blocked, id=9560, stack(0x00000032bb400000,0x00000032bb500000)]
  0x000001abacbb7b00 JavaThread "Unconstrained build operations Thread 34" [_thread_blocked, id=7308, stack(0x00000032bb500000,0x00000032bb600000)]
  0x000001ababbe44a0 JavaThread "Unconstrained build operations Thread 35" [_thread_blocked, id=6864, stack(0x00000032bb600000,0x00000032bb700000)]
  0x000001ababbe5310 JavaThread "Unconstrained build operations Thread 36" [_thread_blocked, id=7020, stack(0x00000032bb700000,0x00000032bb800000)]
  0x000001ababbe0610 JavaThread "Unconstrained build operations Thread 37" [_thread_blocked, id=3216, stack(0x00000032bb800000,0x00000032bb900000)]
  0x000001ababbe4970 JavaThread "Unconstrained build operations Thread 38" [_thread_blocked, id=7328, stack(0x00000032bb900000,0x00000032bba00000)]
  0x000001ababbe4e40 JavaThread "Unconstrained build operations Thread 39" [_thread_blocked, id=2336, stack(0x00000032bba00000,0x00000032bbb00000)]
  0x000001ababbe0fb0 JavaThread "Unconstrained build operations Thread 40" [_thread_blocked, id=2652, stack(0x00000032bbb00000,0x00000032bbc00000)]
  0x000001ababbe6180 JavaThread "build event listener" [_thread_blocked, id=7024, stack(0x00000032bbd00000,0x00000032bbe00000)]
  0x000001ababbe57e0 JavaThread "Memory manager" [_thread_blocked, id=6684, stack(0x00000032bbf00000,0x00000032bc000000)]
  0x000001ababbe5cb0 JavaThread "build event listener" [_thread_blocked, id=7708, stack(0x00000032bbe00000,0x00000032bbf00000)]
  0x000001ababbe1480 JavaThread "build event listener" [_thread_blocked, id=7964, stack(0x00000032bc000000,0x00000032bc100000)]
  0x000001abb20fd700 JavaThread "C2 CompilerThread1" daemon [_thread_in_native, id=3632, stack(0x00000032b6000000,0x00000032b6100000)]

Other Threads:
  0x000001abaadde0f0 VMThread "VM Thread" [stack: 0x00000032b6900000,0x00000032b6a00000] [id=6980]
  0x000001abab981860 WatcherThread [stack: 0x00000032b7500000,0x00000032b7600000] [id=3476]
  0x000001ab91857440 GCTaskThread "GC Thread#0" [stack: 0x00000032b6400000,0x00000032b6500000] [id=928]
  0x000001abac039ef0 GCTaskThread "GC Thread#1" [stack: 0x00000032b7700000,0x00000032b7800000] [id=5784]
  0x000001abac18dcb0 GCTaskThread "GC Thread#2" [stack: 0x00000032b7800000,0x00000032b7900000] [id=9920]
  0x000001abac57e9e0 GCTaskThread "GC Thread#3" [stack: 0x00000032b7600000,0x00000032b7700000] [id=9852]
  0x000001ab918692a0 ConcurrentGCThread "G1 Main Marker" [stack: 0x00000032b6500000,0x00000032b6600000] [id=5356]
  0x000001ab9186a360 ConcurrentGCThread "G1 Conc#0" [stack: 0x00000032b6600000,0x00000032b6700000] [id=9712]
  0x000001abaac240b0 ConcurrentGCThread "G1 Refine#0" [stack: 0x00000032b6700000,0x00000032b6800000] [id=10040]
  0x000001abaac249e0 ConcurrentGCThread "G1 Service" [stack: 0x00000032b6800000,0x00000032b6900000] [id=4940]

Threads with active compile tasks:
C2 CompilerThread0    70578 8923       4       java.lang.Class::annotationData (44 bytes)
C2 CompilerThread1    70578 8931       4       java.lang.Class::privateGetPublicMethods (224 bytes)

VM state: not at safepoint (normal execution)

VM Mutex/Monitor currently owned by a thread: None

Heap address: 0x0000000080000000, size: 2048 MB, Compressed Oops mode: 32-bit

CDS archive(s) not mapped
Compressed class space mapped at: 0x0000000100000000-0x0000000140000000, reserved size: 1073741824
Narrow klass base: 0x0000000000000000, Narrow klass shift: 3, Narrow klass range: 0x140000000

GC Precious Log:
 CPUs: 4 total, 4 available
 Memory: 8083M
 Large Page Support: Disabled
 NUMA Support: Disabled
 Compressed Oops: Enabled (32-bit)
 Heap Region Size: 1M
 Heap Min Capacity: 8M
 Heap Initial Capacity: 128M
 Heap Max Capacity: 2G
 Pre-touch: Disabled
 Parallel Workers: 4
 Concurrent Workers: 1
 Concurrent Refinement Workers: 4
 Periodic GC: Disabled

Heap:
 garbage-first heap   total 138240K, used 80611K [0x0000000080000000, 0x0000000100000000)
  region size 1024K, 5 young (5120K), 2 survivors (2048K)
 Metaspace       used 89068K, committed 89664K, reserved 1130496K
  class space    used 12140K, committed 12416K, reserved 1048576K

Heap Regions: E=young(eden), S=young(survivor), O=old, HS=humongous(starts), HC=humongous(continues), CS=collection set, F=free, OA=open archive, CA=closed archive, TAMS=top-at-mark-start (previous, next)
|   0|0x0000000080000000, 0x0000000080100000, 0x0000000080100000|100%| O|  |TAMS 0x0000000080100000, 0x0000000080000000| Untracked 
|   1|0x0000000080100000, 0x0000000080200000, 0x0000000080200000|100%| O|  |TAMS 0x0000000080200000, 0x0000000080100000| Untracked 
|   2|0x0000000080200000, 0x0000000080300000, 0x0000000080300000|100%|HS|  |TAMS 0x0000000080300000, 0x0000000080200000| Complete 
|   3|0x0000000080300000, 0x0000000080400000, 0x0000000080400000|100%|HC|  |TAMS 0x0000000080400000, 0x0000000080300000| Complete 
|   4|0x0000000080400000, 0x0000000080500000, 0x0000000080500000|100%|HC|  |TAMS 0x0000000080500000, 0x0000000080400000| Complete 
|   5|0x0000000080500000, 0x0000000080600000, 0x0000000080600000|100%|HC|  |TAMS 0x0000000080600000, 0x0000000080500000| Complete 
|   6|0x0000000080600000, 0x0000000080700000, 0x0000000080700000|100%| O|  |TAMS 0x0000000080700000, 0x0000000080600000| Untracked 
|   7|0x0000000080700000, 0x0000000080800000, 0x0000000080800000|100%| O|  |TAMS 0x0000000080800000, 0x0000000080700000| Untracked 
|   8|0x0000000080800000, 0x0000000080900000, 0x0000000080900000|100%| O|  |TAMS 0x0000000080900000, 0x0000000080800000| Untracked 
|   9|0x0000000080900000, 0x0000000080a00000, 0x0000000080a00000|100%| O|  |TAMS 0x0000000080a00000, 0x0000000080900000| Untracked 
|  10|0x0000000080a00000, 0x0000000080b00000, 0x0000000080b00000|100%| O|  |TAMS 0x0000000080b00000, 0x0000000080a00000| Untracked 
|  11|0x0000000080b00000, 0x0000000080c00000, 0x0000000080c00000|100%| O|  |TAMS 0x0000000080c00000, 0x0000000080b00000| Untracked 
|  12|0x0000000080c00000, 0x0000000080d00000, 0x0000000080d00000|100%|HS|  |TAMS 0x0000000080d00000, 0x0000000080c00000| Complete 
|  13|0x0000000080d00000, 0x0000000080e00000, 0x0000000080e00000|100%| O|  |TAMS 0x0000000080e00000, 0x0000000080d00000| Untracked 
|  14|0x0000000080e00000, 0x0000000080f00000, 0x0000000080f00000|100%| O|  |TAMS 0x0000000080f00000, 0x0000000080e00000| Untracked 
|  15|0x0000000080f00000, 0x0000000081000000, 0x0000000081000000|100%| O|  |TAMS 0x0000000081000000, 0x0000000080f00000| Untracked 
|  16|0x0000000081000000, 0x0000000081100000, 0x0000000081100000|100%| O|  |TAMS 0x0000000081100000, 0x0000000081000000| Untracked 
|  17|0x0000000081100000, 0x0000000081200000, 0x0000000081200000|100%| O|  |TAMS 0x0000000081200000, 0x0000000081100000| Untracked 
|  18|0x0000000081200000, 0x0000000081300000, 0x0000000081300000|100%| O|  |TAMS 0x0000000081300000, 0x0000000081200000| Untracked 
|  19|0x0000000081300000, 0x0000000081400000, 0x0000000081400000|100%| O|  |TAMS 0x0000000081400000, 0x0000000081300000| Untracked 
|  20|0x0000000081400000, 0x0000000081500000, 0x0000000081500000|100%| O|  |TAMS 0x0000000081500000, 0x0000000081400000| Untracked 
|  21|0x0000000081500000, 0x0000000081600000, 0x0000000081600000|100%| O|  |TAMS 0x0000000081600000, 0x0000000081500000| Untracked 
|  22|0x0000000081600000, 0x0000000081700000, 0x0000000081700000|100%| O|  |TAMS 0x0000000081700000, 0x0000000081600000| Untracked 
|  23|0x0000000081700000, 0x0000000081800000, 0x0000000081800000|100%| O|  |TAMS 0x0000000081800000, 0x0000000081700000| Complete 
|  24|0x0000000081800000, 0x0000000081900000, 0x0000000081900000|100%| O|  |TAMS 0x0000000081900000, 0x0000000081800000| Untracked 
|  25|0x0000000081900000, 0x0000000081a00000, 0x0000000081a00000|100%| O|  |TAMS 0x0000000081a00000, 0x0000000081900000| Untracked 
|  26|0x0000000081a00000, 0x0000000081b00000, 0x0000000081b00000|100%| O|  |TAMS 0x0000000081b00000, 0x0000000081a00000| Untracked 
|  27|0x0000000081b00000, 0x0000000081c00000, 0x0000000081c00000|100%| O|  |TAMS 0x0000000081b00000, 0x0000000081b00000| Untracked 
|  28|0x0000000081c00000, 0x0000000081d00000, 0x0000000081d00000|100%|HS|  |TAMS 0x0000000081d00000, 0x0000000081c00000| Complete 
|  29|0x0000000081d00000, 0x0000000081e00000, 0x0000000081e00000|100%|HC|  |TAMS 0x0000000081e00000, 0x0000000081d00000| Complete 
|  30|0x0000000081e00000, 0x0000000081f00000, 0x0000000081f00000|100%|HS|  |TAMS 0x0000000081f00000, 0x0000000081e00000| Complete 
|  31|0x0000000081f00000, 0x0000000082000000, 0x0000000082000000|100%|HS|  |TAMS 0x0000000082000000, 0x0000000081f00000| Complete 
|  32|0x0000000082000000, 0x0000000082100000, 0x0000000082100000|100%|HS|  |TAMS 0x0000000082100000, 0x0000000082000000| Complete 
|  33|0x0000000082100000, 0x0000000082200000, 0x0000000082200000|100%|HC|  |TAMS 0x0000000082200000, 0x0000000082100000| Complete 
|  34|0x0000000082200000, 0x0000000082300000, 0x0000000082300000|100%|HC|  |TAMS 0x0000000082300000, 0x0000000082200000| Complete 
|  35|0x0000000082300000, 0x0000000082400000, 0x0000000082400000|100%|HC|  |TAMS 0x0000000082400000, 0x0000000082300000| Complete 
|  36|0x0000000082400000, 0x0000000082500000, 0x0000000082500000|100%| O|  |TAMS 0x0000000082500000, 0x0000000082400000| Untracked 
|  37|0x0000000082500000, 0x0000000082600000, 0x0000000082600000|100%| O|  |TAMS 0x0000000082600000, 0x0000000082500000| Untracked 
|  38|0x0000000082600000, 0x0000000082700000, 0x0000000082700000|100%| O|  |TAMS 0x0000000082700000, 0x0000000082600000| Untracked 
|  39|0x0000000082700000, 0x0000000082800000, 0x0000000082800000|100%| O|  |TAMS 0x0000000082800000, 0x0000000082700000| Untracked 
|  40|0x0000000082800000, 0x0000000082900000, 0x0000000082900000|100%| O|  |TAMS 0x0000000082900000, 0x0000000082800000| Untracked 
|  41|0x0000000082900000, 0x0000000082a00000, 0x0000000082a00000|100%| O|  |TAMS 0x0000000082a00000, 0x0000000082900000| Untracked 
|  42|0x0000000082a00000, 0x0000000082b00000, 0x0000000082b00000|100%| O|  |TAMS 0x0000000082b00000, 0x0000000082a00000| Untracked 
|  43|0x0000000082b00000, 0x0000000082c00000, 0x0000000082c00000|100%| O|  |TAMS 0x0000000082c00000, 0x0000000082b00000| Untracked 
|  44|0x0000000082c00000, 0x0000000082d00000, 0x0000000082d00000|100%| O|  |TAMS 0x0000000082d00000, 0x0000000082c00000| Untracked 
|  45|0x0000000082d00000, 0x0000000082e00000, 0x0000000082e00000|100%| O|  |TAMS 0x0000000082e00000, 0x0000000082d00000| Untracked 
|  46|0x0000000082e00000, 0x0000000082f00000, 0x0000000082f00000|100%| O|  |TAMS 0x0000000082f00000, 0x0000000082e00000| Untracked 
|  47|0x0000000082f00000, 0x0000000083000000, 0x0000000083000000|100%| O|  |TAMS 0x0000000083000000, 0x0000000082f00000| Untracked 
|  48|0x0000000083000000, 0x0000000083100000, 0x0000000083100000|100%| O|  |TAMS 0x0000000083100000, 0x0000000083000000| Untracked 
|  49|0x0000000083100000, 0x0000000083200000, 0x0000000083200000|100%| O|  |TAMS 0x0000000083200000, 0x0000000083100000| Untracked 
|  50|0x0000000083200000, 0x0000000083300000, 0x0000000083300000|100%| O|  |TAMS 0x0000000083300000, 0x0000000083200000| Untracked 
|  51|0x0000000083300000, 0x0000000083400000, 0x0000000083400000|100%| O|  |TAMS 0x0000000083400000, 0x0000000083300000| Untracked 
|  52|0x0000000083400000, 0x0000000083500000, 0x0000000083500000|100%| O|  |TAMS 0x0000000083500000, 0x0000000083400000| Untracked 
|  53|0x0000000083500000, 0x0000000083600000, 0x0000000083600000|100%| O|  |TAMS 0x0000000083600000, 0x0000000083500000| Untracked 
|  54|0x0000000083600000, 0x0000000083700000, 0x0000000083700000|100%| O|  |TAMS 0x0000000083700000, 0x0000000083600000| Untracked 
|  55|0x0000000083700000, 0x0000000083800000, 0x0000000083800000|100%| O|  |TAMS 0x0000000083800000, 0x0000000083700000| Untracked 
|  56|0x0000000083800000, 0x0000000083900000, 0x0000000083900000|100%| O|  |TAMS 0x0000000083900000, 0x0000000083800000| Untracked 
|  57|0x0000000083900000, 0x0000000083a00000, 0x0000000083a00000|100%| O|  |TAMS 0x0000000083a00000, 0x0000000083900000| Untracked 
|  58|0x0000000083a00000, 0x0000000083b00000, 0x0000000083b00000|100%| O|  |TAMS 0x0000000083b00000, 0x0000000083a00000| Untracked 
|  59|0x0000000083b00000, 0x0000000083c00000, 0x0000000083c00000|100%| O|  |TAMS 0x0000000083c00000, 0x0000000083b00000| Untracked 
|  60|0x0000000083c00000, 0x0000000083d00000, 0x0000000083d00000|100%| O|  |TAMS 0x0000000083d00000, 0x0000000083c00000| Untracked 
|  61|0x0000000083d00000, 0x0000000083e00000, 0x0000000083e00000|100%| O|  |TAMS 0x0000000083e00000, 0x0000000083d00000| Untracked 
|  62|0x0000000083e00000, 0x0000000083f00000, 0x0000000083f00000|100%| O|  |TAMS 0x0000000083f00000, 0x0000000083e00000| Untracked 
|  63|0x0000000083f00000, 0x0000000084000000, 0x0000000084000000|100%| O|  |TAMS 0x0000000084000000, 0x0000000083f00000| Untracked 
|  64|0x0000000084000000, 0x0000000084100000, 0x0000000084100000|100%| O|  |TAMS 0x0000000084100000, 0x0000000084000000| Untracked 
|  65|0x0000000084100000, 0x0000000084200000, 0x0000000084200000|100%| O|  |TAMS 0x0000000084200000, 0x0000000084100000| Untracked 
|  66|0x0000000084200000, 0x0000000084300000, 0x0000000084300000|100%| O|  |TAMS 0x0000000084300000, 0x0000000084200000| Untracked 
|  67|0x0000000084300000, 0x0000000084400000, 0x0000000084400000|100%| O|  |TAMS 0x0000000084400000, 0x0000000084300000| Untracked 
|  68|0x0000000084400000, 0x0000000084500000, 0x0000000084500000|100%| O|  |TAMS 0x0000000084500000, 0x0000000084400000| Untracked 
|  69|0x0000000084500000, 0x0000000084600000, 0x0000000084600000|100%| O|  |TAMS 0x0000000084600000, 0x0000000084500000| Untracked 
|  70|0x0000000084600000, 0x0000000084700000, 0x0000000084700000|100%| O|  |TAMS 0x0000000084700000, 0x0000000084600000| Untracked 
|  71|0x0000000084700000, 0x0000000084800000, 0x0000000084800000|100%| O|  |TAMS 0x0000000084800000, 0x0000000084700000| Untracked 
|  72|0x0000000084800000, 0x0000000084900000, 0x0000000084900000|100%| O|  |TAMS 0x0000000084881c00, 0x0000000084800000| Untracked 
|  73|0x0000000084900000, 0x0000000084a00000, 0x0000000084a00000|100%| O|  |TAMS 0x0000000084900000, 0x0000000084900000| Untracked 
|  74|0x0000000084a00000, 0x0000000084ab9000, 0x0000000084b00000| 72%| O|  |TAMS 0x0000000084a00000, 0x0000000084a00000| Untracked 
|  75|0x0000000084b00000, 0x0000000084b00000, 0x0000000084c00000|  0%| F|  |TAMS 0x0000000084b00000, 0x0000000084b00000| Untracked 
|  76|0x0000000084c00000, 0x0000000084c00000, 0x0000000084d00000|  0%| F|  |TAMS 0x0000000084c00000, 0x0000000084c00000| Untracked 
|  77|0x0000000084d00000, 0x0000000084d00000, 0x0000000084e00000|  0%| F|  |TAMS 0x0000000084d00000, 0x0000000084d00000| Untracked 
|  78|0x0000000084e00000, 0x0000000084e00000, 0x0000000084f00000|  0%| F|  |TAMS 0x0000000084e00000, 0x0000000084e00000| Untracked 
|  79|0x0000000084f00000, 0x0000000084f00000, 0x0000000085000000|  0%| F|  |TAMS 0x0000000084f00000, 0x0000000084f00000| Untracked 
|  80|0x0000000085000000, 0x0000000085000000, 0x0000000085100000|  0%| F|  |TAMS 0x0000000085000000, 0x0000000085000000| Untracked 
|  81|0x0000000085100000, 0x0000000085100000, 0x0000000085200000|  0%| F|  |TAMS 0x0000000085100000, 0x0000000085100000| Untracked 
|  82|0x0000000085200000, 0x0000000085200000, 0x0000000085300000|  0%| F|  |TAMS 0x0000000085200000, 0x0000000085200000| Untracked 
|  83|0x0000000085300000, 0x0000000085300000, 0x0000000085400000|  0%| F|  |TAMS 0x0000000085300000, 0x0000000085300000| Untracked 
|  84|0x0000000085400000, 0x0000000085400000, 0x0000000085500000|  0%| F|  |TAMS 0x0000000085400000, 0x0000000085400000| Untracked 
|  85|0x0000000085500000, 0x0000000085500000, 0x0000000085600000|  0%| F|  |TAMS 0x0000000085500000, 0x0000000085500000| Untracked 
|  86|0x0000000085600000, 0x0000000085600000, 0x0000000085700000|  0%| F|  |TAMS 0x0000000085600000, 0x0000000085600000| Untracked 
|  87|0x0000000085700000, 0x0000000085700000, 0x0000000085800000|  0%| F|  |TAMS 0x0000000085700000, 0x0000000085700000| Untracked 
|  88|0x0000000085800000, 0x0000000085800000, 0x0000000085900000|  0%| F|  |TAMS 0x0000000085800000, 0x0000000085800000| Untracked 
|  89|0x0000000085900000, 0x0000000085900000, 0x0000000085a00000|  0%| F|  |TAMS 0x0000000085900000, 0x0000000085900000| Untracked 
|  90|0x0000000085a00000, 0x0000000085a00000, 0x0000000085b00000|  0%| F|  |TAMS 0x0000000085a00000, 0x0000000085a00000| Untracked 
|  91|0x0000000085b00000, 0x0000000085b00000, 0x0000000085c00000|  0%| F|  |TAMS 0x0000000085b00000, 0x0000000085b00000| Untracked 
|  92|0x0000000085c00000, 0x0000000085c00000, 0x0000000085d00000|  0%| F|  |TAMS 0x0000000085c00000, 0x0000000085c00000| Untracked 
|  93|0x0000000085d00000, 0x0000000085d00000, 0x0000000085e00000|  0%| F|  |TAMS 0x0000000085d00000, 0x0000000085d00000| Untracked 
|  94|0x0000000085e00000, 0x0000000085e00000, 0x0000000085f00000|  0%| F|  |TAMS 0x0000000085e00000, 0x0000000085e00000| Untracked 
|  95|0x0000000085f00000, 0x0000000085f00000, 0x0000000086000000|  0%| F|  |TAMS 0x0000000085f00000, 0x0000000085f00000| Untracked 
|  96|0x0000000086000000, 0x0000000086000000, 0x0000000086100000|  0%| F|  |TAMS 0x0000000086000000, 0x0000000086000000| Untracked 
|  97|0x0000000086100000, 0x0000000086100000, 0x0000000086200000|  0%| F|  |TAMS 0x0000000086100000, 0x0000000086100000| Untracked 
|  98|0x0000000086200000, 0x0000000086200000, 0x0000000086300000|  0%| F|  |TAMS 0x0000000086200000, 0x0000000086200000| Untracked 
|  99|0x0000000086300000, 0x0000000086300000, 0x0000000086400000|  0%| F|  |TAMS 0x0000000086300000, 0x0000000086300000| Untracked 
| 100|0x0000000086400000, 0x0000000086400000, 0x0000000086500000|  0%| F|  |TAMS 0x0000000086400000, 0x0000000086400000| Untracked 
| 101|0x0000000086500000, 0x00000000865ffcc0, 0x0000000086600000| 99%| S|CS|TAMS 0x0000000086500000, 0x0000000086500000| Complete 
| 102|0x0000000086600000, 0x0000000086700000, 0x0000000086700000|100%| S|CS|TAMS 0x0000000086600000, 0x0000000086600000| Complete 
| 103|0x0000000086700000, 0x0000000086700000, 0x0000000086800000|  0%| F|  |TAMS 0x0000000086700000, 0x0000000086700000| Untracked 
| 104|0x0000000086800000, 0x0000000086800000, 0x0000000086900000|  0%| F|  |TAMS 0x0000000086800000, 0x0000000086800000| Untracked 
| 105|0x0000000086900000, 0x0000000086900000, 0x0000000086a00000|  0%| F|  |TAMS 0x0000000086900000, 0x0000000086900000| Untracked 
| 106|0x0000000086a00000, 0x0000000086a00000, 0x0000000086b00000|  0%| F|  |TAMS 0x0000000086a00000, 0x0000000086a00000| Untracked 
| 107|0x0000000086b00000, 0x0000000086b00000, 0x0000000086c00000|  0%| F|  |TAMS 0x0000000086b00000, 0x0000000086b00000| Untracked 
| 108|0x0000000086c00000, 0x0000000086c00000, 0x0000000086d00000|  0%| F|  |TAMS 0x0000000086c00000, 0x0000000086c00000| Untracked 
| 109|0x0000000086d00000, 0x0000000086d00000, 0x0000000086e00000|  0%| F|  |TAMS 0x0000000086d00000, 0x0000000086d00000| Untracked 
| 110|0x0000000086e00000, 0x0000000086e00000, 0x0000000086f00000|  0%| F|  |TAMS 0x0000000086e00000, 0x0000000086e00000| Untracked 
| 111|0x0000000086f00000, 0x0000000086f00000, 0x0000000087000000|  0%| F|  |TAMS 0x0000000086f00000, 0x0000000086f00000| Untracked 
| 112|0x0000000087000000, 0x0000000087000000, 0x0000000087100000|  0%| F|  |TAMS 0x0000000087000000, 0x0000000087000000| Untracked 
| 113|0x0000000087100000, 0x0000000087100000, 0x0000000087200000|  0%| F|  |TAMS 0x0000000087100000, 0x0000000087100000| Untracked 
| 114|0x0000000087200000, 0x0000000087200000, 0x0000000087300000|  0%| F|  |TAMS 0x0000000087200000, 0x0000000087200000| Untracked 
| 115|0x0000000087300000, 0x0000000087300000, 0x0000000087400000|  0%| F|  |TAMS 0x0000000087300000, 0x0000000087300000| Untracked 
| 116|0x0000000087400000, 0x0000000087400000, 0x0000000087500000|  0%| F|  |TAMS 0x0000000087400000, 0x0000000087400000| Untracked 
| 117|0x0000000087500000, 0x0000000087500000, 0x0000000087600000|  0%| F|  |TAMS 0x0000000087500000, 0x0000000087500000| Untracked 
| 118|0x0000000087600000, 0x0000000087600000, 0x0000000087700000|  0%| F|  |TAMS 0x0000000087600000, 0x0000000087600000| Untracked 
| 119|0x0000000087700000, 0x0000000087700000, 0x0000000087800000|  0%| F|  |TAMS 0x0000000087700000, 0x0000000087700000| Untracked 
| 120|0x0000000087800000, 0x0000000087800000, 0x0000000087900000|  0%| F|  |TAMS 0x0000000087800000, 0x0000000087800000| Untracked 
| 121|0x0000000087900000, 0x0000000087900000, 0x0000000087a00000|  0%| F|  |TAMS 0x0000000087900000, 0x0000000087900000| Untracked 
| 122|0x0000000087a00000, 0x0000000087a00000, 0x0000000087b00000|  0%| F|  |TAMS 0x0000000087a00000, 0x0000000087a00000| Untracked 
| 123|0x0000000087b00000, 0x0000000087b00000, 0x0000000087c00000|  0%| F|  |TAMS 0x0000000087b00000, 0x0000000087b00000| Untracked 
| 124|0x0000000087c00000, 0x0000000087c00000, 0x0000000087d00000|  0%| F|  |TAMS 0x0000000087c00000, 0x0000000087c00000| Untracked 
| 125|0x0000000087d00000, 0x0000000087d00000, 0x0000000087e00000|  0%| F|  |TAMS 0x0000000087d00000, 0x0000000087d00000| Untracked 
| 126|0x0000000087e00000, 0x0000000087e00000, 0x0000000087f00000|  0%| F|  |TAMS 0x0000000087e00000, 0x0000000087e00000| Untracked 
| 127|0x0000000087f00000, 0x0000000087f00000, 0x0000000088000000|  0%| F|  |TAMS 0x0000000087f00000, 0x0000000087f00000| Untracked 
| 128|0x0000000088000000, 0x0000000088000000, 0x0000000088100000|  0%| F|  |TAMS 0x0000000088000000, 0x0000000088000000| Untracked 
| 129|0x0000000088100000, 0x0000000088100000, 0x0000000088200000|  0%| F|  |TAMS 0x0000000088100000, 0x0000000088100000| Untracked 
| 130|0x0000000088200000, 0x0000000088200000, 0x0000000088300000|  0%| F|  |TAMS 0x0000000088200000, 0x0000000088200000| Untracked 
| 131|0x0000000088300000, 0x0000000088300000, 0x0000000088400000|  0%| F|  |TAMS 0x0000000088300000, 0x0000000088300000| Untracked 
| 132|0x0000000088400000, 0x0000000088451eb0, 0x0000000088500000| 31%| E|  |TAMS 0x0000000088400000, 0x0000000088400000| Complete 
| 133|0x0000000088500000, 0x0000000088600000, 0x0000000088600000|100%| E|CS|TAMS 0x0000000088500000, 0x0000000088500000| Complete 
| 134|0x0000000088600000, 0x0000000088700000, 0x0000000088700000|100%| E|CS|TAMS 0x0000000088600000, 0x0000000088600000| Complete 

Card table byte_map: [0x000001aba40d0000,0x000001aba44d0000] _byte_map_base: 0x000001aba3cd0000

Marking Bits (Prev, Next): (CMBitMap*) 0x000001ab918589b0, (CMBitMap*) 0x000001ab91858970
 Prev Bits: [0x000001aba68d0000, 0x000001aba88d0000)
 Next Bits: [0x000001aba48d0000, 0x000001aba68d0000)

Polling page: 0x000001ab8f6a0000

Metaspace:

Usage:
  Non-class:     75.17 MB used.
      Class:     11.86 MB used.
       Both:     87.03 MB used.

Virtual space:
  Non-class space:       80.00 MB reserved,      75.44 MB ( 94%) committed,  10 nodes.
      Class space:        1.00 GB reserved,      12.12 MB (  1%) committed,  1 nodes.
             Both:        1.08 GB reserved,      87.56 MB (  8%) committed. 

Chunk freelists:
   Non-Class:  198.00 KB
       Class:  3.70 MB
        Both:  3.90 MB

MaxMetaspaceSize: unlimited
CompressedClassSpaceSize: 1.00 GB
Initial GC threshold: 21.00 MB
Current GC threshold: 139.00 MB
CDS: off
MetaspaceReclaimPolicy: balanced
 - commit_granule_bytes: 65536.
 - commit_granule_words: 8192.
 - virtual_space_node_default_size: 1048576.
 - enlarge_chunks_in_place: 1.
 - new_chunks_are_fully_committed: 0.
 - uncommit_free_chunks: 1.
 - use_allocation_guard: 0.
 - handle_deallocations: 1.


Internal statistics:

num_allocs_failed_limit: 12.
num_arena_births: 768.
num_arena_deaths: 0.
num_vsnodes_births: 11.
num_vsnodes_deaths: 0.
num_space_committed: 1401.
num_space_uncommitted: 0.
num_chunks_returned_to_freelist: 12.
num_chunks_taken_from_freelist: 3932.
num_chunk_merges: 12.
num_chunk_splits: 2654.
num_chunks_enlarged: 1823.
num_purges: 0.
num_inconsistent_stats: 0.

CodeHeap 'non-profiled nmethods': size=120000Kb used=5015Kb max_used=5015Kb free=114984Kb
 bounds [0x000001ab9c7a0000, 0x000001ab9cc90000, 0x000001aba3cd0000]
CodeHeap 'profiled nmethods': size=120000Kb used=16276Kb max_used=16276Kb free=103723Kb
 bounds [0x000001ab94cd0000, 0x000001ab95cc0000, 0x000001ab9c200000]
CodeHeap 'non-nmethods': size=5760Kb used=2379Kb max_used=2432Kb free=3380Kb
 bounds [0x000001ab9c200000, 0x000001ab9c480000, 0x000001ab9c7a0000]
 total_blobs=9124 nmethods=8210 adapters=826
 compilation: enabled
              stopped_count=0, restarted_count=0
 full_count=0

Compilation events (20 events):
Event: 69.971 Thread 0x000001abaae08560 9036       3       com.sun.xml.bind.v2.model.nav.ReflectionNavigator::isArray (28 bytes)
Event: 69.971 Thread 0x000001abaae08560 nmethod 9036 0x000001ab95c9c410 code [0x000001ab95c9c5e0, 0x000001ab95c9cac8]
Event: 69.971 Thread 0x000001abaae08560 9038       3       com.sun.xml.bind.v2.model.impl.RuntimeModelBuilder::getClassInfo (11 bytes)
Event: 69.972 Thread 0x000001abaae08560 nmethod 9038 0x000001ab95c9cb90 code [0x000001ab95c9cd40, 0x000001ab95c9d0c8]
Event: 69.973 Thread 0x000001abaae08560 9039       3       com.sun.xml.bind.v2.model.annotation.RuntimeInlineAnnotationReader::getMethodAnnotation (11 bytes)
Event: 69.973 Thread 0x000001abaae08560 nmethod 9039 0x000001ab95c9d210 code [0x000001ab95c9d460, 0x000001ab95c9dd58]
Event: 69.973 Thread 0x000001abaae08560 9040       3       com.sun.xml.bind.v2.model.annotation.RuntimeInlineAnnotationReader::getMethodAnnotation (10 bytes)
Event: 69.974 Thread 0x000001abaae08560 nmethod 9040 0x000001ab95c9e090 code [0x000001ab95c9e2c0, 0x000001ab95c9ea58]
Event: 69.974 Thread 0x000001abaae08560 9043       3       com.sun.xml.bind.v2.model.impl.ElementPropertyInfoImpl::getTypes (469 bytes)
Event: 69.977 Thread 0x000001abaae08560 nmethod 9043 0x000001ab95c9ed10 code [0x000001ab95c9f400, 0x000001ab95ca38e8]
Event: 69.977 Thread 0x000001abaae08560 9044       3       com.sun.xml.bind.v2.model.nav.ReflectionNavigator::erasure (9 bytes)
Event: 69.978 Thread 0x000001abaae08560 nmethod 9044 0x000001ab95ca4f10 code [0x000001ab95ca50e0, 0x000001ab95ca5468]
Event: 69.978 Thread 0x000001abaae08560 9042       3       com.sun.xml.bind.v2.model.impl.RuntimeElementPropertyInfoImpl::getTypes (5 bytes)
Event: 69.978 Thread 0x000001abaae08560 nmethod 9042 0x000001ab95ca5590 code [0x000001ab95ca5720, 0x000001ab95ca5868]
Event: 69.978 Thread 0x000001abaae08560 9045       3       com.sun.xml.bind.v2.model.impl.PropertyInfoImpl::getName (10 bytes)
Event: 69.978 Thread 0x000001abaae08560 nmethod 9045 0x000001ab95ca5910 code [0x000001ab95ca5ac0, 0x000001ab95ca5c88]
Event: 69.978 Thread 0x000001abaae08560 9046       3       com.sun.xml.bind.v2.model.impl.ModelBuilder::getTypeInfo (116 bytes)
Event: 69.979 Thread 0x000001abaae08560 nmethod 9046 0x000001ab95ca5d90 code [0x000001ab95ca6040, 0x000001ab95ca70d8]
Event: 69.979 Thread 0x000001abaae08560 9041       3       com.sun.xml.bind.v2.model.impl.ElementPropertyInfoImpl::kind (4 bytes)
Event: 69.979 Thread 0x000001abaae08560 nmethod 9041 0x000001ab95ca7590 code [0x000001ab95ca7720, 0x000001ab95ca7838]

GC Heap History (20 events):
Event: 40.783 GC heap before
{Heap before GC invocations=15 (full 0):
 garbage-first heap   total 129024K, used 94272K [0x0000000080000000, 0x0000000100000000)
  region size 1024K, 49 young (50176K), 9 survivors (9216K)
 Metaspace       used 59630K, committed 60096K, reserved 1105920K
  class space    used 7859K, committed 8064K, reserved 1048576K
}
Event: 40.796 GC heap after
{Heap after GC invocations=16 (full 0):
 garbage-first heap   total 129024K, used 56376K [0x0000000080000000, 0x0000000100000000)
  region size 1024K, 2 young (2048K), 2 survivors (2048K)
 Metaspace       used 59630K, committed 60096K, reserved 1105920K
  class space    used 7859K, committed 8064K, reserved 1048576K
}
Event: 41.751 GC heap before
{Heap before GC invocations=17 (full 0):
 garbage-first heap   total 129024K, used 77880K [0x0000000080000000, 0x0000000100000000)
  region size 1024K, 21 young (21504K), 2 survivors (2048K)
 Metaspace       used 63126K, committed 63680K, reserved 1105920K
  class space    used 8323K, committed 8576K, reserved 1048576K
}
Event: 41.760 GC heap after
{Heap after GC invocations=18 (full 0):
 garbage-first heap   total 129024K, used 62223K [0x0000000080000000, 0x0000000100000000)
  region size 1024K, 5 young (5120K), 5 survivors (5120K)
 Metaspace       used 63126K, committed 63680K, reserved 1105920K
  class space    used 8323K, committed 8576K, reserved 1048576K
}
Event: 43.732 GC heap before
{Heap before GC invocations=19 (full 0):
 garbage-first heap   total 129024K, used 103183K [0x0000000080000000, 0x0000000100000000)
  region size 1024K, 42 young (43008K), 5 survivors (5120K)
 Metaspace       used 66024K, committed 66624K, reserved 1114112K
  class space    used 8690K, committed 8960K, reserved 1048576K
}
Event: 43.747 GC heap after
{Heap after GC invocations=20 (full 0):
 garbage-first heap   total 129024K, used 61538K [0x0000000080000000, 0x0000000100000000)
  region size 1024K, 6 young (6144K), 6 survivors (6144K)
 Metaspace       used 66024K, committed 66624K, reserved 1114112K
  class space    used 8690K, committed 8960K, reserved 1048576K
}
Event: 54.422 GC heap before
{Heap before GC invocations=20 (full 0):
 garbage-first heap   total 129024K, used 101474K [0x0000000080000000, 0x0000000100000000)
  region size 1024K, 45 young (46080K), 6 survivors (6144K)
 Metaspace       used 70638K, committed 71232K, reserved 1114112K
  class space    used 9350K, committed 9600K, reserved 1048576K
}
Event: 54.436 GC heap after
{Heap after GC invocations=21 (full 0):
 garbage-first heap   total 129024K, used 64326K [0x0000000080000000, 0x0000000100000000)
  region size 1024K, 5 young (5120K), 5 survivors (5120K)
 Metaspace       used 70638K, committed 71232K, reserved 1114112K
  class space    used 9350K, committed 9600K, reserved 1048576K
}
Event: 57.824 GC heap before
{Heap before GC invocations=21 (full 0):
 garbage-first heap   total 129024K, used 103238K [0x0000000080000000, 0x0000000100000000)
  region size 1024K, 43 young (44032K), 5 survivors (5120K)
 Metaspace       used 74503K, committed 75008K, reserved 1122304K
  class space    used 9887K, committed 10112K, reserved 1048576K
}
Event: 57.841 GC heap after
{Heap after GC invocations=22 (full 0):
 garbage-first heap   total 129024K, used 68092K [0x0000000080000000, 0x0000000100000000)
  region size 1024K, 6 young (6144K), 6 survivors (6144K)
 Metaspace       used 74503K, committed 75008K, reserved 1122304K
  class space    used 9887K, committed 10112K, reserved 1048576K
}
Event: 58.884 GC heap before
{Heap before GC invocations=23 (full 0):
 garbage-first heap   total 133120K, used 103932K [0x0000000080000000, 0x0000000100000000)
  region size 1024K, 41 young (41984K), 6 survivors (6144K)
 Metaspace       used 75144K, committed 75712K, reserved 1122304K
  class space    used 9966K, committed 10240K, reserved 1048576K
}
Event: 58.906 GC heap after
{Heap after GC invocations=24 (full 0):
 garbage-first heap   total 133120K, used 71462K [0x0000000080000000, 0x0000000100000000)
  region size 1024K, 4 young (4096K), 4 survivors (4096K)
 Metaspace       used 75144K, committed 75712K, reserved 1122304K
  class space    used 9966K, committed 10240K, reserved 1048576K
}
Event: 61.374 GC heap before
{Heap before GC invocations=24 (full 0):
 garbage-first heap   total 133120K, used 82726K [0x0000000080000000, 0x0000000100000000)
  region size 1024K, 16 young (16384K), 4 survivors (4096K)
 Metaspace       used 76419K, committed 76928K, reserved 1122304K
  class space    used 10154K, committed 10368K, reserved 1048576K
}
Event: 61.386 GC heap after
{Heap after GC invocations=25 (full 0):
 garbage-first heap   total 133120K, used 72603K [0x0000000080000000, 0x0000000100000000)
  region size 1024K, 2 young (2048K), 2 survivors (2048K)
 Metaspace       used 76419K, committed 76928K, reserved 1122304K
  class space    used 10154K, committed 10368K, reserved 1048576K
}
Event: 65.380 GC heap before
{Heap before GC invocations=26 (full 0):
 garbage-first heap   total 133120K, used 109467K [0x0000000080000000, 0x0000000100000000)
  region size 1024K, 37 young (37888K), 2 survivors (2048K)
 Metaspace       used 80689K, committed 81216K, reserved 1122304K
  class space    used 10930K, committed 11200K, reserved 1048576K
}
Event: 65.387 GC heap after
{Heap after GC invocations=27 (full 0):
 garbage-first heap   total 133120K, used 74092K [0x0000000080000000, 0x0000000100000000)
  region size 1024K, 3 young (3072K), 3 survivors (3072K)
 Metaspace       used 80689K, committed 81216K, reserved 1122304K
  class space    used 10930K, committed 11200K, reserved 1048576K
}
Event: 65.537 GC heap before
{Heap before GC invocations=27 (full 0):
 garbage-first heap   total 133120K, used 77164K [0x0000000080000000, 0x0000000100000000)
  region size 1024K, 6 young (6144K), 3 survivors (3072K)
 Metaspace       used 80974K, committed 81472K, reserved 1122304K
  class space    used 10979K, committed 11200K, reserved 1048576K
}
Event: 65.543 GC heap after
{Heap after GC invocations=28 (full 0):
 garbage-first heap   total 133120K, used 73770K [0x0000000080000000, 0x0000000100000000)
  region size 1024K, 1 young (1024K), 1 survivors (1024K)
 Metaspace       used 80974K, committed 81472K, reserved 1122304K
  class space    used 10979K, committed 11200K, reserved 1048576K
}
Event: 67.509 GC heap before
{Heap before GC invocations=28 (full 0):
 garbage-first heap   total 133120K, used 109610K [0x0000000080000000, 0x0000000100000000)
  region size 1024K, 36 young (36864K), 1 survivors (1024K)
 Metaspace       used 84455K, committed 84992K, reserved 1130496K
  class space    used 11453K, committed 11712K, reserved 1048576K
}
Event: 67.530 GC heap after
{Heap after GC invocations=29 (full 0):
 garbage-first heap   total 133120K, used 76574K [0x0000000080000000, 0x0000000100000000)
  region size 1024K, 4 young (4096K), 4 survivors (4096K)
 Metaspace       used 84455K, committed 84992K, reserved 1130496K
  class space    used 11453K, committed 11712K, reserved 1048576K
}

Dll operation events (2 events):
Event: 0.009 Loaded shared library C:\Program Files\Android\Android Studio\jbr\bin\java.dll
Event: 0.801 Loaded shared library C:\Program Files\Android\Android Studio\jbr\bin\verify.dll

Deoptimization events (20 events):
Event: 69.514 Thread 0x000001abace728d0 Uncommon trap: trap_request=0xffffffde fr.pc=0x000001ab9c810420 relative=0x00000000000020c0
Event: 69.514 Thread 0x000001abace728d0 Uncommon trap: reason=class_check action=maybe_recompile pc=0x000001ab9c810420 method=java.lang.Class.createAnnotationData(I)Ljava/lang/Class$AnnotationData; @ 103 c2
Event: 69.514 Thread 0x000001abace728d0 DEOPT PACKING pc=0x000001ab9c810420 sp=0x00000032b7ff8270
Event: 69.514 Thread 0x000001abace728d0 DEOPT UNPACKING pc=0x000001ab9c2569a3 sp=0x00000032b7ff80c8 mode 2
Event: 69.753 Thread 0x000001abace728d0 Uncommon trap: trap_request=0xffffffc6 fr.pc=0x000001ab9cb3aa98 relative=0x0000000000000078
Event: 69.753 Thread 0x000001abace728d0 Uncommon trap: reason=bimorphic_or_optimized_type_check action=maybe_recompile pc=0x000001ab9cb3aa98 method=java.util.Collections$UnmodifiableCollection.size()I @ 4 c2
Event: 69.753 Thread 0x000001abace728d0 DEOPT PACKING pc=0x000001ab9cb3aa98 sp=0x00000032b7ff8480
Event: 69.753 Thread 0x000001abace728d0 DEOPT UNPACKING pc=0x000001ab9c2569a3 sp=0x00000032b7ff8410 mode 2
Event: 69.756 Thread 0x000001abace728d0 Uncommon trap: trap_request=0xfffffff4 fr.pc=0x000001ab9c8105d0 relative=0x0000000000002270
Event: 69.756 Thread 0x000001abace728d0 Uncommon trap: reason=null_check action=make_not_entrant pc=0x000001ab9c8105d0 method=java.lang.Class.createAnnotationData(I)Ljava/lang/Class$AnnotationData; @ 14 c2
Event: 69.756 Thread 0x000001abace728d0 DEOPT PACKING pc=0x000001ab9c8105d0 sp=0x00000032b7ff7710
Event: 69.756 Thread 0x000001abace728d0 DEOPT UNPACKING pc=0x000001ab9c2569a3 sp=0x00000032b7ff7690 mode 2
Event: 69.758 Thread 0x000001abace728d0 Uncommon trap: trap_request=0xffffffc6 fr.pc=0x000001ab9cb3aa98 relative=0x0000000000000078
Event: 69.758 Thread 0x000001abace728d0 Uncommon trap: reason=bimorphic_or_optimized_type_check action=maybe_recompile pc=0x000001ab9cb3aa98 method=java.util.Collections$UnmodifiableCollection.size()I @ 4 c2
Event: 69.758 Thread 0x000001abace728d0 DEOPT PACKING pc=0x000001ab9cb3aa98 sp=0x00000032b7ff8480
Event: 69.758 Thread 0x000001abace728d0 DEOPT UNPACKING pc=0x000001ab9c2569a3 sp=0x00000032b7ff8410 mode 2
Event: 69.759 Thread 0x000001abace728d0 Uncommon trap: trap_request=0xffffffc6 fr.pc=0x000001ab9cb3aa98 relative=0x0000000000000078
Event: 69.759 Thread 0x000001abace728d0 Uncommon trap: reason=bimorphic_or_optimized_type_check action=maybe_recompile pc=0x000001ab9cb3aa98 method=java.util.Collections$UnmodifiableCollection.size()I @ 4 c2
Event: 69.759 Thread 0x000001abace728d0 DEOPT PACKING pc=0x000001ab9cb3aa98 sp=0x00000032b7ff8190
Event: 69.759 Thread 0x000001abace728d0 DEOPT UNPACKING pc=0x000001ab9c2569a3 sp=0x00000032b7ff8120 mode 2

Classes unloaded (0 events):
No events

Classes redefined (0 events):
No events

Internal exceptions (20 events):
Event: 65.573 Thread 0x000001abace728d0 Exception <a 'java/lang/ClassNotFoundException'{0x0000000087f197c8}: com/android/build/gradle/internal/api/ApkVariantOutputImplCustomizer> (0x0000000087f197c8) 
thrown [s\src\hotspot\share\classfile\systemDictionary.cpp, line 256]
Event: 65.575 Thread 0x000001abace728d0 Exception <a 'java/lang/ClassNotFoundException'{0x0000000087f33db8}: com/android/build/gradle/internal/api/ApkVariantOutputImpl_DecoratedCustomizer> (0x0000000087f33db8) 
thrown [s\src\hotspot\share\classfile\systemDictionary.cpp, line 256]
Event: 66.073 Thread 0x000001abace728d0 Exception <a 'java/lang/ClassNotFoundException'{0x0000000087734228}: com/android/build/gradle/internal/api/ReadOnlyBuildTypeBeanInfo> (0x0000000087734228) 
thrown [s\src\hotspot\share\classfile\systemDictionary.cpp, line 256]
Event: 66.074 Thread 0x000001abace728d0 Exception <a 'java/lang/ClassNotFoundException'{0x0000000087741d18}: com/android/build/gradle/internal/api/ReadOnlyBaseConfigBeanInfo> (0x0000000087741d18) 
thrown [s\src\hotspot\share\classfile\systemDictionary.cpp, line 256]
Event: 66.075 Thread 0x000001abace728d0 Exception <a 'java/lang/ClassNotFoundException'{0x000000008774f828}: com/android/build/gradle/internal/api/ReadOnlyBaseConfigCustomizer> (0x000000008774f828) 
thrown [s\src\hotspot\share\classfile\systemDictionary.cpp, line 256]
Event: 66.077 Thread 0x000001abace728d0 Exception <a 'java/lang/ClassNotFoundException'{0x000000008776dee0}: com/android/build/gradle/internal/api/ReadOnlyBuildTypeCustomizer> (0x000000008776dee0) 
thrown [s\src\hotspot\share\classfile\systemDictionary.cpp, line 256]
Event: 66.892 Thread 0x000001abace728d0 Implicit null exception at 0x000001ab9cc2d836 to 0x000001ab9cc2dc94
Event: 66.892 Thread 0x000001abace728d0 Implicit null exception at 0x000001ab9cc2e420 to 0x000001ab9cc2e984
Event: 66.892 Thread 0x000001abace728d0 Implicit null exception at 0x000001ab9cb54525 to 0x000001ab9cb54e0c
Event: 66.892 Thread 0x000001abace728d0 Implicit null exception at 0x000001ab9cb52ddb to 0x000001ab9cb52e64
Event: 66.892 Thread 0x000001abace728d0 Implicit null exception at 0x000001ab9cc2fff3 to 0x000001ab9cc302f8
Event: 66.892 Thread 0x000001abace728d0 Implicit null exception at 0x000001ab9cb54525 to 0x000001ab9cb54e0c
Event: 66.892 Thread 0x000001abace728d0 Implicit null exception at 0x000001ab9cb54525 to 0x000001ab9cb54e0c
Event: 66.892 Thread 0x000001abace728d0 Implicit null exception at 0x000001ab9cb54525 to 0x000001ab9cb54e0c
Event: 66.896 Thread 0x000001abace728d0 Implicit null exception at 0x000001ab9cc2f60c to 0x000001ab9cc2f8ac
Event: 67.120 Thread 0x000001abace728d0 Implicit null exception at 0x000001ab9cc33148 to 0x000001ab9cc33924
Event: 67.121 Thread 0x000001abace728d0 Implicit null exception at 0x000001ab9ca54b92 to 0x000001ab9ca55270
Event: 68.091 Thread 0x000001abace728d0 Exception <a 'sun/nio/fs/WindowsException'{0x0000000087982610}> (0x0000000087982610) 
thrown [s\src\hotspot\share\prims\jni.cpp, line 517]
Event: 69.344 Thread 0x000001abace728d0 Exception <a 'java/lang/NullPointerException'{0x00000000872f0910}> (0x00000000872f0910) 
thrown [s\src\hotspot\share\interpreter\linkResolver.cpp, line 1447]
Event: 69.756 Thread 0x000001abace728d0 Implicit null exception at 0x000001ab9c80e41b to 0x000001ab9c8105c0

VM Operations (20 events):
Event: 66.551 Executing VM operation: Cleanup
Event: 66.552 Executing VM operation: Cleanup done
Event: 66.636 Executing VM operation: HandshakeAllThreads
Event: 66.637 Executing VM operation: HandshakeAllThreads done
Event: 66.892 Executing VM operation: HandshakeAllThreads
Event: 66.893 Executing VM operation: HandshakeAllThreads done
Event: 67.065 Executing VM operation: ICBufferFull
Event: 67.065 Executing VM operation: ICBufferFull done
Event: 67.109 Executing VM operation: HandshakeAllThreads
Event: 67.109 Executing VM operation: HandshakeAllThreads done
Event: 67.508 Executing VM operation: G1CollectForAllocation
Event: 67.577 Executing VM operation: G1CollectForAllocation done
Event: 67.773 Executing VM operation: G1Concurrent
Event: 67.783 Executing VM operation: G1Concurrent done
Event: 67.849 Executing VM operation: G1Concurrent
Event: 67.849 Executing VM operation: G1Concurrent done
Event: 68.556 Executing VM operation: HandshakeAllThreads
Event: 68.557 Executing VM operation: HandshakeAllThreads done
Event: 69.564 Executing VM operation: Cleanup
Event: 69.564 Executing VM operation: Cleanup done

Events (20 events):
Event: 69.460 loading class java/awt/image/WritableRenderedImage done
Event: 69.460 loading class java/awt/image/BufferedImage done
Event: 69.461 loading class java/awt/Graphics2D
Event: 69.461 loading class java/awt/Graphics2D done
Event: 69.464 loading class java/awt/datatransfer/Transferable
Event: 69.464 loading class java/awt/datatransfer/Transferable done
Event: 69.467 loading class javax/xml/transform/Result
Event: 69.467 loading class javax/xml/transform/Result done
Event: 69.468 loading class javax/xml/datatype/XMLGregorianCalendar
Event: 69.468 loading class javax/xml/datatype/XMLGregorianCalendar done
Event: 69.477 loading class javax/xml/namespace/NamespaceContext
Event: 69.477 loading class javax/xml/namespace/NamespaceContext done
Event: 69.478 loading class javax/xml/datatype/Duration
Event: 69.478 loading class javax/xml/datatype/Duration done
Event: 69.735 loading class java/lang/Short$ShortCache
Event: 69.735 loading class java/lang/Short$ShortCache done
Event: 69.879 loading class jdk/internal/ValueBased
Event: 69.879 loading class jdk/internal/ValueBased done
Event: 69.909 loading class java/lang/Package$1PackageInfoProxy
Event: 69.910 loading class java/lang/Package$1PackageInfoProxy done


Dynamic libraries:
0x00007ff7e9df0000 - 0x00007ff7e9dfa000 	C:\Program Files\Android\Android Studio\jbr\bin\java.exe
0x00007fff659b0000 - 0x00007fff65ba7000 	C:\Windows\SYSTEM32\ntdll.dll
0x00007fff649f0000 - 0x00007fff64aad000 	C:\Windows\System32\KERNEL32.DLL
0x00007fff633a0000 - 0x00007fff63696000 	C:\Windows\System32\KERNELBASE.dll
0x00007fff638a0000 - 0x00007fff639a0000 	C:\Windows\System32\ucrtbase.dll
0x00007fff5c6a0000 - 0x00007fff5c6b7000 	C:\Program Files\Android\Android Studio\jbr\bin\jli.dll
0x00007fff49070000 - 0x00007fff4908b000 	C:\Program Files\Android\Android Studio\jbr\bin\VCRUNTIME140.dll
0x00007fff651d0000 - 0x00007fff6536e000 	C:\Windows\System32\USER32.dll
0x00007fff50e40000 - 0x00007fff510da000 	C:\Windows\WinSxS\amd64_microsoft.windows.common-controls_6595b64144ccf1df_6.0.19041.3570_none_60bb2a3971f3e41a\COMCTL32.dll
0x00007fff630e0000 - 0x00007fff63102000 	C:\Windows\System32\win32u.dll
0x00007fff64f00000 - 0x00007fff64f9e000 	C:\Windows\System32\msvcrt.dll
0x00007fff658e0000 - 0x00007fff6590c000 	C:\Windows\System32\GDI32.dll
0x00007fff63750000 - 0x00007fff6386a000 	C:\Windows\System32\gdi32full.dll
0x00007fff63110000 - 0x00007fff631ad000 	C:\Windows\System32\msvcp_win.dll
0x00007fff658b0000 - 0x00007fff658e0000 	C:\Windows\System32\IMM32.DLL
0x00007fff51690000 - 0x00007fff5169c000 	C:\Program Files\Android\Android Studio\jbr\bin\vcruntime140_1.dll
0x00007fff342d0000 - 0x00007fff3435d000 	C:\Program Files\Android\Android Studio\jbr\bin\msvcp140.dll
0x00007fff2bac0000 - 0x00007fff2c72e000 	C:\Program Files\Android\Android Studio\jbr\bin\server\jvm.dll
0x00007fff656e0000 - 0x00007fff6578e000 	C:\Windows\System32\ADVAPI32.dll
0x00007fff65000000 - 0x00007fff6509c000 	C:\Windows\System32\sechost.dll
0x00007fff63a10000 - 0x00007fff63b36000 	C:\Windows\System32\RPCRT4.dll
0x00007fff55a20000 - 0x00007fff55a47000 	C:\Windows\SYSTEM32\WINMM.dll
0x00007fff5c730000 - 0x00007fff5c739000 	C:\Windows\SYSTEM32\WSOCK32.dll
0x00007fff55ec0000 - 0x00007fff55eca000 	C:\Windows\SYSTEM32\VERSION.dll
0x00007fff650a0000 - 0x00007fff6510b000 	C:\Windows\System32\WS2_32.dll
0x00007fff61110000 - 0x00007fff61122000 	C:\Windows\SYSTEM32\kernel.appcore.dll
0x00007fff5f8f0000 - 0x00007fff5f8fa000 	C:\Program Files\Android\Android Studio\jbr\bin\jimage.dll
0x00007fff4d1d0000 - 0x00007fff4d3b4000 	C:\Windows\SYSTEM32\DBGHELP.DLL
0x00007fff4da50000 - 0x00007fff4da84000 	C:\Windows\SYSTEM32\dbgcore.DLL
0x00007fff63310000 - 0x00007fff63392000 	C:\Windows\System32\bcryptPrimitives.dll
0x00007fff5e860000 - 0x00007fff5e885000 	C:\Program Files\Android\Android Studio\jbr\bin\java.dll
0x00007fff5eca0000 - 0x00007fff5ecb8000 	C:\Program Files\Android\Android Studio\jbr\bin\zip.dll
0x00007fff63cc0000 - 0x00007fff64404000 	C:\Windows\System32\SHELL32.dll
0x00007fff61130000 - 0x00007fff618cb000 	C:\Windows\SYSTEM32\windows.storage.dll
0x00007fff65370000 - 0x00007fff656c4000 	C:\Windows\System32\combase.dll
0x00007fff62a60000 - 0x00007fff62a8d000 	C:\Windows\SYSTEM32\Wldp.dll
0x00007fff64bf0000 - 0x00007fff64c9d000 	C:\Windows\System32\SHCORE.dll
0x00007fff65110000 - 0x00007fff65165000 	C:\Windows\System32\shlwapi.dll
0x00007fff62fc0000 - 0x00007fff62fe5000 	C:\Windows\SYSTEM32\profapi.dll
0x00007fff5d9b0000 - 0x00007fff5d9c9000 	C:\Program Files\Android\Android Studio\jbr\bin\net.dll
0x00007fff57050000 - 0x00007fff5715a000 	C:\Windows\SYSTEM32\WINHTTP.dll
0x00007fff62760000 - 0x00007fff627ca000 	C:\Windows\system32\mswsock.dll
0x00007fff5d990000 - 0x00007fff5d9a6000 	C:\Program Files\Android\Android Studio\jbr\bin\nio.dll
0x00007fff5f8e0000 - 0x00007fff5f8f0000 	C:\Program Files\Android\Android Studio\jbr\bin\verify.dll
0x00007fff516a0000 - 0x00007fff516c7000 	C:\Users\refrizar.dwiardito\.jdks\openjdk-21\native\68d5fa5c4cc2d200863cafc0d521ce42e7d3e7ee720ec0a83991735586a16f82\windows-amd64\native-platform.dll
0x00007fff2f540000 - 0x00007fff2f684000 	C:\Users\refrizar.dwiardito\.jdks\openjdk-21\native\e376f236ea51e6404a007f0833ffe2c6e607c4080706a723a18a27aeea778392\windows-amd64\native-platform-file-events.dll
0x00007fff5dad0000 - 0x00007fff5dad9000 	C:\Program Files\Android\Android Studio\jbr\bin\management.dll
0x00007fff5d980000 - 0x00007fff5d98b000 	C:\Program Files\Android\Android Studio\jbr\bin\management_ext.dll
0x00007fff656d0000 - 0x00007fff656d8000 	C:\Windows\System32\PSAPI.DLL
0x00007fff629b0000 - 0x00007fff629c8000 	C:\Windows\SYSTEM32\CRYPTSP.dll
0x00007fff62070000 - 0x00007fff620a4000 	C:\Windows\system32\rsaenh.dll
0x00007fff63870000 - 0x00007fff63897000 	C:\Windows\System32\bcrypt.dll
0x00007fff62f40000 - 0x00007fff62f6e000 	C:\Windows\SYSTEM32\USERENV.dll
0x00007fff629d0000 - 0x00007fff629dc000 	C:\Windows\SYSTEM32\CRYPTBASE.dll
0x00007fff62450000 - 0x00007fff6248b000 	C:\Windows\SYSTEM32\IPHLPAPI.DLL
0x00007fff63cb0000 - 0x00007fff63cb8000 	C:\Windows\System32\NSI.dll
0x00007fff577b0000 - 0x00007fff577c7000 	C:\Windows\SYSTEM32\dhcpcsvc6.DLL
0x00007fff57790000 - 0x00007fff577ad000 	C:\Windows\SYSTEM32\dhcpcsvc.DLL
0x00007fff62490000 - 0x00007fff6255a000 	C:\Windows\SYSTEM32\DNSAPI.dll
0x00007fff5c690000 - 0x00007fff5c697000 	C:\Windows\system32\wshunix.dll

dbghelp: loaded successfully - version: 4.0.5 - missing functions: none
symbol engine: initialized successfully - sym options: 0x614 - pdb path: .;C:\Program Files\Android\Android Studio\jbr\bin;C:\Windows\SYSTEM32;C:\Windows\WinSxS\amd64_microsoft.windows.common-controls_6595b64144ccf1df_6.0.19041.3570_none_60bb2a3971f3e41a;C:\Program Files\Android\Android Studio\jbr\bin\server;C:\Users\refrizar.dwiardito\.jdks\openjdk-21\native\68d5fa5c4cc2d200863cafc0d521ce42e7d3e7ee720ec0a83991735586a16f82\windows-amd64;C:\Users\refrizar.dwiardito\.jdks\openjdk-21\native\e376f236ea51e6404a007f0833ffe2c6e607c4080706a723a18a27aeea778392\windows-amd64

VM Arguments:
jvm_args: --add-opens=java.base/java.util=ALL-UNNAMED --add-opens=java.base/java.lang=ALL-UNNAMED --add-opens=java.base/java.lang.invoke=ALL-UNNAMED --add-opens=java.prefs/java.util.prefs=ALL-UNNAMED --add-opens=java.base/java.nio.charset=ALL-UNNAMED --add-opens=java.base/java.net=ALL-UNNAMED --add-opens=java.base/java.util.concurrent.atomic=ALL-UNNAMED -Xmx2048m -Dfile.encoding=UTF-8 -Duser.country=US -Duser.language=en -Duser.variant 
java_command: org.gradle.launcher.daemon.bootstrap.GradleDaemon 8.0
java_class_path (initial): C:\Users\refrizar.dwiardito\.jdks\openjdk-21\wrapper\dists\gradle-8.0-all\a2o1xoguejy6msdh0lk99lxza\gradle-8.0\lib\gradle-launcher-8.0.jar
Launcher Type: SUN_STANDARD

[Global flags]
     intx CICompilerCount                          = 3                                         {product} {ergonomic}
     uint ConcGCThreads                            = 1                                         {product} {ergonomic}
     uint G1ConcRefinementThreads                  = 4                                         {product} {ergonomic}
   size_t G1HeapRegionSize                         = 1048576                                   {product} {ergonomic}
    uintx GCDrainStackTargetSize                   = 64                                        {product} {ergonomic}
   size_t InitialHeapSize                          = 134217728                                 {product} {ergonomic}
   size_t MarkStackSize                            = 4194304                                   {product} {ergonomic}
   size_t MaxHeapSize                              = 2147483648                                {product} {command line}
   size_t MaxNewSize                               = 1287651328                                {product} {ergonomic}
   size_t MinHeapDeltaBytes                        = 1048576                                   {product} {ergonomic}
   size_t MinHeapSize                              = 8388608                                   {product} {ergonomic}
    uintx NonNMethodCodeHeapSize                   = 5832780                                {pd product} {ergonomic}
    uintx NonProfiledCodeHeapSize                  = 122912730                              {pd product} {ergonomic}
    uintx ProfiledCodeHeapSize                     = 122912730                              {pd product} {ergonomic}
    uintx ReservedCodeCacheSize                    = 251658240                              {pd product} {ergonomic}
     bool SegmentedCodeCache                       = true                                      {product} {ergonomic}
   size_t SoftMaxHeapSize                          = 2147483648                             {manageable} {ergonomic}
     bool UseCompressedClassPointers               = true                           {product lp64_product} {ergonomic}
     bool UseCompressedOops                        = true                           {product lp64_product} {ergonomic}
     bool UseG1GC                                  = true                                      {product} {ergonomic}
     bool UseLargePagesIndividualAllocation        = false                                  {pd product} {ergonomic}

Logging:
Log output configuration:
 #0: stdout all=warning uptime,level,tags
 #1: stderr all=off uptime,level,tags

Environment Variables:
JAVA_HOME=C:\Users\refrizar.dwiardito\.jdks\openjdk-21
PATH=C:\Program Files\Common Files\Oracle\Java\javapath;C:\Windows\system32;C:\Windows;C:\Windows\System32\Wbem;C:\Windows\System32\WindowsPowerShell\v1.0\;C:\Windows\System32\OpenSSH\;C:\Program Files\mingw-w64\x86_64-8.1.0-posix-seh-rt_v6-rev0\mingw64\bin;C:\Users\refrizar.dwiardito\AppData\Local\Programs\Python\Python310\Scripts;C:\Users\refrizar.dwiardito\.jdks\openjdk-21\bin;C:\Program Files\PuTTY\;C:\Program Files\gradle-8.3\bin;C:\Program Files\Git\cmd;C:\Users\refrizar.dwiardito\AppData\Local\Programs\Python\Python310\Scripts\;C:\Users\refrizar.dwiardito\AppData\Local\Programs\Python\Python310\;C:\Users\refrizar.dwiardito\AppData\Local\Microsoft\WindowsApps;;C:\Users\refrizar.dwiardito\AppData\Local\Programs\Microsoft VS Code\bin
USERNAME=refrizar.dwiardito
OS=Windows_NT
PROCESSOR_IDENTIFIER=Intel64 Family 6 Model 61 Stepping 4, GenuineIntel
TMP=C:\Users\REFRIZ~1.DWI\AppData\Local\Temp
TEMP=C:\Users\REFRIZ~1.DWI\AppData\Local\Temp


JNI global refs:
JNI global refs: 23, weak refs: 2

JNI global refs memory usage: 843, weak refs: 841


---------------  S Y S T E M  ---------------

OS:
 Windows 10 , 64 bit Build 19041 (10.0.19041.3570)
OS uptime: 0 days 0:47 hours

CPU: total 4 (initial active 4) (2 cores per cpu, 2 threads per core) family 6 model 61 stepping 4 microcode 0x2f, cx8, cmov, fxsr, ht, mmx, 3dnowpref, sse, sse2, sse3, ssse3, sse4.1, sse4.2, popcnt, lzcnt, tsc, tscinvbit, avx, avx2, aes, erms, clmul, bmi1, bmi2, adx, fma, vzeroupper, clflush

Memory: 4k page, system-wide physical 8083M (401M free)
TotalPageFile size 8083M (AvailPageFile size 7M)
current process WorkingSet (physical memory assigned to process): 382M, peak: 385M
current process commit charge ("private bytes"): 409M, peak: 412M

vm_info: OpenJDK 64-Bit Server VM (17.0.6+0-b2043.56-10027231) for windows-amd64 JRE (17.0.6+0-b2043.56-10027231), built on Apr 28 2023 00:43:19 by "androidbuild" with MS VC++ 16.10 / 16.11 (VS2019)

END.
