#
# There is insufficient memory for the Java Runtime Environment to continue.
# Native memory allocation (mmap) failed to map 5242880 bytes for G1 virtual space
# Possible reasons:
#   The system is out of physical RAM or swap space
#   The process is running with CompressedOops enabled, and the Java Heap may be blocking the growth of the native heap
# Possible solutions:
#   Reduce memory load on the system
#   Increase physical memory or swap space
#   Check if swap backing store is full
#   Decrease Java heap size (-Xmx/-Xms)
#   Decrease number of Java threads
#   Decrease Java thread stack sizes (-Xss)
#   Set larger code cache with -XX:ReservedCodeCacheSize=
#   JVM is running with Unscaled Compressed Oops mode in which the Java heap is
#     placed in the first 4GB address space. The Java Heap base address is the
#     maximum limit for the native heap growth. Please use -XX:HeapBaseMinAddress
#     to set the Java Heap base and to place the Java Heap above 4GB virtual address.
# This output file may be truncated or incomplete.
#
#  Out of Memory Error (os_windows.cpp:3769), pid=2828, tid=10756
#
# JRE version: OpenJDK Runtime Environment (17.0.6) (build 17.0.6+0-b2043.56-10027231)
# Java VM: OpenJDK 64-Bit Server VM (17.0.6+0-b2043.56-10027231, mixed mode, tiered, compressed oops, compressed class ptrs, g1 gc, windows-amd64)
# No core dump will be written. Minidumps are not enabled by default on client versions of Windows
#

---------------  S U M M A R Y ------------

Command Line: org.jetbrains.kotlin.cli.jvm.K2JVMCompiler @C:\Users\refrizar.dwiardito\AndroidStudioProjects\Catwell\app\build\20231014_4360767679232849372.compiler.options

Host: Intel(R) Core(TM) i5-5200U CPU @ 2.20GHz, 4 cores, 7G,  Windows 10 , 64 bit Build 19041 (10.0.19041.3570)
Time: Sat Oct 14 12:38:10 2023 SE Asia Standard Time elapsed time: 5.439089 seconds (0d 0h 0m 5s)

---------------  T H R E A D  ---------------

Current thread (0x000002e351c1d030):  VMThread "VM Thread" [stack: 0x000000f6bf400000,0x000000f6bf500000] [id=10756]

Stack: [0x000000f6bf400000,0x000000f6bf500000]
Native frames: (J=compiled Java code, j=interpreted, Vv=VM code, C=native code)
V  [jvm.dll+0x683c9a]
V  [jvm.dll+0x8427a4]
V  [jvm.dll+0x843f9e]
V  [jvm.dll+0x844603]
V  [jvm.dll+0x249b75]
V  [jvm.dll+0x680b69]
V  [jvm.dll+0x67505a]
V  [jvm.dll+0x309acb]
V  [jvm.dll+0x310f86]
V  [jvm.dll+0x3608ee]
V  [jvm.dll+0x360b1f]
V  [jvm.dll+0x2dfbf8]
V  [jvm.dll+0x2ddec4]
V  [jvm.dll+0x2dd4cc]
V  [jvm.dll+0x322261]
V  [jvm.dll+0x848ccb]
V  [jvm.dll+0x849a04]
V  [jvm.dll+0x849f1d]
V  [jvm.dll+0x84a2f4]
V  [jvm.dll+0x84a3c0]
V  [jvm.dll+0x7f274a]
V  [jvm.dll+0x682ad5]
C  [ucrtbase.dll+0x21bb2]
C  [KERNEL32.DLL+0x17344]
C  [ntdll.dll+0x526b1]

VM_Operation (0x000000f6beefad50): G1TryInitiateConcMark, mode: safepoint, requested by thread 0x000002e335c09400


---------------  P R O C E S S  ---------------

Threads class SMR info:
_java_thread_list=0x000002e3553f6280, length=13, elements={
0x000002e335c09400, 0x000002e35108d7b0, 0x000002e35108e620, 0x000002e35109b540,
0x000002e351c60010, 0x000002e351c629d0, 0x000002e351c63380, 0x000002e351c79010,
0x000002e351c79910, 0x000002e351c7a210, 0x000002e351e13250, 0x000002e351e28720,
0x000002e3551a5880
}

Java Threads: ( => current thread )
  0x000002e335c09400 JavaThread "main" [_thread_blocked, id=10824, stack(0x000000f6bee00000,0x000000f6bef00000)]
  0x000002e35108d7b0 JavaThread "Reference Handler" daemon [_thread_blocked, id=1600, stack(0x000000f6bf500000,0x000000f6bf600000)]
  0x000002e35108e620 JavaThread "Finalizer" daemon [_thread_blocked, id=7460, stack(0x000000f6bf600000,0x000000f6bf700000)]
  0x000002e35109b540 JavaThread "Signal Dispatcher" daemon [_thread_blocked, id=8536, stack(0x000000f6bf700000,0x000000f6bf800000)]
  0x000002e351c60010 JavaThread "Attach Listener" daemon [_thread_blocked, id=2668, stack(0x000000f6bf800000,0x000000f6bf900000)]
  0x000002e351c629d0 JavaThread "Service Thread" daemon [_thread_blocked, id=11172, stack(0x000000f6bf900000,0x000000f6bfa00000)]
  0x000002e351c63380 JavaThread "Monitor Deflation Thread" daemon [_thread_blocked, id=10128, stack(0x000000f6bfa00000,0x000000f6bfb00000)]
  0x000002e351c79010 JavaThread "C2 CompilerThread0" daemon [_thread_blocked, id=3252, stack(0x000000f6bfb00000,0x000000f6bfc00000)]
  0x000002e351c79910 JavaThread "C1 CompilerThread0" daemon [_thread_blocked, id=2436, stack(0x000000f6bfc00000,0x000000f6bfd00000)]
  0x000002e351c7a210 JavaThread "Sweeper thread" daemon [_thread_blocked, id=748, stack(0x000000f6bfd00000,0x000000f6bfe00000)]
  0x000002e351e13250 JavaThread "Notification Thread" daemon [_thread_blocked, id=3536, stack(0x000000f6bfe00000,0x000000f6bff00000)]
  0x000002e351e28720 JavaThread "Common-Cleaner" daemon [_thread_blocked, id=7124, stack(0x000000f6c0000000,0x000000f6c0100000)]
  0x000002e3551a5880 JavaThread "C2 CompilerThread1" daemon [_thread_blocked, id=7828, stack(0x000000f6c0400000,0x000000f6c0500000)]

Other Threads:
=>0x000002e351c1d030 VMThread "VM Thread" [stack: 0x000000f6bf400000,0x000000f6bf500000] [id=10756]
  0x000002e335c7f380 WatcherThread [stack: 0x000000f6bff00000,0x000000f6c0000000] [id=32]
  0x000002e335c67140 GCTaskThread "GC Thread#0" [stack: 0x000000f6bef00000,0x000000f6bf000000] [id=2448]
  0x000002e3521beb10 GCTaskThread "GC Thread#1" [stack: 0x000000f6c0100000,0x000000f6c0200000] [id=4260]
  0x000002e3521bedc0 GCTaskThread "GC Thread#2" [stack: 0x000000f6c0200000,0x000000f6c0300000] [id=9116]
  0x000002e352262cb0 GCTaskThread "GC Thread#3" [stack: 0x000000f6c0300000,0x000000f6c0400000] [id=10872]
  0x000002e335c77d40 ConcurrentGCThread "G1 Main Marker" [stack: 0x000000f6bf000000,0x000000f6bf100000] [id=8440]
  0x000002e335c79f00 ConcurrentGCThread "G1 Conc#0" [stack: 0x000000f6bf100000,0x000000f6bf200000] [id=5952]
  0x000002e335cdeb60 ConcurrentGCThread "G1 Refine#0" [stack: 0x000000f6bf200000,0x000000f6bf300000] [id=3148]
  0x000002e3522ac640 ConcurrentGCThread "G1 Refine#1" [stack: 0x000000f6c0500000,0x000000f6c0600000] [id=10500]
  0x000002e3522ac920 ConcurrentGCThread "G1 Refine#2" [stack: 0x000000f6c0600000,0x000000f6c0700000] [id=11068]
  0x000002e350efe780 ConcurrentGCThread "G1 Service" [stack: 0x000000f6bf300000,0x000000f6bf400000] [id=5036]

Threads with active compile tasks:
C2 CompilerThread0     5465 3519       4       org.jetbrains.kotlin.protobuf.FieldSet::isInitialized (83 bytes)
C2 CompilerThread1     5465 3518       4       org.jetbrains.kotlin.protobuf.CodedOutputStream::flush (12 bytes)

VM state: at safepoint (normal execution)

VM Mutex/Monitor currently owned by a thread:  ([mutex/lock_event])
[0x000002e335c04860] Threads_lock - owner thread: 0x000002e351c1d030
[0x000002e335c03ae0] Heap_lock - owner thread: 0x000002e335c09400

Heap address: 0x0000000081a00000, size: 2022 MB, Compressed Oops mode: 32-bit

CDS archive(s) not mapped
Compressed class space mapped at: 0x0000000100000000-0x0000000140000000, reserved size: 1073741824
Narrow klass base: 0x0000000000000000, Narrow klass shift: 3, Narrow klass range: 0x140000000

GC Precious Log:
 CPUs: 4 total, 4 available
 Memory: 8083M
 Large Page Support: Disabled
 NUMA Support: Disabled
 Compressed Oops: Enabled (32-bit)
 Heap Region Size: 1M
 Heap Min Capacity: 8M
 Heap Initial Capacity: 128M
 Heap Max Capacity: 2022M
 Pre-touch: Disabled
 Parallel Workers: 4
 Concurrent Workers: 1
 Concurrent Refinement Workers: 4
 Periodic GC: Disabled

Heap:
 garbage-first heap   total 104448K, used 27731K [0x0000000081a00000, 0x0000000100000000)
  region size 1024K, 2 young (2048K), 2 survivors (2048K)
 Metaspace       used 49348K, committed 49600K, reserved 1097728K
  class space    used 6016K, committed 6144K, reserved 1048576K

Heap Regions: E=young(eden), S=young(survivor), O=old, HS=humongous(starts), HC=humongous(continues), CS=collection set, F=free, OA=open archive, CA=closed archive, TAMS=top-at-mark-start (previous, next)
|   0|0x0000000081a00000, 0x0000000081b00000, 0x0000000081b00000|100%|HS|  |TAMS 0x0000000081b00000, 0x0000000081b00000| Complete 
|   1|0x0000000081b00000, 0x0000000081c00000, 0x0000000081c00000|100%|HC|  |TAMS 0x0000000081c00000, 0x0000000081c00000| Complete 
|   2|0x0000000081c00000, 0x0000000081d00000, 0x0000000081d00000|100%|HC|  |TAMS 0x0000000081d00000, 0x0000000081d00000| Complete 
|   3|0x0000000081d00000, 0x0000000081e00000, 0x0000000081e00000|100%|HC|  |TAMS 0x0000000081e00000, 0x0000000081e00000| Complete 
|   4|0x0000000081e00000, 0x0000000081efda00, 0x0000000081f00000| 99%| O|  |TAMS 0x0000000081efda00, 0x0000000081efda00| Untracked 
|   5|0x0000000081f00000, 0x0000000082000000, 0x0000000082000000|100%| O|  |TAMS 0x0000000082000000, 0x0000000082000000| Untracked 
|   6|0x0000000082000000, 0x0000000082100000, 0x0000000082100000|100%| O|  |TAMS 0x0000000082100000, 0x0000000082100000| Untracked 
|   7|0x0000000082100000, 0x0000000082200000, 0x0000000082200000|100%| O|  |TAMS 0x0000000082200000, 0x0000000082200000| Untracked 
|   8|0x0000000082200000, 0x0000000082300000, 0x0000000082300000|100%| O|  |TAMS 0x0000000082300000, 0x0000000082300000| Untracked 
|   9|0x0000000082300000, 0x0000000082400000, 0x0000000082400000|100%| O|  |TAMS 0x0000000082400000, 0x0000000082400000| Untracked 
|  10|0x0000000082400000, 0x0000000082500000, 0x0000000082500000|100%| O|  |TAMS 0x0000000082500000, 0x0000000082500000| Untracked 
|  11|0x0000000082500000, 0x0000000082500000, 0x0000000082600000|  0%| F|  |TAMS 0x0000000082500000, 0x0000000082500000| Untracked 
|  12|0x0000000082600000, 0x0000000082700000, 0x0000000082700000|100%| O|  |TAMS 0x0000000082700000, 0x0000000082700000| Untracked 
|  13|0x0000000082700000, 0x0000000082800000, 0x0000000082800000|100%| O|  |TAMS 0x0000000082800000, 0x0000000082800000| Untracked 
|  14|0x0000000082800000, 0x0000000082900000, 0x0000000082900000|100%| O|  |TAMS 0x0000000082900000, 0x0000000082900000| Untracked 
|  15|0x0000000082900000, 0x0000000082a00000, 0x0000000082a00000|100%| O|  |TAMS 0x0000000082a00000, 0x0000000082a00000| Untracked 
|  16|0x0000000082a00000, 0x0000000082b00000, 0x0000000082b00000|100%| O|  |TAMS 0x0000000082a00000, 0x0000000082b00000| Untracked 
|  17|0x0000000082b00000, 0x0000000082c00000, 0x0000000082c00000|100%| O|  |TAMS 0x0000000082c00000, 0x0000000082c00000| Untracked 
|  18|0x0000000082c00000, 0x0000000082d00000, 0x0000000082d00000|100%| O|  |TAMS 0x0000000082d00000, 0x0000000082d00000| Untracked 
|  19|0x0000000082d00000, 0x0000000082e00000, 0x0000000082e00000|100%| O|  |TAMS 0x0000000082de6400, 0x0000000082e00000| Untracked 
|  20|0x0000000082e00000, 0x0000000082f00000, 0x0000000082f00000|100%|HS|  |TAMS 0x0000000082e00000, 0x0000000082f00000| Complete 
|  21|0x0000000082f00000, 0x0000000083000000, 0x0000000083000000|100%|HC|  |TAMS 0x0000000082f00000, 0x0000000083000000| Complete 
|  22|0x0000000083000000, 0x0000000083100000, 0x0000000083100000|100%| O|  |TAMS 0x0000000083000000, 0x0000000083100000| Untracked 
|  23|0x0000000083100000, 0x0000000083200000, 0x0000000083200000|100%| O|  |TAMS 0x0000000083100000, 0x0000000083200000| Untracked 
|  24|0x0000000083200000, 0x0000000083300000, 0x0000000083300000|100%| O|  |TAMS 0x0000000083200000, 0x0000000083300000| Untracked 
|  25|0x0000000083300000, 0x00000000833f3000, 0x0000000083400000| 94%| O|  |TAMS 0x0000000083300000, 0x00000000833f3000| Untracked 
|  26|0x0000000083400000, 0x0000000083400000, 0x0000000083500000|  0%| F|  |TAMS 0x0000000083400000, 0x0000000083400000| Untracked 
|  27|0x0000000083500000, 0x0000000083500000, 0x0000000083600000|  0%| F|  |TAMS 0x0000000083500000, 0x0000000083500000| Untracked 
|  28|0x0000000083600000, 0x0000000083600000, 0x0000000083700000|  0%| F|  |TAMS 0x0000000083600000, 0x0000000083600000| Untracked 
|  29|0x0000000083700000, 0x0000000083700000, 0x0000000083800000|  0%| F|  |TAMS 0x0000000083700000, 0x0000000083700000| Untracked 
|  30|0x0000000083800000, 0x0000000083800000, 0x0000000083900000|  0%| F|  |TAMS 0x0000000083800000, 0x0000000083800000| Untracked 
|  31|0x0000000083900000, 0x0000000083900000, 0x0000000083a00000|  0%| F|  |TAMS 0x0000000083900000, 0x0000000083900000| Untracked 
|  32|0x0000000083a00000, 0x0000000083a00000, 0x0000000083b00000|  0%| F|  |TAMS 0x0000000083a00000, 0x0000000083a00000| Untracked 
|  33|0x0000000083b00000, 0x0000000083b00000, 0x0000000083c00000|  0%| F|  |TAMS 0x0000000083b00000, 0x0000000083b00000| Untracked 
|  34|0x0000000083c00000, 0x0000000083c00000, 0x0000000083d00000|  0%| F|  |TAMS 0x0000000083c00000, 0x0000000083c00000| Untracked 
|  35|0x0000000083d00000, 0x0000000083d00000, 0x0000000083e00000|  0%| F|  |TAMS 0x0000000083d00000, 0x0000000083d00000| Untracked 
|  36|0x0000000083e00000, 0x0000000083e00000, 0x0000000083f00000|  0%| F|  |TAMS 0x0000000083e00000, 0x0000000083e00000| Untracked 
|  37|0x0000000083f00000, 0x0000000083f00000, 0x0000000084000000|  0%| F|  |TAMS 0x0000000083f00000, 0x0000000083f00000| Untracked 
|  38|0x0000000084000000, 0x0000000084024310, 0x0000000084100000| 14%| S|CS|TAMS 0x0000000084000000, 0x0000000084000000| Complete 
|  39|0x0000000084100000, 0x0000000084200000, 0x0000000084200000|100%| S|CS|TAMS 0x0000000084100000, 0x0000000084100000| Complete 
|  40|0x0000000084200000, 0x0000000084200000, 0x0000000084300000|  0%| F|  |TAMS 0x0000000084200000, 0x0000000084200000| Untracked 
|  41|0x0000000084300000, 0x0000000084300000, 0x0000000084400000|  0%| F|  |TAMS 0x0000000084300000, 0x0000000084300000| Untracked 
|  42|0x0000000084400000, 0x0000000084400000, 0x0000000084500000|  0%| F|  |TAMS 0x0000000084400000, 0x0000000084400000| Untracked 
|  43|0x0000000084500000, 0x0000000084500000, 0x0000000084600000|  0%| F|  |TAMS 0x0000000084500000, 0x0000000084500000| Untracked 
|  44|0x0000000084600000, 0x0000000084600000, 0x0000000084700000|  0%| F|  |TAMS 0x0000000084600000, 0x0000000084600000| Untracked 
|  45|0x0000000084700000, 0x0000000084700000, 0x0000000084800000|  0%| F|  |TAMS 0x0000000084700000, 0x0000000084700000| Untracked 
|  46|0x0000000084800000, 0x0000000084800000, 0x0000000084900000|  0%| F|  |TAMS 0x0000000084800000, 0x0000000084800000| Untracked 
|  47|0x0000000084900000, 0x0000000084900000, 0x0000000084a00000|  0%| F|  |TAMS 0x0000000084900000, 0x0000000084900000| Untracked 
|  48|0x0000000084a00000, 0x0000000084a00000, 0x0000000084b00000|  0%| F|  |TAMS 0x0000000084a00000, 0x0000000084a00000| Untracked 
|  49|0x0000000084b00000, 0x0000000084b00000, 0x0000000084c00000|  0%| F|  |TAMS 0x0000000084b00000, 0x0000000084b00000| Untracked 
|  50|0x0000000084c00000, 0x0000000084c00000, 0x0000000084d00000|  0%| F|  |TAMS 0x0000000084c00000, 0x0000000084c00000| Untracked 
|  51|0x0000000084d00000, 0x0000000084d00000, 0x0000000084e00000|  0%| F|  |TAMS 0x0000000084d00000, 0x0000000084d00000| Untracked 
|  52|0x0000000084e00000, 0x0000000084e00000, 0x0000000084f00000|  0%| F|  |TAMS 0x0000000084e00000, 0x0000000084e00000| Untracked 
|  53|0x0000000084f00000, 0x0000000084f00000, 0x0000000085000000|  0%| F|  |TAMS 0x0000000084f00000, 0x0000000084f00000| Untracked 
|  54|0x0000000085000000, 0x0000000085000000, 0x0000000085100000|  0%| F|  |TAMS 0x0000000085000000, 0x0000000085000000| Untracked 
|  55|0x0000000085100000, 0x0000000085100000, 0x0000000085200000|  0%| F|  |TAMS 0x0000000085100000, 0x0000000085100000| Untracked 
|  56|0x0000000085200000, 0x0000000085200000, 0x0000000085300000|  0%| F|  |TAMS 0x0000000085200000, 0x0000000085200000| Untracked 
|  57|0x0000000085300000, 0x0000000085300000, 0x0000000085400000|  0%| F|  |TAMS 0x0000000085300000, 0x0000000085300000| Untracked 
|  58|0x0000000085400000, 0x0000000085400000, 0x0000000085500000|  0%| F|  |TAMS 0x0000000085400000, 0x0000000085400000| Untracked 
|  59|0x0000000085500000, 0x0000000085500000, 0x0000000085600000|  0%| F|  |TAMS 0x0000000085500000, 0x0000000085500000| Untracked 
|  60|0x0000000085600000, 0x0000000085600000, 0x0000000085700000|  0%| F|  |TAMS 0x0000000085600000, 0x0000000085600000| Untracked 
|  61|0x0000000085700000, 0x0000000085700000, 0x0000000085800000|  0%| F|  |TAMS 0x0000000085700000, 0x0000000085700000| Untracked 
|  62|0x0000000085800000, 0x0000000085800000, 0x0000000085900000|  0%| F|  |TAMS 0x0000000085800000, 0x0000000085800000| Untracked 
|  63|0x0000000085900000, 0x0000000085900000, 0x0000000085a00000|  0%| F|  |TAMS 0x0000000085900000, 0x0000000085900000| Untracked 
|  64|0x0000000085a00000, 0x0000000085a00000, 0x0000000085b00000|  0%| F|  |TAMS 0x0000000085a00000, 0x0000000085a00000| Untracked 
|  65|0x0000000085b00000, 0x0000000085b00000, 0x0000000085c00000|  0%| F|  |TAMS 0x0000000085b00000, 0x0000000085b00000| Untracked 
|  66|0x0000000085c00000, 0x0000000085c00000, 0x0000000085d00000|  0%| F|  |TAMS 0x0000000085c00000, 0x0000000085c00000| Untracked 
|  67|0x0000000085d00000, 0x0000000085d00000, 0x0000000085e00000|  0%| F|  |TAMS 0x0000000085d00000, 0x0000000085d00000| Untracked 
|  68|0x0000000085e00000, 0x0000000085e00000, 0x0000000085f00000|  0%| F|  |TAMS 0x0000000085e00000, 0x0000000085e00000| Untracked 
|  69|0x0000000085f00000, 0x0000000085f00000, 0x0000000086000000|  0%| F|  |TAMS 0x0000000085f00000, 0x0000000085f00000| Untracked 
|  70|0x0000000086000000, 0x0000000086000000, 0x0000000086100000|  0%| F|  |TAMS 0x0000000086000000, 0x0000000086000000| Untracked 
|  71|0x0000000086100000, 0x0000000086100000, 0x0000000086200000|  0%| F|  |TAMS 0x0000000086100000, 0x0000000086100000| Untracked 
|  72|0x0000000086200000, 0x0000000086200000, 0x0000000086300000|  0%| F|  |TAMS 0x0000000086200000, 0x0000000086200000| Untracked 
|  73|0x0000000086300000, 0x0000000086300000, 0x0000000086400000|  0%| F|  |TAMS 0x0000000086300000, 0x0000000086300000| Untracked 
|  74|0x0000000086400000, 0x0000000086400000, 0x0000000086500000|  0%| F|  |TAMS 0x0000000086400000, 0x0000000086400000| Untracked 
|  75|0x0000000086500000, 0x0000000086500000, 0x0000000086600000|  0%| F|  |TAMS 0x0000000086500000, 0x0000000086500000| Untracked 
|  76|0x0000000086600000, 0x0000000086600000, 0x0000000086700000|  0%| F|  |TAMS 0x0000000086600000, 0x0000000086600000| Untracked 
|  77|0x0000000086700000, 0x0000000086700000, 0x0000000086800000|  0%| F|  |TAMS 0x0000000086700000, 0x0000000086700000| Untracked 
|  78|0x0000000086800000, 0x0000000086800000, 0x0000000086900000|  0%| F|  |TAMS 0x0000000086800000, 0x0000000086800000| Untracked 
|  79|0x0000000086900000, 0x0000000086900000, 0x0000000086a00000|  0%| F|  |TAMS 0x0000000086900000, 0x0000000086900000| Untracked 
|  80|0x0000000086a00000, 0x0000000086a00000, 0x0000000086b00000|  0%| F|  |TAMS 0x0000000086a00000, 0x0000000086a00000| Untracked 
|  81|0x0000000086b00000, 0x0000000086b00000, 0x0000000086c00000|  0%| F|  |TAMS 0x0000000086b00000, 0x0000000086b00000| Untracked 
|  82|0x0000000086c00000, 0x0000000086c00000, 0x0000000086d00000|  0%| F|  |TAMS 0x0000000086c00000, 0x0000000086c00000| Untracked 
|  83|0x0000000086d00000, 0x0000000086d00000, 0x0000000086e00000|  0%| F|  |TAMS 0x0000000086d00000, 0x0000000086d00000| Untracked 
|  84|0x0000000086e00000, 0x0000000086e00000, 0x0000000086f00000|  0%| F|  |TAMS 0x0000000086e00000, 0x0000000086e00000| Untracked 
|  85|0x0000000086f00000, 0x0000000086f00000, 0x0000000087000000|  0%| F|  |TAMS 0x0000000086f00000, 0x0000000086f00000| Untracked 
|  86|0x0000000087000000, 0x0000000087000000, 0x0000000087100000|  0%| F|  |TAMS 0x0000000087000000, 0x0000000087000000| Untracked 
|  87|0x0000000087100000, 0x0000000087100000, 0x0000000087200000|  0%| F|  |TAMS 0x0000000087100000, 0x0000000087100000| Untracked 
|  88|0x0000000087200000, 0x0000000087200000, 0x0000000087300000|  0%| F|  |TAMS 0x0000000087200000, 0x0000000087200000| Untracked 
|  89|0x0000000087300000, 0x0000000087300000, 0x0000000087400000|  0%| F|  |TAMS 0x0000000087300000, 0x0000000087300000| Untracked 
|  90|0x0000000087400000, 0x0000000087400000, 0x0000000087500000|  0%| F|  |TAMS 0x0000000087400000, 0x0000000087400000| Untracked 
|  91|0x0000000087500000, 0x0000000087500000, 0x0000000087600000|  0%| F|  |TAMS 0x0000000087500000, 0x0000000087500000| Untracked 
|  92|0x0000000087600000, 0x0000000087600000, 0x0000000087700000|  0%| F|  |TAMS 0x0000000087600000, 0x0000000087600000| Untracked 
|  93|0x0000000087700000, 0x0000000087700000, 0x0000000087800000|  0%| F|  |TAMS 0x0000000087700000, 0x0000000087700000| Untracked 
|  94|0x0000000087800000, 0x0000000087800000, 0x0000000087900000|  0%| F|  |TAMS 0x0000000087800000, 0x0000000087800000| Untracked 
|  95|0x0000000087900000, 0x0000000087900000, 0x0000000087a00000|  0%| F|  |TAMS 0x0000000087900000, 0x0000000087900000| Untracked 
|  96|0x0000000087a00000, 0x0000000087a00000, 0x0000000087b00000|  0%| F|  |TAMS 0x0000000087a00000, 0x0000000087a00000| Untracked 
|  97|0x0000000087b00000, 0x0000000087b00000, 0x0000000087c00000|  0%| F|  |TAMS 0x0000000087b00000, 0x0000000087b00000| Untracked 
|  98|0x0000000087c00000, 0x0000000087c00000, 0x0000000087d00000|  0%| F|  |TAMS 0x0000000087c00000, 0x0000000087c00000| Untracked 
|  99|0x0000000087d00000, 0x0000000087d00000, 0x0000000087e00000|  0%| F|  |TAMS 0x0000000087d00000, 0x0000000087d00000| Untracked 
| 127|0x0000000089900000, 0x0000000089900000, 0x0000000089a00000|  0%| F|  |TAMS 0x0000000089900000, 0x0000000089900000| Untracked 
|2021|0x00000000fff00000, 0x0000000100000000, 0x0000000100000000|100%| O|  |TAMS 0x0000000100000000, 0x0000000100000000| Untracked 

Card table byte_map: [0x000002e34a2e0000,0x000002e34a6e0000] _byte_map_base: 0x000002e349ed3000

Marking Bits (Prev, Next): (CMBitMap*) 0x000002e335c67790, (CMBitMap*) 0x000002e335c67750
 Prev Bits: [0x000002e34ca80000, 0x000002e34ea18000)
 Next Bits: [0x000002e34aae0000, 0x000002e34ca78000)

Polling page: 0x000002e335ce0000

Metaspace:

Usage:
  Non-class:     42.32 MB used.
      Class:      5.88 MB used.
       Both:     48.19 MB used.

Virtual space:
  Non-class space:       48.00 MB reserved,      42.44 MB ( 88%) committed,  6 nodes.
      Class space:        1.00 GB reserved,       6.00 MB ( <1%) committed,  1 nodes.
             Both:        1.05 GB reserved,      48.44 MB (  5%) committed. 

Chunk freelists:
   Non-Class:  1.14 MB
       Class:  1.98 MB
        Both:  3.12 MB

MaxMetaspaceSize: unlimited
CompressedClassSpaceSize: 1.00 GB
Initial GC threshold: 21.00 MB
Current GC threshold: 73.06 MB
CDS: off
MetaspaceReclaimPolicy: balanced
 - commit_granule_bytes: 65536.
 - commit_granule_words: 8192.
 - virtual_space_node_default_size: 1048576.
 - enlarge_chunks_in_place: 1.
 - new_chunks_are_fully_committed: 0.
 - uncommit_free_chunks: 1.
 - use_allocation_guard: 0.
 - handle_deallocations: 1.


Internal statistics:

num_allocs_failed_limit: 9.
num_arena_births: 182.
num_arena_deaths: 0.
num_vsnodes_births: 7.
num_vsnodes_deaths: 0.
num_space_committed: 773.
num_space_uncommitted: 0.
num_chunks_returned_to_freelist: 9.
num_chunks_taken_from_freelist: 1583.
num_chunk_merges: 9.
num_chunk_splits: 1342.
num_chunks_enlarged: 1219.
num_purges: 0.
num_inconsistent_stats: 0.

CodeHeap 'non-profiled nmethods': size=120000Kb used=1568Kb max_used=1568Kb free=118431Kb
 bounds [0x000002e342390000, 0x000002e342600000, 0x000002e3498c0000]
CodeHeap 'profiled nmethods': size=120000Kb used=7079Kb max_used=7079Kb free=112920Kb
 bounds [0x000002e33a8c0000, 0x000002e33afb0000, 0x000002e341df0000]
CodeHeap 'non-nmethods': size=5760Kb used=1264Kb max_used=1318Kb free=4495Kb
 bounds [0x000002e341df0000, 0x000002e342060000, 0x000002e342390000]
 total_blobs=4079 nmethods=3503 adapters=488
 compilation: enabled
              stopped_count=0, restarted_count=0
 full_count=0

Compilation events (20 events):
Event: 5.424 Thread 0x000002e351c79910 3515       3       org.jetbrains.kotlin.storage.LockBasedStorageManager$MapBasedMemoizedFunctionToNotNull::invoke (56 bytes)
Event: 5.425 Thread 0x000002e351c79910 nmethod 3515 0x000002e33afa8210 code [0x000002e33afa83c0, 0x000002e33afa8598]
Event: 5.425 Thread 0x000002e3551a5880 nmethod 3488 0x000002e342516290 code [0x000002e342516420, 0x000002e3425164c8]
Event: 5.425 Thread 0x000002e3551a5880 3501       4       org.jetbrains.kotlin.com.intellij.lang.impl.PsiBuilderImpl$StartMarker::getLexemeIndex (16 bytes)
Event: 5.425 Thread 0x000002e351c79910 3516   !   3       org.jetbrains.kotlin.com.intellij.util.io.FileAccessorCache$Handle::release (48 bytes)
Event: 5.426 Thread 0x000002e3551a5880 nmethod 3501 0x000002e342516590 code [0x000002e342516700, 0x000002e342516798]
Event: 5.426 Thread 0x000002e351c79910 nmethod 3516 0x000002e33afa8690 code [0x000002e33afa8860, 0x000002e33afa8bd8]
Event: 5.426 Thread 0x000002e351c79910 3517       3       java.util.concurrent.atomic.AtomicInteger::decrementAndGet (14 bytes)
Event: 5.426 Thread 0x000002e3551a5880 3518       4       org.jetbrains.kotlin.protobuf.CodedOutputStream::flush (12 bytes)
Event: 5.426 Thread 0x000002e351c79910 nmethod 3517 0x000002e33afa8e10 code [0x000002e33afa8fa0, 0x000002e33afa90b8]
Event: 5.427 Thread 0x000002e351c79910 3520       3       org.jetbrains.kotlin.metadata.ProtoBuf$Class::getConstructorCount (10 bytes)
Event: 5.427 Thread 0x000002e351c79910 nmethod 3520 0x000002e33afa9190 code [0x000002e33afa9340, 0x000002e33afa9508]
Event: 5.427 Thread 0x000002e351c79010 nmethod 3489 0x000002e342516890 code [0x000002e342516a60, 0x000002e3425175d8]
Event: 5.427 Thread 0x000002e351c79010 3519       4       org.jetbrains.kotlin.protobuf.FieldSet::isInitialized (83 bytes)
Event: 5.428 Thread 0x000002e351c79910 3523       1       org.jetbrains.kotlin.load.kotlin.JvmPackagePartProviderBase$ModuleMappingInfo::component1 (5 bytes)
Event: 5.428 Thread 0x000002e351c79910 nmethod 3523 0x000002e342517b10 code [0x000002e342517ca0, 0x000002e342517d78]
Event: 5.428 Thread 0x000002e351c79910 3524       1       org.jetbrains.kotlin.load.kotlin.JvmPackagePartProviderBase$ModuleMappingInfo::component2 (5 bytes)
Event: 5.428 Thread 0x000002e351c79910 nmethod 3524 0x000002e342517e10 code [0x000002e342517fa0, 0x000002e342518078]
Event: 5.430 Thread 0x000002e351c79910 3525       3       java.lang.AbstractStringBuilder::charAt (36 bytes)
Event: 5.430 Thread 0x000002e351c79910 nmethod 3525 0x000002e33afa9610 code [0x000002e33afa9800, 0x000002e33afa9c38]

GC Heap History (20 events):
Event: 1.818 GC heap after
{Heap after GC invocations=3 (full 0):
 garbage-first heap   total 131072K, used 10324K [0x0000000081a00000, 0x0000000100000000)
  region size 1024K, 5 young (5120K), 5 survivors (5120K)
 Metaspace       used 21330K, committed 21504K, reserved 1073152K
  class space    used 2324K, committed 2432K, reserved 1048576K
}
Event: 2.519 GC heap before
{Heap before GC invocations=4 (full 0):
 garbage-first heap   total 40960K, used 31828K [0x0000000081a00000, 0x0000000100000000)
  region size 1024K, 27 young (27648K), 5 survivors (5120K)
 Metaspace       used 28557K, committed 28800K, reserved 1081344K
  class space    used 3542K, committed 3648K, reserved 1048576K
}
Event: 2.529 GC heap after
{Heap after GC invocations=5 (full 0):
 garbage-first heap   total 40960K, used 11226K [0x0000000081a00000, 0x0000000100000000)
  region size 1024K, 5 young (5120K), 5 survivors (5120K)
 Metaspace       used 28557K, committed 28800K, reserved 1081344K
  class space    used 3542K, committed 3648K, reserved 1048576K
}
Event: 2.967 GC heap before
{Heap before GC invocations=5 (full 0):
 garbage-first heap   total 40960K, used 31706K [0x0000000081a00000, 0x0000000100000000)
  region size 1024K, 23 young (23552K), 5 survivors (5120K)
 Metaspace       used 30473K, committed 30656K, reserved 1081344K
  class space    used 3936K, committed 4032K, reserved 1048576K
}
Event: 2.987 GC heap after
{Heap after GC invocations=6 (full 0):
 garbage-first heap   total 41984K, used 17457K [0x0000000081a00000, 0x0000000100000000)
  region size 1024K, 3 young (3072K), 3 survivors (3072K)
 Metaspace       used 30473K, committed 30656K, reserved 1081344K
  class space    used 3936K, committed 4032K, reserved 1048576K
}
Event: 3.259 GC heap before
{Heap before GC invocations=6 (full 0):
 garbage-first heap   total 41984K, used 29745K [0x0000000081a00000, 0x0000000100000000)
  region size 1024K, 15 young (15360K), 3 survivors (3072K)
 Metaspace       used 33758K, committed 33920K, reserved 1081344K
  class space    used 4311K, committed 4352K, reserved 1048576K
}
Event: 3.268 GC heap after
{Heap after GC invocations=7 (full 0):
 garbage-first heap   total 41984K, used 19217K [0x0000000081a00000, 0x0000000100000000)
  region size 1024K, 2 young (2048K), 2 survivors (2048K)
 Metaspace       used 33758K, committed 33920K, reserved 1081344K
  class space    used 4311K, committed 4352K, reserved 1048576K
}
Event: 3.497 GC heap before
{Heap before GC invocations=7 (full 0):
 garbage-first heap   total 41984K, used 28433K [0x0000000081a00000, 0x0000000100000000)
  region size 1024K, 13 young (13312K), 2 survivors (2048K)
 Metaspace       used 35852K, committed 36096K, reserved 1081344K
  class space    used 4533K, committed 4672K, reserved 1048576K
}
Event: 3.502 GC heap after
{Heap after GC invocations=8 (full 0):
 garbage-first heap   total 51200K, used 18928K [0x0000000081a00000, 0x0000000100000000)
  region size 1024K, 2 young (2048K), 2 survivors (2048K)
 Metaspace       used 35852K, committed 36096K, reserved 1081344K
  class space    used 4533K, committed 4672K, reserved 1048576K
}
Event: 3.847 GC heap before
{Heap before GC invocations=9 (full 0):
 garbage-first heap   total 51200K, used 36336K [0x0000000081a00000, 0x0000000100000000)
  region size 1024K, 20 young (20480K), 2 survivors (2048K)
 Metaspace       used 39636K, committed 39872K, reserved 1089536K
  class space    used 4869K, committed 4992K, reserved 1048576K
}
Event: 3.855 GC heap after
{Heap after GC invocations=10 (full 0):
 garbage-first heap   total 51200K, used 20965K [0x0000000081a00000, 0x0000000100000000)
  region size 1024K, 3 young (3072K), 3 survivors (3072K)
 Metaspace       used 39636K, committed 39872K, reserved 1089536K
  class space    used 4869K, committed 4992K, reserved 1048576K
}
Event: 3.866 GC heap before
{Heap before GC invocations=10 (full 0):
 garbage-first heap   total 51200K, used 21989K [0x0000000081a00000, 0x0000000100000000)
  region size 1024K, 4 young (4096K), 3 survivors (3072K)
 Metaspace       used 39651K, committed 39872K, reserved 1089536K
  class space    used 4869K, committed 4992K, reserved 1048576K
}
Event: 3.872 GC heap after
{Heap after GC invocations=11 (full 0):
 garbage-first heap   total 51200K, used 20887K [0x0000000081a00000, 0x0000000100000000)
  region size 1024K, 1 young (1024K), 1 survivors (1024K)
 Metaspace       used 39651K, committed 39872K, reserved 1089536K
  class space    used 4869K, committed 4992K, reserved 1048576K
}
Event: 4.470 GC heap before
{Heap before GC invocations=11 (full 0):
 garbage-first heap   total 51200K, used 38295K [0x0000000081a00000, 0x0000000100000000)
  region size 1024K, 18 young (18432K), 1 survivors (1024K)
 Metaspace       used 44302K, committed 44544K, reserved 1089536K
  class space    used 5427K, committed 5568K, reserved 1048576K
}
Event: 4.479 GC heap after
{Heap after GC invocations=12 (full 0):
 garbage-first heap   total 51200K, used 22508K [0x0000000081a00000, 0x0000000100000000)
  region size 1024K, 3 young (3072K), 3 survivors (3072K)
 Metaspace       used 44302K, committed 44544K, reserved 1089536K
  class space    used 5427K, committed 5568K, reserved 1048576K
}
Event: 5.107 GC heap before
{Heap before GC invocations=13 (full 0):
 garbage-first heap   total 51200K, used 39916K [0x0000000081a00000, 0x0000000100000000)
  region size 1024K, 19 young (19456K), 3 survivors (3072K)
 Metaspace       used 47322K, committed 47552K, reserved 1097728K
  class space    used 5768K, committed 5888K, reserved 1048576K
}
Event: 5.120 GC heap after
{Heap after GC invocations=14 (full 0):
 garbage-first heap   total 51200K, used 27214K [0x0000000081a00000, 0x0000000100000000)
  region size 1024K, 3 young (3072K), 3 survivors (3072K)
 Metaspace       used 47322K, committed 47552K, reserved 1097728K
  class space    used 5768K, committed 5888K, reserved 1048576K
}
Event: 5.157 GC heap before
{Heap before GC invocations=14 (full 0):
 garbage-first heap   total 51200K, used 28238K [0x0000000081a00000, 0x0000000100000000)
  region size 1024K, 4 young (4096K), 3 survivors (3072K)
 Metaspace       used 47350K, committed 47552K, reserved 1097728K
  class space    used 5768K, committed 5888K, reserved 1048576K
}
Event: 5.164 GC heap after
{Heap after GC invocations=15 (full 0):
 garbage-first heap   total 51200K, used 27177K [0x0000000081a00000, 0x0000000100000000)
  region size 1024K, 1 young (1024K), 1 survivors (1024K)
 Metaspace       used 47350K, committed 47552K, reserved 1097728K
  class space    used 5768K, committed 5888K, reserved 1048576K
}
Event: 5.431 GC heap before
{Heap before GC invocations=15 (full 0):
 garbage-first heap   total 51200K, used 33321K [0x0000000081a00000, 0x0000000100000000)
  region size 1024K, 9 young (9216K), 1 survivors (1024K)
 Metaspace       used 49348K, committed 49600K, reserved 1097728K
  class space    used 6016K, committed 6144K, reserved 1048576K
}

Dll operation events (2 events):
Event: 0.010 Loaded shared library C:\Program Files\Android\Android Studio\jbr\bin\java.dll
Event: 2.183 Loaded shared library C:\Program Files\Android\Android Studio\jbr\bin\verify.dll

Deoptimization events (20 events):
Event: 5.323 Thread 0x000002e335c09400 Uncommon trap: trap_request=0xffffffde fr.pc=0x000002e3424c4a00 relative=0x00000000000008e0
Event: 5.323 Thread 0x000002e335c09400 Uncommon trap: reason=class_check action=maybe_recompile pc=0x000002e3424c4a00 method=org.jetbrains.kotlin.com.intellij.lang.java.lexer.JavaLexer.charAt(I)C @ 21 c2
Event: 5.323 Thread 0x000002e335c09400 DEOPT PACKING pc=0x000002e3424c4a00 sp=0x000000f6beefa6b0
Event: 5.323 Thread 0x000002e335c09400 DEOPT UNPACKING pc=0x000002e341e469a3 sp=0x000000f6beefa608 mode 2
Event: 5.323 Thread 0x000002e335c09400 Uncommon trap: trap_request=0xffffffde fr.pc=0x000002e3424c393c relative=0x000000000000009c
Event: 5.323 Thread 0x000002e335c09400 Uncommon trap: reason=class_check action=maybe_recompile pc=0x000002e3424c393c method=org.jetbrains.kotlin.com.intellij.lang.java.lexer.JavaLexer.charAt(I)C @ 21 c2
Event: 5.323 Thread 0x000002e335c09400 DEOPT PACKING pc=0x000002e3424c393c sp=0x000000f6beefa660
Event: 5.324 Thread 0x000002e335c09400 DEOPT UNPACKING pc=0x000002e341e469a3 sp=0x000000f6beefa5f8 mode 2
Event: 5.324 Thread 0x000002e335c09400 Uncommon trap: trap_request=0xffffffde fr.pc=0x000002e3424c393c relative=0x000000000000009c
Event: 5.324 Thread 0x000002e335c09400 Uncommon trap: reason=class_check action=maybe_recompile pc=0x000002e3424c393c method=org.jetbrains.kotlin.com.intellij.lang.java.lexer.JavaLexer.charAt(I)C @ 21 c2
Event: 5.324 Thread 0x000002e335c09400 DEOPT PACKING pc=0x000002e3424c393c sp=0x000000f6beefa5e0
Event: 5.324 Thread 0x000002e335c09400 DEOPT UNPACKING pc=0x000002e341e469a3 sp=0x000000f6beefa578 mode 2
Event: 5.324 Thread 0x000002e335c09400 Uncommon trap: trap_request=0xffffffde fr.pc=0x000002e3424c393c relative=0x000000000000009c
Event: 5.324 Thread 0x000002e335c09400 Uncommon trap: reason=class_check action=maybe_recompile pc=0x000002e3424c393c method=org.jetbrains.kotlin.com.intellij.lang.java.lexer.JavaLexer.charAt(I)C @ 21 c2
Event: 5.324 Thread 0x000002e335c09400 DEOPT PACKING pc=0x000002e3424c393c sp=0x000000f6beefa5e0
Event: 5.324 Thread 0x000002e335c09400 DEOPT UNPACKING pc=0x000002e341e469a3 sp=0x000000f6beefa578 mode 2
Event: 5.324 Thread 0x000002e335c09400 Uncommon trap: trap_request=0xffffffde fr.pc=0x000002e3424c4a00 relative=0x00000000000008e0
Event: 5.324 Thread 0x000002e335c09400 Uncommon trap: reason=class_check action=maybe_recompile pc=0x000002e3424c4a00 method=org.jetbrains.kotlin.com.intellij.lang.java.lexer.JavaLexer.charAt(I)C @ 21 c2
Event: 5.324 Thread 0x000002e335c09400 DEOPT PACKING pc=0x000002e3424c4a00 sp=0x000000f6beefa6b0
Event: 5.324 Thread 0x000002e335c09400 DEOPT UNPACKING pc=0x000002e341e469a3 sp=0x000000f6beefa608 mode 2

Classes unloaded (0 events):
No events

Classes redefined (0 events):
No events

Internal exceptions (20 events):
Event: 1.873 Thread 0x000002e335c09400 Exception <a 'java/lang/NoSuchMethodError'{0x0000000083ab8210}: 'java.lang.Object java.lang.invoke.DirectMethodHandle$Holder.invokeSpecial(java.lang.Object, java.lang.Object, java.lang.Object, java.lang.Object, long)'> (0x0000000083ab8210) 
thrown [s\src\hotspot\share\interpreter\linkResolver.cpp, line 771]
Event: 1.875 Thread 0x000002e335c09400 Exception <a 'java/lang/NoSuchMethodError'{0x0000000083ac75d0}: 'int java.lang.invoke.DelegatingMethodHandle$Holder.reinvoke_L(java.lang.Object, java.lang.Object, java.lang.Object, long, java.lang.Object, java.lang.Object)'> (0x0000000083ac75d0) 
thrown [s\src\hotspot\share\interpreter\linkResolver.cpp, line 771]
Event: 1.878 Thread 0x000002e335c09400 Exception <a 'java/lang/NoSuchMethodError'{0x0000000083ad6288}: 'int java.lang.invoke.DelegatingMethodHandle$Holder.reinvoke_L(java.lang.Object, java.lang.Object, java.lang.Object, long, int, int)'> (0x0000000083ad6288) 
thrown [s\src\hotspot\share\interpreter\linkResolver.cpp, line 771]
Event: 1.880 Thread 0x000002e335c09400 Exception <a 'java/lang/NoSuchMethodError'{0x0000000083ae4bc0}: 'int java.lang.invoke.DelegatingMethodHandle$Holder.reinvoke_L(java.lang.Object, java.lang.Object, java.lang.Object, long, long, long)'> (0x0000000083ae4bc0) 
thrown [s\src\hotspot\share\interpreter\linkResolver.cpp, line 771]
Event: 1.882 Thread 0x000002e335c09400 Exception <a 'java/lang/NoSuchMethodError'{0x0000000083af31d8}: 'int java.lang.invoke.DelegatingMethodHandle$Holder.reinvoke_L(java.lang.Object, java.lang.Object, java.lang.Object, long, int)'> (0x0000000083af31d8) 
thrown [s\src\hotspot\share\interpreter\linkResolver.cpp, line 771]
Event: 1.906 Thread 0x000002e335c09400 Exception <a 'java/lang/NoSuchMethodError'{0x000000008399d000}: 'int java.lang.invoke.DirectMethodHandle$Holder.invokeStaticInit(java.lang.Object, java.lang.Object, java.lang.Object)'> (0x000000008399d000) 
thrown [s\src\hotspot\share\interpreter\linkResolver.cpp, line 771]
Event: 1.913 Thread 0x000002e335c09400 Exception <a 'java/lang/NoSuchMethodError'{0x00000000839c6cc8}: 'int java.lang.invoke.DirectMethodHandle$Holder.invokeStaticInit(java.lang.Object, java.lang.Object)'> (0x00000000839c6cc8) 
thrown [s\src\hotspot\share\interpreter\linkResolver.cpp, line 771]
Event: 1.936 Thread 0x000002e335c09400 Exception <a 'java/lang/NoSuchMethodError'{0x00000000838a8188}: 'void java.lang.invoke.DirectMethodHandle$Holder.invokeSpecial(java.lang.Object, java.lang.Object, java.lang.Object)'> (0x00000000838a8188) 
thrown [s\src\hotspot\share\interpreter\linkResolver.cpp, line 771]
Event: 2.026 Thread 0x000002e335c09400 Exception <a 'java/lang/NoSuchMethodError'{0x00000000835d4870}: 'void java.lang.invoke.DirectMethodHandle$Holder.invokeStatic(java.lang.Object, java.lang.Object, java.lang.Object, java.lang.Object)'> (0x00000000835d4870) 
thrown [s\src\hotspot\share\interpreter\linkResolver.cpp, line 771]
Event: 2.126 Thread 0x000002e335c09400 Exception <a 'java/lang/NoSuchMethodError'{0x0000000083199990}: 'void java.lang.invoke.DirectMethodHandle$Holder.invokeStaticInit(java.lang.Object, java.lang.Object)'> (0x0000000083199990) 
thrown [s\src\hotspot\share\interpreter\linkResolver.cpp, line 771]
Event: 2.256 Thread 0x000002e335c09400 Exception <a 'java/lang/NoSuchMethodError'{0x0000000082c1d368}: 'void java.lang.invoke.DirectMethodHandle$Holder.invokeVirtual(java.lang.Object, java.lang.Object)'> (0x0000000082c1d368) 
thrown [s\src\hotspot\share\interpreter\linkResolver.cpp, line 771]
Event: 2.270 Thread 0x000002e335c09400 Exception <a 'java/lang/NoSuchMethodError'{0x0000000082c997b8}: 'int java.lang.invoke.DirectMethodHandle$Holder.invokeVirtual(java.lang.Object, java.lang.Object)'> (0x0000000082c997b8) 
thrown [s\src\hotspot\share\interpreter\linkResolver.cpp, line 771]
Event: 2.293 Thread 0x000002e335c09400 Exception <a 'java/lang/NoSuchMethodError'{0x0000000082b33080}: 'java.lang.Object java.lang.invoke.Invokers$Holder.invokeExact_MT(java.lang.Object, java.lang.Object, java.lang.Object, java.lang.Object, java.lang.Object, java.lang.Object)'> (0x0000000082b33080) 
thrown [s\src\hotspot\share\interpreter\linkResolver.cpp, line 771]
Event: 3.046 Thread 0x000002e335c09400 Implicit null exception at 0x000002e3423a7772 to 0x000002e3423a7d48
Event: 3.194 Thread 0x000002e335c09400 Implicit null exception at 0x000002e3423a9472 to 0x000002e3423a9a58
Event: 3.248 Thread 0x000002e335c09400 Exception <a 'java/lang/NoSuchMethodError'{0x0000000083680d40}: 'java.lang.Object java.lang.invoke.DirectMethodHandle$Holder.invokeVirtual(java.lang.Object, java.lang.Object, java.lang.Object)'> (0x0000000083680d40) 
thrown [s\src\hotspot\share\interpreter\linkResolver.cpp, line 771]
Event: 4.221 Thread 0x000002e335c09400 Exception <a 'java/lang/NoSuchMethodError'{0x0000000083ecf388}: 'java.lang.Object java.lang.invoke.DirectMethodHandle$Holder.newInvokeSpecial(java.lang.Object, java.lang.Object, int)'> (0x0000000083ecf388) 
thrown [s\src\hotspot\share\interpreter\linkResolver.cpp, line 771]
Event: 4.355 Thread 0x000002e335c09400 Exception <a 'java/lang/NoSuchMethodError'{0x0000000083b0d860}: 'java.lang.Object java.lang.invoke.DirectMethodHandle$Holder.newInvokeSpecial(java.lang.Object, java.lang.Object, java.lang.Object, int)'> (0x0000000083b0d860) 
thrown [s\src\hotspot\share\interpreter\linkResolver.cpp, line 771]
Event: 4.356 Thread 0x000002e335c09400 Exception <a 'java/lang/NoSuchMethodError'{0x0000000083b11ee8}: 'java.lang.Object java.lang.invoke.DirectMethodHandle$Holder.invokeSpecial(java.lang.Object, java.lang.Object, java.lang.Object, java.lang.Object, int)'> (0x0000000083b11ee8) 
thrown [s\src\hotspot\share\interpreter\linkResolver.cpp, line 771]
Event: 4.357 Thread 0x000002e335c09400 Exception <a 'java/lang/NoSuchMethodError'{0x0000000083b15d58}: 'java.lang.Object java.lang.invoke.Invokers$Holder.linkToTargetMethod(java.lang.Object, java.lang.Object, int, java.lang.Object)'> (0x0000000083b15d58) 
thrown [s\src\hotspot\share\interpreter\linkResolver.cpp, line 771]

VM Operations (20 events):
Event: 4.565 Executing VM operation: G1Concurrent done
Event: 4.642 Executing VM operation: HandshakeAllThreads
Event: 4.642 Executing VM operation: HandshakeAllThreads done
Event: 4.896 Executing VM operation: HandshakeAllThreads
Event: 4.896 Executing VM operation: HandshakeAllThreads done
Event: 5.041 Executing VM operation: HandshakeAllThreads
Event: 5.041 Executing VM operation: HandshakeAllThreads done
Event: 5.107 Executing VM operation: G1CollectForAllocation
Event: 5.121 Executing VM operation: G1CollectForAllocation done
Event: 5.157 Executing VM operation: G1CollectForAllocation
Event: 5.164 Executing VM operation: G1CollectForAllocation done
Event: 5.213 Executing VM operation: HandshakeAllThreads
Event: 5.213 Executing VM operation: HandshakeAllThreads done
Event: 5.394 Executing VM operation: HandshakeAllThreads
Event: 5.394 Executing VM operation: HandshakeAllThreads done
Event: 5.396 Executing VM operation: HandshakeAllThreads
Event: 5.396 Executing VM operation: HandshakeAllThreads done
Event: 5.415 Executing VM operation: HandshakeAllThreads
Event: 5.415 Executing VM operation: HandshakeAllThreads done
Event: 5.431 Executing VM operation: G1TryInitiateConcMark

Events (20 events):
Event: 4.824 loading class java/util/stream/ReduceOps$AccumulatingSink done
Event: 4.824 loading class java/util/stream/ReduceOps$Box
Event: 4.824 loading class java/util/stream/ReduceOps$Box done
Event: 4.824 loading class java/util/stream/ReduceOps$3ReducingSink done
Event: 4.824 loading class java/util/stream/ReferencePipeline$2$1
Event: 4.825 loading class java/util/stream/ReferencePipeline$2$1 done
Event: 4.825 loading class java/util/stream/IntPipeline$1$1
Event: 4.825 loading class java/util/stream/Sink$ChainedInt
Event: 4.825 loading class java/util/stream/Sink$OfInt
Event: 4.825 loading class java/util/function/IntConsumer
Event: 4.825 loading class java/util/function/IntConsumer done
Event: 4.825 loading class java/util/stream/Sink$OfInt done
Event: 4.825 loading class java/util/stream/Sink$ChainedInt done
Event: 4.825 loading class java/util/stream/IntPipeline$1$1 done
Event: 4.904 loading class java/text/StringCharacterIterator
Event: 4.904 loading class java/text/CharacterIterator
Event: 4.905 loading class java/text/CharacterIterator done
Event: 4.905 loading class java/text/StringCharacterIterator done
Event: 5.417 loading class java/util/ComparableTimSort
Event: 5.417 loading class java/util/ComparableTimSort done


Dynamic libraries:
0x00007ff67cd10000 - 0x00007ff67cd1a000 	C:\Program Files\Android\Android Studio\jbr\bin\java.exe
0x00007fff08390000 - 0x00007fff08587000 	C:\Windows\SYSTEM32\ntdll.dll
0x00007fff06da0000 - 0x00007fff06e5d000 	C:\Windows\System32\KERNEL32.DLL
0x00007fff05f60000 - 0x00007fff06256000 	C:\Windows\System32\KERNELBASE.dll
0x00007fff05e60000 - 0x00007fff05f60000 	C:\Windows\System32\ucrtbase.dll
0x00007ffef8290000 - 0x00007ffef82ab000 	C:\Program Files\Android\Android Studio\jbr\bin\VCRUNTIME140.dll
0x00007ffefd690000 - 0x00007ffefd6a7000 	C:\Program Files\Android\Android Studio\jbr\bin\jli.dll
0x00007fff06790000 - 0x00007fff0692e000 	C:\Windows\System32\USER32.dll
0x00007fff05e30000 - 0x00007fff05e52000 	C:\Windows\System32\win32u.dll
0x00007fff08180000 - 0x00007fff081ac000 	C:\Windows\System32\GDI32.dll
0x00007ffef5440000 - 0x00007ffef56da000 	C:\Windows\WinSxS\amd64_microsoft.windows.common-controls_6595b64144ccf1df_6.0.19041.3570_none_60bb2a3971f3e41a\COMCTL32.dll
0x00007fff062d0000 - 0x00007fff063ea000 	C:\Windows\System32\gdi32full.dll
0x00007fff071d0000 - 0x00007fff0726e000 	C:\Windows\System32\msvcrt.dll
0x00007fff05aa0000 - 0x00007fff05b3d000 	C:\Windows\System32\msvcp_win.dll
0x00007fff081b0000 - 0x00007fff081e0000 	C:\Windows\System32\IMM32.DLL
0x00007fff00e80000 - 0x00007fff00e8c000 	C:\Program Files\Android\Android Studio\jbr\bin\vcruntime140_1.dll
0x00007ffeee9c0000 - 0x00007ffeeea4d000 	C:\Program Files\Android\Android Studio\jbr\bin\msvcp140.dll
0x00007ffeb1690000 - 0x00007ffeb22fe000 	C:\Program Files\Android\Android Studio\jbr\bin\server\jvm.dll
0x00007fff082a0000 - 0x00007fff0834e000 	C:\Windows\System32\ADVAPI32.dll
0x00007fff07550000 - 0x00007fff075ec000 	C:\Windows\System32\sechost.dll
0x00007fff06660000 - 0x00007fff06786000 	C:\Windows\System32\RPCRT4.dll
0x00007fff010c0000 - 0x00007fff010c9000 	C:\Windows\SYSTEM32\WSOCK32.dll
0x00007fff07960000 - 0x00007fff079cb000 	C:\Windows\System32\WS2_32.dll
0x00007ffef8490000 - 0x00007ffef84b7000 	C:\Windows\SYSTEM32\WINMM.dll
0x00007ffef4cb0000 - 0x00007ffef4cba000 	C:\Windows\SYSTEM32\VERSION.dll
0x00007fff042a0000 - 0x00007fff042b2000 	C:\Windows\SYSTEM32\kernel.appcore.dll
0x00007ffeed880000 - 0x00007ffeed88a000 	C:\Program Files\Android\Android Studio\jbr\bin\jimage.dll
0x00007ffeee7a0000 - 0x00007ffeee984000 	C:\Windows\SYSTEM32\DBGHELP.DLL
0x00007ffeee630000 - 0x00007ffeee664000 	C:\Windows\SYSTEM32\dbgcore.DLL
0x00007fff05da0000 - 0x00007fff05e22000 	C:\Windows\System32\bcryptPrimitives.dll
0x00007ffebc480000 - 0x00007ffebc4a5000 	C:\Program Files\Android\Android Studio\jbr\bin\java.dll
0x00007ffeb5410000 - 0x00007ffeb5428000 	C:\Program Files\Android\Android Studio\jbr\bin\zip.dll
0x00007fff07a30000 - 0x00007fff08174000 	C:\Windows\System32\SHELL32.dll
0x00007fff03560000 - 0x00007fff03cfb000 	C:\Windows\SYSTEM32\windows.storage.dll
0x00007fff06e70000 - 0x00007fff071c4000 	C:\Windows\System32\combase.dll
0x00007fff05440000 - 0x00007fff0546d000 	C:\Windows\SYSTEM32\Wldp.dll
0x00007fff075f0000 - 0x00007fff0769d000 	C:\Windows\System32\SHCORE.dll
0x00007fff08240000 - 0x00007fff08295000 	C:\Windows\System32\shlwapi.dll
0x00007fff059a0000 - 0x00007fff059c5000 	C:\Windows\SYSTEM32\profapi.dll
0x00007ffeb53f0000 - 0x00007ffeb5409000 	C:\Program Files\Android\Android Studio\jbr\bin\net.dll
0x00007ffef9640000 - 0x00007ffef974a000 	C:\Windows\SYSTEM32\WINHTTP.dll
0x00007fff05140000 - 0x00007fff051aa000 	C:\Windows\system32\mswsock.dll
0x00007ffeb53d0000 - 0x00007ffeb53e6000 	C:\Program Files\Android\Android Studio\jbr\bin\nio.dll
0x00007ffede000000 - 0x00007ffede010000 	C:\Program Files\Android\Android Studio\jbr\bin\verify.dll

dbghelp: loaded successfully - version: 4.0.5 - missing functions: none
symbol engine: initialized successfully - sym options: 0x614 - pdb path: .;C:\Program Files\Android\Android Studio\jbr\bin;C:\Windows\SYSTEM32;C:\Windows\WinSxS\amd64_microsoft.windows.common-controls_6595b64144ccf1df_6.0.19041.3570_none_60bb2a3971f3e41a;C:\Program Files\Android\Android Studio\jbr\bin\server

VM Arguments:
java_command: org.jetbrains.kotlin.cli.jvm.K2JVMCompiler @C:\Users\refrizar.dwiardito\AndroidStudioProjects\Catwell\app\build\20231014_4360767679232849372.compiler.options
java_class_path (initial): C:\Users\refrizar.dwiardito\.jdks\openjdk-21\caches\modules-2\files-2.1\org.jetbrains.kotlin\kotlin-compiler-embeddable\1.9.0\2c8c3a7402becca891f12739b3e9fd2dc2adbd7a\kotlin-compiler-embeddable-1.9.0.jar;C:\Users\refrizar.dwiardito\.jdks\openjdk-21\caches\modules-2\files-2.1\org.jetbrains.kotlin\kotlin-stdlib\1.9.0\8ee15ef0c67dc83d874f412d84378d7f0eb50b63\kotlin-stdlib-1.9.0.jar;C:\Users\refrizar.dwiardito\.jdks\openjdk-21\caches\modules-2\files-2.1\org.jetbrains.kotlin\kotlin-script-runtime\1.9.0\4b3102cbbb7e1b58d9d1adf89563f00069ffa7d1\kotlin-script-runtime-1.9.0.jar;C:\Users\refrizar.dwiardito\.jdks\openjdk-21\caches\modules-2\files-2.1\org.jetbrains.kotlin\kotlin-reflect\1.6.10\1cbe9c92c12a94eea200d23c2bbaedaf3daf5132\kotlin-reflect-1.6.10.jar;C:\Users\refrizar.dwiardito\.jdks\openjdk-21\caches\modules-2\files-2.1\org.jetbrains.kotlin\kotlin-daemon-embeddable\1.9.0\186543f5e28cf8d9a0290fecc2cf34301c40a65c\kotlin-daemon-embeddable-1.9.0.jar;C:\Users\refrizar.dwiardito\.jdks\openjdk-21\caches\modules-2\files-2.1\org.jetbrains.intellij.deps\trove4j\1.0.20200330\3afb14d5f9ceb459d724e907a21145e8ff394f02\trove4j-1.0.20200330.jar;C:\Users\refrizar.dwiardito\.jdks\openjdk-21\caches\modules-2\files-2.1\org.jetbrains.kotlin\kotlin-stdlib-common\1.9.0\cd65c21cfd1eec4d44ef09f9f52b6d9f8a720636\kotlin-stdlib-common-1.9.0.jar;C:\Users\refrizar.dwiardito\.jdks\openjdk-21\caches\modules-2\files-2.1\org.jetbrains\annotations\13.0\919f0dfe192fb4e063e7dacadee7f8bb9a2672a9\annotations-13.0.jar
Launcher Type: SUN_STANDARD

[Global flags]
     intx CICompilerCount                          = 3                                         {product} {ergonomic}
     uint ConcGCThreads                            = 1                                         {product} {ergonomic}
     uint G1ConcRefinementThreads                  = 4                                         {product} {ergonomic}
   size_t G1HeapRegionSize                         = 1048576                                   {product} {ergonomic}
    uintx GCDrainStackTargetSize                   = 64                                        {product} {ergonomic}
   size_t InitialHeapSize                          = 134217728                                 {product} {ergonomic}
   size_t MarkStackSize                            = 4194304                                   {product} {ergonomic}
   size_t MaxHeapSize                              = 2120220672                                {product} {ergonomic}
   size_t MaxNewSize                               = 1271922688                                {product} {ergonomic}
   size_t MinHeapDeltaBytes                        = 1048576                                   {product} {ergonomic}
   size_t MinHeapSize                              = 8388608                                   {product} {ergonomic}
    uintx NonNMethodCodeHeapSize                   = 5832780                                {pd product} {ergonomic}
    uintx NonProfiledCodeHeapSize                  = 122912730                              {pd product} {ergonomic}
    uintx ProfiledCodeHeapSize                     = 122912730                              {pd product} {ergonomic}
    uintx ReservedCodeCacheSize                    = 251658240                              {pd product} {ergonomic}
     bool SegmentedCodeCache                       = true                                      {product} {ergonomic}
   size_t SoftMaxHeapSize                          = 2120220672                             {manageable} {ergonomic}
     bool UseCompressedClassPointers               = true                           {product lp64_product} {ergonomic}
     bool UseCompressedOops                        = true                           {product lp64_product} {ergonomic}
     bool UseG1GC                                  = true                                      {product} {ergonomic}
     bool UseLargePagesIndividualAllocation        = false                                  {pd product} {ergonomic}

Logging:
Log output configuration:
 #0: stdout all=warning uptime,level,tags
 #1: stderr all=off uptime,level,tags

Environment Variables:
JAVA_HOME=C:\Users\refrizar.dwiardito\.jdks\openjdk-21
PATH=C:\Program Files\Common Files\Oracle\Java\javapath;C:\Windows\system32;C:\Windows;C:\Windows\System32\Wbem;C:\Windows\System32\WindowsPowerShell\v1.0\;C:\Windows\System32\OpenSSH\;C:\Program Files\mingw-w64\x86_64-8.1.0-posix-seh-rt_v6-rev0\mingw64\bin;C:\Users\refrizar.dwiardito\AppData\Local\Programs\Python\Python310\Scripts;C:\Users\refrizar.dwiardito\.jdks\openjdk-21\bin;C:\Program Files\PuTTY\;C:\Program Files\gradle-8.3\bin;C:\Program Files\Git\cmd;C:\Users\refrizar.dwiardito\AppData\Local\Programs\Python\Python310\Scripts\;C:\Users\refrizar.dwiardito\AppData\Local\Programs\Python\Python310\;C:\Users\refrizar.dwiardito\AppData\Local\Microsoft\WindowsApps;;C:\Users\refrizar.dwiardito\AppData\Local\Programs\Microsoft VS Code\bin
USERNAME=refrizar.dwiardito
OS=Windows_NT
PROCESSOR_IDENTIFIER=Intel64 Family 6 Model 61 Stepping 4, GenuineIntel
TMP=C:\Users\REFRIZ~1.DWI\AppData\Local\Temp
TEMP=C:\Users\REFRIZ~1.DWI\AppData\Local\Temp


JNI global refs:
JNI global refs: 9, weak refs: 1

JNI global refs memory usage: 843, weak refs: 841


---------------  S Y S T E M  ---------------

OS:
 Windows 10 , 64 bit Build 19041 (10.0.19041.3570)
OS uptime: 0 days 6:24 hours

CPU: total 4 (initial active 4) (2 cores per cpu, 2 threads per core) family 6 model 61 stepping 4 microcode 0x2f, cx8, cmov, fxsr, ht, mmx, 3dnowpref, sse, sse2, sse3, ssse3, sse4.1, sse4.2, popcnt, lzcnt, tsc, tscinvbit, avx, avx2, aes, erms, clmul, bmi1, bmi2, adx, fma, vzeroupper, clflush

Memory: 4k page, system-wide physical 8083M (747M free)
TotalPageFile size 8083M (AvailPageFile size 8M)
current process WorkingSet (physical memory assigned to process): 173M, peak: 185M
current process commit charge ("private bytes"): 254M, peak: 259M

vm_info: OpenJDK 64-Bit Server VM (17.0.6+0-b2043.56-10027231) for windows-amd64 JRE (17.0.6+0-b2043.56-10027231), built on Apr 28 2023 00:43:19 by "androidbuild" with MS VC++ 16.10 / 16.11 (VS2019)

END.
