#
# There is insufficient memory for the Java Runtime Environment to continue.
# Native memory allocation (malloc) failed to allocate 2376544 bytes for Chunk::new
# Possible reasons:
#   The system is out of physical RAM or swap space
#   The process is running with CompressedOops enabled, and the Java Heap may be blocking the growth of the native heap
# Possible solutions:
#   Reduce memory load on the system
#   Increase physical memory or swap space
#   Check if swap backing store is full
#   Decrease Java heap size (-Xmx/-Xms)
#   Decrease number of Java threads
#   Decrease Java thread stack sizes (-Xss)
#   Set larger code cache with -XX:ReservedCodeCacheSize=
#   JVM is running with Unscaled Compressed Oops mode in which the Java heap is
#     placed in the first 4GB address space. The Java Heap base address is the
#     maximum limit for the native heap growth. Please use -XX:HeapBaseMinAddress
#     to set the Java Heap base and to place the Java Heap above 4GB virtual address.
# This output file may be truncated or incomplete.
#
#  Out of Memory Error (arena.cpp:189), pid=9100, tid=2388
#
# JRE version: OpenJDK Runtime Environment (17.0.6) (build 17.0.6+0-b2043.56-10027231)
# Java VM: OpenJDK 64-Bit Server VM (17.0.6+0-b2043.56-10027231, mixed mode, tiered, compressed oops, compressed class ptrs, g1 gc, windows-amd64)
# No core dump will be written. Minidumps are not enabled by default on client versions of Windows
#

---------------  S U M M A R Y ------------

Command Line: org.jetbrains.kotlin.cli.jvm.K2JVMCompiler @C:\Users\refrizar.dwiardito\AndroidStudioProjects\Catwell\app\build\20231018_13063114607920282007.compiler.options

Host: Intel(R) Core(TM) i5-5200U CPU @ 2.20GHz, 4 cores, 7G,  Windows 10 , 64 bit Build 19041 (10.0.19041.3570)
Time: Wed Oct 18 22:49:15 2023 SE Asia Standard Time elapsed time: 30.953211 seconds (0d 0h 0m 30s)

---------------  T H R E A D  ---------------

Current thread (0x0000020ef99ea900):  JavaThread "C2 CompilerThread1" daemon [_thread_in_native, id=2388, stack(0x000000f60a900000,0x000000f60aa00000)]


Current CompileTask:
C2:  30953 14018       4       org.jetbrains.kotlin.ir.util.TypeTranslator::approximate (50 bytes)

Stack: [0x000000f60a900000,0x000000f60aa00000]
Native frames: (J=compiled Java code, j=interpreted, Vv=VM code, C=native code)
V  [jvm.dll+0x683c9a]
V  [jvm.dll+0x8427a4]
V  [jvm.dll+0x843f9e]
V  [jvm.dll+0x844603]
V  [jvm.dll+0x249b75]
V  [jvm.dll+0xabcac]
V  [jvm.dll+0xac27c]
V  [jvm.dll+0x368857]
V  [jvm.dll+0x1bd0b8]
V  [jvm.dll+0x21c359]
V  [jvm.dll+0x21b621]
V  [jvm.dll+0x1a4fdd]
V  [jvm.dll+0x22b098]
V  [jvm.dll+0x229159]
V  [jvm.dll+0x7f81ec]
V  [jvm.dll+0x7f274a]
V  [jvm.dll+0x682ad5]
C  [ucrtbase.dll+0x21bb2]
C  [KERNEL32.DLL+0x17344]
C  [ntdll.dll+0x526b1]


---------------  P R O C E S S  ---------------

Threads class SMR info:
_java_thread_list=0x0000020efc244880, length=13, elements={
0x0000020edceedff0, 0x0000020ef84dac40, 0x0000020ef84dc2d0, 0x0000020ef90286e0,
0x0000020ef9029090, 0x0000020ef901d620, 0x0000020ef901eef0, 0x0000020ef9023ef0,
0x0000020ef90305a0, 0x0000020ef9033650, 0x0000020ef918fa00, 0x0000020ef9191340,
0x0000020ef99ea900
}

Java Threads: ( => current thread )
  0x0000020edceedff0 JavaThread "main" [_thread_in_vm, id=10324, stack(0x000000f609100000,0x000000f609200000)]
  0x0000020ef84dac40 JavaThread "Reference Handler" daemon [_thread_blocked, id=7400, stack(0x000000f609800000,0x000000f609900000)]
  0x0000020ef84dc2d0 JavaThread "Finalizer" daemon [_thread_blocked, id=10700, stack(0x000000f609900000,0x000000f609a00000)]
  0x0000020ef90286e0 JavaThread "Signal Dispatcher" daemon [_thread_blocked, id=6116, stack(0x000000f609a00000,0x000000f609b00000)]
  0x0000020ef9029090 JavaThread "Attach Listener" daemon [_thread_blocked, id=7632, stack(0x000000f609b00000,0x000000f609c00000)]
  0x0000020ef901d620 JavaThread "Service Thread" daemon [_thread_blocked, id=10904, stack(0x000000f609c00000,0x000000f609d00000)]
  0x0000020ef901eef0 JavaThread "Monitor Deflation Thread" daemon [_thread_blocked, id=9564, stack(0x000000f609d00000,0x000000f609e00000)]
  0x0000020ef9023ef0 JavaThread "C2 CompilerThread0" daemon [_thread_in_vm, id=10836, stack(0x000000f609e00000,0x000000f609f00000)]
  0x0000020ef90305a0 JavaThread "C1 CompilerThread0" daemon [_thread_blocked, id=9544, stack(0x000000f609f00000,0x000000f60a000000)]
  0x0000020ef9033650 JavaThread "Sweeper thread" daemon [_thread_blocked, id=2852, stack(0x000000f60a000000,0x000000f60a100000)]
  0x0000020ef918fa00 JavaThread "Notification Thread" daemon [_thread_blocked, id=10332, stack(0x000000f60a100000,0x000000f60a200000)]
  0x0000020ef9191340 JavaThread "Common-Cleaner" daemon [_thread_blocked, id=8996, stack(0x000000f60a300000,0x000000f60a400000)]
=>0x0000020ef99ea900 JavaThread "C2 CompilerThread1" daemon [_thread_in_native, id=2388, stack(0x000000f60a900000,0x000000f60aa00000)]

Other Threads:
  0x0000020ef84ffc20 VMThread "VM Thread" [stack: 0x000000f609700000,0x000000f609800000] [id=4148]
  0x0000020ef91906e0 WatcherThread [stack: 0x000000f60a200000,0x000000f60a300000] [id=7124]
  0x0000020edf0476e0 GCTaskThread "GC Thread#0" [stack: 0x000000f609200000,0x000000f609300000] [id=2900]
  0x0000020ef95b9790 GCTaskThread "GC Thread#1" [stack: 0x000000f60a400000,0x000000f60a500000] [id=2412]
  0x0000020ef95b9a40 GCTaskThread "GC Thread#2" [stack: 0x000000f60a500000,0x000000f60a600000] [id=9360]
  0x0000020ef95fb8b0 GCTaskThread "GC Thread#3" [stack: 0x000000f60a600000,0x000000f60a700000] [id=7952]
  0x0000020edf0582e0 ConcurrentGCThread "G1 Main Marker" [stack: 0x000000f609300000,0x000000f609400000] [id=3296]
  0x0000020edf059490 ConcurrentGCThread "G1 Conc#0" [stack: 0x000000f609400000,0x000000f609500000] [id=10588]
  0x0000020edf0be5d0 ConcurrentGCThread "G1 Refine#0" [stack: 0x000000f609500000,0x000000f609600000] [id=11180]
  0x0000020efb11f150 ConcurrentGCThread "G1 Refine#1" [stack: 0x000000f60a700000,0x000000f60a800000] [id=3648]
  0x0000020efaf3e040 ConcurrentGCThread "G1 Refine#2" [stack: 0x000000f60a800000,0x000000f60a900000] [id=9620]
  0x0000020ef8342200 ConcurrentGCThread "G1 Service" [stack: 0x000000f609600000,0x000000f609700000] [id=2664]

Threads with active compile tasks:
C2 CompilerThread0    30979 14207       4       org.jetbrains.kotlin.ir.util.SymbolTable$ScopedSymbolTable::leaveScope (189 bytes)
C2 CompilerThread1    30979 14018       4       org.jetbrains.kotlin.ir.util.TypeTranslator::approximate (50 bytes)

VM state: not at safepoint (normal execution)

VM Mutex/Monitor currently owned by a thread: None

Heap address: 0x0000000081a00000, size: 2022 MB, Compressed Oops mode: 32-bit

CDS archive(s) not mapped
Compressed class space mapped at: 0x0000000100000000-0x0000000140000000, reserved size: 1073741824
Narrow klass base: 0x0000000000000000, Narrow klass shift: 3, Narrow klass range: 0x140000000

GC Precious Log:
 CPUs: 4 total, 4 available
 Memory: 8083M
 Large Page Support: Disabled
 NUMA Support: Disabled
 Compressed Oops: Enabled (32-bit)
 Heap Region Size: 1M
 Heap Min Capacity: 8M
 Heap Initial Capacity: 128M
 Heap Max Capacity: 2022M
 Pre-touch: Disabled
 Parallel Workers: 4
 Concurrent Workers: 1
 Concurrent Refinement Workers: 4
 Periodic GC: Disabled

Heap:
 garbage-first heap   total 177152K, used 106451K [0x0000000081a00000, 0x0000000100000000)
  region size 1024K, 29 young (29696K), 5 survivors (5120K)
 Metaspace       used 75297K, committed 75648K, reserved 1122304K
  class space    used 8391K, committed 8576K, reserved 1048576K

Heap Regions: E=young(eden), S=young(survivor), O=old, HS=humongous(starts), HC=humongous(continues), CS=collection set, F=free, OA=open archive, CA=closed archive, TAMS=top-at-mark-start (previous, next)
|   0|0x0000000081a00000, 0x0000000081b00000, 0x0000000081b00000|100%|HS|  |TAMS 0x0000000081b00000, 0x0000000081a00000| Complete 
|   1|0x0000000081b00000, 0x0000000081c00000, 0x0000000081c00000|100%|HC|  |TAMS 0x0000000081c00000, 0x0000000081b00000| Complete 
|   2|0x0000000081c00000, 0x0000000081d00000, 0x0000000081d00000|100%|HC|  |TAMS 0x0000000081d00000, 0x0000000081c00000| Complete 
|   3|0x0000000081d00000, 0x0000000081e00000, 0x0000000081e00000|100%|HC|  |TAMS 0x0000000081e00000, 0x0000000081d00000| Complete 
|   4|0x0000000081e00000, 0x0000000081f00000, 0x0000000081f00000|100%| O|  |TAMS 0x0000000081f00000, 0x0000000081e00000| Untracked 
|   5|0x0000000081f00000, 0x0000000082000000, 0x0000000082000000|100%| O|  |TAMS 0x0000000082000000, 0x0000000081f00000| Untracked 
|   6|0x0000000082000000, 0x0000000082100000, 0x0000000082100000|100%| O|  |TAMS 0x0000000082100000, 0x0000000082000000| Untracked 
|   7|0x0000000082100000, 0x0000000082200000, 0x0000000082200000|100%| O|  |TAMS 0x0000000082200000, 0x0000000082100000| Untracked 
|   8|0x0000000082200000, 0x0000000082300000, 0x0000000082300000|100%| O|  |TAMS 0x0000000082300000, 0x0000000082200000| Untracked 
|   9|0x0000000082300000, 0x0000000082400000, 0x0000000082400000|100%| O|  |TAMS 0x0000000082400000, 0x0000000082300000| Untracked 
|  10|0x0000000082400000, 0x0000000082500000, 0x0000000082500000|100%| O|  |TAMS 0x0000000082500000, 0x0000000082400000| Untracked 
|  11|0x0000000082500000, 0x0000000082600000, 0x0000000082600000|100%| O|  |TAMS 0x0000000082600000, 0x0000000082500000| Untracked 
|  12|0x0000000082600000, 0x0000000082700000, 0x0000000082700000|100%| O|  |TAMS 0x0000000082700000, 0x0000000082600000| Untracked 
|  13|0x0000000082700000, 0x0000000082800000, 0x0000000082800000|100%| O|  |TAMS 0x0000000082800000, 0x0000000082700000| Untracked 
|  14|0x0000000082800000, 0x0000000082900000, 0x0000000082900000|100%| O|  |TAMS 0x0000000082900000, 0x0000000082800000| Untracked 
|  15|0x0000000082900000, 0x0000000082a00000, 0x0000000082a00000|100%| O|  |TAMS 0x0000000082a00000, 0x0000000082900000| Untracked 
|  16|0x0000000082a00000, 0x0000000082b00000, 0x0000000082b00000|100%| O|  |TAMS 0x0000000082b00000, 0x0000000082a00000| Untracked 
|  17|0x0000000082b00000, 0x0000000082c00000, 0x0000000082c00000|100%| O|  |TAMS 0x0000000082c00000, 0x0000000082b00000| Untracked 
|  18|0x0000000082c00000, 0x0000000082d00000, 0x0000000082d00000|100%| O|  |TAMS 0x0000000082d00000, 0x0000000082c00000| Untracked 
|  19|0x0000000082d00000, 0x0000000082e00000, 0x0000000082e00000|100%| O|  |TAMS 0x0000000082e00000, 0x0000000082d00000| Untracked 
|  20|0x0000000082e00000, 0x0000000082f00000, 0x0000000082f00000|100%| O|  |TAMS 0x0000000082f00000, 0x0000000082e00000| Untracked 
|  21|0x0000000082f00000, 0x0000000083000000, 0x0000000083000000|100%|HS|  |TAMS 0x0000000083000000, 0x0000000082f00000| Complete 
|  22|0x0000000083000000, 0x0000000083100000, 0x0000000083100000|100%|HC|  |TAMS 0x0000000083100000, 0x0000000083000000| Complete 
|  23|0x0000000083100000, 0x0000000083200000, 0x0000000083200000|100%| O|  |TAMS 0x0000000083200000, 0x0000000083100000| Untracked 
|  24|0x0000000083200000, 0x0000000083300000, 0x0000000083300000|100%| O|  |TAMS 0x0000000083300000, 0x0000000083200000| Untracked 
|  25|0x0000000083300000, 0x0000000083400000, 0x0000000083400000|100%| O|  |TAMS 0x0000000083400000, 0x0000000083300000| Untracked 
|  26|0x0000000083400000, 0x0000000083500000, 0x0000000083500000|100%| O|  |TAMS 0x0000000083500000, 0x0000000083400000| Untracked 
|  27|0x0000000083500000, 0x0000000083600000, 0x0000000083600000|100%| O|  |TAMS 0x0000000083600000, 0x0000000083500000| Untracked 
|  28|0x0000000083600000, 0x0000000083700000, 0x0000000083700000|100%| O|  |TAMS 0x0000000083700000, 0x0000000083600000| Untracked 
|  29|0x0000000083700000, 0x0000000083800000, 0x0000000083800000|100%| O|  |TAMS 0x0000000083800000, 0x0000000083700000| Untracked 
|  30|0x0000000083800000, 0x0000000083900000, 0x0000000083900000|100%| O|  |TAMS 0x0000000083900000, 0x0000000083800000| Untracked 
|  31|0x0000000083900000, 0x0000000083a00000, 0x0000000083a00000|100%| O|  |TAMS 0x0000000083a00000, 0x0000000083900000| Untracked 
|  32|0x0000000083a00000, 0x0000000083b00000, 0x0000000083b00000|100%| O|  |TAMS 0x0000000083b00000, 0x0000000083a00000| Untracked 
|  33|0x0000000083b00000, 0x0000000083c00000, 0x0000000083c00000|100%| O|  |TAMS 0x0000000083c00000, 0x0000000083b00000| Untracked 
|  34|0x0000000083c00000, 0x0000000083d00000, 0x0000000083d00000|100%| O|  |TAMS 0x0000000083d00000, 0x0000000083c00000| Untracked 
|  35|0x0000000083d00000, 0x0000000083e00000, 0x0000000083e00000|100%| O|  |TAMS 0x0000000083e00000, 0x0000000083d00000| Untracked 
|  36|0x0000000083e00000, 0x0000000083f00000, 0x0000000083f00000|100%| O|  |TAMS 0x0000000083f00000, 0x0000000083e00000| Untracked 
|  37|0x0000000083f00000, 0x0000000084000000, 0x0000000084000000|100%| O|  |TAMS 0x0000000084000000, 0x0000000083f00000| Untracked 
|  38|0x0000000084000000, 0x0000000084100000, 0x0000000084100000|100%| O|  |TAMS 0x0000000084100000, 0x0000000084000000| Untracked 
|  39|0x0000000084100000, 0x0000000084200000, 0x0000000084200000|100%| O|  |TAMS 0x0000000084200000, 0x0000000084100000| Untracked 
|  40|0x0000000084200000, 0x0000000084300000, 0x0000000084300000|100%| O|  |TAMS 0x0000000084300000, 0x0000000084200000| Untracked 
|  41|0x0000000084300000, 0x0000000084400000, 0x0000000084400000|100%| O|  |TAMS 0x0000000084400000, 0x0000000084300000| Untracked 
|  42|0x0000000084400000, 0x0000000084500000, 0x0000000084500000|100%| O|  |TAMS 0x0000000084500000, 0x0000000084400000| Untracked 
|  43|0x0000000084500000, 0x0000000084600000, 0x0000000084600000|100%| O|  |TAMS 0x0000000084600000, 0x0000000084500000| Untracked 
|  44|0x0000000084600000, 0x0000000084700000, 0x0000000084700000|100%| O|  |TAMS 0x0000000084700000, 0x0000000084600000| Untracked 
|  45|0x0000000084700000, 0x0000000084800000, 0x0000000084800000|100%| O|  |TAMS 0x0000000084800000, 0x0000000084700000| Untracked 
|  46|0x0000000084800000, 0x0000000084900000, 0x0000000084900000|100%| O|  |TAMS 0x0000000084900000, 0x0000000084800000| Untracked 
|  47|0x0000000084900000, 0x0000000084a00000, 0x0000000084a00000|100%| O|  |TAMS 0x0000000084a00000, 0x0000000084900000| Untracked 
|  48|0x0000000084a00000, 0x0000000084b00000, 0x0000000084b00000|100%| O|  |TAMS 0x0000000084b00000, 0x0000000084a00000| Untracked 
|  49|0x0000000084b00000, 0x0000000084c00000, 0x0000000084c00000|100%| O|  |TAMS 0x0000000084c00000, 0x0000000084b00000| Untracked 
|  50|0x0000000084c00000, 0x0000000084d00000, 0x0000000084d00000|100%| O|  |TAMS 0x0000000084d00000, 0x0000000084c00000| Untracked 
|  51|0x0000000084d00000, 0x0000000084e00000, 0x0000000084e00000|100%| O|  |TAMS 0x0000000084e00000, 0x0000000084d00000| Untracked 
|  52|0x0000000084e00000, 0x0000000084f00000, 0x0000000084f00000|100%| O|  |TAMS 0x0000000084f00000, 0x0000000084e00000| Untracked 
|  53|0x0000000084f00000, 0x0000000085000000, 0x0000000085000000|100%| O|  |TAMS 0x0000000085000000, 0x0000000084f00000| Untracked 
|  54|0x0000000085000000, 0x0000000085100000, 0x0000000085100000|100%| O|  |TAMS 0x0000000085100000, 0x0000000085000000| Untracked 
|  55|0x0000000085100000, 0x0000000085200000, 0x0000000085200000|100%|HS|  |TAMS 0x0000000085200000, 0x0000000085100000| Complete 
|  56|0x0000000085200000, 0x0000000085300000, 0x0000000085300000|100%|HC|  |TAMS 0x0000000085300000, 0x0000000085200000| Complete 
|  57|0x0000000085300000, 0x0000000085400000, 0x0000000085400000|100%| O|  |TAMS 0x0000000085400000, 0x0000000085300000| Untracked 
|  58|0x0000000085400000, 0x0000000085500000, 0x0000000085500000|100%| O|  |TAMS 0x0000000085500000, 0x0000000085400000| Untracked 
|  59|0x0000000085500000, 0x0000000085600000, 0x0000000085600000|100%| O|  |TAMS 0x0000000085600000, 0x0000000085500000| Untracked 
|  60|0x0000000085600000, 0x0000000085700000, 0x0000000085700000|100%| O|  |TAMS 0x0000000085700000, 0x0000000085600000| Untracked 
|  61|0x0000000085700000, 0x0000000085800000, 0x0000000085800000|100%| O|  |TAMS 0x0000000085800000, 0x0000000085700000| Untracked 
|  62|0x0000000085800000, 0x0000000085900000, 0x0000000085900000|100%| O|  |TAMS 0x0000000085900000, 0x0000000085800000| Untracked 
|  63|0x0000000085900000, 0x0000000085a00000, 0x0000000085a00000|100%| O|  |TAMS 0x0000000085a00000, 0x0000000085900000| Untracked 
|  64|0x0000000085a00000, 0x0000000085b00000, 0x0000000085b00000|100%| O|  |TAMS 0x0000000085b00000, 0x0000000085a00000| Untracked 
|  65|0x0000000085b00000, 0x0000000085c00000, 0x0000000085c00000|100%| O|  |TAMS 0x0000000085c00000, 0x0000000085b00000| Untracked 
|  66|0x0000000085c00000, 0x0000000085d00000, 0x0000000085d00000|100%| O|  |TAMS 0x0000000085d00000, 0x0000000085c00000| Untracked 
|  67|0x0000000085d00000, 0x0000000085e00000, 0x0000000085e00000|100%| O|  |TAMS 0x0000000085e00000, 0x0000000085d00000| Untracked 
|  68|0x0000000085e00000, 0x0000000085f00000, 0x0000000085f00000|100%| O|  |TAMS 0x0000000085f00000, 0x0000000085e00000| Untracked 
|  69|0x0000000085f00000, 0x0000000086000000, 0x0000000086000000|100%| O|  |TAMS 0x0000000086000000, 0x0000000085f00000| Untracked 
|  70|0x0000000086000000, 0x0000000086100000, 0x0000000086100000|100%| O|  |TAMS 0x0000000086100000, 0x0000000086000000| Untracked 
|  71|0x0000000086100000, 0x0000000086200000, 0x0000000086200000|100%| O|  |TAMS 0x0000000086200000, 0x0000000086100000| Untracked 
|  72|0x0000000086200000, 0x0000000086300000, 0x0000000086300000|100%| O|  |TAMS 0x0000000086300000, 0x0000000086200000| Untracked 
|  73|0x0000000086300000, 0x0000000086400000, 0x0000000086400000|100%| O|  |TAMS 0x0000000086400000, 0x0000000086300000| Untracked 
|  74|0x0000000086400000, 0x0000000086500000, 0x0000000086500000|100%| O|  |TAMS 0x0000000086500000, 0x0000000086400000| Untracked 
|  75|0x0000000086500000, 0x0000000086600000, 0x0000000086600000|100%| O|  |TAMS 0x0000000086600000, 0x0000000086500000| Complete 
|  76|0x0000000086600000, 0x0000000086680000, 0x0000000086700000| 50%| O|  |TAMS 0x0000000086680000, 0x0000000086600000| Untracked 
|  77|0x0000000086700000, 0x0000000086700000, 0x0000000086800000|  0%| F|  |TAMS 0x0000000086700000, 0x0000000086700000| Untracked 
|  78|0x0000000086800000, 0x0000000086800000, 0x0000000086900000|  0%| F|  |TAMS 0x0000000086800000, 0x0000000086800000| Untracked 
|  79|0x0000000086900000, 0x0000000086900000, 0x0000000086a00000|  0%| F|  |TAMS 0x0000000086900000, 0x0000000086900000| Untracked 
|  80|0x0000000086a00000, 0x0000000086a00000, 0x0000000086b00000|  0%| F|  |TAMS 0x0000000086a00000, 0x0000000086a00000| Untracked 
|  81|0x0000000086b00000, 0x0000000086b00000, 0x0000000086c00000|  0%| F|  |TAMS 0x0000000086b00000, 0x0000000086b00000| Untracked 
|  82|0x0000000086c00000, 0x0000000086c00000, 0x0000000086d00000|  0%| F|  |TAMS 0x0000000086c00000, 0x0000000086c00000| Untracked 
|  83|0x0000000086d00000, 0x0000000086d00000, 0x0000000086e00000|  0%| F|  |TAMS 0x0000000086d00000, 0x0000000086d00000| Untracked 
|  84|0x0000000086e00000, 0x0000000086e00000, 0x0000000086f00000|  0%| F|  |TAMS 0x0000000086e00000, 0x0000000086e00000| Untracked 
|  85|0x0000000086f00000, 0x0000000086f00000, 0x0000000087000000|  0%| F|  |TAMS 0x0000000086f00000, 0x0000000086f00000| Untracked 
|  86|0x0000000087000000, 0x0000000087000000, 0x0000000087100000|  0%| F|  |TAMS 0x0000000087000000, 0x0000000087000000| Untracked 
|  87|0x0000000087100000, 0x0000000087100000, 0x0000000087200000|  0%| F|  |TAMS 0x0000000087100000, 0x0000000087100000| Untracked 
|  88|0x0000000087200000, 0x0000000087200000, 0x0000000087300000|  0%| F|  |TAMS 0x0000000087200000, 0x0000000087200000| Untracked 
|  89|0x0000000087300000, 0x0000000087300000, 0x0000000087400000|  0%| F|  |TAMS 0x0000000087300000, 0x0000000087300000| Untracked 
|  90|0x0000000087400000, 0x0000000087400000, 0x0000000087500000|  0%| F|  |TAMS 0x0000000087400000, 0x0000000087400000| Untracked 
|  91|0x0000000087500000, 0x0000000087500000, 0x0000000087600000|  0%| F|  |TAMS 0x0000000087500000, 0x0000000087500000| Untracked 
|  92|0x0000000087600000, 0x0000000087600000, 0x0000000087700000|  0%| F|  |TAMS 0x0000000087600000, 0x0000000087600000| Untracked 
|  93|0x0000000087700000, 0x0000000087700000, 0x0000000087800000|  0%| F|  |TAMS 0x0000000087700000, 0x0000000087700000| Untracked 
|  94|0x0000000087800000, 0x0000000087800000, 0x0000000087900000|  0%| F|  |TAMS 0x0000000087800000, 0x0000000087800000| Untracked 
|  95|0x0000000087900000, 0x0000000087900000, 0x0000000087a00000|  0%| F|  |TAMS 0x0000000087900000, 0x0000000087900000| Untracked 
|  96|0x0000000087a00000, 0x0000000087a00000, 0x0000000087b00000|  0%| F|  |TAMS 0x0000000087a00000, 0x0000000087a00000| Untracked 
|  97|0x0000000087b00000, 0x0000000087b00000, 0x0000000087c00000|  0%| F|  |TAMS 0x0000000087b00000, 0x0000000087b00000| Untracked 
|  98|0x0000000087c00000, 0x0000000087c00000, 0x0000000087d00000|  0%| F|  |TAMS 0x0000000087c00000, 0x0000000087c00000| Untracked 
|  99|0x0000000087d00000, 0x0000000087d00000, 0x0000000087e00000|  0%| F|  |TAMS 0x0000000087d00000, 0x0000000087d00000| Untracked 
| 100|0x0000000087e00000, 0x0000000087e00000, 0x0000000087f00000|  0%| F|  |TAMS 0x0000000087e00000, 0x0000000087e00000| Untracked 
| 101|0x0000000087f00000, 0x0000000087f00000, 0x0000000088000000|  0%| F|  |TAMS 0x0000000087f00000, 0x0000000087f00000| Untracked 
| 102|0x0000000088000000, 0x0000000088000000, 0x0000000088100000|  0%| F|  |TAMS 0x0000000088000000, 0x0000000088000000| Untracked 
| 103|0x0000000088100000, 0x0000000088100000, 0x0000000088200000|  0%| F|  |TAMS 0x0000000088100000, 0x0000000088100000| Untracked 
| 104|0x0000000088200000, 0x0000000088200000, 0x0000000088300000|  0%| F|  |TAMS 0x0000000088200000, 0x0000000088200000| Untracked 
| 105|0x0000000088300000, 0x0000000088300000, 0x0000000088400000|  0%| F|  |TAMS 0x0000000088300000, 0x0000000088300000| Untracked 
| 106|0x0000000088400000, 0x0000000088400000, 0x0000000088500000|  0%| F|  |TAMS 0x0000000088400000, 0x0000000088400000| Untracked 
| 107|0x0000000088500000, 0x0000000088500000, 0x0000000088600000|  0%| F|  |TAMS 0x0000000088500000, 0x0000000088500000| Untracked 
| 108|0x0000000088600000, 0x0000000088600000, 0x0000000088700000|  0%| F|  |TAMS 0x0000000088600000, 0x0000000088600000| Untracked 
| 109|0x0000000088700000, 0x0000000088700000, 0x0000000088800000|  0%| F|  |TAMS 0x0000000088700000, 0x0000000088700000| Untracked 
| 110|0x0000000088800000, 0x0000000088800000, 0x0000000088900000|  0%| F|  |TAMS 0x0000000088800000, 0x0000000088800000| Untracked 
| 111|0x0000000088900000, 0x0000000088900000, 0x0000000088a00000|  0%| F|  |TAMS 0x0000000088900000, 0x0000000088900000| Untracked 
| 112|0x0000000088a00000, 0x0000000088a00000, 0x0000000088b00000|  0%| F|  |TAMS 0x0000000088a00000, 0x0000000088a00000| Untracked 
| 113|0x0000000088b00000, 0x0000000088b00000, 0x0000000088c00000|  0%| F|  |TAMS 0x0000000088b00000, 0x0000000088b00000| Untracked 
| 114|0x0000000088c00000, 0x0000000088c00000, 0x0000000088d00000|  0%| F|  |TAMS 0x0000000088c00000, 0x0000000088c00000| Untracked 
| 115|0x0000000088d00000, 0x0000000088d00000, 0x0000000088e00000|  0%| F|  |TAMS 0x0000000088d00000, 0x0000000088d00000| Untracked 
| 116|0x0000000088e00000, 0x0000000088e00000, 0x0000000088f00000|  0%| F|  |TAMS 0x0000000088e00000, 0x0000000088e00000| Untracked 
| 117|0x0000000088f00000, 0x0000000088f00000, 0x0000000089000000|  0%| F|  |TAMS 0x0000000088f00000, 0x0000000088f00000| Untracked 
| 118|0x0000000089000000, 0x0000000089000000, 0x0000000089100000|  0%| F|  |TAMS 0x0000000089000000, 0x0000000089000000| Untracked 
| 119|0x0000000089100000, 0x0000000089100000, 0x0000000089200000|  0%| F|  |TAMS 0x0000000089100000, 0x0000000089100000| Untracked 
| 120|0x0000000089200000, 0x0000000089200000, 0x0000000089300000|  0%| F|  |TAMS 0x0000000089200000, 0x0000000089200000| Untracked 
| 121|0x0000000089300000, 0x0000000089300000, 0x0000000089400000|  0%| F|  |TAMS 0x0000000089300000, 0x0000000089300000| Untracked 
| 122|0x0000000089400000, 0x0000000089400000, 0x0000000089500000|  0%| F|  |TAMS 0x0000000089400000, 0x0000000089400000| Untracked 
| 123|0x0000000089500000, 0x0000000089500000, 0x0000000089600000|  0%| F|  |TAMS 0x0000000089500000, 0x0000000089500000| Untracked 
| 124|0x0000000089600000, 0x0000000089600000, 0x0000000089700000|  0%| F|  |TAMS 0x0000000089600000, 0x0000000089600000| Untracked 
| 125|0x0000000089700000, 0x0000000089700000, 0x0000000089800000|  0%| F|  |TAMS 0x0000000089700000, 0x0000000089700000| Untracked 
| 126|0x0000000089800000, 0x0000000089800000, 0x0000000089900000|  0%| F|  |TAMS 0x0000000089800000, 0x0000000089800000| Untracked 
| 127|0x0000000089900000, 0x0000000089900000, 0x0000000089a00000|  0%| F|  |TAMS 0x0000000089900000, 0x0000000089900000| Untracked 
| 128|0x0000000089a00000, 0x0000000089a00000, 0x0000000089b00000|  0%| F|  |TAMS 0x0000000089a00000, 0x0000000089a00000| Untracked 
| 129|0x0000000089b00000, 0x0000000089b00000, 0x0000000089c00000|  0%| F|  |TAMS 0x0000000089b00000, 0x0000000089b00000| Untracked 
| 130|0x0000000089c00000, 0x0000000089c00000, 0x0000000089d00000|  0%| F|  |TAMS 0x0000000089c00000, 0x0000000089c00000| Untracked 
| 131|0x0000000089d00000, 0x0000000089d00000, 0x0000000089e00000|  0%| F|  |TAMS 0x0000000089d00000, 0x0000000089d00000| Untracked 
| 132|0x0000000089e00000, 0x0000000089e00000, 0x0000000089f00000|  0%| F|  |TAMS 0x0000000089e00000, 0x0000000089e00000| Untracked 
| 133|0x0000000089f00000, 0x0000000089f00000, 0x000000008a000000|  0%| F|  |TAMS 0x0000000089f00000, 0x0000000089f00000| Untracked 
| 134|0x000000008a000000, 0x000000008a000000, 0x000000008a100000|  0%| F|  |TAMS 0x000000008a000000, 0x000000008a000000| Untracked 
| 135|0x000000008a100000, 0x000000008a100000, 0x000000008a200000|  0%| F|  |TAMS 0x000000008a100000, 0x000000008a100000| Untracked 
| 136|0x000000008a200000, 0x000000008a200000, 0x000000008a300000|  0%| F|  |TAMS 0x000000008a200000, 0x000000008a200000| Untracked 
| 137|0x000000008a300000, 0x000000008a300000, 0x000000008a400000|  0%| F|  |TAMS 0x000000008a300000, 0x000000008a300000| Untracked 
| 138|0x000000008a400000, 0x000000008a400000, 0x000000008a500000|  0%| F|  |TAMS 0x000000008a400000, 0x000000008a400000| Untracked 
| 139|0x000000008a500000, 0x000000008a500000, 0x000000008a600000|  0%| F|  |TAMS 0x000000008a500000, 0x000000008a500000| Untracked 
| 140|0x000000008a600000, 0x000000008a600000, 0x000000008a700000|  0%| F|  |TAMS 0x000000008a600000, 0x000000008a600000| Untracked 
| 141|0x000000008a700000, 0x000000008a700000, 0x000000008a800000|  0%| F|  |TAMS 0x000000008a700000, 0x000000008a700000| Untracked 
| 142|0x000000008a800000, 0x000000008a800000, 0x000000008a900000|  0%| F|  |TAMS 0x000000008a800000, 0x000000008a800000| Untracked 
| 143|0x000000008a900000, 0x000000008a980800, 0x000000008aa00000| 50%| E|  |TAMS 0x000000008a900000, 0x000000008a900000| Complete 
| 144|0x000000008aa00000, 0x000000008ab00000, 0x000000008ab00000|100%| E|CS|TAMS 0x000000008aa00000, 0x000000008aa00000| Complete 
| 145|0x000000008ab00000, 0x000000008ac00000, 0x000000008ac00000|100%| E|CS|TAMS 0x000000008ab00000, 0x000000008ab00000| Complete 
| 146|0x000000008ac00000, 0x000000008ad00000, 0x000000008ad00000|100%| E|CS|TAMS 0x000000008ac00000, 0x000000008ac00000| Complete 
| 147|0x000000008ad00000, 0x000000008ae00000, 0x000000008ae00000|100%| E|CS|TAMS 0x000000008ad00000, 0x000000008ad00000| Complete 
| 148|0x000000008ae00000, 0x000000008af00000, 0x000000008af00000|100%| E|CS|TAMS 0x000000008ae00000, 0x000000008ae00000| Complete 
| 149|0x000000008af00000, 0x000000008b000000, 0x000000008b000000|100%| E|CS|TAMS 0x000000008af00000, 0x000000008af00000| Complete 
| 150|0x000000008b000000, 0x000000008b100000, 0x000000008b100000|100%| E|CS|TAMS 0x000000008b000000, 0x000000008b000000| Complete 
| 151|0x000000008b100000, 0x000000008b200000, 0x000000008b200000|100%| E|CS|TAMS 0x000000008b100000, 0x000000008b100000| Complete 
| 152|0x000000008b200000, 0x000000008b300000, 0x000000008b300000|100%| E|CS|TAMS 0x000000008b200000, 0x000000008b200000| Complete 
| 153|0x000000008b300000, 0x000000008b400000, 0x000000008b400000|100%| E|CS|TAMS 0x000000008b300000, 0x000000008b300000| Complete 
| 154|0x000000008b400000, 0x000000008b500000, 0x000000008b500000|100%| E|CS|TAMS 0x000000008b400000, 0x000000008b400000| Complete 
| 155|0x000000008b500000, 0x000000008b600000, 0x000000008b600000|100%| E|CS|TAMS 0x000000008b500000, 0x000000008b500000| Complete 
| 156|0x000000008b600000, 0x000000008b700000, 0x000000008b700000|100%| E|CS|TAMS 0x000000008b600000, 0x000000008b600000| Complete 
| 157|0x000000008b700000, 0x000000008b800000, 0x000000008b800000|100%| E|CS|TAMS 0x000000008b700000, 0x000000008b700000| Complete 
| 158|0x000000008b800000, 0x000000008b900000, 0x000000008b900000|100%| E|CS|TAMS 0x000000008b800000, 0x000000008b800000| Complete 
| 159|0x000000008b900000, 0x000000008ba00000, 0x000000008ba00000|100%| E|CS|TAMS 0x000000008b900000, 0x000000008b900000| Complete 
| 160|0x000000008ba00000, 0x000000008bb00000, 0x000000008bb00000|100%| E|CS|TAMS 0x000000008ba00000, 0x000000008ba00000| Complete 
| 161|0x000000008bb00000, 0x000000008bc00000, 0x000000008bc00000|100%| E|CS|TAMS 0x000000008bb00000, 0x000000008bb00000| Complete 
| 162|0x000000008bc00000, 0x000000008bd00000, 0x000000008bd00000|100%| E|CS|TAMS 0x000000008bc00000, 0x000000008bc00000| Complete 
| 163|0x000000008bd00000, 0x000000008be00000, 0x000000008be00000|100%| E|CS|TAMS 0x000000008bd00000, 0x000000008bd00000| Complete 
| 164|0x000000008be00000, 0x000000008bf00000, 0x000000008bf00000|100%| E|CS|TAMS 0x000000008be00000, 0x000000008be00000| Complete 
| 165|0x000000008bf00000, 0x000000008bf74de0, 0x000000008c000000| 45%| S|CS|TAMS 0x000000008bf00000, 0x000000008bf00000| Complete 
| 166|0x000000008c000000, 0x000000008c100000, 0x000000008c100000|100%| S|CS|TAMS 0x000000008c000000, 0x000000008c000000| Complete 
| 167|0x000000008c100000, 0x000000008c200000, 0x000000008c200000|100%| S|CS|TAMS 0x000000008c100000, 0x000000008c100000| Complete 
| 168|0x000000008c200000, 0x000000008c300000, 0x000000008c300000|100%| S|CS|TAMS 0x000000008c200000, 0x000000008c200000| Complete 
| 169|0x000000008c300000, 0x000000008c400000, 0x000000008c400000|100%| S|CS|TAMS 0x000000008c300000, 0x000000008c300000| Complete 
| 170|0x000000008c400000, 0x000000008c500000, 0x000000008c500000|100%| E|CS|TAMS 0x000000008c400000, 0x000000008c400000| Complete 
| 171|0x000000008c500000, 0x000000008c600000, 0x000000008c600000|100%| E|CS|TAMS 0x000000008c500000, 0x000000008c500000| Complete 
| 172|0x000000008c600000, 0x000000008c700000, 0x000000008c700000|100%| E|CS|TAMS 0x000000008c600000, 0x000000008c600000| Complete 

Card table byte_map: [0x0000020ef18c0000,0x0000020ef1cc0000] _byte_map_base: 0x0000020ef14b3000

Marking Bits (Prev, Next): (CMBitMap*) 0x0000020edf047cf0, (CMBitMap*) 0x0000020edf047d30
 Prev Bits: [0x0000020ef20c0000, 0x0000020ef4058000)
 Next Bits: [0x0000020ef4060000, 0x0000020ef5ff8000)

Polling page: 0x0000020ede7c0000

Metaspace:

Usage:
  Non-class:     65.34 MB used.
      Class:      8.20 MB used.
       Both:     73.53 MB used.

Virtual space:
  Non-class space:       72.00 MB reserved,      65.50 MB ( 91%) committed,  9 nodes.
      Class space:        1.00 GB reserved,       8.38 MB ( <1%) committed,  1 nodes.
             Both:        1.07 GB reserved,      73.88 MB (  7%) committed. 

Chunk freelists:
   Non-Class:  2.23 MB
       Class:  3.67 MB
        Both:  5.90 MB

MaxMetaspaceSize: unlimited
CompressedClassSpaceSize: 1.00 GB
Initial GC threshold: 21.00 MB
Current GC threshold: 123.06 MB
CDS: off
MetaspaceReclaimPolicy: balanced
 - commit_granule_bytes: 65536.
 - commit_granule_words: 8192.
 - virtual_space_node_default_size: 1048576.
 - enlarge_chunks_in_place: 1.
 - new_chunks_are_fully_committed: 0.
 - uncommit_free_chunks: 1.
 - use_allocation_guard: 0.
 - handle_deallocations: 1.


Internal statistics:

num_allocs_failed_limit: 12.
num_arena_births: 366.
num_arena_deaths: 0.
num_vsnodes_births: 10.
num_vsnodes_deaths: 0.
num_space_committed: 1180.
num_space_uncommitted: 0.
num_chunks_returned_to_freelist: 12.
num_chunks_taken_from_freelist: 2825.
num_chunk_merges: 12.
num_chunk_splits: 2270.
num_chunks_enlarged: 1977.
num_purges: 0.
num_inconsistent_stats: 0.

CodeHeap 'non-profiled nmethods': size=120000Kb used=5896Kb max_used=6109Kb free=114103Kb
 bounds [0x0000020ee9f90000, 0x0000020eea590000, 0x0000020ef14c0000]
CodeHeap 'profiled nmethods': size=120000Kb used=32613Kb max_used=32613Kb free=87387Kb
 bounds [0x0000020ee24c0000, 0x0000020ee44b0000, 0x0000020ee99f0000]
CodeHeap 'non-nmethods': size=5760Kb used=1374Kb max_used=1431Kb free=4385Kb
 bounds [0x0000020ee99f0000, 0x0000020ee9c60000, 0x0000020ee9f90000]
 total_blobs=12060 nmethods=11364 adapters=605
 compilation: enabled
              stopped_count=0, restarted_count=0
 full_count=0

Compilation events (20 events):
Event: 30.937 Thread 0x0000020ef90305a0 nmethod 14194 0x0000020ee44a0d90 code [0x0000020ee44a1000, 0x0000020ee44a15a8]
Event: 30.937 Thread 0x0000020ef90305a0 14197       2       org.jetbrains.kotlin.psi2ir.generators.AnnotationGenerator::visitGetValue (13 bytes)
Event: 30.938 Thread 0x0000020ef90305a0 nmethod 14197 0x0000020ee433e010 code [0x0000020ee433e240, 0x0000020ee433e6b8]
Event: 30.938 Thread 0x0000020ef90305a0 14198       2       org.jetbrains.kotlin.psi2ir.generators.AnnotationGenerator::visitGetValue (7 bytes)
Event: 30.939 Thread 0x0000020ef90305a0 nmethod 14198 0x0000020ee2fb6b10 code [0x0000020ee2fb6d40, 0x0000020ee2fb7178]
Event: 30.939 Thread 0x0000020ef90305a0 14199       2       org.jetbrains.kotlin.psi2ir.generators.AnnotationGenerator::visitGetValue (6 bytes)
Event: 30.940 Thread 0x0000020ef90305a0 nmethod 14199 0x0000020ee309e490 code [0x0000020ee309e6c0, 0x0000020ee309eaf8]
Event: 30.940 Thread 0x0000020ef90305a0 14195       2       org.jetbrains.kotlin.psi2ir.transformations.InsertImplicitCasts$postprocessReturnExpressions$1::visitCall (7 bytes)
Event: 30.941 Thread 0x0000020ef90305a0 nmethod 14195 0x0000020ee44a1990 code [0x0000020ee44a1c00, 0x0000020ee44a21a8]
Event: 30.941 Thread 0x0000020ef90305a0 14196       2       org.jetbrains.kotlin.psi2ir.transformations.InsertImplicitCasts$postprocessReturnExpressions$1::visitCall (18 bytes)
Event: 30.942 Thread 0x0000020ef90305a0 nmethod 14196 0x0000020ee44a2590 code [0x0000020ee44a27c0, 0x0000020ee44a2c28]
Event: 30.946 Thread 0x0000020ef90305a0 14200       2       org.jetbrains.kotlin.ir.declarations.IrVariable::acceptChildren (25 bytes)
Event: 30.947 Thread 0x0000020ef90305a0 nmethod 14200 0x0000020ee36d8910 code [0x0000020ee36d8b00, 0x0000020ee36d8e08]
Event: 30.947 Thread 0x0000020ef90305a0 14201       2       org.jetbrains.kotlin.ir.util.DeclarationParentsVisitor::visitFieldAccess (6 bytes)
Event: 30.948 Thread 0x0000020ef90305a0 nmethod 14201 0x0000020ee3836910 code [0x0000020ee3836b00, 0x0000020ee3836dc8]
Event: 30.948 Thread 0x0000020ef90305a0 14202       1       org.jetbrains.kotlin.util.slicedMap.BasicWritableSlice::toString (5 bytes)
Event: 30.948 Thread 0x0000020ef90305a0 nmethod 14202 0x0000020eea48c290 code [0x0000020eea48c420, 0x0000020eea48c4f8]
Event: 30.948 Thread 0x0000020ef90305a0 14203       2       org.jetbrains.kotlin.psi2ir.generators.ArgumentsGenerationUtilsKt$pregenerateCall$1::invoke (9 bytes)
Event: 30.950 Thread 0x0000020ef90305a0 nmethod 14203 0x0000020ee376a810 code [0x0000020ee376aa00, 0x0000020ee376ad88]
Event: 30.950 Thread 0x0000020ef90305a0 14206       2       org.jetbrains.kotlin.psi2ir.KotlinUtilsKt::isValueArgumentReorderingRequired (117 bytes)

GC Heap History (20 events):
Event: 8.182 GC heap before
{Heap before GC invocations=15 (full 0):
 garbage-first heap   total 104448K, used 78529K [0x0000000081a00000, 0x0000000100000000)
  region size 1024K, 50 young (51200K), 1 survivors (1024K)
 Metaspace       used 52939K, committed 53120K, reserved 1097728K
  class space    used 6327K, committed 6400K, reserved 1048576K
}
Event: 8.203 GC heap after
{Heap after GC invocations=16 (full 0):
 garbage-first heap   total 104448K, used 32427K [0x0000000081a00000, 0x0000000100000000)
  region size 1024K, 6 young (6144K), 6 survivors (6144K)
 Metaspace       used 52939K, committed 53120K, reserved 1097728K
  class space    used 6327K, committed 6400K, reserved 1048576K
}
Event: 10.122 GC heap before
{Heap before GC invocations=16 (full 0):
 garbage-first heap   total 104448K, used 78507K [0x0000000081a00000, 0x0000000100000000)
  region size 1024K, 51 young (52224K), 6 survivors (6144K)
 Metaspace       used 55114K, committed 55296K, reserved 1105920K
  class space    used 6443K, committed 6528K, reserved 1048576K
}
Event: 10.159 GC heap after
{Heap after GC invocations=17 (full 0):
 garbage-first heap   total 104448K, used 40404K [0x0000000081a00000, 0x0000000100000000)
  region size 1024K, 7 young (7168K), 7 survivors (7168K)
 Metaspace       used 55114K, committed 55296K, reserved 1105920K
  class space    used 6443K, committed 6528K, reserved 1048576K
}
Event: 10.959 GC heap before
{Heap before GC invocations=17 (full 0):
 garbage-first heap   total 104448K, used 78292K [0x0000000081a00000, 0x0000000100000000)
  region size 1024K, 44 young (45056K), 7 survivors (7168K)
 Metaspace       used 55513K, committed 55808K, reserved 1105920K
  class space    used 6463K, committed 6592K, reserved 1048576K
}
Event: 11.005 GC heap after
{Heap after GC invocations=18 (full 0):
 garbage-first heap   total 104448K, used 47572K [0x0000000081a00000, 0x0000000100000000)
  region size 1024K, 6 young (6144K), 6 survivors (6144K)
 Metaspace       used 55513K, committed 55808K, reserved 1105920K
  class space    used 6463K, committed 6592K, reserved 1048576K
}
Event: 11.399 GC heap before
{Heap before GC invocations=18 (full 0):
 garbage-first heap   total 104448K, used 78292K [0x0000000081a00000, 0x0000000100000000)
  region size 1024K, 36 young (36864K), 6 survivors (6144K)
 Metaspace       used 55588K, committed 55872K, reserved 1105920K
  class space    used 6465K, committed 6592K, reserved 1048576K
}
Event: 11.433 GC heap after
{Heap after GC invocations=19 (full 0):
 garbage-first heap   total 177152K, used 53248K [0x0000000081a00000, 0x0000000100000000)
  region size 1024K, 5 young (5120K), 5 survivors (5120K)
 Metaspace       used 55588K, committed 55872K, reserved 1105920K
  class space    used 6465K, committed 6592K, reserved 1048576K
}
Event: 11.773 GC heap before
{Heap before GC invocations=19 (full 0):
 garbage-first heap   total 177152K, used 125952K [0x0000000081a00000, 0x0000000100000000)
  region size 1024K, 76 young (77824K), 5 survivors (5120K)
 Metaspace       used 55784K, committed 56064K, reserved 1105920K
  class space    used 6487K, committed 6592K, reserved 1048576K
}
Event: 11.784 GC heap after
{Heap after GC invocations=20 (full 0):
 garbage-first heap   total 177152K, used 54053K [0x0000000081a00000, 0x0000000100000000)
  region size 1024K, 6 young (6144K), 6 survivors (6144K)
 Metaspace       used 55784K, committed 56064K, reserved 1105920K
  class space    used 6487K, committed 6592K, reserved 1048576K
}
Event: 13.350 GC heap before
{Heap before GC invocations=20 (full 0):
 garbage-first heap   total 177152K, used 132901K [0x0000000081a00000, 0x0000000100000000)
  region size 1024K, 83 young (84992K), 6 survivors (6144K)
 Metaspace       used 61571K, committed 61824K, reserved 1105920K
  class space    used 7300K, committed 7424K, reserved 1048576K
}
Event: 13.370 GC heap after
{Heap after GC invocations=21 (full 0):
 garbage-first heap   total 177152K, used 57610K [0x0000000081a00000, 0x0000000100000000)
  region size 1024K, 10 young (10240K), 10 survivors (10240K)
 Metaspace       used 61571K, committed 61824K, reserved 1105920K
  class space    used 7300K, committed 7424K, reserved 1048576K
}
Event: 22.460 GC heap before
{Heap before GC invocations=21 (full 0):
 garbage-first heap   total 177152K, used 141578K [0x0000000081a00000, 0x0000000100000000)
  region size 1024K, 92 young (94208K), 10 survivors (10240K)
 Metaspace       used 67199K, committed 67520K, reserved 1114112K
  class space    used 7688K, committed 7872K, reserved 1048576K
}
Event: 22.498 GC heap after
{Heap after GC invocations=22 (full 0):
 garbage-first heap   total 177152K, used 68045K [0x0000000081a00000, 0x0000000100000000)
  region size 1024K, 12 young (12288K), 12 survivors (12288K)
 Metaspace       used 67199K, committed 67520K, reserved 1114112K
  class space    used 7688K, committed 7872K, reserved 1048576K
}
Event: 27.113 GC heap before
{Heap before GC invocations=22 (full 0):
 garbage-first heap   total 177152K, used 139725K [0x0000000081a00000, 0x0000000100000000)
  region size 1024K, 80 young (81920K), 12 survivors (12288K)
 Metaspace       used 68452K, committed 68800K, reserved 1114112K
  class space    used 7750K, committed 7936K, reserved 1048576K
}
Event: 27.151 GC heap after
{Heap after GC invocations=23 (full 0):
 garbage-first heap   total 177152K, used 77660K [0x0000000081a00000, 0x0000000100000000)
  region size 1024K, 7 young (7168K), 7 survivors (7168K)
 Metaspace       used 68452K, committed 68800K, reserved 1114112K
  class space    used 7750K, committed 7936K, reserved 1048576K
}
Event: 29.946 GC heap before
{Heap before GC invocations=23 (full 0):
 garbage-first heap   total 177152K, used 140124K [0x0000000081a00000, 0x0000000100000000)
  region size 1024K, 68 young (69632K), 7 survivors (7168K)
 Metaspace       used 74993K, committed 75264K, reserved 1122304K
  class space    used 8368K, committed 8512K, reserved 1048576K
}
Event: 29.968 GC heap after
{Heap after GC invocations=24 (full 0):
 garbage-first heap   total 177152K, used 82821K [0x0000000081a00000, 0x0000000100000000)
  region size 1024K, 5 young (5120K), 5 survivors (5120K)
 Metaspace       used 74993K, committed 75264K, reserved 1122304K
  class space    used 8368K, committed 8512K, reserved 1048576K
}
Event: 30.061 GC heap before
{Heap before GC invocations=24 (full 0):
 garbage-first heap   total 177152K, used 84869K [0x0000000081a00000, 0x0000000100000000)
  region size 1024K, 8 young (8192K), 5 survivors (5120K)
 Metaspace       used 75069K, committed 75328K, reserved 1122304K
  class space    used 8372K, committed 8512K, reserved 1048576K
}
Event: 30.071 GC heap after
{Heap after GC invocations=25 (full 0):
 garbage-first heap   total 177152K, used 82899K [0x0000000081a00000, 0x0000000100000000)
  region size 1024K, 5 young (5120K), 5 survivors (5120K)
 Metaspace       used 75069K, committed 75328K, reserved 1122304K
  class space    used 8372K, committed 8512K, reserved 1048576K
}

Dll operation events (2 events):
Event: 0.016 Loaded shared library C:\Program Files\Android\Android Studio\jbr\bin\java.dll
Event: 2.439 Loaded shared library C:\Program Files\Android\Android Studio\jbr\bin\verify.dll

Deoptimization events (20 events):
Event: 30.114 Thread 0x0000020edceedff0 Uncommon trap: trap_request=0xffffff45 fr.pc=0x0000020eea16a1bc relative=0x00000000000057dc
Event: 30.114 Thread 0x0000020edceedff0 Uncommon trap: reason=unstable_if action=reinterpret pc=0x0000020eea16a1bc method=org.jetbrains.kotlin.resolve.OverridingUtil.determineModalityForFakeOverride(Ljava/util/Collection;Lorg/jetbrains/kotlin/descriptors/ClassDescriptor;)Lorg/jetbrains/kotlin/d
Event: 30.114 Thread 0x0000020edceedff0 DEOPT PACKING pc=0x0000020eea16a1bc sp=0x000000f6091fc220
Event: 30.114 Thread 0x0000020edceedff0 DEOPT UNPACKING pc=0x0000020ee9a469a3 sp=0x000000f6091fc058 mode 2
Event: 30.114 Thread 0x0000020edceedff0 Uncommon trap: trap_request=0xffffffde fr.pc=0x0000020eea287e44 relative=0x0000000000000924
Event: 30.114 Thread 0x0000020edceedff0 Uncommon trap: reason=class_check action=maybe_recompile pc=0x0000020eea287e44 method=org.jetbrains.kotlin.resolve.OverridingUtil.filterOutOverridden(Ljava/util/Set;)Ljava/util/Set; @ 10 c2
Event: 30.114 Thread 0x0000020edceedff0 DEOPT PACKING pc=0x0000020eea287e44 sp=0x000000f6091fc010
Event: 30.114 Thread 0x0000020edceedff0 DEOPT UNPACKING pc=0x0000020ee9a469a3 sp=0x000000f6091fbfe8 mode 2
Event: 30.114 Thread 0x0000020edceedff0 Uncommon trap: trap_request=0xffffffde fr.pc=0x0000020eea48126c relative=0x000000000000140c
Event: 30.114 Thread 0x0000020edceedff0 Uncommon trap: reason=class_check action=maybe_recompile pc=0x0000020eea48126c method=org.jetbrains.kotlin.resolve.OverridingUtil.filterOverrides(Ljava/util/Set;ZLkotlin/jvm/functions/Function0;Lkotlin/jvm/functions/Function2;)Ljava/util/Set; @ 19 c2
Event: 30.114 Thread 0x0000020edceedff0 DEOPT PACKING pc=0x0000020eea48126c sp=0x000000f6091fbf40
Event: 30.114 Thread 0x0000020edceedff0 DEOPT UNPACKING pc=0x0000020ee9a469a3 sp=0x000000f6091fbf20 mode 2
Event: 30.120 Thread 0x0000020edceedff0 Uncommon trap: trap_request=0xffffff45 fr.pc=0x0000020eea410b8c relative=0x0000000000000acc
Event: 30.120 Thread 0x0000020edceedff0 Uncommon trap: reason=unstable_if action=reinterpret pc=0x0000020eea410b8c method=org.jetbrains.kotlin.load.java.descriptors.JavaMethodDescriptor.createSubstitutedCopy(Lorg/jetbrains/kotlin/descriptors/DeclarationDescriptor;Lorg/jetbrains/kotlin/descripto
Event: 30.120 Thread 0x0000020edceedff0 DEOPT PACKING pc=0x0000020eea410b8c sp=0x000000f6091fa5f0
Event: 30.120 Thread 0x0000020edceedff0 DEOPT UNPACKING pc=0x0000020ee9a469a3 sp=0x000000f6091fa5c0 mode 2
Event: 30.864 Thread 0x0000020edceedff0 Uncommon trap: trap_request=0xffffff45 fr.pc=0x0000020eea431714 relative=0x0000000000000234
Event: 30.864 Thread 0x0000020edceedff0 Uncommon trap: reason=unstable_if action=reinterpret pc=0x0000020eea431714 method=org.jetbrains.kotlin.types.AbstractNullabilityChecker.runIsPossibleSubtype(Lorg/jetbrains/kotlin/types/TypeCheckerState;Lorg/jetbrains/kotlin/types/model/SimpleTypeMarker;Lo
Event: 30.864 Thread 0x0000020edceedff0 DEOPT PACKING pc=0x0000020eea431714 sp=0x000000f6091fc1d0
Event: 30.864 Thread 0x0000020edceedff0 DEOPT UNPACKING pc=0x0000020ee9a469a3 sp=0x000000f6091fc160 mode 2

Classes unloaded (0 events):
No events

Classes redefined (0 events):
No events

Internal exceptions (20 events):
Event: 12.801 Thread 0x0000020edceedff0 Exception <a 'java/lang/IncompatibleClassChangeError'{0x000000008830b0d8}: Found class java.lang.Object, but interface was expected> (0x000000008830b0d8) 
thrown [s\src\hotspot\share\interpreter\linkResolver.cpp, line 838]
Event: 13.146 Thread 0x0000020edceedff0 Implicit null exception at 0x0000020eea04640d to 0x0000020eea0495d8
Event: 13.243 Thread 0x0000020edceedff0 Exception <a 'java/lang/NoSuchMethodError'{0x00000000877b3780}: 'int java.lang.invoke.DirectMethodHandle$Holder.invokeStaticInit(java.lang.Object, int)'> (0x00000000877b3780) 
thrown [s\src\hotspot\share\interpreter\linkResolver.cpp, line 771]
Event: 13.574 Thread 0x0000020edceedff0 Exception <a 'java/lang/NoSuchMethodError'{0x000000008c45a378}: 'java.lang.Object java.lang.invoke.DirectMethodHandle$Holder.newInvokeSpecial(java.lang.Object, java.lang.Object, java.lang.Object, java.lang.Object, java.lang.Object, java.lang.Object, java.lang.Object)'> (0x000000008c45a378) 
thrown [s\src\hotspot\share\interpreter\linkResolver.cpp, line 771]
Event: 13.575 Thread 0x0000020edceedff0 Exception <a 'java/lang/NoSuchMethodError'{0x000000008c45ef30}: 'java.lang.Object java.lang.invoke.Invokers$Holder.linkToTargetMethod(java.lang.Object, java.lang.Object, java.lang.Object, java.lang.Object, java.lang.Object, java.lang.Object, java.lang.Object)'> (0x000000008c45ef30) 
thrown [s\src\hotspot\share\interpreter\linkResolver.cpp, line 771]
Event: 13.876 Thread 0x0000020edceedff0 Implicit null exception at 0x0000020eea1e0efb to 0x0000020eea1e5a2c
Event: 14.000 Thread 0x0000020edceedff0 Exception <a 'java/lang/NoSuchMethodError'{0x000000008be24420}: 'java.lang.Object java.lang.invoke.DirectMethodHandle$Holder.invokeStatic(java.lang.Object, int, java.lang.Object)'> (0x000000008be24420) 
thrown [s\src\hotspot\share\interpreter\linkResolver.cpp, line 771]
Event: 14.039 Thread 0x0000020edceedff0 Exception <a 'java/lang/NoSuchMethodError'{0x000000008beb72b0}: 'java.lang.Object java.lang.invoke.DirectMethodHandle$Holder.invokeInterface(java.lang.Object, java.lang.Object, java.lang.Object)'> (0x000000008beb72b0) 
thrown [s\src\hotspot\share\interpreter\linkResolver.cpp, line 771]
Event: 14.039 Thread 0x0000020edceedff0 Exception <a 'java/lang/IncompatibleClassChangeError'{0x000000008bebac20}: Found class java.lang.Object, but interface was expected> (0x000000008bebac20) 
thrown [s\src\hotspot\share\interpreter\linkResolver.cpp, line 838]
Event: 15.383 Thread 0x0000020edceedff0 Implicit null exception at 0x0000020eea3400c7 to 0x0000020eea34088c
Event: 21.664 Thread 0x0000020edceedff0 Implicit null exception at 0x0000020eea1e55b3 to 0x0000020eea1e71b8
Event: 23.090 Thread 0x0000020edceedff0 Implicit null exception at 0x0000020eea38892c to 0x0000020eea3889e8
Event: 27.877 Thread 0x0000020edceedff0 Implicit null exception at 0x0000020eea033b8c to 0x0000020eea033dd4
Event: 28.623 Thread 0x0000020edceedff0 Implicit null exception at 0x0000020eea2352fa to 0x0000020eea235874
Event: 28.625 Thread 0x0000020edceedff0 Implicit null exception at 0x0000020eea1fd9fc to 0x0000020eea1fdf84
Event: 29.114 Thread 0x0000020edceedff0 Exception <a 'java/lang/NoSuchMethodError'{0x000000008a321878}: 'java.lang.Object java.lang.invoke.DirectMethodHandle$Holder.invokeStaticInit(java.lang.Object, java.lang.Object, java.lang.Object, java.lang.Object)'> (0x000000008a321878) 
thrown [s\src\hotspot\share\interpreter\linkResolver.cpp, line 771]
Event: 29.589 Thread 0x0000020edceedff0 Exception <a 'java/lang/NoSuchMethodError'{0x000000008926e488}: 'java.lang.Object java.lang.invoke.Invokers$Holder.linkToTargetMethod(java.lang.Object, java.lang.Object, int, int, java.lang.Object, java.lang.Object, java.lang.Object, java.lang.Object, java.lang.Object)'> (0x000000008926e488) 
thrown [s\src\hotspot\share\interpreter\linkResolver.cpp, line 771]
Event: 29.685 Thread 0x0000020edceedff0 Exception <a 'java/lang/NoSuchMethodError'{0x00000000890e0b80}: 'java.lang.Object java.lang.invoke.DirectMethodHandle$Holder.newInvokeSpecial(java.lang.Object, java.lang.Object, java.lang.Object, int, int)'> (0x00000000890e0b80) 
thrown [s\src\hotspot\share\interpreter\linkResolver.cpp, line 771]
Event: 29.685 Thread 0x0000020edceedff0 Exception <a 'java/lang/NoSuchMethodError'{0x00000000890e49c0}: 'java.lang.Object java.lang.invoke.DirectMethodHandle$Holder.invokeSpecial(java.lang.Object, java.lang.Object, java.lang.Object, java.lang.Object, int, int)'> (0x00000000890e49c0) 
thrown [s\src\hotspot\share\interpreter\linkResolver.cpp, line 771]
Event: 30.117 Thread 0x0000020edceedff0 Exception <a 'java/lang/NoSuchMethodError'{0x000000008c694190}: 'java.lang.Object java.lang.invoke.DirectMethodHandle$Holder.newInvokeSpecial(java.lang.Object, int, java.lang.Object, java.lang.Object)'> (0x000000008c694190) 
thrown [s\src\hotspot\share\interpreter\linkResolver.cpp, line 771]

VM Operations (20 events):
Event: 29.773 Executing VM operation: HandshakeAllThreads
Event: 29.773 Executing VM operation: HandshakeAllThreads done
Event: 29.773 Executing VM operation: HandshakeAllThreads
Event: 29.773 Executing VM operation: HandshakeAllThreads done
Event: 29.775 Executing VM operation: ICBufferFull
Event: 29.775 Executing VM operation: ICBufferFull done
Event: 29.815 Executing VM operation: HandshakeAllThreads
Event: 29.817 Executing VM operation: HandshakeAllThreads done
Event: 29.945 Executing VM operation: G1CollectForAllocation
Event: 29.968 Executing VM operation: G1CollectForAllocation done
Event: 30.061 Executing VM operation: CollectForMetadataAllocation
Event: 30.076 Executing VM operation: CollectForMetadataAllocation done
Event: 30.117 Executing VM operation: HandshakeAllThreads
Event: 30.117 Executing VM operation: HandshakeAllThreads done
Event: 30.186 Executing VM operation: ICBufferFull
Event: 30.187 Executing VM operation: ICBufferFull done
Event: 30.420 Executing VM operation: G1Concurrent
Event: 30.433 Executing VM operation: G1Concurrent done
Event: 30.602 Executing VM operation: G1Concurrent
Event: 30.603 Executing VM operation: G1Concurrent done

Events (20 events):
Event: 29.849 Thread 0x0000020ef9033650 flushing nmethod 0x0000020ee3e6cb90
Event: 29.849 Thread 0x0000020ef9033650 flushing nmethod 0x0000020ee3e6dc10
Event: 29.849 Thread 0x0000020ef9033650 flushing nmethod 0x0000020ee3e71790
Event: 29.849 Thread 0x0000020ef9033650 flushing nmethod 0x0000020ee3e76490
Event: 29.850 Thread 0x0000020ef9033650 flushing nmethod 0x0000020ee3f53110
Event: 29.850 Thread 0x0000020ef9033650 flushing nmethod 0x0000020ee3f78b90
Event: 29.850 Thread 0x0000020ef9033650 flushing nmethod 0x0000020ee3f7a890
Event: 29.851 Thread 0x0000020ef9033650 flushing nmethod 0x0000020ee4027910
Event: 29.851 Thread 0x0000020ef9033650 flushing nmethod 0x0000020ee4029f90
Event: 29.851 Thread 0x0000020ef9033650 flushing nmethod 0x0000020ee40c2d90
Event: 29.851 Thread 0x0000020ef9033650 flushing nmethod 0x0000020ee40ee190
Event: 29.852 Thread 0x0000020ef9033650 flushing nmethod 0x0000020ee412f390
Event: 29.852 Thread 0x0000020ef9033650 flushing nmethod 0x0000020ee4139290
Event: 29.852 Thread 0x0000020ef9033650 flushing nmethod 0x0000020ee41af090
Event: 29.853 Thread 0x0000020ef9033650 flushing nmethod 0x0000020ee4231a90
Event: 29.853 Thread 0x0000020ef9033650 flushing nmethod 0x0000020ee42a8e90
Event: 29.854 Thread 0x0000020ef9033650 flushing nmethod 0x0000020ee4325310
Event: 29.854 Thread 0x0000020ef9033650 flushing nmethod 0x0000020ee433e010
Event: 29.854 Thread 0x0000020ef9033650 flushing nmethod 0x0000020ee436cc10
Event: 29.854 Thread 0x0000020ef9033650 flushing nmethod 0x0000020ee4390f10


Dynamic libraries:
0x00007ff7dd850000 - 0x00007ff7dd85a000 	C:\Program Files\Android\Android Studio\jbr\bin\java.exe
0x00007ff857470000 - 0x00007ff857667000 	C:\Windows\SYSTEM32\ntdll.dll
0x00007ff8569f0000 - 0x00007ff856aad000 	C:\Windows\System32\KERNEL32.DLL
0x00007ff855080000 - 0x00007ff855376000 	C:\Windows\System32\KERNELBASE.dll
0x00007ff854b80000 - 0x00007ff854c80000 	C:\Windows\System32\ucrtbase.dll
0x00007ff84d320000 - 0x00007ff84d33b000 	C:\Program Files\Android\Android Studio\jbr\bin\VCRUNTIME140.dll
0x00007ff843930000 - 0x00007ff843947000 	C:\Program Files\Android\Android Studio\jbr\bin\jli.dll
0x00007ff856d70000 - 0x00007ff856f0e000 	C:\Windows\System32\USER32.dll
0x00007ff855380000 - 0x00007ff8553a2000 	C:\Windows\System32\win32u.dll
0x00007ff847050000 - 0x00007ff8472ea000 	C:\Windows\WinSxS\amd64_microsoft.windows.common-controls_6595b64144ccf1df_6.0.19041.3570_none_60bb2a3971f3e41a\COMCTL32.dll
0x00007ff8554d0000 - 0x00007ff8554fc000 	C:\Windows\System32\GDI32.dll
0x00007ff855810000 - 0x00007ff8558ae000 	C:\Windows\System32\msvcrt.dll
0x00007ff8553b0000 - 0x00007ff8554ca000 	C:\Windows\System32\gdi32full.dll
0x00007ff854f30000 - 0x00007ff854fcd000 	C:\Windows\System32\msvcp_win.dll
0x00007ff857040000 - 0x00007ff857070000 	C:\Windows\System32\IMM32.DLL
0x00007ff842b30000 - 0x00007ff842b3c000 	C:\Program Files\Android\Android Studio\jbr\bin\vcruntime140_1.dll
0x00007ff8282d0000 - 0x00007ff82835d000 	C:\Program Files\Android\Android Studio\jbr\bin\msvcp140.dll
0x00007ff808c10000 - 0x00007ff80987e000 	C:\Program Files\Android\Android Studio\jbr\bin\server\jvm.dll
0x00007ff856200000 - 0x00007ff8562ae000 	C:\Windows\System32\ADVAPI32.dll
0x00007ff8558b0000 - 0x00007ff85594c000 	C:\Windows\System32\sechost.dll
0x00007ff856440000 - 0x00007ff856566000 	C:\Windows\System32\RPCRT4.dll
0x00007ff851bb0000 - 0x00007ff851bb9000 	C:\Windows\SYSTEM32\WSOCK32.dll
0x00007ff846b90000 - 0x00007ff846bb7000 	C:\Windows\SYSTEM32\WINMM.dll
0x00007ff847480000 - 0x00007ff84748a000 	C:\Windows\SYSTEM32\VERSION.dll
0x00007ff856b20000 - 0x00007ff856b8b000 	C:\Windows\System32\WS2_32.dll
0x00007ff853380000 - 0x00007ff853392000 	C:\Windows\SYSTEM32\kernel.appcore.dll
0x00007ff840730000 - 0x00007ff84073a000 	C:\Program Files\Android\Android Studio\jbr\bin\jimage.dll
0x00007ff83ffd0000 - 0x00007ff8401b4000 	C:\Windows\SYSTEM32\DBGHELP.DLL
0x00007ff83ff90000 - 0x00007ff83ffc4000 	C:\Windows\SYSTEM32\dbgcore.DLL
0x00007ff854ea0000 - 0x00007ff854f22000 	C:\Windows\System32\bcryptPrimitives.dll
0x00007ff843e80000 - 0x00007ff843ea5000 	C:\Program Files\Android\Android Studio\jbr\bin\java.dll
0x00007ff843e60000 - 0x00007ff843e78000 	C:\Program Files\Android\Android Studio\jbr\bin\zip.dll
0x00007ff855950000 - 0x00007ff856094000 	C:\Windows\System32\SHELL32.dll
0x00007ff8525a0000 - 0x00007ff852d3b000 	C:\Windows\SYSTEM32\windows.storage.dll
0x00007ff8570d0000 - 0x00007ff857424000 	C:\Windows\System32\combase.dll
0x00007ff8544c0000 - 0x00007ff8544ed000 	C:\Windows\SYSTEM32\Wldp.dll
0x00007ff856ba0000 - 0x00007ff856c4d000 	C:\Windows\System32\SHCORE.dll
0x00007ff8563e0000 - 0x00007ff856435000 	C:\Windows\System32\shlwapi.dll
0x00007ff854a80000 - 0x00007ff854aa5000 	C:\Windows\SYSTEM32\profapi.dll
0x00007ff843e40000 - 0x00007ff843e59000 	C:\Program Files\Android\Android Studio\jbr\bin\net.dll
0x00007ff848bd0000 - 0x00007ff848cda000 	C:\Windows\SYSTEM32\WINHTTP.dll
0x00007ff854220000 - 0x00007ff85428a000 	C:\Windows\system32\mswsock.dll
0x00007ff843e20000 - 0x00007ff843e36000 	C:\Program Files\Android\Android Studio\jbr\bin\nio.dll
0x00007ff843ef0000 - 0x00007ff843f00000 	C:\Program Files\Android\Android Studio\jbr\bin\verify.dll

dbghelp: loaded successfully - version: 4.0.5 - missing functions: none
symbol engine: initialized successfully - sym options: 0x614 - pdb path: .;C:\Program Files\Android\Android Studio\jbr\bin;C:\Windows\SYSTEM32;C:\Windows\WinSxS\amd64_microsoft.windows.common-controls_6595b64144ccf1df_6.0.19041.3570_none_60bb2a3971f3e41a;C:\Program Files\Android\Android Studio\jbr\bin\server

VM Arguments:
java_command: org.jetbrains.kotlin.cli.jvm.K2JVMCompiler @C:\Users\refrizar.dwiardito\AndroidStudioProjects\Catwell\app\build\20231018_13063114607920282007.compiler.options
java_class_path (initial): C:\Users\refrizar.dwiardito\.jdks\openjdk-21\caches\modules-2\files-2.1\org.jetbrains.kotlin\kotlin-compiler-embeddable\1.9.0\2c8c3a7402becca891f12739b3e9fd2dc2adbd7a\kotlin-compiler-embeddable-1.9.0.jar;C:\Users\refrizar.dwiardito\.jdks\openjdk-21\caches\modules-2\files-2.1\org.jetbrains.kotlin\kotlin-stdlib\1.9.0\8ee15ef0c67dc83d874f412d84378d7f0eb50b63\kotlin-stdlib-1.9.0.jar;C:\Users\refrizar.dwiardito\.jdks\openjdk-21\caches\modules-2\files-2.1\org.jetbrains.kotlin\kotlin-script-runtime\1.9.0\4b3102cbbb7e1b58d9d1adf89563f00069ffa7d1\kotlin-script-runtime-1.9.0.jar;C:\Users\refrizar.dwiardito\.jdks\openjdk-21\caches\modules-2\files-2.1\org.jetbrains.kotlin\kotlin-reflect\1.6.10\1cbe9c92c12a94eea200d23c2bbaedaf3daf5132\kotlin-reflect-1.6.10.jar;C:\Users\refrizar.dwiardito\.jdks\openjdk-21\caches\modules-2\files-2.1\org.jetbrains.kotlin\kotlin-daemon-embeddable\1.9.0\186543f5e28cf8d9a0290fecc2cf34301c40a65c\kotlin-daemon-embeddable-1.9.0.jar;C:\Users\refrizar.dwiardito\.jdks\openjdk-21\caches\modules-2\files-2.1\org.jetbrains.intellij.deps\trove4j\1.0.20200330\3afb14d5f9ceb459d724e907a21145e8ff394f02\trove4j-1.0.20200330.jar;C:\Users\refrizar.dwiardito\.jdks\openjdk-21\caches\modules-2\files-2.1\org.jetbrains.kotlin\kotlin-stdlib-common\1.9.0\cd65c21cfd1eec4d44ef09f9f52b6d9f8a720636\kotlin-stdlib-common-1.9.0.jar;C:\Users\refrizar.dwiardito\.jdks\openjdk-21\caches\modules-2\files-2.1\org.jetbrains\annotations\13.0\919f0dfe192fb4e063e7dacadee7f8bb9a2672a9\annotations-13.0.jar
Launcher Type: SUN_STANDARD

[Global flags]
     intx CICompilerCount                          = 3                                         {product} {ergonomic}
     uint ConcGCThreads                            = 1                                         {product} {ergonomic}
     uint G1ConcRefinementThreads                  = 4                                         {product} {ergonomic}
   size_t G1HeapRegionSize                         = 1048576                                   {product} {ergonomic}
    uintx GCDrainStackTargetSize                   = 64                                        {product} {ergonomic}
   size_t InitialHeapSize                          = 134217728                                 {product} {ergonomic}
   size_t MarkStackSize                            = 4194304                                   {product} {ergonomic}
   size_t MaxHeapSize                              = 2120220672                                {product} {ergonomic}
   size_t MaxNewSize                               = 1271922688                                {product} {ergonomic}
   size_t MinHeapDeltaBytes                        = 1048576                                   {product} {ergonomic}
   size_t MinHeapSize                              = 8388608                                   {product} {ergonomic}
    uintx NonNMethodCodeHeapSize                   = 5832780                                {pd product} {ergonomic}
    uintx NonProfiledCodeHeapSize                  = 122912730                              {pd product} {ergonomic}
    uintx ProfiledCodeHeapSize                     = 122912730                              {pd product} {ergonomic}
    uintx ReservedCodeCacheSize                    = 251658240                              {pd product} {ergonomic}
     bool SegmentedCodeCache                       = true                                      {product} {ergonomic}
   size_t SoftMaxHeapSize                          = 2120220672                             {manageable} {ergonomic}
     bool UseCompressedClassPointers               = true                           {product lp64_product} {ergonomic}
     bool UseCompressedOops                        = true                           {product lp64_product} {ergonomic}
     bool UseG1GC                                  = true                                      {product} {ergonomic}
     bool UseLargePagesIndividualAllocation        = false                                  {pd product} {ergonomic}

Logging:
Log output configuration:
 #0: stdout all=warning uptime,level,tags
 #1: stderr all=off uptime,level,tags

Environment Variables:
JAVA_HOME=C:\Users\refrizar.dwiardito\.jdks\openjdk-21
PATH=C:\Program Files\Common Files\Oracle\Java\javapath;C:\Windows\system32;C:\Windows;C:\Windows\System32\Wbem;C:\Windows\System32\WindowsPowerShell\v1.0\;C:\Windows\System32\OpenSSH\;C:\Program Files\mingw-w64\x86_64-8.1.0-posix-seh-rt_v6-rev0\mingw64\bin;C:\Users\refrizar.dwiardito\AppData\Local\Programs\Python\Python310\Scripts;C:\Users\refrizar.dwiardito\.jdks\openjdk-21\bin;C:\Program Files\PuTTY\;C:\Program Files\gradle-8.3\bin;C:\Program Files\Git\cmd;C:\Users\refrizar.dwiardito\AppData\Local\Programs\Python\Python310\Scripts\;C:\Users\refrizar.dwiardito\AppData\Local\Programs\Python\Python310\;C:\Users\refrizar.dwiardito\AppData\Local\Microsoft\WindowsApps;;C:\Users\refrizar.dwiardito\AppData\Local\Programs\Microsoft VS Code\bin
USERNAME=refrizar.dwiardito
OS=Windows_NT
PROCESSOR_IDENTIFIER=Intel64 Family 6 Model 61 Stepping 4, GenuineIntel
TMP=C:\Users\REFRIZ~1.DWI\AppData\Local\Temp
TEMP=C:\Users\REFRIZ~1.DWI\AppData\Local\Temp


JNI global refs:
JNI global refs: 10, weak refs: 14

JNI global refs memory usage: 843, weak refs: 841


---------------  S Y S T E M  ---------------

OS:
 Windows 10 , 64 bit Build 19041 (10.0.19041.3570)
OS uptime: 0 days 1:40 hours

CPU: total 4 (initial active 4) (2 cores per cpu, 2 threads per core) family 6 model 61 stepping 4 microcode 0x2f, cx8, cmov, fxsr, ht, mmx, 3dnowpref, sse, sse2, sse3, ssse3, sse4.1, sse4.2, popcnt, lzcnt, tsc, tscinvbit, avx, avx2, aes, erms, clmul, bmi1, bmi2, adx, fma, vzeroupper, clflush

Memory: 4k page, system-wide physical 8083M (448M free)
TotalPageFile size 8083M (AvailPageFile size 7M)
current process WorkingSet (physical memory assigned to process): 384M, peak: 389M
current process commit charge ("private bytes"): 418M, peak: 421M

vm_info: OpenJDK 64-Bit Server VM (17.0.6+0-b2043.56-10027231) for windows-amd64 JRE (17.0.6+0-b2043.56-10027231), built on Apr 28 2023 00:43:19 by "androidbuild" with MS VC++ 16.10 / 16.11 (VS2019)

END.
