#
# There is insufficient memory for the Java Runtime Environment to continue.
# Native memory allocation (mmap) failed to map 108003328 bytes for G1 virtual space
# Possible reasons:
#   The system is out of physical RAM or swap space
#   The process is running with CompressedOops enabled, and the Java Heap may be blocking the growth of the native heap
# Possible solutions:
#   Reduce memory load on the system
#   Increase physical memory or swap space
#   Check if swap backing store is full
#   Decrease Java heap size (-Xmx/-Xms)
#   Decrease number of Java threads
#   Decrease Java thread stack sizes (-Xss)
#   Set larger code cache with -XX:ReservedCodeCacheSize=
#   JVM is running with Unscaled Compressed Oops mode in which the Java heap is
#     placed in the first 4GB address space. The Java Heap base address is the
#     maximum limit for the native heap growth. Please use -XX:HeapBaseMinAddress
#     to set the Java Heap base and to place the Java Heap above 4GB virtual address.
# This output file may be truncated or incomplete.
#
#  Out of Memory Error (os_windows.cpp:3769), pid=5016, tid=2192
#
# JRE version: OpenJDK Runtime Environment (17.0.6) (build 17.0.6+0-b2043.56-10027231)
# Java VM: OpenJDK 64-Bit Server VM (17.0.6+0-b2043.56-10027231, mixed mode, tiered, compressed oops, compressed class ptrs, g1 gc, windows-amd64)
# No core dump will be written. Minidumps are not enabled by default on client versions of Windows
#

---------------  S U M M A R Y ------------

Command Line: --add-opens=java.base/java.util=ALL-UNNAMED --add-opens=java.base/java.lang=ALL-UNNAMED --add-opens=java.base/java.lang.invoke=ALL-UNNAMED --add-opens=java.prefs/java.util.prefs=ALL-UNNAMED --add-opens=java.base/java.nio.charset=ALL-UNNAMED --add-opens=java.base/java.net=ALL-UNNAMED --add-opens=java.base/java.util.concurrent.atomic=ALL-UNNAMED -Xmx2048m -Dfile.encoding=UTF-8 -Duser.country=US -Duser.language=en -Duser.variant org.gradle.launcher.daemon.bootstrap.GradleDaemon 8.0

Host: Intel(R) Core(TM) i5-5200U CPU @ 2.20GHz, 4 cores, 7G,  Windows 10 , 64 bit Build 19041 (10.0.19041.3570)
Time: Sun Oct 15 09:08:24 2023 SE Asia Standard Time elapsed time: 16.168766 seconds (0d 0h 0m 16s)

---------------  T H R E A D  ---------------

Current thread (0x000001d9b619b6f0):  VMThread "VM Thread" [stack: 0x00000048ae300000,0x00000048ae400000] [id=2192]

Stack: [0x00000048ae300000,0x00000048ae400000]
Native frames: (J=compiled Java code, j=interpreted, Vv=VM code, C=native code)
V  [jvm.dll+0x683c9a]
V  [jvm.dll+0x8427a4]
V  [jvm.dll+0x843f9e]
V  [jvm.dll+0x844603]
V  [jvm.dll+0x249b75]
V  [jvm.dll+0x680b69]
V  [jvm.dll+0x67505a]
V  [jvm.dll+0x309acb]
V  [jvm.dll+0x310f86]
V  [jvm.dll+0x3608ee]
V  [jvm.dll+0x360b1f]
V  [jvm.dll+0x2dfbf8]
V  [jvm.dll+0x2ddec4]
V  [jvm.dll+0x2dd4cc]
V  [jvm.dll+0x321f3b]
V  [jvm.dll+0x848ccb]
V  [jvm.dll+0x849a04]
V  [jvm.dll+0x849f1d]
V  [jvm.dll+0x84a2f4]
V  [jvm.dll+0x84a3c0]
V  [jvm.dll+0x7f274a]
V  [jvm.dll+0x682ad5]
C  [ucrtbase.dll+0x21bb2]
C  [KERNEL32.DLL+0x17344]
C  [ntdll.dll+0x526b1]

VM_Operation (0x00000048afaf6c80): G1CollectForAllocation, mode: safepoint, requested by thread 0x000001d9b6c24600


---------------  P R O C E S S  ---------------

Threads class SMR info:
_java_thread_list=0x000001d9bcf2d460, length=84, elements={
0x000001d99ac68800, 0x000001d9b61b1260, 0x000001d9b61b2780, 0x000001d9b6c0b200,
0x000001d9b6c0dbd0, 0x000001d9b6c1ed30, 0x000001d9b6c26c80, 0x000001d9b6c2bc50,
0x000001d9b6c2c550, 0x000001d9b6c37630, 0x000001d9b6c24fa0, 0x000001d9b6c267b0,
0x000001d9b6c27620, 0x000001d9b6c27150, 0x000001d9b6c262e0, 0x000001d9b6c24ad0,
0x000001d9b6c23c60, 0x000001d9b6c24130, 0x000001d9b6c24600, 0x000001d9b6c25470,
0x000001d9b9931ce0, 0x000001d9b9934830, 0x000001d9b992e320, 0x000001d9b992ecc0,
0x000001d9b992de50, 0x000001d9b9932680, 0x000001d9b992e7f0, 0x000001d9b9932b50,
0x000001d9b9934d00, 0x000001d9b9933020, 0x000001d9b99334f0, 0x000001d9b99356a0,
0x000001d9b99339c0, 0x000001d9b9933e90, 0x000001d9b9934360, 0x000001d9b9931810,
0x000001d9b99309a0, 0x000001d9b9931340, 0x000001d9bc8f9830, 0x000001d9bc8f8e90,
0x000001d9bc8f9d00, 0x000001d9bc8fb040, 0x000001d9bc8fa1d0, 0x000001d9bc8fab70,
0x000001d9bc8fb9e0, 0x000001d9bc8fa6a0, 0x000001d9bc8fbeb0, 0x000001d9bc8fc380,
0x000001d9bc8fc850, 0x000001d9bc20efa0, 0x000001d9bc20c920, 0x000001d9bc20f470,
0x000001d9bc20f940, 0x000001d9bc2080f0, 0x000001d9bc209900, 0x000001d9bc20a770,
0x000001d9bc208a90, 0x000001d9bc209dd0, 0x000001d9bc209430, 0x000001d9bc20d2c0,
0x000001d9bc20bab0, 0x000001d9bc20a2a0, 0x000001d9bc20e130, 0x000001d9bc2085c0,
0x000001d9bc20c450, 0x000001d9bc208f60, 0x000001d9bc20ac40, 0x000001d9bc20b110,
0x000001d9bc20cdf0, 0x000001d9bc20b5e0, 0x000001d9bc20e600, 0x000001d9bc20bf80,
0x000001d9bc20d790, 0x000001d9bc20dc60, 0x000001d9bc20ead0, 0x000001d9b7c1d380,
0x000001d9b7c233c0, 0x000001d9b7c23890, 0x000001d9b7c22a20, 0x000001d9b7c1fa00,
0x000001d9b7c1e6c0, 0x000001d9b7c1c9e0, 0x000001d9b7c20d40, 0x000001d9bc59dc10
}

Java Threads: ( => current thread )
  0x000001d99ac68800 JavaThread "main" [_thread_blocked, id=5388, stack(0x00000048add00000,0x00000048ade00000)]
  0x000001d9b61b1260 JavaThread "Reference Handler" daemon [_thread_blocked, id=212, stack(0x00000048ae400000,0x00000048ae500000)]
  0x000001d9b61b2780 JavaThread "Finalizer" daemon [_thread_blocked, id=7480, stack(0x00000048ae500000,0x00000048ae600000)]
  0x000001d9b6c0b200 JavaThread "Signal Dispatcher" daemon [_thread_blocked, id=5932, stack(0x00000048ae600000,0x00000048ae700000)]
  0x000001d9b6c0dbd0 JavaThread "Attach Listener" daemon [_thread_blocked, id=836, stack(0x00000048ae700000,0x00000048ae800000)]
  0x000001d9b6c1ed30 JavaThread "Service Thread" daemon [_thread_blocked, id=4624, stack(0x00000048ae800000,0x00000048ae900000)]
  0x000001d9b6c26c80 JavaThread "Monitor Deflation Thread" daemon [_thread_blocked, id=7844, stack(0x00000048ae900000,0x00000048aea00000)]
  0x000001d9b6c2bc50 JavaThread "C2 CompilerThread0" daemon [_thread_blocked, id=2368, stack(0x00000048aea00000,0x00000048aeb00000)]
  0x000001d9b6c2c550 JavaThread "C1 CompilerThread0" daemon [_thread_blocked, id=7592, stack(0x00000048aeb00000,0x00000048aec00000)]
  0x000001d9b6c37630 JavaThread "Sweeper thread" daemon [_thread_blocked, id=2784, stack(0x00000048aec00000,0x00000048aed00000)]
  0x000001d9b6c24fa0 JavaThread "Common-Cleaner" daemon [_thread_blocked, id=8416, stack(0x00000048aed00000,0x00000048aee00000)]
  0x000001d9b6c267b0 JavaThread "Notification Thread" daemon [_thread_blocked, id=9280, stack(0x00000048aee00000,0x00000048aef00000)]
  0x000001d9b6c27620 JavaThread "Daemon health stats" [_thread_blocked, id=7020, stack(0x00000048af500000,0x00000048af600000)]
  0x000001d9b6c27150 JavaThread "Incoming local TCP Connector on port 50827" [_thread_in_native, id=3216, stack(0x00000048af100000,0x00000048af200000)]
  0x000001d9b6c262e0 JavaThread "Daemon periodic checks" [_thread_blocked, id=7328, stack(0x00000048af600000,0x00000048af700000)]
  0x000001d9b6c24ad0 JavaThread "Daemon" [_thread_blocked, id=2336, stack(0x00000048af700000,0x00000048af800000)]
  0x000001d9b6c23c60 JavaThread "Handler for socket connection from /127.0.0.1:50827 to /127.0.0.1:50828" [_thread_in_native, id=2652, stack(0x00000048af800000,0x00000048af900000)]
  0x000001d9b6c24130 JavaThread "Cancel handler" [_thread_blocked, id=9716, stack(0x00000048af900000,0x00000048afa00000)]
  0x000001d9b6c24600 JavaThread "Daemon worker" [_thread_blocked, id=7024, stack(0x00000048afa00000,0x00000048afb00000)]
  0x000001d9b6c25470 JavaThread "Asynchronous log dispatcher for DefaultDaemonConnection: socket connection from /127.0.0.1:50827 to /127.0.0.1:50828" [_thread_blocked, id=7964, stack(0x00000048afb00000,0x00000048afc00000)]
  0x000001d9b9931ce0 JavaThread "Stdin handler" [_thread_blocked, id=4916, stack(0x00000048afc00000,0x00000048afd00000)]
  0x000001d9b9934830 JavaThread "Daemon client event forwarder" [_thread_blocked, id=888, stack(0x00000048afd00000,0x00000048afe00000)]
  0x000001d9b992e320 JavaThread "Cache worker for journal cache (C:\Users\refrizar.dwiardito\.jdks\openjdk-21\caches\journal-1)" [_thread_blocked, id=992, stack(0x00000048afe00000,0x00000048aff00000)]
  0x000001d9b992ecc0 JavaThread "File lock request listener" [_thread_in_native, id=9504, stack(0x00000048aff00000,0x00000048b0000000)]
  0x000001d9b992de50 JavaThread "Cache worker for file hash cache (C:\Users\refrizar.dwiardito\.jdks\openjdk-21\caches\8.0\fileHashes)" [_thread_blocked, id=4064, stack(0x00000048b0000000,0x00000048b0100000)]
  0x000001d9b9932680 JavaThread "File watcher server" daemon [_thread_in_native, id=5152, stack(0x00000048b0200000,0x00000048b0300000)]
  0x000001d9b992e7f0 JavaThread "File watcher consumer" daemon [_thread_blocked, id=2212, stack(0x00000048b0300000,0x00000048b0400000)]
  0x000001d9b9932b50 JavaThread "Cache worker for checksums cache (C:\Users\refrizar.dwiardito\AndroidStudioProjects\Catwell\.gradle\8.0\checksums)" [_thread_blocked, id=3120, stack(0x00000048b0400000,0x00000048b0500000)]
  0x000001d9b9934d00 JavaThread "Cache worker for cache directory md-rule (C:\Users\refrizar.dwiardito\.jdks\openjdk-21\caches\8.0\md-rule)" [_thread_blocked, id=9968, stack(0x00000048b0500000,0x00000048b0600000)]
  0x000001d9b9933020 JavaThread "Cache worker for file content cache (C:\Users\refrizar.dwiardito\.jdks\openjdk-21\caches\8.0\fileContent)" [_thread_blocked, id=9924, stack(0x00000048b0600000,0x00000048b0700000)]
  0x000001d9b99334f0 JavaThread "Cache worker for file hash cache (C:\Users\refrizar.dwiardito\AndroidStudioProjects\Catwell\.gradle\8.0\fileHashes)" [_thread_blocked, id=4564, stack(0x00000048b0700000,0x00000048b0800000)]
  0x000001d9b99356a0 JavaThread "Cache worker for cache directory md-supplier (C:\Users\refrizar.dwiardito\.jdks\openjdk-21\caches\8.0\md-supplier)" [_thread_blocked, id=7900, stack(0x00000048b0800000,0x00000048b0900000)]
  0x000001d9b99339c0 JavaThread "Cache worker for execution history cache (C:\Users\refrizar.dwiardito\.jdks\openjdk-21\caches\8.0\executionHistory)" [_thread_blocked, id=10100, stack(0x00000048b0900000,0x00000048b0a00000)]
  0x000001d9b9933e90 JavaThread "jar transforms" [_thread_blocked, id=496, stack(0x00000048b0a00000,0x00000048b0b00000)]
  0x000001d9b9934360 JavaThread "jar transforms Thread 2" [_thread_blocked, id=336, stack(0x00000048b0b00000,0x00000048b0c00000)]
  0x000001d9b9931810 JavaThread "jar transforms Thread 3" [_thread_blocked, id=6284, stack(0x00000048b0d00000,0x00000048b0e00000)]
  0x000001d9b99309a0 JavaThread "jar transforms Thread 4" [_thread_blocked, id=9636, stack(0x00000048b0e00000,0x00000048b0f00000)]
  0x000001d9b9931340 JavaThread "Cache worker for dependencies-accessors (C:\Users\refrizar.dwiardito\AndroidStudioProjects\Catwell\.gradle\8.0\dependencies-accessors)" [_thread_blocked, id=10228, stack(0x00000048b0f00000,0x00000048b1000000)]
  0x000001d9bc8f9830 JavaThread "Cache worker for Build Output Cleanup Cache (C:\Users\refrizar.dwiardito\AndroidStudioProjects\Catwell\.gradle\buildOutputCleanup)" [_thread_blocked, id=6460, stack(0x00000048b1000000,0x00000048b1100000)]
  0x000001d9bc8f8e90 JavaThread "Unconstrained build operations" [_thread_blocked, id=6452, stack(0x00000048b1100000,0x00000048b1200000)]
  0x000001d9bc8f9d00 JavaThread "Unconstrained build operations Thread 2" [_thread_blocked, id=9916, stack(0x00000048b1200000,0x00000048b1300000)]
  0x000001d9bc8fb040 JavaThread "Unconstrained build operations Thread 3" [_thread_blocked, id=9432, stack(0x00000048b1300000,0x00000048b1400000)]
  0x000001d9bc8fa1d0 JavaThread "Unconstrained build operations Thread 4" [_thread_blocked, id=8512, stack(0x00000048b1400000,0x00000048b1500000)]
  0x000001d9bc8fab70 JavaThread "Unconstrained build operations Thread 5" [_thread_blocked, id=9468, stack(0x00000048b1500000,0x00000048b1600000)]
  0x000001d9bc8fb9e0 JavaThread "Unconstrained build operations Thread 6" [_thread_blocked, id=1936, stack(0x00000048b1600000,0x00000048b1700000)]
  0x000001d9bc8fa6a0 JavaThread "Unconstrained build operations Thread 7" [_thread_blocked, id=1844, stack(0x00000048b1700000,0x00000048b1800000)]
  0x000001d9bc8fbeb0 JavaThread "Unconstrained build operations Thread 8" [_thread_blocked, id=9396, stack(0x00000048b1800000,0x00000048b1900000)]
  0x000001d9bc8fc380 JavaThread "Unconstrained build operations Thread 9" [_thread_blocked, id=2744, stack(0x00000048b1900000,0x00000048b1a00000)]
  0x000001d9bc8fc850 JavaThread "Unconstrained build operations Thread 10" [_thread_blocked, id=6412, stack(0x00000048b1a00000,0x00000048b1b00000)]
  0x000001d9bc20efa0 JavaThread "Unconstrained build operations Thread 11" [_thread_blocked, id=3532, stack(0x00000048b1b00000,0x00000048b1c00000)]
  0x000001d9bc20c920 JavaThread "Unconstrained build operations Thread 12" [_thread_blocked, id=6080, stack(0x00000048b1c00000,0x00000048b1d00000)]
  0x000001d9bc20f470 JavaThread "Unconstrained build operations Thread 13" [_thread_blocked, id=188, stack(0x00000048b1d00000,0x00000048b1e00000)]
  0x000001d9bc20f940 JavaThread "Unconstrained build operations Thread 14" [_thread_blocked, id=4688, stack(0x00000048b1e00000,0x00000048b1f00000)]
  0x000001d9bc2080f0 JavaThread "Unconstrained build operations Thread 15" [_thread_blocked, id=8840, stack(0x00000048b1f00000,0x00000048b2000000)]
  0x000001d9bc209900 JavaThread "Unconstrained build operations Thread 16" [_thread_blocked, id=4164, stack(0x00000048b2000000,0x00000048b2100000)]
  0x000001d9bc20a770 JavaThread "Unconstrained build operations Thread 17" [_thread_blocked, id=5740, stack(0x00000048b2100000,0x00000048b2200000)]
  0x000001d9bc208a90 JavaThread "Unconstrained build operations Thread 18" [_thread_blocked, id=9040, stack(0x00000048b2200000,0x00000048b2300000)]
  0x000001d9bc209dd0 JavaThread "Unconstrained build operations Thread 19" [_thread_blocked, id=216, stack(0x00000048b2300000,0x00000048b2400000)]
  0x000001d9bc209430 JavaThread "Unconstrained build operations Thread 20" [_thread_blocked, id=3540, stack(0x00000048b2400000,0x00000048b2500000)]
  0x000001d9bc20d2c0 JavaThread "Unconstrained build operations Thread 21" [_thread_blocked, id=5676, stack(0x00000048b2500000,0x00000048b2600000)]
  0x000001d9bc20bab0 JavaThread "Unconstrained build operations Thread 22" [_thread_blocked, id=7548, stack(0x00000048b2600000,0x00000048b2700000)]
  0x000001d9bc20a2a0 JavaThread "Unconstrained build operations Thread 23" [_thread_blocked, id=9300, stack(0x00000048b2700000,0x00000048b2800000)]
  0x000001d9bc20e130 JavaThread "Unconstrained build operations Thread 24" [_thread_blocked, id=9776, stack(0x00000048b2800000,0x00000048b2900000)]
  0x000001d9bc2085c0 JavaThread "Unconstrained build operations Thread 25" [_thread_blocked, id=4476, stack(0x00000048b2900000,0x00000048b2a00000)]
  0x000001d9bc20c450 JavaThread "Unconstrained build operations Thread 26" [_thread_blocked, id=7816, stack(0x00000048b2a00000,0x00000048b2b00000)]
  0x000001d9bc208f60 JavaThread "Unconstrained build operations Thread 27" [_thread_blocked, id=6092, stack(0x00000048b2b00000,0x00000048b2c00000)]
  0x000001d9bc20ac40 JavaThread "Unconstrained build operations Thread 28" [_thread_blocked, id=9820, stack(0x00000048b2c00000,0x00000048b2d00000)]
  0x000001d9bc20b110 JavaThread "Unconstrained build operations Thread 29" [_thread_blocked, id=7612, stack(0x00000048b2d00000,0x00000048b2e00000)]
  0x000001d9bc20cdf0 JavaThread "Unconstrained build operations Thread 30" [_thread_blocked, id=10000, stack(0x00000048b2e00000,0x00000048b2f00000)]
  0x000001d9bc20b5e0 JavaThread "Unconstrained build operations Thread 31" [_thread_blocked, id=10092, stack(0x00000048b2f00000,0x00000048b3000000)]
  0x000001d9bc20e600 JavaThread "Unconstrained build operations Thread 32" [_thread_blocked, id=6152, stack(0x00000048b3000000,0x00000048b3100000)]
  0x000001d9bc20bf80 JavaThread "Unconstrained build operations Thread 33" [_thread_blocked, id=7732, stack(0x00000048b3100000,0x00000048b3200000)]
  0x000001d9bc20d790 JavaThread "Unconstrained build operations Thread 34" [_thread_blocked, id=7760, stack(0x00000048b3200000,0x00000048b3300000)]
  0x000001d9bc20dc60 JavaThread "Unconstrained build operations Thread 35" [_thread_blocked, id=6528, stack(0x00000048b3300000,0x00000048b3400000)]
  0x000001d9bc20ead0 JavaThread "Unconstrained build operations Thread 36" [_thread_blocked, id=3160, stack(0x00000048b3400000,0x00000048b3500000)]
  0x000001d9b7c1d380 JavaThread "Unconstrained build operations Thread 37" [_thread_blocked, id=7128, stack(0x00000048b3500000,0x00000048b3600000)]
  0x000001d9b7c233c0 JavaThread "Unconstrained build operations Thread 38" [_thread_blocked, id=7284, stack(0x00000048b3600000,0x00000048b3700000)]
  0x000001d9b7c23890 JavaThread "Unconstrained build operations Thread 39" [_thread_blocked, id=9312, stack(0x00000048b3700000,0x00000048b3800000)]
  0x000001d9b7c22a20 JavaThread "Unconstrained build operations Thread 40" [_thread_blocked, id=8296, stack(0x00000048b3800000,0x00000048b3900000)]
  0x000001d9b7c1fa00 JavaThread "build event listener" [_thread_blocked, id=7780, stack(0x00000048b3a00000,0x00000048b3b00000)]
  0x000001d9b7c1e6c0 JavaThread "Memory manager" [_thread_blocked, id=5628, stack(0x00000048b3b00000,0x00000048b3c00000)]
  0x000001d9b7c1c9e0 JavaThread "build event listener" [_thread_blocked, id=9656, stack(0x00000048b3c00000,0x00000048b3d00000)]
  0x000001d9b7c20d40 JavaThread "build event listener" [_thread_blocked, id=9232, stack(0x00000048b3d00000,0x00000048b3e00000)]
  0x000001d9bc59dc10 JavaThread "C2 CompilerThread1" daemon [_thread_blocked, id=616, stack(0x00000048b0100000,0x00000048b0200000)]

Other Threads:
=>0x000001d9b619b6f0 VMThread "VM Thread" [stack: 0x00000048ae300000,0x00000048ae400000] [id=2192]
  0x000001d9b6d91170 WatcherThread [stack: 0x00000048aef00000,0x00000048af000000] [id=9744]
  0x000001d99acc5960 GCTaskThread "GC Thread#0" [stack: 0x00000048ade00000,0x00000048adf00000] [id=4012]
  0x000001d9b7796040 GCTaskThread "GC Thread#1" [stack: 0x00000048af200000,0x00000048af300000] [id=9560]
  0x000001d9b6ff7af0 GCTaskThread "GC Thread#2" [stack: 0x00000048af300000,0x00000048af400000] [id=7308]
  0x000001d9b7631060 GCTaskThread "GC Thread#3" [stack: 0x00000048af400000,0x00000048af500000] [id=6864]
  0x000001d99acd77c0 ConcurrentGCThread "G1 Main Marker" [stack: 0x00000048adf00000,0x00000048ae000000] [id=5324]
  0x000001d99acd80e0 ConcurrentGCThread "G1 Conc#0" [stack: 0x00000048ae000000,0x00000048ae100000] [id=10128]
  0x000001d9b5fe40b0 ConcurrentGCThread "G1 Refine#0" [stack: 0x00000048ae100000,0x00000048ae200000] [id=7812]
  0x000001d9b9e0a6c0 ConcurrentGCThread "G1 Refine#1" [stack: 0x00000048b0c00000,0x00000048b0d00000] [id=9884]
  0x000001d9bb9caed0 ConcurrentGCThread "G1 Refine#2" [stack: 0x00000048b3900000,0x00000048b3a00000] [id=7240]
  0x000001d9b5fe49e0 ConcurrentGCThread "G1 Service" [stack: 0x00000048ae200000,0x00000048ae300000] [id=1164]

Threads with active compile tasks:

VM state: at safepoint (normal execution)

VM Mutex/Monitor currently owned by a thread:  ([mutex/lock_event])
[0x000001d99ac62f50] Threads_lock - owner thread: 0x000001d9b619b6f0
[0x000001d99ac629b0] Heap_lock - owner thread: 0x000001d9b6c24600

Heap address: 0x0000000080000000, size: 2048 MB, Compressed Oops mode: 32-bit

CDS archive(s) not mapped
Compressed class space mapped at: 0x0000000100000000-0x0000000140000000, reserved size: 1073741824
Narrow klass base: 0x0000000000000000, Narrow klass shift: 3, Narrow klass range: 0x140000000

GC Precious Log:
 CPUs: 4 total, 4 available
 Memory: 8083M
 Large Page Support: Disabled
 NUMA Support: Disabled
 Compressed Oops: Enabled (32-bit)
 Heap Region Size: 1M
 Heap Min Capacity: 8M
 Heap Initial Capacity: 128M
 Heap Max Capacity: 2G
 Pre-touch: Disabled
 Parallel Workers: 4
 Concurrent Workers: 1
 Concurrent Refinement Workers: 4
 Periodic GC: Disabled

Heap:
 garbage-first heap   total 132096K, used 67201K [0x0000000080000000, 0x0000000100000000)
  region size 1024K, 1 young (1024K), 1 survivors (1024K)
 Metaspace       used 73328K, committed 73856K, reserved 1114112K
  class space    used 9720K, committed 9920K, reserved 1048576K

Heap Regions: E=young(eden), S=young(survivor), O=old, HS=humongous(starts), HC=humongous(continues), CS=collection set, F=free, OA=open archive, CA=closed archive, TAMS=top-at-mark-start (previous, next)
|   0|0x0000000080000000, 0x0000000080100000, 0x0000000080100000|100%| O|  |TAMS 0x0000000080100000, 0x0000000080000000| Untracked 
|   1|0x0000000080100000, 0x0000000080200000, 0x0000000080200000|100%| O|  |TAMS 0x0000000080200000, 0x0000000080100000| Untracked 
|   2|0x0000000080200000, 0x0000000080300000, 0x0000000080300000|100%|HS|  |TAMS 0x0000000080300000, 0x0000000080200000| Complete 
|   3|0x0000000080300000, 0x0000000080400000, 0x0000000080400000|100%|HC|  |TAMS 0x0000000080400000, 0x0000000080300000| Complete 
|   4|0x0000000080400000, 0x0000000080500000, 0x0000000080500000|100%|HC|  |TAMS 0x0000000080500000, 0x0000000080400000| Complete 
|   5|0x0000000080500000, 0x0000000080600000, 0x0000000080600000|100%|HC|  |TAMS 0x0000000080600000, 0x0000000080500000| Complete 
|   6|0x0000000080600000, 0x0000000080700000, 0x0000000080700000|100%| O|  |TAMS 0x0000000080700000, 0x0000000080600000| Untracked 
|   7|0x0000000080700000, 0x0000000080800000, 0x0000000080800000|100%| O|  |TAMS 0x0000000080800000, 0x0000000080700000| Untracked 
|   8|0x0000000080800000, 0x0000000080900000, 0x0000000080900000|100%| O|  |TAMS 0x0000000080900000, 0x0000000080800000| Untracked 
|   9|0x0000000080900000, 0x0000000080a00000, 0x0000000080a00000|100%| O|  |TAMS 0x0000000080a00000, 0x0000000080900000| Untracked 
|  10|0x0000000080a00000, 0x0000000080b00000, 0x0000000080b00000|100%| O|  |TAMS 0x0000000080b00000, 0x0000000080a00000| Untracked 
|  11|0x0000000080b00000, 0x0000000080c00000, 0x0000000080c00000|100%| O|  |TAMS 0x0000000080c00000, 0x0000000080b00000| Untracked 
|  12|0x0000000080c00000, 0x0000000080d00000, 0x0000000080d00000|100%| O|  |TAMS 0x0000000080d00000, 0x0000000080c00000| Untracked 
|  13|0x0000000080d00000, 0x0000000080e00000, 0x0000000080e00000|100%| O|  |TAMS 0x0000000080e00000, 0x0000000080d00000| Untracked 
|  14|0x0000000080e00000, 0x0000000080f00000, 0x0000000080f00000|100%| O|  |TAMS 0x0000000080f00000, 0x0000000080e00000| Untracked 
|  15|0x0000000080f00000, 0x0000000081000000, 0x0000000081000000|100%| O|  |TAMS 0x0000000081000000, 0x0000000080f00000| Untracked 
|  16|0x0000000081000000, 0x0000000081100000, 0x0000000081100000|100%| O|  |TAMS 0x0000000081100000, 0x0000000081000000| Untracked 
|  17|0x0000000081100000, 0x0000000081200000, 0x0000000081200000|100%| O|  |TAMS 0x0000000081200000, 0x0000000081100000| Untracked 
|  18|0x0000000081200000, 0x0000000081300000, 0x0000000081300000|100%| O|  |TAMS 0x0000000081300000, 0x0000000081200000| Untracked 
|  19|0x0000000081300000, 0x0000000081400000, 0x0000000081400000|100%| O|  |TAMS 0x0000000081400000, 0x0000000081300000| Untracked 
|  20|0x0000000081400000, 0x0000000081500000, 0x0000000081500000|100%| O|  |TAMS 0x0000000081500000, 0x0000000081400000| Untracked 
|  21|0x0000000081500000, 0x0000000081600000, 0x0000000081600000|100%| O|  |TAMS 0x0000000081600000, 0x0000000081500000| Untracked 
|  22|0x0000000081600000, 0x0000000081700000, 0x0000000081700000|100%| O|  |TAMS 0x0000000081700000, 0x0000000081600000| Untracked 
|  23|0x0000000081700000, 0x0000000081800000, 0x0000000081800000|100%| O|  |TAMS 0x0000000081800000, 0x0000000081700000| Untracked 
|  24|0x0000000081800000, 0x0000000081900000, 0x0000000081900000|100%| O|  |TAMS 0x0000000081900000, 0x0000000081800000| Untracked 
|  25|0x0000000081900000, 0x0000000081a00000, 0x0000000081a00000|100%| O|  |TAMS 0x0000000081a00000, 0x0000000081900000| Untracked 
|  26|0x0000000081a00000, 0x0000000081b00000, 0x0000000081b00000|100%| O|  |TAMS 0x0000000081b00000, 0x0000000081a00000| Untracked 
|  27|0x0000000081b00000, 0x0000000081c00000, 0x0000000081c00000|100%| O|  |TAMS 0x0000000081c00000, 0x0000000081b00000| Untracked 
|  28|0x0000000081c00000, 0x0000000081d00000, 0x0000000081d00000|100%| O|  |TAMS 0x0000000081d00000, 0x0000000081c00000| Untracked 
|  29|0x0000000081d00000, 0x0000000081e00000, 0x0000000081e00000|100%| O|  |TAMS 0x0000000081e00000, 0x0000000081d00000| Untracked 
|  30|0x0000000081e00000, 0x0000000081f00000, 0x0000000081f00000|100%| O|  |TAMS 0x0000000081f00000, 0x0000000081e00000| Untracked 
|  31|0x0000000081f00000, 0x0000000082000000, 0x0000000082000000|100%| O|  |TAMS 0x0000000082000000, 0x0000000081f00000| Untracked 
|  32|0x0000000082000000, 0x0000000082100000, 0x0000000082100000|100%| O|  |TAMS 0x0000000082100000, 0x0000000082000000| Untracked 
|  33|0x0000000082100000, 0x0000000082200000, 0x0000000082200000|100%| O|  |TAMS 0x0000000082100000, 0x0000000082100000| Untracked 
|  34|0x0000000082200000, 0x0000000082300000, 0x0000000082300000|100%| O|  |TAMS 0x0000000082300000, 0x0000000082200000| Untracked 
|  35|0x0000000082300000, 0x0000000082400000, 0x0000000082400000|100%|HS|  |TAMS 0x0000000082400000, 0x0000000082300000| Complete 
|  36|0x0000000082400000, 0x0000000082500000, 0x0000000082500000|100%| O|  |TAMS 0x0000000082500000, 0x0000000082400000| Untracked 
|  37|0x0000000082500000, 0x0000000082600000, 0x0000000082600000|100%| O|  |TAMS 0x0000000082600000, 0x0000000082500000| Untracked 
|  38|0x0000000082600000, 0x0000000082700000, 0x0000000082700000|100%| O|  |TAMS 0x0000000082700000, 0x0000000082600000| Untracked 
|  39|0x0000000082700000, 0x0000000082800000, 0x0000000082800000|100%| O|  |TAMS 0x0000000082800000, 0x0000000082700000| Untracked 
|  40|0x0000000082800000, 0x0000000082900000, 0x0000000082900000|100%|HS|  |TAMS 0x0000000082900000, 0x0000000082800000| Complete 
|  41|0x0000000082900000, 0x0000000082a00000, 0x0000000082a00000|100%|HC|  |TAMS 0x0000000082a00000, 0x0000000082900000| Complete 
|  42|0x0000000082a00000, 0x0000000082b00000, 0x0000000082b00000|100%|HS|  |TAMS 0x0000000082b00000, 0x0000000082a00000| Complete 
|  43|0x0000000082b00000, 0x0000000082c00000, 0x0000000082c00000|100%|HS|  |TAMS 0x0000000082c00000, 0x0000000082b00000| Complete 
|  44|0x0000000082c00000, 0x0000000082d00000, 0x0000000082d00000|100%|HS|  |TAMS 0x0000000082d00000, 0x0000000082c00000| Complete 
|  45|0x0000000082d00000, 0x0000000082e00000, 0x0000000082e00000|100%|HC|  |TAMS 0x0000000082e00000, 0x0000000082d00000| Complete 
|  46|0x0000000082e00000, 0x0000000082f00000, 0x0000000082f00000|100%|HC|  |TAMS 0x0000000082f00000, 0x0000000082e00000| Complete 
|  47|0x0000000082f00000, 0x0000000083000000, 0x0000000083000000|100%|HC|  |TAMS 0x0000000083000000, 0x0000000082f00000| Complete 
|  48|0x0000000083000000, 0x0000000083100000, 0x0000000083100000|100%| O|  |TAMS 0x0000000083100000, 0x0000000083000000| Untracked 
|  49|0x0000000083100000, 0x0000000083200000, 0x0000000083200000|100%| O|  |TAMS 0x0000000083200000, 0x0000000083100000| Untracked 
|  50|0x0000000083200000, 0x0000000083300000, 0x0000000083300000|100%| O|  |TAMS 0x0000000083300000, 0x0000000083200000| Untracked 
|  51|0x0000000083300000, 0x0000000083400000, 0x0000000083400000|100%| O|  |TAMS 0x0000000083400000, 0x0000000083300000| Untracked 
|  52|0x0000000083400000, 0x0000000083500000, 0x0000000083500000|100%| O|  |TAMS 0x0000000083500000, 0x0000000083400000| Untracked 
|  53|0x0000000083500000, 0x0000000083600000, 0x0000000083600000|100%| O|  |TAMS 0x0000000083600000, 0x0000000083500000| Untracked 
|  54|0x0000000083600000, 0x0000000083700000, 0x0000000083700000|100%| O|  |TAMS 0x0000000083700000, 0x0000000083600000| Untracked 
|  55|0x0000000083700000, 0x0000000083800000, 0x0000000083800000|100%| O|  |TAMS 0x0000000083800000, 0x0000000083700000| Untracked 
|  56|0x0000000083800000, 0x0000000083900000, 0x0000000083900000|100%| O|  |TAMS 0x0000000083900000, 0x0000000083800000| Untracked 
|  57|0x0000000083900000, 0x0000000083a00000, 0x0000000083a00000|100%| O|  |TAMS 0x0000000083a00000, 0x0000000083900000| Untracked 
|  58|0x0000000083a00000, 0x0000000083a00000, 0x0000000083b00000|  0%| F|  |TAMS 0x0000000083a00000, 0x0000000083a00000| Untracked 
|  59|0x0000000083b00000, 0x0000000083c00000, 0x0000000083c00000|100%| O|  |TAMS 0x0000000083c00000, 0x0000000083b00000| Untracked 
|  60|0x0000000083c00000, 0x0000000083d00000, 0x0000000083d00000|100%| O|  |TAMS 0x0000000083c16c00, 0x0000000083c00000| Untracked 
|  61|0x0000000083d00000, 0x0000000083e00000, 0x0000000083e00000|100%| O|  |TAMS 0x0000000083d00000, 0x0000000083d00000| Untracked 
|  62|0x0000000083e00000, 0x0000000083f00000, 0x0000000083f00000|100%| O|  |TAMS 0x0000000083e00000, 0x0000000083e00000| Untracked 
|  63|0x0000000083f00000, 0x0000000084000000, 0x0000000084000000|100%| O|  |TAMS 0x0000000083f00000, 0x0000000083f00000| Untracked 
|  64|0x0000000084000000, 0x00000000840c9600, 0x0000000084100000| 78%| O|  |TAMS 0x0000000084000000, 0x0000000084000000| Untracked 
|  65|0x0000000084100000, 0x0000000084100000, 0x0000000084200000|  0%| F|  |TAMS 0x0000000084100000, 0x0000000084100000| Untracked 
|  66|0x0000000084200000, 0x0000000084200000, 0x0000000084300000|  0%| F|  |TAMS 0x0000000084200000, 0x0000000084200000| Untracked 
|  67|0x0000000084300000, 0x0000000084300000, 0x0000000084400000|  0%| F|  |TAMS 0x0000000084300000, 0x0000000084300000| Untracked 
|  68|0x0000000084400000, 0x0000000084400000, 0x0000000084500000|  0%| F|  |TAMS 0x0000000084400000, 0x0000000084400000| Untracked 
|  69|0x0000000084500000, 0x0000000084500000, 0x0000000084600000|  0%| F|  |TAMS 0x0000000084500000, 0x0000000084500000| Untracked 
|  70|0x0000000084600000, 0x0000000084600000, 0x0000000084700000|  0%| F|  |TAMS 0x0000000084600000, 0x0000000084600000| Untracked 
|  71|0x0000000084700000, 0x0000000084700000, 0x0000000084800000|  0%| F|  |TAMS 0x0000000084700000, 0x0000000084700000| Untracked 
|  72|0x0000000084800000, 0x0000000084800000, 0x0000000084900000|  0%| F|  |TAMS 0x0000000084800000, 0x0000000084800000| Untracked 
|  73|0x0000000084900000, 0x0000000084900000, 0x0000000084a00000|  0%| F|  |TAMS 0x0000000084900000, 0x0000000084900000| Untracked 
|  74|0x0000000084a00000, 0x0000000084a00000, 0x0000000084b00000|  0%| F|  |TAMS 0x0000000084a00000, 0x0000000084a00000| Untracked 
|  75|0x0000000084b00000, 0x0000000084b00000, 0x0000000084c00000|  0%| F|  |TAMS 0x0000000084b00000, 0x0000000084b00000| Untracked 
|  76|0x0000000084c00000, 0x0000000084c00000, 0x0000000084d00000|  0%| F|  |TAMS 0x0000000084c00000, 0x0000000084c00000| Untracked 
|  77|0x0000000084d00000, 0x0000000084d00000, 0x0000000084e00000|  0%| F|  |TAMS 0x0000000084d00000, 0x0000000084d00000| Untracked 
|  78|0x0000000084e00000, 0x0000000084e00000, 0x0000000084f00000|  0%| F|  |TAMS 0x0000000084e00000, 0x0000000084e00000| Untracked 
|  79|0x0000000084f00000, 0x0000000084f00000, 0x0000000085000000|  0%| F|  |TAMS 0x0000000084f00000, 0x0000000084f00000| Untracked 
|  80|0x0000000085000000, 0x0000000085000000, 0x0000000085100000|  0%| F|  |TAMS 0x0000000085000000, 0x0000000085000000| Untracked 
|  81|0x0000000085100000, 0x0000000085100000, 0x0000000085200000|  0%| F|  |TAMS 0x0000000085100000, 0x0000000085100000| Untracked 
|  82|0x0000000085200000, 0x0000000085200000, 0x0000000085300000|  0%| F|  |TAMS 0x0000000085200000, 0x0000000085200000| Untracked 
|  83|0x0000000085300000, 0x0000000085300000, 0x0000000085400000|  0%| F|  |TAMS 0x0000000085300000, 0x0000000085300000| Untracked 
|  84|0x0000000085400000, 0x0000000085400000, 0x0000000085500000|  0%| F|  |TAMS 0x0000000085400000, 0x0000000085400000| Untracked 
|  85|0x0000000085500000, 0x0000000085500000, 0x0000000085600000|  0%| F|  |TAMS 0x0000000085500000, 0x0000000085500000| Untracked 
|  86|0x0000000085600000, 0x0000000085600000, 0x0000000085700000|  0%| F|  |TAMS 0x0000000085600000, 0x0000000085600000| Untracked 
|  87|0x0000000085700000, 0x0000000085700000, 0x0000000085800000|  0%| F|  |TAMS 0x0000000085700000, 0x0000000085700000| Untracked 
|  88|0x0000000085800000, 0x0000000085800000, 0x0000000085900000|  0%| F|  |TAMS 0x0000000085800000, 0x0000000085800000| Untracked 
|  89|0x0000000085900000, 0x0000000085900000, 0x0000000085a00000|  0%| F|  |TAMS 0x0000000085900000, 0x0000000085900000| Untracked 
|  90|0x0000000085a00000, 0x0000000085a00000, 0x0000000085b00000|  0%| F|  |TAMS 0x0000000085a00000, 0x0000000085a00000| Untracked 
|  91|0x0000000085b00000, 0x0000000085b00000, 0x0000000085c00000|  0%| F|  |TAMS 0x0000000085b00000, 0x0000000085b00000| Untracked 
|  92|0x0000000085c00000, 0x0000000085c00000, 0x0000000085d00000|  0%| F|  |TAMS 0x0000000085c00000, 0x0000000085c00000| Untracked 
|  93|0x0000000085d00000, 0x0000000085d00000, 0x0000000085e00000|  0%| F|  |TAMS 0x0000000085d00000, 0x0000000085d00000| Untracked 
|  94|0x0000000085e00000, 0x0000000085e00000, 0x0000000085f00000|  0%| F|  |TAMS 0x0000000085e00000, 0x0000000085e00000| Untracked 
|  95|0x0000000085f00000, 0x0000000085f00000, 0x0000000086000000|  0%| F|  |TAMS 0x0000000085f00000, 0x0000000085f00000| Untracked 
|  96|0x0000000086000000, 0x0000000086000000, 0x0000000086100000|  0%| F|  |TAMS 0x0000000086000000, 0x0000000086000000| Untracked 
|  97|0x0000000086100000, 0x0000000086100000, 0x0000000086200000|  0%| F|  |TAMS 0x0000000086100000, 0x0000000086100000| Untracked 
|  98|0x0000000086200000, 0x0000000086200000, 0x0000000086300000|  0%| F|  |TAMS 0x0000000086200000, 0x0000000086200000| Untracked 
|  99|0x0000000086300000, 0x0000000086300000, 0x0000000086400000|  0%| F|  |TAMS 0x0000000086300000, 0x0000000086300000| Untracked 
| 100|0x0000000086400000, 0x0000000086400000, 0x0000000086500000|  0%| F|  |TAMS 0x0000000086400000, 0x0000000086400000| Untracked 
| 101|0x0000000086500000, 0x0000000086500000, 0x0000000086600000|  0%| F|  |TAMS 0x0000000086500000, 0x0000000086500000| Untracked 
| 102|0x0000000086600000, 0x0000000086600000, 0x0000000086700000|  0%| F|  |TAMS 0x0000000086600000, 0x0000000086600000| Untracked 
| 103|0x0000000086700000, 0x0000000086700000, 0x0000000086800000|  0%| F|  |TAMS 0x0000000086700000, 0x0000000086700000| Untracked 
| 104|0x0000000086800000, 0x0000000086800000, 0x0000000086900000|  0%| F|  |TAMS 0x0000000086800000, 0x0000000086800000| Untracked 
| 105|0x0000000086900000, 0x0000000086900000, 0x0000000086a00000|  0%| F|  |TAMS 0x0000000086900000, 0x0000000086900000| Untracked 
| 106|0x0000000086a00000, 0x0000000086a00000, 0x0000000086b00000|  0%| F|  |TAMS 0x0000000086a00000, 0x0000000086a00000| Untracked 
| 107|0x0000000086b00000, 0x0000000086b00000, 0x0000000086c00000|  0%| F|  |TAMS 0x0000000086b00000, 0x0000000086b00000| Untracked 
| 108|0x0000000086c00000, 0x0000000086c00000, 0x0000000086d00000|  0%| F|  |TAMS 0x0000000086c00000, 0x0000000086c00000| Untracked 
| 109|0x0000000086d00000, 0x0000000086d00000, 0x0000000086e00000|  0%| F|  |TAMS 0x0000000086d00000, 0x0000000086d00000| Untracked 
| 110|0x0000000086e00000, 0x0000000086e00000, 0x0000000086f00000|  0%| F|  |TAMS 0x0000000086e00000, 0x0000000086e00000| Untracked 
| 111|0x0000000086f00000, 0x0000000086f00000, 0x0000000087000000|  0%| F|  |TAMS 0x0000000086f00000, 0x0000000086f00000| Untracked 
| 112|0x0000000087000000, 0x0000000087000000, 0x0000000087100000|  0%| F|  |TAMS 0x0000000087000000, 0x0000000087000000| Untracked 
| 113|0x0000000087100000, 0x0000000087100000, 0x0000000087200000|  0%| F|  |TAMS 0x0000000087100000, 0x0000000087100000| Untracked 
| 114|0x0000000087200000, 0x0000000087200000, 0x0000000087300000|  0%| F|  |TAMS 0x0000000087200000, 0x0000000087200000| Untracked 
| 115|0x0000000087300000, 0x0000000087300000, 0x0000000087400000|  0%| F|  |TAMS 0x0000000087300000, 0x0000000087300000| Untracked 
| 116|0x0000000087400000, 0x0000000087400000, 0x0000000087500000|  0%| F|  |TAMS 0x0000000087400000, 0x0000000087400000| Untracked 
| 117|0x0000000087500000, 0x0000000087500000, 0x0000000087600000|  0%| F|  |TAMS 0x0000000087500000, 0x0000000087500000| Untracked 
| 118|0x0000000087600000, 0x0000000087600000, 0x0000000087700000|  0%| F|  |TAMS 0x0000000087600000, 0x0000000087600000| Untracked 
| 119|0x0000000087700000, 0x0000000087700000, 0x0000000087800000|  0%| F|  |TAMS 0x0000000087700000, 0x0000000087700000| Untracked 
| 120|0x0000000087800000, 0x0000000087800000, 0x0000000087900000|  0%| F|  |TAMS 0x0000000087800000, 0x0000000087800000| Untracked 
| 121|0x0000000087900000, 0x0000000087900000, 0x0000000087a00000|  0%| F|  |TAMS 0x0000000087900000, 0x0000000087900000| Untracked 
| 122|0x0000000087a00000, 0x0000000087a00000, 0x0000000087b00000|  0%| F|  |TAMS 0x0000000087a00000, 0x0000000087a00000| Untracked 
| 123|0x0000000087b00000, 0x0000000087b00000, 0x0000000087c00000|  0%| F|  |TAMS 0x0000000087b00000, 0x0000000087b00000| Untracked 
| 124|0x0000000087c00000, 0x0000000087c00000, 0x0000000087d00000|  0%| F|  |TAMS 0x0000000087c00000, 0x0000000087c00000| Untracked 
| 125|0x0000000087d00000, 0x0000000087d00000, 0x0000000087e00000|  0%| F|  |TAMS 0x0000000087d00000, 0x0000000087d00000| Untracked 
| 126|0x0000000087e00000, 0x0000000087ed6e60, 0x0000000087f00000| 83%| S|CS|TAMS 0x0000000087e00000, 0x0000000087e00000| Complete 
| 127|0x0000000087f00000, 0x0000000087f00000, 0x0000000088000000|  0%| F|  |TAMS 0x0000000087f00000, 0x0000000087f00000| Untracked 
|2047|0x00000000fff00000, 0x0000000100000000, 0x0000000100000000|100%| O|  |TAMS 0x0000000100000000, 0x00000000fff00000| Untracked 

Card table byte_map: [0x000001d9af390000,0x000001d9af790000] _byte_map_base: 0x000001d9aef90000

Marking Bits (Prev, Next): (CMBitMap*) 0x000001d99acc6ed0, (CMBitMap*) 0x000001d99acc6e90
 Prev Bits: [0x000001d9b1b90000, 0x000001d9b3b90000)
 Next Bits: [0x000001d9afb90000, 0x000001d9b1b90000)

Polling page: 0x000001d99aa50000

Metaspace:

Usage:
  Non-class:     62.12 MB used.
      Class:      9.49 MB used.
       Both:     71.61 MB used.

Virtual space:
  Non-class space:       64.00 MB reserved,      62.44 MB ( 98%) committed,  8 nodes.
      Class space:        1.00 GB reserved,       9.69 MB ( <1%) committed,  1 nodes.
             Both:        1.06 GB reserved,      72.12 MB (  7%) committed. 

Chunk freelists:
   Non-Class:  1.59 MB
       Class:  2.25 MB
        Both:  3.84 MB

MaxMetaspaceSize: unlimited
CompressedClassSpaceSize: 1.00 GB
Initial GC threshold: 21.00 MB
Current GC threshold: 113.56 MB
CDS: off
MetaspaceReclaimPolicy: balanced
 - commit_granule_bytes: 65536.
 - commit_granule_words: 8192.
 - virtual_space_node_default_size: 1048576.
 - enlarge_chunks_in_place: 1.
 - new_chunks_are_fully_committed: 0.
 - uncommit_free_chunks: 1.
 - use_allocation_guard: 0.
 - handle_deallocations: 1.


Internal statistics:

num_allocs_failed_limit: 9.
num_arena_births: 652.
num_arena_deaths: 0.
num_vsnodes_births: 9.
num_vsnodes_deaths: 0.
num_space_committed: 1154.
num_space_uncommitted: 0.
num_chunks_returned_to_freelist: 9.
num_chunks_taken_from_freelist: 3108.
num_chunk_merges: 6.
num_chunk_splits: 2109.
num_chunks_enlarged: 1454.
num_purges: 0.
num_inconsistent_stats: 0.

CodeHeap 'non-profiled nmethods': size=120000Kb used=3489Kb max_used=3489Kb free=116510Kb
 bounds [0x000001d9a7440000, 0x000001d9a77b0000, 0x000001d9ae970000]
CodeHeap 'profiled nmethods': size=120000Kb used=12566Kb max_used=12566Kb free=107433Kb
 bounds [0x000001d99f970000, 0x000001d9a05c0000, 0x000001d9a6ea0000]
CodeHeap 'non-nmethods': size=5760Kb used=2365Kb max_used=2398Kb free=3394Kb
 bounds [0x000001d9a6ea0000, 0x000001d9a7110000, 0x000001d9a7440000]
 total_blobs=7394 nmethods=6502 adapters=804
 compilation: enabled
              stopped_count=0, restarted_count=0
 full_count=0

Compilation events (20 events):
Event: 16.059 Thread 0x000001d9b6c2c550 7314       1       org.gradle.api.internal.collections.AbstractIterationOrderRetainingElementSource::getInserted (5 bytes)
Event: 16.059 Thread 0x000001d9b6c2c550 nmethod 7314 0x000001d9a77a2710 code [0x000001d9a77a28a0, 0x000001d9a77a2978]
Event: 16.060 Thread 0x000001d9b6c2c550 7315       3       org.gradle.api.internal.collections.AbstractIterationOrderRetainingElementSource$RealizedElementCollectionIterator::updateNext (157 bytes)
Event: 16.062 Thread 0x000001d9b6c2c550 nmethod 7315 0x000001d9a05b3790 code [0x000001d9a05b3a20, 0x000001d9a05b4918]
Event: 16.062 Thread 0x000001d9b6c2c550 7316       3       org.gradle.api.internal.collections.AbstractIterationOrderRetainingElementSource$RealizedElementCollectionIterator::hasNext (13 bytes)
Event: 16.062 Thread 0x000001d9b6c2c550 nmethod 7316 0x000001d9a05b4d90 code [0x000001d9a05b4f20, 0x000001d9a05b5098]
Event: 16.062 Thread 0x000001d9b6c2c550 7317       1       org.gradle.api.internal.collections.AbstractIterationOrderRetainingElementSource$ValuePointer::getElement (5 bytes)
Event: 16.062 Thread 0x000001d9b6c2c550 nmethod 7317 0x000001d9a77a2a10 code [0x000001d9a77a2ba0, 0x000001d9a77a2c78]
Event: 16.062 Thread 0x000001d9b6c2c550 7318       1       org.gradle.api.internal.collections.AbstractIterationOrderRetainingElementSource$ValuePointer::getIndex (5 bytes)
Event: 16.063 Thread 0x000001d9b6c2c550 nmethod 7318 0x000001d9a77a2d10 code [0x000001d9a77a2ea0, 0x000001d9a77a2f78]
Event: 16.086 Thread 0x000001d9b6c2bc50 nmethod 7313 0x000001d9a77a3010 code [0x000001d9a77a3200, 0x000001d9a77a3d80]
Event: 16.086 Thread 0x000001d9b6c2bc50 7319       4       java.util.LinkedHashMap::values (25 bytes)
Event: 16.089 Thread 0x000001d9b6c2bc50 nmethod 7319 0x000001d9a77a4510 code [0x000001d9a77a46a0, 0x000001d9a77a4838]
Event: 16.089 Thread 0x000001d9b6c2bc50 7320       4       org.objectweb.asm.MethodVisitor::visitMethodInsn (80 bytes)
Event: 16.091 Thread 0x000001d9b6c2bc50 nmethod 7320 0x000001d9a77a4910 code [0x000001d9a77a4aa0, 0x000001d9a77a4be8]
Event: 16.109 Thread 0x000001d9b6c2bc50 7321       4       java.lang.ThreadLocal::get (38 bytes)
Event: 16.110 Thread 0x000001d9b6c2c550 7322       3       org.gradle.internal.operations.DefaultBuildOperationRunner::getCurrentBuildOperation (11 bytes)
Event: 16.110 Thread 0x000001d9b6c2c550 nmethod 7322 0x000001d9a05b5110 code [0x000001d9a05b52e0, 0x000001d9a05b5708]
Event: 16.117 Thread 0x000001d9b6c2bc50 nmethod 7321 0x000001d9a77a4d10 code [0x000001d9a77a4ec0, 0x000001d9a77a5150]
Event: 16.147 Thread 0x000001d9bc59dc10 nmethod 7312 0x000001d9a77a5490 code [0x000001d9a77a5720, 0x000001d9a77a7430]

GC Heap History (20 events):
Event: 12.164 GC heap after
{Heap after GC invocations=20 (full 0):
 garbage-first heap   total 83968K, used 56171K [0x0000000080000000, 0x0000000100000000)
  region size 1024K, 4 young (4096K), 4 survivors (4096K)
 Metaspace       used 54115K, committed 54592K, reserved 1097728K
  class space    used 7146K, committed 7360K, reserved 1048576K
}
Event: 12.196 GC heap before
{Heap before GC invocations=20 (full 0):
 garbage-first heap   total 83968K, used 57195K [0x0000000080000000, 0x0000000100000000)
  region size 1024K, 5 young (5120K), 4 survivors (4096K)
 Metaspace       used 54235K, committed 54720K, reserved 1097728K
  class space    used 7160K, committed 7360K, reserved 1048576K
}
Event: 12.201 GC heap after
{Heap after GC invocations=21 (full 0):
 garbage-first heap   total 83968K, used 56127K [0x0000000080000000, 0x0000000100000000)
  region size 1024K, 1 young (1024K), 1 survivors (1024K)
 Metaspace       used 54235K, committed 54720K, reserved 1097728K
  class space    used 7160K, committed 7360K, reserved 1048576K
}
Event: 12.544 GC heap before
{Heap before GC invocations=21 (full 0):
 garbage-first heap   total 83968K, used 68415K [0x0000000080000000, 0x0000000100000000)
  region size 1024K, 14 young (14336K), 1 survivors (1024K)
 Metaspace       used 56064K, committed 56512K, reserved 1105920K
  class space    used 7427K, committed 7616K, reserved 1048576K
}
Event: 12.549 GC heap after
{Heap after GC invocations=22 (full 0):
 garbage-first heap   total 121856K, used 56535K [0x0000000080000000, 0x0000000100000000)
  region size 1024K, 1 young (1024K), 1 survivors (1024K)
 Metaspace       used 56064K, committed 56512K, reserved 1105920K
  class space    used 7427K, committed 7616K, reserved 1048576K
}
Event: 13.719 GC heap before
{Heap before GC invocations=23 (full 0):
 garbage-first heap   total 121856K, used 91351K [0x0000000080000000, 0x0000000100000000)
  region size 1024K, 35 young (35840K), 1 survivors (1024K)
 Metaspace       used 62494K, committed 62976K, reserved 1105920K
  class space    used 8249K, committed 8512K, reserved 1048576K
}
Event: 13.727 GC heap after
{Heap after GC invocations=24 (full 0):
 garbage-first heap   total 121856K, used 59011K [0x0000000080000000, 0x0000000100000000)
  region size 1024K, 4 young (4096K), 4 survivors (4096K)
 Metaspace       used 62494K, committed 62976K, reserved 1105920K
  class space    used 8249K, committed 8512K, reserved 1048576K
}
Event: 13.793 GC heap before
{Heap before GC invocations=24 (full 0):
 garbage-first heap   total 121856K, used 59011K [0x0000000080000000, 0x0000000100000000)
  region size 1024K, 5 young (5120K), 4 survivors (4096K)
 Metaspace       used 63050K, committed 63616K, reserved 1105920K
  class space    used 8316K, committed 8576K, reserved 1048576K
}
Event: 13.800 GC heap after
{Heap after GC invocations=25 (full 0):
 garbage-first heap   total 121856K, used 58815K [0x0000000080000000, 0x0000000100000000)
  region size 1024K, 1 young (1024K), 1 survivors (1024K)
 Metaspace       used 63050K, committed 63616K, reserved 1105920K
  class space    used 8316K, committed 8576K, reserved 1048576K
}
Event: 13.846 GC heap before
{Heap before GC invocations=25 (full 0):
 garbage-first heap   total 121856K, used 59839K [0x0000000080000000, 0x0000000100000000)
  region size 1024K, 3 young (3072K), 1 survivors (1024K)
 Metaspace       used 63101K, committed 63680K, reserved 1105920K
  class space    used 8323K, committed 8576K, reserved 1048576K
}
Event: 13.848 GC heap after
{Heap after GC invocations=26 (full 0):
 garbage-first heap   total 121856K, used 59353K [0x0000000080000000, 0x0000000100000000)
  region size 1024K, 2 young (2048K), 2 survivors (2048K)
 Metaspace       used 63101K, committed 63680K, reserved 1105920K
  class space    used 8323K, committed 8576K, reserved 1048576K
}
Event: 14.551 GC heap before
{Heap before GC invocations=27 (full 0):
 garbage-first heap   total 132096K, used 96217K [0x0000000080000000, 0x0000000100000000)
  region size 1024K, 32 young (32768K), 2 survivors (2048K)
 Metaspace       used 65111K, committed 65600K, reserved 1105920K
  class space    used 8588K, committed 8832K, reserved 1048576K
}
Event: 14.557 GC heap after
{Heap after GC invocations=28 (full 0):
 garbage-first heap   total 132096K, used 62083K [0x0000000080000000, 0x0000000100000000)
  region size 1024K, 4 young (4096K), 4 survivors (4096K)
 Metaspace       used 65111K, committed 65600K, reserved 1105920K
  class space    used 8588K, committed 8832K, reserved 1048576K
}
Event: 14.605 GC heap before
{Heap before GC invocations=28 (full 0):
 garbage-first heap   total 132096K, used 64131K [0x0000000080000000, 0x0000000100000000)
  region size 1024K, 6 young (6144K), 4 survivors (4096K)
 Metaspace       used 65271K, committed 65792K, reserved 1105920K
  class space    used 8606K, committed 8832K, reserved 1048576K
}
Event: 14.614 GC heap after
{Heap after GC invocations=29 (full 0):
 garbage-first heap   total 132096K, used 62094K [0x0000000080000000, 0x0000000100000000)
  region size 1024K, 1 young (1024K), 1 survivors (1024K)
 Metaspace       used 65271K, committed 65792K, reserved 1105920K
  class space    used 8606K, committed 8832K, reserved 1048576K
}
Event: 15.449 GC heap before
{Heap before GC invocations=29 (full 0):
 garbage-first heap   total 132096K, used 96910K [0x0000000080000000, 0x0000000100000000)
  region size 1024K, 35 young (35840K), 1 survivors (1024K)
 Metaspace       used 68689K, committed 69184K, reserved 1114112K
  class space    used 9082K, committed 9280K, reserved 1048576K
}
Event: 15.455 GC heap after
{Heap after GC invocations=30 (full 0):
 garbage-first heap   total 132096K, used 64263K [0x0000000080000000, 0x0000000100000000)
  region size 1024K, 3 young (3072K), 3 survivors (3072K)
 Metaspace       used 68689K, committed 69184K, reserved 1114112K
  class space    used 9082K, committed 9280K, reserved 1048576K
}
Event: 16.130 GC heap before
{Heap before GC invocations=31 (full 0):
 garbage-first heap   total 132096K, used 100103K [0x0000000080000000, 0x0000000100000000)
  region size 1024K, 38 young (38912K), 3 survivors (3072K)
 Metaspace       used 73219K, committed 73728K, reserved 1114112K
  class space    used 9702K, committed 9920K, reserved 1048576K
}
Event: 16.142 GC heap after
{Heap after GC invocations=32 (full 0):
 garbage-first heap   total 132096K, used 66921K [0x0000000080000000, 0x0000000100000000)
  region size 1024K, 5 young (5120K), 5 survivors (5120K)
 Metaspace       used 73219K, committed 73728K, reserved 1114112K
  class space    used 9702K, committed 9920K, reserved 1048576K
}
Event: 16.157 GC heap before
{Heap before GC invocations=32 (full 0):
 garbage-first heap   total 132096K, used 67945K [0x0000000080000000, 0x0000000100000000)
  region size 1024K, 6 young (6144K), 5 survivors (5120K)
 Metaspace       used 73328K, committed 73856K, reserved 1114112K
  class space    used 9720K, committed 9920K, reserved 1048576K
}

Dll operation events (2 events):
Event: 0.017 Loaded shared library C:\Program Files\Android\Android Studio\jbr\bin\java.dll
Event: 0.826 Loaded shared library C:\Program Files\Android\Android Studio\jbr\bin\verify.dll

Deoptimization events (20 events):
Event: 15.984 Thread 0x000001d9b6c24600 Uncommon trap: trap_request=0xffffffdc fr.pc=0x000001d9a778c520 relative=0x0000000000000280
Event: 15.984 Thread 0x000001d9b6c24600 Uncommon trap: reason=class_check action=make_not_entrant pc=0x000001d9a778c520 method=java.util.ArrayList.toArray([Ljava/lang/Object;)[Ljava/lang/Object; @ 21 c2
Event: 15.984 Thread 0x000001d9b6c24600 DEOPT PACKING pc=0x000001d9a778c520 sp=0x00000048afaf73e0
Event: 15.984 Thread 0x000001d9b6c24600 DEOPT UNPACKING pc=0x000001d9a6ef69a3 sp=0x00000048afaf73b0 mode 2
Event: 15.991 Thread 0x000001d9b6c24600 Uncommon trap: trap_request=0xffffffde fr.pc=0x000001d9a7797dfc relative=0x000000000000049c
Event: 15.991 Thread 0x000001d9b6c24600 Uncommon trap: reason=class_check action=maybe_recompile pc=0x000001d9a7797dfc method=kotlin.reflect.jvm.internal.impl.protobuf.CodedInputStream.tryRefillBuffer(I)Z @ 175 c2
Event: 15.991 Thread 0x000001d9b6c24600 DEOPT PACKING pc=0x000001d9a7797dfc sp=0x00000048afaf7040
Event: 15.991 Thread 0x000001d9b6c24600 DEOPT UNPACKING pc=0x000001d9a6ef69a3 sp=0x00000048afaf6f28 mode 2
Event: 15.993 Thread 0x000001d9b6c24600 Uncommon trap: trap_request=0xffffffde fr.pc=0x000001d9a7797dfc relative=0x000000000000049c
Event: 15.993 Thread 0x000001d9b6c24600 Uncommon trap: reason=class_check action=maybe_recompile pc=0x000001d9a7797dfc method=kotlin.reflect.jvm.internal.impl.protobuf.CodedInputStream.tryRefillBuffer(I)Z @ 175 c2
Event: 15.993 Thread 0x000001d9b6c24600 DEOPT PACKING pc=0x000001d9a7797dfc sp=0x00000048afaf7040
Event: 15.993 Thread 0x000001d9b6c24600 DEOPT UNPACKING pc=0x000001d9a6ef69a3 sp=0x00000048afaf6f28 mode 2
Event: 15.994 Thread 0x000001d9b6c24600 Uncommon trap: trap_request=0xffffffde fr.pc=0x000001d9a7797dfc relative=0x000000000000049c
Event: 15.994 Thread 0x000001d9b6c24600 Uncommon trap: reason=class_check action=maybe_recompile pc=0x000001d9a7797dfc method=kotlin.reflect.jvm.internal.impl.protobuf.CodedInputStream.tryRefillBuffer(I)Z @ 175 c2
Event: 15.994 Thread 0x000001d9b6c24600 DEOPT PACKING pc=0x000001d9a7797dfc sp=0x00000048afaf7140
Event: 15.994 Thread 0x000001d9b6c24600 DEOPT UNPACKING pc=0x000001d9a6ef69a3 sp=0x00000048afaf7028 mode 2
Event: 15.999 Thread 0x000001d9b6c24600 Uncommon trap: trap_request=0xffffffde fr.pc=0x000001d9a7797dfc relative=0x000000000000049c
Event: 15.999 Thread 0x000001d9b6c24600 Uncommon trap: reason=class_check action=maybe_recompile pc=0x000001d9a7797dfc method=kotlin.reflect.jvm.internal.impl.protobuf.CodedInputStream.tryRefillBuffer(I)Z @ 175 c2
Event: 15.999 Thread 0x000001d9b6c24600 DEOPT PACKING pc=0x000001d9a7797dfc sp=0x00000048afaf7140
Event: 15.999 Thread 0x000001d9b6c24600 DEOPT UNPACKING pc=0x000001d9a6ef69a3 sp=0x00000048afaf7028 mode 2

Classes unloaded (0 events):
No events

Classes redefined (0 events):
No events

Internal exceptions (20 events):
Event: 15.270 Thread 0x000001d9b6c24600 Exception <a 'java/lang/ClassNotFoundException'{0x000000008641e200}: org/gradle/api/plugins/internal/DefaultBasePluginConventionCustomizer> (0x000000008641e200) 
thrown [s\src\hotspot\share\classfile\systemDictionary.cpp, line 256]
Event: 15.273 Thread 0x000001d9b6c24600 Exception <a 'java/lang/ClassNotFoundException'{0x0000000086449b80}: org/gradle/api/plugins/internal/DefaultBasePluginConvention_DecoratedCustomizer> (0x0000000086449b80) 
thrown [s\src\hotspot\share\classfile\systemDictionary.cpp, line 256]
Event: 15.282 Thread 0x000001d9b6c24600 Exception <a 'java/lang/ClassNotFoundException'{0x00000000864bbac8}: org/gradle/api/plugins/internal/DefaultJavaPluginConvention_DecoratedBeanInfo> (0x00000000864bbac8) 
thrown [s\src\hotspot\share\classfile\systemDictionary.cpp, line 256]
Event: 15.283 Thread 0x000001d9b6c24600 Exception <a 'java/lang/ClassNotFoundException'{0x00000000864d4c10}: org/gradle/api/plugins/internal/DefaultJavaPluginConventionBeanInfo> (0x00000000864d4c10) 
thrown [s\src\hotspot\share\classfile\systemDictionary.cpp, line 256]
Event: 15.284 Thread 0x000001d9b6c24600 Exception <a 'java/lang/ClassNotFoundException'{0x00000000864ed370}: org/gradle/api/plugins/JavaPluginConventionBeanInfo> (0x00000000864ed370) 
thrown [s\src\hotspot\share\classfile\systemDictionary.cpp, line 256]
Event: 15.285 Thread 0x000001d9b6c24600 Exception <a 'java/lang/ClassNotFoundException'{0x0000000086305fa8}: org/gradle/api/plugins/JavaPluginConventionCustomizer> (0x0000000086305fa8) 
thrown [s\src\hotspot\share\classfile\systemDictionary.cpp, line 256]
Event: 15.287 Thread 0x000001d9b6c24600 Exception <a 'java/lang/ClassNotFoundException'{0x0000000086332e70}: org/gradle/api/plugins/internal/DefaultJavaPluginConventionCustomizer> (0x0000000086332e70) 
thrown [s\src\hotspot\share\classfile\systemDictionary.cpp, line 256]
Event: 15.290 Thread 0x000001d9b6c24600 Exception <a 'java/lang/ClassNotFoundException'{0x00000000863729e0}: org/gradle/api/plugins/internal/DefaultJavaPluginConvention_DecoratedCustomizer> (0x00000000863729e0) 
thrown [s\src\hotspot\share\classfile\systemDictionary.cpp, line 256]
Event: 15.317 Thread 0x000001d9b6c24600 Exception <a 'java/lang/NoSuchMethodError'{0x0000000086270dd0}: static Lorg/jetbrains/kotlin/gradle/plugin/internal/DefaultConfigurationTimePropertiesAccessorVariantFactory;.<clinit>()V> (0x0000000086270dd0) 
thrown [s\src\hotspot\share\prims\jni.cpp, line 1108]
Event: 15.320 Thread 0x000001d9b6c24600 Exception <a 'java/lang/NoSuchMethodError'{0x0000000086288008}: static Lorg/jetbrains/kotlin/gradle/plugin/internal/DefaultProjectIsolationStartParameterAccessorVariantFactory;.<clinit>()V> (0x0000000086288008) 
thrown [s\src\hotspot\share\prims\jni.cpp, line 1108]
Event: 15.323 Thread 0x000001d9b6c24600 Exception <a 'java/lang/NoSuchMethodError'{0x000000008629faa8}: static Lorg/jetbrains/kotlin/gradle/plugin/internal/DefaultMppTestReportHelperVariantFactory;.<clinit>()V> (0x000000008629faa8) 
thrown [s\src\hotspot\share\prims\jni.cpp, line 1108]
Event: 15.325 Thread 0x000001d9b6c24600 Exception <a 'java/lang/NoSuchMethodError'{0x00000000862b6a50}: static Lorg/jetbrains/kotlin/gradle/plugin/internal/CompatibilityConventionRegistrarG80$Factory;.<clinit>()V> (0x00000000862b6a50) 
thrown [s\src\hotspot\share\prims\jni.cpp, line 1108]
Event: 15.328 Thread 0x000001d9b6c24600 Exception <a 'java/lang/NoSuchMethodError'{0x00000000862d4160}: static Lorg/jetbrains/kotlin/gradle/plugin/internal/DefaultArtifactTypeAttributeAccessorVariantFactory;.<clinit>()V> (0x00000000862d4160) 
thrown [s\src\hotspot\share\prims\jni.cpp, line 1108]
Event: 15.330 Thread 0x000001d9b6c24600 Exception <a 'java/lang/NoSuchMethodError'{0x00000000862ec1f0}: static Lorg/jetbrains/kotlin/gradle/plugin/internal/MavenPluginConfigurator$DefaultMavenPluginConfiguratorVariantFactory;.<clinit>()V> (0x00000000862ec1f0) 
thrown [s\src\hotspot\share\prims\jni.cpp, line 1108]
Event: 15.333 Thread 0x000001d9b6c24600 Exception <a 'java/lang/NoSuchMethodError'{0x0000000086103db8}: static Lorg/jetbrains/kotlin/gradle/plugin/internal/DefaultJavaSourceSetsAccessorVariantFactory;.<clinit>()V> (0x0000000086103db8) 
thrown [s\src\hotspot\share\prims\jni.cpp, line 1108]
Event: 15.335 Thread 0x000001d9b6c24600 Exception <a 'java/lang/NoSuchMethodError'{0x000000008611ad40}: static Lorg/jetbrains/kotlin/gradle/targets/js/nodejs/DefaultUnameExecutorVariantFactory;.<clinit>()V> (0x000000008611ad40) 
thrown [s\src\hotspot\share\prims\jni.cpp, line 1108]
Event: 15.337 Thread 0x000001d9b6c24600 Exception <a 'java/lang/NoSuchMethodError'{0x0000000086132450}: static Lorg/jetbrains/kotlin/gradle/plugin/internal/DefaultBasePluginConfigurationVariantFactory;.<clinit>()V> (0x0000000086132450) 
thrown [s\src\hotspot\share\prims\jni.cpp, line 1108]
Event: 15.339 Thread 0x000001d9b6c24600 Exception <a 'java/lang/NoSuchMethodError'{0x0000000086149478}: static Lorg/jetbrains/kotlin/gradle/plugin/internal/DefaultIdeaSyncDetectorVariantFactory;.<clinit>()V> (0x0000000086149478) 
thrown [s\src\hotspot\share\prims\jni.cpp, line 1108]
Event: 15.341 Thread 0x000001d9b6c24600 Exception <a 'java/lang/NoSuchMethodError'{0x00000000861610c0}: static Lorg/jetbrains/kotlin/gradle/plugin/internal/DefaultKotlinTestReportCompatibilityHelperVariantFactory;.<clinit>()V> (0x00000000861610c0) 
thrown [s\src\hotspot\share\prims\jni.cpp, line 1108]
Event: 15.342 Thread 0x000001d9b6c24600 Exception <a 'java/lang/NoSuchMethodError'{0x0000000086164318}: 'void java.lang.invoke.DirectMethodHandle$Holder.invokeSpecial(java.lang.Object, java.lang.Object, java.lang.Object, int)'> (0x0000000086164318) 
thrown [s\src\hotspot\share\interpreter\linkResolver.cpp, line 771]

VM Operations (20 events):
Event: 14.051 Executing VM operation: G1Concurrent done
Event: 14.551 Executing VM operation: G1CollectForAllocation
Event: 14.559 Executing VM operation: G1CollectForAllocation done
Event: 14.605 Executing VM operation: G1CollectForAllocation
Event: 14.614 Executing VM operation: G1CollectForAllocation done
Event: 15.057 Executing VM operation: HandshakeAllThreads
Event: 15.057 Executing VM operation: HandshakeAllThreads done
Event: 15.317 Executing VM operation: ICBufferFull
Event: 15.317 Executing VM operation: ICBufferFull done
Event: 15.436 Executing VM operation: HandshakeAllThreads
Event: 15.436 Executing VM operation: HandshakeAllThreads done
Event: 15.449 Executing VM operation: G1CollectForAllocation
Event: 15.456 Executing VM operation: G1CollectForAllocation done
Event: 15.558 Executing VM operation: G1Concurrent
Event: 15.563 Executing VM operation: G1Concurrent done
Event: 15.609 Executing VM operation: G1Concurrent
Event: 15.610 Executing VM operation: G1Concurrent done
Event: 16.130 Executing VM operation: G1CollectForAllocation
Event: 16.142 Executing VM operation: G1CollectForAllocation done
Event: 16.157 Executing VM operation: G1CollectForAllocation

Events (20 events):
Event: 15.345 loading class java/io/ObjectInputFilter$Config done
Event: 15.346 loading class java/io/ObjectInputFilter
Event: 15.346 loading class java/io/ObjectInputFilter done
Event: 15.346 loading class java/io/ObjectInputFilter$Config$BuiltinFilterFactory
Event: 15.347 loading class java/io/ObjectInputFilter$Config$BuiltinFilterFactory done
Event: 15.347 loading class jdk/internal/access/JavaObjectInputFilterAccess
Event: 15.347 loading class jdk/internal/access/JavaObjectInputFilterAccess done
Event: 15.347 loading class jdk/internal/event/DeserializationEvent
Event: 15.348 loading class jdk/internal/event/DeserializationEvent done
Event: 15.348 loading class java/io/ObjectInputStream$FieldValues
Event: 15.348 loading class java/io/ObjectInputStream$GetField
Event: 15.348 loading class java/io/ObjectInputStream$GetField done
Event: 15.348 loading class java/io/ObjectInputStream$FieldValues done
Event: 15.378 loading class java/nio/channels/Channels$1
Event: 15.378 loading class java/nio/channels/Channels$1 done
Event: 15.381 Thread 0x000001d9b7c20d40 Thread added: 0x000001d9b7c20d40
Event: 15.644 Thread 0x000001d9b969d440 Thread exited: 0x000001d9b969d440
Event: 15.958 loading class java/util/ArrayList$SubList$1
Event: 15.958 loading class java/util/ArrayList$SubList$1 done
Event: 16.029 Thread 0x000001d9bc59dc10 Thread added: 0x000001d9bc59dc10


Dynamic libraries:
0x00007ff7e9df0000 - 0x00007ff7e9dfa000 	C:\Program Files\Android\Android Studio\jbr\bin\java.exe
0x00007fff659b0000 - 0x00007fff65ba7000 	C:\Windows\SYSTEM32\ntdll.dll
0x00007fff649f0000 - 0x00007fff64aad000 	C:\Windows\System32\KERNEL32.DLL
0x00007fff633a0000 - 0x00007fff63696000 	C:\Windows\System32\KERNELBASE.dll
0x00007fff638a0000 - 0x00007fff639a0000 	C:\Windows\System32\ucrtbase.dll
0x00007fff5c6a0000 - 0x00007fff5c6b7000 	C:\Program Files\Android\Android Studio\jbr\bin\jli.dll
0x00007fff651d0000 - 0x00007fff6536e000 	C:\Windows\System32\USER32.dll
0x00007fff630e0000 - 0x00007fff63102000 	C:\Windows\System32\win32u.dll
0x00007fff658e0000 - 0x00007fff6590c000 	C:\Windows\System32\GDI32.dll
0x00007fff63750000 - 0x00007fff6386a000 	C:\Windows\System32\gdi32full.dll
0x00007fff63110000 - 0x00007fff631ad000 	C:\Windows\System32\msvcp_win.dll
0x00007fff5beb0000 - 0x00007fff5becb000 	C:\Program Files\Android\Android Studio\jbr\bin\VCRUNTIME140.dll
0x00007fff50e40000 - 0x00007fff510da000 	C:\Windows\WinSxS\amd64_microsoft.windows.common-controls_6595b64144ccf1df_6.0.19041.3570_none_60bb2a3971f3e41a\COMCTL32.dll
0x00007fff64f00000 - 0x00007fff64f9e000 	C:\Windows\System32\msvcrt.dll
0x00007fff658b0000 - 0x00007fff658e0000 	C:\Windows\System32\IMM32.DLL
0x00007fff5ab80000 - 0x00007fff5ab8c000 	C:\Program Files\Android\Android Studio\jbr\bin\vcruntime140_1.dll
0x00007fff35ef0000 - 0x00007fff35f7d000 	C:\Program Files\Android\Android Studio\jbr\bin\msvcp140.dll
0x00007fff2bac0000 - 0x00007fff2c72e000 	C:\Program Files\Android\Android Studio\jbr\bin\server\jvm.dll
0x00007fff656e0000 - 0x00007fff6578e000 	C:\Windows\System32\ADVAPI32.dll
0x00007fff65000000 - 0x00007fff6509c000 	C:\Windows\System32\sechost.dll
0x00007fff63a10000 - 0x00007fff63b36000 	C:\Windows\System32\RPCRT4.dll
0x00007fff5c730000 - 0x00007fff5c739000 	C:\Windows\SYSTEM32\WSOCK32.dll
0x00007fff650a0000 - 0x00007fff6510b000 	C:\Windows\System32\WS2_32.dll
0x00007fff55a20000 - 0x00007fff55a47000 	C:\Windows\SYSTEM32\WINMM.dll
0x00007fff55ec0000 - 0x00007fff55eca000 	C:\Windows\SYSTEM32\VERSION.dll
0x00007fff61110000 - 0x00007fff61122000 	C:\Windows\SYSTEM32\kernel.appcore.dll
0x00007fff5f8f0000 - 0x00007fff5f8fa000 	C:\Program Files\Android\Android Studio\jbr\bin\jimage.dll
0x00007fff4d1d0000 - 0x00007fff4d3b4000 	C:\Windows\SYSTEM32\DBGHELP.DLL
0x00007fff4da50000 - 0x00007fff4da84000 	C:\Windows\SYSTEM32\dbgcore.DLL
0x00007fff63310000 - 0x00007fff63392000 	C:\Windows\System32\bcryptPrimitives.dll
0x00007fff5e860000 - 0x00007fff5e885000 	C:\Program Files\Android\Android Studio\jbr\bin\java.dll
0x00007fff5eca0000 - 0x00007fff5ecb8000 	C:\Program Files\Android\Android Studio\jbr\bin\zip.dll
0x00007fff63cc0000 - 0x00007fff64404000 	C:\Windows\System32\SHELL32.dll
0x00007fff61130000 - 0x00007fff618cb000 	C:\Windows\SYSTEM32\windows.storage.dll
0x00007fff65370000 - 0x00007fff656c4000 	C:\Windows\System32\combase.dll
0x00007fff62a60000 - 0x00007fff62a8d000 	C:\Windows\SYSTEM32\Wldp.dll
0x00007fff64bf0000 - 0x00007fff64c9d000 	C:\Windows\System32\SHCORE.dll
0x00007fff65110000 - 0x00007fff65165000 	C:\Windows\System32\shlwapi.dll
0x00007fff62fc0000 - 0x00007fff62fe5000 	C:\Windows\SYSTEM32\profapi.dll
0x00007fff5d9b0000 - 0x00007fff5d9c9000 	C:\Program Files\Android\Android Studio\jbr\bin\net.dll
0x00007fff57050000 - 0x00007fff5715a000 	C:\Windows\SYSTEM32\WINHTTP.dll
0x00007fff62760000 - 0x00007fff627ca000 	C:\Windows\system32\mswsock.dll
0x00007fff5d990000 - 0x00007fff5d9a6000 	C:\Program Files\Android\Android Studio\jbr\bin\nio.dll
0x00007fff5f8e0000 - 0x00007fff5f8f0000 	C:\Program Files\Android\Android Studio\jbr\bin\verify.dll
0x00007fff516a0000 - 0x00007fff516c7000 	C:\Users\refrizar.dwiardito\.jdks\openjdk-21\native\68d5fa5c4cc2d200863cafc0d521ce42e7d3e7ee720ec0a83991735586a16f82\windows-amd64\native-platform.dll
0x00007fff35da0000 - 0x00007fff35ee4000 	C:\Users\refrizar.dwiardito\.jdks\openjdk-21\native\e376f236ea51e6404a007f0833ffe2c6e607c4080706a723a18a27aeea778392\windows-amd64\native-platform-file-events.dll
0x00007fff5dad0000 - 0x00007fff5dad9000 	C:\Program Files\Android\Android Studio\jbr\bin\management.dll
0x00007fff5d980000 - 0x00007fff5d98b000 	C:\Program Files\Android\Android Studio\jbr\bin\management_ext.dll
0x00007fff656d0000 - 0x00007fff656d8000 	C:\Windows\System32\PSAPI.DLL
0x00007fff629b0000 - 0x00007fff629c8000 	C:\Windows\SYSTEM32\CRYPTSP.dll
0x00007fff62070000 - 0x00007fff620a4000 	C:\Windows\system32\rsaenh.dll
0x00007fff63870000 - 0x00007fff63897000 	C:\Windows\System32\bcrypt.dll
0x00007fff62f40000 - 0x00007fff62f6e000 	C:\Windows\SYSTEM32\USERENV.dll
0x00007fff629d0000 - 0x00007fff629dc000 	C:\Windows\SYSTEM32\CRYPTBASE.dll
0x00007fff62450000 - 0x00007fff6248b000 	C:\Windows\SYSTEM32\IPHLPAPI.DLL
0x00007fff63cb0000 - 0x00007fff63cb8000 	C:\Windows\System32\NSI.dll
0x00007fff577b0000 - 0x00007fff577c7000 	C:\Windows\SYSTEM32\dhcpcsvc6.DLL
0x00007fff57790000 - 0x00007fff577ad000 	C:\Windows\SYSTEM32\dhcpcsvc.DLL
0x00007fff62490000 - 0x00007fff6255a000 	C:\Windows\SYSTEM32\DNSAPI.dll
0x00007fff5c690000 - 0x00007fff5c697000 	C:\Windows\system32\wshunix.dll

dbghelp: loaded successfully - version: 4.0.5 - missing functions: none
symbol engine: initialized successfully - sym options: 0x614 - pdb path: .;C:\Program Files\Android\Android Studio\jbr\bin;C:\Windows\SYSTEM32;C:\Windows\WinSxS\amd64_microsoft.windows.common-controls_6595b64144ccf1df_6.0.19041.3570_none_60bb2a3971f3e41a;C:\Program Files\Android\Android Studio\jbr\bin\server;C:\Users\refrizar.dwiardito\.jdks\openjdk-21\native\68d5fa5c4cc2d200863cafc0d521ce42e7d3e7ee720ec0a83991735586a16f82\windows-amd64;C:\Users\refrizar.dwiardito\.jdks\openjdk-21\native\e376f236ea51e6404a007f0833ffe2c6e607c4080706a723a18a27aeea778392\windows-amd64

VM Arguments:
jvm_args: --add-opens=java.base/java.util=ALL-UNNAMED --add-opens=java.base/java.lang=ALL-UNNAMED --add-opens=java.base/java.lang.invoke=ALL-UNNAMED --add-opens=java.prefs/java.util.prefs=ALL-UNNAMED --add-opens=java.base/java.nio.charset=ALL-UNNAMED --add-opens=java.base/java.net=ALL-UNNAMED --add-opens=java.base/java.util.concurrent.atomic=ALL-UNNAMED -Xmx2048m -Dfile.encoding=UTF-8 -Duser.country=US -Duser.language=en -Duser.variant 
java_command: org.gradle.launcher.daemon.bootstrap.GradleDaemon 8.0
java_class_path (initial): C:\Users\refrizar.dwiardito\.jdks\openjdk-21\wrapper\dists\gradle-8.0-all\a2o1xoguejy6msdh0lk99lxza\gradle-8.0\lib\gradle-launcher-8.0.jar
Launcher Type: SUN_STANDARD

[Global flags]
     intx CICompilerCount                          = 3                                         {product} {ergonomic}
     uint ConcGCThreads                            = 1                                         {product} {ergonomic}
     uint G1ConcRefinementThreads                  = 4                                         {product} {ergonomic}
   size_t G1HeapRegionSize                         = 1048576                                   {product} {ergonomic}
    uintx GCDrainStackTargetSize                   = 64                                        {product} {ergonomic}
   size_t InitialHeapSize                          = 134217728                                 {product} {ergonomic}
   size_t MarkStackSize                            = 4194304                                   {product} {ergonomic}
   size_t MaxHeapSize                              = 2147483648                                {product} {command line}
   size_t MaxNewSize                               = 1287651328                                {product} {ergonomic}
   size_t MinHeapDeltaBytes                        = 1048576                                   {product} {ergonomic}
   size_t MinHeapSize                              = 8388608                                   {product} {ergonomic}
    uintx NonNMethodCodeHeapSize                   = 5832780                                {pd product} {ergonomic}
    uintx NonProfiledCodeHeapSize                  = 122912730                              {pd product} {ergonomic}
    uintx ProfiledCodeHeapSize                     = 122912730                              {pd product} {ergonomic}
    uintx ReservedCodeCacheSize                    = 251658240                              {pd product} {ergonomic}
     bool SegmentedCodeCache                       = true                                      {product} {ergonomic}
   size_t SoftMaxHeapSize                          = 2147483648                             {manageable} {ergonomic}
     bool UseCompressedClassPointers               = true                           {product lp64_product} {ergonomic}
     bool UseCompressedOops                        = true                           {product lp64_product} {ergonomic}
     bool UseG1GC                                  = true                                      {product} {ergonomic}
     bool UseLargePagesIndividualAllocation        = false                                  {pd product} {ergonomic}

Logging:
Log output configuration:
 #0: stdout all=warning uptime,level,tags
 #1: stderr all=off uptime,level,tags

Environment Variables:
JAVA_HOME=C:\Users\refrizar.dwiardito\.jdks\openjdk-21
PATH=C:\Program Files\Common Files\Oracle\Java\javapath;C:\Windows\system32;C:\Windows;C:\Windows\System32\Wbem;C:\Windows\System32\WindowsPowerShell\v1.0\;C:\Windows\System32\OpenSSH\;C:\Program Files\mingw-w64\x86_64-8.1.0-posix-seh-rt_v6-rev0\mingw64\bin;C:\Users\refrizar.dwiardito\AppData\Local\Programs\Python\Python310\Scripts;C:\Users\refrizar.dwiardito\.jdks\openjdk-21\bin;C:\Program Files\PuTTY\;C:\Program Files\gradle-8.3\bin;C:\Program Files\Git\cmd;C:\Users\refrizar.dwiardito\AppData\Local\Programs\Python\Python310\Scripts\;C:\Users\refrizar.dwiardito\AppData\Local\Programs\Python\Python310\;C:\Users\refrizar.dwiardito\AppData\Local\Microsoft\WindowsApps;;C:\Users\refrizar.dwiardito\AppData\Local\Programs\Microsoft VS Code\bin
USERNAME=refrizar.dwiardito
OS=Windows_NT
PROCESSOR_IDENTIFIER=Intel64 Family 6 Model 61 Stepping 4, GenuineIntel
TMP=C:\Users\REFRIZ~1.DWI\AppData\Local\Temp
TEMP=C:\Users\REFRIZ~1.DWI\AppData\Local\Temp


JNI global refs:
JNI global refs: 23, weak refs: 0

JNI global refs memory usage: 843, weak refs: 841


---------------  S Y S T E M  ---------------

OS:
 Windows 10 , 64 bit Build 19041 (10.0.19041.3570)
OS uptime: 0 days 0:48 hours

CPU: total 4 (initial active 4) (2 cores per cpu, 2 threads per core) family 6 model 61 stepping 4 microcode 0x2f, cx8, cmov, fxsr, ht, mmx, 3dnowpref, sse, sse2, sse3, ssse3, sse4.1, sse4.2, popcnt, lzcnt, tsc, tscinvbit, avx, avx2, aes, erms, clmul, bmi1, bmi2, adx, fma, vzeroupper, clflush

Memory: 4k page, system-wide physical 8083M (678M free)
TotalPageFile size 8083M (AvailPageFile size 61M)
current process WorkingSet (physical memory assigned to process): 312M, peak: 328M
current process commit charge ("private bytes"): 345M, peak: 448M

vm_info: OpenJDK 64-Bit Server VM (17.0.6+0-b2043.56-10027231) for windows-amd64 JRE (17.0.6+0-b2043.56-10027231), built on Apr 28 2023 00:43:19 by "androidbuild" with MS VC++ 16.10 / 16.11 (VS2019)

END.
