#
# There is insufficient memory for the Java Runtime Environment to continue.
# Native memory allocation (mmap) failed to map 534773760 bytes for G1 virtual space
# Possible reasons:
#   The system is out of physical RAM or swap space
#   The process is running with CompressedOops enabled, and the Java Heap may be blocking the growth of the native heap
# Possible solutions:
#   Reduce memory load on the system
#   Increase physical memory or swap space
#   Check if swap backing store is full
#   Decrease Java heap size (-Xmx/-Xms)
#   Decrease number of Java threads
#   Decrease Java thread stack sizes (-Xss)
#   Set larger code cache with -XX:ReservedCodeCacheSize=
#   JVM is running with Unscaled Compressed Oops mode in which the Java heap is
#     placed in the first 4GB address space. The Java Heap base address is the
#     maximum limit for the native heap growth. Please use -XX:HeapBaseMinAddress
#     to set the Java Heap base and to place the Java Heap above 4GB virtual address.
# This output file may be truncated or incomplete.
#
#  Out of Memory Error (os_windows.cpp:3769), pid=10132, tid=8684
#
# JRE version: OpenJDK Runtime Environment (17.0.6) (build 17.0.6+0-b2043.56-10027231)
# Java VM: OpenJDK 64-Bit Server VM (17.0.6+0-b2043.56-10027231, mixed mode, tiered, compressed oops, compressed class ptrs, g1 gc, windows-amd64)
# No core dump will be written. Minidumps are not enabled by default on client versions of Windows
#

---------------  S U M M A R Y ------------

Command Line: --add-opens=java.base/java.util=ALL-UNNAMED --add-opens=java.base/java.lang=ALL-UNNAMED --add-opens=java.base/java.lang.invoke=ALL-UNNAMED --add-opens=java.prefs/java.util.prefs=ALL-UNNAMED --add-opens=java.base/java.nio.charset=ALL-UNNAMED --add-opens=java.base/java.net=ALL-UNNAMED --add-opens=java.base/java.util.concurrent.atomic=ALL-UNNAMED -Xmx2048m -Dfile.encoding=UTF-8 -Duser.country=US -Duser.language=en -Duser.variant org.gradle.launcher.daemon.bootstrap.GradleDaemon 8.0

Host: Intel(R) Core(TM) i5-5200U CPU @ 2.20GHz, 4 cores, 7G,  Windows 10 , 64 bit Build 19041 (10.0.19041.3570)
Time: Sun Oct 15 09:17:30 2023 SE Asia Standard Time elapsed time: 34.436948 seconds (0d 0h 0m 34s)

---------------  T H R E A D  ---------------

Current thread (0x000001e9a355eff0):  VMThread "VM Thread" [stack: 0x00000025e0b00000,0x00000025e0c00000] [id=8684]

Stack: [0x00000025e0b00000,0x00000025e0c00000]
Native frames: (J=compiled Java code, j=interpreted, Vv=VM code, C=native code)
V  [jvm.dll+0x683c9a]
V  [jvm.dll+0x8427a4]
V  [jvm.dll+0x843f9e]
V  [jvm.dll+0x844603]
V  [jvm.dll+0x249b75]
V  [jvm.dll+0x680b69]
V  [jvm.dll+0x67505a]
V  [jvm.dll+0x309acb]
V  [jvm.dll+0x310f86]
V  [jvm.dll+0x3608ee]
V  [jvm.dll+0x360b1f]
V  [jvm.dll+0x2dfbf8]
V  [jvm.dll+0x2ddec4]
V  [jvm.dll+0x2dd4cc]
V  [jvm.dll+0x321f3b]
V  [jvm.dll+0x848ccb]
V  [jvm.dll+0x849a04]
V  [jvm.dll+0x849f1d]
V  [jvm.dll+0x84a2f4]
V  [jvm.dll+0x84a3c0]
V  [jvm.dll+0x7f274a]
V  [jvm.dll+0x682ad5]
C  [ucrtbase.dll+0x21bb2]
C  [KERNEL32.DLL+0x17344]
C  [ntdll.dll+0x526b1]

VM_Operation (0x00000025e6efd450): G1CollectForAllocation, mode: safepoint, requested by thread 0x000001e9aeda5590


---------------  P R O C E S S  ---------------

Threads class SMR info:
_java_thread_list=0x000001e9a6a10b30, length=96, elements={
0x000001e989f8a560, 0x000001e9a357f4e0, 0x000001e9a3580c80, 0x000001e9a3542160,
0x000001e9a401a000, 0x000001e9a401bc80, 0x000001e9a401cce0, 0x000001e9a4021620,
0x000001e9a4022f10, 0x000001e9a402dff0, 0x000001e9a4193c20, 0x000001e9a419a520,
0x000001e9a512e070, 0x000001e9a5343c10, 0x000001e9a6d87610, 0x000001e9a7385010,
0x000001e9a6704d90, 0x000001e9a73854e0, 0x000001e9a65fe370, 0x000001e9a65c9520,
0x000001e9a65c7370, 0x000001e9a65c6ea0, 0x000001e9a65c7840, 0x000001e9a65c99f0,
0x000001e9a65c86b0, 0x000001e9a65c9050, 0x000001e9a65c7d10, 0x000001e9a65c8b80,
0x000001e9a65c6030, 0x000001e9a65c6500, 0x000001e9a65c69d0, 0x000001e9a65c81e0,
0x000001e9a70d39f0, 0x000001e9a70d09d0, 0x000001e9a70cf690, 0x000001e9a70d3ec0,
0x000001e9a70d56d0, 0x000001e9a70d4390, 0x000001e9a70d4860, 0x000001e9a70d1370,
0x000001e9a70d5ba0, 0x000001e9a70cfb60, 0x000001e9a70d6070, 0x000001e9a70d0030,
0x000001e9a70ce820, 0x000001e9a70cf1c0, 0x000001e9a70d2b80, 0x000001e9a70d0500,
0x000001e9a70d1840, 0x000001e9a70d1d10, 0x000001e9a70d21e0, 0x000001e9a70d26b0,
0x000001e9a84c25e0, 0x000001e9a84c3920, 0x000001e9a84bff60, 0x000001e9a84bcf40,
0x000001e9a84c1770, 0x000001e9a84c0dd0, 0x000001e9a84c0430, 0x000001e9a84bec20,
0x000001e9a84c0900, 0x000001e9a84c1c40, 0x000001e9a84bfa90, 0x000001e9a84c2110,
0x000001e9a84bca70, 0x000001e9a84be750, 0x000001e9a84bf0f0, 0x000001e9a84bd410,
0x000001e9a84bc0d0, 0x000001e9a84c2ab0, 0x000001e9a84c3450, 0x000001e9a84bf5c0,
0x000001e9a84c12a0, 0x000001e9a84bc5a0, 0x000001e9a84bddb0, 0x000001e9a84c2f80,
0x000001e9a84bd8e0, 0x000001e9a84be280, 0x000001e9a82996c0, 0x000001e9a829a530,
0x000001e9a8298d20, 0x000001e9a829da20, 0x000001e9a8298380, 0x000001e9a97b4370,
0x000001e9a829c6e0, 0x000001e9a829a060, 0x000001e9a829aed0, 0x000001e9a829def0,
0x000001e9a8298850, 0x000001e9a829f700, 0x000001e9a829f230, 0x000001e9a829d550,
0x000001e9a82991f0, 0x000001e9a8297eb0, 0x000001e9aeda5590, 0x000001e9aeda2f10
}

Java Threads: ( => current thread )
  0x000001e989f8a560 JavaThread "main" [_thread_blocked, id=9868, stack(0x00000025e0500000,0x00000025e0600000)]
  0x000001e9a357f4e0 JavaThread "Reference Handler" daemon [_thread_blocked, id=9360, stack(0x00000025e0c00000,0x00000025e0d00000)]
  0x000001e9a3580c80 JavaThread "Finalizer" daemon [_thread_blocked, id=8420, stack(0x00000025e0d00000,0x00000025e0e00000)]
  0x000001e9a3542160 JavaThread "Signal Dispatcher" daemon [_thread_blocked, id=9580, stack(0x00000025e0e00000,0x00000025e0f00000)]
  0x000001e9a401a000 JavaThread "Attach Listener" daemon [_thread_blocked, id=4184, stack(0x00000025e0f00000,0x00000025e1000000)]
  0x000001e9a401bc80 JavaThread "Service Thread" daemon [_thread_blocked, id=3888, stack(0x00000025e1000000,0x00000025e1100000)]
  0x000001e9a401cce0 JavaThread "Monitor Deflation Thread" daemon [_thread_blocked, id=7020, stack(0x00000025e1100000,0x00000025e1200000)]
  0x000001e9a4021620 JavaThread "C2 CompilerThread0" daemon [_thread_blocked, id=3668, stack(0x00000025e1200000,0x00000025e1300000)]
  0x000001e9a4022f10 JavaThread "C1 CompilerThread0" daemon [_thread_blocked, id=9880, stack(0x00000025e1300000,0x00000025e1400000)]
  0x000001e9a402dff0 JavaThread "Sweeper thread" daemon [_thread_blocked, id=9624, stack(0x00000025e1400000,0x00000025e1500000)]
  0x000001e9a4193c20 JavaThread "Common-Cleaner" daemon [_thread_blocked, id=8732, stack(0x00000025e1500000,0x00000025e1600000)]
  0x000001e9a419a520 JavaThread "Notification Thread" daemon [_thread_blocked, id=9188, stack(0x00000025e1600000,0x00000025e1700000)]
  0x000001e9a512e070 JavaThread "Daemon health stats" [_thread_blocked, id=6868, stack(0x00000025e1c00000,0x00000025e1d00000)]
  0x000001e9a5343c10 JavaThread "Incoming local TCP Connector on port 50947" [_thread_in_native, id=8236, stack(0x00000025e1800000,0x00000025e1900000)]
  0x000001e9a6d87610 JavaThread "Daemon periodic checks" [_thread_blocked, id=10036, stack(0x00000025e1d00000,0x00000025e1e00000)]
  0x000001e9a7385010 JavaThread "Daemon" [_thread_blocked, id=10168, stack(0x00000025e1e00000,0x00000025e1f00000)]
  0x000001e9a6704d90 JavaThread "Handler for socket connection from /127.0.0.1:50947 to /127.0.0.1:50948" [_thread_in_native, id=6740, stack(0x00000025e1f00000,0x00000025e2000000)]
  0x000001e9a73854e0 JavaThread "Cancel handler" [_thread_blocked, id=9608, stack(0x00000025e2000000,0x00000025e2100000)]
  0x000001e9a65fe370 JavaThread "Daemon worker" [_thread_blocked, id=7340, stack(0x00000025e2100000,0x00000025e2200000)]
  0x000001e9a65c9520 JavaThread "Asynchronous log dispatcher for DefaultDaemonConnection: socket connection from /127.0.0.1:50947 to /127.0.0.1:50948" [_thread_blocked, id=9888, stack(0x00000025e2200000,0x00000025e2300000)]
  0x000001e9a65c7370 JavaThread "Stdin handler" [_thread_blocked, id=1808, stack(0x00000025e2300000,0x00000025e2400000)]
  0x000001e9a65c6ea0 JavaThread "Daemon client event forwarder" [_thread_blocked, id=10160, stack(0x00000025e2400000,0x00000025e2500000)]
  0x000001e9a65c7840 JavaThread "Cache worker for journal cache (C:\Users\refrizar.dwiardito\.jdks\openjdk-21\caches\journal-1)" [_thread_blocked, id=9328, stack(0x00000025e2600000,0x00000025e2700000)]
  0x000001e9a65c99f0 JavaThread "File lock request listener" [_thread_in_native, id=4528, stack(0x00000025e2700000,0x00000025e2800000)]
  0x000001e9a65c86b0 JavaThread "Cache worker for file hash cache (C:\Users\refrizar.dwiardito\.jdks\openjdk-21\caches\8.0\fileHashes)" [_thread_blocked, id=9872, stack(0x00000025e2800000,0x00000025e2900000)]
  0x000001e9a65c9050 JavaThread "File watcher server" daemon [_thread_blocked, id=8740, stack(0x00000025e2500000,0x00000025e2600000)]
  0x000001e9a65c7d10 JavaThread "File watcher consumer" daemon [_thread_blocked, id=7420, stack(0x00000025e2900000,0x00000025e2a00000)]
  0x000001e9a65c8b80 JavaThread "Cache worker for checksums cache (C:\Users\refrizar.dwiardito\AndroidStudioProjects\Catwell\.gradle\8.0\checksums)" [_thread_blocked, id=10072, stack(0x00000025e2a00000,0x00000025e2b00000)]
  0x000001e9a65c6030 JavaThread "Cache worker for cache directory md-rule (C:\Users\refrizar.dwiardito\.jdks\openjdk-21\caches\8.0\md-rule)" [_thread_blocked, id=3476, stack(0x00000025e2b00000,0x00000025e2c00000)]
  0x000001e9a65c6500 JavaThread "Cache worker for file content cache (C:\Users\refrizar.dwiardito\.jdks\openjdk-21\caches\8.0\fileContent)" [_thread_blocked, id=5244, stack(0x00000025e2d00000,0x00000025e2e00000)]
  0x000001e9a65c69d0 JavaThread "Cache worker for file hash cache (C:\Users\refrizar.dwiardito\AndroidStudioProjects\Catwell\.gradle\8.0\fileHashes)" [_thread_blocked, id=9528, stack(0x00000025e2c00000,0x00000025e2d00000)]
  0x000001e9a65c81e0 JavaThread "Cache worker for cache directory md-supplier (C:\Users\refrizar.dwiardito\.jdks\openjdk-21\caches\8.0\md-supplier)" [_thread_blocked, id=2592, stack(0x00000025e2e00000,0x00000025e2f00000)]
  0x000001e9a70d39f0 JavaThread "Cache worker for execution history cache (C:\Users\refrizar.dwiardito\.jdks\openjdk-21\caches\8.0\executionHistory)" [_thread_blocked, id=1604, stack(0x00000025e2f00000,0x00000025e3000000)]
  0x000001e9a70d09d0 JavaThread "jar transforms" [_thread_blocked, id=6672, stack(0x00000025e3000000,0x00000025e3100000)]
  0x000001e9a70cf690 JavaThread "jar transforms Thread 2" [_thread_blocked, id=1204, stack(0x00000025e3200000,0x00000025e3300000)]
  0x000001e9a70d3ec0 JavaThread "jar transforms Thread 3" [_thread_blocked, id=1752, stack(0x00000025e3400000,0x00000025e3500000)]
  0x000001e9a70d56d0 JavaThread "jar transforms Thread 4" [_thread_blocked, id=6472, stack(0x00000025e3500000,0x00000025e3600000)]
  0x000001e9a70d4390 JavaThread "Cache worker for dependencies-accessors (C:\Users\refrizar.dwiardito\AndroidStudioProjects\Catwell\.gradle\8.0\dependencies-accessors)" [_thread_blocked, id=1056, stack(0x00000025e3600000,0x00000025e3700000)]
  0x000001e9a70d4860 JavaThread "Cache worker for Build Output Cleanup Cache (C:\Users\refrizar.dwiardito\AndroidStudioProjects\Catwell\.gradle\buildOutputCleanup)" [_thread_blocked, id=7376, stack(0x00000025e3700000,0x00000025e3800000)]
  0x000001e9a70d1370 JavaThread "Unconstrained build operations" [_thread_blocked, id=2896, stack(0x00000025e3800000,0x00000025e3900000)]
  0x000001e9a70d5ba0 JavaThread "Unconstrained build operations Thread 2" [_thread_blocked, id=1488, stack(0x00000025e3900000,0x00000025e3a00000)]
  0x000001e9a70cfb60 JavaThread "Unconstrained build operations Thread 3" [_thread_blocked, id=9808, stack(0x00000025e3a00000,0x00000025e3b00000)]
  0x000001e9a70d6070 JavaThread "Unconstrained build operations Thread 4" [_thread_blocked, id=6016, stack(0x00000025e3b00000,0x00000025e3c00000)]
  0x000001e9a70d0030 JavaThread "Unconstrained build operations Thread 5" [_thread_blocked, id=8940, stack(0x00000025e3c00000,0x00000025e3d00000)]
  0x000001e9a70ce820 JavaThread "Unconstrained build operations Thread 6" [_thread_blocked, id=5700, stack(0x00000025e3d00000,0x00000025e3e00000)]
  0x000001e9a70cf1c0 JavaThread "Unconstrained build operations Thread 7" [_thread_blocked, id=9652, stack(0x00000025e3e00000,0x00000025e3f00000)]
  0x000001e9a70d2b80 JavaThread "Unconstrained build operations Thread 8" [_thread_blocked, id=1352, stack(0x00000025e3f00000,0x00000025e4000000)]
  0x000001e9a70d0500 JavaThread "Unconstrained build operations Thread 9" [_thread_blocked, id=9748, stack(0x00000025e4000000,0x00000025e4100000)]
  0x000001e9a70d1840 JavaThread "Unconstrained build operations Thread 10" [_thread_blocked, id=9548, stack(0x00000025e4100000,0x00000025e4200000)]
  0x000001e9a70d1d10 JavaThread "Unconstrained build operations Thread 11" [_thread_blocked, id=9744, stack(0x00000025e4200000,0x00000025e4300000)]
  0x000001e9a70d21e0 JavaThread "Unconstrained build operations Thread 12" [_thread_blocked, id=9840, stack(0x00000025e4300000,0x00000025e4400000)]
  0x000001e9a70d26b0 JavaThread "Unconstrained build operations Thread 13" [_thread_blocked, id=640, stack(0x00000025e4400000,0x00000025e4500000)]
  0x000001e9a84c25e0 JavaThread "Unconstrained build operations Thread 14" [_thread_blocked, id=10056, stack(0x00000025e4500000,0x00000025e4600000)]
  0x000001e9a84c3920 JavaThread "Unconstrained build operations Thread 15" [_thread_blocked, id=2236, stack(0x00000025e4600000,0x00000025e4700000)]
  0x000001e9a84bff60 JavaThread "Unconstrained build operations Thread 16" [_thread_blocked, id=6500, stack(0x00000025e4700000,0x00000025e4800000)]
  0x000001e9a84bcf40 JavaThread "Unconstrained build operations Thread 17" [_thread_blocked, id=9280, stack(0x00000025e4800000,0x00000025e4900000)]
  0x000001e9a84c1770 JavaThread "Unconstrained build operations Thread 18" [_thread_blocked, id=6876, stack(0x00000025e4900000,0x00000025e4a00000)]
  0x000001e9a84c0dd0 JavaThread "Unconstrained build operations Thread 19" [_thread_blocked, id=3128, stack(0x00000025e4a00000,0x00000025e4b00000)]
  0x000001e9a84c0430 JavaThread "Unconstrained build operations Thread 20" [_thread_blocked, id=8612, stack(0x00000025e4b00000,0x00000025e4c00000)]
  0x000001e9a84bec20 JavaThread "Unconstrained build operations Thread 21" [_thread_blocked, id=3244, stack(0x00000025e4c00000,0x00000025e4d00000)]
  0x000001e9a84c0900 JavaThread "Unconstrained build operations Thread 22" [_thread_blocked, id=7608, stack(0x00000025e4d00000,0x00000025e4e00000)]
  0x000001e9a84c1c40 JavaThread "Unconstrained build operations Thread 23" [_thread_blocked, id=8696, stack(0x00000025e4e00000,0x00000025e4f00000)]
  0x000001e9a84bfa90 JavaThread "Unconstrained build operations Thread 24" [_thread_blocked, id=2304, stack(0x00000025e4f00000,0x00000025e5000000)]
  0x000001e9a84c2110 JavaThread "Unconstrained build operations Thread 25" [_thread_blocked, id=5676, stack(0x00000025e5000000,0x00000025e5100000)]
  0x000001e9a84bca70 JavaThread "Unconstrained build operations Thread 26" [_thread_blocked, id=2348, stack(0x00000025e5100000,0x00000025e5200000)]
  0x000001e9a84be750 JavaThread "Unconstrained build operations Thread 27" [_thread_blocked, id=2764, stack(0x00000025e5200000,0x00000025e5300000)]
  0x000001e9a84bf0f0 JavaThread "Unconstrained build operations Thread 28" [_thread_blocked, id=4428, stack(0x00000025e5300000,0x00000025e5400000)]
  0x000001e9a84bd410 JavaThread "Unconstrained build operations Thread 29" [_thread_blocked, id=7964, stack(0x00000025e5400000,0x00000025e5500000)]
  0x000001e9a84bc0d0 JavaThread "Unconstrained build operations Thread 30" [_thread_blocked, id=4756, stack(0x00000025e5500000,0x00000025e5600000)]
  0x000001e9a84c2ab0 JavaThread "Unconstrained build operations Thread 31" [_thread_blocked, id=8368, stack(0x00000025e5600000,0x00000025e5700000)]
  0x000001e9a84c3450 JavaThread "Unconstrained build operations Thread 32" [_thread_blocked, id=4452, stack(0x00000025e5700000,0x00000025e5800000)]
  0x000001e9a84bf5c0 JavaThread "Unconstrained build operations Thread 33" [_thread_blocked, id=9740, stack(0x00000025e5800000,0x00000025e5900000)]
  0x000001e9a84c12a0 JavaThread "Unconstrained build operations Thread 34" [_thread_blocked, id=7464, stack(0x00000025e5900000,0x00000025e5a00000)]
  0x000001e9a84bc5a0 JavaThread "Unconstrained build operations Thread 35" [_thread_blocked, id=7024, stack(0x00000025e5a00000,0x00000025e5b00000)]
  0x000001e9a84bddb0 JavaThread "Unconstrained build operations Thread 36" [_thread_blocked, id=9780, stack(0x00000025e5b00000,0x00000025e5c00000)]
  0x000001e9a84c2f80 JavaThread "Unconstrained build operations Thread 37" [_thread_blocked, id=9896, stack(0x00000025e5c00000,0x00000025e5d00000)]
  0x000001e9a84bd8e0 JavaThread "Unconstrained build operations Thread 38" [_thread_blocked, id=3052, stack(0x00000025e5d00000,0x00000025e5e00000)]
  0x000001e9a84be280 JavaThread "Unconstrained build operations Thread 39" [_thread_blocked, id=3280, stack(0x00000025e5e00000,0x00000025e5f00000)]
  0x000001e9a82996c0 JavaThread "Unconstrained build operations Thread 40" [_thread_blocked, id=8044, stack(0x00000025e5f00000,0x00000025e6000000)]
  0x000001e9a829a530 JavaThread "build event listener" [_thread_blocked, id=6608, stack(0x00000025e6100000,0x00000025e6200000)]
  0x000001e9a8298d20 JavaThread "Memory manager" [_thread_blocked, id=2056, stack(0x00000025e6200000,0x00000025e6300000)]
  0x000001e9a829da20 JavaThread "build event listener" [_thread_blocked, id=10116, stack(0x00000025e6300000,0x00000025e6400000)]
  0x000001e9a8298380 JavaThread "build event listener" [_thread_blocked, id=8868, stack(0x00000025e6400000,0x00000025e6500000)]
  0x000001e9a97b4370 JavaThread "C2 CompilerThread1" daemon [_thread_blocked, id=8080, stack(0x00000025e3100000,0x00000025e3200000)]
  0x000001e9a829c6e0 JavaThread "included builds" [_thread_blocked, id=9252, stack(0x00000025e6500000,0x00000025e6600000)]
  0x000001e9a829a060 JavaThread "Execution worker" [_thread_blocked, id=4492, stack(0x00000025e6600000,0x00000025e6700000)]
  0x000001e9a829aed0 JavaThread "Execution worker Thread 2" [_thread_blocked, id=5628, stack(0x00000025e6700000,0x00000025e6800000)]
  0x000001e9a829def0 JavaThread "Execution worker Thread 3" [_thread_blocked, id=8092, stack(0x00000025e6800000,0x00000025e6900000)]
  0x000001e9a8298850 JavaThread "Cache worker for execution history cache (C:\Users\refrizar.dwiardito\AndroidStudioProjects\Catwell\.gradle\8.0\executionHistory)" [_thread_blocked, id=10084, stack(0x00000025e6900000,0x00000025e6a00000)]
  0x000001e9a829f700 JavaThread "WorkerExecutor Queue" [_thread_blocked, id=10004, stack(0x00000025e0300000,0x00000025e0400000)]
  0x000001e9a829f230 JavaThread "pool-3-thread-1" [_thread_blocked, id=9984, stack(0x00000025e6a00000,0x00000025e6b00000)]
  0x000001e9a829d550 JavaThread "stderr" [_thread_in_native, id=5980, stack(0x00000025e6b00000,0x00000025e6c00000)]
  0x000001e9a82991f0 JavaThread "stdout" [_thread_in_native, id=336, stack(0x00000025e6c00000,0x00000025e6d00000)]
  0x000001e9a8297eb0 JavaThread "WorkerExecutor Queue Thread 2" [_thread_blocked, id=9560, stack(0x00000025e6d00000,0x00000025e6e00000)]
  0x000001e9aeda5590 JavaThread "WorkerExecutor Queue Thread 3" [_thread_blocked, id=8756, stack(0x00000025e6e00000,0x00000025e6f00000)]
  0x000001e9aeda2f10 JavaThread "WorkerExecutor Queue Thread 4" [_thread_blocked, id=2692, stack(0x00000025e6f00000,0x00000025e7000000)]

Other Threads:
=>0x000001e9a355eff0 VMThread "VM Thread" [stack: 0x00000025e0b00000,0x00000025e0c00000] [id=8684]
  0x000001e98a004ee0 WatcherThread [stack: 0x00000025e1700000,0x00000025e1800000] [id=3268]
  0x000001e989fe8850 GCTaskThread "GC Thread#0" [stack: 0x00000025e0600000,0x00000025e0700000] [id=4932]
  0x000001e9a44da7d0 GCTaskThread "GC Thread#1" [stack: 0x00000025e1900000,0x00000025e1a00000] [id=9276]
  0x000001e9a46d7380 GCTaskThread "GC Thread#2" [stack: 0x00000025e1a00000,0x00000025e1b00000] [id=3920]
  0x000001e9a4f4c780 GCTaskThread "GC Thread#3" [stack: 0x00000025e1b00000,0x00000025e1c00000] [id=1536]
  0x000001e989ff96a0 ConcurrentGCThread "G1 Main Marker" [stack: 0x00000025e0700000,0x00000025e0800000] [id=9756]
  0x000001e989ffa760 ConcurrentGCThread "G1 Conc#0" [stack: 0x00000025e0800000,0x00000025e0900000] [id=984]
  0x000001e98a0554f0 ConcurrentGCThread "G1 Refine#0" [stack: 0x00000025e0900000,0x00000025e0a00000] [id=1568]
  0x000001e9a6569380 ConcurrentGCThread "G1 Refine#1" [stack: 0x00000025e3300000,0x00000025e3400000] [id=836]
  0x000001e9a900c2b0 ConcurrentGCThread "G1 Refine#2" [stack: 0x00000025e6000000,0x00000025e6100000] [id=6224]
  0x000001e9a7dd7ad0 ConcurrentGCThread "G1 Refine#3" [stack: 0x00000025e7200000,0x00000025e7300000] [id=4544]
  0x000001e9a33b00a0 ConcurrentGCThread "G1 Service" [stack: 0x00000025e0a00000,0x00000025e0b00000] [id=7368]

Threads with active compile tasks:
C2 CompilerThread0    34641 12645       4       com.android.tools.r8.graph.r2::s0 (37 bytes)
C2 CompilerThread1    34641 12568 %     4       com.android.tools.r8.dex.B::l @ 63 (1921 bytes)

VM state: at safepoint (normal execution)

VM Mutex/Monitor currently owned by a thread:  ([mutex/lock_event])
[0x000001e989f85c10] Threads_lock - owner thread: 0x000001e9a355eff0
[0x000001e989f85dc0] Heap_lock - owner thread: 0x000001e9aeda5590

Heap address: 0x0000000080000000, size: 2048 MB, Compressed Oops mode: 32-bit

CDS archive(s) not mapped
Compressed class space mapped at: 0x0000000100000000-0x0000000140000000, reserved size: 1073741824
Narrow klass base: 0x0000000000000000, Narrow klass shift: 3, Narrow klass range: 0x140000000

GC Precious Log:
 CPUs: 4 total, 4 available
 Memory: 8083M
 Large Page Support: Disabled
 NUMA Support: Disabled
 Compressed Oops: Enabled (32-bit)
 Heap Region Size: 1M
 Heap Min Capacity: 8M
 Heap Initial Capacity: 128M
 Heap Max Capacity: 2G
 Pre-touch: Disabled
 Parallel Workers: 4
 Concurrent Workers: 1
 Concurrent Refinement Workers: 4
 Periodic GC: Disabled

Heap:
 garbage-first heap   total 295936K, used 157322K [0x0000000080000000, 0x0000000100000000)
  region size 1024K, 2 young (2048K), 2 survivors (2048K)
 Metaspace       used 101609K, committed 102336K, reserved 1138688K
  class space    used 13810K, committed 14144K, reserved 1048576K

Heap Regions: E=young(eden), S=young(survivor), O=old, HS=humongous(starts), HC=humongous(continues), CS=collection set, F=free, OA=open archive, CA=closed archive, TAMS=top-at-mark-start (previous, next)
|   0|0x0000000080000000, 0x0000000080100000, 0x0000000080100000|100%| O|  |TAMS 0x0000000080100000, 0x0000000080000000| Untracked 
|   1|0x0000000080100000, 0x0000000080200000, 0x0000000080200000|100%| O|  |TAMS 0x0000000080200000, 0x0000000080100000| Untracked 
|   2|0x0000000080200000, 0x0000000080300000, 0x0000000080300000|100%|HS|  |TAMS 0x0000000080300000, 0x0000000080200000| Complete 
|   3|0x0000000080300000, 0x0000000080400000, 0x0000000080400000|100%|HC|  |TAMS 0x0000000080400000, 0x0000000080300000| Complete 
|   4|0x0000000080400000, 0x0000000080500000, 0x0000000080500000|100%|HC|  |TAMS 0x0000000080500000, 0x0000000080400000| Complete 
|   5|0x0000000080500000, 0x0000000080600000, 0x0000000080600000|100%|HC|  |TAMS 0x0000000080600000, 0x0000000080500000| Complete 
|   6|0x0000000080600000, 0x0000000080700000, 0x0000000080700000|100%| O|  |TAMS 0x0000000080700000, 0x0000000080600000| Untracked 
|   7|0x0000000080700000, 0x0000000080800000, 0x0000000080800000|100%| O|  |TAMS 0x0000000080800000, 0x0000000080700000| Untracked 
|   8|0x0000000080800000, 0x0000000080900000, 0x0000000080900000|100%| O|  |TAMS 0x0000000080900000, 0x0000000080800000| Untracked 
|   9|0x0000000080900000, 0x0000000080a00000, 0x0000000080a00000|100%| O|  |TAMS 0x0000000080a00000, 0x0000000080900000| Untracked 
|  10|0x0000000080a00000, 0x0000000080b00000, 0x0000000080b00000|100%| O|  |TAMS 0x0000000080b00000, 0x0000000080a00000| Untracked 
|  11|0x0000000080b00000, 0x0000000080c00000, 0x0000000080c00000|100%| O|  |TAMS 0x0000000080c00000, 0x0000000080b00000| Untracked 
|  12|0x0000000080c00000, 0x0000000080d00000, 0x0000000080d00000|100%| O|  |TAMS 0x0000000080d00000, 0x0000000080c00000| Untracked 
|  13|0x0000000080d00000, 0x0000000080e00000, 0x0000000080e00000|100%| O|  |TAMS 0x0000000080e00000, 0x0000000080d00000| Untracked 
|  14|0x0000000080e00000, 0x0000000080f00000, 0x0000000080f00000|100%| O|  |TAMS 0x0000000080f00000, 0x0000000080e00000| Untracked 
|  15|0x0000000080f00000, 0x0000000081000000, 0x0000000081000000|100%| O|  |TAMS 0x0000000081000000, 0x0000000080f00000| Untracked 
|  16|0x0000000081000000, 0x0000000081100000, 0x0000000081100000|100%| O|  |TAMS 0x0000000081100000, 0x0000000081000000| Untracked 
|  17|0x0000000081100000, 0x0000000081200000, 0x0000000081200000|100%| O|  |TAMS 0x0000000081200000, 0x0000000081100000| Untracked 
|  18|0x0000000081200000, 0x0000000081300000, 0x0000000081300000|100%| O|  |TAMS 0x0000000081300000, 0x0000000081200000| Untracked 
|  19|0x0000000081300000, 0x0000000081400000, 0x0000000081400000|100%| O|  |TAMS 0x0000000081400000, 0x0000000081300000| Untracked 
|  20|0x0000000081400000, 0x0000000081500000, 0x0000000081500000|100%| O|  |TAMS 0x0000000081500000, 0x0000000081400000| Untracked 
|  21|0x0000000081500000, 0x0000000081600000, 0x0000000081600000|100%| O|  |TAMS 0x0000000081600000, 0x0000000081500000| Untracked 
|  22|0x0000000081600000, 0x0000000081700000, 0x0000000081700000|100%| O|  |TAMS 0x0000000081700000, 0x0000000081600000| Untracked 
|  23|0x0000000081700000, 0x0000000081800000, 0x0000000081800000|100%| O|  |TAMS 0x0000000081800000, 0x0000000081700000| Untracked 
|  24|0x0000000081800000, 0x0000000081900000, 0x0000000081900000|100%| O|  |TAMS 0x0000000081900000, 0x0000000081800000| Untracked 
|  25|0x0000000081900000, 0x0000000081a00000, 0x0000000081a00000|100%| O|  |TAMS 0x0000000081a00000, 0x0000000081900000| Untracked 
|  26|0x0000000081a00000, 0x0000000081b00000, 0x0000000081b00000|100%| O|  |TAMS 0x0000000081b00000, 0x0000000081a00000| Untracked 
|  27|0x0000000081b00000, 0x0000000081c00000, 0x0000000081c00000|100%| O|  |TAMS 0x0000000081c00000, 0x0000000081b00000| Untracked 
|  28|0x0000000081c00000, 0x0000000081d00000, 0x0000000081d00000|100%| O|  |TAMS 0x0000000081d00000, 0x0000000081c00000| Untracked 
|  29|0x0000000081d00000, 0x0000000081e00000, 0x0000000081e00000|100%| O|  |TAMS 0x0000000081e00000, 0x0000000081d00000| Untracked 
|  30|0x0000000081e00000, 0x0000000081f00000, 0x0000000081f00000|100%| O|  |TAMS 0x0000000081f00000, 0x0000000081e00000| Untracked 
|  31|0x0000000081f00000, 0x0000000082000000, 0x0000000082000000|100%| O|  |TAMS 0x0000000082000000, 0x0000000081f00000| Untracked 
|  32|0x0000000082000000, 0x0000000082100000, 0x0000000082100000|100%| O|  |TAMS 0x0000000082100000, 0x0000000082000000| Untracked 
|  33|0x0000000082100000, 0x0000000082200000, 0x0000000082200000|100%|HS|  |TAMS 0x0000000082200000, 0x0000000082100000| Complete 
|  34|0x0000000082200000, 0x0000000082300000, 0x0000000082300000|100%|HS|  |TAMS 0x0000000082300000, 0x0000000082200000| Complete 
|  35|0x0000000082300000, 0x0000000082400000, 0x0000000082400000|100%|HC|  |TAMS 0x0000000082400000, 0x0000000082300000| Complete 
|  36|0x0000000082400000, 0x0000000082500000, 0x0000000082500000|100%| O|  |TAMS 0x0000000082500000, 0x0000000082400000| Untracked 
|  37|0x0000000082500000, 0x0000000082500000, 0x0000000082600000|  0%| F|  |TAMS 0x0000000082500000, 0x0000000082500000| Untracked 
|  38|0x0000000082600000, 0x0000000082700000, 0x0000000082700000|100%| O|  |TAMS 0x0000000082700000, 0x0000000082600000| Untracked 
|  39|0x0000000082700000, 0x0000000082800000, 0x0000000082800000|100%|HS|  |TAMS 0x0000000082800000, 0x0000000082700000| Complete 
|  40|0x0000000082800000, 0x0000000082900000, 0x0000000082900000|100%|HS|  |TAMS 0x0000000082900000, 0x0000000082800000| Complete 
|  41|0x0000000082900000, 0x0000000082a00000, 0x0000000082a00000|100%|HS|  |TAMS 0x0000000082a00000, 0x0000000082900000| Complete 
|  42|0x0000000082a00000, 0x0000000082b00000, 0x0000000082b00000|100%|HC|  |TAMS 0x0000000082b00000, 0x0000000082a00000| Complete 
|  43|0x0000000082b00000, 0x0000000082c00000, 0x0000000082c00000|100%|HC|  |TAMS 0x0000000082c00000, 0x0000000082b00000| Complete 
|  44|0x0000000082c00000, 0x0000000082d00000, 0x0000000082d00000|100%|HC|  |TAMS 0x0000000082d00000, 0x0000000082c00000| Complete 
|  45|0x0000000082d00000, 0x0000000082e00000, 0x0000000082e00000|100%| O|  |TAMS 0x0000000082e00000, 0x0000000082d00000| Untracked 
|  46|0x0000000082e00000, 0x0000000082f00000, 0x0000000082f00000|100%| O|  |TAMS 0x0000000082f00000, 0x0000000082e00000| Untracked 
|  47|0x0000000082f00000, 0x0000000082f00000, 0x0000000083000000|  0%| F|  |TAMS 0x0000000082f00000, 0x0000000082f00000| Untracked 
|  48|0x0000000083000000, 0x0000000083100000, 0x0000000083100000|100%| O|  |TAMS 0x0000000083100000, 0x0000000083000000| Untracked 
|  49|0x0000000083100000, 0x0000000083200000, 0x0000000083200000|100%| O|  |TAMS 0x0000000083200000, 0x0000000083100000| Untracked 
|  50|0x0000000083200000, 0x0000000083300000, 0x0000000083300000|100%| O|  |TAMS 0x0000000083300000, 0x0000000083200000| Untracked 
|  51|0x0000000083300000, 0x0000000083400000, 0x0000000083400000|100%|HS|  |TAMS 0x0000000083400000, 0x0000000083300000| Complete 
|  52|0x0000000083400000, 0x0000000083500000, 0x0000000083500000|100%| O|  |TAMS 0x0000000083500000, 0x0000000083400000| Untracked 
|  53|0x0000000083500000, 0x0000000083600000, 0x0000000083600000|100%| O|  |TAMS 0x0000000083600000, 0x0000000083500000| Untracked 
|  54|0x0000000083600000, 0x0000000083700000, 0x0000000083700000|100%| O|  |TAMS 0x0000000083700000, 0x0000000083600000| Untracked 
|  55|0x0000000083700000, 0x0000000083800000, 0x0000000083800000|100%| O|  |TAMS 0x0000000083800000, 0x0000000083700000| Untracked 
|  56|0x0000000083800000, 0x0000000083900000, 0x0000000083900000|100%| O|  |TAMS 0x0000000083900000, 0x0000000083800000| Untracked 
|  57|0x0000000083900000, 0x0000000083a00000, 0x0000000083a00000|100%| O|  |TAMS 0x0000000083a00000, 0x0000000083900000| Untracked 
|  58|0x0000000083a00000, 0x0000000083b00000, 0x0000000083b00000|100%| O|  |TAMS 0x0000000083b00000, 0x0000000083a00000| Untracked 
|  59|0x0000000083b00000, 0x0000000083c00000, 0x0000000083c00000|100%| O|  |TAMS 0x0000000083c00000, 0x0000000083b00000| Untracked 
|  60|0x0000000083c00000, 0x0000000083d00000, 0x0000000083d00000|100%| O|  |TAMS 0x0000000083d00000, 0x0000000083c00000| Untracked 
|  61|0x0000000083d00000, 0x0000000083e00000, 0x0000000083e00000|100%| O|  |TAMS 0x0000000083e00000, 0x0000000083d00000| Untracked 
|  62|0x0000000083e00000, 0x0000000083f00000, 0x0000000083f00000|100%| O|  |TAMS 0x0000000083f00000, 0x0000000083e00000| Untracked 
|  63|0x0000000083f00000, 0x0000000084000000, 0x0000000084000000|100%| O|  |TAMS 0x0000000084000000, 0x0000000083f00000| Untracked 
|  64|0x0000000084000000, 0x0000000084100000, 0x0000000084100000|100%| O|  |TAMS 0x0000000084100000, 0x0000000084000000| Untracked 
|  65|0x0000000084100000, 0x0000000084200000, 0x0000000084200000|100%| O|  |TAMS 0x0000000084200000, 0x0000000084100000| Untracked 
|  66|0x0000000084200000, 0x0000000084300000, 0x0000000084300000|100%| O|  |TAMS 0x0000000084300000, 0x0000000084200000| Untracked 
|  67|0x0000000084300000, 0x0000000084400000, 0x0000000084400000|100%| O|  |TAMS 0x0000000084400000, 0x0000000084300000| Untracked 
|  68|0x0000000084400000, 0x0000000084500000, 0x0000000084500000|100%| O|  |TAMS 0x0000000084500000, 0x0000000084400000| Untracked 
|  69|0x0000000084500000, 0x0000000084600000, 0x0000000084600000|100%| O|  |TAMS 0x0000000084600000, 0x0000000084500000| Untracked 
|  70|0x0000000084600000, 0x0000000084700000, 0x0000000084700000|100%| O|  |TAMS 0x0000000084700000, 0x0000000084600000| Untracked 
|  71|0x0000000084700000, 0x0000000084800000, 0x0000000084800000|100%| O|  |TAMS 0x0000000084800000, 0x0000000084700000| Untracked 
|  72|0x0000000084800000, 0x0000000084900000, 0x0000000084900000|100%| O|  |TAMS 0x0000000084900000, 0x0000000084800000| Untracked 
|  73|0x0000000084900000, 0x0000000084a00000, 0x0000000084a00000|100%| O|  |TAMS 0x0000000084a00000, 0x0000000084900000| Untracked 
|  74|0x0000000084a00000, 0x0000000084b00000, 0x0000000084b00000|100%| O|  |TAMS 0x0000000084b00000, 0x0000000084a00000| Untracked 
|  75|0x0000000084b00000, 0x0000000084c00000, 0x0000000084c00000|100%| O|  |TAMS 0x0000000084c00000, 0x0000000084b00000| Untracked 
|  76|0x0000000084c00000, 0x0000000084d00000, 0x0000000084d00000|100%| O|  |TAMS 0x0000000084d00000, 0x0000000084c00000| Untracked 
|  77|0x0000000084d00000, 0x0000000084e00000, 0x0000000084e00000|100%| O|  |TAMS 0x0000000084e00000, 0x0000000084d00000| Untracked 
|  78|0x0000000084e00000, 0x0000000084f00000, 0x0000000084f00000|100%| O|  |TAMS 0x0000000084f00000, 0x0000000084e00000| Untracked 
|  79|0x0000000084f00000, 0x0000000085000000, 0x0000000085000000|100%| O|  |TAMS 0x0000000085000000, 0x0000000084f00000| Untracked 
|  80|0x0000000085000000, 0x0000000085100000, 0x0000000085100000|100%| O|  |TAMS 0x0000000085100000, 0x0000000085000000| Untracked 
|  81|0x0000000085100000, 0x0000000085200000, 0x0000000085200000|100%| O|  |TAMS 0x0000000085200000, 0x0000000085100000| Untracked 
|  82|0x0000000085200000, 0x0000000085300000, 0x0000000085300000|100%| O|  |TAMS 0x0000000085300000, 0x0000000085200000| Untracked 
|  83|0x0000000085300000, 0x0000000085400000, 0x0000000085400000|100%| O|  |TAMS 0x0000000085400000, 0x0000000085300000| Untracked 
|  84|0x0000000085400000, 0x0000000085500000, 0x0000000085500000|100%| O|  |TAMS 0x0000000085500000, 0x0000000085400000| Untracked 
|  85|0x0000000085500000, 0x0000000085600000, 0x0000000085600000|100%| O|  |TAMS 0x0000000085600000, 0x0000000085500000| Untracked 
|  86|0x0000000085600000, 0x0000000085700000, 0x0000000085700000|100%| O|  |TAMS 0x0000000085700000, 0x0000000085600000| Untracked 
|  87|0x0000000085700000, 0x0000000085800000, 0x0000000085800000|100%| O|  |TAMS 0x0000000085800000, 0x0000000085700000| Untracked 
|  88|0x0000000085800000, 0x0000000085900000, 0x0000000085900000|100%| O|  |TAMS 0x0000000085900000, 0x0000000085800000| Untracked 
|  89|0x0000000085900000, 0x0000000085a00000, 0x0000000085a00000|100%|HS|  |TAMS 0x0000000085a00000, 0x0000000085900000| Complete 
|  90|0x0000000085a00000, 0x0000000085b00000, 0x0000000085b00000|100%| O|  |TAMS 0x0000000085b00000, 0x0000000085a00000| Untracked 
|  91|0x0000000085b00000, 0x0000000085c00000, 0x0000000085c00000|100%| O|  |TAMS 0x0000000085c00000, 0x0000000085b00000| Untracked 
|  92|0x0000000085c00000, 0x0000000085d00000, 0x0000000085d00000|100%| O|  |TAMS 0x0000000085d00000, 0x0000000085c00000| Untracked 
|  93|0x0000000085d00000, 0x0000000085e00000, 0x0000000085e00000|100%| O|  |TAMS 0x0000000085e00000, 0x0000000085d00000| Untracked 
|  94|0x0000000085e00000, 0x0000000085f00000, 0x0000000085f00000|100%| O|  |TAMS 0x0000000085f00000, 0x0000000085e00000| Untracked 
|  95|0x0000000085f00000, 0x0000000086000000, 0x0000000086000000|100%| O|  |TAMS 0x0000000086000000, 0x0000000085f00000| Untracked 
|  96|0x0000000086000000, 0x0000000086100000, 0x0000000086100000|100%| O|  |TAMS 0x0000000086100000, 0x0000000086000000| Untracked 
|  97|0x0000000086100000, 0x0000000086200000, 0x0000000086200000|100%| O|  |TAMS 0x0000000086200000, 0x0000000086100000| Untracked 
|  98|0x0000000086200000, 0x0000000086300000, 0x0000000086300000|100%| O|  |TAMS 0x0000000086300000, 0x0000000086200000| Untracked 
|  99|0x0000000086300000, 0x0000000086400000, 0x0000000086400000|100%| O|  |TAMS 0x0000000086400000, 0x0000000086300000| Untracked 
| 100|0x0000000086400000, 0x0000000086500000, 0x0000000086500000|100%| O|  |TAMS 0x0000000086500000, 0x0000000086400000| Untracked 
| 101|0x0000000086500000, 0x0000000086600000, 0x0000000086600000|100%| O|  |TAMS 0x0000000086600000, 0x0000000086500000| Untracked 
| 102|0x0000000086600000, 0x0000000086700000, 0x0000000086700000|100%| O|  |TAMS 0x0000000086700000, 0x0000000086600000| Untracked 
| 103|0x0000000086700000, 0x0000000086800000, 0x0000000086800000|100%| O|  |TAMS 0x0000000086800000, 0x0000000086700000| Untracked 
| 104|0x0000000086800000, 0x0000000086900000, 0x0000000086900000|100%| O|  |TAMS 0x00000000868bec00, 0x0000000086800000| Untracked 
| 105|0x0000000086900000, 0x0000000086a00000, 0x0000000086a00000|100%|HS|  |TAMS 0x0000000086a00000, 0x0000000086900000| Complete 
| 106|0x0000000086a00000, 0x0000000086b00000, 0x0000000086b00000|100%|HC|  |TAMS 0x0000000086b00000, 0x0000000086a00000| Complete 
| 107|0x0000000086b00000, 0x0000000086c00000, 0x0000000086c00000|100%|HS|  |TAMS 0x0000000086c00000, 0x0000000086b00000| Complete 
| 108|0x0000000086c00000, 0x0000000086d00000, 0x0000000086d00000|100%|HS|  |TAMS 0x0000000086d00000, 0x0000000086c00000| Complete 
| 109|0x0000000086d00000, 0x0000000086e00000, 0x0000000086e00000|100%|HC|  |TAMS 0x0000000086e00000, 0x0000000086d00000| Complete 
| 110|0x0000000086e00000, 0x0000000086f00000, 0x0000000086f00000|100%|HS|  |TAMS 0x0000000086f00000, 0x0000000086e00000| Complete 
| 111|0x0000000086f00000, 0x0000000087000000, 0x0000000087000000|100%|HC|  |TAMS 0x0000000087000000, 0x0000000086f00000| Complete 
| 112|0x0000000087000000, 0x0000000087100000, 0x0000000087100000|100%|HS|  |TAMS 0x0000000087100000, 0x0000000087000000| Complete 
| 113|0x0000000087100000, 0x0000000087200000, 0x0000000087200000|100%|HC|  |TAMS 0x0000000087200000, 0x0000000087100000| Complete 
| 114|0x0000000087200000, 0x0000000087300000, 0x0000000087300000|100%|HC|  |TAMS 0x0000000087300000, 0x0000000087200000| Complete 
| 115|0x0000000087300000, 0x0000000087400000, 0x0000000087400000|100%|HS|  |TAMS 0x0000000087300000, 0x0000000087300000| Complete 
| 116|0x0000000087400000, 0x0000000087500000, 0x0000000087500000|100%| O|  |TAMS 0x0000000087400000, 0x0000000087400000| Untracked 
| 117|0x0000000087500000, 0x0000000087600000, 0x0000000087600000|100%|HS|  |TAMS 0x0000000087500000, 0x0000000087500000| Complete 
| 118|0x0000000087600000, 0x0000000087700000, 0x0000000087700000|100%|HS|  |TAMS 0x0000000087700000, 0x0000000087600000| Complete 
| 119|0x0000000087700000, 0x0000000087800000, 0x0000000087800000|100%|HC|  |TAMS 0x0000000087800000, 0x0000000087700000| Complete 
| 120|0x0000000087800000, 0x0000000087900000, 0x0000000087900000|100%| O|  |TAMS 0x0000000087800000, 0x0000000087800000| Untracked 
| 121|0x0000000087900000, 0x0000000087a00000, 0x0000000087a00000|100%|HS|  |TAMS 0x0000000087a00000, 0x0000000087900000| Complete 
| 122|0x0000000087a00000, 0x0000000087b00000, 0x0000000087b00000|100%| O|  |TAMS 0x0000000087a00000, 0x0000000087a00000| Untracked 
| 123|0x0000000087b00000, 0x0000000087c00000, 0x0000000087c00000|100%| O|  |TAMS 0x0000000087b00000, 0x0000000087b00000| Untracked 
| 124|0x0000000087c00000, 0x0000000087d00000, 0x0000000087d00000|100%| O|  |TAMS 0x0000000087c00000, 0x0000000087c00000| Untracked 
| 125|0x0000000087d00000, 0x0000000087e00000, 0x0000000087e00000|100%| O|  |TAMS 0x0000000087d00000, 0x0000000087d00000| Untracked 
| 126|0x0000000087e00000, 0x0000000087f00000, 0x0000000087f00000|100%| O|  |TAMS 0x0000000087e00000, 0x0000000087e00000| Untracked 
| 127|0x0000000087f00000, 0x0000000088000000, 0x0000000088000000|100%| O|  |TAMS 0x0000000087f00000, 0x0000000087f00000| Untracked 
| 128|0x0000000088000000, 0x0000000088100000, 0x0000000088100000|100%| O|  |TAMS 0x0000000088000000, 0x0000000088000000| Untracked 
| 129|0x0000000088100000, 0x0000000088200000, 0x0000000088200000|100%| O|  |TAMS 0x0000000088100000, 0x0000000088100000| Untracked 
| 130|0x0000000088200000, 0x0000000088300000, 0x0000000088300000|100%| O|  |TAMS 0x0000000088200000, 0x0000000088200000| Untracked 
| 131|0x0000000088300000, 0x0000000088400000, 0x0000000088400000|100%|HS|  |TAMS 0x0000000088300000, 0x0000000088300000| Complete 
| 132|0x0000000088400000, 0x0000000088500000, 0x0000000088500000|100%|HC|  |TAMS 0x0000000088400000, 0x0000000088400000| Complete 
| 133|0x0000000088500000, 0x0000000088600000, 0x0000000088600000|100%| O|  |TAMS 0x0000000088500000, 0x0000000088500000| Untracked 
| 134|0x0000000088600000, 0x0000000088700000, 0x0000000088700000|100%| O|  |TAMS 0x0000000088600000, 0x0000000088600000| Untracked 
| 135|0x0000000088700000, 0x00000000887a2a00, 0x0000000088800000| 63%| O|  |TAMS 0x0000000088700000, 0x0000000088700000| Untracked 
| 136|0x0000000088800000, 0x0000000088900000, 0x0000000088900000|100%|HS|  |TAMS 0x0000000088800000, 0x0000000088800000| Complete 
| 137|0x0000000088900000, 0x0000000088a00000, 0x0000000088a00000|100%|HC|  |TAMS 0x0000000088900000, 0x0000000088900000| Complete 
| 138|0x0000000088a00000, 0x0000000088a00000, 0x0000000088b00000|  0%| F|  |TAMS 0x0000000088a00000, 0x0000000088a00000| Untracked 
| 139|0x0000000088b00000, 0x0000000088b00000, 0x0000000088c00000|  0%| F|  |TAMS 0x0000000088b00000, 0x0000000088b00000| Untracked 
| 140|0x0000000088c00000, 0x0000000088c00000, 0x0000000088d00000|  0%| F|  |TAMS 0x0000000088c00000, 0x0000000088c00000| Untracked 
| 141|0x0000000088d00000, 0x0000000088d00000, 0x0000000088e00000|  0%| F|  |TAMS 0x0000000088d00000, 0x0000000088d00000| Untracked 
| 142|0x0000000088e00000, 0x0000000088e00000, 0x0000000088f00000|  0%| F|  |TAMS 0x0000000088e00000, 0x0000000088e00000| Untracked 
| 143|0x0000000088f00000, 0x0000000088f00000, 0x0000000089000000|  0%| F|  |TAMS 0x0000000088f00000, 0x0000000088f00000| Untracked 
| 144|0x0000000089000000, 0x0000000089100000, 0x0000000089100000|100%| O|  |TAMS 0x0000000089000000, 0x0000000089000000| Untracked 
| 145|0x0000000089100000, 0x0000000089200000, 0x0000000089200000|100%| O|  |TAMS 0x0000000089100000, 0x0000000089100000| Untracked 
| 146|0x0000000089200000, 0x0000000089200000, 0x0000000089300000|  0%| F|  |TAMS 0x0000000089200000, 0x0000000089200000| Untracked 
| 147|0x0000000089300000, 0x0000000089300000, 0x0000000089400000|  0%| F|  |TAMS 0x0000000089300000, 0x0000000089300000| Untracked 
| 148|0x0000000089400000, 0x0000000089400000, 0x0000000089500000|  0%| F|  |TAMS 0x0000000089400000, 0x0000000089400000| Untracked 
| 149|0x0000000089500000, 0x0000000089500000, 0x0000000089600000|  0%| F|  |TAMS 0x0000000089500000, 0x0000000089500000| Untracked 
| 150|0x0000000089600000, 0x0000000089600000, 0x0000000089700000|  0%| F|  |TAMS 0x0000000089600000, 0x0000000089600000| Untracked 
| 151|0x0000000089700000, 0x0000000089700000, 0x0000000089800000|  0%| F|  |TAMS 0x0000000089700000, 0x0000000089700000| Untracked 
| 152|0x0000000089800000, 0x0000000089800000, 0x0000000089900000|  0%| F|  |TAMS 0x0000000089800000, 0x0000000089800000| Untracked 
| 153|0x0000000089900000, 0x0000000089900000, 0x0000000089a00000|  0%| F|  |TAMS 0x0000000089900000, 0x0000000089900000| Untracked 
| 154|0x0000000089a00000, 0x0000000089b00000, 0x0000000089b00000|100%|HS|  |TAMS 0x0000000089a00000, 0x0000000089a00000| Complete 
| 155|0x0000000089b00000, 0x0000000089c00000, 0x0000000089c00000|100%|HC|  |TAMS 0x0000000089b00000, 0x0000000089b00000| Complete 
| 156|0x0000000089c00000, 0x0000000089d00000, 0x0000000089d00000|100%|HC|  |TAMS 0x0000000089c00000, 0x0000000089c00000| Complete 
| 157|0x0000000089d00000, 0x0000000089e00000, 0x0000000089e00000|100%| O|  |TAMS 0x0000000089d00000, 0x0000000089d00000| Untracked 
| 158|0x0000000089e00000, 0x0000000089f00000, 0x0000000089f00000|100%| O|  |TAMS 0x0000000089e00000, 0x0000000089e00000| Untracked 
| 159|0x0000000089f00000, 0x000000008a000000, 0x000000008a000000|100%| O|  |TAMS 0x0000000089f00000, 0x0000000089f00000| Untracked 
| 160|0x000000008a000000, 0x000000008a100000, 0x000000008a100000|100%| O|  |TAMS 0x000000008a000000, 0x000000008a000000| Untracked 
| 161|0x000000008a100000, 0x000000008a200000, 0x000000008a200000|100%| O|  |TAMS 0x000000008a100000, 0x000000008a100000| Untracked 
| 162|0x000000008a200000, 0x000000008a300000, 0x000000008a300000|100%| O|  |TAMS 0x000000008a200000, 0x000000008a200000| Untracked 
| 163|0x000000008a300000, 0x000000008a400000, 0x000000008a400000|100%| O|  |TAMS 0x000000008a300000, 0x000000008a300000| Untracked 
| 164|0x000000008a400000, 0x000000008a500000, 0x000000008a500000|100%| O|  |TAMS 0x000000008a400000, 0x000000008a400000| Untracked 
| 165|0x000000008a500000, 0x000000008a600000, 0x000000008a600000|100%| O|  |TAMS 0x000000008a500000, 0x000000008a500000| Untracked 
| 166|0x000000008a600000, 0x000000008a700000, 0x000000008a700000|100%| O|  |TAMS 0x000000008a600000, 0x000000008a600000| Untracked 
| 167|0x000000008a700000, 0x000000008a800000, 0x000000008a800000|100%| O|  |TAMS 0x000000008a700000, 0x000000008a700000| Untracked 
| 168|0x000000008a800000, 0x000000008a800000, 0x000000008a900000|  0%| F|  |TAMS 0x000000008a800000, 0x000000008a800000| Untracked 
| 169|0x000000008a900000, 0x000000008a900000, 0x000000008aa00000|  0%| F|  |TAMS 0x000000008a900000, 0x000000008a900000| Untracked 
| 170|0x000000008aa00000, 0x000000008aa00000, 0x000000008ab00000|  0%| F|  |TAMS 0x000000008aa00000, 0x000000008aa00000| Untracked 
| 171|0x000000008ab00000, 0x000000008ab00000, 0x000000008ac00000|  0%| F|  |TAMS 0x000000008ab00000, 0x000000008ab00000| Untracked 
| 172|0x000000008ac00000, 0x000000008ac00000, 0x000000008ad00000|  0%| F|  |TAMS 0x000000008ac00000, 0x000000008ac00000| Untracked 
| 173|0x000000008ad00000, 0x000000008ad00000, 0x000000008ae00000|  0%| F|  |TAMS 0x000000008ad00000, 0x000000008ad00000| Untracked 
| 174|0x000000008ae00000, 0x000000008ae00000, 0x000000008af00000|  0%| F|  |TAMS 0x000000008ae00000, 0x000000008ae00000| Untracked 
| 175|0x000000008af00000, 0x000000008af00000, 0x000000008b000000|  0%| F|  |TAMS 0x000000008af00000, 0x000000008af00000| Untracked 
| 176|0x000000008b000000, 0x000000008b000000, 0x000000008b100000|  0%| F|  |TAMS 0x000000008b000000, 0x000000008b000000| Untracked 
| 177|0x000000008b100000, 0x000000008b100000, 0x000000008b200000|  0%| F|  |TAMS 0x000000008b100000, 0x000000008b100000| Untracked 
| 178|0x000000008b200000, 0x000000008b200000, 0x000000008b300000|  0%| F|  |TAMS 0x000000008b200000, 0x000000008b200000| Untracked 
| 179|0x000000008b300000, 0x000000008b300000, 0x000000008b400000|  0%| F|  |TAMS 0x000000008b300000, 0x000000008b300000| Untracked 
| 180|0x000000008b400000, 0x000000008b400000, 0x000000008b500000|  0%| F|  |TAMS 0x000000008b400000, 0x000000008b400000| Untracked 
| 181|0x000000008b500000, 0x000000008b500000, 0x000000008b600000|  0%| F|  |TAMS 0x000000008b500000, 0x000000008b500000| Untracked 
| 182|0x000000008b600000, 0x000000008b600000, 0x000000008b700000|  0%| F|  |TAMS 0x000000008b600000, 0x000000008b600000| Untracked 
| 183|0x000000008b700000, 0x000000008b700000, 0x000000008b800000|  0%| F|  |TAMS 0x000000008b700000, 0x000000008b700000| Untracked 
| 184|0x000000008b800000, 0x000000008b800000, 0x000000008b900000|  0%| F|  |TAMS 0x000000008b800000, 0x000000008b800000| Untracked 
| 185|0x000000008b900000, 0x000000008b900000, 0x000000008ba00000|  0%| F|  |TAMS 0x000000008b900000, 0x000000008b900000| Untracked 
| 186|0x000000008ba00000, 0x000000008ba00000, 0x000000008bb00000|  0%| F|  |TAMS 0x000000008ba00000, 0x000000008ba00000| Untracked 
| 187|0x000000008bb00000, 0x000000008bb00000, 0x000000008bc00000|  0%| F|  |TAMS 0x000000008bb00000, 0x000000008bb00000| Untracked 
| 188|0x000000008bc00000, 0x000000008bc00000, 0x000000008bd00000|  0%| F|  |TAMS 0x000000008bc00000, 0x000000008bc00000| Untracked 
| 189|0x000000008bd00000, 0x000000008bd00000, 0x000000008be00000|  0%| F|  |TAMS 0x000000008bd00000, 0x000000008bd00000| Untracked 
| 190|0x000000008be00000, 0x000000008be00000, 0x000000008bf00000|  0%| F|  |TAMS 0x000000008be00000, 0x000000008be00000| Untracked 
| 191|0x000000008bf00000, 0x000000008bf00000, 0x000000008c000000|  0%| F|  |TAMS 0x000000008bf00000, 0x000000008bf00000| Untracked 
| 192|0x000000008c000000, 0x000000008c000000, 0x000000008c100000|  0%| F|  |TAMS 0x000000008c000000, 0x000000008c000000| Untracked 
| 193|0x000000008c100000, 0x000000008c100000, 0x000000008c200000|  0%| F|  |TAMS 0x000000008c100000, 0x000000008c100000| Untracked 
| 194|0x000000008c200000, 0x000000008c200000, 0x000000008c300000|  0%| F|  |TAMS 0x000000008c200000, 0x000000008c200000| Untracked 
| 195|0x000000008c300000, 0x000000008c300000, 0x000000008c400000|  0%| F|  |TAMS 0x000000008c300000, 0x000000008c300000| Untracked 
| 196|0x000000008c400000, 0x000000008c400000, 0x000000008c500000|  0%| F|  |TAMS 0x000000008c400000, 0x000000008c400000| Untracked 
| 197|0x000000008c500000, 0x000000008c500000, 0x000000008c600000|  0%| F|  |TAMS 0x000000008c500000, 0x000000008c500000| Untracked 
| 198|0x000000008c600000, 0x000000008c600000, 0x000000008c700000|  0%| F|  |TAMS 0x000000008c600000, 0x000000008c600000| Untracked 
| 199|0x000000008c700000, 0x000000008c700000, 0x000000008c800000|  0%| F|  |TAMS 0x000000008c700000, 0x000000008c700000| Untracked 
| 200|0x000000008c800000, 0x000000008c800000, 0x000000008c900000|  0%| F|  |TAMS 0x000000008c800000, 0x000000008c800000| Untracked 
| 201|0x000000008c900000, 0x000000008c900000, 0x000000008ca00000|  0%| F|  |TAMS 0x000000008c900000, 0x000000008c900000| Untracked 
| 202|0x000000008ca00000, 0x000000008ca00000, 0x000000008cb00000|  0%| F|  |TAMS 0x000000008ca00000, 0x000000008ca00000| Untracked 
| 203|0x000000008cb00000, 0x000000008cb00000, 0x000000008cc00000|  0%| F|  |TAMS 0x000000008cb00000, 0x000000008cb00000| Untracked 
| 204|0x000000008cc00000, 0x000000008cc00000, 0x000000008cd00000|  0%| F|  |TAMS 0x000000008cc00000, 0x000000008cc00000| Untracked 
| 205|0x000000008cd00000, 0x000000008cd00000, 0x000000008ce00000|  0%| F|  |TAMS 0x000000008cd00000, 0x000000008cd00000| Untracked 
| 206|0x000000008ce00000, 0x000000008ce00000, 0x000000008cf00000|  0%| F|  |TAMS 0x000000008ce00000, 0x000000008ce00000| Untracked 
| 207|0x000000008cf00000, 0x000000008cf00000, 0x000000008d000000|  0%| F|  |TAMS 0x000000008cf00000, 0x000000008cf00000| Untracked 
| 208|0x000000008d000000, 0x000000008d000000, 0x000000008d100000|  0%| F|  |TAMS 0x000000008d000000, 0x000000008d000000| Untracked 
| 209|0x000000008d100000, 0x000000008d100000, 0x000000008d200000|  0%| F|  |TAMS 0x000000008d100000, 0x000000008d100000| Untracked 
| 210|0x000000008d200000, 0x000000008d200000, 0x000000008d300000|  0%| F|  |TAMS 0x000000008d200000, 0x000000008d200000| Untracked 
| 211|0x000000008d300000, 0x000000008d300000, 0x000000008d400000|  0%| F|  |TAMS 0x000000008d300000, 0x000000008d300000| Untracked 
| 212|0x000000008d400000, 0x000000008d400000, 0x000000008d500000|  0%| F|  |TAMS 0x000000008d400000, 0x000000008d400000| Untracked 
| 213|0x000000008d500000, 0x000000008d500000, 0x000000008d600000|  0%| F|  |TAMS 0x000000008d500000, 0x000000008d500000| Untracked 
| 214|0x000000008d600000, 0x000000008d600000, 0x000000008d700000|  0%| F|  |TAMS 0x000000008d600000, 0x000000008d600000| Untracked 
| 215|0x000000008d700000, 0x000000008d700000, 0x000000008d800000|  0%| F|  |TAMS 0x000000008d700000, 0x000000008d700000| Untracked 
| 216|0x000000008d800000, 0x000000008d800000, 0x000000008d900000|  0%| F|  |TAMS 0x000000008d800000, 0x000000008d800000| Untracked 
| 217|0x000000008d900000, 0x000000008d900000, 0x000000008da00000|  0%| F|  |TAMS 0x000000008d900000, 0x000000008d900000| Untracked 
| 218|0x000000008da00000, 0x000000008da00000, 0x000000008db00000|  0%| F|  |TAMS 0x000000008da00000, 0x000000008da00000| Untracked 
| 219|0x000000008db00000, 0x000000008db00000, 0x000000008dc00000|  0%| F|  |TAMS 0x000000008db00000, 0x000000008db00000| Untracked 
| 220|0x000000008dc00000, 0x000000008dc00000, 0x000000008dd00000|  0%| F|  |TAMS 0x000000008dc00000, 0x000000008dc00000| Untracked 
| 221|0x000000008dd00000, 0x000000008dd00000, 0x000000008de00000|  0%| F|  |TAMS 0x000000008dd00000, 0x000000008dd00000| Untracked 
| 222|0x000000008de00000, 0x000000008de00000, 0x000000008df00000|  0%| F|  |TAMS 0x000000008de00000, 0x000000008de00000| Untracked 
| 223|0x000000008df00000, 0x000000008df00000, 0x000000008e000000|  0%| F|  |TAMS 0x000000008df00000, 0x000000008df00000| Untracked 
| 224|0x000000008e000000, 0x000000008e000000, 0x000000008e100000|  0%| F|  |TAMS 0x000000008e000000, 0x000000008e000000| Untracked 
| 225|0x000000008e100000, 0x000000008e100000, 0x000000008e200000|  0%| F|  |TAMS 0x000000008e100000, 0x000000008e100000| Untracked 
| 226|0x000000008e200000, 0x000000008e200000, 0x000000008e300000|  0%| F|  |TAMS 0x000000008e200000, 0x000000008e200000| Untracked 
| 227|0x000000008e300000, 0x000000008e300000, 0x000000008e400000|  0%| F|  |TAMS 0x000000008e300000, 0x000000008e300000| Untracked 
| 228|0x000000008e400000, 0x000000008e400000, 0x000000008e500000|  0%| F|  |TAMS 0x000000008e400000, 0x000000008e400000| Untracked 
| 229|0x000000008e500000, 0x000000008e500000, 0x000000008e600000|  0%| F|  |TAMS 0x000000008e500000, 0x000000008e500000| Untracked 
| 230|0x000000008e600000, 0x000000008e600000, 0x000000008e700000|  0%| F|  |TAMS 0x000000008e600000, 0x000000008e600000| Untracked 
| 231|0x000000008e700000, 0x000000008e700000, 0x000000008e800000|  0%| F|  |TAMS 0x000000008e700000, 0x000000008e700000| Untracked 
| 232|0x000000008e800000, 0x000000008e800000, 0x000000008e900000|  0%| F|  |TAMS 0x000000008e800000, 0x000000008e800000| Untracked 
| 233|0x000000008e900000, 0x000000008e900000, 0x000000008ea00000|  0%| F|  |TAMS 0x000000008e900000, 0x000000008e900000| Untracked 
| 234|0x000000008ea00000, 0x000000008ea00000, 0x000000008eb00000|  0%| F|  |TAMS 0x000000008ea00000, 0x000000008ea00000| Untracked 
| 235|0x000000008eb00000, 0x000000008eb00000, 0x000000008ec00000|  0%| F|  |TAMS 0x000000008eb00000, 0x000000008eb00000| Untracked 
| 236|0x000000008ec00000, 0x000000008ec00000, 0x000000008ed00000|  0%| F|  |TAMS 0x000000008ec00000, 0x000000008ec00000| Untracked 
| 237|0x000000008ed00000, 0x000000008ed00000, 0x000000008ee00000|  0%| F|  |TAMS 0x000000008ed00000, 0x000000008ed00000| Untracked 
| 238|0x000000008ee00000, 0x000000008ee00000, 0x000000008ef00000|  0%| F|  |TAMS 0x000000008ee00000, 0x000000008ee00000| Untracked 
| 239|0x000000008ef00000, 0x000000008ef00000, 0x000000008f000000|  0%| F|  |TAMS 0x000000008ef00000, 0x000000008ef00000| Untracked 
| 240|0x000000008f000000, 0x000000008f000000, 0x000000008f100000|  0%| F|  |TAMS 0x000000008f000000, 0x000000008f000000| Untracked 
| 241|0x000000008f100000, 0x000000008f100000, 0x000000008f200000|  0%| F|  |TAMS 0x000000008f100000, 0x000000008f100000| Untracked 
| 242|0x000000008f200000, 0x000000008f200000, 0x000000008f300000|  0%| F|  |TAMS 0x000000008f200000, 0x000000008f200000| Untracked 
| 243|0x000000008f300000, 0x000000008f300000, 0x000000008f400000|  0%| F|  |TAMS 0x000000008f300000, 0x000000008f300000| Untracked 
| 244|0x000000008f400000, 0x000000008f400000, 0x000000008f500000|  0%| F|  |TAMS 0x000000008f400000, 0x000000008f400000| Untracked 
| 245|0x000000008f500000, 0x000000008f500000, 0x000000008f600000|  0%| F|  |TAMS 0x000000008f500000, 0x000000008f500000| Untracked 
| 246|0x000000008f600000, 0x000000008f600000, 0x000000008f700000|  0%| F|  |TAMS 0x000000008f600000, 0x000000008f600000| Untracked 
| 247|0x000000008f700000, 0x000000008f700000, 0x000000008f800000|  0%| F|  |TAMS 0x000000008f700000, 0x000000008f700000| Untracked 
| 248|0x000000008f800000, 0x000000008f800000, 0x000000008f900000|  0%| F|  |TAMS 0x000000008f800000, 0x000000008f800000| Untracked 
| 249|0x000000008f900000, 0x000000008f900000, 0x000000008fa00000|  0%| F|  |TAMS 0x000000008f900000, 0x000000008f900000| Untracked 
| 250|0x000000008fa00000, 0x000000008fa00000, 0x000000008fb00000|  0%| F|  |TAMS 0x000000008fa00000, 0x000000008fa00000| Untracked 
| 251|0x000000008fb00000, 0x000000008fb00000, 0x000000008fc00000|  0%| F|  |TAMS 0x000000008fb00000, 0x000000008fb00000| Untracked 
| 252|0x000000008fc00000, 0x000000008fc00000, 0x000000008fd00000|  0%| F|  |TAMS 0x000000008fc00000, 0x000000008fc00000| Untracked 
| 253|0x000000008fd00000, 0x000000008fd00000, 0x000000008fe00000|  0%| F|  |TAMS 0x000000008fd00000, 0x000000008fd00000| Untracked 
| 254|0x000000008fe00000, 0x000000008fe00000, 0x000000008ff00000|  0%| F|  |TAMS 0x000000008fe00000, 0x000000008fe00000| Untracked 
| 255|0x000000008ff00000, 0x000000008ff00000, 0x0000000090000000|  0%| F|  |TAMS 0x000000008ff00000, 0x000000008ff00000| Untracked 
| 256|0x0000000090000000, 0x0000000090000000, 0x0000000090100000|  0%| F|  |TAMS 0x0000000090000000, 0x0000000090000000| Untracked 
| 257|0x0000000090100000, 0x0000000090100000, 0x0000000090200000|  0%| F|  |TAMS 0x0000000090100000, 0x0000000090100000| Untracked 
| 258|0x0000000090200000, 0x0000000090200000, 0x0000000090300000|  0%| F|  |TAMS 0x0000000090200000, 0x0000000090200000| Untracked 
| 259|0x0000000090300000, 0x0000000090300000, 0x0000000090400000|  0%| F|  |TAMS 0x0000000090300000, 0x0000000090300000| Untracked 
| 260|0x0000000090400000, 0x0000000090400000, 0x0000000090500000|  0%| F|  |TAMS 0x0000000090400000, 0x0000000090400000| Untracked 
| 261|0x0000000090500000, 0x0000000090500000, 0x0000000090600000|  0%| F|  |TAMS 0x0000000090500000, 0x0000000090500000| Untracked 
| 262|0x0000000090600000, 0x0000000090600000, 0x0000000090700000|  0%| F|  |TAMS 0x0000000090600000, 0x0000000090600000| Untracked 
| 263|0x0000000090700000, 0x0000000090700000, 0x0000000090800000|  0%| F|  |TAMS 0x0000000090700000, 0x0000000090700000| Untracked 
| 264|0x0000000090800000, 0x0000000090800000, 0x0000000090900000|  0%| F|  |TAMS 0x0000000090800000, 0x0000000090800000| Untracked 
| 265|0x0000000090900000, 0x0000000090900000, 0x0000000090a00000|  0%| F|  |TAMS 0x0000000090900000, 0x0000000090900000| Untracked 
| 266|0x0000000090a00000, 0x0000000090a00000, 0x0000000090b00000|  0%| F|  |TAMS 0x0000000090a00000, 0x0000000090a00000| Untracked 
| 267|0x0000000090b00000, 0x0000000090b00000, 0x0000000090c00000|  0%| F|  |TAMS 0x0000000090b00000, 0x0000000090b00000| Untracked 
| 268|0x0000000090c00000, 0x0000000090c00000, 0x0000000090d00000|  0%| F|  |TAMS 0x0000000090c00000, 0x0000000090c00000| Untracked 
| 269|0x0000000090d00000, 0x0000000090d00000, 0x0000000090e00000|  0%| F|  |TAMS 0x0000000090d00000, 0x0000000090d00000| Untracked 
| 270|0x0000000090e00000, 0x0000000090e00000, 0x0000000090f00000|  0%| F|  |TAMS 0x0000000090e00000, 0x0000000090e00000| Untracked 
| 271|0x0000000090f00000, 0x0000000090f00000, 0x0000000091000000|  0%| F|  |TAMS 0x0000000090f00000, 0x0000000090f00000| Untracked 
| 272|0x0000000091000000, 0x0000000091000000, 0x0000000091100000|  0%| F|  |TAMS 0x0000000091000000, 0x0000000091000000| Untracked 
| 273|0x0000000091100000, 0x0000000091100000, 0x0000000091200000|  0%| F|  |TAMS 0x0000000091100000, 0x0000000091100000| Untracked 
| 274|0x0000000091200000, 0x0000000091200000, 0x0000000091300000|  0%| F|  |TAMS 0x0000000091200000, 0x0000000091200000| Untracked 
| 275|0x0000000091300000, 0x0000000091300000, 0x0000000091400000|  0%| F|  |TAMS 0x0000000091300000, 0x0000000091300000| Untracked 
| 276|0x0000000091400000, 0x0000000091400000, 0x0000000091500000|  0%| F|  |TAMS 0x0000000091400000, 0x0000000091400000| Untracked 
| 277|0x0000000091500000, 0x0000000091500000, 0x0000000091600000|  0%| F|  |TAMS 0x0000000091500000, 0x0000000091500000| Untracked 
| 278|0x0000000091600000, 0x0000000091700000, 0x0000000091700000|100%| S|CS|TAMS 0x0000000091600000, 0x0000000091600000| Complete 
| 279|0x0000000091700000, 0x0000000091800000, 0x0000000091800000|100%| S|CS|TAMS 0x0000000091700000, 0x0000000091700000| Complete 
| 280|0x0000000091800000, 0x0000000091800000, 0x0000000091900000|  0%| F|  |TAMS 0x0000000091800000, 0x0000000091800000| Untracked 
| 281|0x0000000091900000, 0x0000000091900000, 0x0000000091a00000|  0%| F|  |TAMS 0x0000000091900000, 0x0000000091900000| Untracked 
| 282|0x0000000091a00000, 0x0000000091a00000, 0x0000000091b00000|  0%| F|  |TAMS 0x0000000091a00000, 0x0000000091a00000| Untracked 
| 283|0x0000000091b00000, 0x0000000091b00000, 0x0000000091c00000|  0%| F|  |TAMS 0x0000000091b00000, 0x0000000091b00000| Untracked 
| 284|0x0000000091c00000, 0x0000000091c00000, 0x0000000091d00000|  0%| F|  |TAMS 0x0000000091c00000, 0x0000000091c00000| Untracked 
| 285|0x0000000091d00000, 0x0000000091d00000, 0x0000000091e00000|  0%| F|  |TAMS 0x0000000091d00000, 0x0000000091d00000| Untracked 
| 286|0x0000000091e00000, 0x0000000091e00000, 0x0000000091f00000|  0%| F|  |TAMS 0x0000000091e00000, 0x0000000091e00000| Untracked 
| 287|0x0000000091f00000, 0x0000000091f00000, 0x0000000092000000|  0%| F|  |TAMS 0x0000000091f00000, 0x0000000091f00000| Untracked 
| 288|0x0000000092000000, 0x0000000092000000, 0x0000000092100000|  0%| F|  |TAMS 0x0000000092000000, 0x0000000092000000| Untracked 

Card table byte_map: [0x000001e99c860000,0x000001e99cc60000] _byte_map_base: 0x000001e99c460000

Marking Bits (Prev, Next): (CMBitMap*) 0x000001e989fe8d70, (CMBitMap*) 0x000001e989fe8db0
 Prev Bits: [0x000001e99d060000, 0x000001e99f060000)
 Next Bits: [0x000001e99f060000, 0x000001e9a1060000)

Polling page: 0x000001e989760000

Metaspace:

Usage:
  Non-class:     85.74 MB used.
      Class:     13.49 MB used.
       Both:     99.23 MB used.

Virtual space:
  Non-class space:       88.00 MB reserved,      86.12 MB ( 98%) committed,  11 nodes.
      Class space:        1.00 GB reserved,      13.81 MB (  1%) committed,  1 nodes.
             Both:        1.09 GB reserved,      99.94 MB (  9%) committed. 

Chunk freelists:
   Non-Class:  1.48 MB
       Class:  2.09 MB
        Both:  3.58 MB

MaxMetaspaceSize: unlimited
CompressedClassSpaceSize: 1.00 GB
Initial GC threshold: 21.00 MB
Current GC threshold: 166.56 MB
CDS: off
MetaspaceReclaimPolicy: balanced
 - commit_granule_bytes: 65536.
 - commit_granule_words: 8192.
 - virtual_space_node_default_size: 1048576.
 - enlarge_chunks_in_place: 1.
 - new_chunks_are_fully_committed: 0.
 - uncommit_free_chunks: 1.
 - use_allocation_guard: 0.
 - handle_deallocations: 1.


Internal statistics:

num_allocs_failed_limit: 6.
num_arena_births: 1008.
num_arena_deaths: 0.
num_vsnodes_births: 12.
num_vsnodes_deaths: 0.
num_space_committed: 1598.
num_space_uncommitted: 0.
num_chunks_returned_to_freelist: 6.
num_chunks_taken_from_freelist: 4827.
num_chunk_merges: 6.
num_chunk_splits: 3181.
num_chunks_enlarged: 2129.
num_purges: 0.
num_inconsistent_stats: 0.

CodeHeap 'non-profiled nmethods': size=120000Kb used=6640Kb max_used=6640Kb free=113359Kb
 bounds [0x000001e994f30000, 0x000001e9955b0000, 0x000001e99c460000]
CodeHeap 'profiled nmethods': size=120000Kb used=21844Kb max_used=21844Kb free=98155Kb
 bounds [0x000001e98d460000, 0x000001e98e9c0000, 0x000001e994990000]
CodeHeap 'non-nmethods': size=5760Kb used=2407Kb max_used=2487Kb free=3353Kb
 bounds [0x000001e994990000, 0x000001e994c10000, 0x000001e994f30000]
 total_blobs=11999 nmethods=11060 adapters=851
 compilation: enabled
              stopped_count=0, restarted_count=0
 full_count=0

Compilation events (20 events):
Event: 34.286 Thread 0x000001e9a4021620 nmethod 12637 0x000001e9955a7710 code [0x000001e9955a78a0, 0x000001e9955a7ef8]
Event: 34.287 Thread 0x000001e9a4021620 12638       4       com.android.tools.r8.internal.Xt::a (584 bytes)
Event: 34.290 Thread 0x000001e9a4021620 nmethod 12638 0x000001e9955a8310 code [0x000001e9955a84a0, 0x000001e9955a86c8]
Event: 34.290 Thread 0x000001e9a4021620 12639       4       com.android.tools.r8.graph.u2::c (45 bytes)
Event: 34.314 Thread 0x000001e9a4021620 nmethod 12639 0x000001e9955a8910 code [0x000001e9955a8a80, 0x000001e9955a8c58]
Event: 34.314 Thread 0x000001e9a4021620 12636       4       com.android.tools.r8.graph.Y0::<init> (44 bytes)
Event: 34.330 Thread 0x000001e9a4022f10 12641       3       com.android.tools.r8.graph.Y0::c (62 bytes)
Event: 34.332 Thread 0x000001e9a4021620 nmethod 12636 0x000001e9955a8d10 code [0x000001e9955a8ec0, 0x000001e9955a9528]
Event: 34.332 Thread 0x000001e9a4022f10 nmethod 12641 0x000001e98e9b4390 code [0x000001e98e9b4600, 0x000001e98e9b5368]
Event: 34.333 Thread 0x000001e9a4021620 12642       4       com.android.tools.r8.graph.p1::a (23 bytes)
Event: 34.341 Thread 0x000001e9a4021620 nmethod 12642 0x000001e9955a9890 code [0x000001e9955a9a20, 0x000001e9955a9e48]
Event: 34.341 Thread 0x000001e9a4021620 12640       4       com.android.tools.r8.dex.B::a (77 bytes)
Event: 34.371 Thread 0x000001e9a4022f10 12646       3       com.android.tools.r8.internal.Xt::a (160 bytes)
Event: 34.372 Thread 0x000001e9a4022f10 nmethod 12646 0x000001e98e9b5690 code [0x000001e98e9b5860, 0x000001e98e9b5e38]
Event: 34.381 Thread 0x000001e9a4022f10 12647       3       com.android.tools.r8.internal.xk::a (71 bytes)
Event: 34.382 Thread 0x000001e9a4022f10 nmethod 12647 0x000001e98e9b5f90 code [0x000001e98e9b6240, 0x000001e98e9b6d28]
Event: 34.386 Thread 0x000001e9a4021620 nmethod 12640 0x000001e9955a9f90 code [0x000001e9955aa1a0, 0x000001e9955aafd8]
Event: 34.386 Thread 0x000001e9a4021620 12644       4       com.android.tools.r8.internal.Rq::get (106 bytes)
Event: 34.390 Thread 0x000001e9a4021620 nmethod 12644 0x000001e9955abd10 code [0x000001e9955abea0, 0x000001e9955ac098]
Event: 34.390 Thread 0x000001e9a4021620 12645       4       com.android.tools.r8.graph.r2::s0 (37 bytes)

GC Heap History (20 events):
Event: 25.340 GC heap after
{Heap after GC invocations=35 (full 0):
 garbage-first heap   total 162816K, used 83799K [0x0000000080000000, 0x0000000100000000)
  region size 1024K, 8 young (8192K), 8 survivors (8192K)
 Metaspace       used 91906K, committed 92608K, reserved 1130496K
  class space    used 12501K, committed 12864K, reserved 1048576K
}
Event: 25.945 GC heap before
{Heap before GC invocations=35 (full 0):
 garbage-first heap   total 162816K, used 131927K [0x0000000080000000, 0x0000000100000000)
  region size 1024K, 55 young (56320K), 8 survivors (8192K)
 Metaspace       used 92258K, committed 92928K, reserved 1130496K
  class space    used 12535K, committed 12864K, reserved 1048576K
}
Event: 25.974 GC heap after
{Heap after GC invocations=36 (full 0):
 garbage-first heap   total 162816K, used 91386K [0x0000000080000000, 0x0000000100000000)
  region size 1024K, 7 young (7168K), 7 survivors (7168K)
 Metaspace       used 92258K, committed 92928K, reserved 1130496K
  class space    used 12535K, committed 12864K, reserved 1048576K
}
Event: 27.262 GC heap before
{Heap before GC invocations=37 (full 0):
 garbage-first heap   total 167936K, used 129274K [0x0000000080000000, 0x0000000100000000)
  region size 1024K, 45 young (46080K), 7 survivors (7168K)
 Metaspace       used 94506K, committed 95232K, reserved 1138688K
  class space    used 12965K, committed 13312K, reserved 1048576K
}
Event: 27.284 GC heap after
{Heap after GC invocations=38 (full 0):
 garbage-first heap   total 167936K, used 97280K [0x0000000080000000, 0x0000000100000000)
  region size 1024K, 5 young (5120K), 5 survivors (5120K)
 Metaspace       used 94506K, committed 95232K, reserved 1138688K
  class space    used 12965K, committed 13312K, reserved 1048576K
}
Event: 27.314 GC heap before
{Heap before GC invocations=38 (full 0):
 garbage-first heap   total 167936K, used 99328K [0x0000000080000000, 0x0000000100000000)
  region size 1024K, 8 young (8192K), 5 survivors (5120K)
 Metaspace       used 94509K, committed 95232K, reserved 1138688K
  class space    used 12965K, committed 13312K, reserved 1048576K
}
Event: 27.333 GC heap after
{Heap after GC invocations=39 (full 0):
 garbage-first heap   total 201728K, used 97280K [0x0000000080000000, 0x0000000100000000)
  region size 1024K, 1 young (1024K), 1 survivors (1024K)
 Metaspace       used 94509K, committed 95232K, reserved 1138688K
  class space    used 12965K, committed 13312K, reserved 1048576K
}
Event: 29.041 GC heap before
{Heap before GC invocations=39 (full 0):
 garbage-first heap   total 201728K, used 156672K [0x0000000080000000, 0x0000000100000000)
  region size 1024K, 60 young (61440K), 1 survivors (1024K)
 Metaspace       used 95190K, committed 95808K, reserved 1138688K
  class space    used 13012K, committed 13312K, reserved 1048576K
}
Event: 29.059 GC heap after
{Heap after GC invocations=40 (full 0):
 garbage-first heap   total 201728K, used 101807K [0x0000000080000000, 0x0000000100000000)
  region size 1024K, 6 young (6144K), 6 survivors (6144K)
 Metaspace       used 95190K, committed 95808K, reserved 1138688K
  class space    used 13012K, committed 13312K, reserved 1048576K
}
Event: 30.657 GC heap before
{Heap before GC invocations=41 (full 0):
 garbage-first heap   total 201728K, used 159151K [0x0000000080000000, 0x0000000100000000)
  region size 1024K, 63 young (64512K), 6 survivors (6144K)
 Metaspace       used 95520K, committed 96192K, reserved 1138688K
  class space    used 13029K, committed 13376K, reserved 1048576K
}
Event: 30.677 GC heap after
{Heap after GC invocations=42 (full 0):
 garbage-first heap   total 201728K, used 106181K [0x0000000080000000, 0x0000000100000000)
  region size 1024K, 5 young (5120K), 5 survivors (5120K)
 Metaspace       used 95520K, committed 96192K, reserved 1138688K
  class space    used 13029K, committed 13376K, reserved 1048576K
}
Event: 30.742 GC heap before
{Heap before GC invocations=42 (full 0):
 garbage-first heap   total 201728K, used 110277K [0x0000000080000000, 0x0000000100000000)
  region size 1024K, 9 young (9216K), 5 survivors (5120K)
 Metaspace       used 95629K, committed 96320K, reserved 1138688K
  class space    used 13052K, committed 13376K, reserved 1048576K
}
Event: 30.752 GC heap after
{Heap after GC invocations=43 (full 0):
 garbage-first heap   total 201728K, used 106152K [0x0000000080000000, 0x0000000100000000)
  region size 1024K, 1 young (1024K), 1 survivors (1024K)
 Metaspace       used 95629K, committed 96320K, reserved 1138688K
  class space    used 13052K, committed 13376K, reserved 1048576K
}
Event: 32.406 GC heap before
{Heap before GC invocations=43 (full 0):
 garbage-first heap   total 201728K, used 162472K [0x0000000080000000, 0x0000000100000000)
  region size 1024K, 56 young (57344K), 1 survivors (1024K)
 Metaspace       used 97687K, committed 98432K, reserved 1138688K
  class space    used 13265K, committed 13632K, reserved 1048576K
}
Event: 32.423 GC heap after
{Heap after GC invocations=44 (full 0):
 garbage-first heap   total 201728K, used 110976K [0x0000000080000000, 0x0000000100000000)
  region size 1024K, 6 young (6144K), 6 survivors (6144K)
 Metaspace       used 97687K, committed 98432K, reserved 1138688K
  class space    used 13265K, committed 13632K, reserved 1048576K
}
Event: 33.686 GC heap before
{Heap before GC invocations=44 (full 0):
 garbage-first heap   total 201728K, used 173440K [0x0000000080000000, 0x0000000100000000)
  region size 1024K, 49 young (50176K), 6 survivors (6144K)
 Metaspace       used 101270K, committed 101952K, reserved 1138688K
  class space    used 13763K, committed 14080K, reserved 1048576K
}
Event: 33.701 GC heap after
{Heap after GC invocations=45 (full 0):
 garbage-first heap   total 201728K, used 135132K [0x0000000080000000, 0x0000000100000000)
  region size 1024K, 8 young (8192K), 8 survivors (8192K)
 Metaspace       used 101270K, committed 101952K, reserved 1138688K
  class space    used 13763K, committed 14080K, reserved 1048576K
}
Event: 34.291 GC heap before
{Heap before GC invocations=46 (full 0):
 garbage-first heap   total 295936K, used 188380K [0x0000000080000000, 0x0000000100000000)
  region size 1024K, 39 young (39936K), 8 survivors (8192K)
 Metaspace       used 101608K, committed 102336K, reserved 1138688K
  class space    used 13810K, committed 14144K, reserved 1048576K
}
Event: 34.314 GC heap after
{Heap after GC invocations=47 (full 0):
 garbage-first heap   total 295936K, used 154624K [0x0000000080000000, 0x0000000100000000)
  region size 1024K, 5 young (5120K), 5 survivors (5120K)
 Metaspace       used 101608K, committed 102336K, reserved 1138688K
  class space    used 13810K, committed 14144K, reserved 1048576K
}
Event: 34.414 GC heap before
{Heap before GC invocations=47 (full 0):
 garbage-first heap   total 295936K, used 163840K [0x0000000080000000, 0x0000000100000000)
  region size 1024K, 14 young (14336K), 5 survivors (5120K)
 Metaspace       used 101609K, committed 102336K, reserved 1138688K
  class space    used 13810K, committed 14144K, reserved 1048576K
}

Dll operation events (2 events):
Event: 0.013 Loaded shared library C:\Program Files\Android\Android Studio\jbr\bin\java.dll
Event: 0.798 Loaded shared library C:\Program Files\Android\Android Studio\jbr\bin\verify.dll

Deoptimization events (20 events):
Event: 34.097 Thread 0x000001e9aeda5590 DEOPT PACKING pc=0x000001e98e99f106 sp=0x00000025e6efd610
Event: 34.097 Thread 0x000001e9aeda5590 DEOPT UNPACKING pc=0x000001e9949e7143 sp=0x00000025e6efca88 mode 0
Event: 34.098 Thread 0x000001e9aeda5590 DEOPT PACKING pc=0x000001e98e99f106 sp=0x00000025e6efd610
Event: 34.098 Thread 0x000001e9aeda5590 DEOPT UNPACKING pc=0x000001e9949e7143 sp=0x00000025e6efca88 mode 0
Event: 34.099 Thread 0x000001e9aeda5590 DEOPT PACKING pc=0x000001e98e99f106 sp=0x00000025e6efd610
Event: 34.099 Thread 0x000001e9aeda5590 DEOPT UNPACKING pc=0x000001e9949e7143 sp=0x00000025e6efca88 mode 0
Event: 34.100 Thread 0x000001e9aeda5590 DEOPT PACKING pc=0x000001e98e99f106 sp=0x00000025e6efd610
Event: 34.100 Thread 0x000001e9aeda5590 DEOPT UNPACKING pc=0x000001e9949e7143 sp=0x00000025e6efca88 mode 0
Event: 34.101 Thread 0x000001e9aeda5590 DEOPT PACKING pc=0x000001e98e99f106 sp=0x00000025e6efd610
Event: 34.101 Thread 0x000001e9aeda5590 DEOPT UNPACKING pc=0x000001e9949e7143 sp=0x00000025e6efca88 mode 0
Event: 34.137 Thread 0x000001e9aeda5590 DEOPT PACKING pc=0x000001e98e99f106 sp=0x00000025e6efd610
Event: 34.137 Thread 0x000001e9aeda5590 DEOPT UNPACKING pc=0x000001e9949e7143 sp=0x00000025e6efca88 mode 0
Event: 34.139 Thread 0x000001e9aeda5590 DEOPT PACKING pc=0x000001e98e99f106 sp=0x00000025e6efd610
Event: 34.139 Thread 0x000001e9aeda5590 DEOPT UNPACKING pc=0x000001e9949e7143 sp=0x00000025e6efca88 mode 0
Event: 34.140 Thread 0x000001e9aeda5590 DEOPT PACKING pc=0x000001e98e99f106 sp=0x00000025e6efd610
Event: 34.140 Thread 0x000001e9aeda5590 DEOPT UNPACKING pc=0x000001e9949e7143 sp=0x00000025e6efca88 mode 0
Event: 34.141 Thread 0x000001e9aeda5590 DEOPT PACKING pc=0x000001e98e99f106 sp=0x00000025e6efd610
Event: 34.142 Thread 0x000001e9aeda5590 DEOPT UNPACKING pc=0x000001e9949e7143 sp=0x00000025e6efca88 mode 0
Event: 34.143 Thread 0x000001e9aeda5590 DEOPT PACKING pc=0x000001e98e99f106 sp=0x00000025e6efd610
Event: 34.143 Thread 0x000001e9aeda5590 DEOPT UNPACKING pc=0x000001e9949e7143 sp=0x00000025e6efca88 mode 0

Classes unloaded (0 events):
No events

Classes redefined (0 events):
No events

Internal exceptions (20 events):
Event: 30.845 Thread 0x000001e9a829def0 Exception <a 'sun/nio/fs/WindowsException'{0x000000008c102e68}> (0x000000008c102e68) 
thrown [s\src\hotspot\share\prims\jni.cpp, line 517]
Event: 30.845 Thread 0x000001e9a829def0 Exception <a 'sun/nio/fs/WindowsException'{0x000000008c103248}> (0x000000008c103248) 
thrown [s\src\hotspot\share\prims\jni.cpp, line 517]
Event: 30.845 Thread 0x000001e9a829def0 Exception <a 'sun/nio/fs/WindowsException'{0x000000008c1050e0}> (0x000000008c1050e0) 
thrown [s\src\hotspot\share\prims\jni.cpp, line 517]
Event: 30.865 Thread 0x000001e9a829def0 Exception <a 'java/lang/NoSuchMethodError'{0x000000008bf73188}: static Lcom/android/builder/internal/aapt/AaptOptions;.<clinit>()V> (0x000000008bf73188) 
thrown [s\src\hotspot\share\prims\jni.cpp, line 1108]
Event: 30.869 Thread 0x000001e9a829def0 Exception <a 'java/lang/NoSuchMethodError'{0x000000008bfa7258}: static [Ljava/lang/Object;.<clinit>()V> (0x000000008bfa7258) 
thrown [s\src\hotspot\share\prims\jni.cpp, line 1108]
Event: 30.870 Thread 0x000001e9a829def0 Exception <a 'java/lang/NoSuchMethodError'{0x000000008bfb7de0}: static Ljava/lang/Object;.<clinit>()V> (0x000000008bfb7de0) 
thrown [s\src\hotspot\share\prims\jni.cpp, line 1108]
Event: 30.872 Thread 0x000001e9a829def0 Exception <a 'java/lang/NoSuchMethodError'{0x000000008bfd6980}: static Lcom/android/build/api/variant/impl/SerializableApplicationMultiOutputHandler;.<clinit>()V> (0x000000008bfd6980) 
thrown [s\src\hotspot\share\prims\jni.cpp, line 1108]
Event: 30.874 Thread 0x000001e9a829def0 Exception <a 'java/lang/NoSuchMethodError'{0x000000008bfec220}: static Lcom/android/build/api/variant/impl/VariantOutputImpl$SerializedForm;.<clinit>()V> (0x000000008bfec220) 
thrown [s\src\hotspot\share\prims\jni.cpp, line 1108]
Event: 30.875 Thread 0x000001e9a829def0 Exception <a 'java/lang/NoSuchMethodError'{0x000000008be00120}: static Lcom/android/build/api/variant/impl/VariantOutputConfigurationImpl;.<clinit>()V> (0x000000008be00120) 
thrown [s\src\hotspot\share\prims\jni.cpp, line 1108]
Event: 31.024 Thread 0x000001e9a829c6e0 Exception <a 'sun/nio/fs/WindowsException'{0x000000008bca99d8}> (0x000000008bca99d8) 
thrown [s\src\hotspot\share\prims\jni.cpp, line 517]
Event: 31.082 Thread 0x000001e9a829c6e0 Exception <a 'java/lang/NoSuchMethodError'{0x000000008bb8eee8}: 'int java.lang.invoke.DirectMethodHandle$Holder.invokeSpecial(java.lang.Object, java.lang.Object, java.lang.Object, java.lang.Object, java.lang.Object)'> (0x000000008bb8eee8) 
thrown [s\src\hotspot\share\interpreter\linkResolver.cpp, line 771]
Event: 32.246 Thread 0x000001e9a829f700 Exception <a 'java/lang/NoSuchMethodError'{0x00000000895e6610}: 'void java.lang.invoke.DirectMethodHandle$Holder.invokeStatic(java.lang.Object, long)'> (0x00000000895e6610) 
thrown [s\src\hotspot\share\interpreter\linkResolver.cpp, line 771]
Event: 32.247 Thread 0x000001e9a829f700 Exception <a 'java/lang/NoSuchMethodError'{0x00000000895ebf10}: 'java.lang.Object java.lang.invoke.DirectMethodHandle$Holder.newInvokeSpecial(java.lang.Object, long)'> (0x00000000895ebf10) 
thrown [s\src\hotspot\share\interpreter\linkResolver.cpp, line 771]
Event: 32.250 Thread 0x000001e9a829f700 Exception <a 'java/lang/NoSuchMethodError'{0x0000000089404ef0}: 'java.lang.Object java.lang.invoke.DirectMethodHandle$Holder.invokeStatic(java.lang.Object, java.lang.Object, long, java.lang.Object)'> (0x0000000089404ef0) 
thrown [s\src\hotspot\share\interpreter\linkResolver.cpp, line 771]
Event: 32.251 Thread 0x000001e9a829f700 Exception <a 'java/lang/NoSuchMethodError'{0x0000000089408970}: 'java.lang.Object java.lang.invoke.DirectMethodHandle$Holder.invokeStaticInit(java.lang.Object, java.lang.Object, long, java.lang.Object)'> (0x0000000089408970) 
thrown [s\src\hotspot\share\interpreter\linkResolver.cpp, line 771]
Event: 32.685 Thread 0x000001e9a829a060 Exception <a 'sun/nio/fs/WindowsException'{0x000000008b951470}> (0x000000008b951470) 
thrown [s\src\hotspot\share\prims\jni.cpp, line 517]
Event: 32.874 Thread 0x000001e9a829c6e0 Exception <a 'sun/nio/fs/WindowsException'{0x000000008c091550}> (0x000000008c091550) 
thrown [s\src\hotspot\share\prims\jni.cpp, line 517]
Event: 33.216 Thread 0x000001e9a829f700 Exception <a 'java/lang/NoSuchMethodError'{0x000000008a740950}: 'int java.lang.invoke.DirectMethodHandle$Holder.invokeSpecialIFC(java.lang.Object, java.lang.Object, java.lang.Object)'> (0x000000008a740950) 
thrown [s\src\hotspot\share\interpreter\linkResolver.cpp, line 771]
Event: 33.298 Thread 0x000001e9aeda5590 Exception <a 'sun/nio/fs/WindowsException'{0x000000008a6fcda8}> (0x000000008a6fcda8) 
thrown [s\src\hotspot\share\prims\jni.cpp, line 517]
Event: 33.668 Thread 0x000001e9aeda5590 Exception <a 'java/lang/NoSuchMethodError'{0x0000000089dd3120}: 'java.lang.Object java.lang.invoke.DirectMethodHandle$Holder.invokeStaticInit(java.lang.Object, java.lang.Object, java.lang.Object, java.lang.Object, java.lang.Object, java.lang.Object, java.lang.Object, java.lang.Object, java.lang.Object, java.lang.Object, java.lang.Object, java.lang.Object, java.lang.Object, java.lang.Object, java.lang.Object, java.lang.Object, java.lang.Object, java.lang.Object, java.lang.Object, java.lang.Object, int, java

VM Operations (20 events):
Event: 32.383 Executing VM operation: HandshakeAllThreads done
Event: 32.405 Executing VM operation: G1CollectForAllocation
Event: 32.425 Executing VM operation: G1CollectForAllocation done
Event: 33.081 Executing VM operation: HandshakeAllThreads
Event: 33.098 Executing VM operation: HandshakeAllThreads done
Event: 33.311 Executing VM operation: HandshakeAllThreads
Event: 33.311 Executing VM operation: HandshakeAllThreads done
Event: 33.368 Executing VM operation: HandshakeAllThreads
Event: 33.368 Executing VM operation: HandshakeAllThreads done
Event: 33.405 Executing VM operation: ICBufferFull
Event: 33.405 Executing VM operation: ICBufferFull done
Event: 33.686 Executing VM operation: G1TryInitiateConcMark
Event: 33.702 Executing VM operation: G1TryInitiateConcMark done
Event: 34.076 Executing VM operation: G1Concurrent
Event: 34.090 Executing VM operation: G1Concurrent done
Event: 34.265 Executing VM operation: G1Concurrent
Event: 34.265 Executing VM operation: G1Concurrent done
Event: 34.290 Executing VM operation: G1CollectForAllocation
Event: 34.314 Executing VM operation: G1CollectForAllocation done
Event: 34.414 Executing VM operation: G1CollectForAllocation

Events (20 events):
Event: 33.106 Thread 0x000001e9a402dff0 flushing nmethod 0x000001e98d687990
Event: 33.106 Thread 0x000001e9a402dff0 flushing nmethod 0x000001e98d6b6710
Event: 33.106 Thread 0x000001e9a402dff0 flushing nmethod 0x000001e98d6c6910
Event: 33.110 Thread 0x000001e9a402dff0 flushing nmethod 0x000001e98dab3010
Event: 33.111 Thread 0x000001e9a402dff0 flushing nmethod 0x000001e98dbec390
Event: 33.112 Thread 0x000001e9a402dff0 flushing nmethod 0x000001e98dc2fc10
Event: 33.113 Thread 0x000001e9a402dff0 flushing nmethod 0x000001e98ddaa690
Event: 33.113 Thread 0x000001e9a402dff0 flushing nmethod 0x000001e98ddb1510
Event: 33.114 Thread 0x000001e9a402dff0 flushing nmethod 0x000001e98ddeb590
Event: 33.115 Thread 0x000001e9a402dff0 flushing nmethod 0x000001e98df2f090
Event: 33.119 Thread 0x000001e9a402dff0 flushing nmethod 0x000001e98e2b9010
Event: 33.119 Thread 0x000001e9a402dff0 flushing nmethod 0x000001e98e2bc790
Event: 33.122 Thread 0x000001e9a402dff0 flushing nmethod 0x000001e98e589890
Event: 33.123 Thread 0x000001e9a402dff0 flushing nmethod 0x000001e98e739a90
Event: 33.250 loading class java/util/zip/ZipInputStream
Event: 33.250 loading class java/util/zip/ZipInputStream done
Event: 33.341 loading class java/io/UTFDataFormatException
Event: 33.341 loading class java/io/UTFDataFormatException done
Event: 33.632 loading class java/nio/BufferUnderflowException
Event: 33.632 loading class java/nio/BufferUnderflowException done


Dynamic libraries:
0x00007ff7e9df0000 - 0x00007ff7e9dfa000 	C:\Program Files\Android\Android Studio\jbr\bin\java.exe
0x00007fff659b0000 - 0x00007fff65ba7000 	C:\Windows\SYSTEM32\ntdll.dll
0x00007fff649f0000 - 0x00007fff64aad000 	C:\Windows\System32\KERNEL32.DLL
0x00007fff633a0000 - 0x00007fff63696000 	C:\Windows\System32\KERNELBASE.dll
0x00007fff638a0000 - 0x00007fff639a0000 	C:\Windows\System32\ucrtbase.dll
0x00007fff5abe0000 - 0x00007fff5abf7000 	C:\Program Files\Android\Android Studio\jbr\bin\jli.dll
0x00007fff5da60000 - 0x00007fff5da7b000 	C:\Program Files\Android\Android Studio\jbr\bin\VCRUNTIME140.dll
0x00007fff651d0000 - 0x00007fff6536e000 	C:\Windows\System32\USER32.dll
0x00007fff630e0000 - 0x00007fff63102000 	C:\Windows\System32\win32u.dll
0x00007fff658e0000 - 0x00007fff6590c000 	C:\Windows\System32\GDI32.dll
0x00007fff50e40000 - 0x00007fff510da000 	C:\Windows\WinSxS\amd64_microsoft.windows.common-controls_6595b64144ccf1df_6.0.19041.3570_none_60bb2a3971f3e41a\COMCTL32.dll
0x00007fff64f00000 - 0x00007fff64f9e000 	C:\Windows\System32\msvcrt.dll
0x00007fff63750000 - 0x00007fff6386a000 	C:\Windows\System32\gdi32full.dll
0x00007fff63110000 - 0x00007fff631ad000 	C:\Windows\System32\msvcp_win.dll
0x00007fff658b0000 - 0x00007fff658e0000 	C:\Windows\System32\IMM32.DLL
0x00007fff5da50000 - 0x00007fff5da5c000 	C:\Program Files\Android\Android Studio\jbr\bin\vcruntime140_1.dll
0x00007fff48110000 - 0x00007fff4819d000 	C:\Program Files\Android\Android Studio\jbr\bin\msvcp140.dll
0x00007fff2d890000 - 0x00007fff2e4fe000 	C:\Program Files\Android\Android Studio\jbr\bin\server\jvm.dll
0x00007fff656e0000 - 0x00007fff6578e000 	C:\Windows\System32\ADVAPI32.dll
0x00007fff65000000 - 0x00007fff6509c000 	C:\Windows\System32\sechost.dll
0x00007fff63a10000 - 0x00007fff63b36000 	C:\Windows\System32\RPCRT4.dll
0x00007fff5c730000 - 0x00007fff5c739000 	C:\Windows\SYSTEM32\WSOCK32.dll
0x00007fff650a0000 - 0x00007fff6510b000 	C:\Windows\System32\WS2_32.dll
0x00007fff55a20000 - 0x00007fff55a47000 	C:\Windows\SYSTEM32\WINMM.dll
0x00007fff55ec0000 - 0x00007fff55eca000 	C:\Windows\SYSTEM32\VERSION.dll
0x00007fff61110000 - 0x00007fff61122000 	C:\Windows\SYSTEM32\kernel.appcore.dll
0x00007fff5f8f0000 - 0x00007fff5f8fa000 	C:\Program Files\Android\Android Studio\jbr\bin\jimage.dll
0x00007fff4d1d0000 - 0x00007fff4d3b4000 	C:\Windows\SYSTEM32\DBGHELP.DLL
0x00007fff4da50000 - 0x00007fff4da84000 	C:\Windows\SYSTEM32\dbgcore.DLL
0x00007fff63310000 - 0x00007fff63392000 	C:\Windows\System32\bcryptPrimitives.dll
0x00007fff5e860000 - 0x00007fff5e885000 	C:\Program Files\Android\Android Studio\jbr\bin\java.dll
0x00007fff5eca0000 - 0x00007fff5ecb8000 	C:\Program Files\Android\Android Studio\jbr\bin\zip.dll
0x00007fff63cc0000 - 0x00007fff64404000 	C:\Windows\System32\SHELL32.dll
0x00007fff61130000 - 0x00007fff618cb000 	C:\Windows\SYSTEM32\windows.storage.dll
0x00007fff65370000 - 0x00007fff656c4000 	C:\Windows\System32\combase.dll
0x00007fff62a60000 - 0x00007fff62a8d000 	C:\Windows\SYSTEM32\Wldp.dll
0x00007fff64bf0000 - 0x00007fff64c9d000 	C:\Windows\System32\SHCORE.dll
0x00007fff65110000 - 0x00007fff65165000 	C:\Windows\System32\shlwapi.dll
0x00007fff62fc0000 - 0x00007fff62fe5000 	C:\Windows\SYSTEM32\profapi.dll
0x00007fff5d9b0000 - 0x00007fff5d9c9000 	C:\Program Files\Android\Android Studio\jbr\bin\net.dll
0x00007fff57050000 - 0x00007fff5715a000 	C:\Windows\SYSTEM32\WINHTTP.dll
0x00007fff62760000 - 0x00007fff627ca000 	C:\Windows\system32\mswsock.dll
0x00007fff5d990000 - 0x00007fff5d9a6000 	C:\Program Files\Android\Android Studio\jbr\bin\nio.dll
0x00007fff5f8e0000 - 0x00007fff5f8f0000 	C:\Program Files\Android\Android Studio\jbr\bin\verify.dll
0x00007fff52690000 - 0x00007fff526b7000 	C:\Users\refrizar.dwiardito\.jdks\openjdk-21\native\68d5fa5c4cc2d200863cafc0d521ce42e7d3e7ee720ec0a83991735586a16f82\windows-amd64\native-platform.dll
0x00007fff336c0000 - 0x00007fff33804000 	C:\Users\refrizar.dwiardito\.jdks\openjdk-21\native\e376f236ea51e6404a007f0833ffe2c6e607c4080706a723a18a27aeea778392\windows-amd64\native-platform-file-events.dll
0x00007fff5dad0000 - 0x00007fff5dad9000 	C:\Program Files\Android\Android Studio\jbr\bin\management.dll
0x00007fff5c6b0000 - 0x00007fff5c6bb000 	C:\Program Files\Android\Android Studio\jbr\bin\management_ext.dll
0x00007fff656d0000 - 0x00007fff656d8000 	C:\Windows\System32\PSAPI.DLL
0x00007fff629b0000 - 0x00007fff629c8000 	C:\Windows\SYSTEM32\CRYPTSP.dll
0x00007fff62070000 - 0x00007fff620a4000 	C:\Windows\system32\rsaenh.dll
0x00007fff63870000 - 0x00007fff63897000 	C:\Windows\System32\bcrypt.dll
0x00007fff62f40000 - 0x00007fff62f6e000 	C:\Windows\SYSTEM32\USERENV.dll
0x00007fff629d0000 - 0x00007fff629dc000 	C:\Windows\SYSTEM32\CRYPTBASE.dll
0x00007fff62450000 - 0x00007fff6248b000 	C:\Windows\SYSTEM32\IPHLPAPI.DLL
0x00007fff63cb0000 - 0x00007fff63cb8000 	C:\Windows\System32\NSI.dll
0x00007fff577b0000 - 0x00007fff577c7000 	C:\Windows\SYSTEM32\dhcpcsvc6.DLL
0x00007fff57790000 - 0x00007fff577ad000 	C:\Windows\SYSTEM32\dhcpcsvc.DLL
0x00007fff62490000 - 0x00007fff6255a000 	C:\Windows\SYSTEM32\DNSAPI.dll
0x00007fff5c120000 - 0x00007fff5c127000 	C:\Windows\system32\wshunix.dll
0x00007fff553e0000 - 0x00007fff553f7000 	C:\Windows\system32\napinsp.dll
0x00007fff552d0000 - 0x00007fff552eb000 	C:\Windows\system32\pnrpnsp.dll
0x00007fff5dba0000 - 0x00007fff5dbb5000 	C:\Windows\system32\wshbth.dll
0x00007fff5d9e0000 - 0x00007fff5d9fd000 	C:\Windows\system32\NLAapi.dll
0x00007fff52b30000 - 0x00007fff52b42000 	C:\Windows\System32\winrnr.dll
0x00007fff5a500000 - 0x00007fff5a50a000 	C:\Windows\System32\rasadhlp.dll
0x00007fff55fb0000 - 0x00007fff56032000 	C:\Windows\System32\fwpuclnt.dll

dbghelp: loaded successfully - version: 4.0.5 - missing functions: none
symbol engine: initialized successfully - sym options: 0x614 - pdb path: .;C:\Program Files\Android\Android Studio\jbr\bin;C:\Windows\SYSTEM32;C:\Windows\WinSxS\amd64_microsoft.windows.common-controls_6595b64144ccf1df_6.0.19041.3570_none_60bb2a3971f3e41a;C:\Program Files\Android\Android Studio\jbr\bin\server;C:\Users\refrizar.dwiardito\.jdks\openjdk-21\native\68d5fa5c4cc2d200863cafc0d521ce42e7d3e7ee720ec0a83991735586a16f82\windows-amd64;C:\Users\refrizar.dwiardito\.jdks\openjdk-21\native\e376f236ea51e6404a007f0833ffe2c6e607c4080706a723a18a27aeea778392\windows-amd64

VM Arguments:
jvm_args: --add-opens=java.base/java.util=ALL-UNNAMED --add-opens=java.base/java.lang=ALL-UNNAMED --add-opens=java.base/java.lang.invoke=ALL-UNNAMED --add-opens=java.prefs/java.util.prefs=ALL-UNNAMED --add-opens=java.base/java.nio.charset=ALL-UNNAMED --add-opens=java.base/java.net=ALL-UNNAMED --add-opens=java.base/java.util.concurrent.atomic=ALL-UNNAMED -Xmx2048m -Dfile.encoding=UTF-8 -Duser.country=US -Duser.language=en -Duser.variant 
java_command: org.gradle.launcher.daemon.bootstrap.GradleDaemon 8.0
java_class_path (initial): C:\Users\refrizar.dwiardito\.jdks\openjdk-21\wrapper\dists\gradle-8.0-all\a2o1xoguejy6msdh0lk99lxza\gradle-8.0\lib\gradle-launcher-8.0.jar
Launcher Type: SUN_STANDARD

[Global flags]
     intx CICompilerCount                          = 3                                         {product} {ergonomic}
     uint ConcGCThreads                            = 1                                         {product} {ergonomic}
     uint G1ConcRefinementThreads                  = 4                                         {product} {ergonomic}
   size_t G1HeapRegionSize                         = 1048576                                   {product} {ergonomic}
    uintx GCDrainStackTargetSize                   = 64                                        {product} {ergonomic}
   size_t InitialHeapSize                          = 134217728                                 {product} {ergonomic}
   size_t MarkStackSize                            = 4194304                                   {product} {ergonomic}
   size_t MaxHeapSize                              = 2147483648                                {product} {command line}
   size_t MaxNewSize                               = 1287651328                                {product} {ergonomic}
   size_t MinHeapDeltaBytes                        = 1048576                                   {product} {ergonomic}
   size_t MinHeapSize                              = 8388608                                   {product} {ergonomic}
    uintx NonNMethodCodeHeapSize                   = 5832780                                {pd product} {ergonomic}
    uintx NonProfiledCodeHeapSize                  = 122912730                              {pd product} {ergonomic}
    uintx ProfiledCodeHeapSize                     = 122912730                              {pd product} {ergonomic}
    uintx ReservedCodeCacheSize                    = 251658240                              {pd product} {ergonomic}
     bool SegmentedCodeCache                       = true                                      {product} {ergonomic}
   size_t SoftMaxHeapSize                          = 2147483648                             {manageable} {ergonomic}
     bool UseCompressedClassPointers               = true                           {product lp64_product} {ergonomic}
     bool UseCompressedOops                        = true                           {product lp64_product} {ergonomic}
     bool UseG1GC                                  = true                                      {product} {ergonomic}
     bool UseLargePagesIndividualAllocation        = false                                  {pd product} {ergonomic}

Logging:
Log output configuration:
 #0: stdout all=warning uptime,level,tags
 #1: stderr all=off uptime,level,tags

Environment Variables:
JAVA_HOME=C:\Users\refrizar.dwiardito\.jdks\openjdk-21
PATH=C:\Program Files\Common Files\Oracle\Java\javapath;C:\Windows\system32;C:\Windows;C:\Windows\System32\Wbem;C:\Windows\System32\WindowsPowerShell\v1.0\;C:\Windows\System32\OpenSSH\;C:\Program Files\mingw-w64\x86_64-8.1.0-posix-seh-rt_v6-rev0\mingw64\bin;C:\Users\refrizar.dwiardito\AppData\Local\Programs\Python\Python310\Scripts;C:\Users\refrizar.dwiardito\.jdks\openjdk-21\bin;C:\Program Files\PuTTY\;C:\Program Files\gradle-8.3\bin;C:\Program Files\Git\cmd;C:\Users\refrizar.dwiardito\AppData\Local\Programs\Python\Python310\Scripts\;C:\Users\refrizar.dwiardito\AppData\Local\Programs\Python\Python310\;C:\Users\refrizar.dwiardito\AppData\Local\Microsoft\WindowsApps;;C:\Users\refrizar.dwiardito\AppData\Local\Programs\Microsoft VS Code\bin
USERNAME=refrizar.dwiardito
OS=Windows_NT
PROCESSOR_IDENTIFIER=Intel64 Family 6 Model 61 Stepping 4, GenuineIntel
TMP=C:\Users\REFRIZ~1.DWI\AppData\Local\Temp
TEMP=C:\Users\REFRIZ~1.DWI\AppData\Local\Temp


JNI global refs:
JNI global refs: 26, weak refs: 2

JNI global refs memory usage: 843, weak refs: 841


---------------  S Y S T E M  ---------------

OS:
 Windows 10 , 64 bit Build 19041 (10.0.19041.3570)
OS uptime: 0 days 0:57 hours

CPU: total 4 (initial active 4) (2 cores per cpu, 2 threads per core) family 6 model 61 stepping 4 microcode 0x2f, cx8, cmov, fxsr, ht, mmx, 3dnowpref, sse, sse2, sse3, ssse3, sse4.1, sse4.2, popcnt, lzcnt, tsc, tscinvbit, avx, avx2, aes, erms, clmul, bmi1, bmi2, adx, fma, vzeroupper, clflush

Memory: 4k page, system-wide physical 8083M (677M free)
TotalPageFile size 8083M (AvailPageFile size 63M)
current process WorkingSet (physical memory assigned to process): 490M, peak: 493M
current process commit charge ("private bytes"): 592M, peak: 1102M

vm_info: OpenJDK 64-Bit Server VM (17.0.6+0-b2043.56-10027231) for windows-amd64 JRE (17.0.6+0-b2043.56-10027231), built on Apr 28 2023 00:43:19 by "androidbuild" with MS VC++ 16.10 / 16.11 (VS2019)

END.
