#
# There is insufficient memory for the Java Runtime Environment to continue.
# Native memory allocation (mmap) failed to map 45088768 bytes for G1 virtual space
# Possible reasons:
#   The system is out of physical RAM or swap space
#   The process is running with CompressedOops enabled, and the Java Heap may be blocking the growth of the native heap
# Possible solutions:
#   Reduce memory load on the system
#   Increase physical memory or swap space
#   Check if swap backing store is full
#   Decrease Java heap size (-Xmx/-Xms)
#   Decrease number of Java threads
#   Decrease Java thread stack sizes (-Xss)
#   Set larger code cache with -XX:ReservedCodeCacheSize=
#   JVM is running with Unscaled Compressed Oops mode in which the Java heap is
#     placed in the first 4GB address space. The Java Heap base address is the
#     maximum limit for the native heap growth. Please use -XX:HeapBaseMinAddress
#     to set the Java Heap base and to place the Java Heap above 4GB virtual address.
# This output file may be truncated or incomplete.
#
#  Out of Memory Error (os_windows.cpp:3769), pid=9624, tid=3340
#
# JRE version: OpenJDK Runtime Environment (17.0.6) (build 17.0.6+0-b2043.56-10027231)
# Java VM: OpenJDK 64-Bit Server VM (17.0.6+0-b2043.56-10027231, mixed mode, tiered, compressed oops, compressed class ptrs, g1 gc, windows-amd64)
# No core dump will be written. Minidumps are not enabled by default on client versions of Windows
#

---------------  S U M M A R Y ------------

Command Line: --add-opens=java.base/java.util=ALL-UNNAMED --add-opens=java.base/java.lang=ALL-UNNAMED --add-opens=java.base/java.lang.invoke=ALL-UNNAMED --add-opens=java.prefs/java.util.prefs=ALL-UNNAMED --add-opens=java.base/java.nio.charset=ALL-UNNAMED --add-opens=java.base/java.net=ALL-UNNAMED --add-opens=java.base/java.util.concurrent.atomic=ALL-UNNAMED -Xmx2048m -Dfile.encoding=UTF-8 -Duser.country=US -Duser.language=en -Duser.variant org.gradle.launcher.daemon.bootstrap.GradleDaemon 8.0

Host: Intel(R) Core(TM) i5-5200U CPU @ 2.20GHz, 4 cores, 7G,  Windows 10 , 64 bit Build 19041 (10.0.19041.3570)
Time: Sun Oct 15 09:10:06 2023 SE Asia Standard Time elapsed time: 17.916877 seconds (0d 0h 0m 17s)

---------------  T H R E A D  ---------------

Current thread (0x000002856d472800):  VMThread "VM Thread" [stack: 0x000000e0a1d00000,0x000000e0a1e00000] [id=3340]

Stack: [0x000000e0a1d00000,0x000000e0a1e00000]
Native frames: (J=compiled Java code, j=interpreted, Vv=VM code, C=native code)
V  [jvm.dll+0x683c9a]
V  [jvm.dll+0x8427a4]
V  [jvm.dll+0x843f9e]
V  [jvm.dll+0x844603]
V  [jvm.dll+0x249b75]
V  [jvm.dll+0x680b69]
V  [jvm.dll+0x67505a]
V  [jvm.dll+0x309acb]
V  [jvm.dll+0x310f86]
V  [jvm.dll+0x3608ee]
V  [jvm.dll+0x360b1f]
V  [jvm.dll+0x2dfbf8]
V  [jvm.dll+0x2ddec4]
V  [jvm.dll+0x2dd4cc]
V  [jvm.dll+0x321f3b]
V  [jvm.dll+0x848ccb]
V  [jvm.dll+0x849a04]
V  [jvm.dll+0x849f1d]
V  [jvm.dll+0x84a2f4]
V  [jvm.dll+0x84a3c0]
V  [jvm.dll+0x7f274a]
V  [jvm.dll+0x682ad5]
C  [ucrtbase.dll+0x21bb2]
C  [KERNEL32.DLL+0x17344]
C  [ntdll.dll+0x526b1]

VM_Operation (0x000000e0a33f5ab0): G1CollectForAllocation, mode: safepoint, requested by thread 0x000002856e005aa0


---------------  P R O C E S S  ---------------

Threads class SMR info:
_java_thread_list=0x0000028572ae62c0, length=83, elements={
0x0000028553e9bad0, 0x000002856d43fa90, 0x000002856d440810, 0x000002856d491950,
0x000002856e002090, 0x000002856e003420, 0x000002856e0055d0, 0x000002856e00a580,
0x000002856e00ae80, 0x000002856e00df70, 0x000002856e0038f0, 0x000002856e002a80,
0x000002856e002f50, 0x000002856e003dc0, 0x000002856e005f70, 0x000002856e004760,
0x000002856e004c30, 0x000002856e005100, 0x000002856e005aa0, 0x0000028570881b50,
0x0000028570882e90, 0x00000285708824f0, 0x0000028570882020, 0x000002857087f4d0,
0x00000285708841d0, 0x000002857087f9a0, 0x0000028570883360, 0x0000028570886850,
0x0000028570881680, 0x00000285708829c0, 0x0000028570880810, 0x000002857087f000,
0x00000285708859e0, 0x000002857087fe70, 0x0000028570880340, 0x00000285708846a0,
0x0000028570884b70, 0x0000028570885040, 0x000002856f800a30, 0x0000028570885eb0,
0x00000285708811b0, 0x000002857373c550, 0x0000028573741bf0, 0x000002857373f0a0,
0x000002857373fa40, 0x000002857373d890, 0x000002857373dd60, 0x00000285737420c0,
0x000002857373e700, 0x000002857373f570, 0x000002857373ca20, 0x000002857373d3c0,
0x000002857373ff10, 0x000002857373e230, 0x00000285737438d0, 0x000002857373cef0,
0x0000028573742590, 0x0000028573743400, 0x00000285737403e0, 0x00000285737408b0,
0x000002857373ebd0, 0x000002857373c080, 0x0000028573742a60, 0x0000028573741250,
0x0000028573740d80, 0x0000028573741720, 0x0000028573742f30, 0x00000285720ff7f0,
0x0000028572102340, 0x0000028572100660, 0x0000028572101000, 0x00000285720fee50,
0x00000285720fe980, 0x00000285720ff320, 0x0000028572103680, 0x00000285720ffcc0,
0x0000028572101e70, 0x00000285721019a0, 0x00000285721031b0, 0x00000285721014d0,
0x0000028572100b30, 0x0000028572100190, 0x0000028572102810
}

Java Threads: ( => current thread )
  0x0000028553e9bad0 JavaThread "main" [_thread_blocked, id=1348, stack(0x000000e0a1700000,0x000000e0a1800000)]
  0x000002856d43fa90 JavaThread "Reference Handler" daemon [_thread_blocked, id=5404, stack(0x000000e0a1e00000,0x000000e0a1f00000)]
  0x000002856d440810 JavaThread "Finalizer" daemon [_thread_blocked, id=9324, stack(0x000000e0a1f00000,0x000000e0a2000000)]
  0x000002856d491950 JavaThread "Signal Dispatcher" daemon [_thread_blocked, id=4756, stack(0x000000e0a2000000,0x000000e0a2100000)]
  0x000002856e002090 JavaThread "Attach Listener" daemon [_thread_blocked, id=7260, stack(0x000000e0a2100000,0x000000e0a2200000)]
  0x000002856e003420 JavaThread "Service Thread" daemon [_thread_blocked, id=2072, stack(0x000000e0a2200000,0x000000e0a2300000)]
  0x000002856e0055d0 JavaThread "Monitor Deflation Thread" daemon [_thread_blocked, id=1376, stack(0x000000e0a2300000,0x000000e0a2400000)]
  0x000002856e00a580 JavaThread "C2 CompilerThread0" daemon [_thread_blocked, id=4532, stack(0x000000e0a2400000,0x000000e0a2500000)]
  0x000002856e00ae80 JavaThread "C1 CompilerThread0" daemon [_thread_blocked, id=5368, stack(0x000000e0a2500000,0x000000e0a2600000)]
  0x000002856e00df70 JavaThread "Sweeper thread" daemon [_thread_blocked, id=1596, stack(0x000000e0a2600000,0x000000e0a2700000)]
  0x000002856e0038f0 JavaThread "Common-Cleaner" daemon [_thread_blocked, id=3124, stack(0x000000e0a2700000,0x000000e0a2800000)]
  0x000002856e002a80 JavaThread "Notification Thread" daemon [_thread_blocked, id=9912, stack(0x000000e0a2800000,0x000000e0a2900000)]
  0x000002856e002f50 JavaThread "Daemon health stats" [_thread_blocked, id=2368, stack(0x000000e0a2e00000,0x000000e0a2f00000)]
  0x000002856e003dc0 JavaThread "Incoming local TCP Connector on port 50836" [_thread_in_native, id=2784, stack(0x000000e0a2a00000,0x000000e0a2b00000)]
  0x000002856e005f70 JavaThread "Daemon periodic checks" [_thread_blocked, id=8416, stack(0x000000e0a2f00000,0x000000e0a3000000)]
  0x000002856e004760 JavaThread "Daemon" [_thread_blocked, id=9744, stack(0x000000e0a3000000,0x000000e0a3100000)]
  0x000002856e004c30 JavaThread "Handler for socket connection from /127.0.0.1:50836 to /127.0.0.1:50837" [_thread_in_native, id=9560, stack(0x000000e0a3100000,0x000000e0a3200000)]
  0x000002856e005100 JavaThread "Cancel handler" [_thread_blocked, id=7308, stack(0x000000e0a3200000,0x000000e0a3300000)]
  0x000002856e005aa0 JavaThread "Daemon worker" [_thread_blocked, id=6864, stack(0x000000e0a3300000,0x000000e0a3400000)]
  0x0000028570881b50 JavaThread "Asynchronous log dispatcher for DefaultDaemonConnection: socket connection from /127.0.0.1:50836 to /127.0.0.1:50837" [_thread_blocked, id=3216, stack(0x000000e0a3400000,0x000000e0a3500000)]
  0x0000028570882e90 JavaThread "Stdin handler" [_thread_blocked, id=7328, stack(0x000000e0a3500000,0x000000e0a3600000)]
  0x00000285708824f0 JavaThread "Daemon client event forwarder" [_thread_blocked, id=2336, stack(0x000000e0a3600000,0x000000e0a3700000)]
  0x0000028570882020 JavaThread "Cache worker for journal cache (C:\Users\refrizar.dwiardito\.jdks\openjdk-21\caches\journal-1)" [_thread_blocked, id=9716, stack(0x000000e0a3700000,0x000000e0a3800000)]
  0x000002857087f4d0 JavaThread "File lock request listener" [_thread_in_native, id=7024, stack(0x000000e0a3800000,0x000000e0a3900000)]
  0x00000285708841d0 JavaThread "Cache worker for file hash cache (C:\Users\refrizar.dwiardito\.jdks\openjdk-21\caches\8.0\fileHashes)" [_thread_blocked, id=4916, stack(0x000000e0a3900000,0x000000e0a3a00000)]
  0x000002857087f9a0 JavaThread "File watcher server" daemon [_thread_in_native, id=7964, stack(0x000000e0a3b00000,0x000000e0a3c00000)]
  0x0000028570883360 JavaThread "File watcher consumer" daemon [_thread_blocked, id=4064, stack(0x000000e0a3c00000,0x000000e0a3d00000)]
  0x0000028570886850 JavaThread "Cache worker for checksums cache (C:\Users\refrizar.dwiardito\AndroidStudioProjects\Catwell\.gradle\8.0\checksums)" [_thread_blocked, id=5152, stack(0x000000e0a3d00000,0x000000e0a3e00000)]
  0x0000028570881680 JavaThread "Cache worker for cache directory md-rule (C:\Users\refrizar.dwiardito\.jdks\openjdk-21\caches\8.0\md-rule)" [_thread_blocked, id=2212, stack(0x000000e0a3e00000,0x000000e0a3f00000)]
  0x00000285708829c0 JavaThread "Cache worker for file content cache (C:\Users\refrizar.dwiardito\.jdks\openjdk-21\caches\8.0\fileContent)" [_thread_blocked, id=3120, stack(0x000000e0a3f00000,0x000000e0a4000000)]
  0x0000028570880810 JavaThread "Cache worker for file hash cache (C:\Users\refrizar.dwiardito\AndroidStudioProjects\Catwell\.gradle\8.0\fileHashes)" [_thread_blocked, id=9968, stack(0x000000e0a4000000,0x000000e0a4100000)]
  0x000002857087f000 JavaThread "Cache worker for cache directory md-supplier (C:\Users\refrizar.dwiardito\.jdks\openjdk-21\caches\8.0\md-supplier)" [_thread_blocked, id=9924, stack(0x000000e0a4100000,0x000000e0a4200000)]
  0x00000285708859e0 JavaThread "Cache worker for execution history cache (C:\Users\refrizar.dwiardito\.jdks\openjdk-21\caches\8.0\executionHistory)" [_thread_blocked, id=7900, stack(0x000000e0a4200000,0x000000e0a4300000)]
  0x000002857087fe70 JavaThread "jar transforms" [_thread_blocked, id=10100, stack(0x000000e0a4300000,0x000000e0a4400000)]
  0x0000028570880340 JavaThread "jar transforms Thread 2" [_thread_blocked, id=496, stack(0x000000e0a4400000,0x000000e0a4500000)]
  0x00000285708846a0 JavaThread "jar transforms Thread 3" [_thread_blocked, id=616, stack(0x000000e0a4600000,0x000000e0a4700000)]
  0x0000028570884b70 JavaThread "jar transforms Thread 4" [_thread_blocked, id=6460, stack(0x000000e0a4700000,0x000000e0a4800000)]
  0x0000028570885040 JavaThread "Cache worker for dependencies-accessors (C:\Users\refrizar.dwiardito\AndroidStudioProjects\Catwell\.gradle\8.0\dependencies-accessors)" [_thread_blocked, id=6452, stack(0x000000e0a4800000,0x000000e0a4900000)]
  0x000002856f800a30 JavaThread "C2 CompilerThread1" daemon [_thread_blocked, id=9432, stack(0x000000e0a3a00000,0x000000e0a3b00000)]
  0x0000028570885eb0 JavaThread "Cache worker for Build Output Cleanup Cache (C:\Users\refrizar.dwiardito\AndroidStudioProjects\Catwell\.gradle\buildOutputCleanup)" [_thread_blocked, id=8512, stack(0x000000e0a4900000,0x000000e0a4a00000)]
  0x00000285708811b0 JavaThread "Unconstrained build operations" [_thread_blocked, id=9468, stack(0x000000e0a4a00000,0x000000e0a4b00000)]
  0x000002857373c550 JavaThread "Unconstrained build operations Thread 2" [_thread_blocked, id=1936, stack(0x000000e0a4b00000,0x000000e0a4c00000)]
  0x0000028573741bf0 JavaThread "Unconstrained build operations Thread 3" [_thread_blocked, id=1844, stack(0x000000e0a4c00000,0x000000e0a4d00000)]
  0x000002857373f0a0 JavaThread "Unconstrained build operations Thread 4" [_thread_blocked, id=9396, stack(0x000000e0a4d00000,0x000000e0a4e00000)]
  0x000002857373fa40 JavaThread "Unconstrained build operations Thread 5" [_thread_blocked, id=2744, stack(0x000000e0a4e00000,0x000000e0a4f00000)]
  0x000002857373d890 JavaThread "Unconstrained build operations Thread 6" [_thread_blocked, id=6412, stack(0x000000e0a4f00000,0x000000e0a5000000)]
  0x000002857373dd60 JavaThread "Unconstrained build operations Thread 7" [_thread_blocked, id=3532, stack(0x000000e0a5000000,0x000000e0a5100000)]
  0x00000285737420c0 JavaThread "Unconstrained build operations Thread 8" [_thread_blocked, id=6080, stack(0x000000e0a5100000,0x000000e0a5200000)]
  0x000002857373e700 JavaThread "Unconstrained build operations Thread 9" [_thread_blocked, id=188, stack(0x000000e0a5200000,0x000000e0a5300000)]
  0x000002857373f570 JavaThread "Unconstrained build operations Thread 10" [_thread_blocked, id=4688, stack(0x000000e0a5300000,0x000000e0a5400000)]
  0x000002857373ca20 JavaThread "Unconstrained build operations Thread 11" [_thread_blocked, id=8840, stack(0x000000e0a5400000,0x000000e0a5500000)]
  0x000002857373d3c0 JavaThread "Unconstrained build operations Thread 12" [_thread_blocked, id=4164, stack(0x000000e0a5500000,0x000000e0a5600000)]
  0x000002857373ff10 JavaThread "Unconstrained build operations Thread 13" [_thread_blocked, id=5740, stack(0x000000e0a5600000,0x000000e0a5700000)]
  0x000002857373e230 JavaThread "Unconstrained build operations Thread 14" [_thread_blocked, id=9040, stack(0x000000e0a5700000,0x000000e0a5800000)]
  0x00000285737438d0 JavaThread "Unconstrained build operations Thread 15" [_thread_blocked, id=216, stack(0x000000e0a5800000,0x000000e0a5900000)]
  0x000002857373cef0 JavaThread "Unconstrained build operations Thread 16" [_thread_blocked, id=3540, stack(0x000000e0a5900000,0x000000e0a5a00000)]
  0x0000028573742590 JavaThread "Unconstrained build operations Thread 17" [_thread_blocked, id=5676, stack(0x000000e0a5a00000,0x000000e0a5b00000)]
  0x0000028573743400 JavaThread "Unconstrained build operations Thread 18" [_thread_blocked, id=7548, stack(0x000000e0a5b00000,0x000000e0a5c00000)]
  0x00000285737403e0 JavaThread "Unconstrained build operations Thread 19" [_thread_blocked, id=9300, stack(0x000000e0a5c00000,0x000000e0a5d00000)]
  0x00000285737408b0 JavaThread "Unconstrained build operations Thread 20" [_thread_blocked, id=9776, stack(0x000000e0a5d00000,0x000000e0a5e00000)]
  0x000002857373ebd0 JavaThread "Unconstrained build operations Thread 21" [_thread_blocked, id=4476, stack(0x000000e0a5e00000,0x000000e0a5f00000)]
  0x000002857373c080 JavaThread "Unconstrained build operations Thread 22" [_thread_blocked, id=7816, stack(0x000000e0a5f00000,0x000000e0a6000000)]
  0x0000028573742a60 JavaThread "Unconstrained build operations Thread 23" [_thread_blocked, id=6092, stack(0x000000e0a6000000,0x000000e0a6100000)]
  0x0000028573741250 JavaThread "Unconstrained build operations Thread 24" [_thread_blocked, id=9820, stack(0x000000e0a6100000,0x000000e0a6200000)]
  0x0000028573740d80 JavaThread "Unconstrained build operations Thread 25" [_thread_blocked, id=7612, stack(0x000000e0a6200000,0x000000e0a6300000)]
  0x0000028573741720 JavaThread "Unconstrained build operations Thread 26" [_thread_blocked, id=10000, stack(0x000000e0a6300000,0x000000e0a6400000)]
  0x0000028573742f30 JavaThread "Unconstrained build operations Thread 27" [_thread_blocked, id=10092, stack(0x000000e0a6400000,0x000000e0a6500000)]
  0x00000285720ff7f0 JavaThread "Unconstrained build operations Thread 28" [_thread_blocked, id=6152, stack(0x000000e0a6500000,0x000000e0a6600000)]
  0x0000028572102340 JavaThread "Unconstrained build operations Thread 29" [_thread_blocked, id=7732, stack(0x000000e0a6600000,0x000000e0a6700000)]
  0x0000028572100660 JavaThread "Unconstrained build operations Thread 30" [_thread_blocked, id=7760, stack(0x000000e0a6700000,0x000000e0a6800000)]
  0x0000028572101000 JavaThread "Unconstrained build operations Thread 31" [_thread_blocked, id=6528, stack(0x000000e0a6800000,0x000000e0a6900000)]
  0x00000285720fee50 JavaThread "Unconstrained build operations Thread 32" [_thread_blocked, id=3160, stack(0x000000e0a6900000,0x000000e0a6a00000)]
  0x00000285720fe980 JavaThread "Unconstrained build operations Thread 33" [_thread_blocked, id=7128, stack(0x000000e0a6a00000,0x000000e0a6b00000)]
  0x00000285720ff320 JavaThread "Unconstrained build operations Thread 34" [_thread_blocked, id=7284, stack(0x000000e0a6b00000,0x000000e0a6c00000)]
  0x0000028572103680 JavaThread "Unconstrained build operations Thread 35" [_thread_blocked, id=9312, stack(0x000000e0a6c00000,0x000000e0a6d00000)]
  0x00000285720ffcc0 JavaThread "Unconstrained build operations Thread 36" [_thread_blocked, id=8296, stack(0x000000e0a6d00000,0x000000e0a6e00000)]
  0x0000028572101e70 JavaThread "Unconstrained build operations Thread 37" [_thread_blocked, id=7240, stack(0x000000e0a6e00000,0x000000e0a6f00000)]
  0x00000285721019a0 JavaThread "Unconstrained build operations Thread 38" [_thread_blocked, id=7780, stack(0x000000e0a6f00000,0x000000e0a7000000)]
  0x00000285721031b0 JavaThread "Unconstrained build operations Thread 39" [_thread_blocked, id=5628, stack(0x000000e0a7000000,0x000000e0a7100000)]
  0x00000285721014d0 JavaThread "Unconstrained build operations Thread 40" [_thread_blocked, id=9656, stack(0x000000e0a7100000,0x000000e0a7200000)]
  0x0000028572100b30 JavaThread "build event listener" [_thread_blocked, id=9232, stack(0x000000e0a7200000,0x000000e0a7300000)]
  0x0000028572100190 JavaThread "Memory manager" [_thread_blocked, id=1636, stack(0x000000e0a7300000,0x000000e0a7400000)]
  0x0000028572102810 JavaThread "build event listener" [_thread_blocked, id=2176, stack(0x000000e0a7400000,0x000000e0a7500000)]

Other Threads:
=>0x000002856d472800 VMThread "VM Thread" [stack: 0x000000e0a1d00000,0x000000e0a1e00000] [id=3340]
  0x0000028553f14fe0 WatcherThread [stack: 0x000000e0a2900000,0x000000e0a2a00000] [id=8020]
  0x0000028553ef6980 GCTaskThread "GC Thread#0" [stack: 0x000000e0a1800000,0x000000e0a1900000] [id=5468]
  0x000002856eaef720 GCTaskThread "GC Thread#1" [stack: 0x000000e0a2b00000,0x000000e0a2c00000] [id=8236]
  0x000002856e3f8670 GCTaskThread "GC Thread#2" [stack: 0x000000e0a2c00000,0x000000e0a2d00000] [id=9628]
  0x000002856edb5020 GCTaskThread "GC Thread#3" [stack: 0x000000e0a2d00000,0x000000e0a2e00000] [id=212]
  0x0000028553f087e0 ConcurrentGCThread "G1 Main Marker" [stack: 0x000000e0a1900000,0x000000e0a1a00000] [id=9256]
  0x0000028553f098a0 ConcurrentGCThread "G1 Conc#0" [stack: 0x000000e0a1a00000,0x000000e0a1b00000] [id=9452]
  0x0000028553f659e0 ConcurrentGCThread "G1 Refine#0" [stack: 0x000000e0a1b00000,0x000000e0a1c00000] [id=8828]
  0x0000028570589020 ConcurrentGCThread "G1 Refine#1" [stack: 0x000000e0a4500000,0x000000e0a4600000] [id=6284]
  0x000002856d2c0490 ConcurrentGCThread "G1 Service" [stack: 0x000000e0a1c00000,0x000000e0a1d00000] [id=9848]

Threads with active compile tasks:
C2 CompilerThread0    17950 6877       4       org.objectweb.asm.ClassReader::readUtf (161 bytes)
C2 CompilerThread1    17950 6855   !   4       java.net.URLClassLoader$1::run (81 bytes)

VM state: at safepoint (normal execution)

VM Mutex/Monitor currently owned by a thread:  ([mutex/lock_event])
[0x0000028553e95ad0] Threads_lock - owner thread: 0x000002856d472800
[0x0000028553e974b0] Heap_lock - owner thread: 0x000002856e005aa0

Heap address: 0x0000000080000000, size: 2048 MB, Compressed Oops mode: 32-bit

CDS archive(s) not mapped
Compressed class space mapped at: 0x0000000100000000-0x0000000140000000, reserved size: 1073741824
Narrow klass base: 0x0000000000000000, Narrow klass shift: 3, Narrow klass range: 0x140000000

GC Precious Log:
 CPUs: 4 total, 4 available
 Memory: 8083M
 Large Page Support: Disabled
 NUMA Support: Disabled
 Compressed Oops: Enabled (32-bit)
 Heap Region Size: 1M
 Heap Min Capacity: 8M
 Heap Initial Capacity: 128M
 Heap Max Capacity: 2G
 Pre-touch: Disabled
 Parallel Workers: 4
 Concurrent Workers: 1
 Concurrent Refinement Workers: 4
 Periodic GC: Disabled

Heap:
 garbage-first heap   total 131072K, used 63269K [0x0000000080000000, 0x0000000100000000)
  region size 1024K, 3 young (3072K), 3 survivors (3072K)
 Metaspace       used 67995K, committed 68480K, reserved 1114112K
  class space    used 8970K, committed 9216K, reserved 1048576K

Heap Regions: E=young(eden), S=young(survivor), O=old, HS=humongous(starts), HC=humongous(continues), CS=collection set, F=free, OA=open archive, CA=closed archive, TAMS=top-at-mark-start (previous, next)
|   0|0x0000000080000000, 0x0000000080100000, 0x0000000080100000|100%| O|  |TAMS 0x0000000080100000, 0x0000000080100000| Untracked 
|   1|0x0000000080100000, 0x0000000080200000, 0x0000000080200000|100%| O|  |TAMS 0x0000000080200000, 0x0000000080200000| Untracked 
|   2|0x0000000080200000, 0x0000000080300000, 0x0000000080300000|100%|HS|  |TAMS 0x0000000080300000, 0x0000000080300000| Complete 
|   3|0x0000000080300000, 0x0000000080400000, 0x0000000080400000|100%|HC|  |TAMS 0x0000000080400000, 0x0000000080400000| Complete 
|   4|0x0000000080400000, 0x0000000080500000, 0x0000000080500000|100%|HC|  |TAMS 0x0000000080500000, 0x0000000080500000| Complete 
|   5|0x0000000080500000, 0x0000000080600000, 0x0000000080600000|100%|HC|  |TAMS 0x0000000080600000, 0x0000000080600000| Complete 
|   6|0x0000000080600000, 0x0000000080700000, 0x0000000080700000|100%| O|  |TAMS 0x0000000080700000, 0x0000000080700000| Untracked 
|   7|0x0000000080700000, 0x0000000080800000, 0x0000000080800000|100%| O|  |TAMS 0x0000000080800000, 0x0000000080800000| Untracked 
|   8|0x0000000080800000, 0x0000000080900000, 0x0000000080900000|100%| O|  |TAMS 0x0000000080900000, 0x0000000080900000| Untracked 
|   9|0x0000000080900000, 0x0000000080a00000, 0x0000000080a00000|100%| O|  |TAMS 0x0000000080a00000, 0x0000000080a00000| Untracked 
|  10|0x0000000080a00000, 0x0000000080b00000, 0x0000000080b00000|100%| O|  |TAMS 0x0000000080b00000, 0x0000000080b00000| Untracked 
|  11|0x0000000080b00000, 0x0000000080c00000, 0x0000000080c00000|100%| O|  |TAMS 0x0000000080b00000, 0x0000000080c00000| Untracked 
|  12|0x0000000080c00000, 0x0000000080d00000, 0x0000000080d00000|100%| O|  |TAMS 0x0000000080d00000, 0x0000000080d00000| Untracked 
|  13|0x0000000080d00000, 0x0000000080e00000, 0x0000000080e00000|100%| O|  |TAMS 0x0000000080e00000, 0x0000000080e00000| Untracked 
|  14|0x0000000080e00000, 0x0000000080f00000, 0x0000000080f00000|100%| O|  |TAMS 0x0000000080f00000, 0x0000000080f00000| Untracked 
|  15|0x0000000080f00000, 0x0000000081000000, 0x0000000081000000|100%| O|  |TAMS 0x0000000081000000, 0x0000000081000000| Untracked 
|  16|0x0000000081000000, 0x0000000081100000, 0x0000000081100000|100%| O|  |TAMS 0x0000000081100000, 0x0000000081100000| Untracked 
|  17|0x0000000081100000, 0x0000000081200000, 0x0000000081200000|100%| O|  |TAMS 0x0000000081200000, 0x0000000081200000| Untracked 
|  18|0x0000000081200000, 0x0000000081300000, 0x0000000081300000|100%| O|  |TAMS 0x0000000081300000, 0x0000000081300000| Untracked 
|  19|0x0000000081300000, 0x0000000081400000, 0x0000000081400000|100%| O|  |TAMS 0x0000000081400000, 0x0000000081400000| Untracked 
|  20|0x0000000081400000, 0x0000000081500000, 0x0000000081500000|100%| O|  |TAMS 0x0000000081500000, 0x0000000081500000| Untracked 
|  21|0x0000000081500000, 0x0000000081600000, 0x0000000081600000|100%| O|  |TAMS 0x0000000081600000, 0x0000000081600000| Untracked 
|  22|0x0000000081600000, 0x0000000081700000, 0x0000000081700000|100%| O|  |TAMS 0x0000000081700000, 0x0000000081700000| Untracked 
|  23|0x0000000081700000, 0x0000000081800000, 0x0000000081800000|100%| O|  |TAMS 0x0000000081800000, 0x0000000081800000| Untracked 
|  24|0x0000000081800000, 0x0000000081900000, 0x0000000081900000|100%|HS|  |TAMS 0x0000000081900000, 0x0000000081900000| Complete 
|  25|0x0000000081900000, 0x0000000081a00000, 0x0000000081a00000|100%| O|  |TAMS 0x0000000081a00000, 0x0000000081a00000| Untracked 
|  26|0x0000000081a00000, 0x0000000081b00000, 0x0000000081b00000|100%| O|  |TAMS 0x0000000081b00000, 0x0000000081b00000| Untracked 
|  27|0x0000000081b00000, 0x0000000081c00000, 0x0000000081c00000|100%| O|  |TAMS 0x0000000081c00000, 0x0000000081c00000| Untracked 
|  28|0x0000000081c00000, 0x0000000081d00000, 0x0000000081d00000|100%| O|  |TAMS 0x0000000081d00000, 0x0000000081d00000| Untracked 
|  29|0x0000000081d00000, 0x0000000081e00000, 0x0000000081e00000|100%| O|  |TAMS 0x0000000081e00000, 0x0000000081e00000| Untracked 
|  30|0x0000000081e00000, 0x0000000081f00000, 0x0000000081f00000|100%| O|  |TAMS 0x0000000081f00000, 0x0000000081f00000| Untracked 
|  31|0x0000000081f00000, 0x0000000082000000, 0x0000000082000000|100%| O|  |TAMS 0x0000000082000000, 0x0000000082000000| Untracked 
|  32|0x0000000082000000, 0x0000000082100000, 0x0000000082100000|100%| O|  |TAMS 0x0000000082100000, 0x0000000082100000| Untracked 
|  33|0x0000000082100000, 0x0000000082200000, 0x0000000082200000|100%| O|  |TAMS 0x0000000082200000, 0x0000000082200000| Untracked 
|  34|0x0000000082200000, 0x0000000082300000, 0x0000000082300000|100%|HS|  |TAMS 0x0000000082300000, 0x0000000082300000| Complete 
|  35|0x0000000082300000, 0x0000000082400000, 0x0000000082400000|100%|HC|  |TAMS 0x0000000082400000, 0x0000000082400000| Complete 
|  36|0x0000000082400000, 0x0000000082500000, 0x0000000082500000|100%| O|  |TAMS 0x0000000082500000, 0x0000000082500000| Untracked 
|  37|0x0000000082500000, 0x0000000082600000, 0x0000000082600000|100%| O|  |TAMS 0x0000000082600000, 0x0000000082600000| Untracked 
|  38|0x0000000082600000, 0x0000000082700000, 0x0000000082700000|100%| O|  |TAMS 0x0000000082700000, 0x0000000082700000| Untracked 
|  39|0x0000000082700000, 0x0000000082800000, 0x0000000082800000|100%|HS|  |TAMS 0x0000000082800000, 0x0000000082800000| Complete 
|  40|0x0000000082800000, 0x0000000082900000, 0x0000000082900000|100%|HS|  |TAMS 0x0000000082900000, 0x0000000082900000| Complete 
|  41|0x0000000082900000, 0x0000000082a00000, 0x0000000082a00000|100%|HS|  |TAMS 0x0000000082a00000, 0x0000000082a00000| Complete 
|  42|0x0000000082a00000, 0x0000000082b00000, 0x0000000082b00000|100%|HC|  |TAMS 0x0000000082b00000, 0x0000000082b00000| Complete 
|  43|0x0000000082b00000, 0x0000000082c00000, 0x0000000082c00000|100%|HC|  |TAMS 0x0000000082c00000, 0x0000000082c00000| Complete 
|  44|0x0000000082c00000, 0x0000000082d00000, 0x0000000082d00000|100%|HC|  |TAMS 0x0000000082d00000, 0x0000000082d00000| Complete 
|  45|0x0000000082d00000, 0x0000000082e00000, 0x0000000082e00000|100%| O|  |TAMS 0x0000000082e00000, 0x0000000082e00000| Untracked 
|  46|0x0000000082e00000, 0x0000000082f00000, 0x0000000082f00000|100%| O|  |TAMS 0x0000000082f00000, 0x0000000082f00000| Untracked 
|  47|0x0000000082f00000, 0x0000000083000000, 0x0000000083000000|100%| O|  |TAMS 0x0000000083000000, 0x0000000083000000| Untracked 
|  48|0x0000000083000000, 0x0000000083100000, 0x0000000083100000|100%| O|  |TAMS 0x0000000083100000, 0x0000000083100000| Untracked 
|  49|0x0000000083100000, 0x0000000083200000, 0x0000000083200000|100%| O|  |TAMS 0x0000000083200000, 0x0000000083200000| Untracked 
|  50|0x0000000083200000, 0x0000000083300000, 0x0000000083300000|100%| O|  |TAMS 0x0000000083300000, 0x0000000083300000| Untracked 
|  51|0x0000000083300000, 0x0000000083400000, 0x0000000083400000|100%| O|  |TAMS 0x0000000083400000, 0x0000000083400000| Untracked 
|  52|0x0000000083400000, 0x0000000083400000, 0x0000000083500000|  0%| F|  |TAMS 0x0000000083400000, 0x0000000083400000| Untracked 
|  53|0x0000000083500000, 0x0000000083600000, 0x0000000083600000|100%| O|  |TAMS 0x0000000083600000, 0x0000000083600000| Untracked 
|  54|0x0000000083600000, 0x0000000083700000, 0x0000000083700000|100%| O|  |TAMS 0x0000000083600000, 0x0000000083700000| Untracked 
|  55|0x0000000083700000, 0x0000000083800000, 0x0000000083800000|100%| O|  |TAMS 0x0000000083800000, 0x0000000083800000| Untracked 
|  56|0x0000000083800000, 0x0000000083900000, 0x0000000083900000|100%| O|  |TAMS 0x0000000083900000, 0x0000000083900000| Untracked 
|  57|0x0000000083900000, 0x00000000839ddc00, 0x0000000083a00000| 86%| O|  |TAMS 0x0000000083900000, 0x00000000839ddc00| Untracked 
|  58|0x0000000083a00000, 0x0000000083a00000, 0x0000000083b00000|  0%| F|  |TAMS 0x0000000083a00000, 0x0000000083a00000| Untracked 
|  59|0x0000000083b00000, 0x0000000083b00000, 0x0000000083c00000|  0%| F|  |TAMS 0x0000000083b00000, 0x0000000083b00000| Untracked 
|  60|0x0000000083c00000, 0x0000000083c00000, 0x0000000083d00000|  0%| F|  |TAMS 0x0000000083c00000, 0x0000000083c00000| Untracked 
|  61|0x0000000083d00000, 0x0000000083e00000, 0x0000000083e00000|100%| O|  |TAMS 0x0000000083d00000, 0x0000000083e00000| Untracked 
|  62|0x0000000083e00000, 0x0000000083f00000, 0x0000000083f00000|100%| O|  |TAMS 0x0000000083e00000, 0x0000000083f00000| Untracked 
|  63|0x0000000083f00000, 0x0000000083f00000, 0x0000000084000000|  0%| F|  |TAMS 0x0000000083f00000, 0x0000000083f00000| Untracked 
|  64|0x0000000084000000, 0x0000000084000000, 0x0000000084100000|  0%| F|  |TAMS 0x0000000084000000, 0x0000000084000000| Untracked 
|  65|0x0000000084100000, 0x0000000084100000, 0x0000000084200000|  0%| F|  |TAMS 0x0000000084100000, 0x0000000084100000| Untracked 
|  66|0x0000000084200000, 0x0000000084200000, 0x0000000084300000|  0%| F|  |TAMS 0x0000000084200000, 0x0000000084200000| Untracked 
|  67|0x0000000084300000, 0x0000000084300000, 0x0000000084400000|  0%| F|  |TAMS 0x0000000084300000, 0x0000000084300000| Untracked 
|  68|0x0000000084400000, 0x0000000084400000, 0x0000000084500000|  0%| F|  |TAMS 0x0000000084400000, 0x0000000084400000| Untracked 
|  69|0x0000000084500000, 0x0000000084500000, 0x0000000084600000|  0%| F|  |TAMS 0x0000000084500000, 0x0000000084500000| Untracked 
|  70|0x0000000084600000, 0x0000000084600000, 0x0000000084700000|  0%| F|  |TAMS 0x0000000084600000, 0x0000000084600000| Untracked 
|  71|0x0000000084700000, 0x0000000084700000, 0x0000000084800000|  0%| F|  |TAMS 0x0000000084700000, 0x0000000084700000| Untracked 
|  72|0x0000000084800000, 0x0000000084800000, 0x0000000084900000|  0%| F|  |TAMS 0x0000000084800000, 0x0000000084800000| Untracked 
|  73|0x0000000084900000, 0x0000000084900000, 0x0000000084a00000|  0%| F|  |TAMS 0x0000000084900000, 0x0000000084900000| Untracked 
|  74|0x0000000084a00000, 0x0000000084a00000, 0x0000000084b00000|  0%| F|  |TAMS 0x0000000084a00000, 0x0000000084a00000| Untracked 
|  75|0x0000000084b00000, 0x0000000084b00000, 0x0000000084c00000|  0%| F|  |TAMS 0x0000000084b00000, 0x0000000084b00000| Untracked 
|  76|0x0000000084c00000, 0x0000000084c00000, 0x0000000084d00000|  0%| F|  |TAMS 0x0000000084c00000, 0x0000000084c00000| Untracked 
|  77|0x0000000084d00000, 0x0000000084d00000, 0x0000000084e00000|  0%| F|  |TAMS 0x0000000084d00000, 0x0000000084d00000| Untracked 
|  78|0x0000000084e00000, 0x0000000084e00000, 0x0000000084f00000|  0%| F|  |TAMS 0x0000000084e00000, 0x0000000084e00000| Untracked 
|  79|0x0000000084f00000, 0x0000000084f00000, 0x0000000085000000|  0%| F|  |TAMS 0x0000000084f00000, 0x0000000084f00000| Untracked 
|  80|0x0000000085000000, 0x0000000085000000, 0x0000000085100000|  0%| F|  |TAMS 0x0000000085000000, 0x0000000085000000| Untracked 
|  81|0x0000000085100000, 0x0000000085100000, 0x0000000085200000|  0%| F|  |TAMS 0x0000000085100000, 0x0000000085100000| Untracked 
|  82|0x0000000085200000, 0x0000000085200000, 0x0000000085300000|  0%| F|  |TAMS 0x0000000085200000, 0x0000000085200000| Untracked 
|  83|0x0000000085300000, 0x0000000085300000, 0x0000000085400000|  0%| F|  |TAMS 0x0000000085300000, 0x0000000085300000| Untracked 
|  84|0x0000000085400000, 0x0000000085400000, 0x0000000085500000|  0%| F|  |TAMS 0x0000000085400000, 0x0000000085400000| Untracked 
|  85|0x0000000085500000, 0x0000000085500000, 0x0000000085600000|  0%| F|  |TAMS 0x0000000085500000, 0x0000000085500000| Untracked 
|  86|0x0000000085600000, 0x0000000085600000, 0x0000000085700000|  0%| F|  |TAMS 0x0000000085600000, 0x0000000085600000| Untracked 
|  87|0x0000000085700000, 0x0000000085700000, 0x0000000085800000|  0%| F|  |TAMS 0x0000000085700000, 0x0000000085700000| Untracked 
|  88|0x0000000085800000, 0x0000000085800000, 0x0000000085900000|  0%| F|  |TAMS 0x0000000085800000, 0x0000000085800000| Untracked 
|  89|0x0000000085900000, 0x00000000859eb980, 0x0000000085a00000| 92%| S|CS|TAMS 0x0000000085900000, 0x0000000085900000| Complete 
|  90|0x0000000085a00000, 0x0000000085b00000, 0x0000000085b00000|100%| S|CS|TAMS 0x0000000085a00000, 0x0000000085a00000| Complete 
|  91|0x0000000085b00000, 0x0000000085c00000, 0x0000000085c00000|100%| S|CS|TAMS 0x0000000085b00000, 0x0000000085b00000| Complete 
|  92|0x0000000085c00000, 0x0000000085c00000, 0x0000000085d00000|  0%| F|  |TAMS 0x0000000085c00000, 0x0000000085c00000| Untracked 
|  93|0x0000000085d00000, 0x0000000085d00000, 0x0000000085e00000|  0%| F|  |TAMS 0x0000000085d00000, 0x0000000085d00000| Untracked 
|  94|0x0000000085e00000, 0x0000000085e00000, 0x0000000085f00000|  0%| F|  |TAMS 0x0000000085e00000, 0x0000000085e00000| Untracked 
|  95|0x0000000085f00000, 0x0000000085f00000, 0x0000000086000000|  0%| F|  |TAMS 0x0000000085f00000, 0x0000000085f00000| Untracked 
|  96|0x0000000086000000, 0x0000000086000000, 0x0000000086100000|  0%| F|  |TAMS 0x0000000086000000, 0x0000000086000000| Untracked 
|  97|0x0000000086100000, 0x0000000086100000, 0x0000000086200000|  0%| F|  |TAMS 0x0000000086100000, 0x0000000086100000| Untracked 
|  98|0x0000000086200000, 0x0000000086200000, 0x0000000086300000|  0%| F|  |TAMS 0x0000000086200000, 0x0000000086200000| Untracked 
|  99|0x0000000086300000, 0x0000000086300000, 0x0000000086400000|  0%| F|  |TAMS 0x0000000086300000, 0x0000000086300000| Untracked 
| 100|0x0000000086400000, 0x0000000086400000, 0x0000000086500000|  0%| F|  |TAMS 0x0000000086400000, 0x0000000086400000| Untracked 
| 101|0x0000000086500000, 0x0000000086500000, 0x0000000086600000|  0%| F|  |TAMS 0x0000000086500000, 0x0000000086500000| Untracked 
| 102|0x0000000086600000, 0x0000000086600000, 0x0000000086700000|  0%| F|  |TAMS 0x0000000086600000, 0x0000000086600000| Untracked 
| 103|0x0000000086700000, 0x0000000086700000, 0x0000000086800000|  0%| F|  |TAMS 0x0000000086700000, 0x0000000086700000| Untracked 
| 104|0x0000000086800000, 0x0000000086800000, 0x0000000086900000|  0%| F|  |TAMS 0x0000000086800000, 0x0000000086800000| Untracked 
| 105|0x0000000086900000, 0x0000000086900000, 0x0000000086a00000|  0%| F|  |TAMS 0x0000000086900000, 0x0000000086900000| Untracked 
| 106|0x0000000086a00000, 0x0000000086a00000, 0x0000000086b00000|  0%| F|  |TAMS 0x0000000086a00000, 0x0000000086a00000| Untracked 
| 107|0x0000000086b00000, 0x0000000086b00000, 0x0000000086c00000|  0%| F|  |TAMS 0x0000000086b00000, 0x0000000086b00000| Untracked 
| 108|0x0000000086c00000, 0x0000000086c00000, 0x0000000086d00000|  0%| F|  |TAMS 0x0000000086c00000, 0x0000000086c00000| Untracked 
| 109|0x0000000086d00000, 0x0000000086d00000, 0x0000000086e00000|  0%| F|  |TAMS 0x0000000086d00000, 0x0000000086d00000| Untracked 
| 110|0x0000000086e00000, 0x0000000086e00000, 0x0000000086f00000|  0%| F|  |TAMS 0x0000000086e00000, 0x0000000086e00000| Untracked 
| 111|0x0000000086f00000, 0x0000000086f00000, 0x0000000087000000|  0%| F|  |TAMS 0x0000000086f00000, 0x0000000086f00000| Untracked 
| 112|0x0000000087000000, 0x0000000087000000, 0x0000000087100000|  0%| F|  |TAMS 0x0000000087000000, 0x0000000087000000| Untracked 
| 113|0x0000000087100000, 0x0000000087100000, 0x0000000087200000|  0%| F|  |TAMS 0x0000000087100000, 0x0000000087100000| Untracked 
| 114|0x0000000087200000, 0x0000000087200000, 0x0000000087300000|  0%| F|  |TAMS 0x0000000087200000, 0x0000000087200000| Untracked 
| 115|0x0000000087300000, 0x0000000087300000, 0x0000000087400000|  0%| F|  |TAMS 0x0000000087300000, 0x0000000087300000| Untracked 
| 116|0x0000000087400000, 0x0000000087400000, 0x0000000087500000|  0%| F|  |TAMS 0x0000000087400000, 0x0000000087400000| Untracked 
| 117|0x0000000087500000, 0x0000000087500000, 0x0000000087600000|  0%| F|  |TAMS 0x0000000087500000, 0x0000000087500000| Untracked 
| 118|0x0000000087600000, 0x0000000087600000, 0x0000000087700000|  0%| F|  |TAMS 0x0000000087600000, 0x0000000087600000| Untracked 
| 119|0x0000000087700000, 0x0000000087700000, 0x0000000087800000|  0%| F|  |TAMS 0x0000000087700000, 0x0000000087700000| Untracked 
| 120|0x0000000087800000, 0x0000000087800000, 0x0000000087900000|  0%| F|  |TAMS 0x0000000087800000, 0x0000000087800000| Untracked 
| 121|0x0000000087900000, 0x0000000087900000, 0x0000000087a00000|  0%| F|  |TAMS 0x0000000087900000, 0x0000000087900000| Untracked 
| 122|0x0000000087a00000, 0x0000000087a00000, 0x0000000087b00000|  0%| F|  |TAMS 0x0000000087a00000, 0x0000000087a00000| Untracked 
| 123|0x0000000087b00000, 0x0000000087b00000, 0x0000000087c00000|  0%| F|  |TAMS 0x0000000087b00000, 0x0000000087b00000| Untracked 
| 124|0x0000000087c00000, 0x0000000087c00000, 0x0000000087d00000|  0%| F|  |TAMS 0x0000000087c00000, 0x0000000087c00000| Untracked 
| 125|0x0000000087d00000, 0x0000000087d00000, 0x0000000087e00000|  0%| F|  |TAMS 0x0000000087d00000, 0x0000000087d00000| Untracked 
| 126|0x0000000087e00000, 0x0000000087e00000, 0x0000000087f00000|  0%| F|  |TAMS 0x0000000087e00000, 0x0000000087e00000| Untracked 
| 127|0x0000000087f00000, 0x0000000087f00000, 0x0000000088000000|  0%| F|  |TAMS 0x0000000087f00000, 0x0000000087f00000| Untracked 

Card table byte_map: [0x0000028566770000,0x0000028566b70000] _byte_map_base: 0x0000028566370000

Marking Bits (Prev, Next): (CMBitMap*) 0x0000028553ef7ef0, (CMBitMap*) 0x0000028553ef7eb0
 Prev Bits: [0x0000028568f70000, 0x000002856af70000)
 Next Bits: [0x0000028566f70000, 0x0000028568f70000)

Polling page: 0x0000028551e50000

Metaspace:

Usage:
  Non-class:     57.64 MB used.
      Class:      8.76 MB used.
       Both:     66.40 MB used.

Virtual space:
  Non-class space:       64.00 MB reserved,      57.88 MB ( 90%) committed,  8 nodes.
      Class space:        1.00 GB reserved,       9.00 MB ( <1%) committed,  1 nodes.
             Both:        1.06 GB reserved,      66.88 MB (  6%) committed. 

Chunk freelists:
   Non-Class:  2.00 MB
       Class:  2.97 MB
        Both:  4.97 MB

MaxMetaspaceSize: unlimited
CompressedClassSpaceSize: 1.00 GB
Initial GC threshold: 21.00 MB
Current GC threshold: 103.56 MB
CDS: off
MetaspaceReclaimPolicy: balanced
 - commit_granule_bytes: 65536.
 - commit_granule_words: 8192.
 - virtual_space_node_default_size: 1048576.
 - enlarge_chunks_in_place: 1.
 - new_chunks_are_fully_committed: 0.
 - uncommit_free_chunks: 1.
 - use_allocation_guard: 0.
 - handle_deallocations: 1.


Internal statistics:

num_allocs_failed_limit: 6.
num_arena_births: 620.
num_arena_deaths: 0.
num_vsnodes_births: 9.
num_vsnodes_deaths: 0.
num_space_committed: 1070.
num_space_uncommitted: 0.
num_chunks_returned_to_freelist: 6.
num_chunks_taken_from_freelist: 2870.
num_chunk_merges: 6.
num_chunk_splits: 1908.
num_chunks_enlarged: 1304.
num_purges: 0.
num_inconsistent_stats: 0.

CodeHeap 'non-profiled nmethods': size=120000Kb used=3467Kb max_used=3467Kb free=116532Kb
 bounds [0x000002855ee40000, 0x000002855f1b0000, 0x0000028566370000]
CodeHeap 'profiled nmethods': size=120000Kb used=11880Kb max_used=11880Kb free=108119Kb
 bounds [0x0000028557370000, 0x0000028557f10000, 0x000002855e8a0000]
CodeHeap 'non-nmethods': size=5760Kb used=2351Kb max_used=2415Kb free=3408Kb
 bounds [0x000002855e8a0000, 0x000002855eb10000, 0x000002855ee40000]
 total_blobs=7025 nmethods=6150 adapters=787
 compilation: enabled
              stopped_count=0, restarted_count=0
 full_count=0

Compilation events (20 events):
Event: 17.866 Thread 0x000002856e00ae80 6954       3       kotlin.reflect.jvm.internal.impl.name.FqName::toUnsafe (13 bytes)
Event: 17.867 Thread 0x000002856e00ae80 nmethod 6954 0x0000028557f07410 code [0x0000028557f075c0, 0x0000028557f07748]
Event: 17.867 Thread 0x000002856e00ae80 6955       3       kotlin.reflect.jvm.internal.impl.name.Name::<init> (23 bytes)
Event: 17.867 Thread 0x000002856e00ae80 nmethod 6955 0x0000028557f07810 code [0x0000028557f079c0, 0x0000028557f07c08]
Event: 17.867 Thread 0x000002856e00ae80 6957       3       kotlin.reflect.jvm.internal.impl.name.FqName::asString (16 bytes)
Event: 17.868 Thread 0x000002856e00ae80 nmethod 6957 0x0000028557f07d10 code [0x0000028557f07ec0, 0x0000028557f08118]
Event: 17.868 Thread 0x000002856e00ae80 6956       3       kotlin.reflect.jvm.internal.impl.name.Name::identifier (18 bytes)
Event: 17.868 Thread 0x000002856e00ae80 nmethod 6956 0x0000028557f08210 code [0x0000028557f083e0, 0x0000028557f08738]
Event: 17.868 Thread 0x000002856e00ae80 6958       3       kotlin.reflect.jvm.internal.impl.name.FqName::<init> (18 bytes)
Event: 17.868 Thread 0x000002856e00ae80 nmethod 6958 0x0000028557f08890 code [0x0000028557f08a40, 0x0000028557f08c68]
Event: 17.873 Thread 0x000002856f800a30 nmethod 6854 0x000002855f193c10 code [0x000002855f194340, 0x000002855f19c9e0]
Event: 17.875 Thread 0x000002856f800a30 6855   !   4       java.net.URLClassLoader$1::run (81 bytes)
Event: 17.900 Thread 0x000002856e00ae80 6959       3       java.beans.PropertyDescriptor::getPropertyEditorClass (22 bytes)
Event: 17.900 Thread 0x000002856e00ae80 nmethod 6959 0x0000028557f08d90 code [0x0000028557f08f40, 0x0000028557f09268]
Event: 17.902 Thread 0x000002856e00ae80 6960       3       java.beans.MethodDescriptor::resolve (32 bytes)
Event: 17.902 Thread 0x000002856e00ae80 nmethod 6960 0x0000028557f09390 code [0x0000028557f09580, 0x0000028557f09af8]
Event: 17.902 Thread 0x000002856e00ae80 6961       3       java.util.Hashtable::getIterator (22 bytes)
Event: 17.903 Thread 0x000002856e00ae80 nmethod 6961 0x0000028557f09c90 code [0x0000028557f09e40, 0x0000028557f0a0c8]
Event: 17.904 Thread 0x000002856e00a580 nmethod 6836% 0x000002855f1a1d90 code [0x000002855f1a2420, 0x000002855f1aa0d0]
Event: 17.906 Thread 0x000002856e00a580 6877       4       org.objectweb.asm.ClassReader::readUtf (161 bytes)

GC Heap History (20 events):
Event: 12.878 GC heap after
{Heap after GC invocations=12 (full 0):
 garbage-first heap   total 82944K, used 34172K [0x0000000080000000, 0x0000000100000000)
  region size 1024K, 2 young (2048K), 2 survivors (2048K)
 Metaspace       used 48807K, committed 49152K, reserved 1097728K
  class space    used 6433K, committed 6592K, reserved 1048576K
}
Event: 13.727 GC heap before
{Heap before GC invocations=12 (full 0):
 garbage-first heap   total 82944K, used 62844K [0x0000000080000000, 0x0000000100000000)
  region size 1024K, 30 young (30720K), 2 survivors (2048K)
 Metaspace       used 51507K, committed 51904K, reserved 1097728K
  class space    used 6796K, committed 6976K, reserved 1048576K
}
Event: 13.737 GC heap after
{Heap after GC invocations=13 (full 0):
 garbage-first heap   total 82944K, used 36569K [0x0000000080000000, 0x0000000100000000)
  region size 1024K, 4 young (4096K), 4 survivors (4096K)
 Metaspace       used 51507K, committed 51904K, reserved 1097728K
  class space    used 6796K, committed 6976K, reserved 1048576K
}
Event: 14.239 GC heap before
{Heap before GC invocations=13 (full 0):
 garbage-first heap   total 82944K, used 60121K [0x0000000080000000, 0x0000000100000000)
  region size 1024K, 26 young (26624K), 4 survivors (4096K)
 Metaspace       used 52077K, committed 52480K, reserved 1097728K
  class space    used 6868K, committed 7040K, reserved 1048576K
}
Event: 14.250 GC heap after
{Heap after GC invocations=14 (full 0):
 garbage-first heap   total 82944K, used 42697K [0x0000000080000000, 0x0000000100000000)
  region size 1024K, 4 young (4096K), 4 survivors (4096K)
 Metaspace       used 52077K, committed 52480K, reserved 1097728K
  class space    used 6868K, committed 7040K, reserved 1048576K
}
Event: 14.679 GC heap before
{Heap before GC invocations=15 (full 0):
 garbage-first heap   total 83968K, used 70345K [0x0000000080000000, 0x0000000100000000)
  region size 1024K, 25 young (25600K), 4 survivors (4096K)
 Metaspace       used 53832K, committed 54272K, reserved 1097728K
  class space    used 7107K, committed 7296K, reserved 1048576K
}
Event: 14.688 GC heap after
{Heap after GC invocations=16 (full 0):
 garbage-first heap   total 83968K, used 55254K [0x0000000080000000, 0x0000000100000000)
  region size 1024K, 4 young (4096K), 4 survivors (4096K)
 Metaspace       used 53832K, committed 54272K, reserved 1097728K
  class space    used 7107K, committed 7296K, reserved 1048576K
}
Event: 15.009 GC heap before
{Heap before GC invocations=16 (full 0):
 garbage-first heap   total 83968K, used 67542K [0x0000000080000000, 0x0000000100000000)
  region size 1024K, 16 young (16384K), 4 survivors (4096K)
 Metaspace       used 55581K, committed 56064K, reserved 1105920K
  class space    used 7365K, committed 7552K, reserved 1048576K
}
Event: 15.016 GC heap after
{Heap after GC invocations=17 (full 0):
 garbage-first heap   total 101376K, used 55794K [0x0000000080000000, 0x0000000100000000)
  region size 1024K, 1 young (1024K), 1 survivors (1024K)
 Metaspace       used 55581K, committed 56064K, reserved 1105920K
  class space    used 7365K, committed 7552K, reserved 1048576K
}
Event: 15.615 GC heap before
{Heap before GC invocations=18 (full 0):
 garbage-first heap   total 102400K, used 78322K [0x0000000080000000, 0x0000000100000000)
  region size 1024K, 23 young (23552K), 1 survivors (1024K)
 Metaspace       used 59127K, committed 59648K, reserved 1105920K
  class space    used 7802K, committed 8064K, reserved 1048576K
}
Event: 15.621 GC heap after
{Heap after GC invocations=19 (full 0):
 garbage-first heap   total 102400K, used 56600K [0x0000000080000000, 0x0000000100000000)
  region size 1024K, 2 young (2048K), 2 survivors (2048K)
 Metaspace       used 59127K, committed 59648K, reserved 1105920K
  class space    used 7802K, committed 8064K, reserved 1048576K
}
Event: 15.723 GC heap before
{Heap before GC invocations=19 (full 0):
 garbage-first heap   total 102400K, used 59672K [0x0000000080000000, 0x0000000100000000)
  region size 1024K, 5 young (5120K), 2 survivors (2048K)
 Metaspace       used 59426K, committed 59968K, reserved 1105920K
  class space    used 7860K, committed 8128K, reserved 1048576K
}
Event: 15.730 GC heap after
{Heap after GC invocations=20 (full 0):
 garbage-first heap   total 102400K, used 56557K [0x0000000080000000, 0x0000000100000000)
  region size 1024K, 1 young (1024K), 1 survivors (1024K)
 Metaspace       used 59426K, committed 59968K, reserved 1105920K
  class space    used 7860K, committed 8128K, reserved 1048576K
}
Event: 16.268 GC heap before
{Heap before GC invocations=20 (full 0):
 garbage-first heap   total 102400K, used 70893K [0x0000000080000000, 0x0000000100000000)
  region size 1024K, 17 young (17408K), 1 survivors (1024K)
 Metaspace       used 63076K, committed 63616K, reserved 1105920K
  class space    used 8326K, committed 8576K, reserved 1048576K
}
Event: 16.272 GC heap after
{Heap after GC invocations=21 (full 0):
 garbage-first heap   total 102400K, used 58445K [0x0000000080000000, 0x0000000100000000)
  region size 1024K, 3 young (3072K), 3 survivors (3072K)
 Metaspace       used 63076K, committed 63616K, reserved 1105920K
  class space    used 8326K, committed 8576K, reserved 1048576K
}
Event: 16.764 GC heap before
{Heap before GC invocations=22 (full 0):
 garbage-first heap   total 130048K, used 86093K [0x0000000080000000, 0x0000000100000000)
  region size 1024K, 24 young (24576K), 3 survivors (3072K)
 Metaspace       used 64315K, committed 64768K, reserved 1105920K
  class space    used 8485K, committed 8704K, reserved 1048576K
}
Event: 16.772 GC heap after
{Heap after GC invocations=23 (full 0):
 garbage-first heap   total 130048K, used 60681K [0x0000000080000000, 0x0000000100000000)
  region size 1024K, 3 young (3072K), 3 survivors (3072K)
 Metaspace       used 64315K, committed 64768K, reserved 1105920K
  class space    used 8485K, committed 8704K, reserved 1048576K
}
Event: 16.924 GC heap before
{Heap before GC invocations=23 (full 0):
 garbage-first heap   total 130048K, used 63753K [0x0000000080000000, 0x0000000100000000)
  region size 1024K, 6 young (6144K), 3 survivors (3072K)
 Metaspace       used 64655K, committed 65152K, reserved 1105920K
  class space    used 8526K, committed 8768K, reserved 1048576K
}
Event: 16.931 GC heap after
{Heap after GC invocations=24 (full 0):
 garbage-first heap   total 130048K, used 60627K [0x0000000080000000, 0x0000000100000000)
  region size 1024K, 1 young (1024K), 1 survivors (1024K)
 Metaspace       used 64655K, committed 65152K, reserved 1105920K
  class space    used 8526K, committed 8768K, reserved 1048576K
}
Event: 17.908 GC heap before
{Heap before GC invocations=24 (full 0):
 garbage-first heap   total 130048K, used 95443K [0x0000000080000000, 0x0000000100000000)
  region size 1024K, 35 young (35840K), 1 survivors (1024K)
 Metaspace       used 67995K, committed 68480K, reserved 1114112K
  class space    used 8970K, committed 9216K, reserved 1048576K
}

Dll operation events (2 events):
Event: 0.013 Loaded shared library C:\Program Files\Android\Android Studio\jbr\bin\java.dll
Event: 0.796 Loaded shared library C:\Program Files\Android\Android Studio\jbr\bin\verify.dll

Deoptimization events (20 events):
Event: 17.404 Thread 0x000002856e005aa0 DEOPT PACKING pc=0x000002855ef9a9c0 sp=0x000000e0a33f5790
Event: 17.404 Thread 0x000002856e005aa0 DEOPT UNPACKING pc=0x000002855e8f69a3 sp=0x000000e0a33f56d0 mode 2
Event: 17.423 Thread 0x000002856e005aa0 Uncommon trap: trap_request=0xffffff45 fr.pc=0x000002855ef94428 relative=0x0000000000000128
Event: 17.423 Thread 0x000002856e005aa0 Uncommon trap: reason=unstable_if action=reinterpret pc=0x000002855ef94428 method=org.objectweb.asm.ByteVector.putByteArray([BII)Lorg/objectweb/asm/ByteVector; @ 20 c2
Event: 17.423 Thread 0x000002856e005aa0 DEOPT PACKING pc=0x000002855ef94428 sp=0x000000e0a33f5c00
Event: 17.423 Thread 0x000002856e005aa0 DEOPT UNPACKING pc=0x000002855e8f69a3 sp=0x000000e0a33f5bd0 mode 2
Event: 17.423 Thread 0x000002856e005aa0 Uncommon trap: trap_request=0xffffff45 fr.pc=0x000002855eea298c relative=0x00000000000009cc
Event: 17.423 Thread 0x000002856e005aa0 Uncommon trap: reason=unstable_if action=reinterpret pc=0x000002855eea298c method=org.objectweb.asm.Label.resolve([BI)Z @ 80 c2
Event: 17.423 Thread 0x000002856e005aa0 DEOPT PACKING pc=0x000002855eea298c sp=0x000000e0a33f5c20
Event: 17.423 Thread 0x000002856e005aa0 DEOPT UNPACKING pc=0x000002855e8f69a3 sp=0x000000e0a33f5b40 mode 2
Event: 17.423 Thread 0x000002856e005aa0 Uncommon trap: trap_request=0xffffff45 fr.pc=0x000002855f0f1208 relative=0x00000000000001e8
Event: 17.423 Thread 0x000002856e005aa0 Uncommon trap: reason=unstable_if action=reinterpret pc=0x000002855f0f1208 method=org.objectweb.asm.Label.resolve([BI)Z @ 80 c2
Event: 17.423 Thread 0x000002856e005aa0 DEOPT PACKING pc=0x000002855f0f1208 sp=0x000000e0a33f5bb0
Event: 17.423 Thread 0x000002856e005aa0 DEOPT UNPACKING pc=0x000002855e8f69a3 sp=0x000000e0a33f5b30 mode 2
Event: 17.466 Thread 0x000002856e005aa0 Uncommon trap: trap_request=0xffffff45 fr.pc=0x000002855f01cff8 relative=0x0000000000001198
Event: 17.466 Thread 0x000002856e005aa0 Uncommon trap: reason=unstable_if action=reinterpret pc=0x000002855f01cff8 method=org.objectweb.asm.MethodWriter.<init>(Lorg/objectweb/asm/SymbolTable;ILjava/lang/String;Ljava/lang/String;Ljava/lang/String;[Ljava/lang/String;I)V @ 94 c2
Event: 17.466 Thread 0x000002856e005aa0 DEOPT PACKING pc=0x000002855f01cff8 sp=0x000000e0a33f5d40
Event: 17.466 Thread 0x000002856e005aa0 DEOPT UNPACKING pc=0x000002855e8f69a3 sp=0x000000e0a33f5c18 mode 2
Event: 17.468 Thread 0x000002856e005aa0 DEOPT PACKING pc=0x0000028557c2c9d1 sp=0x000000e0a33f5e10
Event: 17.468 Thread 0x000002856e005aa0 DEOPT UNPACKING pc=0x000002855e8f7143 sp=0x000000e0a33f5308 mode 0

Classes unloaded (0 events):
No events

Classes redefined (0 events):
No events

Internal exceptions (20 events):
Event: 14.654 Thread 0x000002856e005aa0 Exception <a 'java/lang/NoSuchMethodError'{0x0000000083efb8d8}: 'java.lang.Object java.lang.invoke.DirectMethodHandle$Holder.newInvokeSpecial(java.lang.Object, java.lang.Object, java.lang.Object, java.lang.Object, int)'> (0x0000000083efb8d8) 
thrown [s\src\hotspot\share\interpreter\linkResolver.cpp, line 771]
Event: 14.654 Thread 0x000002856e005aa0 Exception <a 'java/lang/NoSuchMethodError'{0x0000000083d01170}: 'java.lang.Object java.lang.invoke.DirectMethodHandle$Holder.invokeSpecial(java.lang.Object, java.lang.Object, java.lang.Object, java.lang.Object, java.lang.Object, int)'> (0x0000000083d01170) 
thrown [s\src\hotspot\share\interpreter\linkResolver.cpp, line 771]
Event: 14.655 Thread 0x000002856e005aa0 Exception <a 'java/lang/NoSuchMethodError'{0x0000000083d05c48}: 'java.lang.Object java.lang.invoke.Invokers$Holder.linkToTargetMethod(java.lang.Object, java.lang.Object, java.lang.Object, int, java.lang.Object)'> (0x0000000083d05c48) 
thrown [s\src\hotspot\share\interpreter\linkResolver.cpp, line 771]
Event: 15.019 Thread 0x000002856e005aa0 Exception <a 'java/lang/NoSuchMethodError'{0x0000000087f074c8}: 'int java.lang.invoke.DirectMethodHandle$Holder.invokeInterface(java.lang.Object, java.lang.Object, java.lang.Object, java.lang.Object)'> (0x0000000087f074c8) 
thrown [s\src\hotspot\share\interpreter\linkResolver.cpp, line 771]
Event: 15.816 Thread 0x000002856e005aa0 Exception <a 'java/lang/IncompatibleClassChangeError'{0x0000000086116278}: Found class java.lang.Object, but interface was expected> (0x0000000086116278) 
thrown [s\src\hotspot\share\interpreter\linkResolver.cpp, line 838]
Event: 15.886 Thread 0x000002856e005aa0 Implicit null exception at 0x000002855ef7b759 to 0x000002855ef7b8f0
Event: 16.113 Thread 0x000002856e005aa0 Implicit null exception at 0x000002855f031d0c to 0x000002855f031e3e
Event: 16.479 Thread 0x000002856e005aa0 Exception <a 'sun/nio/fs/WindowsException'{0x00000000858b0978}> (0x00000000858b0978) 
thrown [s\src\hotspot\share\prims\jni.cpp, line 517]
Event: 17.423 Thread 0x000002856e005aa0 Implicit null exception at 0x000002855ef94348 to 0x000002855ef94408
Event: 17.728 Thread 0x000002856e005aa0 Exception <a 'java/lang/ClassNotFoundException'{0x00000000863c8560}: org/gradle/api/internal/project/DefaultProject_DecoratedBeanInfo> (0x00000000863c8560) 
thrown [s\src\hotspot\share\classfile\systemDictionary.cpp, line 256]
Event: 17.729 Thread 0x000002856e005aa0 Exception <a 'java/lang/ClassNotFoundException'{0x00000000863dc230}: org/gradle/api/internal/project/DefaultProjectBeanInfo> (0x00000000863dc230) 
thrown [s\src\hotspot\share\classfile\systemDictionary.cpp, line 256]
Event: 17.731 Thread 0x000002856e005aa0 Exception <a 'java/lang/ClassNotFoundException'{0x00000000863f0258}: org/gradle/api/internal/project/DefaultProjectCustomizer> (0x00000000863f0258) 
thrown [s\src\hotspot\share\classfile\systemDictionary.cpp, line 256]
Event: 17.740 Thread 0x000002856e005aa0 Exception <a 'java/lang/ClassNotFoundException'{0x00000000862a0938}: org/gradle/api/internal/project/DefaultProject_DecoratedCustomizer> (0x00000000862a0938) 
thrown [s\src\hotspot\share\classfile\systemDictionary.cpp, line 256]
Event: 17.891 Thread 0x000002856e005aa0 Exception <a 'java/lang/ClassNotFoundException'{0x0000000085dff1e8}: org/gradle/api/plugins/internal/DefaultBasePluginConvention_DecoratedBeanInfo> (0x0000000085dff1e8) 
thrown [s\src\hotspot\share\classfile\systemDictionary.cpp, line 256]
Event: 17.893 Thread 0x000002856e005aa0 Exception <a 'java/lang/ClassNotFoundException'{0x0000000085c15ed0}: org/gradle/api/plugins/internal/DefaultBasePluginConventionBeanInfo> (0x0000000085c15ed0) 
thrown [s\src\hotspot\share\classfile\systemDictionary.cpp, line 256]
Event: 17.895 Thread 0x000002856e005aa0 Exception <a 'java/lang/ClassNotFoundException'{0x0000000085c2bfd8}: org/gradle/api/plugins/BasePluginConventionBeanInfo> (0x0000000085c2bfd8) 
thrown [s\src\hotspot\share\classfile\systemDictionary.cpp, line 256]
Event: 17.896 Thread 0x000002856e005aa0 Exception <a 'java/lang/ClassNotFoundException'{0x0000000085c420a8}: org/gradle/api/plugins/BasePluginConventionCustomizer> (0x0000000085c420a8) 
thrown [s\src\hotspot\share\classfile\systemDictionary.cpp, line 256]
Event: 17.899 Thread 0x000002856e005aa0 Exception <a 'java/lang/ClassNotFoundException'{0x0000000085c62978}: org/gradle/api/plugins/internal/DefaultBasePluginConventionCustomizer> (0x0000000085c62978) 
thrown [s\src\hotspot\share\classfile\systemDictionary.cpp, line 256]
Event: 17.901 Thread 0x000002856e005aa0 Exception <a 'java/lang/ClassNotFoundException'{0x0000000085c8b940}: org/gradle/api/plugins/internal/DefaultBasePluginConvention_DecoratedCustomizer> (0x0000000085c8b940) 
thrown [s\src\hotspot\share\classfile\systemDictionary.cpp, line 256]
Event: 17.908 Thread 0x000002856e005aa0 Exception <a 'java/lang/ClassNotFoundException'{0x0000000085cfa730}: org/gradle/api/plugins/internal/DefaultJavaPluginConvention_DecoratedBeanInfo> (0x0000000085cfa730) 
thrown [s\src\hotspot\share\classfile\systemDictionary.cpp, line 256]

VM Operations (20 events):
Event: 15.730 Executing VM operation: G1CollectForAllocation done
Event: 16.078 Executing VM operation: HandshakeAllThreads
Event: 16.078 Executing VM operation: HandshakeAllThreads done
Event: 16.123 Executing VM operation: HandshakeAllThreads
Event: 16.123 Executing VM operation: HandshakeAllThreads done
Event: 16.268 Executing VM operation: G1TryInitiateConcMark
Event: 16.272 Executing VM operation: G1TryInitiateConcMark done
Event: 16.402 Executing VM operation: G1Concurrent
Event: 16.408 Executing VM operation: G1Concurrent done
Event: 16.469 Executing VM operation: G1Concurrent
Event: 16.470 Executing VM operation: G1Concurrent done
Event: 16.764 Executing VM operation: G1CollectForAllocation
Event: 16.772 Executing VM operation: G1CollectForAllocation done
Event: 16.923 Executing VM operation: G1CollectForAllocation
Event: 16.931 Executing VM operation: G1CollectForAllocation done
Event: 17.553 Executing VM operation: ICBufferFull
Event: 17.554 Executing VM operation: ICBufferFull done
Event: 17.628 Executing VM operation: HandshakeAllThreads
Event: 17.628 Executing VM operation: HandshakeAllThreads done
Event: 17.908 Executing VM operation: G1CollectForAllocation

Events (20 events):
Event: 17.093 loading class java/security/KeyStore$1 done
Event: 17.314 loading class javax/xml/stream/XMLStreamException
Event: 17.314 loading class javax/xml/stream/XMLStreamException done
Event: 17.359 loading class sun/reflect/annotation/AnnotationInvocationHandler$1
Event: 17.360 loading class sun/reflect/annotation/AnnotationInvocationHandler$1 done
Event: 17.627 loading class java/net/SocketTimeoutException
Event: 17.627 loading class java/net/SocketTimeoutException done
Event: 17.746 loading class org/xml/sax/Locator
Event: 17.746 loading class org/xml/sax/Locator done
Event: 17.747 loading class org/xml/sax/SAXParseException
Event: 17.747 loading class org/xml/sax/SAXParseException done
Event: 17.749 loading class org/xml/sax/Attributes
Event: 17.749 loading class org/xml/sax/Attributes done
Event: 17.764 loading class java/time/format/DateTimeFormatterBuilder$WeekBasedFieldPrinterParser
Event: 17.764 loading class java/time/format/DateTimeFormatterBuilder$WeekBasedFieldPrinterParser done
Event: 17.786 loading class com/sun/jmx/mbeanserver/StandardMBeanSupport
Event: 17.786 loading class com/sun/jmx/mbeanserver/StandardMBeanSupport done
Event: 17.786 loading class com/sun/jmx/mbeanserver/StandardMBeanIntrospector
Event: 17.786 loading class com/sun/jmx/mbeanserver/StandardMBeanIntrospector done
Event: 17.800 Thread 0x0000028572102810 Thread added: 0x0000028572102810


Dynamic libraries:
0x00007ff7e9df0000 - 0x00007ff7e9dfa000 	C:\Program Files\Android\Android Studio\jbr\bin\java.exe
0x00007fff659b0000 - 0x00007fff65ba7000 	C:\Windows\SYSTEM32\ntdll.dll
0x00007fff649f0000 - 0x00007fff64aad000 	C:\Windows\System32\KERNEL32.DLL
0x00007fff633a0000 - 0x00007fff63696000 	C:\Windows\System32\KERNELBASE.dll
0x00007fff638a0000 - 0x00007fff639a0000 	C:\Windows\System32\ucrtbase.dll
0x00007fff5c6a0000 - 0x00007fff5c6b7000 	C:\Program Files\Android\Android Studio\jbr\bin\jli.dll
0x00007fff5beb0000 - 0x00007fff5becb000 	C:\Program Files\Android\Android Studio\jbr\bin\VCRUNTIME140.dll
0x00007fff651d0000 - 0x00007fff6536e000 	C:\Windows\System32\USER32.dll
0x00007fff50e40000 - 0x00007fff510da000 	C:\Windows\WinSxS\amd64_microsoft.windows.common-controls_6595b64144ccf1df_6.0.19041.3570_none_60bb2a3971f3e41a\COMCTL32.dll
0x00007fff64f00000 - 0x00007fff64f9e000 	C:\Windows\System32\msvcrt.dll
0x00007fff630e0000 - 0x00007fff63102000 	C:\Windows\System32\win32u.dll
0x00007fff658e0000 - 0x00007fff6590c000 	C:\Windows\System32\GDI32.dll
0x00007fff63750000 - 0x00007fff6386a000 	C:\Windows\System32\gdi32full.dll
0x00007fff63110000 - 0x00007fff631ad000 	C:\Windows\System32\msvcp_win.dll
0x00007fff658b0000 - 0x00007fff658e0000 	C:\Windows\System32\IMM32.DLL
0x00007fff5ab80000 - 0x00007fff5ab8c000 	C:\Program Files\Android\Android Studio\jbr\bin\vcruntime140_1.dll
0x00007fff35ef0000 - 0x00007fff35f7d000 	C:\Program Files\Android\Android Studio\jbr\bin\msvcp140.dll
0x00007fff2bac0000 - 0x00007fff2c72e000 	C:\Program Files\Android\Android Studio\jbr\bin\server\jvm.dll
0x00007fff656e0000 - 0x00007fff6578e000 	C:\Windows\System32\ADVAPI32.dll
0x00007fff65000000 - 0x00007fff6509c000 	C:\Windows\System32\sechost.dll
0x00007fff63a10000 - 0x00007fff63b36000 	C:\Windows\System32\RPCRT4.dll
0x00007fff5c730000 - 0x00007fff5c739000 	C:\Windows\SYSTEM32\WSOCK32.dll
0x00007fff650a0000 - 0x00007fff6510b000 	C:\Windows\System32\WS2_32.dll
0x00007fff55a20000 - 0x00007fff55a47000 	C:\Windows\SYSTEM32\WINMM.dll
0x00007fff55ec0000 - 0x00007fff55eca000 	C:\Windows\SYSTEM32\VERSION.dll
0x00007fff61110000 - 0x00007fff61122000 	C:\Windows\SYSTEM32\kernel.appcore.dll
0x00007fff5f8f0000 - 0x00007fff5f8fa000 	C:\Program Files\Android\Android Studio\jbr\bin\jimage.dll
0x00007fff4d1d0000 - 0x00007fff4d3b4000 	C:\Windows\SYSTEM32\DBGHELP.DLL
0x00007fff4da50000 - 0x00007fff4da84000 	C:\Windows\SYSTEM32\dbgcore.DLL
0x00007fff63310000 - 0x00007fff63392000 	C:\Windows\System32\bcryptPrimitives.dll
0x00007fff5e860000 - 0x00007fff5e885000 	C:\Program Files\Android\Android Studio\jbr\bin\java.dll
0x00007fff5eca0000 - 0x00007fff5ecb8000 	C:\Program Files\Android\Android Studio\jbr\bin\zip.dll
0x00007fff63cc0000 - 0x00007fff64404000 	C:\Windows\System32\SHELL32.dll
0x00007fff61130000 - 0x00007fff618cb000 	C:\Windows\SYSTEM32\windows.storage.dll
0x00007fff65370000 - 0x00007fff656c4000 	C:\Windows\System32\combase.dll
0x00007fff62a60000 - 0x00007fff62a8d000 	C:\Windows\SYSTEM32\Wldp.dll
0x00007fff64bf0000 - 0x00007fff64c9d000 	C:\Windows\System32\SHCORE.dll
0x00007fff65110000 - 0x00007fff65165000 	C:\Windows\System32\shlwapi.dll
0x00007fff62fc0000 - 0x00007fff62fe5000 	C:\Windows\SYSTEM32\profapi.dll
0x00007fff5d9b0000 - 0x00007fff5d9c9000 	C:\Program Files\Android\Android Studio\jbr\bin\net.dll
0x00007fff57050000 - 0x00007fff5715a000 	C:\Windows\SYSTEM32\WINHTTP.dll
0x00007fff62760000 - 0x00007fff627ca000 	C:\Windows\system32\mswsock.dll
0x00007fff5d990000 - 0x00007fff5d9a6000 	C:\Program Files\Android\Android Studio\jbr\bin\nio.dll
0x00007fff5f8e0000 - 0x00007fff5f8f0000 	C:\Program Files\Android\Android Studio\jbr\bin\verify.dll
0x00007fff516a0000 - 0x00007fff516c7000 	C:\Users\refrizar.dwiardito\.jdks\openjdk-21\native\68d5fa5c4cc2d200863cafc0d521ce42e7d3e7ee720ec0a83991735586a16f82\windows-amd64\native-platform.dll
0x00007fff35da0000 - 0x00007fff35ee4000 	C:\Users\refrizar.dwiardito\.jdks\openjdk-21\native\e376f236ea51e6404a007f0833ffe2c6e607c4080706a723a18a27aeea778392\windows-amd64\native-platform-file-events.dll
0x00007fff5dad0000 - 0x00007fff5dad9000 	C:\Program Files\Android\Android Studio\jbr\bin\management.dll
0x00007fff5d980000 - 0x00007fff5d98b000 	C:\Program Files\Android\Android Studio\jbr\bin\management_ext.dll
0x00007fff656d0000 - 0x00007fff656d8000 	C:\Windows\System32\PSAPI.DLL
0x00007fff629b0000 - 0x00007fff629c8000 	C:\Windows\SYSTEM32\CRYPTSP.dll
0x00007fff62070000 - 0x00007fff620a4000 	C:\Windows\system32\rsaenh.dll
0x00007fff63870000 - 0x00007fff63897000 	C:\Windows\System32\bcrypt.dll
0x00007fff62f40000 - 0x00007fff62f6e000 	C:\Windows\SYSTEM32\USERENV.dll
0x00007fff629d0000 - 0x00007fff629dc000 	C:\Windows\SYSTEM32\CRYPTBASE.dll
0x00007fff62450000 - 0x00007fff6248b000 	C:\Windows\SYSTEM32\IPHLPAPI.DLL
0x00007fff63cb0000 - 0x00007fff63cb8000 	C:\Windows\System32\NSI.dll
0x00007fff577b0000 - 0x00007fff577c7000 	C:\Windows\SYSTEM32\dhcpcsvc6.DLL
0x00007fff57790000 - 0x00007fff577ad000 	C:\Windows\SYSTEM32\dhcpcsvc.DLL
0x00007fff62490000 - 0x00007fff6255a000 	C:\Windows\SYSTEM32\DNSAPI.dll
0x00007fff5c690000 - 0x00007fff5c697000 	C:\Windows\system32\wshunix.dll

dbghelp: loaded successfully - version: 4.0.5 - missing functions: none
symbol engine: initialized successfully - sym options: 0x614 - pdb path: .;C:\Program Files\Android\Android Studio\jbr\bin;C:\Windows\SYSTEM32;C:\Windows\WinSxS\amd64_microsoft.windows.common-controls_6595b64144ccf1df_6.0.19041.3570_none_60bb2a3971f3e41a;C:\Program Files\Android\Android Studio\jbr\bin\server;C:\Users\refrizar.dwiardito\.jdks\openjdk-21\native\68d5fa5c4cc2d200863cafc0d521ce42e7d3e7ee720ec0a83991735586a16f82\windows-amd64;C:\Users\refrizar.dwiardito\.jdks\openjdk-21\native\e376f236ea51e6404a007f0833ffe2c6e607c4080706a723a18a27aeea778392\windows-amd64

VM Arguments:
jvm_args: --add-opens=java.base/java.util=ALL-UNNAMED --add-opens=java.base/java.lang=ALL-UNNAMED --add-opens=java.base/java.lang.invoke=ALL-UNNAMED --add-opens=java.prefs/java.util.prefs=ALL-UNNAMED --add-opens=java.base/java.nio.charset=ALL-UNNAMED --add-opens=java.base/java.net=ALL-UNNAMED --add-opens=java.base/java.util.concurrent.atomic=ALL-UNNAMED -Xmx2048m -Dfile.encoding=UTF-8 -Duser.country=US -Duser.language=en -Duser.variant 
java_command: org.gradle.launcher.daemon.bootstrap.GradleDaemon 8.0
java_class_path (initial): C:\Users\refrizar.dwiardito\.jdks\openjdk-21\wrapper\dists\gradle-8.0-all\a2o1xoguejy6msdh0lk99lxza\gradle-8.0\lib\gradle-launcher-8.0.jar
Launcher Type: SUN_STANDARD

[Global flags]
     intx CICompilerCount                          = 3                                         {product} {ergonomic}
     uint ConcGCThreads                            = 1                                         {product} {ergonomic}
     uint G1ConcRefinementThreads                  = 4                                         {product} {ergonomic}
   size_t G1HeapRegionSize                         = 1048576                                   {product} {ergonomic}
    uintx GCDrainStackTargetSize                   = 64                                        {product} {ergonomic}
   size_t InitialHeapSize                          = 134217728                                 {product} {ergonomic}
   size_t MarkStackSize                            = 4194304                                   {product} {ergonomic}
   size_t MaxHeapSize                              = 2147483648                                {product} {command line}
   size_t MaxNewSize                               = 1287651328                                {product} {ergonomic}
   size_t MinHeapDeltaBytes                        = 1048576                                   {product} {ergonomic}
   size_t MinHeapSize                              = 8388608                                   {product} {ergonomic}
    uintx NonNMethodCodeHeapSize                   = 5832780                                {pd product} {ergonomic}
    uintx NonProfiledCodeHeapSize                  = 122912730                              {pd product} {ergonomic}
    uintx ProfiledCodeHeapSize                     = 122912730                              {pd product} {ergonomic}
    uintx ReservedCodeCacheSize                    = 251658240                              {pd product} {ergonomic}
     bool SegmentedCodeCache                       = true                                      {product} {ergonomic}
   size_t SoftMaxHeapSize                          = 2147483648                             {manageable} {ergonomic}
     bool UseCompressedClassPointers               = true                           {product lp64_product} {ergonomic}
     bool UseCompressedOops                        = true                           {product lp64_product} {ergonomic}
     bool UseG1GC                                  = true                                      {product} {ergonomic}
     bool UseLargePagesIndividualAllocation        = false                                  {pd product} {ergonomic}

Logging:
Log output configuration:
 #0: stdout all=warning uptime,level,tags
 #1: stderr all=off uptime,level,tags

Environment Variables:
JAVA_HOME=C:\Users\refrizar.dwiardito\.jdks\openjdk-21
PATH=C:\Program Files\Common Files\Oracle\Java\javapath;C:\Windows\system32;C:\Windows;C:\Windows\System32\Wbem;C:\Windows\System32\WindowsPowerShell\v1.0\;C:\Windows\System32\OpenSSH\;C:\Program Files\mingw-w64\x86_64-8.1.0-posix-seh-rt_v6-rev0\mingw64\bin;C:\Users\refrizar.dwiardito\AppData\Local\Programs\Python\Python310\Scripts;C:\Users\refrizar.dwiardito\.jdks\openjdk-21\bin;C:\Program Files\PuTTY\;C:\Program Files\gradle-8.3\bin;C:\Program Files\Git\cmd;C:\Users\refrizar.dwiardito\AppData\Local\Programs\Python\Python310\Scripts\;C:\Users\refrizar.dwiardito\AppData\Local\Programs\Python\Python310\;C:\Users\refrizar.dwiardito\AppData\Local\Microsoft\WindowsApps;;C:\Users\refrizar.dwiardito\AppData\Local\Programs\Microsoft VS Code\bin
USERNAME=refrizar.dwiardito
OS=Windows_NT
PROCESSOR_IDENTIFIER=Intel64 Family 6 Model 61 Stepping 4, GenuineIntel
TMP=C:\Users\REFRIZ~1.DWI\AppData\Local\Temp
TEMP=C:\Users\REFRIZ~1.DWI\AppData\Local\Temp


JNI global refs:
JNI global refs: 25, weak refs: 3

JNI global refs memory usage: 843, weak refs: 841


---------------  S Y S T E M  ---------------

OS:
 Windows 10 , 64 bit Build 19041 (10.0.19041.3570)
OS uptime: 0 days 0:50 hours

CPU: total 4 (initial active 4) (2 cores per cpu, 2 threads per core) family 6 model 61 stepping 4 microcode 0x2f, cx8, cmov, fxsr, ht, mmx, 3dnowpref, sse, sse2, sse3, ssse3, sse4.1, sse4.2, popcnt, lzcnt, tsc, tscinvbit, avx, avx2, aes, erms, clmul, bmi1, bmi2, adx, fma, vzeroupper, clflush

Memory: 4k page, system-wide physical 8083M (653M free)
TotalPageFile size 8083M (AvailPageFile size 34M)
current process WorkingSet (physical memory assigned to process): 322M, peak: 334M
current process commit charge ("private bytes"): 354M, peak: 397M

vm_info: OpenJDK 64-Bit Server VM (17.0.6+0-b2043.56-10027231) for windows-amd64 JRE (17.0.6+0-b2043.56-10027231), built on Apr 28 2023 00:43:19 by "androidbuild" with MS VC++ 16.10 / 16.11 (VS2019)

END.
