#
# There is insufficient memory for the Java Runtime Environment to continue.
# Native memory allocation (malloc) failed to allocate 1144976 bytes for Chunk::new
# Possible reasons:
#   The system is out of physical RAM or swap space
#   The process is running with CompressedOops enabled, and the Java Heap may be blocking the growth of the native heap
# Possible solutions:
#   Reduce memory load on the system
#   Increase physical memory or swap space
#   Check if swap backing store is full
#   Decrease Java heap size (-Xmx/-Xms)
#   Decrease number of Java threads
#   Decrease Java thread stack sizes (-Xss)
#   Set larger code cache with -XX:ReservedCodeCacheSize=
#   JVM is running with Unscaled Compressed Oops mode in which the Java heap is
#     placed in the first 4GB address space. The Java Heap base address is the
#     maximum limit for the native heap growth. Please use -XX:HeapBaseMinAddress
#     to set the Java Heap base and to place the Java Heap above 4GB virtual address.
# This output file may be truncated or incomplete.
#
#  Out of Memory Error (arena.cpp:189), pid=12324, tid=8284
#
# JRE version: OpenJDK Runtime Environment (17.0.6) (build 17.0.6+0-b2043.56-10027231)
# Java VM: OpenJDK 64-Bit Server VM (17.0.6+0-b2043.56-10027231, mixed mode, tiered, compressed oops, compressed class ptrs, g1 gc, windows-amd64)
# No core dump will be written. Minidumps are not enabled by default on client versions of Windows
#

---------------  S U M M A R Y ------------

Command Line: org.jetbrains.kotlin.cli.jvm.K2JVMCompiler @C:\Users\refrizar.dwiardito\AndroidStudioProjects\Catwell\app\build\20231013_3900652745604971590.compiler.options

Host: Intel(R) Core(TM) i5-5200U CPU @ 2.20GHz, 4 cores, 7G,  Windows 10 , 64 bit Build 19041 (10.0.19041.3393)
Time: Fri Oct 13 06:58:38 2023 SE Asia Standard Time elapsed time: 7.065385 seconds (0d 0h 0m 7s)

---------------  T H R E A D  ---------------

Current thread (0x0000011ba2d6d070):  JavaThread "C2 CompilerThread0" daemon [_thread_in_native, id=8284, stack(0x000000193b000000,0x000000193b100000)]


Current CompileTask:
C2:   7065 3629   !   4       org.jetbrains.kotlin.metadata.ProtoBuf$Function::<init> (1410 bytes)

Stack: [0x000000193b000000,0x000000193b100000]
Native frames: (J=compiled Java code, j=interpreted, Vv=VM code, C=native code)
V  [jvm.dll+0x683c9a]
V  [jvm.dll+0x8427a4]
V  [jvm.dll+0x843f9e]
V  [jvm.dll+0x844603]
V  [jvm.dll+0x249b75]
V  [jvm.dll+0xabcac]
V  [jvm.dll+0xac27c]
V  [jvm.dll+0x368802]
V  [jvm.dll+0x1bced2]
V  [jvm.dll+0x21c359]
V  [jvm.dll+0x21b621]
V  [jvm.dll+0x1a4fdd]
V  [jvm.dll+0x22b098]
V  [jvm.dll+0x229159]
V  [jvm.dll+0x7f81ec]
V  [jvm.dll+0x7f274a]
V  [jvm.dll+0x682ad5]
C  [ucrtbase.dll+0x21bb2]
C  [KERNEL32.DLL+0x17344]
C  [ntdll.dll+0x526b1]


---------------  P R O C E S S  ---------------

Threads class SMR info:
_java_thread_list=0x0000011ba8521da0, length=12, elements={
0x0000011b89827a40, 0x0000011ba2d20820, 0x0000011ba2d21820, 0x0000011ba2d3df80,
0x0000011ba2d3fbb0, 0x0000011ba2d42480, 0x0000011ba2d69200, 0x0000011ba2d6d070,
0x0000011ba2d6d970, 0x0000011ba2d6e270, 0x0000011ba399d7d0, 0x0000011ba39b40a0
}

Java Threads: ( => current thread )
  0x0000011b89827a40 JavaThread "main" [_thread_in_native, id=5604, stack(0x000000193a300000,0x000000193a400000)]
  0x0000011ba2d20820 JavaThread "Reference Handler" daemon [_thread_blocked, id=2316, stack(0x000000193aa00000,0x000000193ab00000)]
  0x0000011ba2d21820 JavaThread "Finalizer" daemon [_thread_blocked, id=12028, stack(0x000000193ab00000,0x000000193ac00000)]
  0x0000011ba2d3df80 JavaThread "Signal Dispatcher" daemon [_thread_blocked, id=6672, stack(0x000000193ac00000,0x000000193ad00000)]
  0x0000011ba2d3fbb0 JavaThread "Attach Listener" daemon [_thread_blocked, id=9300, stack(0x000000193ad00000,0x000000193ae00000)]
  0x0000011ba2d42480 JavaThread "Service Thread" daemon [_thread_blocked, id=12804, stack(0x000000193ae00000,0x000000193af00000)]
  0x0000011ba2d69200 JavaThread "Monitor Deflation Thread" daemon [_thread_blocked, id=4048, stack(0x000000193af00000,0x000000193b000000)]
=>0x0000011ba2d6d070 JavaThread "C2 CompilerThread0" daemon [_thread_in_native, id=8284, stack(0x000000193b000000,0x000000193b100000)]
  0x0000011ba2d6d970 JavaThread "C1 CompilerThread0" daemon [_thread_blocked, id=8452, stack(0x000000193b100000,0x000000193b200000)]
  0x0000011ba2d6e270 JavaThread "Sweeper thread" daemon [_thread_blocked, id=6280, stack(0x000000193b200000,0x000000193b300000)]
  0x0000011ba399d7d0 JavaThread "Notification Thread" daemon [_thread_blocked, id=2012, stack(0x000000193b300000,0x000000193b400000)]
  0x0000011ba39b40a0 JavaThread "Common-Cleaner" daemon [_thread_blocked, id=7228, stack(0x000000193b500000,0x000000193b600000)]

Other Threads:
  0x0000011ba2d1bd70 VMThread "VM Thread" [stack: 0x000000193a900000,0x000000193aa00000] [id=7588]
  0x0000011ba399deb0 WatcherThread [stack: 0x000000193b400000,0x000000193b500000] [id=12068]
  0x0000011b89885740 GCTaskThread "GC Thread#0" [stack: 0x000000193a400000,0x000000193a500000] [id=9904]
  0x0000011ba3dc05a0 GCTaskThread "GC Thread#1" [stack: 0x000000193b700000,0x000000193b800000] [id=8608]
  0x0000011ba3daa170 GCTaskThread "GC Thread#2" [stack: 0x000000193b800000,0x000000193b900000] [id=8296]
  0x0000011ba3e208f0 GCTaskThread "GC Thread#3" [stack: 0x000000193b900000,0x000000193ba00000] [id=12476]
  0x0000011b89896250 ConcurrentGCThread "G1 Main Marker" [stack: 0x000000193a500000,0x000000193a600000] [id=6696]
  0x0000011b89898720 ConcurrentGCThread "G1 Conc#0" [stack: 0x000000193a600000,0x000000193a700000] [id=5424]
  0x0000011ba2b80090 ConcurrentGCThread "G1 Refine#0" [stack: 0x000000193a700000,0x000000193a800000] [id=2568]
  0x0000011ba56144d0 ConcurrentGCThread "G1 Refine#1" [stack: 0x000000193ba00000,0x000000193bb00000] [id=8580]
  0x0000011ba84106d0 ConcurrentGCThread "G1 Refine#2" [stack: 0x000000193bb00000,0x000000193bc00000] [id=13172]
  0x0000011ba2b809c0 ConcurrentGCThread "G1 Service" [stack: 0x000000193a800000,0x000000193a900000] [id=7276]

Threads with active compile tasks:
C2 CompilerThread0     7371 3629   !   4       org.jetbrains.kotlin.metadata.ProtoBuf$Function::<init> (1410 bytes)

VM state: not at safepoint (normal execution)

VM Mutex/Monitor currently owned by a thread: None

Heap address: 0x0000000081a00000, size: 2022 MB, Compressed Oops mode: 32-bit

CDS archive(s) not mapped
Compressed class space mapped at: 0x0000000100000000-0x0000000140000000, reserved size: 1073741824
Narrow klass base: 0x0000000000000000, Narrow klass shift: 3, Narrow klass range: 0x140000000

GC Precious Log:
 CPUs: 4 total, 4 available
 Memory: 8083M
 Large Page Support: Disabled
 NUMA Support: Disabled
 Compressed Oops: Enabled (32-bit)
 Heap Region Size: 1M
 Heap Min Capacity: 8M
 Heap Initial Capacity: 128M
 Heap Max Capacity: 2022M
 Pre-touch: Disabled
 Parallel Workers: 4
 Concurrent Workers: 1
 Concurrent Refinement Workers: 4
 Periodic GC: Disabled

Heap:
 garbage-first heap   total 73728K, used 31562K [0x0000000081a00000, 0x0000000100000000)
  region size 1024K, 4 young (4096K), 3 survivors (3072K)
 Metaspace       used 52066K, committed 52288K, reserved 1097728K
  class space    used 6304K, committed 6400K, reserved 1048576K

Heap Regions: E=young(eden), S=young(survivor), O=old, HS=humongous(starts), HC=humongous(continues), CS=collection set, F=free, OA=open archive, CA=closed archive, TAMS=top-at-mark-start (previous, next)
|   0|0x0000000081a00000, 0x0000000081b00000, 0x0000000081b00000|100%|HS|  |TAMS 0x0000000081b00000, 0x0000000081a00000| Complete 
|   1|0x0000000081b00000, 0x0000000081c00000, 0x0000000081c00000|100%|HC|  |TAMS 0x0000000081c00000, 0x0000000081b00000| Complete 
|   2|0x0000000081c00000, 0x0000000081d00000, 0x0000000081d00000|100%|HC|  |TAMS 0x0000000081d00000, 0x0000000081c00000| Complete 
|   3|0x0000000081d00000, 0x0000000081e00000, 0x0000000081e00000|100%|HC|  |TAMS 0x0000000081e00000, 0x0000000081d00000| Complete 
|   4|0x0000000081e00000, 0x0000000081f00000, 0x0000000081f00000|100%| O|  |TAMS 0x0000000081f00000, 0x0000000081e00000| Untracked 
|   5|0x0000000081f00000, 0x0000000082000000, 0x0000000082000000|100%| O|  |TAMS 0x0000000082000000, 0x0000000081f00000| Untracked 
|   6|0x0000000082000000, 0x0000000082100000, 0x0000000082100000|100%| O|  |TAMS 0x0000000082100000, 0x0000000082000000| Untracked 
|   7|0x0000000082100000, 0x0000000082200000, 0x0000000082200000|100%| O|  |TAMS 0x0000000082200000, 0x0000000082100000| Untracked 
|   8|0x0000000082200000, 0x0000000082300000, 0x0000000082300000|100%| O|  |TAMS 0x0000000082300000, 0x0000000082200000| Untracked 
|   9|0x0000000082300000, 0x0000000082300000, 0x0000000082400000|  0%| F|  |TAMS 0x0000000082300000, 0x0000000082300000| Untracked 
|  10|0x0000000082400000, 0x0000000082500000, 0x0000000082500000|100%| O|  |TAMS 0x0000000082500000, 0x0000000082400000| Untracked 
|  11|0x0000000082500000, 0x0000000082600000, 0x0000000082600000|100%| O|  |TAMS 0x0000000082600000, 0x0000000082500000| Untracked 
|  12|0x0000000082600000, 0x0000000082700000, 0x0000000082700000|100%| O|  |TAMS 0x0000000082700000, 0x0000000082600000| Untracked 
|  13|0x0000000082700000, 0x0000000082800000, 0x0000000082800000|100%| O|  |TAMS 0x0000000082800000, 0x0000000082700000| Untracked 
|  14|0x0000000082800000, 0x0000000082900000, 0x0000000082900000|100%| O|  |TAMS 0x0000000082900000, 0x0000000082800000| Untracked 
|  15|0x0000000082900000, 0x0000000082a00000, 0x0000000082a00000|100%| O|  |TAMS 0x0000000082a00000, 0x0000000082900000| Untracked 
|  16|0x0000000082a00000, 0x0000000082b00000, 0x0000000082b00000|100%| O|  |TAMS 0x0000000082b00000, 0x0000000082a00000| Untracked 
|  17|0x0000000082b00000, 0x0000000082c00000, 0x0000000082c00000|100%| O|  |TAMS 0x0000000082c00000, 0x0000000082b00000| Untracked 
|  18|0x0000000082c00000, 0x0000000082d00000, 0x0000000082d00000|100%| O|  |TAMS 0x0000000082d00000, 0x0000000082c00000| Untracked 
|  19|0x0000000082d00000, 0x0000000082e00000, 0x0000000082e00000|100%| O|  |TAMS 0x0000000082e00000, 0x0000000082d00000| Untracked 
|  20|0x0000000082e00000, 0x0000000082f00000, 0x0000000082f00000|100%|HS|  |TAMS 0x0000000082f00000, 0x0000000082e00000| Complete 
|  21|0x0000000082f00000, 0x0000000083000000, 0x0000000083000000|100%|HC|  |TAMS 0x0000000083000000, 0x0000000082f00000| Complete 
|  22|0x0000000083000000, 0x0000000083100000, 0x0000000083100000|100%| O|  |TAMS 0x0000000083031000, 0x0000000083000000| Untracked 
|  23|0x0000000083100000, 0x0000000083200000, 0x0000000083200000|100%| O|  |TAMS 0x0000000083100000, 0x0000000083100000| Untracked 
|  24|0x0000000083200000, 0x0000000083300000, 0x0000000083300000|100%| O|  |TAMS 0x0000000083200000, 0x0000000083200000| Untracked 
|  25|0x0000000083300000, 0x0000000083400000, 0x0000000083400000|100%| O|  |TAMS 0x0000000083300000, 0x0000000083300000| Untracked 
|  26|0x0000000083400000, 0x0000000083500000, 0x0000000083500000|100%| O|  |TAMS 0x0000000083400000, 0x0000000083400000| Untracked 
|  27|0x0000000083500000, 0x0000000083600000, 0x0000000083600000|100%| O|  |TAMS 0x0000000083500000, 0x0000000083500000| Untracked 
|  28|0x0000000083600000, 0x0000000083700000, 0x0000000083700000|100%| O|  |TAMS 0x0000000083600000, 0x0000000083600000| Untracked 
|  29|0x0000000083700000, 0x00000000837a3a00, 0x0000000083800000| 63%| O|  |TAMS 0x0000000083700000, 0x0000000083700000| Untracked 
|  30|0x0000000083800000, 0x0000000083800000, 0x0000000083900000|  0%| F|  |TAMS 0x0000000083800000, 0x0000000083800000| Untracked 
|  31|0x0000000083900000, 0x0000000083900000, 0x0000000083a00000|  0%| F|  |TAMS 0x0000000083900000, 0x0000000083900000| Untracked 
|  32|0x0000000083a00000, 0x0000000083a00000, 0x0000000083b00000|  0%| F|  |TAMS 0x0000000083a00000, 0x0000000083a00000| Untracked 
|  33|0x0000000083b00000, 0x0000000083b00000, 0x0000000083c00000|  0%| F|  |TAMS 0x0000000083b00000, 0x0000000083b00000| Untracked 
|  34|0x0000000083c00000, 0x0000000083c00000, 0x0000000083d00000|  0%| F|  |TAMS 0x0000000083c00000, 0x0000000083c00000| Untracked 
|  35|0x0000000083d00000, 0x0000000083d00000, 0x0000000083e00000|  0%| F|  |TAMS 0x0000000083d00000, 0x0000000083d00000| Untracked 
|  36|0x0000000083e00000, 0x0000000083e00000, 0x0000000083f00000|  0%| F|  |TAMS 0x0000000083e00000, 0x0000000083e00000| Untracked 
|  37|0x0000000083f00000, 0x0000000083f00000, 0x0000000084000000|  0%| F|  |TAMS 0x0000000083f00000, 0x0000000083f00000| Untracked 
|  38|0x0000000084000000, 0x0000000084000000, 0x0000000084100000|  0%| F|  |TAMS 0x0000000084000000, 0x0000000084000000| Untracked 
|  39|0x0000000084100000, 0x0000000084100000, 0x0000000084200000|  0%| F|  |TAMS 0x0000000084100000, 0x0000000084100000| Untracked 
|  40|0x0000000084200000, 0x0000000084200000, 0x0000000084300000|  0%| F|  |TAMS 0x0000000084200000, 0x0000000084200000| Untracked 
|  41|0x0000000084300000, 0x0000000084300000, 0x0000000084400000|  0%| F|  |TAMS 0x0000000084300000, 0x0000000084300000| Untracked 
|  42|0x0000000084400000, 0x0000000084400000, 0x0000000084500000|  0%| F|  |TAMS 0x0000000084400000, 0x0000000084400000| Untracked 
|  43|0x0000000084500000, 0x0000000084500000, 0x0000000084600000|  0%| F|  |TAMS 0x0000000084500000, 0x0000000084500000| Untracked 
|  44|0x0000000084600000, 0x0000000084600000, 0x0000000084700000|  0%| F|  |TAMS 0x0000000084600000, 0x0000000084600000| Untracked 
|  45|0x0000000084700000, 0x0000000084700000, 0x0000000084800000|  0%| F|  |TAMS 0x0000000084700000, 0x0000000084700000| Untracked 
|  46|0x0000000084800000, 0x000000008482f0d0, 0x0000000084900000| 18%| S|CS|TAMS 0x0000000084800000, 0x0000000084800000| Complete 
|  47|0x0000000084900000, 0x0000000084a00000, 0x0000000084a00000|100%| S|CS|TAMS 0x0000000084900000, 0x0000000084900000| Complete 
|  48|0x0000000084a00000, 0x0000000084b00000, 0x0000000084b00000|100%| S|CS|TAMS 0x0000000084a00000, 0x0000000084a00000| Complete 
|  49|0x0000000084b00000, 0x0000000084b00000, 0x0000000084c00000|  0%| F|  |TAMS 0x0000000084b00000, 0x0000000084b00000| Untracked 
|  50|0x0000000084c00000, 0x0000000084c00000, 0x0000000084d00000|  0%| F|  |TAMS 0x0000000084c00000, 0x0000000084c00000| Untracked 
|  51|0x0000000084d00000, 0x0000000084d00000, 0x0000000084e00000|  0%| F|  |TAMS 0x0000000084d00000, 0x0000000084d00000| Untracked 
|  52|0x0000000084e00000, 0x0000000084e00000, 0x0000000084f00000|  0%| F|  |TAMS 0x0000000084e00000, 0x0000000084e00000| Untracked 
|  53|0x0000000084f00000, 0x0000000084f00000, 0x0000000085000000|  0%| F|  |TAMS 0x0000000084f00000, 0x0000000084f00000| Untracked 
|  54|0x0000000085000000, 0x0000000085000000, 0x0000000085100000|  0%| F|  |TAMS 0x0000000085000000, 0x0000000085000000| Untracked 
|  55|0x0000000085100000, 0x0000000085100000, 0x0000000085200000|  0%| F|  |TAMS 0x0000000085100000, 0x0000000085100000| Untracked 
|  56|0x0000000085200000, 0x0000000085200000, 0x0000000085300000|  0%| F|  |TAMS 0x0000000085200000, 0x0000000085200000| Untracked 
|  57|0x0000000085300000, 0x0000000085300000, 0x0000000085400000|  0%| F|  |TAMS 0x0000000085300000, 0x0000000085300000| Untracked 
|  58|0x0000000085400000, 0x0000000085400000, 0x0000000085500000|  0%| F|  |TAMS 0x0000000085400000, 0x0000000085400000| Untracked 
|  59|0x0000000085500000, 0x0000000085500000, 0x0000000085600000|  0%| F|  |TAMS 0x0000000085500000, 0x0000000085500000| Untracked 
|  60|0x0000000085600000, 0x0000000085600000, 0x0000000085700000|  0%| F|  |TAMS 0x0000000085600000, 0x0000000085600000| Untracked 
|  61|0x0000000085700000, 0x0000000085700000, 0x0000000085800000|  0%| F|  |TAMS 0x0000000085700000, 0x0000000085700000| Untracked 
|  62|0x0000000085800000, 0x0000000085800000, 0x0000000085900000|  0%| F|  |TAMS 0x0000000085800000, 0x0000000085800000| Untracked 
|  63|0x0000000085900000, 0x0000000085900000, 0x0000000085a00000|  0%| F|  |TAMS 0x0000000085900000, 0x0000000085900000| Untracked 
|  64|0x0000000085a00000, 0x0000000085a00000, 0x0000000085b00000|  0%| F|  |TAMS 0x0000000085a00000, 0x0000000085a00000| Untracked 
|  65|0x0000000085b00000, 0x0000000085b00000, 0x0000000085c00000|  0%| F|  |TAMS 0x0000000085b00000, 0x0000000085b00000| Untracked 
|  66|0x0000000085c00000, 0x0000000085c00000, 0x0000000085d00000|  0%| F|  |TAMS 0x0000000085c00000, 0x0000000085c00000| Untracked 
|  96|0x0000000087a00000, 0x0000000087a00000, 0x0000000087b00000|  0%| F|  |TAMS 0x0000000087a00000, 0x0000000087a00000| Untracked 
|  97|0x0000000087b00000, 0x0000000087b00000, 0x0000000087c00000|  0%| F|  |TAMS 0x0000000087b00000, 0x0000000087b00000| Untracked 
|  98|0x0000000087c00000, 0x0000000087c00000, 0x0000000087d00000|  0%| F|  |TAMS 0x0000000087c00000, 0x0000000087c00000| Untracked 
|  99|0x0000000087d00000, 0x0000000087d00000, 0x0000000087e00000|  0%| F|  |TAMS 0x0000000087d00000, 0x0000000087d00000| Untracked 
| 127|0x0000000089900000, 0x000000008996f8c0, 0x0000000089a00000| 43%| E|  |TAMS 0x0000000089900000, 0x0000000089900000| Complete 

Card table byte_map: [0x0000011b9c100000,0x0000011b9c500000] _byte_map_base: 0x0000011b9bcf3000

Marking Bits (Prev, Next): (CMBitMap*) 0x0000011b89885c60, (CMBitMap*) 0x0000011b89885ca0
 Prev Bits: [0x0000011b9c900000, 0x0000011b9e898000)
 Next Bits: [0x0000011b9e8a0000, 0x0000011ba0838000)

Polling page: 0x0000011b877f0000

Metaspace:

Usage:
  Non-class:     44.69 MB used.
      Class:      6.16 MB used.
       Both:     50.85 MB used.

Virtual space:
  Non-class space:       48.00 MB reserved,      44.81 MB ( 93%) committed,  6 nodes.
      Class space:        1.00 GB reserved,       6.25 MB ( <1%) committed,  1 nodes.
             Both:        1.05 GB reserved,      51.06 MB (  5%) committed. 

Chunk freelists:
   Non-Class:  2.80 MB
       Class:  1.70 MB
        Both:  4.50 MB

MaxMetaspaceSize: unlimited
CompressedClassSpaceSize: 1.00 GB
Initial GC threshold: 21.00 MB
Current GC threshold: 80.88 MB
CDS: off
MetaspaceReclaimPolicy: balanced
 - commit_granule_bytes: 65536.
 - commit_granule_words: 8192.
 - virtual_space_node_default_size: 1048576.
 - enlarge_chunks_in_place: 1.
 - new_chunks_are_fully_committed: 0.
 - uncommit_free_chunks: 1.
 - use_allocation_guard: 0.
 - handle_deallocations: 1.


Internal statistics:

num_allocs_failed_limit: 9.
num_arena_births: 194.
num_arena_deaths: 0.
num_vsnodes_births: 7.
num_vsnodes_deaths: 0.
num_space_committed: 815.
num_space_uncommitted: 0.
num_chunks_returned_to_freelist: 9.
num_chunks_taken_from_freelist: 1709.
num_chunk_merges: 9.
num_chunk_splits: 1426.
num_chunks_enlarged: 1294.
num_purges: 0.
num_inconsistent_stats: 0.

CodeHeap 'non-profiled nmethods': size=120000Kb used=1819Kb max_used=1819Kb free=118180Kb
 bounds [0x0000011b947d0000, 0x0000011b94a40000, 0x0000011b9bd00000]
CodeHeap 'profiled nmethods': size=120000Kb used=8243Kb max_used=8243Kb free=111756Kb
 bounds [0x0000011b8cd00000, 0x0000011b8d510000, 0x0000011b94230000]
CodeHeap 'non-nmethods': size=5760Kb used=1271Kb max_used=1318Kb free=4488Kb
 bounds [0x0000011b94230000, 0x0000011b944a0000, 0x0000011b947d0000]
 total_blobs=4565 nmethods=3980 adapters=497
 compilation: enabled
              stopped_count=0, restarted_count=0
 full_count=0

Compilation events (20 events):
Event: 7.029 Thread 0x0000011ba2d6d970 3916       1       org.jetbrains.kotlin.serialization.deserialization.DeserializationContext::getTypeTable (5 bytes)
Event: 7.029 Thread 0x0000011ba2d6d970 nmethod 3916 0x0000011b94984890 code [0x0000011b94984a20, 0x0000011b94984af8]
Event: 7.030 Thread 0x0000011ba6010f50 3917       4       org.jetbrains.kotlin.com.intellij.openapi.vfs.VirtualFile::findChild (62 bytes)
Event: 7.030 Thread 0x0000011ba2d6d970 3918       1       org.jetbrains.kotlin.com.intellij.openapi.vfs.impl.jar.CoreJarVirtualFile::isValid (2 bytes)
Event: 7.030 Thread 0x0000011ba2d6d970 nmethod 3918 0x0000011b94984b90 code [0x0000011b94984d20, 0x0000011b94984df8]
Event: 7.031 Thread 0x0000011ba2d6d970 3919       3       org.jetbrains.kotlin.utils.DFS::doDfs (110 bytes)
Event: 7.033 Thread 0x0000011ba2d6d970 nmethod 3919 0x0000011b8d4e3510 code [0x0000011b8d4e3860, 0x0000011b8d4e4ca8]
Event: 7.033 Thread 0x0000011ba2d6d970 3921       3       java.math.BigInteger::compareMagnitude (96 bytes)
Event: 7.033 Thread 0x0000011ba2d6d970 nmethod 3921 0x0000011b8d4e5390 code [0x0000011b8d4e5560, 0x0000011b8d4e5918]
Event: 7.033 Thread 0x0000011ba2d6d970 3920       3       org.jetbrains.kotlin.utils.DFS$VisitedWithSet::checkAndMarkVisited (11 bytes)
Event: 7.034 Thread 0x0000011ba2d6d970 nmethod 3920 0x0000011b8d4e5a90 code [0x0000011b8d4e5c40, 0x0000011b8d4e5e08]
Event: 7.034 Thread 0x0000011ba2d6d970 3923       3       gnu.trove.THash::computeMaxSize (38 bytes)
Event: 7.034 Thread 0x0000011ba2d6d970 nmethod 3923 0x0000011b8d4e5f10 code [0x0000011b8d4e60c0, 0x0000011b8d4e6358]
Event: 7.034 Thread 0x0000011ba2d6d970 3922       1       gnu.trove.THash::size (5 bytes)
Event: 7.034 Thread 0x0000011ba2d6d970 nmethod 3922 0x0000011b94984e90 code [0x0000011b94985020, 0x0000011b949850f8]
Event: 7.034 Thread 0x0000011ba2d6d970 3925       1       org.jetbrains.kotlin.cli.jvm.index.JvmDependenciesIndexImpl$FindClassRequest::getClassId (5 bytes)
Event: 7.034 Thread 0x0000011ba2d6d970 nmethod 3925 0x0000011b94985190 code [0x0000011b94985320, 0x0000011b949853f8]
Event: 7.061 Thread 0x0000011ba6010f50 nmethod 3917 0x0000011b94985490 code [0x0000011b94985640, 0x0000011b94985fb8]
Event: 7.061 Thread 0x0000011ba6010f50 3924       4       org.jetbrains.kotlin.name.FqName::equals (39 bytes)
Event: 7.063 Thread 0x0000011ba2d6d970 3927       3       org.jetbrains.kotlin.config.MavenComparableVersion$ListItem::compareTo (229 bytes)

GC Heap History (20 events):
Event: 2.294 GC heap before
{Heap before GC invocations=5 (full 0):
 garbage-first heap   total 40960K, used 11087K [0x0000000081a00000, 0x0000000100000000)
  region size 1024K, 2 young (2048K), 1 survivors (1024K)
 Metaspace       used 28171K, committed 28352K, reserved 1081344K
  class space    used 3511K, committed 3584K, reserved 1048576K
}
Event: 2.297 GC heap after
{Heap after GC invocations=6 (full 0):
 garbage-first heap   total 40960K, used 11576K [0x0000000081a00000, 0x0000000100000000)
  region size 1024K, 1 young (1024K), 1 survivors (1024K)
 Metaspace       used 28171K, committed 28352K, reserved 1081344K
  class space    used 3511K, committed 3584K, reserved 1048576K
}
Event: 2.702 GC heap before
{Heap before GC invocations=6 (full 0):
 garbage-first heap   total 40960K, used 32056K [0x0000000081a00000, 0x0000000100000000)
  region size 1024K, 19 young (19456K), 1 survivors (1024K)
 Metaspace       used 30367K, committed 30528K, reserved 1081344K
  class space    used 3923K, committed 3968K, reserved 1048576K
}
Event: 2.712 GC heap after
{Heap after GC invocations=7 (full 0):
 garbage-first heap   total 50176K, used 17551K [0x0000000081a00000, 0x0000000100000000)
  region size 1024K, 3 young (3072K), 3 survivors (3072K)
 Metaspace       used 30367K, committed 30528K, reserved 1081344K
  class space    used 3923K, committed 3968K, reserved 1048576K
}
Event: 3.091 GC heap before
{Heap before GC invocations=7 (full 0):
 garbage-first heap   total 50176K, used 35983K [0x0000000081a00000, 0x0000000100000000)
  region size 1024K, 21 young (21504K), 3 survivors (3072K)
 Metaspace       used 34830K, committed 35072K, reserved 1081344K
  class space    used 4437K, committed 4544K, reserved 1048576K
}
Event: 3.099 GC heap after
{Heap after GC invocations=8 (full 0):
 garbage-first heap   total 50176K, used 17230K [0x0000000081a00000, 0x0000000100000000)
  region size 1024K, 2 young (2048K), 2 survivors (2048K)
 Metaspace       used 34830K, committed 35072K, reserved 1081344K
  class space    used 4437K, committed 4544K, reserved 1048576K
}
Event: 3.197 GC heap before
{Heap before GC invocations=8 (full 0):
 garbage-first heap   total 50176K, used 22350K [0x0000000081a00000, 0x0000000100000000)
  region size 1024K, 8 young (8192K), 2 survivors (2048K)
 Metaspace       used 35856K, committed 36096K, reserved 1081344K
  class space    used 4538K, committed 4672K, reserved 1048576K
}
Event: 3.201 GC heap after
{Heap after GC invocations=9 (full 0):
 garbage-first heap   total 50176K, used 18080K [0x0000000081a00000, 0x0000000100000000)
  region size 1024K, 1 young (1024K), 1 survivors (1024K)
 Metaspace       used 35856K, committed 36096K, reserved 1081344K
  class space    used 4538K, committed 4672K, reserved 1048576K
}
Event: 3.525 GC heap before
{Heap before GC invocations=10 (full 0):
 garbage-first heap   total 50176K, used 37536K [0x0000000081a00000, 0x0000000100000000)
  region size 1024K, 20 young (20480K), 1 survivors (1024K)
 Metaspace       used 39918K, committed 40192K, reserved 1089536K
  class space    used 4912K, committed 5056K, reserved 1048576K
}
Event: 3.530 GC heap after
{Heap after GC invocations=11 (full 0):
 garbage-first heap   total 50176K, used 19936K [0x0000000081a00000, 0x0000000100000000)
  region size 1024K, 3 young (3072K), 3 survivors (3072K)
 Metaspace       used 39918K, committed 40192K, reserved 1089536K
  class space    used 4912K, committed 5056K, reserved 1048576K
}
Event: 4.114 GC heap before
{Heap before GC invocations=12 (full 0):
 garbage-first heap   total 50176K, used 37344K [0x0000000081a00000, 0x0000000100000000)
  region size 1024K, 20 young (20480K), 3 survivors (3072K)
 Metaspace       used 44387K, committed 44608K, reserved 1089536K
  class space    used 5441K, committed 5568K, reserved 1048576K
}
Event: 4.124 GC heap after
{Heap after GC invocations=13 (full 0):
 garbage-first heap   total 50176K, used 21300K [0x0000000081a00000, 0x0000000100000000)
  region size 1024K, 2 young (2048K), 2 survivors (2048K)
 Metaspace       used 44387K, committed 44608K, reserved 1089536K
  class space    used 5441K, committed 5568K, reserved 1048576K
}
Event: 5.900 GC heap before
{Heap before GC invocations=13 (full 0):
 garbage-first heap   total 50176K, used 38708K [0x0000000081a00000, 0x0000000100000000)
  region size 1024K, 18 young (18432K), 2 survivors (2048K)
 Metaspace       used 47391K, committed 47616K, reserved 1097728K
  class space    used 5768K, committed 5888K, reserved 1048576K
}
Event: 5.911 GC heap after
{Heap after GC invocations=14 (full 0):
 garbage-first heap   total 50176K, used 25796K [0x0000000081a00000, 0x0000000100000000)
  region size 1024K, 3 young (3072K), 3 survivors (3072K)
 Metaspace       used 47391K, committed 47616K, reserved 1097728K
  class space    used 5768K, committed 5888K, reserved 1048576K
}
Event: 6.267 GC heap before
{Heap before GC invocations=14 (full 0):
 garbage-first heap   total 50176K, used 31940K [0x0000000081a00000, 0x0000000100000000)
  region size 1024K, 11 young (11264K), 3 survivors (3072K)
 Metaspace       used 49381K, committed 49664K, reserved 1097728K
  class space    used 6017K, committed 6144K, reserved 1048576K
}
Event: 6.278 GC heap after
{Heap after GC invocations=15 (full 0):
 garbage-first heap   total 50176K, used 26898K [0x0000000081a00000, 0x0000000100000000)
  region size 1024K, 1 young (1024K), 1 survivors (1024K)
 Metaspace       used 49381K, committed 49664K, reserved 1097728K
  class space    used 6017K, committed 6144K, reserved 1048576K
}
Event: 6.422 GC heap before
{Heap before GC invocations=16 (full 0):
 garbage-first heap   total 53248K, used 38162K [0x0000000081a00000, 0x0000000100000000)
  region size 1024K, 12 young (12288K), 1 survivors (1024K)
 Metaspace       used 49432K, committed 49664K, reserved 1097728K
  class space    used 6017K, committed 6144K, reserved 1048576K
}
Event: 6.428 GC heap after
{Heap after GC invocations=17 (full 0):
 garbage-first heap   total 53248K, used 30136K [0x0000000081a00000, 0x0000000100000000)
  region size 1024K, 2 young (2048K), 2 survivors (2048K)
 Metaspace       used 49432K, committed 49664K, reserved 1097728K
  class space    used 6017K, committed 6144K, reserved 1048576K
}
Event: 6.445 GC heap before
{Heap before GC invocations=17 (full 0):
 garbage-first heap   total 53248K, used 31160K [0x0000000081a00000, 0x0000000100000000)
  region size 1024K, 3 young (3072K), 2 survivors (2048K)
 Metaspace       used 49438K, committed 49664K, reserved 1097728K
  class space    used 6017K, committed 6144K, reserved 1048576K
}
Event: 6.450 GC heap after
{Heap after GC invocations=18 (full 0):
 garbage-first heap   total 73728K, used 29850K [0x0000000081a00000, 0x0000000100000000)
  region size 1024K, 1 young (1024K), 1 survivors (1024K)
 Metaspace       used 49438K, committed 49664K, reserved 1097728K
  class space    used 6017K, committed 6144K, reserved 1048576K
}

Dll operation events (2 events):
Event: 0.010 Loaded shared library C:\Program Files\Android\Android Studio\jbr\bin\java.dll
Event: 1.979 Loaded shared library C:\Program Files\Android\Android Studio\jbr\bin\verify.dll

Deoptimization events (20 events):
Event: 6.177 Thread 0x0000011b89827a40 Uncommon trap: trap_request=0xffffffde fr.pc=0x0000011b948f6bd0 relative=0x0000000000000a70
Event: 6.177 Thread 0x0000011b89827a40 Uncommon trap: reason=class_check action=maybe_recompile pc=0x0000011b948f6bd0 method=org.jetbrains.kotlin.com.intellij.lang.java.lexer.JavaLexer.charAt(I)C @ 21 c2
Event: 6.177 Thread 0x0000011b89827a40 DEOPT PACKING pc=0x0000011b948f6bd0 sp=0x000000193a3fa200
Event: 6.177 Thread 0x0000011b89827a40 DEOPT UNPACKING pc=0x0000011b942869a3 sp=0x000000193a3fa158 mode 2
Event: 6.265 Thread 0x0000011b89827a40 Uncommon trap: trap_request=0xffffffcc fr.pc=0x0000011b9494ff44 relative=0x0000000000000324
Event: 6.265 Thread 0x0000011b89827a40 Uncommon trap: reason=intrinsic_or_type_checked_inlining action=make_not_entrant pc=0x0000011b9494ff44 method=java.util.Arrays.copyOf([Ljava/lang/Object;ILjava/lang/Class;)[Ljava/lang/Object; @ 35 c2
Event: 6.265 Thread 0x0000011b89827a40 DEOPT PACKING pc=0x0000011b9494ff44 sp=0x000000193a3fa850
Event: 6.265 Thread 0x0000011b89827a40 DEOPT UNPACKING pc=0x0000011b942869a3 sp=0x000000193a3fa7e0 mode 2
Event: 6.298 Thread 0x0000011b89827a40 DEOPT PACKING pc=0x0000011b8d1c65e5 sp=0x000000193a3fad50
Event: 6.298 Thread 0x0000011b89827a40 DEOPT UNPACKING pc=0x0000011b94287143 sp=0x000000193a3fa1a0 mode 0
Event: 6.559 Thread 0x0000011b89827a40 Uncommon trap: trap_request=0xffffffde fr.pc=0x0000011b948196e4 relative=0x0000000000000ec4
Event: 6.559 Thread 0x0000011b89827a40 Uncommon trap: reason=class_check action=maybe_recompile pc=0x0000011b948196e4 method=java.util.concurrent.ConcurrentHashMap.putVal(Ljava/lang/Object;Ljava/lang/Object;Z)Ljava/lang/Object; @ 159 c2
Event: 6.560 Thread 0x0000011b89827a40 DEOPT PACKING pc=0x0000011b948196e4 sp=0x000000193a3fa850
Event: 6.560 Thread 0x0000011b89827a40 DEOPT UNPACKING pc=0x0000011b942869a3 sp=0x000000193a3fa7d0 mode 2
Event: 6.638 Thread 0x0000011b89827a40 Uncommon trap: trap_request=0xffffff45 fr.pc=0x0000011b948eaff8 relative=0x0000000000000078
Event: 6.638 Thread 0x0000011b89827a40 Uncommon trap: reason=unstable_if action=reinterpret pc=0x0000011b948eaff8 method=org.jetbrains.kotlin.parsing.AbstractKotlinParsing.tokenMatches(Lorg/jetbrains/kotlin/com/intellij/psi/tree/IElementType;Lorg/jetbrains/kotlin/com/intellij/psi/tree/IElement
Event: 6.638 Thread 0x0000011b89827a40 DEOPT PACKING pc=0x0000011b948eaff8 sp=0x000000193a3fb6c0
Event: 6.638 Thread 0x0000011b89827a40 DEOPT UNPACKING pc=0x0000011b942869a3 sp=0x000000193a3fb640 mode 2
Event: 6.758 Thread 0x0000011b89827a40 DEOPT PACKING pc=0x0000011b8d1c65e5 sp=0x000000193a3fae90
Event: 6.758 Thread 0x0000011b89827a40 DEOPT UNPACKING pc=0x0000011b94287143 sp=0x000000193a3fa2e0 mode 0

Classes unloaded (0 events):
No events

Classes redefined (0 events):
No events

Internal exceptions (20 events):
Event: 1.705 Thread 0x0000011b89827a40 Exception <a 'java/lang/NoSuchMethodError'{0x0000000083bbea78}: 'java.lang.Object java.lang.invoke.DirectMethodHandle$Holder.invokeSpecial(java.lang.Object, java.lang.Object, java.lang.Object, java.lang.Object, long)'> (0x0000000083bbea78) 
thrown [s\src\hotspot\share\interpreter\linkResolver.cpp, line 771]
Event: 1.709 Thread 0x0000011b89827a40 Exception <a 'java/lang/NoSuchMethodError'{0x0000000083bcde38}: 'int java.lang.invoke.DelegatingMethodHandle$Holder.reinvoke_L(java.lang.Object, java.lang.Object, java.lang.Object, long, java.lang.Object, java.lang.Object)'> (0x0000000083bcde38) 
thrown [s\src\hotspot\share\interpreter\linkResolver.cpp, line 771]
Event: 1.711 Thread 0x0000011b89827a40 Exception <a 'java/lang/NoSuchMethodError'{0x0000000083bdcaf0}: 'int java.lang.invoke.DelegatingMethodHandle$Holder.reinvoke_L(java.lang.Object, java.lang.Object, java.lang.Object, long, int, int)'> (0x0000000083bdcaf0) 
thrown [s\src\hotspot\share\interpreter\linkResolver.cpp, line 771]
Event: 1.713 Thread 0x0000011b89827a40 Exception <a 'java/lang/NoSuchMethodError'{0x0000000083beb428}: 'int java.lang.invoke.DelegatingMethodHandle$Holder.reinvoke_L(java.lang.Object, java.lang.Object, java.lang.Object, long, long, long)'> (0x0000000083beb428) 
thrown [s\src\hotspot\share\interpreter\linkResolver.cpp, line 771]
Event: 1.715 Thread 0x0000011b89827a40 Exception <a 'java/lang/NoSuchMethodError'{0x0000000083bf9a40}: 'int java.lang.invoke.DelegatingMethodHandle$Holder.reinvoke_L(java.lang.Object, java.lang.Object, java.lang.Object, long, int)'> (0x0000000083bf9a40) 
thrown [s\src\hotspot\share\interpreter\linkResolver.cpp, line 771]
Event: 1.738 Thread 0x0000011b89827a40 Exception <a 'java/lang/NoSuchMethodError'{0x0000000083aa3288}: 'int java.lang.invoke.DirectMethodHandle$Holder.invokeStaticInit(java.lang.Object, java.lang.Object, java.lang.Object)'> (0x0000000083aa3288) 
thrown [s\src\hotspot\share\interpreter\linkResolver.cpp, line 771]
Event: 1.744 Thread 0x0000011b89827a40 Exception <a 'java/lang/NoSuchMethodError'{0x0000000083accf50}: 'int java.lang.invoke.DirectMethodHandle$Holder.invokeStaticInit(java.lang.Object, java.lang.Object)'> (0x0000000083accf50) 
thrown [s\src\hotspot\share\interpreter\linkResolver.cpp, line 771]
Event: 1.764 Thread 0x0000011b89827a40 Exception <a 'java/lang/NoSuchMethodError'{0x00000000839af210}: 'void java.lang.invoke.DirectMethodHandle$Holder.invokeSpecial(java.lang.Object, java.lang.Object, java.lang.Object)'> (0x00000000839af210) 
thrown [s\src\hotspot\share\interpreter\linkResolver.cpp, line 771]
Event: 1.844 Thread 0x0000011b89827a40 Exception <a 'java/lang/NoSuchMethodError'{0x00000000836dc970}: 'void java.lang.invoke.DirectMethodHandle$Holder.invokeStatic(java.lang.Object, java.lang.Object, java.lang.Object, java.lang.Object)'> (0x00000000836dc970) 
thrown [s\src\hotspot\share\interpreter\linkResolver.cpp, line 771]
Event: 1.936 Thread 0x0000011b89827a40 Exception <a 'java/lang/NoSuchMethodError'{0x00000000832a3c88}: 'void java.lang.invoke.DirectMethodHandle$Holder.invokeStaticInit(java.lang.Object, java.lang.Object)'> (0x00000000832a3c88) 
thrown [s\src\hotspot\share\interpreter\linkResolver.cpp, line 771]
Event: 2.058 Thread 0x0000011b89827a40 Exception <a 'java/lang/NoSuchMethodError'{0x0000000082d25260}: 'void java.lang.invoke.DirectMethodHandle$Holder.invokeVirtual(java.lang.Object, java.lang.Object)'> (0x0000000082d25260) 
thrown [s\src\hotspot\share\interpreter\linkResolver.cpp, line 771]
Event: 2.072 Thread 0x0000011b89827a40 Exception <a 'java/lang/NoSuchMethodError'{0x0000000082da0e60}: 'int java.lang.invoke.DirectMethodHandle$Holder.invokeVirtual(java.lang.Object, java.lang.Object)'> (0x0000000082da0e60) 
thrown [s\src\hotspot\share\interpreter\linkResolver.cpp, line 771]
Event: 2.092 Thread 0x0000011b89827a40 Exception <a 'java/lang/NoSuchMethodError'{0x0000000082c3a080}: 'java.lang.Object java.lang.invoke.Invokers$Holder.invokeExact_MT(java.lang.Object, java.lang.Object, java.lang.Object, java.lang.Object, java.lang.Object, java.lang.Object)'> (0x0000000082c3a080) 
thrown [s\src\hotspot\share\interpreter\linkResolver.cpp, line 771]
Event: 2.767 Thread 0x0000011b89827a40 Implicit null exception at 0x0000011b947e8272 to 0x0000011b947e8848
Event: 2.906 Thread 0x0000011b89827a40 Implicit null exception at 0x0000011b947e9a72 to 0x0000011b947ea058
Event: 2.961 Thread 0x0000011b89827a40 Exception <a 'java/lang/NoSuchMethodError'{0x0000000083fed4c0}: 'java.lang.Object java.lang.invoke.DirectMethodHandle$Holder.invokeVirtual(java.lang.Object, java.lang.Object, java.lang.Object)'> (0x0000000083fed4c0) 
thrown [s\src\hotspot\share\interpreter\linkResolver.cpp, line 771]
Event: 3.872 Thread 0x0000011b89827a40 Exception <a 'java/lang/NoSuchMethodError'{0x0000000083f69688}: 'java.lang.Object java.lang.invoke.DirectMethodHandle$Holder.newInvokeSpecial(java.lang.Object, java.lang.Object, int)'> (0x0000000083f69688) 
thrown [s\src\hotspot\share\interpreter\linkResolver.cpp, line 771]
Event: 3.997 Thread 0x0000011b89827a40 Exception <a 'java/lang/NoSuchMethodError'{0x0000000083d8ad68}: 'java.lang.Object java.lang.invoke.DirectMethodHandle$Holder.newInvokeSpecial(java.lang.Object, java.lang.Object, java.lang.Object, int)'> (0x0000000083d8ad68) 
thrown [s\src\hotspot\share\interpreter\linkResolver.cpp, line 771]
Event: 3.998 Thread 0x0000011b89827a40 Exception <a 'java/lang/NoSuchMethodError'{0x0000000083d8f3f0}: 'java.lang.Object java.lang.invoke.DirectMethodHandle$Holder.invokeSpecial(java.lang.Object, java.lang.Object, java.lang.Object, java.lang.Object, int)'> (0x0000000083d8f3f0) 
thrown [s\src\hotspot\share\interpreter\linkResolver.cpp, line 771]
Event: 3.998 Thread 0x0000011b89827a40 Exception <a 'java/lang/NoSuchMethodError'{0x0000000083d93260}: 'java.lang.Object java.lang.invoke.Invokers$Holder.linkToTargetMethod(java.lang.Object, java.lang.Object, int, java.lang.Object)'> (0x0000000083d93260) 
thrown [s\src\hotspot\share\interpreter\linkResolver.cpp, line 771]

VM Operations (20 events):
Event: 6.233 Executing VM operation: HandshakeAllThreads
Event: 6.233 Executing VM operation: HandshakeAllThreads done
Event: 6.236 Executing VM operation: HandshakeAllThreads
Event: 6.236 Executing VM operation: HandshakeAllThreads done
Event: 6.252 Executing VM operation: HandshakeAllThreads
Event: 6.252 Executing VM operation: HandshakeAllThreads done
Event: 6.267 Executing VM operation: G1TryInitiateConcMark
Event: 6.279 Executing VM operation: G1TryInitiateConcMark done
Event: 6.332 Executing VM operation: G1Concurrent
Event: 6.339 Executing VM operation: G1Concurrent done
Event: 6.365 Executing VM operation: G1Concurrent
Event: 6.365 Executing VM operation: G1Concurrent done
Event: 6.422 Executing VM operation: G1CollectForAllocation
Event: 6.428 Executing VM operation: G1CollectForAllocation done
Event: 6.445 Executing VM operation: G1CollectForAllocation
Event: 6.450 Executing VM operation: G1CollectForAllocation done
Event: 6.761 Executing VM operation: HandshakeAllThreads
Event: 6.761 Executing VM operation: HandshakeAllThreads done
Event: 6.762 Executing VM operation: HandshakeAllThreads
Event: 6.762 Executing VM operation: HandshakeAllThreads done

Events (20 events):
Event: 4.611 loading class java/util/stream/ReduceOps$Box done
Event: 4.612 loading class java/util/stream/ReduceOps$3ReducingSink done
Event: 4.612 loading class java/util/stream/ReferencePipeline$2$1
Event: 4.612 loading class java/util/stream/ReferencePipeline$2$1 done
Event: 4.612 loading class java/util/stream/IntPipeline$1$1
Event: 4.612 loading class java/util/stream/Sink$ChainedInt
Event: 4.612 loading class java/util/stream/Sink$OfInt
Event: 4.612 loading class java/util/function/IntConsumer
Event: 4.612 loading class java/util/function/IntConsumer done
Event: 4.612 loading class java/util/stream/Sink$OfInt done
Event: 4.612 loading class java/util/stream/Sink$ChainedInt done
Event: 4.612 loading class java/util/stream/IntPipeline$1$1 done
Event: 4.828 loading class java/text/StringCharacterIterator
Event: 4.828 loading class java/text/CharacterIterator
Event: 4.828 loading class java/text/CharacterIterator done
Event: 4.828 loading class java/text/StringCharacterIterator done
Event: 5.823 Thread 0x0000011ba6205080 Thread exited: 0x0000011ba6205080
Event: 6.178 Thread 0x0000011ba6010f50 Thread added: 0x0000011ba6010f50
Event: 6.253 loading class java/util/ComparableTimSort
Event: 6.253 loading class java/util/ComparableTimSort done


Dynamic libraries:
0x00007ff7a2aa0000 - 0x00007ff7a2aaa000 	C:\Program Files\Android\Android Studio\jbr\bin\java.exe
0x00007ffe63610000 - 0x00007ffe63808000 	C:\Windows\SYSTEM32\ntdll.dll
0x00007ffe61e60000 - 0x00007ffe61f1d000 	C:\Windows\System32\KERNEL32.DLL
0x00007ffe61120000 - 0x00007ffe61416000 	C:\Windows\System32\KERNELBASE.dll
0x00007ffe61540000 - 0x00007ffe61640000 	C:\Windows\System32\ucrtbase.dll
0x00007ffe5c050000 - 0x00007ffe5c06b000 	C:\Program Files\Android\Android Studio\jbr\bin\VCRUNTIME140.dll
0x00007ffe3e9a0000 - 0x00007ffe3e9b7000 	C:\Program Files\Android\Android Studio\jbr\bin\jli.dll
0x00007ffe629f0000 - 0x00007ffe62b8e000 	C:\Windows\System32\USER32.dll
0x00007ffe60df0000 - 0x00007ffe60e12000 	C:\Windows\System32\win32u.dll
0x00007ffe627d0000 - 0x00007ffe627fc000 	C:\Windows\System32\GDI32.dll
0x00007ffe50c90000 - 0x00007ffe50f2a000 	C:\Windows\WinSxS\amd64_microsoft.windows.common-controls_6595b64144ccf1df_6.0.19041.1110_none_60b5254171f9507e\COMCTL32.dll
0x00007ffe61420000 - 0x00007ffe6153a000 	C:\Windows\System32\gdi32full.dll
0x00007ffe61f80000 - 0x00007ffe6201e000 	C:\Windows\System32\msvcrt.dll
0x00007ffe60eb0000 - 0x00007ffe60f4d000 	C:\Windows\System32\msvcp_win.dll
0x00007ffe62cd0000 - 0x00007ffe62d00000 	C:\Windows\System32\IMM32.DLL
0x00007ffe5b150000 - 0x00007ffe5b15c000 	C:\Program Files\Android\Android Studio\jbr\bin\vcruntime140_1.dll
0x00007ffe2fbf0000 - 0x00007ffe2fc7d000 	C:\Program Files\Android\Android Studio\jbr\bin\msvcp140.dll
0x00007ffe0b8d0000 - 0x00007ffe0c53e000 	C:\Program Files\Android\Android Studio\jbr\bin\server\jvm.dll
0x00007ffe62c20000 - 0x00007ffe62cce000 	C:\Windows\System32\ADVAPI32.dll
0x00007ffe62e50000 - 0x00007ffe62eec000 	C:\Windows\System32\sechost.dll
0x00007ffe61ae0000 - 0x00007ffe61c06000 	C:\Windows\System32\RPCRT4.dll
0x00007ffe48720000 - 0x00007ffe48729000 	C:\Windows\SYSTEM32\WSOCK32.dll
0x00007ffe53320000 - 0x00007ffe53347000 	C:\Windows\SYSTEM32\WINMM.dll
0x00007ffe62de0000 - 0x00007ffe62e4b000 	C:\Windows\System32\WS2_32.dll
0x00007ffe50470000 - 0x00007ffe5047a000 	C:\Windows\SYSTEM32\VERSION.dll
0x00007ffe5ec10000 - 0x00007ffe5ec22000 	C:\Windows\SYSTEM32\kernel.appcore.dll
0x00007ffe5b130000 - 0x00007ffe5b13a000 	C:\Program Files\Android\Android Studio\jbr\bin\jimage.dll
0x00007ffe4ca20000 - 0x00007ffe4cc04000 	C:\Windows\SYSTEM32\DBGHELP.DLL
0x00007ffe4c9e0000 - 0x00007ffe4ca14000 	C:\Windows\SYSTEM32\dbgcore.DLL
0x00007ffe60e20000 - 0x00007ffe60ea2000 	C:\Windows\System32\bcryptPrimitives.dll
0x00007ffe4f260000 - 0x00007ffe4f285000 	C:\Program Files\Android\Android Studio\jbr\bin\java.dll
0x00007ffe495b0000 - 0x00007ffe495c8000 	C:\Program Files\Android\Android Studio\jbr\bin\zip.dll
0x00007ffe62080000 - 0x00007ffe627c5000 	C:\Windows\System32\SHELL32.dll
0x00007ffe5ed80000 - 0x00007ffe5f51b000 	C:\Windows\SYSTEM32\windows.storage.dll
0x00007ffe62ef0000 - 0x00007ffe63244000 	C:\Windows\System32\combase.dll
0x00007ffe606c0000 - 0x00007ffe606ee000 	C:\Windows\SYSTEM32\Wldp.dll
0x00007ffe62930000 - 0x00007ffe629dd000 	C:\Windows\System32\SHCORE.dll
0x00007ffe61df0000 - 0x00007ffe61e45000 	C:\Windows\System32\shlwapi.dll
0x00007ffe60c20000 - 0x00007ffe60c45000 	C:\Windows\SYSTEM32\profapi.dll
0x00007ffe48550000 - 0x00007ffe48569000 	C:\Program Files\Android\Android Studio\jbr\bin\net.dll
0x00007ffe54970000 - 0x00007ffe54a7a000 	C:\Windows\SYSTEM32\WINHTTP.dll
0x00007ffe60420000 - 0x00007ffe6048a000 	C:\Windows\system32\mswsock.dll
0x00007ffe3f3c0000 - 0x00007ffe3f3d6000 	C:\Program Files\Android\Android Studio\jbr\bin\nio.dll
0x00007ffe5a360000 - 0x00007ffe5a370000 	C:\Program Files\Android\Android Studio\jbr\bin\verify.dll

dbghelp: loaded successfully - version: 4.0.5 - missing functions: none
symbol engine: initialized successfully - sym options: 0x614 - pdb path: .;C:\Program Files\Android\Android Studio\jbr\bin;C:\Windows\SYSTEM32;C:\Windows\WinSxS\amd64_microsoft.windows.common-controls_6595b64144ccf1df_6.0.19041.1110_none_60b5254171f9507e;C:\Program Files\Android\Android Studio\jbr\bin\server

VM Arguments:
java_command: org.jetbrains.kotlin.cli.jvm.K2JVMCompiler @C:\Users\refrizar.dwiardito\AndroidStudioProjects\Catwell\app\build\20231013_3900652745604971590.compiler.options
java_class_path (initial): C:\Users\refrizar.dwiardito\.jdks\openjdk-21\caches\modules-2\files-2.1\org.jetbrains.kotlin\kotlin-compiler-embeddable\1.9.0\2c8c3a7402becca891f12739b3e9fd2dc2adbd7a\kotlin-compiler-embeddable-1.9.0.jar;C:\Users\refrizar.dwiardito\.jdks\openjdk-21\caches\modules-2\files-2.1\org.jetbrains.kotlin\kotlin-stdlib\1.9.0\8ee15ef0c67dc83d874f412d84378d7f0eb50b63\kotlin-stdlib-1.9.0.jar;C:\Users\refrizar.dwiardito\.jdks\openjdk-21\caches\modules-2\files-2.1\org.jetbrains.kotlin\kotlin-script-runtime\1.9.0\4b3102cbbb7e1b58d9d1adf89563f00069ffa7d1\kotlin-script-runtime-1.9.0.jar;C:\Users\refrizar.dwiardito\.jdks\openjdk-21\caches\modules-2\files-2.1\org.jetbrains.kotlin\kotlin-reflect\1.6.10\1cbe9c92c12a94eea200d23c2bbaedaf3daf5132\kotlin-reflect-1.6.10.jar;C:\Users\refrizar.dwiardito\.jdks\openjdk-21\caches\modules-2\files-2.1\org.jetbrains.kotlin\kotlin-daemon-embeddable\1.9.0\186543f5e28cf8d9a0290fecc2cf34301c40a65c\kotlin-daemon-embeddable-1.9.0.jar;C:\Users\refrizar.dwiardito\.jdks\openjdk-21\caches\modules-2\files-2.1\org.jetbrains.intellij.deps\trove4j\1.0.20200330\3afb14d5f9ceb459d724e907a21145e8ff394f02\trove4j-1.0.20200330.jar;C:\Users\refrizar.dwiardito\.jdks\openjdk-21\caches\modules-2\files-2.1\org.jetbrains.kotlin\kotlin-stdlib-common\1.9.0\cd65c21cfd1eec4d44ef09f9f52b6d9f8a720636\kotlin-stdlib-common-1.9.0.jar;C:\Users\refrizar.dwiardito\.jdks\openjdk-21\caches\modules-2\files-2.1\org.jetbrains\annotations\13.0\919f0dfe192fb4e063e7dacadee7f8bb9a2672a9\annotations-13.0.jar
Launcher Type: SUN_STANDARD

[Global flags]
     intx CICompilerCount                          = 3                                         {product} {ergonomic}
     uint ConcGCThreads                            = 1                                         {product} {ergonomic}
     uint G1ConcRefinementThreads                  = 4                                         {product} {ergonomic}
   size_t G1HeapRegionSize                         = 1048576                                   {product} {ergonomic}
    uintx GCDrainStackTargetSize                   = 64                                        {product} {ergonomic}
   size_t InitialHeapSize                          = 134217728                                 {product} {ergonomic}
   size_t MarkStackSize                            = 4194304                                   {product} {ergonomic}
   size_t MaxHeapSize                              = 2120220672                                {product} {ergonomic}
   size_t MaxNewSize                               = 1271922688                                {product} {ergonomic}
   size_t MinHeapDeltaBytes                        = 1048576                                   {product} {ergonomic}
   size_t MinHeapSize                              = 8388608                                   {product} {ergonomic}
    uintx NonNMethodCodeHeapSize                   = 5832780                                {pd product} {ergonomic}
    uintx NonProfiledCodeHeapSize                  = 122912730                              {pd product} {ergonomic}
    uintx ProfiledCodeHeapSize                     = 122912730                              {pd product} {ergonomic}
    uintx ReservedCodeCacheSize                    = 251658240                              {pd product} {ergonomic}
     bool SegmentedCodeCache                       = true                                      {product} {ergonomic}
   size_t SoftMaxHeapSize                          = 2120220672                             {manageable} {ergonomic}
     bool UseCompressedClassPointers               = true                           {product lp64_product} {ergonomic}
     bool UseCompressedOops                        = true                           {product lp64_product} {ergonomic}
     bool UseG1GC                                  = true                                      {product} {ergonomic}
     bool UseLargePagesIndividualAllocation        = false                                  {pd product} {ergonomic}

Logging:
Log output configuration:
 #0: stdout all=warning uptime,level,tags
 #1: stderr all=off uptime,level,tags

Environment Variables:
JAVA_HOME=C:\Users\refrizar.dwiardito\.jdks\openjdk-21
PATH=C:\Program Files\Common Files\Oracle\Java\javapath;C:\Windows\system32;C:\Windows;C:\Windows\System32\Wbem;C:\Windows\System32\WindowsPowerShell\v1.0\;C:\Windows\System32\OpenSSH\;C:\Program Files\mingw-w64\x86_64-8.1.0-posix-seh-rt_v6-rev0\mingw64\bin;C:\Users\refrizar.dwiardito\AppData\Local\Programs\Python\Python310\Scripts;C:\Users\refrizar.dwiardito\.jdks\openjdk-21\bin;C:\Program Files\PuTTY\;C:\Program Files\gradle-8.3\bin;C:\Program Files\Git\cmd;C:\Users\refrizar.dwiardito\AppData\Local\Programs\Python\Python310\Scripts\;C:\Users\refrizar.dwiardito\AppData\Local\Programs\Python\Python310\;C:\Users\refrizar.dwiardito\AppData\Local\Microsoft\WindowsApps;;C:\Users\refrizar.dwiardito\AppData\Local\Programs\Microsoft VS Code\bin
USERNAME=refrizar.dwiardito
OS=Windows_NT
PROCESSOR_IDENTIFIER=Intel64 Family 6 Model 61 Stepping 4, GenuineIntel
TMP=C:\Users\REFRIZ~1.DWI\AppData\Local\Temp
TEMP=C:\Users\REFRIZ~1.DWI\AppData\Local\Temp


JNI global refs:
JNI global refs: 8, weak refs: 0

JNI global refs memory usage: 843, weak refs: 841


---------------  S Y S T E M  ---------------

OS:
 Windows 10 , 64 bit Build 19041 (10.0.19041.3393)
OS uptime: 0 days 8:22 hours

CPU: total 4 (initial active 4) (2 cores per cpu, 2 threads per core) family 6 model 61 stepping 4 microcode 0x2f, cx8, cmov, fxsr, ht, mmx, 3dnowpref, sse, sse2, sse3, ssse3, sse4.1, sse4.2, popcnt, lzcnt, tsc, tscinvbit, avx, avx2, aes, erms, clmul, bmi1, bmi2, adx, fma, vzeroupper, clflush

Memory: 4k page, system-wide physical 8083M (384M free)
TotalPageFile size 8083M (AvailPageFile size 5M)
current process WorkingSet (physical memory assigned to process): 216M, peak: 216M
current process commit charge ("private bytes"): 246M, peak: 249M

vm_info: OpenJDK 64-Bit Server VM (17.0.6+0-b2043.56-10027231) for windows-amd64 JRE (17.0.6+0-b2043.56-10027231), built on Apr 28 2023 00:43:19 by "androidbuild" with MS VC++ 16.10 / 16.11 (VS2019)

END.
