#
# There is insufficient memory for the Java Runtime Environment to continue.
# Native memory allocation (mmap) failed to map 1048576 bytes for G1 virtual space
# Possible reasons:
#   The system is out of physical RAM or swap space
#   The process is running with CompressedOops enabled, and the Java Heap may be blocking the growth of the native heap
# Possible solutions:
#   Reduce memory load on the system
#   Increase physical memory or swap space
#   Check if swap backing store is full
#   Decrease Java heap size (-Xmx/-Xms)
#   Decrease number of Java threads
#   Decrease Java thread stack sizes (-Xss)
#   Set larger code cache with -XX:ReservedCodeCacheSize=
#   JVM is running with Unscaled Compressed Oops mode in which the Java heap is
#     placed in the first 4GB address space. The Java Heap base address is the
#     maximum limit for the native heap growth. Please use -XX:HeapBaseMinAddress
#     to set the Java Heap base and to place the Java Heap above 4GB virtual address.
# This output file may be truncated or incomplete.
#
#  Out of Memory Error (os_windows.cpp:3769), pid=6572, tid=7116
#
# JRE version: OpenJDK Runtime Environment (17.0.6) (build 17.0.6+0-b2043.56-10027231)
# Java VM: OpenJDK 64-Bit Server VM (17.0.6+0-b2043.56-10027231, mixed mode, tiered, compressed oops, compressed class ptrs, g1 gc, windows-amd64)
# No core dump will be written. Minidumps are not enabled by default on client versions of Windows
#

---------------  S U M M A R Y ------------

Command Line: --add-opens=java.base/java.util=ALL-UNNAMED --add-opens=java.base/java.lang=ALL-UNNAMED --add-opens=java.base/java.lang.invoke=ALL-UNNAMED --add-opens=java.prefs/java.util.prefs=ALL-UNNAMED --add-opens=java.base/java.nio.charset=ALL-UNNAMED --add-opens=java.base/java.net=ALL-UNNAMED --add-opens=java.base/java.util.concurrent.atomic=ALL-UNNAMED -Xmx2048m -Dfile.encoding=UTF-8 -Duser.country=US -Duser.language=en -Duser.variant org.gradle.launcher.daemon.bootstrap.GradleDaemon 8.0

Host: Intel(R) Core(TM) i5-5200U CPU @ 2.20GHz, 4 cores, 7G,  Windows 10 , 64 bit Build 19041 (10.0.19041.3570)
Time: Sun Oct 15 09:18:53 2023 SE Asia Standard Time elapsed time: 30.256426 seconds (0d 0h 0m 30s)

---------------  T H R E A D  ---------------

Current thread (0x000001a366067630):  GCTaskThread "GC Thread#0" [stack: 0x0000005cb1900000,0x0000005cb1a00000] [id=7116]

Stack: [0x0000005cb1900000,0x0000005cb1a00000]
Native frames: (J=compiled Java code, j=interpreted, Vv=VM code, C=native code)
V  [jvm.dll+0x683c9a]
V  [jvm.dll+0x8427a4]
V  [jvm.dll+0x843f9e]
V  [jvm.dll+0x844603]
V  [jvm.dll+0x249b75]
V  [jvm.dll+0x680b69]
V  [jvm.dll+0x67505a]
V  [jvm.dll+0x309acb]
V  [jvm.dll+0x310f86]
V  [jvm.dll+0x3605cb]
V  [jvm.dll+0x360c04]
V  [jvm.dll+0x360ccd]
V  [jvm.dll+0x2e15f5]
V  [jvm.dll+0x2e1351]
V  [jvm.dll+0x2cf41b]
V  [jvm.dll+0x2d02f9]
V  [jvm.dll+0x2d068e]
V  [jvm.dll+0x2d01fc]
V  [jvm.dll+0x30b3aa]
V  [jvm.dll+0x30b6ec]
V  [jvm.dll+0x30c672]
V  [jvm.dll+0x30c228]
V  [jvm.dll+0x2deec4]
V  [jvm.dll+0x2df57a]
V  [jvm.dll+0x2df677]
V  [jvm.dll+0x2e4c9b]
V  [jvm.dll+0x86fb6b]
V  [jvm.dll+0x86fbb6]
V  [jvm.dll+0x7f274a]
V  [jvm.dll+0x682ad5]
C  [ucrtbase.dll+0x21bb2]
C  [KERNEL32.DLL+0x17344]
C  [ntdll.dll+0x526b1]


---------------  P R O C E S S  ---------------

Threads class SMR info:
_java_thread_list=0x000001a308c2f890, length=96, elements={
0x000001a36600a2f0, 0x000001a37f5c4f60, 0x000001a37f5c5f60, 0x000001a37f6113b0,
0x000001a37f613d80, 0x000001a37f614640, 0x000001a37f614f00, 0x000001a37f615ba0,
0x000001a300990fd0, 0x000001a37f61d590, 0x000001a300a93d70, 0x000001a300a96660,
0x000001a3033f2160, 0x000001a3031b8d50, 0x000001a303466860, 0x000001a30188a2d0,
0x000001a30188c950, 0x000001a30188a7a0, 0x000001a30188bfb0, 0x000001a30188b610,
0x000001a30188bae0, 0x000001a301889930, 0x000001a30188ac70, 0x000001a30188c480,
0x000001a30188b140, 0x000001a30188ce20, 0x000001a301889460, 0x000001a301889e00,
0x000001a3056fdbc0, 0x000001a3057040d0, 0x000001a305703730, 0x000001a305700710,
0x000001a305701a50, 0x000001a3056fd6f0, 0x000001a3056ff8a0, 0x000001a3056fe090,
0x000001a3056fea30, 0x000001a3056ffd70, 0x000001a3056fef00, 0x000001a305702d90,
0x000001a3056ff3d0, 0x000001a305703260, 0x000001a305700be0, 0x000001a305701f20,
0x000001a3057023f0, 0x000001a305701580, 0x000001a305703c00, 0x000001a3068af560,
0x000001a3068b2f20, 0x000001a3068afa30, 0x000001a3068b38c0, 0x000001a3068b2580,
0x000001a3068b1710, 0x000001a3068b33f0, 0x000001a3068ad880, 0x000001a3068aff00,
0x000001a3068b03d0, 0x000001a3068add50, 0x000001a3068ac540, 0x000001a3068b08a0,
0x000001a3068aca10, 0x000001a3068ae6f0, 0x000001a3068b0d70, 0x000001a3068ad3b0,
0x000001a3068ae220, 0x000001a3068ac070, 0x000001a3068acee0, 0x000001a3068aebc0,
0x000001a3068b1240, 0x000001a3068af090, 0x000001a3068b1be0, 0x000001a3068b20b0,
0x000001a3068b2a50, 0x000001a305b29a20, 0x000001a305b29550, 0x000001a305b2d8b0,
0x000001a305b2a3c0, 0x000001a305b2b230, 0x000001a305b2d3e0, 0x000001a305b26ed0,
0x000001a305b2a890, 0x000001a305b2b700, 0x000001a305b2ad60, 0x000001a301fb7ed0,
0x000001a305b2c0a0, 0x000001a305b27d40, 0x000001a305b28210, 0x000001a305b2c570,
0x000001a305b2ca40, 0x000001a300f33700, 0x000001a300f32d60, 0x000001a300f36720,
0x000001a300f33230, 0x000001a300f36250, 0x000001a300f33bd0, 0x000001a300f340a0
}

Java Threads: ( => current thread )
  0x000001a36600a2f0 JavaThread "main" [_thread_blocked, id=9784, stack(0x0000005cb1800000,0x0000005cb1900000)]
  0x000001a37f5c4f60 JavaThread "Reference Handler" daemon [_thread_blocked, id=9520, stack(0x0000005cb1f00000,0x0000005cb2000000)]
  0x000001a37f5c5f60 JavaThread "Finalizer" daemon [_thread_blocked, id=3764, stack(0x0000005cb2000000,0x0000005cb2100000)]
  0x000001a37f6113b0 JavaThread "Signal Dispatcher" daemon [_thread_blocked, id=9024, stack(0x0000005cb2100000,0x0000005cb2200000)]
  0x000001a37f613d80 JavaThread "Attach Listener" daemon [_thread_blocked, id=9352, stack(0x0000005cb2200000,0x0000005cb2300000)]
  0x000001a37f614640 JavaThread "Service Thread" daemon [_thread_blocked, id=2176, stack(0x0000005cb2300000,0x0000005cb2400000)]
  0x000001a37f614f00 JavaThread "Monitor Deflation Thread" daemon [_thread_blocked, id=7240, stack(0x0000005cb2400000,0x0000005cb2500000)]
  0x000001a37f615ba0 JavaThread "C2 CompilerThread0" daemon [_thread_blocked, id=7720, stack(0x0000005cb2500000,0x0000005cb2600000)]
  0x000001a300990fd0 JavaThread "C1 CompilerThread0" daemon [_thread_blocked, id=8628, stack(0x0000005cb2600000,0x0000005cb2700000)]
  0x000001a37f61d590 JavaThread "Sweeper thread" daemon [_thread_blocked, id=4088, stack(0x0000005cb2700000,0x0000005cb2800000)]
  0x000001a300a93d70 JavaThread "Common-Cleaner" daemon [_thread_blocked, id=3652, stack(0x0000005cb2800000,0x0000005cb2900000)]
  0x000001a300a96660 JavaThread "Notification Thread" daemon [_thread_blocked, id=6924, stack(0x0000005cb2900000,0x0000005cb2a00000)]
  0x000001a3033f2160 JavaThread "Daemon health stats" [_thread_blocked, id=1152, stack(0x0000005cb2f00000,0x0000005cb3000000)]
  0x000001a3031b8d50 JavaThread "Incoming local TCP Connector on port 50950" [_thread_in_native, id=8048, stack(0x0000005cb2b00000,0x0000005cb2c00000)]
  0x000001a303466860 JavaThread "Daemon periodic checks" [_thread_blocked, id=8020, stack(0x0000005cb3000000,0x0000005cb3100000)]
  0x000001a30188a2d0 JavaThread "Daemon" [_thread_blocked, id=10028, stack(0x0000005cb3200000,0x0000005cb3300000)]
  0x000001a30188c950 JavaThread "Handler for socket connection from /127.0.0.1:50950 to /127.0.0.1:50951" [_thread_in_native, id=6348, stack(0x0000005cb3300000,0x0000005cb3400000)]
  0x000001a30188a7a0 JavaThread "Cancel handler" [_thread_blocked, id=8780, stack(0x0000005cb3400000,0x0000005cb3500000)]
  0x000001a30188bfb0 JavaThread "Daemon worker" [_thread_blocked, id=5324, stack(0x0000005cb3500000,0x0000005cb3600000)]
  0x000001a30188b610 JavaThread "Asynchronous log dispatcher for DefaultDaemonConnection: socket connection from /127.0.0.1:50950 to /127.0.0.1:50951" [_thread_blocked, id=8072, stack(0x0000005cb3600000,0x0000005cb3700000)]
  0x000001a30188bae0 JavaThread "Stdin handler" [_thread_blocked, id=5388, stack(0x0000005cb3700000,0x0000005cb3800000)]
  0x000001a301889930 JavaThread "Daemon client event forwarder" [_thread_blocked, id=2212, stack(0x0000005cb3800000,0x0000005cb3900000)]
  0x000001a30188ac70 JavaThread "Cache worker for journal cache (C:\Users\refrizar.dwiardito\.jdks\openjdk-21\caches\journal-1)" [_thread_blocked, id=5992, stack(0x0000005cb3900000,0x0000005cb3a00000)]
  0x000001a30188c480 JavaThread "File lock request listener" [_thread_in_native, id=6076, stack(0x0000005cb3a00000,0x0000005cb3b00000)]
  0x000001a30188b140 JavaThread "Cache worker for file hash cache (C:\Users\refrizar.dwiardito\.jdks\openjdk-21\caches\8.0\fileHashes)" [_thread_blocked, id=7336, stack(0x0000005cb3b00000,0x0000005cb3c00000)]
  0x000001a30188ce20 JavaThread "File watcher server" daemon [_thread_blocked, id=5240, stack(0x0000005cb3c00000,0x0000005cb3d00000)]
  0x000001a301889460 JavaThread "File watcher consumer" daemon [_thread_blocked, id=2036, stack(0x0000005cb3d00000,0x0000005cb3e00000)]
  0x000001a301889e00 JavaThread "Cache worker for checksums cache (C:\Users\refrizar.dwiardito\AndroidStudioProjects\Catwell\.gradle\8.0\checksums)" [_thread_blocked, id=7312, stack(0x0000005cb3e00000,0x0000005cb3f00000)]
  0x000001a3056fdbc0 JavaThread "Cache worker for cache directory md-rule (C:\Users\refrizar.dwiardito\.jdks\openjdk-21\caches\8.0\md-rule)" [_thread_blocked, id=4852, stack(0x0000005cb3f00000,0x0000005cb4000000)]
  0x000001a3057040d0 JavaThread "Cache worker for file content cache (C:\Users\refrizar.dwiardito\.jdks\openjdk-21\caches\8.0\fileContent)" [_thread_blocked, id=536, stack(0x0000005cb4000000,0x0000005cb4100000)]
  0x000001a305703730 JavaThread "Cache worker for file hash cache (C:\Users\refrizar.dwiardito\AndroidStudioProjects\Catwell\.gradle\8.0\fileHashes)" [_thread_blocked, id=2940, stack(0x0000005cb4100000,0x0000005cb4200000)]
  0x000001a305700710 JavaThread "Cache worker for cache directory md-supplier (C:\Users\refrizar.dwiardito\.jdks\openjdk-21\caches\8.0\md-supplier)" [_thread_blocked, id=3396, stack(0x0000005cb4200000,0x0000005cb4300000)]
  0x000001a305701a50 JavaThread "Cache worker for execution history cache (C:\Users\refrizar.dwiardito\.jdks\openjdk-21\caches\8.0\executionHistory)" [_thread_blocked, id=9568, stack(0x0000005cb4300000,0x0000005cb4400000)]
  0x000001a3056fd6f0 JavaThread "jar transforms" [_thread_blocked, id=9496, stack(0x0000005cb3100000,0x0000005cb3200000)]
  0x000001a3056ff8a0 JavaThread "jar transforms Thread 2" [_thread_blocked, id=4516, stack(0x0000005cb4500000,0x0000005cb4600000)]
  0x000001a3056fe090 JavaThread "jar transforms Thread 3" [_thread_blocked, id=4924, stack(0x0000005cb4700000,0x0000005cb4800000)]
  0x000001a3056fea30 JavaThread "jar transforms Thread 4" [_thread_blocked, id=9604, stack(0x0000005cb4800000,0x0000005cb4900000)]
  0x000001a3056ffd70 JavaThread "Cache worker for dependencies-accessors (C:\Users\refrizar.dwiardito\AndroidStudioProjects\Catwell\.gradle\8.0\dependencies-accessors)" [_thread_blocked, id=8816, stack(0x0000005cb4900000,0x0000005cb4a00000)]
  0x000001a3056fef00 JavaThread "Cache worker for Build Output Cleanup Cache (C:\Users\refrizar.dwiardito\AndroidStudioProjects\Catwell\.gradle\buildOutputCleanup)" [_thread_blocked, id=4976, stack(0x0000005cb4a00000,0x0000005cb4b00000)]
  0x000001a305702d90 JavaThread "Unconstrained build operations" [_thread_blocked, id=10152, stack(0x0000005cb4b00000,0x0000005cb4c00000)]
  0x000001a3056ff3d0 JavaThread "Unconstrained build operations Thread 2" [_thread_blocked, id=8512, stack(0x0000005cb4c00000,0x0000005cb4d00000)]
  0x000001a305703260 JavaThread "Unconstrained build operations Thread 3" [_thread_blocked, id=8596, stack(0x0000005cb4d00000,0x0000005cb4e00000)]
  0x000001a305700be0 JavaThread "Unconstrained build operations Thread 4" [_thread_blocked, id=8416, stack(0x0000005cb4e00000,0x0000005cb4f00000)]
  0x000001a305701f20 JavaThread "Unconstrained build operations Thread 5" [_thread_blocked, id=7272, stack(0x0000005cb4f00000,0x0000005cb5000000)]
  0x000001a3057023f0 JavaThread "Unconstrained build operations Thread 6" [_thread_blocked, id=10220, stack(0x0000005cb5000000,0x0000005cb5100000)]
  0x000001a305701580 JavaThread "Unconstrained build operations Thread 7" [_thread_blocked, id=9576, stack(0x0000005cb5100000,0x0000005cb5200000)]
  0x000001a305703c00 JavaThread "Unconstrained build operations Thread 8" [_thread_blocked, id=2192, stack(0x0000005cb5200000,0x0000005cb5300000)]
  0x000001a3068af560 JavaThread "Unconstrained build operations Thread 9" [_thread_blocked, id=9384, stack(0x0000005cb5300000,0x0000005cb5400000)]
  0x000001a3068b2f20 JavaThread "Unconstrained build operations Thread 10" [_thread_blocked, id=2564, stack(0x0000005cb5400000,0x0000005cb5500000)]
  0x000001a3068afa30 JavaThread "Unconstrained build operations Thread 11" [_thread_blocked, id=4136, stack(0x0000005cb5500000,0x0000005cb5600000)]
  0x000001a3068b38c0 JavaThread "Unconstrained build operations Thread 12" [_thread_blocked, id=2088, stack(0x0000005cb5600000,0x0000005cb5700000)]
  0x000001a3068b2580 JavaThread "Unconstrained build operations Thread 13" [_thread_blocked, id=9696, stack(0x0000005cb5700000,0x0000005cb5800000)]
  0x000001a3068b1710 JavaThread "Unconstrained build operations Thread 14" [_thread_blocked, id=7812, stack(0x0000005cb5800000,0x0000005cb5900000)]
  0x000001a3068b33f0 JavaThread "Unconstrained build operations Thread 15" [_thread_blocked, id=8588, stack(0x0000005cb5900000,0x0000005cb5a00000)]
  0x000001a3068ad880 JavaThread "Unconstrained build operations Thread 16" [_thread_blocked, id=2308, stack(0x0000005cb5a00000,0x0000005cb5b00000)]
  0x000001a3068aff00 JavaThread "Unconstrained build operations Thread 17" [_thread_blocked, id=768, stack(0x0000005cb5b00000,0x0000005cb5c00000)]
  0x000001a3068b03d0 JavaThread "Unconstrained build operations Thread 18" [_thread_blocked, id=6108, stack(0x0000005cb5c00000,0x0000005cb5d00000)]
  0x000001a3068add50 JavaThread "Unconstrained build operations Thread 19" [_thread_blocked, id=8804, stack(0x0000005cb5d00000,0x0000005cb5e00000)]
  0x000001a3068ac540 JavaThread "Unconstrained build operations Thread 20" [_thread_blocked, id=1792, stack(0x0000005cb5e00000,0x0000005cb5f00000)]
  0x000001a3068b08a0 JavaThread "Unconstrained build operations Thread 21" [_thread_blocked, id=7632, stack(0x0000005cb5f00000,0x0000005cb6000000)]
  0x000001a3068aca10 JavaThread "Unconstrained build operations Thread 22" [_thread_blocked, id=1304, stack(0x0000005cb6000000,0x0000005cb6100000)]
  0x000001a3068ae6f0 JavaThread "Unconstrained build operations Thread 23" [_thread_blocked, id=2640, stack(0x0000005cb6100000,0x0000005cb6200000)]
  0x000001a3068b0d70 JavaThread "Unconstrained build operations Thread 24" [_thread_blocked, id=7308, stack(0x0000005cb6200000,0x0000005cb6300000)]
  0x000001a3068ad3b0 JavaThread "Unconstrained build operations Thread 25" [_thread_blocked, id=1524, stack(0x0000005cb6300000,0x0000005cb6400000)]
  0x000001a3068ae220 JavaThread "Unconstrained build operations Thread 26" [_thread_blocked, id=3080, stack(0x0000005cb6400000,0x0000005cb6500000)]
  0x000001a3068ac070 JavaThread "Unconstrained build operations Thread 27" [_thread_blocked, id=9664, stack(0x0000005cb6500000,0x0000005cb6600000)]
  0x000001a3068acee0 JavaThread "Unconstrained build operations Thread 28" [_thread_blocked, id=8472, stack(0x0000005cb6600000,0x0000005cb6700000)]
  0x000001a3068aebc0 JavaThread "Unconstrained build operations Thread 29" [_thread_blocked, id=10016, stack(0x0000005cb6700000,0x0000005cb6800000)]
  0x000001a3068b1240 JavaThread "Unconstrained build operations Thread 30" [_thread_blocked, id=3656, stack(0x0000005cb6800000,0x0000005cb6900000)]
  0x000001a3068af090 JavaThread "Unconstrained build operations Thread 31" [_thread_blocked, id=3556, stack(0x0000005cb6900000,0x0000005cb6a00000)]
  0x000001a3068b1be0 JavaThread "Unconstrained build operations Thread 32" [_thread_blocked, id=8120, stack(0x0000005cb6a00000,0x0000005cb6b00000)]
  0x000001a3068b20b0 JavaThread "Unconstrained build operations Thread 33" [_thread_blocked, id=6388, stack(0x0000005cb6b00000,0x0000005cb6c00000)]
  0x000001a3068b2a50 JavaThread "Unconstrained build operations Thread 34" [_thread_blocked, id=4248, stack(0x0000005cb6c00000,0x0000005cb6d00000)]
  0x000001a305b29a20 JavaThread "Unconstrained build operations Thread 35" [_thread_blocked, id=928, stack(0x0000005cb6d00000,0x0000005cb6e00000)]
  0x000001a305b29550 JavaThread "Unconstrained build operations Thread 36" [_thread_blocked, id=7704, stack(0x0000005cb6e00000,0x0000005cb6f00000)]
  0x000001a305b2d8b0 JavaThread "Unconstrained build operations Thread 37" [_thread_blocked, id=4172, stack(0x0000005cb6f00000,0x0000005cb7000000)]
  0x000001a305b2a3c0 JavaThread "Unconstrained build operations Thread 38" [_thread_blocked, id=9588, stack(0x0000005cb7000000,0x0000005cb7100000)]
  0x000001a305b2b230 JavaThread "Unconstrained build operations Thread 39" [_thread_blocked, id=7448, stack(0x0000005cb7100000,0x0000005cb7200000)]
  0x000001a305b2d3e0 JavaThread "Unconstrained build operations Thread 40" [_thread_blocked, id=7888, stack(0x0000005cb7200000,0x0000005cb7300000)]
  0x000001a305b26ed0 JavaThread "build event listener" [_thread_blocked, id=3972, stack(0x0000005cb7300000,0x0000005cb7400000)]
  0x000001a305b2a890 JavaThread "Memory manager" [_thread_blocked, id=940, stack(0x0000005cb7400000,0x0000005cb7500000)]
  0x000001a305b2b700 JavaThread "build event listener" [_thread_blocked, id=6940, stack(0x0000005cb7500000,0x0000005cb7600000)]
  0x000001a305b2ad60 JavaThread "build event listener" [_thread_blocked, id=5320, stack(0x0000005cb7600000,0x0000005cb7700000)]
  0x000001a301fb7ed0 JavaThread "C2 CompilerThread1" daemon [_thread_blocked, id=8376, stack(0x0000005cb4400000,0x0000005cb4500000)]
  0x000001a305b2c0a0 JavaThread "included builds" [_thread_blocked, id=7948, stack(0x0000005cb7800000,0x0000005cb7900000)]
  0x000001a305b27d40 JavaThread "Execution worker" [_thread_blocked, id=2072, stack(0x0000005cb7900000,0x0000005cb7a00000)]
  0x000001a305b28210 JavaThread "Execution worker Thread 2" [_thread_blocked, id=1376, stack(0x0000005cb7a00000,0x0000005cb7b00000)]
  0x000001a305b2c570 JavaThread "Execution worker Thread 3" [_thread_blocked, id=4944, stack(0x0000005cb7b00000,0x0000005cb7c00000)]
  0x000001a305b2ca40 JavaThread "Cache worker for execution history cache (C:\Users\refrizar.dwiardito\AndroidStudioProjects\Catwell\.gradle\8.0\executionHistory)" [_thread_blocked, id=9788, stack(0x0000005cb7c00000,0x0000005cb7d00000)]
  0x000001a300f33700 JavaThread "WorkerExecutor Queue" [_thread_blocked, id=1880, stack(0x0000005cb7d00000,0x0000005cb7e00000)]
  0x000001a300f32d60 JavaThread "pool-3-thread-1" [_thread_blocked, id=2396, stack(0x0000005cb7e00000,0x0000005cb7f00000)]
  0x000001a300f36720 JavaThread "stderr" [_thread_in_native, id=6860, stack(0x0000005cb7f00000,0x0000005cb8000000)]
  0x000001a300f33230 JavaThread "stdout" [_thread_in_native, id=8860, stack(0x0000005cb8000000,0x0000005cb8100000)]
  0x000001a300f36250 JavaThread "WorkerExecutor Queue Thread 2" [_thread_blocked, id=6020, stack(0x0000005cb8100000,0x0000005cb8200000)]
  0x000001a300f33bd0 JavaThread "WorkerExecutor Queue Thread 3" [_thread_blocked, id=984, stack(0x0000005cb8200000,0x0000005cb8300000)]
  0x000001a300f340a0 JavaThread "WorkerExecutor Queue Thread 4" [_thread_blocked, id=1568, stack(0x0000005cb8300000,0x0000005cb8400000)]

Other Threads:
  0x000001a37f5f67f0 VMThread "VM Thread" [stack: 0x0000005cb1e00000,0x0000005cb1f00000] [id=7128]
  0x000001a36608d720 WatcherThread [stack: 0x0000005cb2a00000,0x0000005cb2b00000] [id=8508]
=>0x000001a366067630 GCTaskThread "GC Thread#0" [stack: 0x0000005cb1900000,0x0000005cb1a00000] [id=7116]
  0x000001a301107370 GCTaskThread "GC Thread#1" [stack: 0x0000005cb2c00000,0x0000005cb2d00000] [id=7636]
  0x000001a300cf6790 GCTaskThread "GC Thread#2" [stack: 0x0000005cb2d00000,0x0000005cb2e00000] [id=3560]
  0x000001a301993100 GCTaskThread "GC Thread#3" [stack: 0x0000005cb2e00000,0x0000005cb2f00000] [id=9264]
  0x000001a366079c30 ConcurrentGCThread "G1 Main Marker" [stack: 0x0000005cb1a00000,0x0000005cb1b00000] [id=9956]
  0x000001a36607a550 ConcurrentGCThread "G1 Conc#0" [stack: 0x0000005cb1b00000,0x0000005cb1c00000] [id=3708]
  0x000001a37f4400a0 ConcurrentGCThread "G1 Refine#0" [stack: 0x0000005cb1c00000,0x0000005cb1d00000] [id=10104]
  0x000001a3051c5760 ConcurrentGCThread "G1 Refine#1" [stack: 0x0000005cb4600000,0x0000005cb4700000] [id=4424]
  0x000001a30ad266c0 ConcurrentGCThread "G1 Refine#2" [stack: 0x0000005cb7700000,0x0000005cb7800000] [id=7648]
  0x000001a37f4409d0 ConcurrentGCThread "G1 Service" [stack: 0x0000005cb1d00000,0x0000005cb1e00000] [id=7732]

Threads with active compile tasks:
C2 CompilerThread0    30406 12591 %     4       com.android.tools.r8.dex.B::l @ 63 (1921 bytes)
C2 CompilerThread1    30406 12638       4       com.android.tools.r8.dex.B::f (49 bytes)

VM state: at safepoint (normal execution)

VM Mutex/Monitor currently owned by a thread:  ([mutex/lock_event])
[0x000001a363ef8b10] FreeList_lock - owner thread: 0x000001a366067630
[0x000001a366006030] Threads_lock - owner thread: 0x000001a37f5f67f0
[0x000001a3660058e0] Heap_lock - owner thread: 0x000001a300f33bd0

Heap address: 0x0000000080000000, size: 2048 MB, Compressed Oops mode: 32-bit

CDS archive(s) not mapped
Compressed class space mapped at: 0x0000000100000000-0x0000000140000000, reserved size: 1073741824
Narrow klass base: 0x0000000000000000, Narrow klass shift: 3, Narrow klass range: 0x140000000

GC Precious Log:
 CPUs: 4 total, 4 available
 Memory: 8083M
 Large Page Support: Disabled
 NUMA Support: Disabled
 Compressed Oops: Enabled (32-bit)
 Heap Region Size: 1M
 Heap Min Capacity: 8M
 Heap Initial Capacity: 128M
 Heap Max Capacity: 2G
 Pre-touch: Disabled
 Parallel Workers: 4
 Concurrent Workers: 1
 Concurrent Refinement Workers: 4
 Periodic GC: Disabled

Heap:
 garbage-first heap   total 223232K, used 209843K [0x0000000080000000, 0x0000000100000000)
  region size 1024K, 63 young (64512K), 9 survivors (9216K)
 Metaspace       used 101515K, committed 102208K, reserved 1138688K
  class space    used 13809K, committed 14144K, reserved 1048576K

Heap Regions: E=young(eden), S=young(survivor), O=old, HS=humongous(starts), HC=humongous(continues), CS=collection set, F=free, OA=open archive, CA=closed archive, TAMS=top-at-mark-start (previous, next)
|   0|0x0000000080000000, 0x0000000080100000, 0x0000000080100000|100%| O|  |TAMS 0x0000000080100000, 0x0000000080100000| Untracked 
|   1|0x0000000080100000, 0x0000000080200000, 0x0000000080200000|100%| O|  |TAMS 0x0000000080200000, 0x0000000080200000| Untracked 
|   2|0x0000000080200000, 0x0000000080300000, 0x0000000080300000|100%|HS|  |TAMS 0x0000000080300000, 0x0000000080300000| Complete 
|   3|0x0000000080300000, 0x0000000080400000, 0x0000000080400000|100%|HC|  |TAMS 0x0000000080400000, 0x0000000080400000| Complete 
|   4|0x0000000080400000, 0x0000000080500000, 0x0000000080500000|100%|HC|  |TAMS 0x0000000080500000, 0x0000000080500000| Complete 
|   5|0x0000000080500000, 0x0000000080600000, 0x0000000080600000|100%|HC|  |TAMS 0x0000000080600000, 0x0000000080600000| Complete 
|   6|0x0000000080600000, 0x0000000080700000, 0x0000000080700000|100%| O|  |TAMS 0x0000000080700000, 0x0000000080700000| Untracked 
|   7|0x0000000080700000, 0x0000000080800000, 0x0000000080800000|100%| O|  |TAMS 0x0000000080800000, 0x0000000080800000| Untracked 
|   8|0x0000000080800000, 0x0000000080900000, 0x0000000080900000|100%| O|  |TAMS 0x0000000080900000, 0x0000000080900000| Untracked 
|   9|0x0000000080900000, 0x0000000080a00000, 0x0000000080a00000|100%| O|  |TAMS 0x0000000080a00000, 0x0000000080a00000| Untracked 
|  10|0x0000000080a00000, 0x0000000080b00000, 0x0000000080b00000|100%| O|  |TAMS 0x0000000080b00000, 0x0000000080b00000| Untracked 
|  11|0x0000000080b00000, 0x0000000080c00000, 0x0000000080c00000|100%| O|  |TAMS 0x0000000080c00000, 0x0000000080c00000| Untracked 
|  12|0x0000000080c00000, 0x0000000080d00000, 0x0000000080d00000|100%| O|  |TAMS 0x0000000080d00000, 0x0000000080d00000| Untracked 
|  13|0x0000000080d00000, 0x0000000080e00000, 0x0000000080e00000|100%| O|  |TAMS 0x0000000080e00000, 0x0000000080e00000| Untracked 
|  14|0x0000000080e00000, 0x0000000080f00000, 0x0000000080f00000|100%| O|  |TAMS 0x0000000080f00000, 0x0000000080f00000| Untracked 
|  15|0x0000000080f00000, 0x0000000081000000, 0x0000000081000000|100%| O|  |TAMS 0x0000000081000000, 0x0000000081000000| Untracked 
|  16|0x0000000081000000, 0x0000000081100000, 0x0000000081100000|100%| O|  |TAMS 0x0000000081100000, 0x0000000081100000| Untracked 
|  17|0x0000000081100000, 0x0000000081200000, 0x0000000081200000|100%| O|  |TAMS 0x0000000081200000, 0x0000000081200000| Untracked 
|  18|0x0000000081200000, 0x0000000081300000, 0x0000000081300000|100%| O|  |TAMS 0x0000000081300000, 0x0000000081300000| Untracked 
|  19|0x0000000081300000, 0x0000000081400000, 0x0000000081400000|100%| O|  |TAMS 0x0000000081400000, 0x0000000081400000| Untracked 
|  20|0x0000000081400000, 0x0000000081500000, 0x0000000081500000|100%| O|  |TAMS 0x0000000081500000, 0x0000000081500000| Untracked 
|  21|0x0000000081500000, 0x0000000081600000, 0x0000000081600000|100%| O|  |TAMS 0x0000000081600000, 0x0000000081600000| Untracked 
|  22|0x0000000081600000, 0x0000000081700000, 0x0000000081700000|100%| O|  |TAMS 0x0000000081700000, 0x0000000081700000| Untracked 
|  23|0x0000000081700000, 0x0000000081800000, 0x0000000081800000|100%| O|  |TAMS 0x0000000081800000, 0x0000000081800000| Untracked 
|  24|0x0000000081800000, 0x0000000081900000, 0x0000000081900000|100%| O|  |TAMS 0x0000000081900000, 0x0000000081900000| Untracked 
|  25|0x0000000081900000, 0x0000000081a00000, 0x0000000081a00000|100%|HS|  |TAMS 0x0000000081a00000, 0x0000000081a00000| Complete 
|  26|0x0000000081a00000, 0x0000000081b00000, 0x0000000081b00000|100%| O|  |TAMS 0x0000000081b00000, 0x0000000081b00000| Untracked 
|  27|0x0000000081b00000, 0x0000000081c00000, 0x0000000081c00000|100%| O|  |TAMS 0x0000000081c00000, 0x0000000081c00000| Untracked 
|  28|0x0000000081c00000, 0x0000000081d00000, 0x0000000081d00000|100%| O|  |TAMS 0x0000000081d00000, 0x0000000081d00000| Untracked 
|  29|0x0000000081d00000, 0x0000000081e00000, 0x0000000081e00000|100%| O|  |TAMS 0x0000000081e00000, 0x0000000081e00000| Untracked 
|  30|0x0000000081e00000, 0x0000000081f00000, 0x0000000081f00000|100%| O|  |TAMS 0x0000000081f00000, 0x0000000081f00000| Untracked 
|  31|0x0000000081f00000, 0x0000000082000000, 0x0000000082000000|100%| O|  |TAMS 0x0000000082000000, 0x0000000082000000| Untracked 
|  32|0x0000000082000000, 0x0000000082100000, 0x0000000082100000|100%| O|  |TAMS 0x0000000082100000, 0x0000000082100000| Untracked 
|  33|0x0000000082100000, 0x0000000082200000, 0x0000000082200000|100%| O|  |TAMS 0x0000000082200000, 0x0000000082200000| Untracked 
|  34|0x0000000082200000, 0x0000000082300000, 0x0000000082300000|100%|HS|  |TAMS 0x0000000082300000, 0x0000000082300000| Complete 
|  35|0x0000000082300000, 0x0000000082400000, 0x0000000082400000|100%|HC|  |TAMS 0x0000000082400000, 0x0000000082400000| Complete 
|  36|0x0000000082400000, 0x0000000082500000, 0x0000000082500000|100%| O|  |TAMS 0x0000000082500000, 0x0000000082500000| Untracked 
|  37|0x0000000082500000, 0x0000000082600000, 0x0000000082600000|100%| O|  |TAMS 0x0000000082600000, 0x0000000082600000| Untracked 
|  38|0x0000000082600000, 0x0000000082700000, 0x0000000082700000|100%| O|  |TAMS 0x0000000082700000, 0x0000000082700000| Untracked 
|  39|0x0000000082700000, 0x0000000082800000, 0x0000000082800000|100%|HS|  |TAMS 0x0000000082800000, 0x0000000082800000| Complete 
|  40|0x0000000082800000, 0x0000000082900000, 0x0000000082900000|100%|HS|  |TAMS 0x0000000082900000, 0x0000000082900000| Complete 
|  41|0x0000000082900000, 0x0000000082a00000, 0x0000000082a00000|100%|HS|  |TAMS 0x0000000082a00000, 0x0000000082a00000| Complete 
|  42|0x0000000082a00000, 0x0000000082b00000, 0x0000000082b00000|100%|HC|  |TAMS 0x0000000082b00000, 0x0000000082b00000| Complete 
|  43|0x0000000082b00000, 0x0000000082c00000, 0x0000000082c00000|100%|HC|  |TAMS 0x0000000082c00000, 0x0000000082c00000| Complete 
|  44|0x0000000082c00000, 0x0000000082d00000, 0x0000000082d00000|100%|HC|  |TAMS 0x0000000082d00000, 0x0000000082d00000| Complete 
|  45|0x0000000082d00000, 0x0000000082e00000, 0x0000000082e00000|100%| O|  |TAMS 0x0000000082e00000, 0x0000000082e00000| Untracked 
|  46|0x0000000082e00000, 0x0000000082f00000, 0x0000000082f00000|100%| O|  |TAMS 0x0000000082f00000, 0x0000000082f00000| Untracked 
|  47|0x0000000082f00000, 0x0000000083000000, 0x0000000083000000|100%| O|  |TAMS 0x0000000083000000, 0x0000000083000000| Untracked 
|  48|0x0000000083000000, 0x0000000083100000, 0x0000000083100000|100%| O|  |TAMS 0x0000000083100000, 0x0000000083100000| Untracked 
|  49|0x0000000083100000, 0x0000000083200000, 0x0000000083200000|100%| O|  |TAMS 0x0000000083200000, 0x0000000083200000| Untracked 
|  50|0x0000000083200000, 0x0000000083300000, 0x0000000083300000|100%|HS|  |TAMS 0x0000000083200000, 0x0000000083300000| Complete 
|  51|0x0000000083300000, 0x0000000083400000, 0x0000000083400000|100%| O|  |TAMS 0x0000000083400000, 0x0000000083400000| Untracked 
|  52|0x0000000083400000, 0x0000000083500000, 0x0000000083500000|100%| O|  |TAMS 0x0000000083500000, 0x0000000083500000| Untracked 
|  53|0x0000000083500000, 0x0000000083600000, 0x0000000083600000|100%| O|  |TAMS 0x0000000083600000, 0x0000000083600000| Untracked 
|  54|0x0000000083600000, 0x0000000083700000, 0x0000000083700000|100%| O|  |TAMS 0x0000000083700000, 0x0000000083700000| Untracked 
|  55|0x0000000083700000, 0x0000000083800000, 0x0000000083800000|100%| O|  |TAMS 0x0000000083800000, 0x0000000083800000| Untracked 
|  56|0x0000000083800000, 0x0000000083900000, 0x0000000083900000|100%| O|  |TAMS 0x0000000083900000, 0x0000000083900000| Untracked 
|  57|0x0000000083900000, 0x0000000083a00000, 0x0000000083a00000|100%| O|  |TAMS 0x0000000083a00000, 0x0000000083a00000| Untracked 
|  58|0x0000000083a00000, 0x0000000083b00000, 0x0000000083b00000|100%| O|  |TAMS 0x0000000083b00000, 0x0000000083b00000| Untracked 
|  59|0x0000000083b00000, 0x0000000083c00000, 0x0000000083c00000|100%| O|  |TAMS 0x0000000083c00000, 0x0000000083c00000| Untracked 
|  60|0x0000000083c00000, 0x0000000083d00000, 0x0000000083d00000|100%| O|  |TAMS 0x0000000083d00000, 0x0000000083d00000| Untracked 
|  61|0x0000000083d00000, 0x0000000083e00000, 0x0000000083e00000|100%| O|  |TAMS 0x0000000083e00000, 0x0000000083e00000| Untracked 
|  62|0x0000000083e00000, 0x0000000083f00000, 0x0000000083f00000|100%| O|  |TAMS 0x0000000083f00000, 0x0000000083f00000| Untracked 
|  63|0x0000000083f00000, 0x0000000084000000, 0x0000000084000000|100%| O|  |TAMS 0x0000000084000000, 0x0000000084000000| Untracked 
|  64|0x0000000084000000, 0x0000000084100000, 0x0000000084100000|100%| O|  |TAMS 0x0000000084100000, 0x0000000084100000| Untracked 
|  65|0x0000000084100000, 0x0000000084200000, 0x0000000084200000|100%| O|  |TAMS 0x0000000084200000, 0x0000000084200000| Untracked 
|  66|0x0000000084200000, 0x0000000084300000, 0x0000000084300000|100%| O|  |TAMS 0x0000000084300000, 0x0000000084300000| Untracked 
|  67|0x0000000084300000, 0x0000000084400000, 0x0000000084400000|100%| O|  |TAMS 0x0000000084400000, 0x0000000084400000| Untracked 
|  68|0x0000000084400000, 0x0000000084500000, 0x0000000084500000|100%| O|  |TAMS 0x0000000084500000, 0x0000000084500000| Untracked 
|  69|0x0000000084500000, 0x0000000084600000, 0x0000000084600000|100%| O|  |TAMS 0x0000000084600000, 0x0000000084600000| Untracked 
|  70|0x0000000084600000, 0x0000000084700000, 0x0000000084700000|100%| O|  |TAMS 0x0000000084700000, 0x0000000084700000| Untracked 
|  71|0x0000000084700000, 0x0000000084800000, 0x0000000084800000|100%| O|  |TAMS 0x0000000084800000, 0x0000000084800000| Untracked 
|  72|0x0000000084800000, 0x0000000084900000, 0x0000000084900000|100%| O|  |TAMS 0x0000000084900000, 0x0000000084900000| Untracked 
|  73|0x0000000084900000, 0x0000000084a00000, 0x0000000084a00000|100%| O|  |TAMS 0x0000000084a00000, 0x0000000084a00000| Untracked 
|  74|0x0000000084a00000, 0x0000000084b00000, 0x0000000084b00000|100%| O|  |TAMS 0x0000000084b00000, 0x0000000084b00000| Untracked 
|  75|0x0000000084b00000, 0x0000000084c00000, 0x0000000084c00000|100%| O|  |TAMS 0x0000000084c00000, 0x0000000084c00000| Untracked 
|  76|0x0000000084c00000, 0x0000000084d00000, 0x0000000084d00000|100%| O|  |TAMS 0x0000000084d00000, 0x0000000084d00000| Untracked 
|  77|0x0000000084d00000, 0x0000000084e00000, 0x0000000084e00000|100%| O|  |TAMS 0x0000000084e00000, 0x0000000084e00000| Untracked 
|  78|0x0000000084e00000, 0x0000000084f00000, 0x0000000084f00000|100%| O|  |TAMS 0x0000000084f00000, 0x0000000084f00000| Untracked 
|  79|0x0000000084f00000, 0x0000000085000000, 0x0000000085000000|100%| O|  |TAMS 0x0000000085000000, 0x0000000085000000| Untracked 
|  80|0x0000000085000000, 0x0000000085100000, 0x0000000085100000|100%| O|  |TAMS 0x0000000085100000, 0x0000000085100000| Untracked 
|  81|0x0000000085100000, 0x0000000085200000, 0x0000000085200000|100%| O|  |TAMS 0x0000000085200000, 0x0000000085200000| Untracked 
|  82|0x0000000085200000, 0x0000000085300000, 0x0000000085300000|100%| O|  |TAMS 0x0000000085300000, 0x0000000085300000| Untracked 
|  83|0x0000000085300000, 0x0000000085400000, 0x0000000085400000|100%| O|  |TAMS 0x0000000085400000, 0x0000000085400000| Untracked 
|  84|0x0000000085400000, 0x0000000085500000, 0x0000000085500000|100%| O|  |TAMS 0x0000000085500000, 0x0000000085500000| Untracked 
|  85|0x0000000085500000, 0x0000000085600000, 0x0000000085600000|100%| O|  |TAMS 0x0000000085600000, 0x0000000085600000| Untracked 
|  86|0x0000000085600000, 0x0000000085700000, 0x0000000085700000|100%| O|  |TAMS 0x0000000085700000, 0x0000000085700000| Untracked 
|  87|0x0000000085700000, 0x0000000085800000, 0x0000000085800000|100%| O|  |TAMS 0x0000000085800000, 0x0000000085800000| Untracked 
|  88|0x0000000085800000, 0x0000000085900000, 0x0000000085900000|100%| O|  |TAMS 0x0000000085900000, 0x0000000085900000| Untracked 
|  89|0x0000000085900000, 0x0000000085a00000, 0x0000000085a00000|100%| O|  |TAMS 0x0000000085a00000, 0x0000000085a00000| Untracked 
|  90|0x0000000085a00000, 0x0000000085b00000, 0x0000000085b00000|100%| O|  |TAMS 0x0000000085b00000, 0x0000000085b00000| Untracked 
|  91|0x0000000085b00000, 0x0000000085c00000, 0x0000000085c00000|100%| O|  |TAMS 0x0000000085c00000, 0x0000000085c00000| Untracked 
|  92|0x0000000085c00000, 0x0000000085d00000, 0x0000000085d00000|100%| O|  |TAMS 0x0000000085d00000, 0x0000000085d00000| Untracked 
|  93|0x0000000085d00000, 0x0000000085e00000, 0x0000000085e00000|100%|HS|  |TAMS 0x0000000085d00000, 0x0000000085e00000| Complete 
|  94|0x0000000085e00000, 0x0000000085f00000, 0x0000000085f00000|100%| O|  |TAMS 0x0000000085f00000, 0x0000000085f00000| Untracked 
|  95|0x0000000085f00000, 0x0000000086000000, 0x0000000086000000|100%| O|  |TAMS 0x0000000085f7be00, 0x0000000086000000| Untracked 
|  96|0x0000000086000000, 0x0000000086100000, 0x0000000086100000|100%| O|  |TAMS 0x0000000086000000, 0x0000000086100000| Untracked 
|  97|0x0000000086100000, 0x0000000086200000, 0x0000000086200000|100%| O|  |TAMS 0x0000000086100000, 0x0000000086200000| Untracked 
|  98|0x0000000086200000, 0x0000000086300000, 0x0000000086300000|100%| O|  |TAMS 0x0000000086200000, 0x0000000086300000| Untracked 
|  99|0x0000000086300000, 0x0000000086400000, 0x0000000086400000|100%| O|  |TAMS 0x0000000086300000, 0x0000000086400000| Untracked 
| 100|0x0000000086400000, 0x0000000086500000, 0x0000000086500000|100%| O|  |TAMS 0x0000000086400000, 0x0000000086500000| Untracked 
| 101|0x0000000086500000, 0x0000000086600000, 0x0000000086600000|100%| O|  |TAMS 0x0000000086500000, 0x0000000086600000| Untracked 
| 102|0x0000000086600000, 0x0000000086700000, 0x0000000086700000|100%| O|  |TAMS 0x0000000086600000, 0x0000000086700000| Untracked 
| 103|0x0000000086700000, 0x0000000086800000, 0x0000000086800000|100%| O|  |TAMS 0x0000000086700000, 0x0000000086800000| Untracked 
| 104|0x0000000086800000, 0x0000000086900000, 0x0000000086900000|100%| O|  |TAMS 0x0000000086800000, 0x0000000086900000| Untracked 
| 105|0x0000000086900000, 0x0000000086a00000, 0x0000000086a00000|100%| O|  |TAMS 0x0000000086900000, 0x0000000086a00000| Untracked 
| 106|0x0000000086a00000, 0x0000000086b00000, 0x0000000086b00000|100%| O|  |TAMS 0x0000000086a00000, 0x0000000086b00000| Untracked 
| 107|0x0000000086b00000, 0x0000000086c00000, 0x0000000086c00000|100%| O|  |TAMS 0x0000000086b00000, 0x0000000086c00000| Untracked 
| 108|0x0000000086c00000, 0x0000000086d00000, 0x0000000086d00000|100%| O|  |TAMS 0x0000000086c00000, 0x0000000086d00000| Untracked 
| 109|0x0000000086d00000, 0x0000000086e00000, 0x0000000086e00000|100%| O|  |TAMS 0x0000000086d00000, 0x0000000086e00000| Untracked 
| 110|0x0000000086e00000, 0x0000000086f00000, 0x0000000086f00000|100%|HS|  |TAMS 0x0000000086e00000, 0x0000000086f00000| Complete 
| 111|0x0000000086f00000, 0x0000000087000000, 0x0000000087000000|100%|HC|  |TAMS 0x0000000086f00000, 0x0000000087000000| Complete 
| 112|0x0000000087000000, 0x0000000087100000, 0x0000000087100000|100%|HS|  |TAMS 0x0000000087000000, 0x0000000087100000| Complete 
| 113|0x0000000087100000, 0x0000000087200000, 0x0000000087200000|100%|HS|  |TAMS 0x0000000087100000, 0x0000000087200000| Complete 
| 114|0x0000000087200000, 0x0000000087300000, 0x0000000087300000|100%|HC|  |TAMS 0x0000000087200000, 0x0000000087300000| Complete 
| 115|0x0000000087300000, 0x0000000087400000, 0x0000000087400000|100%|HS|  |TAMS 0x0000000087300000, 0x0000000087400000| Complete 
| 116|0x0000000087400000, 0x0000000087500000, 0x0000000087500000|100%|HC|  |TAMS 0x0000000087400000, 0x0000000087500000| Complete 
| 117|0x0000000087500000, 0x0000000087600000, 0x0000000087600000|100%|HS|  |TAMS 0x0000000087500000, 0x0000000087600000| Complete 
| 118|0x0000000087600000, 0x0000000087700000, 0x0000000087700000|100%|HC|  |TAMS 0x0000000087600000, 0x0000000087700000| Complete 
| 119|0x0000000087700000, 0x0000000087800000, 0x0000000087800000|100%|HC|  |TAMS 0x0000000087700000, 0x0000000087800000| Complete 
| 120|0x0000000087800000, 0x0000000087900000, 0x0000000087900000|100%|HS|  |TAMS 0x0000000087800000, 0x0000000087900000| Complete 
| 121|0x0000000087900000, 0x0000000087a00000, 0x0000000087a00000|100%|HS|  |TAMS 0x0000000087900000, 0x0000000087a00000| Complete 
| 122|0x0000000087a00000, 0x0000000087b00000, 0x0000000087b00000|100%|HC|  |TAMS 0x0000000087a00000, 0x0000000087b00000| Complete 
| 123|0x0000000087b00000, 0x0000000087c00000, 0x0000000087c00000|100%|HS|  |TAMS 0x0000000087b00000, 0x0000000087c00000| Complete 
| 124|0x0000000087c00000, 0x0000000087d00000, 0x0000000087d00000|100%|HC|  |TAMS 0x0000000087c00000, 0x0000000087d00000| Complete 
| 125|0x0000000087d00000, 0x0000000087e00000, 0x0000000087e00000|100%|HS|  |TAMS 0x0000000087d00000, 0x0000000087e00000| Complete 
| 126|0x0000000087e00000, 0x0000000087f00000, 0x0000000087f00000|100%|HS|  |TAMS 0x0000000087e00000, 0x0000000087f00000| Complete 
| 127|0x0000000087f00000, 0x0000000088000000, 0x0000000088000000|100%|HS|  |TAMS 0x0000000087f00000, 0x0000000088000000| Complete 
| 128|0x0000000088000000, 0x0000000088100000, 0x0000000088100000|100%|HS|  |TAMS 0x0000000088000000, 0x0000000088100000| Complete 
| 129|0x0000000088100000, 0x0000000088200000, 0x0000000088200000|100%|HS|  |TAMS 0x0000000088100000, 0x0000000088200000| Complete 
| 130|0x0000000088200000, 0x0000000088300000, 0x0000000088300000|100%|HS|  |TAMS 0x0000000088200000, 0x0000000088300000| Complete 
| 131|0x0000000088300000, 0x0000000088400000, 0x0000000088400000|100%|HS|  |TAMS 0x0000000088300000, 0x0000000088400000| Complete 
| 132|0x0000000088400000, 0x0000000088500000, 0x0000000088500000|100%|HS|  |TAMS 0x0000000088400000, 0x0000000088500000| Complete 
| 133|0x0000000088500000, 0x0000000088600000, 0x0000000088600000|100%|HC|  |TAMS 0x0000000088500000, 0x0000000088600000| Complete 
| 134|0x0000000088600000, 0x0000000088700000, 0x0000000088700000|100%|HS|  |TAMS 0x0000000088600000, 0x0000000088700000| Complete 
| 135|0x0000000088700000, 0x0000000088800000, 0x0000000088800000|100%|HC|  |TAMS 0x0000000088700000, 0x0000000088800000| Complete 
| 136|0x0000000088800000, 0x0000000088900000, 0x0000000088900000|100%|HS|  |TAMS 0x0000000088800000, 0x0000000088900000| Complete 
| 137|0x0000000088900000, 0x0000000088a00000, 0x0000000088a00000|100%|HS|  |TAMS 0x0000000088900000, 0x0000000088a00000| Complete 
| 138|0x0000000088a00000, 0x0000000088b00000, 0x0000000088b00000|100%|HC|  |TAMS 0x0000000088a00000, 0x0000000088b00000| Complete 
| 139|0x0000000088b00000, 0x0000000088c00000, 0x0000000088c00000|100%|HS|  |TAMS 0x0000000088b00000, 0x0000000088c00000| Complete 
| 140|0x0000000088c00000, 0x0000000088d00000, 0x0000000088d00000|100%|HC|  |TAMS 0x0000000088c00000, 0x0000000088d00000| Complete 
| 141|0x0000000088d00000, 0x0000000088e00000, 0x0000000088e00000|100%|HS|  |TAMS 0x0000000088d00000, 0x0000000088e00000| Complete 
| 142|0x0000000088e00000, 0x0000000088f00000, 0x0000000088f00000|100%|HS|  |TAMS 0x0000000088e00000, 0x0000000088f00000| Complete 
| 143|0x0000000088f00000, 0x0000000089000000, 0x0000000089000000|100%|HC|  |TAMS 0x0000000088f00000, 0x0000000089000000| Complete 
| 144|0x0000000089000000, 0x0000000089100000, 0x0000000089100000|100%|HS|  |TAMS 0x0000000089000000, 0x0000000089100000| Complete 
| 145|0x0000000089100000, 0x0000000089200000, 0x0000000089200000|100%|HC|  |TAMS 0x0000000089100000, 0x0000000089200000| Complete 
| 146|0x0000000089200000, 0x0000000089300000, 0x0000000089300000|100%|HC|  |TAMS 0x0000000089200000, 0x0000000089300000| Complete 
| 147|0x0000000089300000, 0x0000000089400000, 0x0000000089400000|100%|HS|  |TAMS 0x0000000089300000, 0x0000000089400000| Complete 
| 148|0x0000000089400000, 0x0000000089500000, 0x0000000089500000|100%|HC|  |TAMS 0x0000000089400000, 0x0000000089500000| Complete 
| 149|0x0000000089500000, 0x0000000089600000, 0x0000000089600000|100%|HC|  |TAMS 0x0000000089500000, 0x0000000089600000| Complete 
| 150|0x0000000089600000, 0x0000000089700000, 0x0000000089700000|100%| S|  |TAMS 0x0000000089600000, 0x0000000089600000| Complete 
| 151|0x0000000089700000, 0x0000000089800000, 0x0000000089800000|100%| S|  |TAMS 0x0000000089700000, 0x0000000089700000| Complete 
| 152|0x0000000089800000, 0x0000000089900000, 0x0000000089900000|100%| S|  |TAMS 0x0000000089800000, 0x0000000089800000| Complete 
| 153|0x0000000089900000, 0x0000000089a00000, 0x0000000089a00000|100%| S|  |TAMS 0x0000000089900000, 0x0000000089900000| Complete 
| 154|0x0000000089a00000, 0x0000000089b00000, 0x0000000089b00000|100%| S|  |TAMS 0x0000000089a00000, 0x0000000089a00000| Complete 
| 155|0x0000000089b00000, 0x0000000089c00000, 0x0000000089c00000|100%| S|  |TAMS 0x0000000089b00000, 0x0000000089b00000| Complete 
| 156|0x0000000089c00000, 0x0000000089d00000, 0x0000000089d00000|100%| S|  |TAMS 0x0000000089c00000, 0x0000000089c00000| Complete 
| 157|0x0000000089d00000, 0x0000000089e00000, 0x0000000089e00000|100%| S|  |TAMS 0x0000000089d00000, 0x0000000089d00000| Complete 
| 158|0x0000000089e00000, 0x0000000089f00000, 0x0000000089f00000|100%| E|CS|TAMS 0x0000000089e00000, 0x0000000089f00000| Complete 
| 159|0x0000000089f00000, 0x000000008a000000, 0x000000008a000000|100%| E|CS|TAMS 0x0000000089f00000, 0x000000008a000000| Complete 
| 160|0x000000008a000000, 0x000000008a100000, 0x000000008a100000|100%| E|CS|TAMS 0x000000008a000000, 0x000000008a100000| Complete 
| 161|0x000000008a100000, 0x000000008a200000, 0x000000008a200000|100%| E|CS|TAMS 0x000000008a100000, 0x000000008a200000| Complete 
| 162|0x000000008a200000, 0x000000008a300000, 0x000000008a300000|100%| E|CS|TAMS 0x000000008a200000, 0x000000008a300000| Complete 
| 163|0x000000008a300000, 0x000000008a400000, 0x000000008a400000|100%| E|CS|TAMS 0x000000008a300000, 0x000000008a400000| Complete 
| 164|0x000000008a400000, 0x000000008a500000, 0x000000008a500000|100%| E|CS|TAMS 0x000000008a400000, 0x000000008a500000| Complete 
| 165|0x000000008a500000, 0x000000008a600000, 0x000000008a600000|100%| E|CS|TAMS 0x000000008a500000, 0x000000008a600000| Complete 
| 166|0x000000008a600000, 0x000000008a700000, 0x000000008a700000|100%| E|CS|TAMS 0x000000008a600000, 0x000000008a700000| Complete 
| 167|0x000000008a700000, 0x000000008a800000, 0x000000008a800000|100%| E|CS|TAMS 0x000000008a700000, 0x000000008a800000| Complete 
| 168|0x000000008a800000, 0x000000008a900000, 0x000000008a900000|100%| E|CS|TAMS 0x000000008a800000, 0x000000008a900000| Complete 
| 169|0x000000008a900000, 0x000000008aa00000, 0x000000008aa00000|100%| E|CS|TAMS 0x000000008a900000, 0x000000008aa00000| Complete 
| 170|0x000000008aa00000, 0x000000008ab00000, 0x000000008ab00000|100%| E|CS|TAMS 0x000000008aa00000, 0x000000008ab00000| Complete 
| 171|0x000000008ab00000, 0x000000008ac00000, 0x000000008ac00000|100%| E|CS|TAMS 0x000000008ab00000, 0x000000008ac00000| Complete 
| 172|0x000000008ac00000, 0x000000008ad00000, 0x000000008ad00000|100%| E|CS|TAMS 0x000000008ac00000, 0x000000008ad00000| Complete 
| 173|0x000000008ad00000, 0x000000008ae00000, 0x000000008ae00000|100%| E|CS|TAMS 0x000000008ad00000, 0x000000008ae00000| Complete 
| 174|0x000000008ae00000, 0x000000008af00000, 0x000000008af00000|100%| E|CS|TAMS 0x000000008ae00000, 0x000000008af00000| Complete 
| 175|0x000000008af00000, 0x000000008b000000, 0x000000008b000000|100%| E|CS|TAMS 0x000000008af00000, 0x000000008b000000| Complete 
| 176|0x000000008b000000, 0x000000008b100000, 0x000000008b100000|100%| E|CS|TAMS 0x000000008b000000, 0x000000008b100000| Complete 
| 177|0x000000008b100000, 0x000000008b200000, 0x000000008b200000|100%| E|CS|TAMS 0x000000008b100000, 0x000000008b200000| Complete 
| 178|0x000000008b200000, 0x000000008b300000, 0x000000008b300000|100%| E|CS|TAMS 0x000000008b200000, 0x000000008b300000| Complete 
| 179|0x000000008b300000, 0x000000008b400000, 0x000000008b400000|100%| E|CS|TAMS 0x000000008b300000, 0x000000008b400000| Complete 
| 180|0x000000008b400000, 0x000000008b500000, 0x000000008b500000|100%| E|CS|TAMS 0x000000008b400000, 0x000000008b500000| Complete 
| 181|0x000000008b500000, 0x000000008b600000, 0x000000008b600000|100%| E|CS|TAMS 0x000000008b500000, 0x000000008b600000| Complete 
| 182|0x000000008b600000, 0x000000008b700000, 0x000000008b700000|100%| E|CS|TAMS 0x000000008b600000, 0x000000008b700000| Complete 
| 183|0x000000008b700000, 0x000000008b800000, 0x000000008b800000|100%| E|CS|TAMS 0x000000008b700000, 0x000000008b800000| Complete 
| 184|0x000000008b800000, 0x000000008b900000, 0x000000008b900000|100%| E|CS|TAMS 0x000000008b800000, 0x000000008b900000| Complete 
| 185|0x000000008b900000, 0x000000008ba00000, 0x000000008ba00000|100%| E|CS|TAMS 0x000000008b900000, 0x000000008ba00000| Complete 
| 186|0x000000008ba00000, 0x000000008bb00000, 0x000000008bb00000|100%| E|CS|TAMS 0x000000008ba00000, 0x000000008bb00000| Complete 
| 187|0x000000008bb00000, 0x000000008bc00000, 0x000000008bc00000|100%| E|CS|TAMS 0x000000008bb00000, 0x000000008bc00000| Complete 
| 188|0x000000008bc00000, 0x000000008bd00000, 0x000000008bd00000|100%| E|CS|TAMS 0x000000008bc00000, 0x000000008bd00000| Complete 
| 189|0x000000008bd00000, 0x000000008be00000, 0x000000008be00000|100%| E|CS|TAMS 0x000000008bd00000, 0x000000008be00000| Complete 
| 190|0x000000008be00000, 0x000000008bf00000, 0x000000008bf00000|100%| E|CS|TAMS 0x000000008be00000, 0x000000008bf00000| Complete 
| 191|0x000000008bf00000, 0x000000008c000000, 0x000000008c000000|100%| E|CS|TAMS 0x000000008bf00000, 0x000000008c000000| Complete 
| 192|0x000000008c000000, 0x000000008c100000, 0x000000008c100000|100%| E|CS|TAMS 0x000000008c000000, 0x000000008c100000| Complete 
| 193|0x000000008c100000, 0x000000008c200000, 0x000000008c200000|100%| E|CS|TAMS 0x000000008c100000, 0x000000008c200000| Complete 
| 194|0x000000008c200000, 0x000000008c300000, 0x000000008c300000|100%| E|CS|TAMS 0x000000008c200000, 0x000000008c300000| Complete 
| 195|0x000000008c300000, 0x000000008c400000, 0x000000008c400000|100%| E|CS|TAMS 0x000000008c300000, 0x000000008c400000| Complete 
| 196|0x000000008c400000, 0x000000008c500000, 0x000000008c500000|100%| E|CS|TAMS 0x000000008c400000, 0x000000008c500000| Complete 
| 197|0x000000008c500000, 0x000000008c600000, 0x000000008c600000|100%| E|CS|TAMS 0x000000008c500000, 0x000000008c600000| Complete 
| 198|0x000000008c600000, 0x000000008c700000, 0x000000008c700000|100%| E|CS|TAMS 0x000000008c600000, 0x000000008c700000| Complete 
| 199|0x000000008c700000, 0x000000008c800000, 0x000000008c800000|100%| E|CS|TAMS 0x000000008c700000, 0x000000008c800000| Complete 
| 200|0x000000008c800000, 0x000000008c900000, 0x000000008c900000|100%| E|CS|TAMS 0x000000008c800000, 0x000000008c900000| Complete 
| 201|0x000000008c900000, 0x000000008ca00000, 0x000000008ca00000|100%| E|CS|TAMS 0x000000008c900000, 0x000000008ca00000| Complete 
| 202|0x000000008ca00000, 0x000000008cb00000, 0x000000008cb00000|100%| E|CS|TAMS 0x000000008ca00000, 0x000000008cb00000| Complete 
| 203|0x000000008cb00000, 0x000000008cc00000, 0x000000008cc00000|100%| E|CS|TAMS 0x000000008cb00000, 0x000000008cc00000| Complete 
| 204|0x000000008cc00000, 0x000000008cd00000, 0x000000008cd00000|100%| E|CS|TAMS 0x000000008cc00000, 0x000000008cd00000| Complete 
| 205|0x000000008cd00000, 0x000000008ce00000, 0x000000008ce00000|100%| E|CS|TAMS 0x000000008cd00000, 0x000000008ce00000| Complete 
| 206|0x000000008ce00000, 0x000000008cf00000, 0x000000008cf00000|100%| E|CS|TAMS 0x000000008ce00000, 0x000000008cf00000| Complete 
| 207|0x000000008cf00000, 0x000000008d000000, 0x000000008d000000|100%| E|CS|TAMS 0x000000008cf00000, 0x000000008d000000| Complete 
| 208|0x000000008d000000, 0x000000008d100000, 0x000000008d100000|100%| E|CS|TAMS 0x000000008d000000, 0x000000008d100000| Complete 
| 209|0x000000008d100000, 0x000000008d200000, 0x000000008d200000|100%| E|CS|TAMS 0x000000008d100000, 0x000000008d200000| Complete 
| 210|0x000000008d200000, 0x000000008d2ecf40, 0x000000008d300000| 92%| E|CS|TAMS 0x000000008d200000, 0x000000008d2ecf40| Complete 
| 211|0x000000008d300000, 0x000000008d400000, 0x000000008d400000|100%| E|CS|TAMS 0x000000008d300000, 0x000000008d400000| Complete 
| 212|0x000000008d400000, 0x000000008d500000, 0x000000008d500000|100%| E|CS|TAMS 0x000000008d400000, 0x000000008d500000| Complete 
| 213|0x000000008d500000, 0x000000008d600000, 0x000000008d600000|100%| S|  |TAMS 0x000000008d500000, 0x000000008d500000| Complete 
|2044|0x00000000ffc00000, 0x00000000ffd00000, 0x00000000ffd00000|100%| O|  |TAMS 0x00000000ffc00000, 0x00000000ffc00000| Untracked 
|2045|0x00000000ffd00000, 0x00000000ffe00000, 0x00000000ffe00000|100%| O|  |TAMS 0x00000000ffd00000, 0x00000000ffd00000| Untracked 
|2046|0x00000000ffe00000, 0x00000000fff00000, 0x00000000fff00000|100%| O|  |TAMS 0x00000000ffe00000, 0x00000000ffe00000| Untracked 
|2047|0x00000000fff00000, 0x0000000100000000, 0x0000000100000000|100%| O|  |TAMS 0x00000000fff00000, 0x00000000fff00000| Untracked 

Card table byte_map: [0x000001a3788e0000,0x000001a378ce0000] _byte_map_base: 0x000001a3784e0000

Marking Bits (Prev, Next): (CMBitMap*) 0x000001a366068b60, (CMBitMap*) 0x000001a366068ba0
 Prev Bits: [0x000001a3790e0000, 0x000001a37b0e0000)
 Next Bits: [0x000001a37b0e0000, 0x000001a37d0e0000)

Polling page: 0x000001a363fe0000

Metaspace:

Usage:
  Non-class:     85.65 MB used.
      Class:     13.49 MB used.
       Both:     99.14 MB used.

Virtual space:
  Non-class space:       88.00 MB reserved,      86.00 MB ( 98%) committed,  11 nodes.
      Class space:        1.00 GB reserved,      13.81 MB (  1%) committed,  1 nodes.
             Both:        1.09 GB reserved,      99.81 MB (  9%) committed. 

Chunk freelists:
   Non-Class:  1.30 MB
       Class:  2.08 MB
        Both:  3.38 MB

MaxMetaspaceSize: unlimited
CompressedClassSpaceSize: 1.00 GB
Initial GC threshold: 21.00 MB
Current GC threshold: 158.44 MB
CDS: off
MetaspaceReclaimPolicy: balanced
 - commit_granule_bytes: 65536.
 - commit_granule_words: 8192.
 - virtual_space_node_default_size: 1048576.
 - enlarge_chunks_in_place: 1.
 - new_chunks_are_fully_committed: 0.
 - uncommit_free_chunks: 1.
 - use_allocation_guard: 0.
 - handle_deallocations: 1.


Internal statistics:

num_allocs_failed_limit: 6.
num_arena_births: 1010.
num_arena_deaths: 2.
num_vsnodes_births: 12.
num_vsnodes_deaths: 0.
num_space_committed: 1596.
num_space_uncommitted: 0.
num_chunks_returned_to_freelist: 9.
num_chunks_taken_from_freelist: 4856.
num_chunk_merges: 6.
num_chunk_splits: 3184.
num_chunks_enlarged: 2104.
num_purges: 2.
num_inconsistent_stats: 0.

CodeHeap 'non-profiled nmethods': size=120000Kb used=6506Kb max_used=6506Kb free=113493Kb
 bounds [0x000001a370fb0000, 0x000001a371610000, 0x000001a3784e0000]
CodeHeap 'profiled nmethods': size=120000Kb used=21541Kb max_used=21541Kb free=98458Kb
 bounds [0x000001a3694e0000, 0x000001a36a9f0000, 0x000001a370a10000]
CodeHeap 'non-nmethods': size=5760Kb used=2413Kb max_used=2457Kb free=3346Kb
 bounds [0x000001a370a10000, 0x000001a370c80000, 0x000001a370fb0000]
 total_blobs=11918 nmethods=10977 adapters=851
 compilation: enabled
              stopped_count=0, restarted_count=0
 full_count=0

Compilation events (20 events):
Event: 30.149 Thread 0x000001a300990fd0 12645       3       com.android.tools.r8.dex.B::k (52 bytes)
Event: 30.150 Thread 0x000001a300990fd0 nmethod 12645 0x000001a36a9e8210 code [0x000001a36a9e8440, 0x000001a36a9e8d28]
Event: 30.154 Thread 0x000001a300990fd0 12646       3       com.android.tools.r8.graph.r2::c (62 bytes)
Event: 30.155 Thread 0x000001a300990fd0 nmethod 12646 0x000001a36a9e9110 code [0x000001a36a9e9340, 0x000001a36a9e9d08]
Event: 30.156 Thread 0x000001a300990fd0 12647       3       com.android.tools.r8.internal.xk::c (41 bytes)
Event: 30.156 Thread 0x000001a300990fd0 nmethod 12647 0x000001a36a9e9f90 code [0x000001a36a9ea120, 0x000001a36a9ea2d8]
Event: 30.156 Thread 0x000001a300990fd0 12648       3       com.android.tools.r8.internal.xk::b (16 bytes)
Event: 30.156 Thread 0x000001a300990fd0 nmethod 12648 0x000001a36a9ea390 code [0x000001a36a9ea540, 0x000001a36a9ea7a8]
Event: 30.192 Thread 0x000001a300990fd0 12654       3       com.android.tools.r8.graph.j2::c (62 bytes)
Event: 30.193 Thread 0x000001a300990fd0 nmethod 12654 0x000001a36a9ea890 code [0x000001a36a9eaac0, 0x000001a36a9eb588]
Event: 30.202 Thread 0x000001a301fb7ed0 nmethod 12619 0x000001a371606b90 code [0x000001a371606d80, 0x000001a371608648]
Event: 30.203 Thread 0x000001a301fb7ed0 12639       4       com.android.tools.r8.graph.u2::a (258 bytes)
Event: 30.211 Thread 0x000001a300990fd0 12655       3       com.android.tools.r8.graph.x2::equals (37 bytes)
Event: 30.211 Thread 0x000001a300990fd0 nmethod 12655 0x000001a36a9eb810 code [0x000001a36a9eb9e0, 0x000001a36a9ebde8]
Event: 30.212 Thread 0x000001a301fb7ed0 nmethod 12639 0x000001a371609510 code [0x000001a3716096a0, 0x000001a371609b18]
Event: 30.212 Thread 0x000001a301fb7ed0 12640       4       com.android.tools.r8.utils.j1::d (85 bytes)
Event: 30.213 Thread 0x000001a301fb7ed0 nmethod 12640 0x000001a371609e10 code [0x000001a371609f80, 0x000001a37160a038]
Event: 30.213 Thread 0x000001a301fb7ed0 12650       4       com.android.tools.r8.utils.u0::F (78 bytes)
Event: 30.224 Thread 0x000001a301fb7ed0 nmethod 12650 0x000001a37160a110 code [0x000001a37160a2a0, 0x000001a37160a7f8]
Event: 30.224 Thread 0x000001a301fb7ed0 12638       4       com.android.tools.r8.dex.B::f (49 bytes)

GC Heap History (20 events):
Event: 16.580 GC heap after
{Heap after GC invocations=29 (full 0):
 garbage-first heap   total 130048K, used 69526K [0x0000000080000000, 0x0000000100000000)
  region size 1024K, 4 young (4096K), 4 survivors (4096K)
 Metaspace       used 74428K, committed 74944K, reserved 1114112K
  class space    used 9898K, committed 10112K, reserved 1048576K
}
Event: 17.233 GC heap before
{Heap before GC invocations=30 (full 0):
 garbage-first heap   total 140288K, used 102294K [0x0000000080000000, 0x0000000100000000)
  region size 1024K, 36 young (36864K), 4 survivors (4096K)
 Metaspace       used 76460K, committed 77056K, reserved 1122304K
  class space    used 10178K, committed 10432K, reserved 1048576K
}
Event: 17.246 GC heap after
{Heap after GC invocations=31 (full 0):
 garbage-first heap   total 140288K, used 72374K [0x0000000080000000, 0x0000000100000000)
  region size 1024K, 3 young (3072K), 3 survivors (3072K)
 Metaspace       used 76460K, committed 77056K, reserved 1122304K
  class space    used 10178K, committed 10432K, reserved 1048576K
}
Event: 17.329 GC heap before
{Heap before GC invocations=31 (full 0):
 garbage-first heap   total 140288K, used 75446K [0x0000000080000000, 0x0000000100000000)
  region size 1024K, 6 young (6144K), 3 survivors (3072K)
 Metaspace       used 76776K, committed 77312K, reserved 1122304K
  class space    used 10214K, committed 10432K, reserved 1048576K
}
Event: 17.339 GC heap after
{Heap after GC invocations=32 (full 0):
 garbage-first heap   total 218112K, used 72476K [0x0000000080000000, 0x0000000100000000)
  region size 1024K, 1 young (1024K), 1 survivors (1024K)
 Metaspace       used 76776K, committed 77312K, reserved 1122304K
  class space    used 10214K, committed 10432K, reserved 1048576K
}
Event: 20.041 GC heap before
{Heap before GC invocations=32 (full 0):
 garbage-first heap   total 218112K, used 164636K [0x0000000080000000, 0x0000000100000000)
  region size 1024K, 91 young (93184K), 1 survivors (1024K)
 Metaspace       used 86679K, committed 87232K, reserved 1130496K
  class space    used 11794K, committed 12032K, reserved 1048576K
}
Event: 20.055 GC heap after
{Heap after GC invocations=33 (full 0):
 garbage-first heap   total 218112K, used 77752K [0x0000000080000000, 0x0000000100000000)
  region size 1024K, 7 young (7168K), 7 survivors (7168K)
 Metaspace       used 86679K, committed 87232K, reserved 1130496K
  class space    used 11794K, committed 12032K, reserved 1048576K
}
Event: 22.032 GC heap before
{Heap before GC invocations=33 (full 0):
 garbage-first heap   total 218112K, used 168888K [0x0000000080000000, 0x0000000100000000)
  region size 1024K, 96 young (98304K), 7 survivors (7168K)
 Metaspace       used 92128K, committed 92672K, reserved 1130496K
  class space    used 12542K, committed 12800K, reserved 1048576K
}
Event: 22.062 GC heap after
{Heap after GC invocations=34 (full 0):
 garbage-first heap   total 218112K, used 88242K [0x0000000080000000, 0x0000000100000000)
  region size 1024K, 12 young (12288K), 12 survivors (12288K)
 Metaspace       used 92128K, committed 92672K, reserved 1130496K
  class space    used 12542K, committed 12800K, reserved 1048576K
}
Event: 24.447 GC heap before
{Heap before GC invocations=34 (full 0):
 garbage-first heap   total 218112K, used 168114K [0x0000000080000000, 0x0000000100000000)
  region size 1024K, 91 young (93184K), 12 survivors (12288K)
 Metaspace       used 94725K, committed 95424K, reserved 1138688K
  class space    used 12975K, committed 13312K, reserved 1048576K
}
Event: 24.490 GC heap after
{Heap after GC invocations=35 (full 0):
 garbage-first heap   total 218112K, used 97791K [0x0000000080000000, 0x0000000100000000)
  region size 1024K, 9 young (9216K), 9 survivors (9216K)
 Metaspace       used 94725K, committed 95424K, reserved 1138688K
  class space    used 12975K, committed 13312K, reserved 1048576K
}
Event: 26.467 GC heap before
{Heap before GC invocations=35 (full 0):
 garbage-first heap   total 218112K, used 170495K [0x0000000080000000, 0x0000000100000000)
  region size 1024K, 81 young (82944K), 9 survivors (9216K)
 Metaspace       used 95426K, committed 96128K, reserved 1138688K
  class space    used 13030K, committed 13376K, reserved 1048576K
}
Event: 26.497 GC heap after
{Heap after GC invocations=36 (full 0):
 garbage-first heap   total 218112K, used 104835K [0x0000000080000000, 0x0000000100000000)
  region size 1024K, 7 young (7168K), 7 survivors (7168K)
 Metaspace       used 95426K, committed 96128K, reserved 1138688K
  class space    used 13030K, committed 13376K, reserved 1048576K
}
Event: 26.758 GC heap before
{Heap before GC invocations=36 (full 0):
 garbage-first heap   total 218112K, used 124291K [0x0000000080000000, 0x0000000100000000)
  region size 1024K, 28 young (28672K), 7 survivors (7168K)
 Metaspace       used 95754K, committed 96448K, reserved 1138688K
  class space    used 13095K, committed 13440K, reserved 1048576K
}
Event: 26.776 GC heap after
{Heap after GC invocations=37 (full 0):
 garbage-first heap   total 218112K, used 107512K [0x0000000080000000, 0x0000000100000000)
  region size 1024K, 3 young (3072K), 3 survivors (3072K)
 Metaspace       used 95754K, committed 96448K, reserved 1138688K
  class space    used 13095K, committed 13440K, reserved 1048576K
}
Event: 29.075 GC heap before
{Heap before GC invocations=38 (full 0):
 garbage-first heap   total 218112K, used 176120K [0x0000000080000000, 0x0000000100000000)
  region size 1024K, 70 young (71680K), 3 survivors (3072K)
 Metaspace       used 97753K, committed 98432K, reserved 1138688K
  class space    used 13282K, committed 13632K, reserved 1048576K
}
Event: 29.094 GC heap after
{Heap after GC invocations=39 (full 0):
 garbage-first heap   total 218112K, used 112316K [0x0000000080000000, 0x0000000100000000)
  region size 1024K, 8 young (8192K), 8 survivors (8192K)
 Metaspace       used 97753K, committed 98432K, reserved 1138688K
  class space    used 13282K, committed 13632K, reserved 1048576K
}
Event: 29.153 GC heap before
{Heap before GC invocations=39 (full 0):
 garbage-first heap   total 218112K, used 114364K [0x0000000080000000, 0x0000000100000000)
  region size 1024K, 10 young (10240K), 8 survivors (8192K)
 Metaspace       used 97753K, committed 98432K, reserved 1138688K
  class space    used 13282K, committed 13632K, reserved 1048576K
}
Event: 29.172 GC heap after
{Heap after GC invocations=40 (full 0):
 garbage-first heap   total 218112K, used 111539K [0x0000000080000000, 0x0000000100000000)
  region size 1024K, 1 young (1024K), 1 survivors (1024K)
 Metaspace       used 97753K, committed 98432K, reserved 1138688K
  class space    used 13282K, committed 13632K, reserved 1048576K
}
Event: 30.231 GC heap before
{Heap before GC invocations=40 (full 0):
 garbage-first heap   total 218112K, used 207795K [0x0000000080000000, 0x0000000100000000)
  region size 1024K, 55 young (56320K), 1 survivors (1024K)
 Metaspace       used 101515K, committed 102208K, reserved 1138688K
  class space    used 13809K, committed 14144K, reserved 1048576K
}

Dll operation events (2 events):
Event: 0.014 Loaded shared library C:\Program Files\Android\Android Studio\jbr\bin\java.dll
Event: 1.182 Loaded shared library C:\Program Files\Android\Android Studio\jbr\bin\verify.dll

Deoptimization events (20 events):
Event: 30.185 Thread 0x000001a300f33bd0 DEOPT PACKING pc=0x000001a36a9d0d06 sp=0x0000005cb82fd410
Event: 30.186 Thread 0x000001a300f33bd0 DEOPT UNPACKING pc=0x000001a370a67143 sp=0x0000005cb82fc888 mode 0
Event: 30.189 Thread 0x000001a300f33bd0 DEOPT PACKING pc=0x000001a36a9d0d06 sp=0x0000005cb82fd410
Event: 30.189 Thread 0x000001a300f33bd0 DEOPT UNPACKING pc=0x000001a370a67143 sp=0x0000005cb82fc888 mode 0
Event: 30.190 Thread 0x000001a300f33bd0 DEOPT PACKING pc=0x000001a36a9d0d06 sp=0x0000005cb82fd410
Event: 30.190 Thread 0x000001a300f33bd0 DEOPT UNPACKING pc=0x000001a370a67143 sp=0x0000005cb82fc888 mode 0
Event: 30.191 Thread 0x000001a300f33bd0 DEOPT PACKING pc=0x000001a36a9d0d06 sp=0x0000005cb82fd410
Event: 30.191 Thread 0x000001a300f33bd0 DEOPT UNPACKING pc=0x000001a370a67143 sp=0x0000005cb82fc888 mode 0
Event: 30.201 Thread 0x000001a300f33bd0 DEOPT PACKING pc=0x000001a36a9d0d06 sp=0x0000005cb82fd410
Event: 30.201 Thread 0x000001a300f33bd0 DEOPT UNPACKING pc=0x000001a370a67143 sp=0x0000005cb82fc888 mode 0
Event: 30.206 Thread 0x000001a300f33bd0 DEOPT PACKING pc=0x000001a36a9d0d06 sp=0x0000005cb82fd400
Event: 30.206 Thread 0x000001a300f33bd0 DEOPT UNPACKING pc=0x000001a370a67143 sp=0x0000005cb82fc878 mode 0
Event: 30.207 Thread 0x000001a300f33bd0 DEOPT PACKING pc=0x000001a36a9d0d06 sp=0x0000005cb82fd400
Event: 30.207 Thread 0x000001a300f33bd0 DEOPT UNPACKING pc=0x000001a370a67143 sp=0x0000005cb82fc878 mode 0
Event: 30.209 Thread 0x000001a300f33bd0 DEOPT PACKING pc=0x000001a36a9d0d06 sp=0x0000005cb82fd400
Event: 30.209 Thread 0x000001a300f33bd0 DEOPT UNPACKING pc=0x000001a370a67143 sp=0x0000005cb82fc878 mode 0
Event: 30.209 Thread 0x000001a300f33bd0 DEOPT PACKING pc=0x000001a36a9d0d06 sp=0x0000005cb82fd400
Event: 30.209 Thread 0x000001a300f33bd0 DEOPT UNPACKING pc=0x000001a370a67143 sp=0x0000005cb82fc878 mode 0
Event: 30.210 Thread 0x000001a300f33bd0 DEOPT PACKING pc=0x000001a36a9d0d06 sp=0x0000005cb82fd400
Event: 30.210 Thread 0x000001a300f33bd0 DEOPT UNPACKING pc=0x000001a370a67143 sp=0x0000005cb82fc878 mode 0

Classes unloaded (1 events):
Event: 27.138 Thread 0x000001a37f5f67f0 Unloading class 0x0000000100d10000 'java/lang/invoke/LambdaForm$DMH+0x0000000100d10000'

Classes redefined (0 events):
No events

Internal exceptions (20 events):
Event: 26.825 Thread 0x000001a305b2c570 Exception <a 'sun/nio/fs/WindowsException'{0x000000008d491aa0}> (0x000000008d491aa0) 
thrown [s\src\hotspot\share\prims\jni.cpp, line 517]
Event: 26.825 Thread 0x000001a305b2c570 Exception <a 'sun/nio/fs/WindowsException'{0x000000008d491e80}> (0x000000008d491e80) 
thrown [s\src\hotspot\share\prims\jni.cpp, line 517]
Event: 26.825 Thread 0x000001a305b2c570 Exception <a 'sun/nio/fs/WindowsException'{0x000000008d493c98}> (0x000000008d493c98) 
thrown [s\src\hotspot\share\prims\jni.cpp, line 517]
Event: 26.959 Thread 0x000001a305b2c570 Exception <a 'java/lang/NoSuchMethodError'{0x000000008d203100}: static Lcom/android/builder/internal/aapt/AaptOptions;.<clinit>()V> (0x000000008d203100) 
thrown [s\src\hotspot\share\prims\jni.cpp, line 1108]
Event: 27.042 Thread 0x000001a305b2c570 Exception <a 'java/lang/NoSuchMethodError'{0x000000008d2371e8}: static [Ljava/lang/Object;.<clinit>()V> (0x000000008d2371e8) 
thrown [s\src\hotspot\share\prims\jni.cpp, line 1108]
Event: 27.044 Thread 0x000001a305b2c570 Exception <a 'java/lang/NoSuchMethodError'{0x000000008d29d350}: static Ljava/lang/Object;.<clinit>()V> (0x000000008d29d350) 
thrown [s\src\hotspot\share\prims\jni.cpp, line 1108]
Event: 27.047 Thread 0x000001a305b2c570 Exception <a 'java/lang/NoSuchMethodError'{0x000000008d2bb440}: static Lcom/android/build/api/variant/impl/SerializableApplicationMultiOutputHandler;.<clinit>()V> (0x000000008d2bb440) 
thrown [s\src\hotspot\share\prims\jni.cpp, line 1108]
Event: 27.158 Thread 0x000001a305b2c570 Exception <a 'java/lang/NoSuchMethodError'{0x000000008d2d2450}: static Lcom/android/build/api/variant/impl/VariantOutputImpl$SerializedForm;.<clinit>()V> (0x000000008d2d2450) 
thrown [s\src\hotspot\share\prims\jni.cpp, line 1108]
Event: 27.161 Thread 0x000001a305b2c570 Exception <a 'java/lang/NoSuchMethodError'{0x000000008d2e6100}: static Lcom/android/build/api/variant/impl/VariantOutputConfigurationImpl;.<clinit>()V> (0x000000008d2e6100) 
thrown [s\src\hotspot\share\prims\jni.cpp, line 1108]
Event: 27.374 Thread 0x000001a305b2c0a0 Exception <a 'sun/nio/fs/WindowsException'{0x000000008d16ade0}> (0x000000008d16ade0) 
thrown [s\src\hotspot\share\prims\jni.cpp, line 517]
Event: 27.398 Thread 0x000001a305b2c0a0 Exception <a 'java/lang/NoSuchMethodError'{0x000000008d04b248}: 'int java.lang.invoke.DirectMethodHandle$Holder.invokeSpecial(java.lang.Object, java.lang.Object, java.lang.Object, java.lang.Object, java.lang.Object)'> (0x000000008d04b248) 
thrown [s\src\hotspot\share\interpreter\linkResolver.cpp, line 771]
Event: 28.873 Thread 0x000001a300f33700 Exception <a 'java/lang/NoSuchMethodError'{0x00000000893a7068}: 'void java.lang.invoke.DirectMethodHandle$Holder.invokeStatic(java.lang.Object, long)'> (0x00000000893a7068) 
thrown [s\src\hotspot\share\interpreter\linkResolver.cpp, line 771]
Event: 28.873 Thread 0x000001a300f33700 Exception <a 'java/lang/NoSuchMethodError'{0x00000000893acb68}: 'java.lang.Object java.lang.invoke.DirectMethodHandle$Holder.newInvokeSpecial(java.lang.Object, long)'> (0x00000000893acb68) 
thrown [s\src\hotspot\share\interpreter\linkResolver.cpp, line 771]
Event: 28.875 Thread 0x000001a300f33700 Exception <a 'java/lang/NoSuchMethodError'{0x00000000893b3870}: 'java.lang.Object java.lang.invoke.DirectMethodHandle$Holder.invokeStatic(java.lang.Object, java.lang.Object, long, java.lang.Object)'> (0x00000000893b3870) 
thrown [s\src\hotspot\share\interpreter\linkResolver.cpp, line 771]
Event: 28.876 Thread 0x000001a300f33700 Exception <a 'java/lang/NoSuchMethodError'{0x00000000893b7580}: 'java.lang.Object java.lang.invoke.DirectMethodHandle$Holder.invokeStaticInit(java.lang.Object, java.lang.Object, long, java.lang.Object)'> (0x00000000893b7580) 
thrown [s\src\hotspot\share\interpreter\linkResolver.cpp, line 771]
Event: 28.924 Thread 0x000001a305b27d40 Exception <a 'sun/nio/fs/WindowsException'{0x0000000089288958}> (0x0000000089288958) 
thrown [s\src\hotspot\share\prims\jni.cpp, line 517]
Event: 29.293 Thread 0x000001a305b27d40 Exception <a 'sun/nio/fs/WindowsException'{0x000000008d1cb3a8}> (0x000000008d1cb3a8) 
thrown [s\src\hotspot\share\prims\jni.cpp, line 517]
Event: 29.610 Thread 0x000001a300f33bd0 Exception <a 'sun/nio/fs/WindowsException'{0x000000008c316f88}> (0x000000008c316f88) 
thrown [s\src\hotspot\share\prims\jni.cpp, line 517]
Event: 29.610 Thread 0x000001a300f33700 Exception <a 'java/lang/NoSuchMethodError'{0x000000008c320780}: 'int java.lang.invoke.DirectMethodHandle$Holder.invokeSpecialIFC(java.lang.Object, java.lang.Object, java.lang.Object)'> (0x000000008c320780) 
thrown [s\src\hotspot\share\interpreter\linkResolver.cpp, line 771]
Event: 29.924 Thread 0x000001a300f33bd0 Exception <a 'java/lang/NoSuchMethodError'{0x000000008bbfcd60}: 'java.lang.Object java.lang.invoke.DirectMethodHandle$Holder.invokeStaticInit(java.lang.Object, java.lang.Object, java.lang.Object, java.lang.Object, java.lang.Object, java.lang.Object, java.lang.Object, java.lang.Object, java.lang.Object, java.lang.Object, java.lang.Object, java.lang.Object, java.lang.Object, java.lang.Object, java.lang.Object, java.lang.Object, java.lang.Object, java.lang.Object, java.lang.Object, java.lang.Object, int, java

VM Operations (20 events):
Event: 27.351 Executing VM operation: G1Concurrent done
Event: 27.382 Executing VM operation: HandshakeAllThreads
Event: 27.396 Executing VM operation: HandshakeAllThreads done
Event: 28.330 Executing VM operation: ICBufferFull
Event: 28.331 Executing VM operation: ICBufferFull done
Event: 28.878 Executing VM operation: HandshakeAllThreads
Event: 28.879 Executing VM operation: HandshakeAllThreads done
Event: 28.936 Executing VM operation: ICBufferFull
Event: 28.948 Executing VM operation: ICBufferFull done
Event: 29.075 Executing VM operation: G1CollectForAllocation
Event: 29.108 Executing VM operation: G1CollectForAllocation done
Event: 29.153 Executing VM operation: G1CollectForAllocation
Event: 29.172 Executing VM operation: G1CollectForAllocation done
Event: 29.624 Executing VM operation: HandshakeAllThreads
Event: 29.625 Executing VM operation: HandshakeAllThreads done
Event: 29.679 Executing VM operation: HandshakeAllThreads
Event: 29.679 Executing VM operation: HandshakeAllThreads done
Event: 29.679 Executing VM operation: HandshakeAllThreads
Event: 29.680 Executing VM operation: HandshakeAllThreads done
Event: 30.230 Executing VM operation: G1CollectForAllocation

Events (20 events):
Event: 29.395 loading class sun/nio/fs/Globs done
Event: 29.395 loading class java/util/regex/Pattern$SliceU
Event: 29.395 loading class java/util/regex/Pattern$SliceU done
Event: 29.395 loading class sun/nio/fs/WindowsFileSystem$2
Event: 29.395 loading class java/nio/file/PathMatcher
Event: 29.395 loading class java/nio/file/PathMatcher done
Event: 29.395 loading class sun/nio/fs/WindowsFileSystem$2 done
Event: 29.522 loading class java/util/zip/ZipInputStream
Event: 29.523 loading class java/util/zip/ZipInputStream done
Event: 29.653 loading class java/io/UTFDataFormatException
Event: 29.653 loading class java/io/UTFDataFormatException done
Event: 29.692 Thread 0x000001a37f61d590 flushing nmethod 0x000001a369d0c310
Event: 29.693 Thread 0x000001a37f61d590 flushing nmethod 0x000001a369de3c90
Event: 29.694 Thread 0x000001a37f61d590 flushing nmethod 0x000001a369ee2390
Event: 29.694 Thread 0x000001a37f61d590 flushing nmethod 0x000001a369ee2a90
Event: 29.695 Thread 0x000001a37f61d590 flushing nmethod 0x000001a369ff4310
Event: 29.696 Thread 0x000001a37f61d590 flushing nmethod 0x000001a36a061b10
Event: 29.702 Thread 0x000001a37f61d590 flushing nmethod 0x000001a36a607410
Event: 29.887 loading class java/nio/BufferUnderflowException
Event: 29.887 loading class java/nio/BufferUnderflowException done


Dynamic libraries:
0x00007ff7e9df0000 - 0x00007ff7e9dfa000 	C:\Program Files\Android\Android Studio\jbr\bin\java.exe
0x00007fff659b0000 - 0x00007fff65ba7000 	C:\Windows\SYSTEM32\ntdll.dll
0x00007fff649f0000 - 0x00007fff64aad000 	C:\Windows\System32\KERNEL32.DLL
0x00007fff633a0000 - 0x00007fff63696000 	C:\Windows\System32\KERNELBASE.dll
0x00007fff638a0000 - 0x00007fff639a0000 	C:\Windows\System32\ucrtbase.dll
0x00007fff5abe0000 - 0x00007fff5abf7000 	C:\Program Files\Android\Android Studio\jbr\bin\jli.dll
0x00007fff5e8b0000 - 0x00007fff5e8cb000 	C:\Program Files\Android\Android Studio\jbr\bin\VCRUNTIME140.dll
0x00007fff651d0000 - 0x00007fff6536e000 	C:\Windows\System32\USER32.dll
0x00007fff630e0000 - 0x00007fff63102000 	C:\Windows\System32\win32u.dll
0x00007fff658e0000 - 0x00007fff6590c000 	C:\Windows\System32\GDI32.dll
0x00007fff50e40000 - 0x00007fff510da000 	C:\Windows\WinSxS\amd64_microsoft.windows.common-controls_6595b64144ccf1df_6.0.19041.3570_none_60bb2a3971f3e41a\COMCTL32.dll
0x00007fff63750000 - 0x00007fff6386a000 	C:\Windows\System32\gdi32full.dll
0x00007fff64f00000 - 0x00007fff64f9e000 	C:\Windows\System32\msvcrt.dll
0x00007fff63110000 - 0x00007fff631ad000 	C:\Windows\System32\msvcp_win.dll
0x00007fff658b0000 - 0x00007fff658e0000 	C:\Windows\System32\IMM32.DLL
0x00007fff5e8a0000 - 0x00007fff5e8ac000 	C:\Program Files\Android\Android Studio\jbr\bin\vcruntime140_1.dll
0x00007fff48110000 - 0x00007fff4819d000 	C:\Program Files\Android\Android Studio\jbr\bin\msvcp140.dll
0x00007fff2d890000 - 0x00007fff2e4fe000 	C:\Program Files\Android\Android Studio\jbr\bin\server\jvm.dll
0x00007fff656e0000 - 0x00007fff6578e000 	C:\Windows\System32\ADVAPI32.dll
0x00007fff65000000 - 0x00007fff6509c000 	C:\Windows\System32\sechost.dll
0x00007fff63a10000 - 0x00007fff63b36000 	C:\Windows\System32\RPCRT4.dll
0x00007fff5c730000 - 0x00007fff5c739000 	C:\Windows\SYSTEM32\WSOCK32.dll
0x00007fff650a0000 - 0x00007fff6510b000 	C:\Windows\System32\WS2_32.dll
0x00007fff55a20000 - 0x00007fff55a47000 	C:\Windows\SYSTEM32\WINMM.dll
0x00007fff55ec0000 - 0x00007fff55eca000 	C:\Windows\SYSTEM32\VERSION.dll
0x00007fff61110000 - 0x00007fff61122000 	C:\Windows\SYSTEM32\kernel.appcore.dll
0x00007fff5f8f0000 - 0x00007fff5f8fa000 	C:\Program Files\Android\Android Studio\jbr\bin\jimage.dll
0x00007fff4d1d0000 - 0x00007fff4d3b4000 	C:\Windows\SYSTEM32\DBGHELP.DLL
0x00007fff4da50000 - 0x00007fff4da84000 	C:\Windows\SYSTEM32\dbgcore.DLL
0x00007fff63310000 - 0x00007fff63392000 	C:\Windows\System32\bcryptPrimitives.dll
0x00007fff5e860000 - 0x00007fff5e885000 	C:\Program Files\Android\Android Studio\jbr\bin\java.dll
0x00007fff5eca0000 - 0x00007fff5ecb8000 	C:\Program Files\Android\Android Studio\jbr\bin\zip.dll
0x00007fff63cc0000 - 0x00007fff64404000 	C:\Windows\System32\SHELL32.dll
0x00007fff61130000 - 0x00007fff618cb000 	C:\Windows\SYSTEM32\windows.storage.dll
0x00007fff65370000 - 0x00007fff656c4000 	C:\Windows\System32\combase.dll
0x00007fff62a60000 - 0x00007fff62a8d000 	C:\Windows\SYSTEM32\Wldp.dll
0x00007fff64bf0000 - 0x00007fff64c9d000 	C:\Windows\System32\SHCORE.dll
0x00007fff65110000 - 0x00007fff65165000 	C:\Windows\System32\shlwapi.dll
0x00007fff62fc0000 - 0x00007fff62fe5000 	C:\Windows\SYSTEM32\profapi.dll
0x00007fff5d9b0000 - 0x00007fff5d9c9000 	C:\Program Files\Android\Android Studio\jbr\bin\net.dll
0x00007fff57050000 - 0x00007fff5715a000 	C:\Windows\SYSTEM32\WINHTTP.dll
0x00007fff62760000 - 0x00007fff627ca000 	C:\Windows\system32\mswsock.dll
0x00007fff5d990000 - 0x00007fff5d9a6000 	C:\Program Files\Android\Android Studio\jbr\bin\nio.dll
0x00007fff5f8e0000 - 0x00007fff5f8f0000 	C:\Program Files\Android\Android Studio\jbr\bin\verify.dll
0x00007fff52690000 - 0x00007fff526b7000 	C:\Users\refrizar.dwiardito\.jdks\openjdk-21\native\68d5fa5c4cc2d200863cafc0d521ce42e7d3e7ee720ec0a83991735586a16f82\windows-amd64\native-platform.dll
0x00007fff385d0000 - 0x00007fff38714000 	C:\Users\refrizar.dwiardito\.jdks\openjdk-21\native\e376f236ea51e6404a007f0833ffe2c6e607c4080706a723a18a27aeea778392\windows-amd64\native-platform-file-events.dll
0x00007fff5dad0000 - 0x00007fff5dad9000 	C:\Program Files\Android\Android Studio\jbr\bin\management.dll
0x00007fff5c6b0000 - 0x00007fff5c6bb000 	C:\Program Files\Android\Android Studio\jbr\bin\management_ext.dll
0x00007fff656d0000 - 0x00007fff656d8000 	C:\Windows\System32\PSAPI.DLL
0x00007fff629b0000 - 0x00007fff629c8000 	C:\Windows\SYSTEM32\CRYPTSP.dll
0x00007fff62070000 - 0x00007fff620a4000 	C:\Windows\system32\rsaenh.dll
0x00007fff63870000 - 0x00007fff63897000 	C:\Windows\System32\bcrypt.dll
0x00007fff62f40000 - 0x00007fff62f6e000 	C:\Windows\SYSTEM32\USERENV.dll
0x00007fff629d0000 - 0x00007fff629dc000 	C:\Windows\SYSTEM32\CRYPTBASE.dll
0x00007fff62450000 - 0x00007fff6248b000 	C:\Windows\SYSTEM32\IPHLPAPI.DLL
0x00007fff63cb0000 - 0x00007fff63cb8000 	C:\Windows\System32\NSI.dll
0x00007fff577b0000 - 0x00007fff577c7000 	C:\Windows\SYSTEM32\dhcpcsvc6.DLL
0x00007fff57790000 - 0x00007fff577ad000 	C:\Windows\SYSTEM32\dhcpcsvc.DLL
0x00007fff62490000 - 0x00007fff6255a000 	C:\Windows\SYSTEM32\DNSAPI.dll
0x00007fff5c120000 - 0x00007fff5c127000 	C:\Windows\system32\wshunix.dll
0x00007fff553e0000 - 0x00007fff553f7000 	C:\Windows\system32\napinsp.dll
0x00007fff552d0000 - 0x00007fff552eb000 	C:\Windows\system32\pnrpnsp.dll
0x00007fff5dba0000 - 0x00007fff5dbb5000 	C:\Windows\system32\wshbth.dll
0x00007fff5d9e0000 - 0x00007fff5d9fd000 	C:\Windows\system32\NLAapi.dll
0x00007fff52b30000 - 0x00007fff52b42000 	C:\Windows\System32\winrnr.dll
0x00007fff5a500000 - 0x00007fff5a50a000 	C:\Windows\System32\rasadhlp.dll
0x00007fff55fb0000 - 0x00007fff56032000 	C:\Windows\System32\fwpuclnt.dll

dbghelp: loaded successfully - version: 4.0.5 - missing functions: none
symbol engine: initialized successfully - sym options: 0x614 - pdb path: .;C:\Program Files\Android\Android Studio\jbr\bin;C:\Windows\SYSTEM32;C:\Windows\WinSxS\amd64_microsoft.windows.common-controls_6595b64144ccf1df_6.0.19041.3570_none_60bb2a3971f3e41a;C:\Program Files\Android\Android Studio\jbr\bin\server;C:\Users\refrizar.dwiardito\.jdks\openjdk-21\native\68d5fa5c4cc2d200863cafc0d521ce42e7d3e7ee720ec0a83991735586a16f82\windows-amd64;C:\Users\refrizar.dwiardito\.jdks\openjdk-21\native\e376f236ea51e6404a007f0833ffe2c6e607c4080706a723a18a27aeea778392\windows-amd64

VM Arguments:
jvm_args: --add-opens=java.base/java.util=ALL-UNNAMED --add-opens=java.base/java.lang=ALL-UNNAMED --add-opens=java.base/java.lang.invoke=ALL-UNNAMED --add-opens=java.prefs/java.util.prefs=ALL-UNNAMED --add-opens=java.base/java.nio.charset=ALL-UNNAMED --add-opens=java.base/java.net=ALL-UNNAMED --add-opens=java.base/java.util.concurrent.atomic=ALL-UNNAMED -Xmx2048m -Dfile.encoding=UTF-8 -Duser.country=US -Duser.language=en -Duser.variant 
java_command: org.gradle.launcher.daemon.bootstrap.GradleDaemon 8.0
java_class_path (initial): C:\Users\refrizar.dwiardito\.jdks\openjdk-21\wrapper\dists\gradle-8.0-all\a2o1xoguejy6msdh0lk99lxza\gradle-8.0\lib\gradle-launcher-8.0.jar
Launcher Type: SUN_STANDARD

[Global flags]
     intx CICompilerCount                          = 3                                         {product} {ergonomic}
     uint ConcGCThreads                            = 1                                         {product} {ergonomic}
     uint G1ConcRefinementThreads                  = 4                                         {product} {ergonomic}
   size_t G1HeapRegionSize                         = 1048576                                   {product} {ergonomic}
    uintx GCDrainStackTargetSize                   = 64                                        {product} {ergonomic}
   size_t InitialHeapSize                          = 134217728                                 {product} {ergonomic}
   size_t MarkStackSize                            = 4194304                                   {product} {ergonomic}
   size_t MaxHeapSize                              = 2147483648                                {product} {command line}
   size_t MaxNewSize                               = 1287651328                                {product} {ergonomic}
   size_t MinHeapDeltaBytes                        = 1048576                                   {product} {ergonomic}
   size_t MinHeapSize                              = 8388608                                   {product} {ergonomic}
    uintx NonNMethodCodeHeapSize                   = 5832780                                {pd product} {ergonomic}
    uintx NonProfiledCodeHeapSize                  = 122912730                              {pd product} {ergonomic}
    uintx ProfiledCodeHeapSize                     = 122912730                              {pd product} {ergonomic}
    uintx ReservedCodeCacheSize                    = 251658240                              {pd product} {ergonomic}
     bool SegmentedCodeCache                       = true                                      {product} {ergonomic}
   size_t SoftMaxHeapSize                          = 2147483648                             {manageable} {ergonomic}
     bool UseCompressedClassPointers               = true                           {product lp64_product} {ergonomic}
     bool UseCompressedOops                        = true                           {product lp64_product} {ergonomic}
     bool UseG1GC                                  = true                                      {product} {ergonomic}
     bool UseLargePagesIndividualAllocation        = false                                  {pd product} {ergonomic}

Logging:
Log output configuration:
 #0: stdout all=warning uptime,level,tags
 #1: stderr all=off uptime,level,tags

Environment Variables:
JAVA_HOME=C:\Users\refrizar.dwiardito\.jdks\openjdk-21
PATH=C:\Program Files\Common Files\Oracle\Java\javapath;C:\Windows\system32;C:\Windows;C:\Windows\System32\Wbem;C:\Windows\System32\WindowsPowerShell\v1.0\;C:\Windows\System32\OpenSSH\;C:\Program Files\mingw-w64\x86_64-8.1.0-posix-seh-rt_v6-rev0\mingw64\bin;C:\Users\refrizar.dwiardito\AppData\Local\Programs\Python\Python310\Scripts;C:\Users\refrizar.dwiardito\.jdks\openjdk-21\bin;C:\Program Files\PuTTY\;C:\Program Files\gradle-8.3\bin;C:\Program Files\Git\cmd;C:\Users\refrizar.dwiardito\AppData\Local\Programs\Python\Python310\Scripts\;C:\Users\refrizar.dwiardito\AppData\Local\Programs\Python\Python310\;C:\Users\refrizar.dwiardito\AppData\Local\Microsoft\WindowsApps;;C:\Users\refrizar.dwiardito\AppData\Local\Programs\Microsoft VS Code\bin
USERNAME=refrizar.dwiardito
OS=Windows_NT
PROCESSOR_IDENTIFIER=Intel64 Family 6 Model 61 Stepping 4, GenuineIntel
TMP=C:\Users\REFRIZ~1.DWI\AppData\Local\Temp
TEMP=C:\Users\REFRIZ~1.DWI\AppData\Local\Temp


JNI global refs:
JNI global refs: 26, weak refs: 6

JNI global refs memory usage: 843, weak refs: 841


---------------  S Y S T E M  ---------------

OS:
 Windows 10 , 64 bit Build 19041 (10.0.19041.3570)
OS uptime: 0 days 0:59 hours

CPU: total 4 (initial active 4) (2 cores per cpu, 2 threads per core) family 6 model 61 stepping 4 microcode 0x2f, cx8, cmov, fxsr, ht, mmx, 3dnowpref, sse, sse2, sse3, ssse3, sse4.1, sse4.2, popcnt, lzcnt, tsc, tscinvbit, avx, avx2, aes, erms, clmul, bmi1, bmi2, adx, fma, vzeroupper, clflush

Memory: 4k page, system-wide physical 8083M (557M free)
TotalPageFile size 8083M (AvailPageFile size 4M)
current process WorkingSet (physical memory assigned to process): 484M, peak: 484M
current process commit charge ("private bytes"): 513M, peak: 514M

vm_info: OpenJDK 64-Bit Server VM (17.0.6+0-b2043.56-10027231) for windows-amd64 JRE (17.0.6+0-b2043.56-10027231), built on Apr 28 2023 00:43:19 by "androidbuild" with MS VC++ 16.10 / 16.11 (VS2019)

END.
