#
# There is insufficient memory for the Java Runtime Environment to continue.
# Native memory allocation (mmap) failed to map 222298112 bytes for G1 virtual space
# Possible reasons:
#   The system is out of physical RAM or swap space
#   The process is running with CompressedOops enabled, and the Java Heap may be blocking the growth of the native heap
# Possible solutions:
#   Reduce memory load on the system
#   Increase physical memory or swap space
#   Check if swap backing store is full
#   Decrease Java heap size (-Xmx/-Xms)
#   Decrease number of Java threads
#   Decrease Java thread stack sizes (-Xss)
#   Set larger code cache with -XX:ReservedCodeCacheSize=
#   JVM is running with Unscaled Compressed Oops mode in which the Java heap is
#     placed in the first 4GB address space. The Java Heap base address is the
#     maximum limit for the native heap growth. Please use -XX:HeapBaseMinAddress
#     to set the Java Heap base and to place the Java Heap above 4GB virtual address.
# This output file may be truncated or incomplete.
#
#  Out of Memory Error (os_windows.cpp:3769), pid=5824, tid=3160
#
# JRE version: OpenJDK Runtime Environment (17.0.6) (build 17.0.6+0-b2043.56-10027231)
# Java VM: OpenJDK 64-Bit Server VM (17.0.6+0-b2043.56-10027231, mixed mode, tiered, compressed oops, compressed class ptrs, g1 gc, windows-amd64)
# No core dump will be written. Minidumps are not enabled by default on client versions of Windows
#

---------------  S U M M A R Y ------------

Command Line: --add-opens=java.base/java.util=ALL-UNNAMED --add-opens=java.base/java.lang=ALL-UNNAMED --add-opens=java.base/java.lang.invoke=ALL-UNNAMED --add-opens=java.prefs/java.util.prefs=ALL-UNNAMED --add-opens=java.base/java.nio.charset=ALL-UNNAMED --add-opens=java.base/java.net=ALL-UNNAMED --add-opens=java.base/java.util.concurrent.atomic=ALL-UNNAMED -Xmx2048m -Dfile.encoding=UTF-8 -Duser.country=US -Duser.language=en -Duser.variant org.gradle.launcher.daemon.bootstrap.GradleDaemon 8.0

Host: Intel(R) Core(TM) i5-5200U CPU @ 2.20GHz, 4 cores, 7G,  Windows 10 , 64 bit Build 19041 (10.0.19041.3570)
Time: Sun Oct 15 08:55:26 2023 SE Asia Standard Time elapsed time: 67.788746 seconds (0d 0h 1m 7s)

---------------  T H R E A D  ---------------

Current thread (0x000001d778724e50):  VMThread "VM Thread" [stack: 0x00000056e8500000,0x00000056e8600000] [id=3160]

Stack: [0x00000056e8500000,0x00000056e8600000]
Native frames: (J=compiled Java code, j=interpreted, Vv=VM code, C=native code)
V  [jvm.dll+0x683c9a]
V  [jvm.dll+0x8427a4]
V  [jvm.dll+0x843f9e]
V  [jvm.dll+0x844603]
V  [jvm.dll+0x249b75]
V  [jvm.dll+0x680b69]
V  [jvm.dll+0x67505a]
V  [jvm.dll+0x309acb]
V  [jvm.dll+0x310f86]
V  [jvm.dll+0x3608ee]
V  [jvm.dll+0x360b1f]
V  [jvm.dll+0x2dfbf8]
V  [jvm.dll+0x2ddec4]
V  [jvm.dll+0x2dd4cc]
V  [jvm.dll+0x321f3b]
V  [jvm.dll+0x848ccb]
V  [jvm.dll+0x849a04]
V  [jvm.dll+0x849f1d]
V  [jvm.dll+0x84a2f4]
V  [jvm.dll+0x84a3c0]
V  [jvm.dll+0x7f274a]
V  [jvm.dll+0x682ad5]
C  [ucrtbase.dll+0x21bb2]
C  [KERNEL32.DLL+0x17344]
C  [ntdll.dll+0x526b1]

VM_Operation (0x00000056eebfbe00): G1CollectForAllocation, mode: safepoint, requested by thread 0x000001d77d229700


---------------  P R O C E S S  ---------------

Threads class SMR info:
_java_thread_list=0x000001d70242b900, length=100, elements={
0x000001d75f14aa00, 0x000001d7786f4080, 0x000001d7786f4e00, 0x000001d7787467d0,
0x000001d779102480, 0x000001d779105160, 0x000001d7791068e0, 0x000001d77910d700,
0x000001d779120010, 0x000001d779122920, 0x000001d779105f40, 0x000001d7791080f0,
0x000001d7791085c0, 0x000001d779108a90, 0x000001d779108f60, 0x000001d779107280,
0x000001d779107750, 0x000001d779109430, 0x000001d779107c20, 0x000001d779105a70,
0x000001d77995fea0, 0x000001d77995ce80, 0x000001d779960840, 0x000001d77995e1c0,
0x000001d779960370, 0x000001d7799629f0, 0x000001d77995f500, 0x000001d779960d10,
0x000001d77995dcf0, 0x000001d7799611e0, 0x000001d77995f030, 0x000001d77995b1a0,
0x000001d77995eb60, 0x000001d77995f9d0, 0x000001d77995bb40, 0x000001d77995c4e0,
0x000001d77995c9b0, 0x000001d77995d350, 0x000001d77995d820, 0x000001d77c4067a0,
0x000001d77c4015d0, 0x000001d77c405930, 0x000001d77c407610, 0x000001d77c406c70,
0x000001d77c404f90, 0x000001d77c407140, 0x000001d77c401aa0, 0x000001d77c407ae0,
0x000001d77c405e00, 0x000001d77c404120, 0x000001d77c401f70, 0x000001d77c407fb0,
0x000001d77c400c30, 0x000001d77c408480, 0x000001d77c401100, 0x000001d77c402440,
0x000001d77c4045f0, 0x000001d77c402910, 0x000001d77c402de0, 0x000001d77c4032b0,
0x000001d77c403780, 0x000001d77c404ac0, 0x000001d77c403c50, 0x000001d77c405460,
0x000001d77c4062d0, 0x000001d77cc03040, 0x000001d77cc03510, 0x000001d77cc00020,
0x000001d77cc021d0, 0x000001d77cc026a0, 0x000001d77cbfece0, 0x000001d77cc039e0,
0x000001d77cc02b70, 0x000001d77cc01360, 0x000001d77cbfd000, 0x000001d77cbfc660,
0x000001d77cbfe340, 0x000001d77cbfc190, 0x000001d77cbfcb30, 0x000001d77cbfd9a0,
0x000001d77cbfde70, 0x000001d77cbff1b0, 0x000001d779106db0, 0x000001d77cc01d00,
0x000001d77d227a20, 0x000001d77d22af10, 0x000001d77d229230, 0x000001d77d2283c0,
0x000001d77d228d60, 0x000001d77d22e8d0, 0x000001d77d228890, 0x000001d77d22cbf0,
0x000001d77d22d0c0, 0x000001d77d229700, 0x000001d77d22a570, 0x000001d77d22c720,
0x000001d77d22da60, 0x000001d77d22e400, 0x000001d77c99beb0, 0x000001d77cc00e90
}

Java Threads: ( => current thread )
  0x000001d75f14aa00 JavaThread "main" [_thread_blocked, id=1656, stack(0x00000056e7f00000,0x00000056e8000000)]
  0x000001d7786f4080 JavaThread "Reference Handler" daemon [_thread_blocked, id=4724, stack(0x00000056e8600000,0x00000056e8700000)]
  0x000001d7786f4e00 JavaThread "Finalizer" daemon [_thread_blocked, id=7176, stack(0x00000056e8700000,0x00000056e8800000)]
  0x000001d7787467d0 JavaThread "Signal Dispatcher" daemon [_thread_blocked, id=9984, stack(0x00000056e8800000,0x00000056e8900000)]
  0x000001d779102480 JavaThread "Attach Listener" daemon [_thread_blocked, id=5560, stack(0x00000056e8900000,0x00000056e8a00000)]
  0x000001d779105160 JavaThread "Service Thread" daemon [_thread_blocked, id=5052, stack(0x00000056e8a00000,0x00000056e8b00000)]
  0x000001d7791068e0 JavaThread "Monitor Deflation Thread" daemon [_thread_blocked, id=8348, stack(0x00000056e8b00000,0x00000056e8c00000)]
  0x000001d77910d700 JavaThread "C2 CompilerThread0" daemon [_thread_blocked, id=8616, stack(0x00000056e8c00000,0x00000056e8d00000)]
  0x000001d779120010 JavaThread "C1 CompilerThread0" daemon [_thread_blocked, id=7124, stack(0x00000056e8d00000,0x00000056e8e00000)]
  0x000001d779122920 JavaThread "Sweeper thread" daemon [_thread_blocked, id=7220, stack(0x00000056e8e00000,0x00000056e8f00000)]
  0x000001d779105f40 JavaThread "Common-Cleaner" daemon [_thread_blocked, id=2180, stack(0x00000056e8f00000,0x00000056e9000000)]
  0x000001d7791080f0 JavaThread "Notification Thread" daemon [_thread_blocked, id=5796, stack(0x00000056e9000000,0x00000056e9100000)]
  0x000001d7791085c0 JavaThread "Daemon health stats" [_thread_blocked, id=5700, stack(0x00000056e9600000,0x00000056e9700000)]
  0x000001d779108a90 JavaThread "Incoming local TCP Connector on port 50563" [_thread_in_native, id=7728, stack(0x00000056e9200000,0x00000056e9300000)]
  0x000001d779108f60 JavaThread "Daemon periodic checks" [_thread_blocked, id=6388, stack(0x00000056e9700000,0x00000056e9800000)]
  0x000001d779107280 JavaThread "Daemon" [_thread_blocked, id=1384, stack(0x00000056e9800000,0x00000056e9900000)]
  0x000001d779107750 JavaThread "Handler for socket connection from /127.0.0.1:50563 to /127.0.0.1:50564" [_thread_in_native, id=4136, stack(0x00000056e9900000,0x00000056e9a00000)]
  0x000001d779109430 JavaThread "Cancel handler" [_thread_blocked, id=5056, stack(0x00000056e9a00000,0x00000056e9b00000)]
  0x000001d779107c20 JavaThread "Daemon worker" [_thread_blocked, id=4076, stack(0x00000056e9b00000,0x00000056e9c00000)]
  0x000001d779105a70 JavaThread "Asynchronous log dispatcher for DefaultDaemonConnection: socket connection from /127.0.0.1:50563 to /127.0.0.1:50564" [_thread_blocked, id=7312, stack(0x00000056e9c00000,0x00000056e9d00000)]
  0x000001d77995fea0 JavaThread "Daemon client event forwarder" [_thread_blocked, id=1316, stack(0x00000056e9e00000,0x00000056e9f00000)]
  0x000001d77995ce80 JavaThread "Cache worker for journal cache (C:\Users\refrizar.dwiardito\.jdks\openjdk-21\caches\journal-1)" [_thread_blocked, id=8996, stack(0x00000056e9f00000,0x00000056ea000000)]
  0x000001d779960840 JavaThread "File lock request listener" [_thread_in_native, id=10028, stack(0x00000056ea000000,0x00000056ea100000)]
  0x000001d77995e1c0 JavaThread "Cache worker for file hash cache (C:\Users\refrizar.dwiardito\.jdks\openjdk-21\caches\8.0\fileHashes)" [_thread_blocked, id=10024, stack(0x00000056ea100000,0x00000056ea200000)]
  0x000001d779960370 JavaThread "File watcher server" daemon [_thread_blocked, id=3608, stack(0x00000056ea200000,0x00000056ea300000)]
  0x000001d7799629f0 JavaThread "File watcher consumer" daemon [_thread_blocked, id=2068, stack(0x00000056ea300000,0x00000056ea400000)]
  0x000001d77995f500 JavaThread "Cache worker for checksums cache (C:\Users\refrizar.dwiardito\AndroidStudioProjects\Catwell\.gradle\8.0\checksums)" [_thread_blocked, id=6420, stack(0x00000056ea400000,0x00000056ea500000)]
  0x000001d779960d10 JavaThread "Cache worker for cache directory md-rule (C:\Users\refrizar.dwiardito\.jdks\openjdk-21\caches\8.0\md-rule)" [_thread_blocked, id=1208, stack(0x00000056ea500000,0x00000056ea600000)]
  0x000001d77995dcf0 JavaThread "Cache worker for file content cache (C:\Users\refrizar.dwiardito\.jdks\openjdk-21\caches\8.0\fileContent)" [_thread_blocked, id=5740, stack(0x00000056ea600000,0x00000056ea700000)]
  0x000001d7799611e0 JavaThread "Cache worker for file hash cache (C:\Users\refrizar.dwiardito\AndroidStudioProjects\Catwell\.gradle\8.0\fileHashes)" [_thread_blocked, id=4864, stack(0x00000056ea700000,0x00000056ea800000)]
  0x000001d77995f030 JavaThread "Cache worker for cache directory md-supplier (C:\Users\refrizar.dwiardito\.jdks\openjdk-21\caches\8.0\md-supplier)" [_thread_blocked, id=7416, stack(0x00000056ea800000,0x00000056ea900000)]
  0x000001d77995b1a0 JavaThread "Cache worker for execution history cache (C:\Users\refrizar.dwiardito\.jdks\openjdk-21\caches\8.0\executionHistory)" [_thread_blocked, id=6132, stack(0x00000056ea900000,0x00000056eaa00000)]
  0x000001d77995eb60 JavaThread "jar transforms" [_thread_blocked, id=6444, stack(0x00000056eaa00000,0x00000056eab00000)]
  0x000001d77995f9d0 JavaThread "jar transforms Thread 2" [_thread_blocked, id=9684, stack(0x00000056eab00000,0x00000056eac00000)]
  0x000001d77995bb40 JavaThread "jar transforms Thread 3" [_thread_blocked, id=1976, stack(0x00000056eae00000,0x00000056eaf00000)]
  0x000001d77995c4e0 JavaThread "jar transforms Thread 4" [_thread_blocked, id=8528, stack(0x00000056eaf00000,0x00000056eb000000)]
  0x000001d77995c9b0 JavaThread "Cache worker for dependencies-accessors (C:\Users\refrizar.dwiardito\AndroidStudioProjects\Catwell\.gradle\8.0\dependencies-accessors)" [_thread_blocked, id=2956, stack(0x00000056eb000000,0x00000056eb100000)]
  0x000001d77995d350 JavaThread "Cache worker for Build Output Cleanup Cache (C:\Users\refrizar.dwiardito\AndroidStudioProjects\Catwell\.gradle\buildOutputCleanup)" [_thread_blocked, id=10044, stack(0x00000056eb100000,0x00000056eb200000)]
  0x000001d77995d820 JavaThread "Unconstrained build operations" [_thread_blocked, id=1452, stack(0x00000056eac00000,0x00000056ead00000)]
  0x000001d77c4067a0 JavaThread "Unconstrained build operations Thread 2" [_thread_blocked, id=1264, stack(0x00000056eb200000,0x00000056eb300000)]
  0x000001d77c4015d0 JavaThread "Unconstrained build operations Thread 3" [_thread_blocked, id=10048, stack(0x00000056eb300000,0x00000056eb400000)]
  0x000001d77c405930 JavaThread "Unconstrained build operations Thread 4" [_thread_blocked, id=4564, stack(0x00000056eb400000,0x00000056eb500000)]
  0x000001d77c407610 JavaThread "Unconstrained build operations Thread 5" [_thread_blocked, id=3240, stack(0x00000056eb500000,0x00000056eb600000)]
  0x000001d77c406c70 JavaThread "Unconstrained build operations Thread 6" [_thread_blocked, id=5840, stack(0x00000056eb600000,0x00000056eb700000)]
  0x000001d77c404f90 JavaThread "Unconstrained build operations Thread 7" [_thread_blocked, id=9388, stack(0x00000056eb700000,0x00000056eb800000)]
  0x000001d77c407140 JavaThread "Unconstrained build operations Thread 8" [_thread_blocked, id=9392, stack(0x00000056eb800000,0x00000056eb900000)]
  0x000001d77c401aa0 JavaThread "Unconstrained build operations Thread 9" [_thread_blocked, id=1480, stack(0x00000056eb900000,0x00000056eba00000)]
  0x000001d77c407ae0 JavaThread "Unconstrained build operations Thread 10" [_thread_blocked, id=10052, stack(0x00000056eba00000,0x00000056ebb00000)]
  0x000001d77c405e00 JavaThread "Unconstrained build operations Thread 11" [_thread_blocked, id=9920, stack(0x00000056ebb00000,0x00000056ebc00000)]
  0x000001d77c404120 JavaThread "Unconstrained build operations Thread 12" [_thread_blocked, id=9404, stack(0x00000056ebc00000,0x00000056ebd00000)]
  0x000001d77c401f70 JavaThread "Unconstrained build operations Thread 13" [_thread_blocked, id=7060, stack(0x00000056ebd00000,0x00000056ebe00000)]
  0x000001d77c407fb0 JavaThread "Unconstrained build operations Thread 14" [_thread_blocked, id=10056, stack(0x00000056ebe00000,0x00000056ebf00000)]
  0x000001d77c400c30 JavaThread "Unconstrained build operations Thread 15" [_thread_blocked, id=2080, stack(0x00000056ebf00000,0x00000056ec000000)]
  0x000001d77c408480 JavaThread "Unconstrained build operations Thread 16" [_thread_blocked, id=7092, stack(0x00000056ec000000,0x00000056ec100000)]
  0x000001d77c401100 JavaThread "Unconstrained build operations Thread 17" [_thread_blocked, id=4068, stack(0x00000056ec100000,0x00000056ec200000)]
  0x000001d77c402440 JavaThread "Unconstrained build operations Thread 18" [_thread_blocked, id=6884, stack(0x00000056ec200000,0x00000056ec300000)]
  0x000001d77c4045f0 JavaThread "Unconstrained build operations Thread 19" [_thread_blocked, id=3080, stack(0x00000056ec300000,0x00000056ec400000)]
  0x000001d77c402910 JavaThread "Unconstrained build operations Thread 20" [_thread_blocked, id=7536, stack(0x00000056ec400000,0x00000056ec500000)]
  0x000001d77c402de0 JavaThread "Unconstrained build operations Thread 21" [_thread_blocked, id=2716, stack(0x00000056ec500000,0x00000056ec600000)]
  0x000001d77c4032b0 JavaThread "Unconstrained build operations Thread 22" [_thread_blocked, id=8164, stack(0x00000056ec600000,0x00000056ec700000)]
  0x000001d77c403780 JavaThread "Unconstrained build operations Thread 23" [_thread_blocked, id=2932, stack(0x00000056ec700000,0x00000056ec800000)]
  0x000001d77c404ac0 JavaThread "Unconstrained build operations Thread 24" [_thread_blocked, id=10064, stack(0x00000056ec800000,0x00000056ec900000)]
  0x000001d77c403c50 JavaThread "Unconstrained build operations Thread 25" [_thread_blocked, id=9616, stack(0x00000056ec900000,0x00000056eca00000)]
  0x000001d77c405460 JavaThread "Unconstrained build operations Thread 26" [_thread_blocked, id=7328, stack(0x00000056eca00000,0x00000056ecb00000)]
  0x000001d77c4062d0 JavaThread "Unconstrained build operations Thread 27" [_thread_blocked, id=9836, stack(0x00000056ecb00000,0x00000056ecc00000)]
  0x000001d77cc03040 JavaThread "Unconstrained build operations Thread 28" [_thread_blocked, id=2720, stack(0x00000056ecc00000,0x00000056ecd00000)]
  0x000001d77cc03510 JavaThread "Unconstrained build operations Thread 29" [_thread_blocked, id=1524, stack(0x00000056ecd00000,0x00000056ece00000)]
  0x000001d77cc00020 JavaThread "Unconstrained build operations Thread 30" [_thread_blocked, id=6308, stack(0x00000056ece00000,0x00000056ecf00000)]
  0x000001d77cc021d0 JavaThread "Unconstrained build operations Thread 31" [_thread_blocked, id=372, stack(0x00000056ecf00000,0x00000056ed000000)]
  0x000001d77cc026a0 JavaThread "Unconstrained build operations Thread 32" [_thread_blocked, id=616, stack(0x00000056ed000000,0x00000056ed100000)]
  0x000001d77cbfece0 JavaThread "Unconstrained build operations Thread 33" [_thread_blocked, id=8120, stack(0x00000056ed100000,0x00000056ed200000)]
  0x000001d77cc039e0 JavaThread "Unconstrained build operations Thread 34" [_thread_blocked, id=10096, stack(0x00000056ed200000,0x00000056ed300000)]
  0x000001d77cc02b70 JavaThread "Unconstrained build operations Thread 35" [_thread_blocked, id=10100, stack(0x00000056ed300000,0x00000056ed400000)]
  0x000001d77cc01360 JavaThread "Unconstrained build operations Thread 36" [_thread_blocked, id=10104, stack(0x00000056ed400000,0x00000056ed500000)]
  0x000001d77cbfd000 JavaThread "Unconstrained build operations Thread 37" [_thread_blocked, id=7564, stack(0x00000056ed500000,0x00000056ed600000)]
  0x000001d77cbfc660 JavaThread "Unconstrained build operations Thread 38" [_thread_blocked, id=3768, stack(0x00000056ed600000,0x00000056ed700000)]
  0x000001d77cbfe340 JavaThread "Unconstrained build operations Thread 39" [_thread_blocked, id=9500, stack(0x00000056ed700000,0x00000056ed800000)]
  0x000001d77cbfc190 JavaThread "Unconstrained build operations Thread 40" [_thread_blocked, id=9508, stack(0x00000056ed800000,0x00000056ed900000)]
  0x000001d77cbfcb30 JavaThread "build event listener" [_thread_blocked, id=4456, stack(0x00000056ed900000,0x00000056eda00000)]
  0x000001d77cbfd9a0 JavaThread "Memory manager" [_thread_blocked, id=4052, stack(0x00000056edb00000,0x00000056edc00000)]
  0x000001d77cbfde70 JavaThread "build event listener" [_thread_blocked, id=10192, stack(0x00000056edc00000,0x00000056edd00000)]
  0x000001d77cbff1b0 JavaThread "build event listener" [_thread_blocked, id=9336, stack(0x00000056eda00000,0x00000056edb00000)]
  0x000001d779106db0 JavaThread "included builds" [_thread_blocked, id=5324, stack(0x00000056ee000000,0x00000056ee100000)]
  0x000001d77cc01d00 JavaThread "Execution worker" [_thread_blocked, id=5496, stack(0x00000056ee100000,0x00000056ee200000)]
  0x000001d77d227a20 JavaThread "Execution worker Thread 2" [_thread_blocked, id=9304, stack(0x00000056ee200000,0x00000056ee300000)]
  0x000001d77d22af10 JavaThread "Execution worker Thread 3" [_thread_blocked, id=3144, stack(0x00000056ee300000,0x00000056ee400000)]
  0x000001d77d229230 JavaThread "Cache worker for execution history cache (C:\Users\refrizar.dwiardito\AndroidStudioProjects\Catwell\.gradle\8.0\executionHistory)" [_thread_blocked, id=9240, stack(0x00000056ee400000,0x00000056ee500000)]
  0x000001d77d2283c0 JavaThread "WorkerExecutor Queue" [_thread_blocked, id=2408, stack(0x00000056ee500000,0x00000056ee600000)]
  0x000001d77d228d60 JavaThread "pool-3-thread-1" [_thread_blocked, id=9232, stack(0x00000056ee600000,0x00000056ee700000)]
  0x000001d77d22e8d0 JavaThread "stderr" [_thread_in_native, id=4880, stack(0x00000056ee700000,0x00000056ee800000)]
  0x000001d77d228890 JavaThread "stdout" [_thread_in_native, id=7688, stack(0x00000056ee800000,0x00000056ee900000)]
  0x000001d77d22cbf0 JavaThread "WorkerExecutor Queue Thread 2" [_thread_blocked, id=2252, stack(0x00000056ee900000,0x00000056eea00000)]
  0x000001d77d22d0c0 JavaThread "WorkerExecutor Queue Thread 3" [_thread_blocked, id=5152, stack(0x00000056eea00000,0x00000056eeb00000)]
  0x000001d77d229700 JavaThread "WorkerExecutor Queue Thread 4" [_thread_blocked, id=6508, stack(0x00000056eeb00000,0x00000056eec00000)]
  0x000001d77d22a570 JavaThread "ForkJoinPool-1-worker-1" daemon [_thread_blocked, id=4808, stack(0x00000056eec00000,0x00000056eed00000)]
  0x000001d77d22c720 JavaThread "ForkJoinPool-1-worker-2" daemon [_thread_blocked, id=1464, stack(0x00000056eed00000,0x00000056eee00000)]
  0x000001d77d22da60 JavaThread "ForkJoinPool-1-worker-3" daemon [_thread_blocked, id=10236, stack(0x00000056eee00000,0x00000056eef00000)]
  0x000001d77d22e400 JavaThread "ForkJoinPool-1-worker-4" daemon [_thread_blocked, id=5736, stack(0x00000056eef00000,0x00000056ef000000)]
  0x000001d77c99beb0 JavaThread "C2 CompilerThread1" daemon [_thread_blocked, id=1552, stack(0x00000056e7c00000,0x00000056e7d00000)]
  0x000001d77cc00e90 JavaThread "WorkerExecutor Queue Thread 5" [_thread_blocked, id=9280, stack(0x00000056e7d00000,0x00000056e7e00000)]

Other Threads:
=>0x000001d778724e50 VMThread "VM Thread" [stack: 0x00000056e8500000,0x00000056e8600000] [id=3160]
  0x000001d75f1c1c70 WatcherThread [stack: 0x00000056e9100000,0x00000056e9200000] [id=8728]
  0x000001d75f1a7f40 GCTaskThread "GC Thread#0" [stack: 0x00000056e8000000,0x00000056e8100000] [id=7788]
  0x000001d7797fe970 GCTaskThread "GC Thread#1" [stack: 0x00000056e9300000,0x00000056e9400000] [id=7548]
  0x000001d779548040 GCTaskThread "GC Thread#2" [stack: 0x00000056e9400000,0x00000056e9500000] [id=7368]
  0x000001d77a22bc80 GCTaskThread "GC Thread#3" [stack: 0x00000056e9500000,0x00000056e9600000] [id=2896]
  0x000001d75f1b9da0 ConcurrentGCThread "G1 Main Marker" [stack: 0x00000056e8100000,0x00000056e8200000] [id=1896]
  0x000001d75f1bae60 ConcurrentGCThread "G1 Conc#0" [stack: 0x00000056e8200000,0x00000056e8300000] [id=4928]
  0x000001d75f21d5b0 ConcurrentGCThread "G1 Refine#0" [stack: 0x00000056e8300000,0x00000056e8400000] [id=1256]
  0x000001d77bd81c00 ConcurrentGCThread "G1 Refine#1" [stack: 0x00000056ead00000,0x00000056eae00000] [id=4272]
  0x000001d77fba4750 ConcurrentGCThread "G1 Refine#2" [stack: 0x00000056ef000000,0x00000056ef100000] [id=5724]
  0x000001d77d5143f0 ConcurrentGCThread "G1 Refine#3" [stack: 0x00000056ef100000,0x00000056ef200000] [id=9476]
  0x000001d75f21dee0 ConcurrentGCThread "G1 Service" [stack: 0x00000056e8400000,0x00000056e8500000] [id=2304]

Threads with active compile tasks:
C2 CompilerThread0    68155 15375       4       com.android.tools.r8.internal.PJ::put (261 bytes)
C2 CompilerThread1    68155 15261       4       com.android.tools.r8.dex.code.P::a (58 bytes)

VM state: at safepoint (normal execution)

VM Mutex/Monitor currently owned by a thread:  ([mutex/lock_event])
[0x000001d75f145690] Threads_lock - owner thread: 0x000001d778724e50
[0x000001d75f145210] Heap_lock - owner thread: 0x000001d77d229700

Heap address: 0x0000000080000000, size: 2048 MB, Compressed Oops mode: 32-bit

CDS archive(s) not mapped
Compressed class space mapped at: 0x0000000100000000-0x0000000140000000, reserved size: 1073741824
Narrow klass base: 0x0000000000000000, Narrow klass shift: 3, Narrow klass range: 0x140000000

GC Precious Log:
 CPUs: 4 total, 4 available
 Memory: 8083M
 Large Page Support: Disabled
 NUMA Support: Disabled
 Compressed Oops: Enabled (32-bit)
 Heap Region Size: 1M
 Heap Min Capacity: 8M
 Heap Initial Capacity: 128M
 Heap Max Capacity: 2G
 Pre-touch: Disabled
 Parallel Workers: 4
 Concurrent Workers: 1
 Concurrent Refinement Workers: 4
 Periodic GC: Disabled

Heap:
 garbage-first heap   total 330752K, used 252843K [0x0000000080000000, 0x0000000100000000)
  region size 1024K, 5 young (5120K), 5 survivors (5120K)
 Metaspace       used 110859K, committed 111616K, reserved 1146880K
  class space    used 15189K, committed 15552K, reserved 1048576K

Heap Regions: E=young(eden), S=young(survivor), O=old, HS=humongous(starts), HC=humongous(continues), CS=collection set, F=free, OA=open archive, CA=closed archive, TAMS=top-at-mark-start (previous, next)
|   0|0x0000000080000000, 0x0000000080100000, 0x0000000080100000|100%| O|  |TAMS 0x0000000080100000, 0x0000000080000000| Untracked 
|   1|0x0000000080100000, 0x0000000080200000, 0x0000000080200000|100%| O|  |TAMS 0x0000000080200000, 0x0000000080100000| Untracked 
|   2|0x0000000080200000, 0x0000000080300000, 0x0000000080300000|100%|HS|  |TAMS 0x0000000080300000, 0x0000000080200000| Complete 
|   3|0x0000000080300000, 0x0000000080400000, 0x0000000080400000|100%|HC|  |TAMS 0x0000000080400000, 0x0000000080300000| Complete 
|   4|0x0000000080400000, 0x0000000080500000, 0x0000000080500000|100%|HC|  |TAMS 0x0000000080500000, 0x0000000080400000| Complete 
|   5|0x0000000080500000, 0x0000000080600000, 0x0000000080600000|100%|HC|  |TAMS 0x0000000080600000, 0x0000000080500000| Complete 
|   6|0x0000000080600000, 0x0000000080700000, 0x0000000080700000|100%| O|  |TAMS 0x0000000080700000, 0x0000000080600000| Untracked 
|   7|0x0000000080700000, 0x0000000080800000, 0x0000000080800000|100%| O|  |TAMS 0x0000000080800000, 0x0000000080700000| Untracked 
|   8|0x0000000080800000, 0x0000000080900000, 0x0000000080900000|100%| O|  |TAMS 0x0000000080900000, 0x0000000080800000| Untracked 
|   9|0x0000000080900000, 0x0000000080a00000, 0x0000000080a00000|100%| O|  |TAMS 0x0000000080a00000, 0x0000000080900000| Untracked 
|  10|0x0000000080a00000, 0x0000000080b00000, 0x0000000080b00000|100%| O|  |TAMS 0x0000000080b00000, 0x0000000080a00000| Untracked 
|  11|0x0000000080b00000, 0x0000000080c00000, 0x0000000080c00000|100%| O|  |TAMS 0x0000000080c00000, 0x0000000080b00000| Untracked 
|  12|0x0000000080c00000, 0x0000000080d00000, 0x0000000080d00000|100%| O|  |TAMS 0x0000000080d00000, 0x0000000080c00000| Untracked 
|  13|0x0000000080d00000, 0x0000000080e00000, 0x0000000080e00000|100%| O|  |TAMS 0x0000000080e00000, 0x0000000080d00000| Untracked 
|  14|0x0000000080e00000, 0x0000000080f00000, 0x0000000080f00000|100%| O|  |TAMS 0x0000000080f00000, 0x0000000080e00000| Untracked 
|  15|0x0000000080f00000, 0x0000000081000000, 0x0000000081000000|100%| O|  |TAMS 0x0000000081000000, 0x0000000080f00000| Untracked 
|  16|0x0000000081000000, 0x0000000081100000, 0x0000000081100000|100%| O|  |TAMS 0x0000000081100000, 0x0000000081000000| Untracked 
|  17|0x0000000081100000, 0x0000000081200000, 0x0000000081200000|100%| O|  |TAMS 0x0000000081200000, 0x0000000081100000| Untracked 
|  18|0x0000000081200000, 0x0000000081300000, 0x0000000081300000|100%| O|  |TAMS 0x0000000081300000, 0x0000000081200000| Untracked 
|  19|0x0000000081300000, 0x0000000081400000, 0x0000000081400000|100%| O|  |TAMS 0x0000000081400000, 0x0000000081300000| Untracked 
|  20|0x0000000081400000, 0x0000000081500000, 0x0000000081500000|100%| O|  |TAMS 0x0000000081500000, 0x0000000081400000| Untracked 
|  21|0x0000000081500000, 0x0000000081600000, 0x0000000081600000|100%| O|  |TAMS 0x0000000081600000, 0x0000000081500000| Untracked 
|  22|0x0000000081600000, 0x0000000081700000, 0x0000000081700000|100%| O|  |TAMS 0x0000000081700000, 0x0000000081600000| Untracked 
|  23|0x0000000081700000, 0x0000000081800000, 0x0000000081800000|100%| O|  |TAMS 0x0000000081800000, 0x0000000081700000| Untracked 
|  24|0x0000000081800000, 0x0000000081900000, 0x0000000081900000|100%| O|  |TAMS 0x0000000081900000, 0x0000000081800000| Untracked 
|  25|0x0000000081900000, 0x0000000081a00000, 0x0000000081a00000|100%| O|  |TAMS 0x0000000081a00000, 0x0000000081900000| Untracked 
|  26|0x0000000081a00000, 0x0000000081b00000, 0x0000000081b00000|100%| O|  |TAMS 0x0000000081b00000, 0x0000000081a00000| Untracked 
|  27|0x0000000081b00000, 0x0000000081c00000, 0x0000000081c00000|100%| O|  |TAMS 0x0000000081c00000, 0x0000000081b00000| Untracked 
|  28|0x0000000081c00000, 0x0000000081d00000, 0x0000000081d00000|100%| O|  |TAMS 0x0000000081d00000, 0x0000000081c00000| Untracked 
|  29|0x0000000081d00000, 0x0000000081e00000, 0x0000000081e00000|100%| O|  |TAMS 0x0000000081e00000, 0x0000000081d00000| Untracked 
|  30|0x0000000081e00000, 0x0000000081f00000, 0x0000000081f00000|100%| O|  |TAMS 0x0000000081f00000, 0x0000000081e00000| Untracked 
|  31|0x0000000081f00000, 0x0000000082000000, 0x0000000082000000|100%| O|  |TAMS 0x0000000082000000, 0x0000000081f00000| Untracked 
|  32|0x0000000082000000, 0x0000000082100000, 0x0000000082100000|100%| O|  |TAMS 0x0000000082100000, 0x0000000082000000| Untracked 
|  33|0x0000000082100000, 0x0000000082200000, 0x0000000082200000|100%|HS|  |TAMS 0x0000000082200000, 0x0000000082100000| Complete 
|  34|0x0000000082200000, 0x0000000082300000, 0x0000000082300000|100%|HS|  |TAMS 0x0000000082300000, 0x0000000082200000| Complete 
|  35|0x0000000082300000, 0x0000000082400000, 0x0000000082400000|100%|HC|  |TAMS 0x0000000082400000, 0x0000000082300000| Complete 
|  36|0x0000000082400000, 0x0000000082500000, 0x0000000082500000|100%|HS|  |TAMS 0x0000000082500000, 0x0000000082400000| Complete 
|  37|0x0000000082500000, 0x0000000082600000, 0x0000000082600000|100%|HS|  |TAMS 0x0000000082600000, 0x0000000082500000| Complete 
|  38|0x0000000082600000, 0x0000000082700000, 0x0000000082700000|100%| O|  |TAMS 0x0000000082700000, 0x0000000082600000| Untracked 
|  39|0x0000000082700000, 0x0000000082800000, 0x0000000082800000|100%| O|  |TAMS 0x0000000082800000, 0x0000000082700000| Untracked 
|  40|0x0000000082800000, 0x0000000082900000, 0x0000000082900000|100%| O|  |TAMS 0x0000000082900000, 0x0000000082800000| Untracked 
|  41|0x0000000082900000, 0x0000000082a00000, 0x0000000082a00000|100%| O|  |TAMS 0x0000000082a00000, 0x0000000082900000| Untracked 
|  42|0x0000000082a00000, 0x0000000082b00000, 0x0000000082b00000|100%| O|  |TAMS 0x0000000082b00000, 0x0000000082a00000| Untracked 
|  43|0x0000000082b00000, 0x0000000082c00000, 0x0000000082c00000|100%|HS|  |TAMS 0x0000000082c00000, 0x0000000082b00000| Complete 
|  44|0x0000000082c00000, 0x0000000082d00000, 0x0000000082d00000|100%|HC|  |TAMS 0x0000000082d00000, 0x0000000082c00000| Complete 
|  45|0x0000000082d00000, 0x0000000082e00000, 0x0000000082e00000|100%|HC|  |TAMS 0x0000000082e00000, 0x0000000082d00000| Complete 
|  46|0x0000000082e00000, 0x0000000082f00000, 0x0000000082f00000|100%|HC|  |TAMS 0x0000000082f00000, 0x0000000082e00000| Complete 
|  47|0x0000000082f00000, 0x0000000083000000, 0x0000000083000000|100%| O|  |TAMS 0x0000000083000000, 0x0000000082f00000| Untracked 
|  48|0x0000000083000000, 0x0000000083100000, 0x0000000083100000|100%| O|  |TAMS 0x0000000083100000, 0x0000000083000000| Untracked 
|  49|0x0000000083100000, 0x0000000083200000, 0x0000000083200000|100%| O|  |TAMS 0x0000000083200000, 0x0000000083100000| Untracked 
|  50|0x0000000083200000, 0x0000000083300000, 0x0000000083300000|100%| O|  |TAMS 0x0000000083300000, 0x0000000083200000| Untracked 
|  51|0x0000000083300000, 0x0000000083400000, 0x0000000083400000|100%| O|  |TAMS 0x0000000083400000, 0x0000000083300000| Untracked 
|  52|0x0000000083400000, 0x0000000083500000, 0x0000000083500000|100%| O|  |TAMS 0x0000000083500000, 0x0000000083400000| Untracked 
|  53|0x0000000083500000, 0x0000000083600000, 0x0000000083600000|100%| O|  |TAMS 0x0000000083600000, 0x0000000083500000| Untracked 
|  54|0x0000000083600000, 0x0000000083700000, 0x0000000083700000|100%| O|  |TAMS 0x0000000083700000, 0x0000000083600000| Untracked 
|  55|0x0000000083700000, 0x0000000083800000, 0x0000000083800000|100%| O|  |TAMS 0x0000000083800000, 0x0000000083700000| Untracked 
|  56|0x0000000083800000, 0x0000000083900000, 0x0000000083900000|100%| O|  |TAMS 0x0000000083900000, 0x0000000083800000| Untracked 
|  57|0x0000000083900000, 0x0000000083a00000, 0x0000000083a00000|100%| O|  |TAMS 0x0000000083a00000, 0x0000000083900000| Untracked 
|  58|0x0000000083a00000, 0x0000000083b00000, 0x0000000083b00000|100%| O|  |TAMS 0x0000000083b00000, 0x0000000083a00000| Untracked 
|  59|0x0000000083b00000, 0x0000000083c00000, 0x0000000083c00000|100%| O|  |TAMS 0x0000000083c00000, 0x0000000083b00000| Untracked 
|  60|0x0000000083c00000, 0x0000000083d00000, 0x0000000083d00000|100%| O|  |TAMS 0x0000000083d00000, 0x0000000083c00000| Untracked 
|  61|0x0000000083d00000, 0x0000000083e00000, 0x0000000083e00000|100%| O|  |TAMS 0x0000000083e00000, 0x0000000083d00000| Untracked 
|  62|0x0000000083e00000, 0x0000000083f00000, 0x0000000083f00000|100%| O|  |TAMS 0x0000000083f00000, 0x0000000083e00000| Untracked 
|  63|0x0000000083f00000, 0x0000000084000000, 0x0000000084000000|100%| O|  |TAMS 0x0000000084000000, 0x0000000083f00000| Untracked 
|  64|0x0000000084000000, 0x0000000084100000, 0x0000000084100000|100%| O|  |TAMS 0x0000000084100000, 0x0000000084000000| Untracked 
|  65|0x0000000084100000, 0x0000000084200000, 0x0000000084200000|100%| O|  |TAMS 0x0000000084200000, 0x0000000084100000| Untracked 
|  66|0x0000000084200000, 0x0000000084300000, 0x0000000084300000|100%| O|  |TAMS 0x0000000084300000, 0x0000000084200000| Untracked 
|  67|0x0000000084300000, 0x0000000084400000, 0x0000000084400000|100%| O|  |TAMS 0x0000000084400000, 0x0000000084300000| Untracked 
|  68|0x0000000084400000, 0x0000000084500000, 0x0000000084500000|100%| O|  |TAMS 0x0000000084500000, 0x0000000084400000| Untracked 
|  69|0x0000000084500000, 0x0000000084600000, 0x0000000084600000|100%| O|  |TAMS 0x0000000084600000, 0x0000000084500000| Untracked 
|  70|0x0000000084600000, 0x0000000084700000, 0x0000000084700000|100%| O|  |TAMS 0x0000000084700000, 0x0000000084600000| Untracked 
|  71|0x0000000084700000, 0x0000000084800000, 0x0000000084800000|100%| O|  |TAMS 0x0000000084800000, 0x0000000084700000| Untracked 
|  72|0x0000000084800000, 0x0000000084900000, 0x0000000084900000|100%| O|  |TAMS 0x0000000084900000, 0x0000000084800000| Untracked 
|  73|0x0000000084900000, 0x0000000084a00000, 0x0000000084a00000|100%| O|  |TAMS 0x0000000084a00000, 0x0000000084900000| Untracked 
|  74|0x0000000084a00000, 0x0000000084b00000, 0x0000000084b00000|100%| O|  |TAMS 0x0000000084b00000, 0x0000000084a00000| Untracked 
|  75|0x0000000084b00000, 0x0000000084c00000, 0x0000000084c00000|100%| O|  |TAMS 0x0000000084c00000, 0x0000000084b00000| Untracked 
|  76|0x0000000084c00000, 0x0000000084d00000, 0x0000000084d00000|100%| O|  |TAMS 0x0000000084d00000, 0x0000000084c00000| Untracked 
|  77|0x0000000084d00000, 0x0000000084e00000, 0x0000000084e00000|100%| O|  |TAMS 0x0000000084e00000, 0x0000000084d00000| Untracked 
|  78|0x0000000084e00000, 0x0000000084f00000, 0x0000000084f00000|100%| O|  |TAMS 0x0000000084f00000, 0x0000000084e00000| Untracked 
|  79|0x0000000084f00000, 0x0000000085000000, 0x0000000085000000|100%| O|  |TAMS 0x0000000085000000, 0x0000000084f00000| Untracked 
|  80|0x0000000085000000, 0x0000000085100000, 0x0000000085100000|100%| O|  |TAMS 0x0000000085100000, 0x0000000085000000| Untracked 
|  81|0x0000000085100000, 0x0000000085200000, 0x0000000085200000|100%|HS|  |TAMS 0x0000000085100000, 0x0000000085100000| Complete 
|  82|0x0000000085200000, 0x0000000085300000, 0x0000000085300000|100%| O|  |TAMS 0x0000000085300000, 0x0000000085200000| Untracked 
|  83|0x0000000085300000, 0x0000000085400000, 0x0000000085400000|100%| O|  |TAMS 0x0000000085400000, 0x0000000085300000| Untracked 
|  84|0x0000000085400000, 0x0000000085500000, 0x0000000085500000|100%| O|  |TAMS 0x0000000085500000, 0x0000000085400000| Untracked 
|  85|0x0000000085500000, 0x0000000085600000, 0x0000000085600000|100%| O|  |TAMS 0x0000000085600000, 0x0000000085500000| Untracked 
|  86|0x0000000085600000, 0x0000000085700000, 0x0000000085700000|100%| O|  |TAMS 0x0000000085700000, 0x0000000085600000| Untracked 
|  87|0x0000000085700000, 0x0000000085800000, 0x0000000085800000|100%| O|  |TAMS 0x0000000085800000, 0x0000000085700000| Untracked 
|  88|0x0000000085800000, 0x0000000085900000, 0x0000000085900000|100%| O|  |TAMS 0x0000000085800000, 0x0000000085800000| Untracked 
|  89|0x0000000085900000, 0x0000000085a00000, 0x0000000085a00000|100%| O|  |TAMS 0x0000000085a00000, 0x0000000085900000| Untracked 
|  90|0x0000000085a00000, 0x0000000085b00000, 0x0000000085b00000|100%| O|  |TAMS 0x0000000085b00000, 0x0000000085a00000| Untracked 
|  91|0x0000000085b00000, 0x0000000085c00000, 0x0000000085c00000|100%| O|  |TAMS 0x0000000085c00000, 0x0000000085b00000| Untracked 
|  92|0x0000000085c00000, 0x0000000085d00000, 0x0000000085d00000|100%|HS|  |TAMS 0x0000000085c00000, 0x0000000085c00000| Complete 
|  93|0x0000000085d00000, 0x0000000085e00000, 0x0000000085e00000|100%| O|  |TAMS 0x0000000085e00000, 0x0000000085d00000| Untracked 
|  94|0x0000000085e00000, 0x0000000085f00000, 0x0000000085f00000|100%| O|  |TAMS 0x0000000085e00000, 0x0000000085e00000| Untracked 
|  95|0x0000000085f00000, 0x0000000086000000, 0x0000000086000000|100%| O|  |TAMS 0x0000000086000000, 0x0000000085f00000| Untracked 
|  96|0x0000000086000000, 0x0000000086100000, 0x0000000086100000|100%| O|  |TAMS 0x0000000086100000, 0x0000000086000000| Untracked 
|  97|0x0000000086100000, 0x0000000086200000, 0x0000000086200000|100%| O|  |TAMS 0x0000000086200000, 0x0000000086100000| Untracked 
|  98|0x0000000086200000, 0x0000000086300000, 0x0000000086300000|100%| O|  |TAMS 0x0000000086300000, 0x0000000086200000| Untracked 
|  99|0x0000000086300000, 0x0000000086400000, 0x0000000086400000|100%| O|  |TAMS 0x0000000086400000, 0x0000000086300000| Untracked 
| 100|0x0000000086400000, 0x0000000086500000, 0x0000000086500000|100%| O|  |TAMS 0x00000000864e5e00, 0x0000000086400000| Untracked 
| 101|0x0000000086500000, 0x0000000086600000, 0x0000000086600000|100%| O|  |TAMS 0x0000000086500000, 0x0000000086500000| Untracked 
| 102|0x0000000086600000, 0x0000000086700000, 0x0000000086700000|100%| O|  |TAMS 0x0000000086600000, 0x0000000086600000| Untracked 
| 103|0x0000000086700000, 0x0000000086800000, 0x0000000086800000|100%| O|  |TAMS 0x0000000086700000, 0x0000000086700000| Untracked 
| 104|0x0000000086800000, 0x0000000086900000, 0x0000000086900000|100%| O|  |TAMS 0x0000000086800000, 0x0000000086800000| Untracked 
| 105|0x0000000086900000, 0x0000000086a00000, 0x0000000086a00000|100%| O|  |TAMS 0x0000000086900000, 0x0000000086900000| Untracked 
| 106|0x0000000086a00000, 0x0000000086b00000, 0x0000000086b00000|100%| O|  |TAMS 0x0000000086a00000, 0x0000000086a00000| Untracked 
| 107|0x0000000086b00000, 0x0000000086c00000, 0x0000000086c00000|100%| O|  |TAMS 0x0000000086b00000, 0x0000000086b00000| Untracked 
| 108|0x0000000086c00000, 0x0000000086d00000, 0x0000000086d00000|100%| O|  |TAMS 0x0000000086c00000, 0x0000000086c00000| Untracked 
| 109|0x0000000086d00000, 0x0000000086e00000, 0x0000000086e00000|100%|HS|  |TAMS 0x0000000086d00000, 0x0000000086d00000| Complete 
| 110|0x0000000086e00000, 0x0000000086f00000, 0x0000000086f00000|100%|HC|  |TAMS 0x0000000086e00000, 0x0000000086e00000| Complete 
| 111|0x0000000086f00000, 0x0000000087000000, 0x0000000087000000|100%|HS|  |TAMS 0x0000000086f00000, 0x0000000086f00000| Complete 
| 112|0x0000000087000000, 0x0000000087100000, 0x0000000087100000|100%|HS|  |TAMS 0x0000000087000000, 0x0000000087000000| Complete 
| 113|0x0000000087100000, 0x0000000087200000, 0x0000000087200000|100%|HC|  |TAMS 0x0000000087100000, 0x0000000087100000| Complete 
| 114|0x0000000087200000, 0x0000000087300000, 0x0000000087300000|100%|HS|  |TAMS 0x0000000087200000, 0x0000000087200000| Complete 
| 115|0x0000000087300000, 0x0000000087400000, 0x0000000087400000|100%|HC|  |TAMS 0x0000000087300000, 0x0000000087300000| Complete 
| 116|0x0000000087400000, 0x0000000087500000, 0x0000000087500000|100%|HS|  |TAMS 0x0000000087400000, 0x0000000087400000| Complete 
| 117|0x0000000087500000, 0x0000000087600000, 0x0000000087600000|100%|HC|  |TAMS 0x0000000087500000, 0x0000000087500000| Complete 
| 118|0x0000000087600000, 0x0000000087700000, 0x0000000087700000|100%|HC|  |TAMS 0x0000000087600000, 0x0000000087600000| Complete 
| 119|0x0000000087700000, 0x0000000087800000, 0x0000000087800000|100%| O|  |TAMS 0x0000000087700000, 0x0000000087700000| Untracked 
| 120|0x0000000087800000, 0x0000000087900000, 0x0000000087900000|100%| O|  |TAMS 0x0000000087800000, 0x0000000087800000| Untracked 
| 121|0x0000000087900000, 0x0000000087a00000, 0x0000000087a00000|100%| O|  |TAMS 0x0000000087900000, 0x0000000087900000| Untracked 
| 122|0x0000000087a00000, 0x0000000087b00000, 0x0000000087b00000|100%| O|  |TAMS 0x0000000087a00000, 0x0000000087a00000| Untracked 
| 123|0x0000000087b00000, 0x0000000087c00000, 0x0000000087c00000|100%|HS|  |TAMS 0x0000000087b00000, 0x0000000087b00000| Complete 
| 124|0x0000000087c00000, 0x0000000087d00000, 0x0000000087d00000|100%|HC|  |TAMS 0x0000000087c00000, 0x0000000087c00000| Complete 
| 125|0x0000000087d00000, 0x0000000087e00000, 0x0000000087e00000|100%| O|  |TAMS 0x0000000087d00000, 0x0000000087d00000| Untracked 
| 126|0x0000000087e00000, 0x0000000087f00000, 0x0000000087f00000|100%|HS|  |TAMS 0x0000000087e00000, 0x0000000087e00000| Complete 
| 127|0x0000000087f00000, 0x0000000088000000, 0x0000000088000000|100%| O|  |TAMS 0x0000000087f00000, 0x0000000087f00000| Untracked 
| 128|0x0000000088000000, 0x0000000088100000, 0x0000000088100000|100%|HS|  |TAMS 0x0000000088000000, 0x0000000088000000| Complete 
| 129|0x0000000088100000, 0x0000000088200000, 0x0000000088200000|100%| O|  |TAMS 0x0000000088100000, 0x0000000088100000| Untracked 
| 130|0x0000000088200000, 0x0000000088300000, 0x0000000088300000|100%|HS|  |TAMS 0x0000000088200000, 0x0000000088200000| Complete 
| 131|0x0000000088300000, 0x0000000088400000, 0x0000000088400000|100%| O|  |TAMS 0x0000000088300000, 0x0000000088300000| Untracked 
| 132|0x0000000088400000, 0x0000000088500000, 0x0000000088500000|100%| O|  |TAMS 0x0000000088400000, 0x0000000088400000| Untracked 
| 133|0x0000000088500000, 0x0000000088600000, 0x0000000088600000|100%| O|  |TAMS 0x0000000088500000, 0x0000000088500000| Untracked 
| 134|0x0000000088600000, 0x0000000088700000, 0x0000000088700000|100%| O|  |TAMS 0x0000000088600000, 0x0000000088600000| Untracked 
| 135|0x0000000088700000, 0x0000000088800000, 0x0000000088800000|100%| O|  |TAMS 0x0000000088700000, 0x0000000088700000| Untracked 
| 136|0x0000000088800000, 0x0000000088900000, 0x0000000088900000|100%| O|  |TAMS 0x0000000088800000, 0x0000000088800000| Untracked 
| 137|0x0000000088900000, 0x0000000088a00000, 0x0000000088a00000|100%| O|  |TAMS 0x0000000088900000, 0x0000000088900000| Untracked 
| 138|0x0000000088a00000, 0x0000000088b00000, 0x0000000088b00000|100%| O|  |TAMS 0x0000000088a00000, 0x0000000088a00000| Untracked 
| 139|0x0000000088b00000, 0x0000000088c00000, 0x0000000088c00000|100%| O|  |TAMS 0x0000000088b00000, 0x0000000088b00000| Untracked 
| 140|0x0000000088c00000, 0x0000000088d00000, 0x0000000088d00000|100%|HS|  |TAMS 0x0000000088c00000, 0x0000000088c00000| Complete 
| 141|0x0000000088d00000, 0x0000000088e00000, 0x0000000088e00000|100%|HC|  |TAMS 0x0000000088d00000, 0x0000000088d00000| Complete 
| 142|0x0000000088e00000, 0x0000000088f00000, 0x0000000088f00000|100%| O|  |TAMS 0x0000000088e00000, 0x0000000088e00000| Untracked 
| 143|0x0000000088f00000, 0x0000000089000000, 0x0000000089000000|100%| O|  |TAMS 0x0000000088f00000, 0x0000000088f00000| Untracked 
| 144|0x0000000089000000, 0x0000000089100000, 0x0000000089100000|100%| O|  |TAMS 0x0000000089000000, 0x0000000089000000| Untracked 
| 145|0x0000000089100000, 0x0000000089200000, 0x0000000089200000|100%|HS|  |TAMS 0x0000000089100000, 0x0000000089100000| Complete 
| 146|0x0000000089200000, 0x0000000089300000, 0x0000000089300000|100%|HC|  |TAMS 0x0000000089200000, 0x0000000089200000| Complete 
| 147|0x0000000089300000, 0x0000000089400000, 0x0000000089400000|100%| O|  |TAMS 0x0000000089300000, 0x0000000089300000| Untracked 
| 148|0x0000000089400000, 0x0000000089500000, 0x0000000089500000|100%| O|  |TAMS 0x0000000089400000, 0x0000000089400000| Untracked 
| 149|0x0000000089500000, 0x0000000089600000, 0x0000000089600000|100%| O|  |TAMS 0x0000000089500000, 0x0000000089500000| Untracked 
| 150|0x0000000089600000, 0x0000000089700000, 0x0000000089700000|100%| O|  |TAMS 0x0000000089600000, 0x0000000089600000| Untracked 
| 151|0x0000000089700000, 0x0000000089800000, 0x0000000089800000|100%| O|  |TAMS 0x0000000089700000, 0x0000000089700000| Untracked 
| 152|0x0000000089800000, 0x0000000089900000, 0x0000000089900000|100%| O|  |TAMS 0x0000000089800000, 0x0000000089800000| Untracked 
| 153|0x0000000089900000, 0x0000000089a00000, 0x0000000089a00000|100%|HS|  |TAMS 0x0000000089900000, 0x0000000089900000| Complete 
| 154|0x0000000089a00000, 0x0000000089b00000, 0x0000000089b00000|100%|HC|  |TAMS 0x0000000089a00000, 0x0000000089a00000| Complete 
| 155|0x0000000089b00000, 0x0000000089c00000, 0x0000000089c00000|100%|HC|  |TAMS 0x0000000089b00000, 0x0000000089b00000| Complete 
| 156|0x0000000089c00000, 0x0000000089d00000, 0x0000000089d00000|100%|HS|  |TAMS 0x0000000089c00000, 0x0000000089c00000| Complete 
| 157|0x0000000089d00000, 0x0000000089e00000, 0x0000000089e00000|100%|HS|  |TAMS 0x0000000089d00000, 0x0000000089d00000| Complete 
| 158|0x0000000089e00000, 0x0000000089f00000, 0x0000000089f00000|100%| O|  |TAMS 0x0000000089e00000, 0x0000000089e00000| Untracked 
| 159|0x0000000089f00000, 0x000000008a000000, 0x000000008a000000|100%| O|  |TAMS 0x0000000089f00000, 0x0000000089f00000| Untracked 
| 160|0x000000008a000000, 0x000000008a100000, 0x000000008a100000|100%| O|  |TAMS 0x000000008a000000, 0x000000008a000000| Untracked 
| 161|0x000000008a100000, 0x000000008a200000, 0x000000008a200000|100%| O|  |TAMS 0x000000008a100000, 0x000000008a100000| Untracked 
| 162|0x000000008a200000, 0x000000008a300000, 0x000000008a300000|100%| O|  |TAMS 0x000000008a200000, 0x000000008a200000| Untracked 
| 163|0x000000008a300000, 0x000000008a400000, 0x000000008a400000|100%| O|  |TAMS 0x000000008a300000, 0x000000008a300000| Untracked 
| 164|0x000000008a400000, 0x000000008a500000, 0x000000008a500000|100%| O|  |TAMS 0x000000008a400000, 0x000000008a400000| Untracked 
| 165|0x000000008a500000, 0x000000008a600000, 0x000000008a600000|100%| O|  |TAMS 0x000000008a500000, 0x000000008a500000| Untracked 
| 166|0x000000008a600000, 0x000000008a700000, 0x000000008a700000|100%| O|  |TAMS 0x000000008a600000, 0x000000008a600000| Untracked 
| 167|0x000000008a700000, 0x000000008a800000, 0x000000008a800000|100%| O|  |TAMS 0x000000008a700000, 0x000000008a700000| Untracked 
| 168|0x000000008a800000, 0x000000008a900000, 0x000000008a900000|100%| O|  |TAMS 0x000000008a800000, 0x000000008a800000| Untracked 
| 169|0x000000008a900000, 0x000000008aa00000, 0x000000008aa00000|100%| O|  |TAMS 0x000000008a900000, 0x000000008a900000| Untracked 
| 170|0x000000008aa00000, 0x000000008ab00000, 0x000000008ab00000|100%| O|  |TAMS 0x000000008aa00000, 0x000000008aa00000| Untracked 
| 171|0x000000008ab00000, 0x000000008ac00000, 0x000000008ac00000|100%| O|  |TAMS 0x000000008ab00000, 0x000000008ab00000| Untracked 
| 172|0x000000008ac00000, 0x000000008ad00000, 0x000000008ad00000|100%| O|  |TAMS 0x000000008ac00000, 0x000000008ac00000| Untracked 
| 173|0x000000008ad00000, 0x000000008ae00000, 0x000000008ae00000|100%| O|  |TAMS 0x000000008ad00000, 0x000000008ad00000| Untracked 
| 174|0x000000008ae00000, 0x000000008af00000, 0x000000008af00000|100%| O|  |TAMS 0x000000008ae00000, 0x000000008ae00000| Untracked 
| 175|0x000000008af00000, 0x000000008b000000, 0x000000008b000000|100%| O|  |TAMS 0x000000008af00000, 0x000000008af00000| Untracked 
| 176|0x000000008b000000, 0x000000008b100000, 0x000000008b100000|100%| O|  |TAMS 0x000000008b000000, 0x000000008b000000| Untracked 
| 177|0x000000008b100000, 0x000000008b200000, 0x000000008b200000|100%| O|  |TAMS 0x000000008b100000, 0x000000008b100000| Untracked 
| 178|0x000000008b200000, 0x000000008b300000, 0x000000008b300000|100%| O|  |TAMS 0x000000008b200000, 0x000000008b200000| Untracked 
| 179|0x000000008b300000, 0x000000008b400000, 0x000000008b400000|100%| O|  |TAMS 0x000000008b300000, 0x000000008b300000| Untracked 
| 180|0x000000008b400000, 0x000000008b500000, 0x000000008b500000|100%| O|  |TAMS 0x000000008b400000, 0x000000008b400000| Untracked 
| 181|0x000000008b500000, 0x000000008b600000, 0x000000008b600000|100%| O|  |TAMS 0x000000008b500000, 0x000000008b500000| Untracked 
| 182|0x000000008b600000, 0x000000008b700000, 0x000000008b700000|100%| O|  |TAMS 0x000000008b600000, 0x000000008b600000| Untracked 
| 183|0x000000008b700000, 0x000000008b800000, 0x000000008b800000|100%| O|  |TAMS 0x000000008b700000, 0x000000008b700000| Untracked 
| 184|0x000000008b800000, 0x000000008b900000, 0x000000008b900000|100%| O|  |TAMS 0x000000008b800000, 0x000000008b800000| Untracked 
| 185|0x000000008b900000, 0x000000008ba00000, 0x000000008ba00000|100%| O|  |TAMS 0x000000008b900000, 0x000000008b900000| Untracked 
| 186|0x000000008ba00000, 0x000000008bb00000, 0x000000008bb00000|100%| O|  |TAMS 0x000000008ba00000, 0x000000008ba00000| Untracked 
| 187|0x000000008bb00000, 0x000000008bc00000, 0x000000008bc00000|100%| O|  |TAMS 0x000000008bb00000, 0x000000008bb00000| Untracked 
| 188|0x000000008bc00000, 0x000000008bd00000, 0x000000008bd00000|100%| O|  |TAMS 0x000000008bc00000, 0x000000008bc00000| Untracked 
| 189|0x000000008bd00000, 0x000000008be00000, 0x000000008be00000|100%| O|  |TAMS 0x000000008bd00000, 0x000000008bd00000| Untracked 
| 190|0x000000008be00000, 0x000000008bf00000, 0x000000008bf00000|100%| O|  |TAMS 0x000000008be00000, 0x000000008be00000| Untracked 
| 191|0x000000008bf00000, 0x000000008c000000, 0x000000008c000000|100%| O|  |TAMS 0x000000008bf00000, 0x000000008bf00000| Untracked 
| 192|0x000000008c000000, 0x000000008c100000, 0x000000008c100000|100%| O|  |TAMS 0x000000008c000000, 0x000000008c000000| Untracked 
| 193|0x000000008c100000, 0x000000008c200000, 0x000000008c200000|100%| O|  |TAMS 0x000000008c100000, 0x000000008c100000| Untracked 
| 194|0x000000008c200000, 0x000000008c300000, 0x000000008c300000|100%| O|  |TAMS 0x000000008c200000, 0x000000008c200000| Untracked 
| 195|0x000000008c300000, 0x000000008c400000, 0x000000008c400000|100%| O|  |TAMS 0x000000008c300000, 0x000000008c300000| Untracked 
| 196|0x000000008c400000, 0x000000008c500000, 0x000000008c500000|100%| O|  |TAMS 0x000000008c400000, 0x000000008c400000| Untracked 
| 197|0x000000008c500000, 0x000000008c600000, 0x000000008c600000|100%| O|  |TAMS 0x000000008c500000, 0x000000008c500000| Untracked 
| 198|0x000000008c600000, 0x000000008c700000, 0x000000008c700000|100%| O|  |TAMS 0x000000008c600000, 0x000000008c600000| Untracked 
| 199|0x000000008c700000, 0x000000008c800000, 0x000000008c800000|100%| O|  |TAMS 0x000000008c700000, 0x000000008c700000| Untracked 
| 200|0x000000008c800000, 0x000000008c900000, 0x000000008c900000|100%| O|  |TAMS 0x000000008c800000, 0x000000008c800000| Untracked 
| 201|0x000000008c900000, 0x000000008ca00000, 0x000000008ca00000|100%| O|  |TAMS 0x000000008c900000, 0x000000008c900000| Untracked 
| 202|0x000000008ca00000, 0x000000008cb00000, 0x000000008cb00000|100%| O|  |TAMS 0x000000008ca00000, 0x000000008ca00000| Untracked 
| 203|0x000000008cb00000, 0x000000008cc00000, 0x000000008cc00000|100%| O|  |TAMS 0x000000008cb00000, 0x000000008cb00000| Untracked 
| 204|0x000000008cc00000, 0x000000008cd00000, 0x000000008cd00000|100%| O|  |TAMS 0x000000008cc00000, 0x000000008cc00000| Untracked 
| 205|0x000000008cd00000, 0x000000008ce00000, 0x000000008ce00000|100%| O|  |TAMS 0x000000008cd00000, 0x000000008cd00000| Untracked 
| 206|0x000000008ce00000, 0x000000008cf00000, 0x000000008cf00000|100%| O|  |TAMS 0x000000008ce00000, 0x000000008ce00000| Untracked 
| 207|0x000000008cf00000, 0x000000008d000000, 0x000000008d000000|100%| O|  |TAMS 0x000000008cf00000, 0x000000008cf00000| Untracked 
| 208|0x000000008d000000, 0x000000008d100000, 0x000000008d100000|100%| O|  |TAMS 0x000000008d000000, 0x000000008d000000| Untracked 
| 209|0x000000008d100000, 0x000000008d200000, 0x000000008d200000|100%| O|  |TAMS 0x000000008d100000, 0x000000008d100000| Untracked 
| 210|0x000000008d200000, 0x000000008d300000, 0x000000008d300000|100%| O|  |TAMS 0x000000008d200000, 0x000000008d200000| Untracked 
| 211|0x000000008d300000, 0x000000008d400000, 0x000000008d400000|100%| O|  |TAMS 0x000000008d300000, 0x000000008d300000| Untracked 
| 212|0x000000008d400000, 0x000000008d500000, 0x000000008d500000|100%| O|  |TAMS 0x000000008d400000, 0x000000008d400000| Untracked 
| 213|0x000000008d500000, 0x000000008d600000, 0x000000008d600000|100%| O|  |TAMS 0x000000008d500000, 0x000000008d500000| Untracked 
| 214|0x000000008d600000, 0x000000008d700000, 0x000000008d700000|100%| O|  |TAMS 0x000000008d600000, 0x000000008d600000| Untracked 
| 215|0x000000008d700000, 0x000000008d800000, 0x000000008d800000|100%| O|  |TAMS 0x000000008d700000, 0x000000008d700000| Untracked 
| 216|0x000000008d800000, 0x000000008d900000, 0x000000008d900000|100%| O|  |TAMS 0x000000008d800000, 0x000000008d800000| Untracked 
| 217|0x000000008d900000, 0x000000008da00000, 0x000000008da00000|100%| O|  |TAMS 0x000000008d900000, 0x000000008d900000| Untracked 
| 218|0x000000008da00000, 0x000000008db00000, 0x000000008db00000|100%| O|  |TAMS 0x000000008da00000, 0x000000008da00000| Untracked 
| 219|0x000000008db00000, 0x000000008dc00000, 0x000000008dc00000|100%|HS|  |TAMS 0x000000008db00000, 0x000000008db00000| Complete 
| 220|0x000000008dc00000, 0x000000008dd00000, 0x000000008dd00000|100%|HS|  |TAMS 0x000000008dc00000, 0x000000008dc00000| Complete 
| 221|0x000000008dd00000, 0x000000008de00000, 0x000000008de00000|100%|HS|  |TAMS 0x000000008dd00000, 0x000000008dd00000| Complete 
| 222|0x000000008de00000, 0x000000008df00000, 0x000000008df00000|100%|HC|  |TAMS 0x000000008de00000, 0x000000008de00000| Complete 
| 223|0x000000008df00000, 0x000000008e000000, 0x000000008e000000|100%| O|  |TAMS 0x000000008df00000, 0x000000008df00000| Untracked 
| 224|0x000000008e000000, 0x000000008e100000, 0x000000008e100000|100%| O|  |TAMS 0x000000008e000000, 0x000000008e000000| Untracked 
| 225|0x000000008e100000, 0x000000008e200000, 0x000000008e200000|100%| O|  |TAMS 0x000000008e100000, 0x000000008e100000| Untracked 
| 226|0x000000008e200000, 0x000000008e300000, 0x000000008e300000|100%| O|  |TAMS 0x000000008e200000, 0x000000008e200000| Untracked 
| 227|0x000000008e300000, 0x000000008e400000, 0x000000008e400000|100%| O|  |TAMS 0x000000008e300000, 0x000000008e300000| Untracked 
| 228|0x000000008e400000, 0x000000008e500000, 0x000000008e500000|100%| O|  |TAMS 0x000000008e400000, 0x000000008e400000| Untracked 
| 229|0x000000008e500000, 0x000000008e600000, 0x000000008e600000|100%|HS|  |TAMS 0x000000008e500000, 0x000000008e500000| Complete 
| 230|0x000000008e600000, 0x000000008e700000, 0x000000008e700000|100%|HS|  |TAMS 0x000000008e600000, 0x000000008e600000| Complete 
| 231|0x000000008e700000, 0x000000008e800000, 0x000000008e800000|100%|HC|  |TAMS 0x000000008e700000, 0x000000008e700000| Complete 
| 232|0x000000008e800000, 0x000000008e900000, 0x000000008e900000|100%| O|  |TAMS 0x000000008e800000, 0x000000008e800000| Untracked 
| 233|0x000000008e900000, 0x000000008ea00000, 0x000000008ea00000|100%| O|  |TAMS 0x000000008e900000, 0x000000008e900000| Untracked 
| 234|0x000000008ea00000, 0x000000008eaeae00, 0x000000008eb00000| 91%| O|  |TAMS 0x000000008ea00000, 0x000000008ea00000| Untracked 
| 235|0x000000008eb00000, 0x000000008eb00000, 0x000000008ec00000|  0%| F|  |TAMS 0x000000008eb00000, 0x000000008eb00000| Untracked 
| 236|0x000000008ec00000, 0x000000008ec00000, 0x000000008ed00000|  0%| F|  |TAMS 0x000000008ec00000, 0x000000008ec00000| Untracked 
| 237|0x000000008ed00000, 0x000000008ed00000, 0x000000008ee00000|  0%| F|  |TAMS 0x000000008ed00000, 0x000000008ed00000| Untracked 
| 238|0x000000008ee00000, 0x000000008ee00000, 0x000000008ef00000|  0%| F|  |TAMS 0x000000008ee00000, 0x000000008ee00000| Untracked 
| 239|0x000000008ef00000, 0x000000008ef00000, 0x000000008f000000|  0%| F|  |TAMS 0x000000008ef00000, 0x000000008ef00000| Untracked 
| 240|0x000000008f000000, 0x000000008f000000, 0x000000008f100000|  0%| F|  |TAMS 0x000000008f000000, 0x000000008f000000| Untracked 
| 241|0x000000008f100000, 0x000000008f100000, 0x000000008f200000|  0%| F|  |TAMS 0x000000008f100000, 0x000000008f100000| Untracked 
| 242|0x000000008f200000, 0x000000008f200000, 0x000000008f300000|  0%| F|  |TAMS 0x000000008f200000, 0x000000008f200000| Untracked 
| 243|0x000000008f300000, 0x000000008f300000, 0x000000008f400000|  0%| F|  |TAMS 0x000000008f300000, 0x000000008f300000| Untracked 
| 244|0x000000008f400000, 0x000000008f400000, 0x000000008f500000|  0%| F|  |TAMS 0x000000008f400000, 0x000000008f400000| Untracked 
| 245|0x000000008f500000, 0x000000008f500000, 0x000000008f600000|  0%| F|  |TAMS 0x000000008f500000, 0x000000008f500000| Untracked 
| 246|0x000000008f600000, 0x000000008f600000, 0x000000008f700000|  0%| F|  |TAMS 0x000000008f600000, 0x000000008f600000| Untracked 
| 247|0x000000008f700000, 0x000000008f700000, 0x000000008f800000|  0%| F|  |TAMS 0x000000008f700000, 0x000000008f700000| Untracked 
| 248|0x000000008f800000, 0x000000008f800000, 0x000000008f900000|  0%| F|  |TAMS 0x000000008f800000, 0x000000008f800000| Untracked 
| 249|0x000000008f900000, 0x000000008f900000, 0x000000008fa00000|  0%| F|  |TAMS 0x000000008f900000, 0x000000008f900000| Untracked 
| 250|0x000000008fa00000, 0x000000008fa00000, 0x000000008fb00000|  0%| F|  |TAMS 0x000000008fa00000, 0x000000008fa00000| Untracked 
| 251|0x000000008fb00000, 0x000000008fb00000, 0x000000008fc00000|  0%| F|  |TAMS 0x000000008fb00000, 0x000000008fb00000| Untracked 
| 252|0x000000008fc00000, 0x000000008fc00000, 0x000000008fd00000|  0%| F|  |TAMS 0x000000008fc00000, 0x000000008fc00000| Untracked 
| 253|0x000000008fd00000, 0x000000008fd00000, 0x000000008fe00000|  0%| F|  |TAMS 0x000000008fd00000, 0x000000008fd00000| Untracked 
| 254|0x000000008fe00000, 0x000000008fe00000, 0x000000008ff00000|  0%| F|  |TAMS 0x000000008fe00000, 0x000000008fe00000| Untracked 
| 255|0x000000008ff00000, 0x000000008ff00000, 0x0000000090000000|  0%| F|  |TAMS 0x000000008ff00000, 0x000000008ff00000| Untracked 
| 256|0x0000000090000000, 0x0000000090000000, 0x0000000090100000|  0%| F|  |TAMS 0x0000000090000000, 0x0000000090000000| Untracked 
| 257|0x0000000090100000, 0x0000000090100000, 0x0000000090200000|  0%| F|  |TAMS 0x0000000090100000, 0x0000000090100000| Untracked 
| 258|0x0000000090200000, 0x0000000090200000, 0x0000000090300000|  0%| F|  |TAMS 0x0000000090200000, 0x0000000090200000| Untracked 
| 259|0x0000000090300000, 0x0000000090300000, 0x0000000090400000|  0%| F|  |TAMS 0x0000000090300000, 0x0000000090300000| Untracked 
| 260|0x0000000090400000, 0x0000000090400000, 0x0000000090500000|  0%| F|  |TAMS 0x0000000090400000, 0x0000000090400000| Untracked 
| 261|0x0000000090500000, 0x0000000090500000, 0x0000000090600000|  0%| F|  |TAMS 0x0000000090500000, 0x0000000090500000| Untracked 
| 262|0x0000000090600000, 0x0000000090600000, 0x0000000090700000|  0%| F|  |TAMS 0x0000000090600000, 0x0000000090600000| Untracked 
| 263|0x0000000090700000, 0x0000000090700000, 0x0000000090800000|  0%| F|  |TAMS 0x0000000090700000, 0x0000000090700000| Untracked 
| 264|0x0000000090800000, 0x0000000090800000, 0x0000000090900000|  0%| F|  |TAMS 0x0000000090800000, 0x0000000090800000| Untracked 
| 265|0x0000000090900000, 0x0000000090900000, 0x0000000090a00000|  0%| F|  |TAMS 0x0000000090900000, 0x0000000090900000| Untracked 
| 266|0x0000000090a00000, 0x0000000090a00000, 0x0000000090b00000|  0%| F|  |TAMS 0x0000000090a00000, 0x0000000090a00000| Untracked 
| 267|0x0000000090b00000, 0x0000000090b00000, 0x0000000090c00000|  0%| F|  |TAMS 0x0000000090b00000, 0x0000000090b00000| Untracked 
| 268|0x0000000090c00000, 0x0000000090c00000, 0x0000000090d00000|  0%| F|  |TAMS 0x0000000090c00000, 0x0000000090c00000| Untracked 
| 269|0x0000000090d00000, 0x0000000090d00000, 0x0000000090e00000|  0%| F|  |TAMS 0x0000000090d00000, 0x0000000090d00000| Untracked 
| 270|0x0000000090e00000, 0x0000000090e00000, 0x0000000090f00000|  0%| F|  |TAMS 0x0000000090e00000, 0x0000000090e00000| Untracked 
| 271|0x0000000090f00000, 0x0000000091000000, 0x0000000091000000|100%| S|CS|TAMS 0x0000000090f00000, 0x0000000090f00000| Complete 
| 272|0x0000000091000000, 0x0000000091100000, 0x0000000091100000|100%| S|CS|TAMS 0x0000000091000000, 0x0000000091000000| Complete 
| 273|0x0000000091100000, 0x0000000091100000, 0x0000000091200000|  0%| F|  |TAMS 0x0000000091100000, 0x0000000091100000| Untracked 
| 274|0x0000000091200000, 0x0000000091200000, 0x0000000091300000|  0%| F|  |TAMS 0x0000000091200000, 0x0000000091200000| Untracked 
| 275|0x0000000091300000, 0x0000000091300000, 0x0000000091400000|  0%| F|  |TAMS 0x0000000091300000, 0x0000000091300000| Untracked 
| 276|0x0000000091400000, 0x0000000091400000, 0x0000000091500000|  0%| F|  |TAMS 0x0000000091400000, 0x0000000091400000| Untracked 
| 277|0x0000000091500000, 0x0000000091600000, 0x0000000091600000|100%| S|CS|TAMS 0x0000000091500000, 0x0000000091500000| Complete 
| 278|0x0000000091600000, 0x0000000091700000, 0x0000000091700000|100%| S|CS|TAMS 0x0000000091600000, 0x0000000091600000| Complete 
| 279|0x0000000091700000, 0x0000000091800000, 0x0000000091800000|100%| S|CS|TAMS 0x0000000091700000, 0x0000000091700000| Complete 
| 280|0x0000000091800000, 0x0000000091800000, 0x0000000091900000|  0%| F|  |TAMS 0x0000000091800000, 0x0000000091800000| Untracked 
| 281|0x0000000091900000, 0x0000000091900000, 0x0000000091a00000|  0%| F|  |TAMS 0x0000000091900000, 0x0000000091900000| Untracked 
| 282|0x0000000091a00000, 0x0000000091a00000, 0x0000000091b00000|  0%| F|  |TAMS 0x0000000091a00000, 0x0000000091a00000| Untracked 
| 283|0x0000000091b00000, 0x0000000091b00000, 0x0000000091c00000|  0%| F|  |TAMS 0x0000000091b00000, 0x0000000091b00000| Untracked 
| 284|0x0000000091c00000, 0x0000000091c00000, 0x0000000091d00000|  0%| F|  |TAMS 0x0000000091c00000, 0x0000000091c00000| Untracked 
| 285|0x0000000091d00000, 0x0000000091d00000, 0x0000000091e00000|  0%| F|  |TAMS 0x0000000091d00000, 0x0000000091d00000| Untracked 
| 286|0x0000000091e00000, 0x0000000091e00000, 0x0000000091f00000|  0%| F|  |TAMS 0x0000000091e00000, 0x0000000091e00000| Untracked 
| 287|0x0000000091f00000, 0x0000000091f00000, 0x0000000092000000|  0%| F|  |TAMS 0x0000000091f00000, 0x0000000091f00000| Untracked 
| 288|0x0000000092000000, 0x0000000092000000, 0x0000000092100000|  0%| F|  |TAMS 0x0000000092000000, 0x0000000092000000| Untracked 
| 289|0x0000000092100000, 0x0000000092100000, 0x0000000092200000|  0%| F|  |TAMS 0x0000000092100000, 0x0000000092100000| Untracked 
| 290|0x0000000092200000, 0x0000000092200000, 0x0000000092300000|  0%| F|  |TAMS 0x0000000092200000, 0x0000000092200000| Untracked 
| 291|0x0000000092300000, 0x0000000092300000, 0x0000000092400000|  0%| F|  |TAMS 0x0000000092300000, 0x0000000092300000| Untracked 
| 292|0x0000000092400000, 0x0000000092400000, 0x0000000092500000|  0%| F|  |TAMS 0x0000000092400000, 0x0000000092400000| Untracked 
| 293|0x0000000092500000, 0x0000000092500000, 0x0000000092600000|  0%| F|  |TAMS 0x0000000092500000, 0x0000000092500000| Untracked 
| 294|0x0000000092600000, 0x0000000092600000, 0x0000000092700000|  0%| F|  |TAMS 0x0000000092600000, 0x0000000092600000| Untracked 
| 295|0x0000000092700000, 0x0000000092700000, 0x0000000092800000|  0%| F|  |TAMS 0x0000000092700000, 0x0000000092700000| Untracked 
| 296|0x0000000092800000, 0x0000000092800000, 0x0000000092900000|  0%| F|  |TAMS 0x0000000092800000, 0x0000000092800000| Untracked 
| 297|0x0000000092900000, 0x0000000092900000, 0x0000000092a00000|  0%| F|  |TAMS 0x0000000092900000, 0x0000000092900000| Untracked 
| 298|0x0000000092a00000, 0x0000000092a00000, 0x0000000092b00000|  0%| F|  |TAMS 0x0000000092a00000, 0x0000000092a00000| Untracked 
| 299|0x0000000092b00000, 0x0000000092b00000, 0x0000000092c00000|  0%| F|  |TAMS 0x0000000092b00000, 0x0000000092b00000| Untracked 
| 300|0x0000000092c00000, 0x0000000092c00000, 0x0000000092d00000|  0%| F|  |TAMS 0x0000000092c00000, 0x0000000092c00000| Untracked 
| 301|0x0000000092d00000, 0x0000000092d00000, 0x0000000092e00000|  0%| F|  |TAMS 0x0000000092d00000, 0x0000000092d00000| Untracked 
| 302|0x0000000092e00000, 0x0000000092e00000, 0x0000000092f00000|  0%| F|  |TAMS 0x0000000092e00000, 0x0000000092e00000| Untracked 
| 303|0x0000000092f00000, 0x0000000092f00000, 0x0000000093000000|  0%| F|  |TAMS 0x0000000092f00000, 0x0000000092f00000| Untracked 
| 304|0x0000000093000000, 0x0000000093000000, 0x0000000093100000|  0%| F|  |TAMS 0x0000000093000000, 0x0000000093000000| Untracked 
| 305|0x0000000093100000, 0x0000000093100000, 0x0000000093200000|  0%| F|  |TAMS 0x0000000093100000, 0x0000000093100000| Untracked 
| 306|0x0000000093200000, 0x0000000093200000, 0x0000000093300000|  0%| F|  |TAMS 0x0000000093200000, 0x0000000093200000| Untracked 
| 307|0x0000000093300000, 0x0000000093300000, 0x0000000093400000|  0%| F|  |TAMS 0x0000000093300000, 0x0000000093300000| Untracked 
| 308|0x0000000093400000, 0x0000000093400000, 0x0000000093500000|  0%| F|  |TAMS 0x0000000093400000, 0x0000000093400000| Untracked 
| 309|0x0000000093500000, 0x0000000093500000, 0x0000000093600000|  0%| F|  |TAMS 0x0000000093500000, 0x0000000093500000| Untracked 
| 310|0x0000000093600000, 0x0000000093600000, 0x0000000093700000|  0%| F|  |TAMS 0x0000000093600000, 0x0000000093600000| Untracked 
| 311|0x0000000093700000, 0x0000000093700000, 0x0000000093800000|  0%| F|  |TAMS 0x0000000093700000, 0x0000000093700000| Untracked 
| 312|0x0000000093800000, 0x0000000093800000, 0x0000000093900000|  0%| F|  |TAMS 0x0000000093800000, 0x0000000093800000| Untracked 
| 313|0x0000000093900000, 0x0000000093900000, 0x0000000093a00000|  0%| F|  |TAMS 0x0000000093900000, 0x0000000093900000| Untracked 
| 314|0x0000000093a00000, 0x0000000093a00000, 0x0000000093b00000|  0%| F|  |TAMS 0x0000000093a00000, 0x0000000093a00000| Untracked 
| 315|0x0000000093b00000, 0x0000000093b00000, 0x0000000093c00000|  0%| F|  |TAMS 0x0000000093b00000, 0x0000000093b00000| Untracked 
|2041|0x00000000ff900000, 0x00000000ffa00000, 0x00000000ffa00000|100%| O|  |TAMS 0x00000000ff900000, 0x00000000ff900000| Untracked 
|2042|0x00000000ffa00000, 0x00000000ffb00000, 0x00000000ffb00000|100%| O|  |TAMS 0x00000000ffa00000, 0x00000000ffa00000| Untracked 
|2043|0x00000000ffb00000, 0x00000000ffc00000, 0x00000000ffc00000|100%| O|  |TAMS 0x00000000ffb00000, 0x00000000ffb00000| Untracked 
|2044|0x00000000ffc00000, 0x00000000ffd00000, 0x00000000ffd00000|100%| O|  |TAMS 0x00000000ffc00000, 0x00000000ffc00000| Untracked 
|2045|0x00000000ffd00000, 0x00000000ffe00000, 0x00000000ffe00000|100%| O|  |TAMS 0x00000000ffd00000, 0x00000000ffd00000| Untracked 
|2046|0x00000000ffe00000, 0x00000000fff00000, 0x00000000fff00000|100%| O|  |TAMS 0x00000000ffe00000, 0x00000000ffe00000| Untracked 
|2047|0x00000000fff00000, 0x0000000100000000, 0x0000000100000000|100%| O|  |TAMS 0x00000000fff00000, 0x00000000fff00000| Untracked 

Card table byte_map: [0x000001d771a20000,0x000001d771e20000] _byte_map_base: 0x000001d771620000

Marking Bits (Prev, Next): (CMBitMap*) 0x000001d75f1a9470, (CMBitMap*) 0x000001d75f1a94b0
 Prev Bits: [0x000001d772220000, 0x000001d774220000)
 Next Bits: [0x000001d774220000, 0x000001d776220000)

Polling page: 0x000001d75e920000

Metaspace:

Usage:
  Non-class:     93.43 MB used.
      Class:     14.83 MB used.
       Both:    108.26 MB used.

Virtual space:
  Non-class space:       96.00 MB reserved,      93.81 MB ( 98%) committed,  12 nodes.
      Class space:        1.00 GB reserved,      15.19 MB (  1%) committed,  1 nodes.
             Both:        1.09 GB reserved,     109.00 MB ( 10%) committed. 

Chunk freelists:
   Non-Class:  2.03 MB
       Class:  752.00 KB
        Both:  2.77 MB

MaxMetaspaceSize: unlimited
CompressedClassSpaceSize: 1.00 GB
Initial GC threshold: 21.00 MB
Current GC threshold: 158.75 MB
CDS: off
MetaspaceReclaimPolicy: balanced
 - commit_granule_bytes: 65536.
 - commit_granule_words: 8192.
 - virtual_space_node_default_size: 1048576.
 - enlarge_chunks_in_place: 1.
 - new_chunks_are_fully_committed: 0.
 - uncommit_free_chunks: 1.
 - use_allocation_guard: 0.
 - handle_deallocations: 1.


Internal statistics:

num_allocs_failed_limit: 6.
num_arena_births: 1064.
num_arena_deaths: 0.
num_vsnodes_births: 13.
num_vsnodes_deaths: 0.
num_space_committed: 1743.
num_space_uncommitted: 0.
num_chunks_returned_to_freelist: 6.
num_chunks_taken_from_freelist: 5262.
num_chunk_merges: 6.
num_chunk_splits: 3488.
num_chunks_enlarged: 2368.
num_purges: 0.
num_inconsistent_stats: 0.

CodeHeap 'non-profiled nmethods': size=120000Kb used=7971Kb max_used=7971Kb free=112028Kb
 bounds [0x000001d76a0f0000, 0x000001d76a8c0000, 0x000001d771620000]
CodeHeap 'profiled nmethods': size=120000Kb used=23953Kb max_used=23953Kb free=96046Kb
 bounds [0x000001d762620000, 0x000001d763d90000, 0x000001d769b50000]
CodeHeap 'non-nmethods': size=5760Kb used=2415Kb max_used=2479Kb free=3345Kb
 bounds [0x000001d769b50000, 0x000001d769dd0000, 0x000001d76a0f0000]
 total_blobs=14009 nmethods=13060 adapters=861
 compilation: enabled
              stopped_count=0, restarted_count=0
 full_count=0

Compilation events (20 events):
Event: 65.960 Thread 0x000001d779120010 15392       2       java.io.StringWriter::write (14 bytes)
Event: 65.960 Thread 0x000001d779120010 nmethod 15392 0x000001d763d7ca10 code [0x000001d763d7cbc0, 0x000001d763d7ce08]
Event: 65.961 Thread 0x000001d779120010 15393       2       java.io.StringWriter::write (11 bytes)
Event: 65.961 Thread 0x000001d779120010 nmethod 15393 0x000001d763d7cf10 code [0x000001d763d7d0c0, 0x000001d763d7d308]
Event: 65.961 Thread 0x000001d779120010 15394       2       java.io.StringWriter::append (6 bytes)
Event: 65.962 Thread 0x000001d779120010 nmethod 15394 0x000001d763d7d410 code [0x000001d763d7d5c0, 0x000001d763d7d858]
Event: 65.962 Thread 0x000001d779120010 15395       2       com.android.tools.r8.internal.e00::a (253 bytes)
Event: 65.964 Thread 0x000001d779120010 nmethod 15395 0x000001d763d7da10 code [0x000001d763d7de40, 0x000001d763d7eff8]
Event: 65.965 Thread 0x000001d779120010 15397       2       com.android.tools.r8.internal.du::k (47 bytes)
Event: 65.965 Thread 0x000001d779120010 nmethod 15397 0x000001d763d7f890 code [0x000001d763d7fa40, 0x000001d763d7fc58]
Event: 65.965 Thread 0x000001d779120010 15398 %     3       com.android.tools.r8.internal.du::c @ 38 (170 bytes)
Event: 65.967 Thread 0x000001d779120010 nmethod 15398% 0x000001d763d7fd90 code [0x000001d763d80040, 0x000001d763d81068]
Event: 65.967 Thread 0x000001d779120010 15399       2       com.android.tools.r8.internal.du::n (101 bytes)
Event: 65.967 Thread 0x000001d779120010 nmethod 15399 0x000001d763d81690 code [0x000001d763d81880, 0x000001d763d81c48]
Event: 65.967 Thread 0x000001d779120010 15402       3       com.android.tools.r8.internal.du::c (170 bytes)
Event: 65.969 Thread 0x000001d779120010 nmethod 15402 0x000001d763d81e90 code [0x000001d763d82120, 0x000001d763d83008]
Event: 65.969 Thread 0x000001d779120010 15400       2       com.android.tools.r8.internal.du::c (171 bytes)
Event: 65.970 Thread 0x000001d779120010 nmethod 15400 0x000001d763d83610 code [0x000001d763d83840, 0x000001d763d83d28]
Event: 65.970 Thread 0x000001d779120010 15401       2       com.android.tools.r8.internal.du::b (52 bytes)
Event: 65.970 Thread 0x000001d779120010 nmethod 15401 0x000001d763d83f90 code [0x000001d763d84160, 0x000001d763d844e8]

GC Heap History (20 events):
Event: 52.419 GC heap after
{Heap after GC invocations=42 (full 0):
 garbage-first heap   total 189440K, used 109492K [0x0000000080000000, 0x0000000100000000)
  region size 1024K, 5 young (5120K), 5 survivors (5120K)
 Metaspace       used 97489K, committed 98176K, reserved 1138688K
  class space    used 13233K, committed 13568K, reserved 1048576K
}
Event: 52.548 GC heap before
{Heap before GC invocations=42 (full 0):
 garbage-first heap   total 189440K, used 112564K [0x0000000080000000, 0x0000000100000000)
  region size 1024K, 9 young (9216K), 5 survivors (5120K)
 Metaspace       used 97584K, committed 98240K, reserved 1138688K
  class space    used 13245K, committed 13568K, reserved 1048576K
}
Event: 52.561 GC heap after
{Heap after GC invocations=43 (full 0):
 garbage-first heap   total 189440K, used 109470K [0x0000000080000000, 0x0000000100000000)
  region size 1024K, 1 young (1024K), 1 survivors (1024K)
 Metaspace       used 97584K, committed 98240K, reserved 1138688K
  class space    used 13245K, committed 13568K, reserved 1048576K
}
Event: 53.848 GC heap before
{Heap before GC invocations=43 (full 0):
 garbage-first heap   total 189440K, used 165790K [0x0000000080000000, 0x0000000100000000)
  region size 1024K, 45 young (46080K), 1 survivors (1024K)
 Metaspace       used 100206K, committed 100864K, reserved 1138688K
  class space    used 13617K, committed 13952K, reserved 1048576K
}
Event: 53.863 GC heap after
{Heap after GC invocations=44 (full 0):
 garbage-first heap   total 323584K, used 129024K [0x0000000080000000, 0x0000000100000000)
  region size 1024K, 6 young (6144K), 6 survivors (6144K)
 Metaspace       used 100206K, committed 100864K, reserved 1138688K
  class space    used 13617K, committed 13952K, reserved 1048576K
}
Event: 56.595 GC heap before
{Heap before GC invocations=44 (full 0):
 garbage-first heap   total 323584K, used 279552K [0x0000000080000000, 0x0000000100000000)
  region size 1024K, 122 young (124928K), 6 survivors (6144K)
 Metaspace       used 104032K, committed 104704K, reserved 1146880K
  class space    used 14292K, committed 14592K, reserved 1048576K
}
Event: 56.722 GC heap after
{Heap after GC invocations=45 (full 0):
 garbage-first heap   total 330752K, used 186733K [0x0000000080000000, 0x0000000100000000)
  region size 1024K, 16 young (16384K), 16 survivors (16384K)
 Metaspace       used 104032K, committed 104704K, reserved 1146880K
  class space    used 14292K, committed 14592K, reserved 1048576K
}
Event: 57.281 GC heap before
{Heap before GC invocations=45 (full 0):
 garbage-first heap   total 330752K, used 247149K [0x0000000080000000, 0x0000000100000000)
  region size 1024K, 76 young (77824K), 16 survivors (16384K)
 Metaspace       used 104082K, committed 104768K, reserved 1146880K
  class space    used 14293K, committed 14592K, reserved 1048576K
}
Event: 57.413 GC heap after
{Heap after GC invocations=46 (full 0):
 garbage-first heap   total 330752K, used 217600K [0x0000000080000000, 0x0000000100000000)
  region size 1024K, 10 young (10240K), 10 survivors (10240K)
 Metaspace       used 104082K, committed 104768K, reserved 1146880K
  class space    used 14293K, committed 14592K, reserved 1048576K
}
Event: 61.630 GC heap before
{Heap before GC invocations=46 (full 0):
 garbage-first heap   total 330752K, used 257536K [0x0000000080000000, 0x0000000100000000)
  region size 1024K, 50 young (51200K), 10 survivors (10240K)
 Metaspace       used 106738K, committed 107392K, reserved 1146880K
  class space    used 14650K, committed 14976K, reserved 1048576K
}
Event: 61.687 GC heap after
{Heap after GC invocations=47 (full 0):
 garbage-first heap   total 330752K, used 228864K [0x0000000080000000, 0x0000000100000000)
  region size 1024K, 7 young (7168K), 7 survivors (7168K)
 Metaspace       used 106738K, committed 107392K, reserved 1146880K
  class space    used 14650K, committed 14976K, reserved 1048576K
}
Event: 62.701 GC heap before
{Heap before GC invocations=47 (full 0):
 garbage-first heap   total 330752K, used 263680K [0x0000000080000000, 0x0000000100000000)
  region size 1024K, 42 young (43008K), 7 survivors (7168K)
 Metaspace       used 108025K, committed 108800K, reserved 1146880K
  class space    used 14819K, committed 15168K, reserved 1048576K
}
Event: 62.723 GC heap after
{Heap after GC invocations=48 (full 0):
 garbage-first heap   total 330752K, used 231936K [0x0000000080000000, 0x0000000100000000)
  region size 1024K, 2 young (2048K), 2 survivors (2048K)
 Metaspace       used 108025K, committed 108800K, reserved 1146880K
  class space    used 14819K, committed 15168K, reserved 1048576K
}
Event: 63.602 GC heap before
{Heap before GC invocations=48 (full 0):
 garbage-first heap   total 330752K, used 268800K [0x0000000080000000, 0x0000000100000000)
  region size 1024K, 39 young (39936K), 2 survivors (2048K)
 Metaspace       used 109003K, committed 109696K, reserved 1146880K
  class space    used 14977K, committed 15296K, reserved 1048576K
}
Event: 63.615 GC heap after
{Heap after GC invocations=49 (full 0):
 garbage-first heap   total 330752K, used 233102K [0x0000000080000000, 0x0000000100000000)
  region size 1024K, 4 young (4096K), 4 survivors (4096K)
 Metaspace       used 109003K, committed 109696K, reserved 1146880K
  class space    used 14977K, committed 15296K, reserved 1048576K
}
Event: 64.441 GC heap before
{Heap before GC invocations=49 (full 0):
 garbage-first heap   total 330752K, used 270990K [0x0000000080000000, 0x0000000100000000)
  region size 1024K, 42 young (43008K), 4 survivors (4096K)
 Metaspace       used 109476K, committed 110144K, reserved 1146880K
  class space    used 15035K, committed 15360K, reserved 1048576K
}
Event: 64.463 GC heap after
{Heap after GC invocations=50 (full 0):
 garbage-first heap   total 330752K, used 236911K [0x0000000080000000, 0x0000000100000000)
  region size 1024K, 6 young (6144K), 6 survivors (6144K)
 Metaspace       used 109476K, committed 110144K, reserved 1146880K
  class space    used 15035K, committed 15360K, reserved 1048576K
}
Event: 65.066 GC heap before
{Heap before GC invocations=50 (full 0):
 garbage-first heap   total 330752K, used 278895K [0x0000000080000000, 0x0000000100000000)
  region size 1024K, 44 young (45056K), 6 survivors (6144K)
 Metaspace       used 110137K, committed 110848K, reserved 1146880K
  class space    used 15108K, committed 15424K, reserved 1048576K
}
Event: 65.090 GC heap after
{Heap after GC invocations=51 (full 0):
 garbage-first heap   total 330752K, used 241071K [0x0000000080000000, 0x0000000100000000)
  region size 1024K, 4 young (4096K), 4 survivors (4096K)
 Metaspace       used 110137K, committed 110848K, reserved 1146880K
  class space    used 15108K, committed 15424K, reserved 1048576K
}
Event: 65.979 GC heap before
{Heap before GC invocations=51 (full 0):
 garbage-first heap   total 330752K, used 284079K [0x0000000080000000, 0x0000000100000000)
  region size 1024K, 40 young (40960K), 4 survivors (4096K)
 Metaspace       used 110859K, committed 111616K, reserved 1146880K
  class space    used 15189K, committed 15552K, reserved 1048576K
}

Dll operation events (2 events):
Event: 0.011 Loaded shared library C:\Program Files\Android\Android Studio\jbr\bin\java.dll
Event: 0.667 Loaded shared library C:\Program Files\Android\Android Studio\jbr\bin\verify.dll

Deoptimization events (20 events):
Event: 65.938 Thread 0x000001d77cc00e90 DEOPT PACKING pc=0x000001d76a80f358 sp=0x00000056e7dfc7c0
Event: 65.938 Thread 0x000001d77cc00e90 DEOPT UNPACKING pc=0x000001d769ba69a3 sp=0x00000056e7dfc778 mode 2
Event: 65.938 Thread 0x000001d77cc00e90 Uncommon trap: trap_request=0xffffffbe fr.pc=0x000001d76a80f358 relative=0x0000000000000c38
Event: 65.938 Thread 0x000001d77cc00e90 Uncommon trap: reason=profile_predicate action=maybe_recompile pc=0x000001d76a80f358 method=com.android.tools.r8.internal.PJ.put(Ljava/lang/Object;Ljava/lang/Object;)Ljava/lang/Object; @ 92 c2
Event: 65.938 Thread 0x000001d77cc00e90 DEOPT PACKING pc=0x000001d76a80f358 sp=0x00000056e7dfc7c0
Event: 65.938 Thread 0x000001d77cc00e90 DEOPT UNPACKING pc=0x000001d769ba69a3 sp=0x00000056e7dfc778 mode 2
Event: 65.938 Thread 0x000001d77cc00e90 Uncommon trap: trap_request=0xffffffbe fr.pc=0x000001d76a80f358 relative=0x0000000000000c38
Event: 65.938 Thread 0x000001d77cc00e90 Uncommon trap: reason=profile_predicate action=maybe_recompile pc=0x000001d76a80f358 method=com.android.tools.r8.internal.PJ.put(Ljava/lang/Object;Ljava/lang/Object;)Ljava/lang/Object; @ 92 c2
Event: 65.938 Thread 0x000001d77cc00e90 DEOPT PACKING pc=0x000001d76a80f358 sp=0x00000056e7dfc7c0
Event: 65.938 Thread 0x000001d77cc00e90 DEOPT UNPACKING pc=0x000001d769ba69a3 sp=0x00000056e7dfc778 mode 2
Event: 65.938 Thread 0x000001d77cc00e90 Uncommon trap: trap_request=0xffffffbe fr.pc=0x000001d76a80f358 relative=0x0000000000000c38
Event: 65.938 Thread 0x000001d77cc00e90 Uncommon trap: reason=profile_predicate action=maybe_recompile pc=0x000001d76a80f358 method=com.android.tools.r8.internal.PJ.put(Ljava/lang/Object;Ljava/lang/Object;)Ljava/lang/Object; @ 92 c2
Event: 65.938 Thread 0x000001d77cc00e90 DEOPT PACKING pc=0x000001d76a80f358 sp=0x00000056e7dfc7c0
Event: 65.938 Thread 0x000001d77cc00e90 DEOPT UNPACKING pc=0x000001d769ba69a3 sp=0x00000056e7dfc778 mode 2
Event: 65.967 Thread 0x000001d77d229700 DEOPT PACKING pc=0x000001d763d7c468 sp=0x00000056eebfd450
Event: 65.967 Thread 0x000001d77d229700 DEOPT UNPACKING pc=0x000001d769ba7143 sp=0x00000056eebfc970 mode 0
Event: 65.968 Thread 0x000001d77d229700 DEOPT PACKING pc=0x000001d763d7c468 sp=0x00000056eebfd470
Event: 65.968 Thread 0x000001d77d229700 DEOPT UNPACKING pc=0x000001d769ba7143 sp=0x00000056eebfc980 mode 0
Event: 65.968 Thread 0x000001d77d229700 DEOPT PACKING pc=0x000001d763d7c468 sp=0x00000056eebfd470
Event: 65.968 Thread 0x000001d77d229700 DEOPT UNPACKING pc=0x000001d769ba7143 sp=0x00000056eebfc980 mode 0

Classes unloaded (0 events):
No events

Classes redefined (0 events):
No events

Internal exceptions (20 events):
Event: 63.274 Thread 0x000001d77d229700 Exception <a 'java/lang/NoSuchMethodError'{0x000000009269d488}: 'java.lang.Object java.lang.invoke.DirectMethodHandle$Holder.invokeSpecial(java.lang.Object, java.lang.Object, int, java.lang.Object, java.lang.Object)'> (0x000000009269d488) 
thrown [s\src\hotspot\share\interpreter\linkResolver.cpp, line 771]
Event: 63.525 Thread 0x000001d77d229700 Exception <a 'java/lang/NoSuchMethodError'{0x0000000091aa1228}: 'void java.lang.invoke.DirectMethodHandle$Holder.invokeStatic(java.lang.Object, java.lang.Object, java.lang.Object, java.lang.Object, java.lang.Object, java.lang.Object, java.lang.Object, java.lang.Object)'> (0x0000000091aa1228) 
thrown [s\src\hotspot\share\interpreter\linkResolver.cpp, line 771]
Event: 63.712 Thread 0x000001d77cc01d00 Exception <a 'java/lang/NoSuchMethodError'{0x000000009371c0b8}: static Ljava/lang/Object;.<clinit>()V> (0x000000009371c0b8) 
thrown [s\src\hotspot\share\prims\jni.cpp, line 1108]
Event: 65.105 Thread 0x000001d779106db0 Exception <a 'sun/nio/fs/WindowsException'{0x0000000093b03200}> (0x0000000093b03200) 
thrown [s\src\hotspot\share\prims\jni.cpp, line 517]
Event: 65.105 Thread 0x000001d779106db0 Exception <a 'sun/nio/fs/WindowsException'{0x0000000093b03698}> (0x0000000093b03698) 
thrown [s\src\hotspot\share\prims\jni.cpp, line 517]
Event: 65.107 Thread 0x000001d779106db0 Exception <a 'sun/nio/fs/WindowsException'{0x0000000093b05940}> (0x0000000093b05940) 
thrown [s\src\hotspot\share\prims\jni.cpp, line 517]
Event: 65.107 Thread 0x000001d779106db0 Exception <a 'sun/nio/fs/WindowsException'{0x0000000093b05d90}> (0x0000000093b05d90) 
thrown [s\src\hotspot\share\prims\jni.cpp, line 517]
Event: 65.110 Thread 0x000001d779106db0 Exception <a 'sun/nio/fs/WindowsException'{0x0000000093b091f0}> (0x0000000093b091f0) 
thrown [s\src\hotspot\share\prims\jni.cpp, line 517]
Event: 65.110 Thread 0x000001d779106db0 Exception <a 'sun/nio/fs/WindowsException'{0x0000000093b09688}> (0x0000000093b09688) 
thrown [s\src\hotspot\share\prims\jni.cpp, line 517]
Event: 65.113 Thread 0x000001d779106db0 Exception <a 'sun/nio/fs/WindowsException'{0x0000000093b0b898}> (0x0000000093b0b898) 
thrown [s\src\hotspot\share\prims\jni.cpp, line 517]
Event: 65.113 Thread 0x000001d779106db0 Exception <a 'sun/nio/fs/WindowsException'{0x0000000093b0bce8}> (0x0000000093b0bce8) 
thrown [s\src\hotspot\share\prims\jni.cpp, line 517]
Event: 65.115 Thread 0x000001d779106db0 Exception <a 'sun/nio/fs/WindowsException'{0x0000000093bddc48}> (0x0000000093bddc48) 
thrown [s\src\hotspot\share\prims\jni.cpp, line 517]
Event: 65.115 Thread 0x000001d779106db0 Exception <a 'sun/nio/fs/WindowsException'{0x0000000093bde260}> (0x0000000093bde260) 
thrown [s\src\hotspot\share\prims\jni.cpp, line 517]
Event: 65.118 Thread 0x000001d779106db0 Exception <a 'sun/nio/fs/WindowsException'{0x0000000093be04f0}> (0x0000000093be04f0) 
thrown [s\src\hotspot\share\prims\jni.cpp, line 517]
Event: 65.118 Thread 0x000001d779106db0 Exception <a 'sun/nio/fs/WindowsException'{0x0000000093be0ac0}> (0x0000000093be0ac0) 
thrown [s\src\hotspot\share\prims\jni.cpp, line 517]
Event: 65.120 Thread 0x000001d779106db0 Exception <a 'sun/nio/fs/WindowsException'{0x0000000093be4520}> (0x0000000093be4520) 
thrown [s\src\hotspot\share\prims\jni.cpp, line 517]
Event: 65.120 Thread 0x000001d779106db0 Exception <a 'sun/nio/fs/WindowsException'{0x0000000093be4b38}> (0x0000000093be4b38) 
thrown [s\src\hotspot\share\prims\jni.cpp, line 517]
Event: 65.122 Thread 0x000001d779106db0 Exception <a 'sun/nio/fs/WindowsException'{0x0000000093a69b50}> (0x0000000093a69b50) 
thrown [s\src\hotspot\share\prims\jni.cpp, line 517]
Event: 65.122 Thread 0x000001d779106db0 Exception <a 'sun/nio/fs/WindowsException'{0x0000000093a6a120}> (0x0000000093a6a120) 
thrown [s\src\hotspot\share\prims\jni.cpp, line 517]
Event: 65.156 Thread 0x000001d779106db0 Exception <a 'java/lang/NoSuchMethodError'{0x000000009382a530}: static Lcom/android/build/gradle/internal/tasks/DexArchiveBuilderTaskDelegate$ClasspathServiceKey;.<clinit>()V> (0x000000009382a530) 
thrown [s\src\hotspot\share\prims\jni.cpp, line 1108]

VM Operations (20 events):
Event: 64.810 Executing VM operation: HandshakeAllThreads done
Event: 64.912 Executing VM operation: ICBufferFull
Event: 64.912 Executing VM operation: ICBufferFull done
Event: 65.066 Executing VM operation: G1CollectForAllocation
Event: 65.090 Executing VM operation: G1CollectForAllocation done
Event: 65.588 Executing VM operation: HandshakeAllThreads
Event: 65.588 Executing VM operation: HandshakeAllThreads done
Event: 65.592 Executing VM operation: HandshakeAllThreads
Event: 65.592 Executing VM operation: HandshakeAllThreads done
Event: 65.692 Executing VM operation: HandshakeAllThreads
Event: 65.692 Executing VM operation: HandshakeAllThreads done
Event: 65.866 Executing VM operation: HandshakeAllThreads
Event: 65.867 Executing VM operation: HandshakeAllThreads done
Event: 65.883 Executing VM operation: HandshakeAllThreads
Event: 65.883 Executing VM operation: HandshakeAllThreads done
Event: 65.890 Executing VM operation: HandshakeAllThreads
Event: 65.890 Executing VM operation: HandshakeAllThreads done
Event: 65.892 Executing VM operation: ICBufferFull
Event: 65.893 Executing VM operation: ICBufferFull done
Event: 65.979 Executing VM operation: G1CollectForAllocation

Events (20 events):
Event: 60.541 Thread 0x000001d77f656050 Thread exited: 0x000001d77f656050
Event: 60.671 loading class java/util/concurrent/ForkJoinTask$AdaptedCallable
Event: 60.672 loading class java/util/concurrent/ForkJoinTask$AdaptedCallable done
Event: 60.683 Thread 0x000001d77f656a70 Thread added: 0x000001d77f656a70
Event: 61.348 Thread 0x000001d77f656a70 Thread exited: 0x000001d77f656a70
Event: 61.836 Thread 0x000001d77d408580 Thread added: 0x000001d77d408580
Event: 62.244 Thread 0x000001d77d408580 Thread exited: 0x000001d77d408580
Event: 62.343 Thread 0x000001d77c99beb0 Thread added: 0x000001d77c99beb0
Event: 63.105 loading class java/util/IdentityHashMap$ValueIterator
Event: 63.105 loading class java/util/IdentityHashMap$ValueIterator done
Event: 63.555 Thread 0x000001d779122920 flushing nmethod 0x000001d76a7e2790
Event: 63.579 Thread 0x000001d779122920 flushing nmethod 0x000001d763b4eb90
Event: 63.580 Thread 0x000001d779122920 flushing nmethod 0x000001d763b97a90
Event: 63.580 Thread 0x000001d779122920 flushing nmethod 0x000001d763c03710
Event: 65.091 loading class java/nio/file/Files$2
Event: 65.091 loading class java/nio/file/Files$2 done
Event: 65.188 Thread 0x000001d77cc00e90 Thread added: 0x000001d77cc00e90
Event: 65.252 Thread 0x000001d7799616b0 Thread exited: 0x000001d7799616b0
Event: 65.584 loading class java/util/concurrent/RejectedExecutionException
Event: 65.584 loading class java/util/concurrent/RejectedExecutionException done


Dynamic libraries:
0x00007ff6d4c80000 - 0x00007ff6d4c8a000 	C:\Program Files\Android\Android Studio\jbr\bin\java.exe
0x00007fff659b0000 - 0x00007fff65ba7000 	C:\Windows\SYSTEM32\ntdll.dll
0x00007fff649f0000 - 0x00007fff64aad000 	C:\Windows\System32\KERNEL32.DLL
0x00007fff633a0000 - 0x00007fff63696000 	C:\Windows\System32\KERNELBASE.dll
0x00007fff638a0000 - 0x00007fff639a0000 	C:\Windows\System32\ucrtbase.dll
0x00007fff1fce0000 - 0x00007fff1fcf7000 	C:\Program Files\Android\Android Studio\jbr\bin\jli.dll
0x00007fff5e860000 - 0x00007fff5e87b000 	C:\Program Files\Android\Android Studio\jbr\bin\VCRUNTIME140.dll
0x00007fff651d0000 - 0x00007fff6536e000 	C:\Windows\System32\USER32.dll
0x00007fff630e0000 - 0x00007fff63102000 	C:\Windows\System32\win32u.dll
0x00007fff658e0000 - 0x00007fff6590c000 	C:\Windows\System32\GDI32.dll
0x00007fff50e40000 - 0x00007fff510da000 	C:\Windows\WinSxS\amd64_microsoft.windows.common-controls_6595b64144ccf1df_6.0.19041.3570_none_60bb2a3971f3e41a\COMCTL32.dll
0x00007fff63750000 - 0x00007fff6386a000 	C:\Windows\System32\gdi32full.dll
0x00007fff64f00000 - 0x00007fff64f9e000 	C:\Windows\System32\msvcrt.dll
0x00007fff63110000 - 0x00007fff631ad000 	C:\Windows\System32\msvcp_win.dll
0x00007fff658b0000 - 0x00007fff658e0000 	C:\Windows\System32\IMM32.DLL
0x00007fff5f8e0000 - 0x00007fff5f8ec000 	C:\Program Files\Android\Android Studio\jbr\bin\vcruntime140_1.dll
0x00007fff361e0000 - 0x00007fff3626d000 	C:\Program Files\Android\Android Studio\jbr\bin\msvcp140.dll
0x00007fff22f70000 - 0x00007fff23bde000 	C:\Program Files\Android\Android Studio\jbr\bin\server\jvm.dll
0x00007fff656e0000 - 0x00007fff6578e000 	C:\Windows\System32\ADVAPI32.dll
0x00007fff65000000 - 0x00007fff6509c000 	C:\Windows\System32\sechost.dll
0x00007fff63a10000 - 0x00007fff63b36000 	C:\Windows\System32\RPCRT4.dll
0x00007fff5c730000 - 0x00007fff5c739000 	C:\Windows\SYSTEM32\WSOCK32.dll
0x00007fff55a20000 - 0x00007fff55a47000 	C:\Windows\SYSTEM32\WINMM.dll
0x00007fff650a0000 - 0x00007fff6510b000 	C:\Windows\System32\WS2_32.dll
0x00007fff55ec0000 - 0x00007fff55eca000 	C:\Windows\SYSTEM32\VERSION.dll
0x00007fff61110000 - 0x00007fff61122000 	C:\Windows\SYSTEM32\kernel.appcore.dll
0x00007fff3a8b0000 - 0x00007fff3a8ba000 	C:\Program Files\Android\Android Studio\jbr\bin\jimage.dll
0x00007fff4d1d0000 - 0x00007fff4d3b4000 	C:\Windows\SYSTEM32\DBGHELP.DLL
0x00007fff4da50000 - 0x00007fff4da84000 	C:\Windows\SYSTEM32\dbgcore.DLL
0x00007fff63310000 - 0x00007fff63392000 	C:\Windows\System32\bcryptPrimitives.dll
0x00007fff2a2f0000 - 0x00007fff2a315000 	C:\Program Files\Android\Android Studio\jbr\bin\java.dll
0x00007fff2e990000 - 0x00007fff2e9a8000 	C:\Program Files\Android\Android Studio\jbr\bin\zip.dll
0x00007fff63cc0000 - 0x00007fff64404000 	C:\Windows\System32\SHELL32.dll
0x00007fff61130000 - 0x00007fff618cb000 	C:\Windows\SYSTEM32\windows.storage.dll
0x00007fff65370000 - 0x00007fff656c4000 	C:\Windows\System32\combase.dll
0x00007fff62a60000 - 0x00007fff62a8d000 	C:\Windows\SYSTEM32\Wldp.dll
0x00007fff64bf0000 - 0x00007fff64c9d000 	C:\Windows\System32\SHCORE.dll
0x00007fff65110000 - 0x00007fff65165000 	C:\Windows\System32\shlwapi.dll
0x00007fff62fc0000 - 0x00007fff62fe5000 	C:\Windows\SYSTEM32\profapi.dll
0x00007fff48220000 - 0x00007fff48239000 	C:\Program Files\Android\Android Studio\jbr\bin\net.dll
0x00007fff57050000 - 0x00007fff5715a000 	C:\Windows\SYSTEM32\WINHTTP.dll
0x00007fff62760000 - 0x00007fff627ca000 	C:\Windows\system32\mswsock.dll
0x00007fff2a2d0000 - 0x00007fff2a2e6000 	C:\Program Files\Android\Android Studio\jbr\bin\nio.dll
0x00007fff31b10000 - 0x00007fff31b20000 	C:\Program Files\Android\Android Studio\jbr\bin\verify.dll
0x00007fff2a200000 - 0x00007fff2a227000 	C:\Users\refrizar.dwiardito\.jdks\openjdk-21\native\68d5fa5c4cc2d200863cafc0d521ce42e7d3e7ee720ec0a83991735586a16f82\windows-amd64\native-platform.dll
0x00007fff36090000 - 0x00007fff361d4000 	C:\Users\refrizar.dwiardito\.jdks\openjdk-21\native\e376f236ea51e6404a007f0833ffe2c6e607c4080706a723a18a27aeea778392\windows-amd64\native-platform-file-events.dll
0x00007fff30ab0000 - 0x00007fff30ab9000 	C:\Program Files\Android\Android Studio\jbr\bin\management.dll
0x00007fff30a80000 - 0x00007fff30a8b000 	C:\Program Files\Android\Android Studio\jbr\bin\management_ext.dll
0x00007fff656d0000 - 0x00007fff656d8000 	C:\Windows\System32\PSAPI.DLL
0x00007fff629b0000 - 0x00007fff629c8000 	C:\Windows\SYSTEM32\CRYPTSP.dll
0x00007fff62070000 - 0x00007fff620a4000 	C:\Windows\system32\rsaenh.dll
0x00007fff63870000 - 0x00007fff63897000 	C:\Windows\System32\bcrypt.dll
0x00007fff62f40000 - 0x00007fff62f6e000 	C:\Windows\SYSTEM32\USERENV.dll
0x00007fff629d0000 - 0x00007fff629dc000 	C:\Windows\SYSTEM32\CRYPTBASE.dll
0x00007fff62450000 - 0x00007fff6248b000 	C:\Windows\SYSTEM32\IPHLPAPI.DLL
0x00007fff63cb0000 - 0x00007fff63cb8000 	C:\Windows\System32\NSI.dll
0x00007fff577b0000 - 0x00007fff577c7000 	C:\Windows\SYSTEM32\dhcpcsvc6.DLL
0x00007fff57790000 - 0x00007fff577ad000 	C:\Windows\SYSTEM32\dhcpcsvc.DLL
0x00007fff62490000 - 0x00007fff6255a000 	C:\Windows\SYSTEM32\DNSAPI.dll
0x00007fff2e8b0000 - 0x00007fff2e8b7000 	C:\Windows\system32\wshunix.dll
0x00007fff2ec50000 - 0x00007fff2ec67000 	C:\Windows\system32\napinsp.dll
0x00007fff2d510000 - 0x00007fff2d52b000 	C:\Windows\system32\pnrpnsp.dll
0x00007fff5dba0000 - 0x00007fff5dbb5000 	C:\Windows\system32\wshbth.dll
0x00007fff5d9e0000 - 0x00007fff5d9fd000 	C:\Windows\system32\NLAapi.dll
0x00007fff2a2b0000 - 0x00007fff2a2c2000 	C:\Windows\System32\winrnr.dll
0x00007fff5a500000 - 0x00007fff5a50a000 	C:\Windows\System32\rasadhlp.dll
0x00007fff55fb0000 - 0x00007fff56032000 	C:\Windows\System32\fwpuclnt.dll

dbghelp: loaded successfully - version: 4.0.5 - missing functions: none
symbol engine: initialized successfully - sym options: 0x614 - pdb path: .;C:\Program Files\Android\Android Studio\jbr\bin;C:\Windows\SYSTEM32;C:\Windows\WinSxS\amd64_microsoft.windows.common-controls_6595b64144ccf1df_6.0.19041.3570_none_60bb2a3971f3e41a;C:\Program Files\Android\Android Studio\jbr\bin\server;C:\Users\refrizar.dwiardito\.jdks\openjdk-21\native\68d5fa5c4cc2d200863cafc0d521ce42e7d3e7ee720ec0a83991735586a16f82\windows-amd64;C:\Users\refrizar.dwiardito\.jdks\openjdk-21\native\e376f236ea51e6404a007f0833ffe2c6e607c4080706a723a18a27aeea778392\windows-amd64

VM Arguments:
jvm_args: --add-opens=java.base/java.util=ALL-UNNAMED --add-opens=java.base/java.lang=ALL-UNNAMED --add-opens=java.base/java.lang.invoke=ALL-UNNAMED --add-opens=java.prefs/java.util.prefs=ALL-UNNAMED --add-opens=java.base/java.nio.charset=ALL-UNNAMED --add-opens=java.base/java.net=ALL-UNNAMED --add-opens=java.base/java.util.concurrent.atomic=ALL-UNNAMED -Xmx2048m -Dfile.encoding=UTF-8 -Duser.country=US -Duser.language=en -Duser.variant 
java_command: org.gradle.launcher.daemon.bootstrap.GradleDaemon 8.0
java_class_path (initial): C:\Users\refrizar.dwiardito\.jdks\openjdk-21\wrapper\dists\gradle-8.0-all\a2o1xoguejy6msdh0lk99lxza\gradle-8.0\lib\gradle-launcher-8.0.jar
Launcher Type: SUN_STANDARD

[Global flags]
     intx CICompilerCount                          = 3                                         {product} {ergonomic}
     uint ConcGCThreads                            = 1                                         {product} {ergonomic}
     uint G1ConcRefinementThreads                  = 4                                         {product} {ergonomic}
   size_t G1HeapRegionSize                         = 1048576                                   {product} {ergonomic}
    uintx GCDrainStackTargetSize                   = 64                                        {product} {ergonomic}
   size_t InitialHeapSize                          = 134217728                                 {product} {ergonomic}
   size_t MarkStackSize                            = 4194304                                   {product} {ergonomic}
   size_t MaxHeapSize                              = 2147483648                                {product} {command line}
   size_t MaxNewSize                               = 1287651328                                {product} {ergonomic}
   size_t MinHeapDeltaBytes                        = 1048576                                   {product} {ergonomic}
   size_t MinHeapSize                              = 8388608                                   {product} {ergonomic}
    uintx NonNMethodCodeHeapSize                   = 5832780                                {pd product} {ergonomic}
    uintx NonProfiledCodeHeapSize                  = 122912730                              {pd product} {ergonomic}
    uintx ProfiledCodeHeapSize                     = 122912730                              {pd product} {ergonomic}
    uintx ReservedCodeCacheSize                    = 251658240                              {pd product} {ergonomic}
     bool SegmentedCodeCache                       = true                                      {product} {ergonomic}
   size_t SoftMaxHeapSize                          = 2147483648                             {manageable} {ergonomic}
     bool UseCompressedClassPointers               = true                           {product lp64_product} {ergonomic}
     bool UseCompressedOops                        = true                           {product lp64_product} {ergonomic}
     bool UseG1GC                                  = true                                      {product} {ergonomic}
     bool UseLargePagesIndividualAllocation        = false                                  {pd product} {ergonomic}

Logging:
Log output configuration:
 #0: stdout all=warning uptime,level,tags
 #1: stderr all=off uptime,level,tags

Environment Variables:
JAVA_HOME=C:\Users\refrizar.dwiardito\.jdks\openjdk-21
PATH=C:\Program Files\Common Files\Oracle\Java\javapath;C:\Windows\system32;C:\Windows;C:\Windows\System32\Wbem;C:\Windows\System32\WindowsPowerShell\v1.0\;C:\Windows\System32\OpenSSH\;C:\Program Files\mingw-w64\x86_64-8.1.0-posix-seh-rt_v6-rev0\mingw64\bin;C:\Users\refrizar.dwiardito\AppData\Local\Programs\Python\Python310\Scripts;C:\Users\refrizar.dwiardito\.jdks\openjdk-21\bin;C:\Program Files\PuTTY\;C:\Program Files\gradle-8.3\bin;C:\Program Files\Git\cmd;C:\Users\refrizar.dwiardito\AppData\Local\Programs\Python\Python310\Scripts\;C:\Users\refrizar.dwiardito\AppData\Local\Programs\Python\Python310\;C:\Users\refrizar.dwiardito\AppData\Local\Microsoft\WindowsApps;;C:\Users\refrizar.dwiardito\AppData\Local\Programs\Microsoft VS Code\bin
USERNAME=refrizar.dwiardito
OS=Windows_NT
PROCESSOR_IDENTIFIER=Intel64 Family 6 Model 61 Stepping 4, GenuineIntel
TMP=C:\Users\REFRIZ~1.DWI\AppData\Local\Temp
TEMP=C:\Users\REFRIZ~1.DWI\AppData\Local\Temp


JNI global refs:
JNI global refs: 27, weak refs: 19

JNI global refs memory usage: 843, weak refs: 841


---------------  S Y S T E M  ---------------

OS:
 Windows 10 , 64 bit Build 19041 (10.0.19041.3570)
OS uptime: 0 days 0:35 hours

CPU: total 4 (initial active 4) (2 cores per cpu, 2 threads per core) family 6 model 61 stepping 4 microcode 0x2f, cx8, cmov, fxsr, ht, mmx, 3dnowpref, sse, sse2, sse3, ssse3, sse4.1, sse4.2, popcnt, lzcnt, tsc, tscinvbit, avx, avx2, aes, erms, clmul, bmi1, bmi2, adx, fma, vzeroupper, clflush

Memory: 4k page, system-wide physical 8083M (492M free)
TotalPageFile size 8083M (AvailPageFile size 185M)
current process WorkingSet (physical memory assigned to process): 520M, peak: 603M
current process commit charge ("private bytes"): 621M, peak: 868M

vm_info: OpenJDK 64-Bit Server VM (17.0.6+0-b2043.56-10027231) for windows-amd64 JRE (17.0.6+0-b2043.56-10027231), built on Apr 28 2023 00:43:19 by "androidbuild" with MS VC++ 16.10 / 16.11 (VS2019)

END.
