#
# There is insufficient memory for the Java Runtime Environment to continue.
# Native memory allocation (mmap) failed to map 31457280 bytes for G1 virtual space
# Possible reasons:
#   The system is out of physical RAM or swap space
#   The process is running with CompressedOops enabled, and the Java Heap may be blocking the growth of the native heap
# Possible solutions:
#   Reduce memory load on the system
#   Increase physical memory or swap space
#   Check if swap backing store is full
#   Decrease Java heap size (-Xmx/-Xms)
#   Decrease number of Java threads
#   Decrease Java thread stack sizes (-Xss)
#   Set larger code cache with -XX:ReservedCodeCacheSize=
#   JVM is running with Unscaled Compressed Oops mode in which the Java heap is
#     placed in the first 4GB address space. The Java Heap base address is the
#     maximum limit for the native heap growth. Please use -XX:HeapBaseMinAddress
#     to set the Java Heap base and to place the Java Heap above 4GB virtual address.
# This output file may be truncated or incomplete.
#
#  Out of Memory Error (os_windows.cpp:3769), pid=9472, tid=9652
#
# JRE version: OpenJDK Runtime Environment (17.0.6) (build 17.0.6+0-b2043.56-10027231)
# Java VM: OpenJDK 64-Bit Server VM (17.0.6+0-b2043.56-10027231, mixed mode, tiered, compressed oops, compressed class ptrs, g1 gc, windows-amd64)
# No core dump will be written. Minidumps are not enabled by default on client versions of Windows
#

---------------  S U M M A R Y ------------

Command Line: --add-opens=java.base/java.util=ALL-UNNAMED --add-opens=java.base/java.lang=ALL-UNNAMED --add-opens=java.base/java.lang.invoke=ALL-UNNAMED --add-opens=java.prefs/java.util.prefs=ALL-UNNAMED --add-opens=java.base/java.nio.charset=ALL-UNNAMED --add-opens=java.base/java.net=ALL-UNNAMED --add-opens=java.base/java.util.concurrent.atomic=ALL-UNNAMED -Xmx2048m -Dfile.encoding=UTF-8 -Duser.country=US -Duser.language=en -Duser.variant org.gradle.launcher.daemon.bootstrap.GradleDaemon 8.0

Host: Intel(R) Core(TM) i5-5200U CPU @ 2.20GHz, 4 cores, 7G,  Windows 10 , 64 bit Build 19041 (10.0.19041.3570)
Time: Sun Oct 15 09:09:39 2023 SE Asia Standard Time elapsed time: 19.441013 seconds (0d 0h 0m 19s)

---------------  T H R E A D  ---------------

Current thread (0x00000215692c9b50):  VMThread "VM Thread" [stack: 0x0000005b09e00000,0x0000005b09f00000] [id=9652]

Stack: [0x0000005b09e00000,0x0000005b09f00000]
Native frames: (J=compiled Java code, j=interpreted, Vv=VM code, C=native code)
V  [jvm.dll+0x683c9a]
V  [jvm.dll+0x8427a4]
V  [jvm.dll+0x843f9e]
V  [jvm.dll+0x844603]
V  [jvm.dll+0x249b75]
V  [jvm.dll+0x680b69]
V  [jvm.dll+0x67505a]
V  [jvm.dll+0x309acb]
V  [jvm.dll+0x310f86]
V  [jvm.dll+0x3608ee]
V  [jvm.dll+0x360b1f]
V  [jvm.dll+0x2dfbf8]
V  [jvm.dll+0x2ddec4]
V  [jvm.dll+0x2dd4cc]
V  [jvm.dll+0x321f3b]
V  [jvm.dll+0x848ccb]
V  [jvm.dll+0x849a04]
V  [jvm.dll+0x849f1d]
V  [jvm.dll+0x84a2f4]
V  [jvm.dll+0x84a3c0]
V  [jvm.dll+0x7f274a]
V  [jvm.dll+0x682ad5]
C  [ucrtbase.dll+0x21bb2]
C  [KERNEL32.DLL+0x17344]
C  [ntdll.dll+0x526b1]

VM_Operation (0x0000005b0b5f5920): G1CollectForAllocation, mode: safepoint, requested by thread 0x000002156affb340


---------------  P R O C E S S  ---------------

Threads class SMR info:
_java_thread_list=0x000002157024eab0, length=84, elements={
0x000002154dc7be90, 0x00000215692cdf20, 0x00000215692cf440, 0x00000215692f0970,
0x00000215692f1430, 0x00000215692f26a0, 0x000002156931be30, 0x0000021569d13ea0,
0x0000021569d14f40, 0x0000021569d17ff0, 0x0000021569e8ce50, 0x0000021569eb1e30,
0x000002156affd4f0, 0x000002156affd9c0, 0x000002156affa9a0, 0x000002156affde90,
0x000002156affd020, 0x000002156affc1b0, 0x000002156affb340, 0x000002156affae70,
0x000002156affbce0, 0x000002156affb810, 0x000002156affcb50, 0x000002156affc680,
0x000002156c8686d0, 0x000002156c86a3b0, 0x000002156c864840, 0x000002156c869ee0,
0x000002156c863030, 0x000002156c8651e0, 0x000002156c869540, 0x000002156c867d30,
0x000002156c869a10, 0x000002156c86a880, 0x000002156c863500, 0x000002156c8669f0,
0x000002156c867860, 0x000002156c863ea0, 0x000002156c868ba0, 0x000002156c866520,
0x000002156c866ec0, 0x000002156e07d0a0, 0x000002156e077a00, 0x000002156e07c230,
0x000002156e079210, 0x000002156e07d570, 0x000002156e077530, 0x000002156e07da40,
0x000002156e078870, 0x000002156e07df10, 0x000002156e0783a0, 0x000002156e079bb0,
0x000002156e0796e0, 0x000002156e077ed0, 0x000002156e07c700, 0x000002156e07cbd0,
0x000002156e07a080, 0x000002156e07aef0, 0x000002156e078d40, 0x000002156e07e3e0,
0x000002156e07a550, 0x000002156e07aa20, 0x000002156e07e8b0, 0x000002156e077060,
0x000002156e07b3c0, 0x000002156e07b890, 0x000002156e07bd60, 0x000002156ce3bbd0,
0x000002156ce3a3c0, 0x000002156ce36060, 0x000002156ce36a00, 0x000002156ce37d40,
0x000002156ce39a20, 0x000002156ce39080, 0x000002156ce3a890, 0x000002156ce39ef0,
0x000002156ce39550, 0x000002156ce38bb0, 0x000002156ce3c0a0, 0x000002156ce3c570,
0x000002156ce3cf10, 0x000002156ce373a0, 0x000002156ce37870, 0x000002156f85a910
}

Java Threads: ( => current thread )
  0x000002154dc7be90 JavaThread "main" [_thread_blocked, id=1396, stack(0x0000005b09800000,0x0000005b09900000)]
  0x00000215692cdf20 JavaThread "Reference Handler" daemon [_thread_blocked, id=2056, stack(0x0000005b09f00000,0x0000005b0a000000)]
  0x00000215692cf440 JavaThread "Finalizer" daemon [_thread_blocked, id=8680, stack(0x0000005b0a000000,0x0000005b0a100000)]
  0x00000215692f0970 JavaThread "Signal Dispatcher" daemon [_thread_blocked, id=8092, stack(0x0000005b0a100000,0x0000005b0a200000)]
  0x00000215692f1430 JavaThread "Attach Listener" daemon [_thread_blocked, id=5072, stack(0x0000005b0a200000,0x0000005b0a300000)]
  0x00000215692f26a0 JavaThread "Service Thread" daemon [_thread_blocked, id=9260, stack(0x0000005b0a300000,0x0000005b0a400000)]
  0x000002156931be30 JavaThread "Monitor Deflation Thread" daemon [_thread_blocked, id=4492, stack(0x0000005b0a400000,0x0000005b0a500000)]
  0x0000021569d13ea0 JavaThread "C2 CompilerThread0" daemon [_thread_blocked, id=10068, stack(0x0000005b0a500000,0x0000005b0a600000)]
  0x0000021569d14f40 JavaThread "C1 CompilerThread0" daemon [_thread_blocked, id=4824, stack(0x0000005b0a600000,0x0000005b0a700000)]
  0x0000021569d17ff0 JavaThread "Sweeper thread" daemon [_thread_blocked, id=4908, stack(0x0000005b0a700000,0x0000005b0a800000)]
  0x0000021569e8ce50 JavaThread "Common-Cleaner" daemon [_thread_blocked, id=7600, stack(0x0000005b0a800000,0x0000005b0a900000)]
  0x0000021569eb1e30 JavaThread "Notification Thread" daemon [_thread_blocked, id=1256, stack(0x0000005b0a900000,0x0000005b0aa00000)]
  0x000002156affd4f0 JavaThread "Daemon health stats" [_thread_blocked, id=4028, stack(0x0000005b0af00000,0x0000005b0b000000)]
  0x000002156affd9c0 JavaThread "Incoming local TCP Connector on port 50833" [_thread_in_native, id=10120, stack(0x0000005b0b000000,0x0000005b0b100000)]
  0x000002156affa9a0 JavaThread "Daemon periodic checks" [_thread_blocked, id=1140, stack(0x0000005b0b100000,0x0000005b0b200000)]
  0x000002156affde90 JavaThread "Daemon" [_thread_blocked, id=8044, stack(0x0000005b0b200000,0x0000005b0b300000)]
  0x000002156affd020 JavaThread "Handler for socket connection from /127.0.0.1:50833 to /127.0.0.1:50834" [_thread_in_native, id=9612, stack(0x0000005b0b300000,0x0000005b0b400000)]
  0x000002156affc1b0 JavaThread "Cancel handler" [_thread_blocked, id=6156, stack(0x0000005b0b400000,0x0000005b0b500000)]
  0x000002156affb340 JavaThread "Daemon worker" [_thread_blocked, id=7476, stack(0x0000005b0b500000,0x0000005b0b600000)]
  0x000002156affae70 JavaThread "Asynchronous log dispatcher for DefaultDaemonConnection: socket connection from /127.0.0.1:50833 to /127.0.0.1:50834" [_thread_blocked, id=9408, stack(0x0000005b0b600000,0x0000005b0b700000)]
  0x000002156affbce0 JavaThread "Stdin handler" [_thread_blocked, id=10196, stack(0x0000005b0b700000,0x0000005b0b800000)]
  0x000002156affb810 JavaThread "Daemon client event forwarder" [_thread_blocked, id=9804, stack(0x0000005b0b800000,0x0000005b0b900000)]
  0x000002156affcb50 JavaThread "Cache worker for journal cache (C:\Users\refrizar.dwiardito\.jdks\openjdk-21\caches\journal-1)" [_thread_blocked, id=2328, stack(0x0000005b0ab00000,0x0000005b0ac00000)]
  0x000002156affc680 JavaThread "File lock request listener" [_thread_in_native, id=7868, stack(0x0000005b0b900000,0x0000005b0ba00000)]
  0x000002156c8686d0 JavaThread "Cache worker for file hash cache (C:\Users\refrizar.dwiardito\.jdks\openjdk-21\caches\8.0\fileHashes)" [_thread_blocked, id=10172, stack(0x0000005b0ba00000,0x0000005b0bb00000)]
  0x000002156c86a3b0 JavaThread "File watcher server" daemon [_thread_in_native, id=1408, stack(0x0000005b0bc00000,0x0000005b0bd00000)]
  0x000002156c864840 JavaThread "File watcher consumer" daemon [_thread_blocked, id=7788, stack(0x0000005b0bd00000,0x0000005b0be00000)]
  0x000002156c869ee0 JavaThread "Cache worker for checksums cache (C:\Users\refrizar.dwiardito\AndroidStudioProjects\Catwell\.gradle\8.0\checksums)" [_thread_blocked, id=7072, stack(0x0000005b0be00000,0x0000005b0bf00000)]
  0x000002156c863030 JavaThread "Cache worker for cache directory md-rule (C:\Users\refrizar.dwiardito\.jdks\openjdk-21\caches\8.0\md-rule)" [_thread_blocked, id=4700, stack(0x0000005b0bf00000,0x0000005b0c000000)]
  0x000002156c8651e0 JavaThread "Cache worker for file content cache (C:\Users\refrizar.dwiardito\.jdks\openjdk-21\caches\8.0\fileContent)" [_thread_blocked, id=5560, stack(0x0000005b0c000000,0x0000005b0c100000)]
  0x000002156c869540 JavaThread "Cache worker for file hash cache (C:\Users\refrizar.dwiardito\AndroidStudioProjects\Catwell\.gradle\8.0\fileHashes)" [_thread_blocked, id=7508, stack(0x0000005b0c100000,0x0000005b0c200000)]
  0x000002156c867d30 JavaThread "Cache worker for cache directory md-supplier (C:\Users\refrizar.dwiardito\.jdks\openjdk-21\caches\8.0\md-supplier)" [_thread_blocked, id=9084, stack(0x0000005b0c200000,0x0000005b0c300000)]
  0x000002156c869a10 JavaThread "Cache worker for execution history cache (C:\Users\refrizar.dwiardito\.jdks\openjdk-21\caches\8.0\executionHistory)" [_thread_blocked, id=8724, stack(0x0000005b0c300000,0x0000005b0c400000)]
  0x000002156c86a880 JavaThread "jar transforms" [_thread_blocked, id=6952, stack(0x0000005b0c400000,0x0000005b0c500000)]
  0x000002156c863500 JavaThread "jar transforms Thread 2" [_thread_blocked, id=2164, stack(0x0000005b0c500000,0x0000005b0c600000)]
  0x000002156c8669f0 JavaThread "jar transforms Thread 3" [_thread_blocked, id=5524, stack(0x0000005b0c700000,0x0000005b0c800000)]
  0x000002156c867860 JavaThread "jar transforms Thread 4" [_thread_blocked, id=7568, stack(0x0000005b0c800000,0x0000005b0c900000)]
  0x000002156c863ea0 JavaThread "Cache worker for dependencies-accessors (C:\Users\refrizar.dwiardito\AndroidStudioProjects\Catwell\.gradle\8.0\dependencies-accessors)" [_thread_blocked, id=1168, stack(0x0000005b0c900000,0x0000005b0ca00000)]
  0x000002156c868ba0 JavaThread "Cache worker for Build Output Cleanup Cache (C:\Users\refrizar.dwiardito\AndroidStudioProjects\Catwell\.gradle\buildOutputCleanup)" [_thread_blocked, id=1612, stack(0x0000005b0ca00000,0x0000005b0cb00000)]
  0x000002156c866520 JavaThread "Unconstrained build operations" [_thread_blocked, id=3020, stack(0x0000005b0cb00000,0x0000005b0cc00000)]
  0x000002156c866ec0 JavaThread "Unconstrained build operations Thread 2" [_thread_blocked, id=7752, stack(0x0000005b0cc00000,0x0000005b0cd00000)]
  0x000002156e07d0a0 JavaThread "Unconstrained build operations Thread 3" [_thread_blocked, id=9288, stack(0x0000005b0cd00000,0x0000005b0ce00000)]
  0x000002156e077a00 JavaThread "Unconstrained build operations Thread 4" [_thread_blocked, id=2756, stack(0x0000005b0ce00000,0x0000005b0cf00000)]
  0x000002156e07c230 JavaThread "Unconstrained build operations Thread 5" [_thread_blocked, id=1604, stack(0x0000005b0cf00000,0x0000005b0d000000)]
  0x000002156e079210 JavaThread "Unconstrained build operations Thread 6" [_thread_blocked, id=8412, stack(0x0000005b0d000000,0x0000005b0d100000)]
  0x000002156e07d570 JavaThread "Unconstrained build operations Thread 7" [_thread_blocked, id=9404, stack(0x0000005b0d100000,0x0000005b0d200000)]
  0x000002156e077530 JavaThread "Unconstrained build operations Thread 8" [_thread_blocked, id=5700, stack(0x0000005b0d200000,0x0000005b0d300000)]
  0x000002156e07da40 JavaThread "Unconstrained build operations Thread 9" [_thread_blocked, id=7376, stack(0x0000005b0d300000,0x0000005b0d400000)]
  0x000002156e078870 JavaThread "Unconstrained build operations Thread 10" [_thread_blocked, id=9352, stack(0x0000005b0d400000,0x0000005b0d500000)]
  0x000002156e07df10 JavaThread "Unconstrained build operations Thread 11" [_thread_blocked, id=7428, stack(0x0000005b0d500000,0x0000005b0d600000)]
  0x000002156e0783a0 JavaThread "Unconstrained build operations Thread 12" [_thread_blocked, id=3008, stack(0x0000005b0d600000,0x0000005b0d700000)]
  0x000002156e079bb0 JavaThread "Unconstrained build operations Thread 13" [_thread_blocked, id=4380, stack(0x0000005b0d700000,0x0000005b0d800000)]
  0x000002156e0796e0 JavaThread "Unconstrained build operations Thread 14" [_thread_blocked, id=9720, stack(0x0000005b0d800000,0x0000005b0d900000)]
  0x000002156e077ed0 JavaThread "Unconstrained build operations Thread 15" [_thread_blocked, id=9576, stack(0x0000005b0d900000,0x0000005b0da00000)]
  0x000002156e07c700 JavaThread "Unconstrained build operations Thread 16" [_thread_blocked, id=3784, stack(0x0000005b0da00000,0x0000005b0db00000)]
  0x000002156e07cbd0 JavaThread "Unconstrained build operations Thread 17" [_thread_blocked, id=5144, stack(0x0000005b0db00000,0x0000005b0dc00000)]
  0x000002156e07a080 JavaThread "Unconstrained build operations Thread 18" [_thread_blocked, id=1152, stack(0x0000005b0dc00000,0x0000005b0dd00000)]
  0x000002156e07aef0 JavaThread "Unconstrained build operations Thread 19" [_thread_blocked, id=9828, stack(0x0000005b0dd00000,0x0000005b0de00000)]
  0x000002156e078d40 JavaThread "Unconstrained build operations Thread 20" [_thread_blocked, id=1792, stack(0x0000005b0de00000,0x0000005b0df00000)]
  0x000002156e07e3e0 JavaThread "Unconstrained build operations Thread 21" [_thread_blocked, id=5292, stack(0x0000005b0df00000,0x0000005b0e000000)]
  0x000002156e07a550 JavaThread "Unconstrained build operations Thread 22" [_thread_blocked, id=8080, stack(0x0000005b0e000000,0x0000005b0e100000)]
  0x000002156e07aa20 JavaThread "Unconstrained build operations Thread 23" [_thread_blocked, id=3292, stack(0x0000005b0e100000,0x0000005b0e200000)]
  0x000002156e07e8b0 JavaThread "Unconstrained build operations Thread 24" [_thread_blocked, id=8588, stack(0x0000005b0e200000,0x0000005b0e300000)]
  0x000002156e077060 JavaThread "Unconstrained build operations Thread 25" [_thread_blocked, id=2348, stack(0x0000005b0e300000,0x0000005b0e400000)]
  0x000002156e07b3c0 JavaThread "Unconstrained build operations Thread 26" [_thread_blocked, id=4976, stack(0x0000005b0e400000,0x0000005b0e500000)]
  0x000002156e07b890 JavaThread "Unconstrained build operations Thread 27" [_thread_blocked, id=940, stack(0x0000005b0e500000,0x0000005b0e600000)]
  0x000002156e07bd60 JavaThread "Unconstrained build operations Thread 28" [_thread_blocked, id=9528, stack(0x0000005b0e600000,0x0000005b0e700000)]
  0x000002156ce3bbd0 JavaThread "Unconstrained build operations Thread 29" [_thread_blocked, id=6728, stack(0x0000005b0e700000,0x0000005b0e800000)]
  0x000002156ce3a3c0 JavaThread "Unconstrained build operations Thread 30" [_thread_blocked, id=2896, stack(0x0000005b0e800000,0x0000005b0e900000)]
  0x000002156ce36060 JavaThread "Unconstrained build operations Thread 31" [_thread_blocked, id=1976, stack(0x0000005b0e900000,0x0000005b0ea00000)]
  0x000002156ce36a00 JavaThread "Unconstrained build operations Thread 32" [_thread_blocked, id=9596, stack(0x0000005b0ea00000,0x0000005b0eb00000)]
  0x000002156ce37d40 JavaThread "Unconstrained build operations Thread 33" [_thread_blocked, id=5128, stack(0x0000005b0eb00000,0x0000005b0ec00000)]
  0x000002156ce39a20 JavaThread "Unconstrained build operations Thread 34" [_thread_blocked, id=3640, stack(0x0000005b0ec00000,0x0000005b0ed00000)]
  0x000002156ce39080 JavaThread "Unconstrained build operations Thread 35" [_thread_blocked, id=7632, stack(0x0000005b0ed00000,0x0000005b0ee00000)]
  0x000002156ce3a890 JavaThread "Unconstrained build operations Thread 36" [_thread_blocked, id=1464, stack(0x0000005b0ee00000,0x0000005b0ef00000)]
  0x000002156ce39ef0 JavaThread "Unconstrained build operations Thread 37" [_thread_blocked, id=3768, stack(0x0000005b0ef00000,0x0000005b0f000000)]
  0x000002156ce39550 JavaThread "Unconstrained build operations Thread 38" [_thread_blocked, id=4060, stack(0x0000005b0f000000,0x0000005b0f100000)]
  0x000002156ce38bb0 JavaThread "Unconstrained build operations Thread 39" [_thread_blocked, id=1208, stack(0x0000005b0f100000,0x0000005b0f200000)]
  0x000002156ce3c0a0 JavaThread "Unconstrained build operations Thread 40" [_thread_blocked, id=1264, stack(0x0000005b0f200000,0x0000005b0f300000)]
  0x000002156ce3c570 JavaThread "build event listener" [_thread_blocked, id=4940, stack(0x0000005b0f300000,0x0000005b0f400000)]
  0x000002156ce3cf10 JavaThread "Memory manager" [_thread_blocked, id=3476, stack(0x0000005b0f400000,0x0000005b0f500000)]
  0x000002156ce373a0 JavaThread "build event listener" [_thread_blocked, id=6136, stack(0x0000005b0f500000,0x0000005b0f600000)]
  0x000002156ce37870 JavaThread "build event listener" [_thread_blocked, id=9224, stack(0x0000005b0f600000,0x0000005b0f700000)]
  0x000002156f85a910 JavaThread "C2 CompilerThread1" daemon [_thread_blocked, id=9852, stack(0x0000005b0bb00000,0x0000005b0bc00000)]

Other Threads:
=>0x00000215692c9b50 VMThread "VM Thread" [stack: 0x0000005b09e00000,0x0000005b09f00000] [id=9652]
  0x000002154fd903f0 WatcherThread [stack: 0x0000005b0aa00000,0x0000005b0ab00000] [id=10084]
  0x000002154fd752d0 GCTaskThread "GC Thread#0" [stack: 0x0000005b09900000,0x0000005b09a00000] [id=9972]
  0x000002156a73c5e0 GCTaskThread "GC Thread#1" [stack: 0x0000005b0ac00000,0x0000005b0ad00000] [id=9908]
  0x000002156a73c890 GCTaskThread "GC Thread#2" [stack: 0x0000005b0ad00000,0x0000005b0ae00000] [id=4580]
  0x000002156aa41c50 GCTaskThread "GC Thread#3" [stack: 0x0000005b0ae00000,0x0000005b0af00000] [id=1940]
  0x000002154fd87130 ConcurrentGCThread "G1 Main Marker" [stack: 0x0000005b09a00000,0x0000005b09b00000] [id=3968]
  0x000002154fd881f0 ConcurrentGCThread "G1 Conc#0" [stack: 0x0000005b09b00000,0x0000005b09c00000] [id=6644]
  0x000002154fdee960 ConcurrentGCThread "G1 Refine#0" [stack: 0x0000005b09c00000,0x0000005b09d00000] [id=9584]
  0x000002156b4e56c0 ConcurrentGCThread "G1 Refine#1" [stack: 0x0000005b0c600000,0x0000005b0c700000] [id=9680]
  0x00000215691344a0 ConcurrentGCThread "G1 Service" [stack: 0x0000005b09d00000,0x0000005b09e00000] [id=6608]

Threads with active compile tasks:
C2 CompilerThread0    19474 8817       4       jdk.internal.org.objectweb.asm.MethodWriter::visitLabel (328 bytes)

VM state: at safepoint (normal execution)

VM Mutex/Monitor currently owned by a thread:  ([mutex/lock_event])
[0x000002154fd17790] Threads_lock - owner thread: 0x00000215692c9b50
[0x000002154fd17ee0] Heap_lock - owner thread: 0x000002156affb340

Heap address: 0x0000000080000000, size: 2048 MB, Compressed Oops mode: 32-bit

CDS archive(s) not mapped
Compressed class space mapped at: 0x0000000100000000-0x0000000140000000, reserved size: 1073741824
Narrow klass base: 0x0000000000000000, Narrow klass shift: 3, Narrow klass range: 0x140000000

GC Precious Log:
 CPUs: 4 total, 4 available
 Memory: 8083M
 Large Page Support: Disabled
 NUMA Support: Disabled
 Compressed Oops: Enabled (32-bit)
 Heap Region Size: 1M
 Heap Min Capacity: 8M
 Heap Initial Capacity: 128M
 Heap Max Capacity: 2G
 Pre-touch: Disabled
 Parallel Workers: 4
 Concurrent Workers: 1
 Concurrent Refinement Workers: 4
 Periodic GC: Disabled

Heap:
 garbage-first heap   total 135168K, used 78511K [0x0000000080000000, 0x0000000100000000)
  region size 1024K, 1 young (1024K), 1 survivors (1024K)
 Metaspace       used 86951K, committed 87616K, reserved 1130496K
  class space    used 11845K, committed 12160K, reserved 1048576K

Heap Regions: E=young(eden), S=young(survivor), O=old, HS=humongous(starts), HC=humongous(continues), CS=collection set, F=free, OA=open archive, CA=closed archive, TAMS=top-at-mark-start (previous, next)
|   0|0x0000000080000000, 0x0000000080100000, 0x0000000080100000|100%| O|  |TAMS 0x0000000080100000, 0x0000000080000000| Untracked 
|   1|0x0000000080100000, 0x0000000080200000, 0x0000000080200000|100%| O|  |TAMS 0x0000000080200000, 0x0000000080100000| Untracked 
|   2|0x0000000080200000, 0x0000000080300000, 0x0000000080300000|100%|HS|  |TAMS 0x0000000080300000, 0x0000000080200000| Complete 
|   3|0x0000000080300000, 0x0000000080400000, 0x0000000080400000|100%|HC|  |TAMS 0x0000000080400000, 0x0000000080300000| Complete 
|   4|0x0000000080400000, 0x0000000080500000, 0x0000000080500000|100%|HC|  |TAMS 0x0000000080500000, 0x0000000080400000| Complete 
|   5|0x0000000080500000, 0x0000000080600000, 0x0000000080600000|100%|HC|  |TAMS 0x0000000080600000, 0x0000000080500000| Complete 
|   6|0x0000000080600000, 0x0000000080700000, 0x0000000080700000|100%| O|  |TAMS 0x0000000080700000, 0x0000000080600000| Untracked 
|   7|0x0000000080700000, 0x0000000080800000, 0x0000000080800000|100%| O|  |TAMS 0x0000000080800000, 0x0000000080700000| Untracked 
|   8|0x0000000080800000, 0x0000000080900000, 0x0000000080900000|100%| O|  |TAMS 0x0000000080900000, 0x0000000080800000| Untracked 
|   9|0x0000000080900000, 0x0000000080a00000, 0x0000000080a00000|100%| O|  |TAMS 0x0000000080a00000, 0x0000000080900000| Untracked 
|  10|0x0000000080a00000, 0x0000000080b00000, 0x0000000080b00000|100%| O|  |TAMS 0x0000000080b00000, 0x0000000080a00000| Untracked 
|  11|0x0000000080b00000, 0x0000000080b00000, 0x0000000080c00000|  0%| F|  |TAMS 0x0000000080b00000, 0x0000000080b00000| Untracked 
|  12|0x0000000080c00000, 0x0000000080d00000, 0x0000000080d00000|100%| O|  |TAMS 0x0000000080d00000, 0x0000000080c00000| Untracked 
|  13|0x0000000080d00000, 0x0000000080e00000, 0x0000000080e00000|100%| O|  |TAMS 0x0000000080e00000, 0x0000000080d00000| Untracked 
|  14|0x0000000080e00000, 0x0000000080f00000, 0x0000000080f00000|100%| O|  |TAMS 0x0000000080f00000, 0x0000000080e00000| Untracked 
|  15|0x0000000080f00000, 0x0000000081000000, 0x0000000081000000|100%| O|  |TAMS 0x0000000081000000, 0x0000000080f00000| Untracked 
|  16|0x0000000081000000, 0x0000000081100000, 0x0000000081100000|100%| O|  |TAMS 0x0000000081100000, 0x0000000081000000| Untracked 
|  17|0x0000000081100000, 0x0000000081200000, 0x0000000081200000|100%| O|  |TAMS 0x0000000081200000, 0x0000000081100000| Untracked 
|  18|0x0000000081200000, 0x0000000081300000, 0x0000000081300000|100%| O|  |TAMS 0x0000000081300000, 0x0000000081200000| Untracked 
|  19|0x0000000081300000, 0x0000000081400000, 0x0000000081400000|100%| O|  |TAMS 0x0000000081400000, 0x0000000081300000| Untracked 
|  20|0x0000000081400000, 0x0000000081500000, 0x0000000081500000|100%| O|  |TAMS 0x0000000081500000, 0x0000000081400000| Untracked 
|  21|0x0000000081500000, 0x0000000081600000, 0x0000000081600000|100%| O|  |TAMS 0x0000000081600000, 0x0000000081500000| Untracked 
|  22|0x0000000081600000, 0x0000000081700000, 0x0000000081700000|100%| O|  |TAMS 0x0000000081700000, 0x0000000081600000| Untracked 
|  23|0x0000000081700000, 0x0000000081800000, 0x0000000081800000|100%| O|  |TAMS 0x0000000081800000, 0x0000000081700000| Untracked 
|  24|0x0000000081800000, 0x0000000081900000, 0x0000000081900000|100%| O|  |TAMS 0x0000000081900000, 0x0000000081800000| Untracked 
|  25|0x0000000081900000, 0x0000000081a00000, 0x0000000081a00000|100%| O|  |TAMS 0x0000000081a00000, 0x0000000081900000| Untracked 
|  26|0x0000000081a00000, 0x0000000081b00000, 0x0000000081b00000|100%| O|  |TAMS 0x0000000081b00000, 0x0000000081a00000| Untracked 
|  27|0x0000000081b00000, 0x0000000081c00000, 0x0000000081c00000|100%| O|  |TAMS 0x0000000081c00000, 0x0000000081b00000| Untracked 
|  28|0x0000000081c00000, 0x0000000081d00000, 0x0000000081d00000|100%| O|  |TAMS 0x0000000081d00000, 0x0000000081c00000| Untracked 
|  29|0x0000000081d00000, 0x0000000081e00000, 0x0000000081e00000|100%| O|  |TAMS 0x0000000081e00000, 0x0000000081d00000| Untracked 
|  30|0x0000000081e00000, 0x0000000081f00000, 0x0000000081f00000|100%| O|  |TAMS 0x0000000081f00000, 0x0000000081e00000| Untracked 
|  31|0x0000000081f00000, 0x0000000082000000, 0x0000000082000000|100%| O|  |TAMS 0x0000000082000000, 0x0000000081f00000| Untracked 
|  32|0x0000000082000000, 0x0000000082100000, 0x0000000082100000|100%| O|  |TAMS 0x0000000082100000, 0x0000000082000000| Untracked 
|  33|0x0000000082100000, 0x0000000082200000, 0x0000000082200000|100%|HS|  |TAMS 0x0000000082200000, 0x0000000082100000| Complete 
|  34|0x0000000082200000, 0x0000000082300000, 0x0000000082300000|100%|HS|  |TAMS 0x0000000082300000, 0x0000000082200000| Complete 
|  35|0x0000000082300000, 0x0000000082400000, 0x0000000082400000|100%|HC|  |TAMS 0x0000000082400000, 0x0000000082300000| Complete 
|  36|0x0000000082400000, 0x0000000082500000, 0x0000000082500000|100%| O|  |TAMS 0x0000000082500000, 0x0000000082400000| Untracked 
|  37|0x0000000082500000, 0x0000000082600000, 0x0000000082600000|100%| O|  |TAMS 0x0000000082600000, 0x0000000082500000| Untracked 
|  38|0x0000000082600000, 0x0000000082700000, 0x0000000082700000|100%| O|  |TAMS 0x0000000082700000, 0x0000000082600000| Untracked 
|  39|0x0000000082700000, 0x0000000082800000, 0x0000000082800000|100%|HS|  |TAMS 0x0000000082800000, 0x0000000082700000| Complete 
|  40|0x0000000082800000, 0x0000000082900000, 0x0000000082900000|100%|HS|  |TAMS 0x0000000082900000, 0x0000000082800000| Complete 
|  41|0x0000000082900000, 0x0000000082a00000, 0x0000000082a00000|100%|HS|  |TAMS 0x0000000082a00000, 0x0000000082900000| Complete 
|  42|0x0000000082a00000, 0x0000000082b00000, 0x0000000082b00000|100%|HC|  |TAMS 0x0000000082b00000, 0x0000000082a00000| Complete 
|  43|0x0000000082b00000, 0x0000000082c00000, 0x0000000082c00000|100%|HC|  |TAMS 0x0000000082c00000, 0x0000000082b00000| Complete 
|  44|0x0000000082c00000, 0x0000000082d00000, 0x0000000082d00000|100%|HC|  |TAMS 0x0000000082d00000, 0x0000000082c00000| Complete 
|  45|0x0000000082d00000, 0x0000000082e00000, 0x0000000082e00000|100%| O|  |TAMS 0x0000000082e00000, 0x0000000082d00000| Untracked 
|  46|0x0000000082e00000, 0x0000000082f00000, 0x0000000082f00000|100%| O|  |TAMS 0x0000000082f00000, 0x0000000082e00000| Untracked 
|  47|0x0000000082f00000, 0x0000000083000000, 0x0000000083000000|100%| O|  |TAMS 0x0000000083000000, 0x0000000082f00000| Untracked 
|  48|0x0000000083000000, 0x0000000083100000, 0x0000000083100000|100%| O|  |TAMS 0x0000000083100000, 0x0000000083000000| Untracked 
|  49|0x0000000083100000, 0x0000000083200000, 0x0000000083200000|100%| O|  |TAMS 0x0000000083200000, 0x0000000083100000| Untracked 
|  50|0x0000000083200000, 0x0000000083300000, 0x0000000083300000|100%| O|  |TAMS 0x0000000083300000, 0x0000000083200000| Untracked 
|  51|0x0000000083300000, 0x0000000083400000, 0x0000000083400000|100%| O|  |TAMS 0x0000000083400000, 0x0000000083300000| Untracked 
|  52|0x0000000083400000, 0x0000000083500000, 0x0000000083500000|100%| O|  |TAMS 0x0000000083500000, 0x0000000083400000| Untracked 
|  53|0x0000000083500000, 0x0000000083600000, 0x0000000083600000|100%| O|  |TAMS 0x0000000083600000, 0x0000000083500000| Untracked 
|  54|0x0000000083600000, 0x0000000083700000, 0x0000000083700000|100%| O|  |TAMS 0x0000000083700000, 0x0000000083600000| Untracked 
|  55|0x0000000083700000, 0x0000000083800000, 0x0000000083800000|100%| O|  |TAMS 0x0000000083800000, 0x0000000083700000| Untracked 
|  56|0x0000000083800000, 0x0000000083900000, 0x0000000083900000|100%| O|  |TAMS 0x0000000083900000, 0x0000000083800000| Untracked 
|  57|0x0000000083900000, 0x0000000083a00000, 0x0000000083a00000|100%| O|  |TAMS 0x0000000083a00000, 0x0000000083900000| Untracked 
|  58|0x0000000083a00000, 0x0000000083b00000, 0x0000000083b00000|100%| O|  |TAMS 0x0000000083b00000, 0x0000000083a00000| Untracked 
|  59|0x0000000083b00000, 0x0000000083c00000, 0x0000000083c00000|100%| O|  |TAMS 0x0000000083c00000, 0x0000000083b00000| Untracked 
|  60|0x0000000083c00000, 0x0000000083d00000, 0x0000000083d00000|100%| O|  |TAMS 0x0000000083d00000, 0x0000000083c00000| Untracked 
|  61|0x0000000083d00000, 0x0000000083e00000, 0x0000000083e00000|100%| O|  |TAMS 0x0000000083e00000, 0x0000000083d00000| Untracked 
|  62|0x0000000083e00000, 0x0000000083f00000, 0x0000000083f00000|100%| O|  |TAMS 0x0000000083f00000, 0x0000000083e00000| Untracked 
|  63|0x0000000083f00000, 0x0000000084000000, 0x0000000084000000|100%| O|  |TAMS 0x0000000084000000, 0x0000000083f00000| Untracked 
|  64|0x0000000084000000, 0x0000000084100000, 0x0000000084100000|100%| O|  |TAMS 0x0000000084100000, 0x0000000084000000| Untracked 
|  65|0x0000000084100000, 0x0000000084200000, 0x0000000084200000|100%| O|  |TAMS 0x0000000084200000, 0x0000000084100000| Untracked 
|  66|0x0000000084200000, 0x0000000084300000, 0x0000000084300000|100%| O|  |TAMS 0x0000000084300000, 0x0000000084200000| Untracked 
|  67|0x0000000084300000, 0x0000000084400000, 0x0000000084400000|100%| O|  |TAMS 0x0000000084300000, 0x0000000084300000| Untracked 
|  68|0x0000000084400000, 0x0000000084500000, 0x0000000084500000|100%| O|  |TAMS 0x0000000084500000, 0x0000000084400000| Untracked 
|  69|0x0000000084500000, 0x0000000084600000, 0x0000000084600000|100%| O|  |TAMS 0x0000000084600000, 0x0000000084500000| Untracked 
|  70|0x0000000084600000, 0x0000000084700000, 0x0000000084700000|100%| O|  |TAMS 0x0000000084700000, 0x0000000084600000| Untracked 
|  71|0x0000000084700000, 0x0000000084800000, 0x0000000084800000|100%| O|  |TAMS 0x0000000084700000, 0x0000000084700000| Untracked 
|  72|0x0000000084800000, 0x0000000084900000, 0x0000000084900000|100%| O|  |TAMS 0x0000000084800000, 0x0000000084800000| Untracked 
|  73|0x0000000084900000, 0x0000000084a00000, 0x0000000084a00000|100%| O|  |TAMS 0x0000000084900000, 0x0000000084900000| Untracked 
|  74|0x0000000084a00000, 0x0000000084b00000, 0x0000000084b00000|100%| O|  |TAMS 0x0000000084a00000, 0x0000000084a00000| Untracked 
|  75|0x0000000084b00000, 0x0000000084c00000, 0x0000000084c00000|100%| O|  |TAMS 0x0000000084b00000, 0x0000000084b00000| Untracked 
|  76|0x0000000084c00000, 0x0000000084ccf000, 0x0000000084d00000| 80%| O|  |TAMS 0x0000000084c00000, 0x0000000084c00000| Untracked 
|  77|0x0000000084d00000, 0x0000000084d00000, 0x0000000084e00000|  0%| F|  |TAMS 0x0000000084d00000, 0x0000000084d00000| Untracked 
|  78|0x0000000084e00000, 0x0000000084e00000, 0x0000000084f00000|  0%| F|  |TAMS 0x0000000084e00000, 0x0000000084e00000| Untracked 
|  79|0x0000000084f00000, 0x0000000084f00000, 0x0000000085000000|  0%| F|  |TAMS 0x0000000084f00000, 0x0000000084f00000| Untracked 
|  80|0x0000000085000000, 0x0000000085000000, 0x0000000085100000|  0%| F|  |TAMS 0x0000000085000000, 0x0000000085000000| Untracked 
|  81|0x0000000085100000, 0x0000000085100000, 0x0000000085200000|  0%| F|  |TAMS 0x0000000085100000, 0x0000000085100000| Untracked 
|  82|0x0000000085200000, 0x0000000085200000, 0x0000000085300000|  0%| F|  |TAMS 0x0000000085200000, 0x0000000085200000| Untracked 
|  83|0x0000000085300000, 0x0000000085300000, 0x0000000085400000|  0%| F|  |TAMS 0x0000000085300000, 0x0000000085300000| Untracked 
|  84|0x0000000085400000, 0x0000000085400000, 0x0000000085500000|  0%| F|  |TAMS 0x0000000085400000, 0x0000000085400000| Untracked 
|  85|0x0000000085500000, 0x0000000085500000, 0x0000000085600000|  0%| F|  |TAMS 0x0000000085500000, 0x0000000085500000| Untracked 
|  86|0x0000000085600000, 0x0000000085600000, 0x0000000085700000|  0%| F|  |TAMS 0x0000000085600000, 0x0000000085600000| Untracked 
|  87|0x0000000085700000, 0x0000000085700000, 0x0000000085800000|  0%| F|  |TAMS 0x0000000085700000, 0x0000000085700000| Untracked 
|  88|0x0000000085800000, 0x0000000085800000, 0x0000000085900000|  0%| F|  |TAMS 0x0000000085800000, 0x0000000085800000| Untracked 
|  89|0x0000000085900000, 0x0000000085900000, 0x0000000085a00000|  0%| F|  |TAMS 0x0000000085900000, 0x0000000085900000| Untracked 
|  90|0x0000000085a00000, 0x0000000085a00000, 0x0000000085b00000|  0%| F|  |TAMS 0x0000000085a00000, 0x0000000085a00000| Untracked 
|  91|0x0000000085b00000, 0x0000000085b00000, 0x0000000085c00000|  0%| F|  |TAMS 0x0000000085b00000, 0x0000000085b00000| Untracked 
|  92|0x0000000085c00000, 0x0000000085c00000, 0x0000000085d00000|  0%| F|  |TAMS 0x0000000085c00000, 0x0000000085c00000| Untracked 
|  93|0x0000000085d00000, 0x0000000085d00000, 0x0000000085e00000|  0%| F|  |TAMS 0x0000000085d00000, 0x0000000085d00000| Untracked 
|  94|0x0000000085e00000, 0x0000000085e00000, 0x0000000085f00000|  0%| F|  |TAMS 0x0000000085e00000, 0x0000000085e00000| Untracked 
|  95|0x0000000085f00000, 0x0000000085f00000, 0x0000000086000000|  0%| F|  |TAMS 0x0000000085f00000, 0x0000000085f00000| Untracked 
|  96|0x0000000086000000, 0x0000000086000000, 0x0000000086100000|  0%| F|  |TAMS 0x0000000086000000, 0x0000000086000000| Untracked 
|  97|0x0000000086100000, 0x0000000086100000, 0x0000000086200000|  0%| F|  |TAMS 0x0000000086100000, 0x0000000086100000| Untracked 
|  98|0x0000000086200000, 0x0000000086200000, 0x0000000086300000|  0%| F|  |TAMS 0x0000000086200000, 0x0000000086200000| Untracked 
|  99|0x0000000086300000, 0x0000000086300000, 0x0000000086400000|  0%| F|  |TAMS 0x0000000086300000, 0x0000000086300000| Untracked 
| 100|0x0000000086400000, 0x0000000086400000, 0x0000000086500000|  0%| F|  |TAMS 0x0000000086400000, 0x0000000086400000| Untracked 
| 101|0x0000000086500000, 0x0000000086500000, 0x0000000086600000|  0%| F|  |TAMS 0x0000000086500000, 0x0000000086500000| Untracked 
| 102|0x0000000086600000, 0x0000000086600000, 0x0000000086700000|  0%| F|  |TAMS 0x0000000086600000, 0x0000000086600000| Untracked 
| 103|0x0000000086700000, 0x0000000086700000, 0x0000000086800000|  0%| F|  |TAMS 0x0000000086700000, 0x0000000086700000| Untracked 
| 104|0x0000000086800000, 0x0000000086800000, 0x0000000086900000|  0%| F|  |TAMS 0x0000000086800000, 0x0000000086800000| Untracked 
| 105|0x0000000086900000, 0x0000000086900000, 0x0000000086a00000|  0%| F|  |TAMS 0x0000000086900000, 0x0000000086900000| Untracked 
| 106|0x0000000086a00000, 0x0000000086a00000, 0x0000000086b00000|  0%| F|  |TAMS 0x0000000086a00000, 0x0000000086a00000| Untracked 
| 107|0x0000000086b00000, 0x0000000086b00000, 0x0000000086c00000|  0%| F|  |TAMS 0x0000000086b00000, 0x0000000086b00000| Untracked 
| 108|0x0000000086c00000, 0x0000000086c00000, 0x0000000086d00000|  0%| F|  |TAMS 0x0000000086c00000, 0x0000000086c00000| Untracked 
| 109|0x0000000086d00000, 0x0000000086d00000, 0x0000000086e00000|  0%| F|  |TAMS 0x0000000086d00000, 0x0000000086d00000| Untracked 
| 110|0x0000000086e00000, 0x0000000086e00000, 0x0000000086f00000|  0%| F|  |TAMS 0x0000000086e00000, 0x0000000086e00000| Untracked 
| 111|0x0000000086f00000, 0x0000000086f00000, 0x0000000087000000|  0%| F|  |TAMS 0x0000000086f00000, 0x0000000086f00000| Untracked 
| 112|0x0000000087000000, 0x0000000087000000, 0x0000000087100000|  0%| F|  |TAMS 0x0000000087000000, 0x0000000087000000| Untracked 
| 113|0x0000000087100000, 0x0000000087100000, 0x0000000087200000|  0%| F|  |TAMS 0x0000000087100000, 0x0000000087100000| Untracked 
| 114|0x0000000087200000, 0x0000000087200000, 0x0000000087300000|  0%| F|  |TAMS 0x0000000087200000, 0x0000000087200000| Untracked 
| 115|0x0000000087300000, 0x0000000087300000, 0x0000000087400000|  0%| F|  |TAMS 0x0000000087300000, 0x0000000087300000| Untracked 
| 116|0x0000000087400000, 0x0000000087400000, 0x0000000087500000|  0%| F|  |TAMS 0x0000000087400000, 0x0000000087400000| Untracked 
| 117|0x0000000087500000, 0x0000000087500000, 0x0000000087600000|  0%| F|  |TAMS 0x0000000087500000, 0x0000000087500000| Untracked 
| 118|0x0000000087600000, 0x0000000087600000, 0x0000000087700000|  0%| F|  |TAMS 0x0000000087600000, 0x0000000087600000| Untracked 
| 119|0x0000000087700000, 0x0000000087700000, 0x0000000087800000|  0%| F|  |TAMS 0x0000000087700000, 0x0000000087700000| Untracked 
| 120|0x0000000087800000, 0x0000000087800000, 0x0000000087900000|  0%| F|  |TAMS 0x0000000087800000, 0x0000000087800000| Untracked 
| 121|0x0000000087900000, 0x0000000087900000, 0x0000000087a00000|  0%| F|  |TAMS 0x0000000087900000, 0x0000000087900000| Untracked 
| 122|0x0000000087a00000, 0x0000000087a00000, 0x0000000087b00000|  0%| F|  |TAMS 0x0000000087a00000, 0x0000000087a00000| Untracked 
| 123|0x0000000087b00000, 0x0000000087b00000, 0x0000000087c00000|  0%| F|  |TAMS 0x0000000087b00000, 0x0000000087b00000| Untracked 
| 124|0x0000000087c00000, 0x0000000087c00000, 0x0000000087d00000|  0%| F|  |TAMS 0x0000000087c00000, 0x0000000087c00000| Untracked 
| 125|0x0000000087d00000, 0x0000000087d00000, 0x0000000087e00000|  0%| F|  |TAMS 0x0000000087d00000, 0x0000000087d00000| Untracked 
| 126|0x0000000087e00000, 0x0000000087e00000, 0x0000000087f00000|  0%| F|  |TAMS 0x0000000087e00000, 0x0000000087e00000| Untracked 
| 127|0x0000000087f00000, 0x0000000087f00000, 0x0000000088000000|  0%| F|  |TAMS 0x0000000087f00000, 0x0000000087f00000| Untracked 
| 128|0x0000000088000000, 0x0000000088000000, 0x0000000088100000|  0%| F|  |TAMS 0x0000000088000000, 0x0000000088000000| Untracked 
| 129|0x0000000088100000, 0x0000000088100000, 0x0000000088200000|  0%| F|  |TAMS 0x0000000088100000, 0x0000000088100000| Untracked 
| 130|0x0000000088200000, 0x00000000882dcd80, 0x0000000088300000| 86%| S|CS|TAMS 0x0000000088200000, 0x0000000088200000| Complete 
| 131|0x0000000088300000, 0x0000000088300000, 0x0000000088400000|  0%| F|  |TAMS 0x0000000088300000, 0x0000000088300000| Untracked 

Card table byte_map: [0x00000215625f0000,0x00000215629f0000] _byte_map_base: 0x00000215621f0000

Marking Bits (Prev, Next): (CMBitMap*) 0x000002154fd76800, (CMBitMap*) 0x000002154fd76840
 Prev Bits: [0x0000021562df0000, 0x0000021564df0000)
 Next Bits: [0x0000021564df0000, 0x0000021566df0000)

Polling page: 0x000002154dcf0000

Metaspace:

Usage:
  Non-class:     73.35 MB used.
      Class:     11.57 MB used.
       Both:     84.91 MB used.

Virtual space:
  Non-class space:       80.00 MB reserved,      73.69 MB ( 92%) committed,  10 nodes.
      Class space:        1.00 GB reserved,      11.88 MB (  1%) committed,  1 nodes.
             Both:        1.08 GB reserved,      85.56 MB (  8%) committed. 

Chunk freelists:
   Non-Class:  2.09 MB
       Class:  176.00 KB
        Both:  2.27 MB

MaxMetaspaceSize: unlimited
CompressedClassSpaceSize: 1.00 GB
Initial GC threshold: 21.00 MB
Current GC threshold: 136.88 MB
CDS: off
MetaspaceReclaimPolicy: balanced
 - commit_granule_bytes: 65536.
 - commit_granule_words: 8192.
 - virtual_space_node_default_size: 1048576.
 - enlarge_chunks_in_place: 1.
 - new_chunks_are_fully_committed: 0.
 - uncommit_free_chunks: 1.
 - use_allocation_guard: 0.
 - handle_deallocations: 1.


Internal statistics:

num_allocs_failed_limit: 6.
num_arena_births: 732.
num_arena_deaths: 0.
num_vsnodes_births: 11.
num_vsnodes_deaths: 0.
num_space_committed: 1369.
num_space_uncommitted: 0.
num_chunks_returned_to_freelist: 6.
num_chunks_taken_from_freelist: 3820.
num_chunk_merges: 6.
num_chunk_splits: 2576.
num_chunks_enlarged: 1783.
num_purges: 0.
num_inconsistent_stats: 0.

CodeHeap 'non-profiled nmethods': size=120000Kb used=4525Kb max_used=4525Kb free=115474Kb
 bounds [0x000002155acc0000, 0x000002155b130000, 0x00000215621f0000]
CodeHeap 'profiled nmethods': size=120000Kb used=15822Kb max_used=15822Kb free=104177Kb
 bounds [0x00000215531f0000, 0x0000021554170000, 0x000002155a720000]
CodeHeap 'non-nmethods': size=5760Kb used=2376Kb max_used=2434Kb free=3384Kb
 bounds [0x000002155a720000, 0x000002155a990000, 0x000002155acc0000]
 total_blobs=8853 nmethods=7942 adapters=823
 compilation: enabled
              stopped_count=0, restarted_count=0
 full_count=0

Compilation events (20 events):
Event: 19.338 Thread 0x0000021569d14f40 8810       1       java.lang.Module::getName (5 bytes)
Event: 19.338 Thread 0x0000021569d14f40 nmethod 8810 0x000002155af0ff10 code [0x000002155af100a0, 0x000002155af10178]
Event: 19.338 Thread 0x0000021569d13ea0 8807       4       java.util.concurrent.ConcurrentHashMap$Traverser::advance (188 bytes)
Event: 19.341 Thread 0x000002156f85a910 nmethod 8788 0x000002155b124710 code [0x000002155b124a00, 0x000002155b127d20]
Event: 19.341 Thread 0x000002156f85a910 8794       4       java.lang.ClassLoader::checkCerts (121 bytes)
Event: 19.345 Thread 0x0000021569d13ea0 nmethod 8807 0x000002155b129390 code [0x000002155b129520, 0x000002155b129818]
Event: 19.376 Thread 0x000002156f85a910 nmethod 8794 0x000002155b129990 code [0x000002155b129bc0, 0x000002155b12aac0]
Event: 19.387 Thread 0x0000021569d14f40 8811       3       java.lang.StackTraceElement::<init> (10 bytes)
Event: 19.388 Thread 0x0000021569d14f40 nmethod 8811 0x000002155373bc90 code [0x000002155373be20, 0x000002155373bf98]
Event: 19.388 Thread 0x0000021569d14f40 8812  s!   3       java.lang.StackTraceElement::computeFormat (71 bytes)
Event: 19.389 Thread 0x0000021569d14f40 nmethod 8812 0x0000021554161e10 code [0x0000021554162020, 0x00000215541628b8]
Event: 19.389 Thread 0x0000021569d14f40 8813       3       java.lang.StackTraceElement::isHashedInJavaBase (31 bytes)
Event: 19.389 Thread 0x0000021569d14f40 nmethod 8813 0x0000021554162b90 code [0x0000021554162d80, 0x0000021554163298]
Event: 19.389 Thread 0x0000021569d14f40 8814       3       java.lang.Module::getLayer (43 bytes)
Event: 19.390 Thread 0x0000021569d14f40 nmethod 8814 0x0000021554163410 code [0x00000215541635e0, 0x00000215541639a8]
Event: 19.409 Thread 0x0000021569d13ea0 8815   !   4       jdk.internal.ref.PhantomCleanable::remove (60 bytes)
Event: 19.413 Thread 0x0000021569d14f40 8816       3       java.security.PermissionCollection::<init> (5 bytes)
Event: 19.413 Thread 0x0000021569d14f40 nmethod 8816 0x000002155373b910 code [0x000002155373baa0, 0x000002155373bbf8]
Event: 19.413 Thread 0x0000021569d13ea0 nmethod 8815 0x000002155b12b490 code [0x000002155b12b620, 0x000002155b12bb18]
Event: 19.425 Thread 0x0000021569d13ea0 8817       4       jdk.internal.org.objectweb.asm.MethodWriter::visitLabel (328 bytes)

GC Heap History (20 events):
Event: 12.274 GC heap after
{Heap after GC invocations=20 (full 0):
 garbage-first heap   total 101376K, used 55759K [0x0000000080000000, 0x0000000100000000)
  region size 1024K, 2 young (2048K), 2 survivors (2048K)
 Metaspace       used 59345K, committed 59840K, reserved 1105920K
  class space    used 7847K, committed 8064K, reserved 1048576K
}
Event: 12.828 GC heap before
{Heap before GC invocations=20 (full 0):
 garbage-first heap   total 101376K, used 70095K [0x0000000080000000, 0x0000000100000000)
  region size 1024K, 18 young (18432K), 2 survivors (2048K)
 Metaspace       used 62999K, committed 63552K, reserved 1105920K
  class space    used 8315K, committed 8576K, reserved 1048576K
}
Event: 12.834 GC heap after
{Heap after GC invocations=21 (full 0):
 garbage-first heap   total 101376K, used 57734K [0x0000000080000000, 0x0000000100000000)
  region size 1024K, 4 young (4096K), 4 survivors (4096K)
 Metaspace       used 62999K, committed 63552K, reserved 1105920K
  class space    used 8315K, committed 8576K, reserved 1048576K
}
Event: 13.253 GC heap before
{Heap before GC invocations=22 (full 0):
 garbage-first heap   total 130048K, used 84358K [0x0000000080000000, 0x0000000100000000)
  region size 1024K, 24 young (24576K), 4 survivors (4096K)
 Metaspace       used 64115K, committed 64640K, reserved 1105920K
  class space    used 8463K, committed 8704K, reserved 1048576K
}
Event: 13.265 GC heap after
{Heap after GC invocations=23 (full 0):
 garbage-first heap   total 130048K, used 59970K [0x0000000080000000, 0x0000000100000000)
  region size 1024K, 3 young (3072K), 3 survivors (3072K)
 Metaspace       used 64115K, committed 64640K, reserved 1105920K
  class space    used 8463K, committed 8704K, reserved 1048576K
}
Event: 14.058 GC heap before
{Heap before GC invocations=23 (full 0):
 garbage-first heap   total 130048K, used 94786K [0x0000000080000000, 0x0000000100000000)
  region size 1024K, 37 young (37888K), 3 survivors (3072K)
 Metaspace       used 67395K, committed 67904K, reserved 1114112K
  class space    used 8901K, committed 9152K, reserved 1048576K
}
Event: 14.065 GC heap after
{Heap after GC invocations=24 (full 0):
 garbage-first heap   total 130048K, used 62584K [0x0000000080000000, 0x0000000100000000)
  region size 1024K, 3 young (3072K), 3 survivors (3072K)
 Metaspace       used 67395K, committed 67904K, reserved 1114112K
  class space    used 8901K, committed 9152K, reserved 1048576K
}
Event: 14.945 GC heap before
{Heap before GC invocations=24 (full 0):
 garbage-first heap   total 130048K, used 98424K [0x0000000080000000, 0x0000000100000000)
  region size 1024K, 38 young (38912K), 3 survivors (3072K)
 Metaspace       used 71879K, committed 72384K, reserved 1114112K
  class space    used 9522K, committed 9728K, reserved 1048576K
}
Event: 14.956 GC heap after
{Heap after GC invocations=25 (full 0):
 garbage-first heap   total 130048K, used 64630K [0x0000000080000000, 0x0000000100000000)
  region size 1024K, 5 young (5120K), 5 survivors (5120K)
 Metaspace       used 71879K, committed 72384K, reserved 1114112K
  class space    used 9522K, committed 9728K, reserved 1048576K
}
Event: 15.845 GC heap before
{Heap before GC invocations=26 (full 0):
 garbage-first heap   total 130048K, used 100470K [0x0000000080000000, 0x0000000100000000)
  region size 1024K, 40 young (40960K), 5 survivors (5120K)
 Metaspace       used 74426K, committed 75008K, reserved 1114112K
  class space    used 9889K, committed 10112K, reserved 1048576K
}
Event: 15.862 GC heap after
{Heap after GC invocations=27 (full 0):
 garbage-first heap   total 130048K, used 67929K [0x0000000080000000, 0x0000000100000000)
  region size 1024K, 5 young (5120K), 5 survivors (5120K)
 Metaspace       used 74426K, committed 75008K, reserved 1114112K
  class space    used 9889K, committed 10112K, reserved 1048576K
}
Event: 16.389 GC heap before
{Heap before GC invocations=27 (full 0):
 garbage-first heap   total 130048K, used 102745K [0x0000000080000000, 0x0000000100000000)
  region size 1024K, 39 young (39936K), 5 survivors (5120K)
 Metaspace       used 75857K, committed 76352K, reserved 1122304K
  class space    used 10089K, committed 10304K, reserved 1048576K
}
Event: 16.405 GC heap after
{Heap after GC invocations=28 (full 0):
 garbage-first heap   total 130048K, used 71272K [0x0000000080000000, 0x0000000100000000)
  region size 1024K, 4 young (4096K), 4 survivors (4096K)
 Metaspace       used 75857K, committed 76352K, reserved 1122304K
  class space    used 10089K, committed 10304K, reserved 1048576K
}
Event: 17.440 GC heap before
{Heap before GC invocations=29 (full 0):
 garbage-first heap   total 135168K, used 104040K [0x0000000080000000, 0x0000000100000000)
  region size 1024K, 35 young (35840K), 4 survivors (4096K)
 Metaspace       used 79638K, committed 80256K, reserved 1122304K
  class space    used 10792K, committed 11072K, reserved 1048576K
}
Event: 17.452 GC heap after
{Heap after GC invocations=30 (full 0):
 garbage-first heap   total 135168K, used 72866K [0x0000000080000000, 0x0000000100000000)
  region size 1024K, 2 young (2048K), 2 survivors (2048K)
 Metaspace       used 79638K, committed 80256K, reserved 1122304K
  class space    used 10792K, committed 11072K, reserved 1048576K
}
Event: 18.346 GC heap before
{Heap before GC invocations=30 (full 0):
 garbage-first heap   total 135168K, used 108706K [0x0000000080000000, 0x0000000100000000)
  region size 1024K, 37 young (37888K), 2 survivors (2048K)
 Metaspace       used 83298K, committed 83840K, reserved 1122304K
  class space    used 11320K, committed 11584K, reserved 1048576K
}
Event: 18.358 GC heap after
{Heap after GC invocations=31 (full 0):
 garbage-first heap   total 135168K, used 75130K [0x0000000080000000, 0x0000000100000000)
  region size 1024K, 4 young (4096K), 4 survivors (4096K)
 Metaspace       used 83298K, committed 83840K, reserved 1122304K
  class space    used 11320K, committed 11584K, reserved 1048576K
}
Event: 19.395 GC heap before
{Heap before GC invocations=32 (full 0):
 garbage-first heap   total 135168K, used 109946K [0x0000000080000000, 0x0000000100000000)
  region size 1024K, 38 young (38912K), 4 survivors (4096K)
 Metaspace       used 86758K, committed 87360K, reserved 1130496K
  class space    used 11804K, committed 12096K, reserved 1048576K
}
Event: 19.409 GC heap after
{Heap after GC invocations=33 (full 0):
 garbage-first heap   total 135168K, used 77902K [0x0000000080000000, 0x0000000100000000)
  region size 1024K, 5 young (5120K), 5 survivors (5120K)
 Metaspace       used 86758K, committed 87360K, reserved 1130496K
  class space    used 11804K, committed 12096K, reserved 1048576K
}
Event: 19.427 GC heap before
{Heap before GC invocations=33 (full 0):
 garbage-first heap   total 135168K, used 78926K [0x0000000080000000, 0x0000000100000000)
  region size 1024K, 6 young (6144K), 5 survivors (5120K)
 Metaspace       used 86951K, committed 87616K, reserved 1130496K
  class space    used 11845K, committed 12160K, reserved 1048576K
}

Dll operation events (2 events):
Event: 0.017 Loaded shared library C:\Program Files\Android\Android Studio\jbr\bin\java.dll
Event: 0.777 Loaded shared library C:\Program Files\Android\Android Studio\jbr\bin\verify.dll

Deoptimization events (20 events):
Event: 18.928 Thread 0x000002156affb340 DEOPT PACKING pc=0x000002155ad2a8ec sp=0x0000005b0b5f8de0
Event: 18.928 Thread 0x000002156affb340 DEOPT UNPACKING pc=0x000002155a7769a3 sp=0x0000005b0b5f8d00 mode 2
Event: 18.928 Thread 0x000002156affb340 Uncommon trap: trap_request=0xffffff45 fr.pc=0x000002155ae61344 relative=0x0000000000000224
Event: 18.928 Thread 0x000002156affb340 Uncommon trap: reason=unstable_if action=reinterpret pc=0x000002155ae61344 method=java.util.HashMap.getNode(Ljava/lang/Object;)Ljava/util/HashMap$Node; @ 85 c2
Event: 18.928 Thread 0x000002156affb340 DEOPT PACKING pc=0x000002155ae61344 sp=0x0000005b0b5f8d80
Event: 18.928 Thread 0x000002156affb340 DEOPT UNPACKING pc=0x000002155a7769a3 sp=0x0000005b0b5f8d00 mode 2
Event: 19.157 Thread 0x000002156affb340 Uncommon trap: trap_request=0xffffff45 fr.pc=0x000002155ae12970 relative=0x0000000000000b70
Event: 19.157 Thread 0x000002156affb340 Uncommon trap: reason=unstable_if action=reinterpret pc=0x000002155ae12970 method=java.util.Properties$LineReader.readLine()I @ 25 c2
Event: 19.157 Thread 0x000002156affb340 DEOPT PACKING pc=0x000002155ae12970 sp=0x0000005b0b5f9730
Event: 19.157 Thread 0x000002156affb340 DEOPT UNPACKING pc=0x000002155a7769a3 sp=0x0000005b0b5f96d8 mode 2
Event: 19.164 Thread 0x000002156affb340 DEOPT PACKING pc=0x0000021554141728 sp=0x0000005b0b5f88b0
Event: 19.164 Thread 0x000002156affb340 DEOPT UNPACKING pc=0x000002155a777143 sp=0x0000005b0b5f7dc8 mode 0
Event: 19.329 Thread 0x000002156affb340 Uncommon trap: trap_request=0xffffff45 fr.pc=0x000002155ada6fb8 relative=0x0000000000000218
Event: 19.329 Thread 0x000002156affb340 Uncommon trap: reason=unstable_if action=reinterpret pc=0x000002155ada6fb8 method=java.util.StringTokenizer.scanToken(I)I @ 42 c2
Event: 19.329 Thread 0x000002156affb340 DEOPT PACKING pc=0x000002155ada6fb8 sp=0x0000005b0b5f8b50
Event: 19.329 Thread 0x000002156affb340 DEOPT UNPACKING pc=0x000002155a7769a3 sp=0x0000005b0b5f8ae0 mode 2
Event: 19.337 Thread 0x000002156affb340 Uncommon trap: trap_request=0xffffffc6 fr.pc=0x000002155b022398 relative=0x0000000000000078
Event: 19.337 Thread 0x000002156affb340 Uncommon trap: reason=bimorphic_or_optimized_type_check action=maybe_recompile pc=0x000002155b022398 method=java.util.Collections$UnmodifiableCollection.size()I @ 4 c2
Event: 19.337 Thread 0x000002156affb340 DEOPT PACKING pc=0x000002155b022398 sp=0x0000005b0b5f7c00
Event: 19.337 Thread 0x000002156affb340 DEOPT UNPACKING pc=0x000002155a7769a3 sp=0x0000005b0b5f7b90 mode 2

Classes unloaded (0 events):
No events

Classes redefined (0 events):
No events

Internal exceptions (20 events):
Event: 17.802 Thread 0x000002156affb340 Exception <a 'java/lang/ClassNotFoundException'{0x00000000876ff710}: com/android/build/gradle/internal/api/ApkVariantOutputImpl_DecoratedBeanInfo> (0x00000000876ff710) 
thrown [s\src\hotspot\share\classfile\systemDictionary.cpp, line 256]
Event: 17.803 Thread 0x000002156affb340 Exception <a 'java/lang/ClassNotFoundException'{0x000000008750d4d0}: com/android/build/gradle/internal/api/ApkVariantOutputImplBeanInfo> (0x000000008750d4d0) 
thrown [s\src\hotspot\share\classfile\systemDictionary.cpp, line 256]
Event: 17.804 Thread 0x000002156affb340 Exception <a 'java/lang/ClassNotFoundException'{0x000000008751ad80}: com/android/build/gradle/internal/api/BaseVariantOutputImplBeanInfo> (0x000000008751ad80) 
thrown [s\src\hotspot\share\classfile\systemDictionary.cpp, line 256]
Event: 17.805 Thread 0x000002156affb340 Exception <a 'java/lang/ClassNotFoundException'{0x00000000875288b0}: com/android/build/gradle/internal/api/BaseVariantOutputImplCustomizer> (0x00000000875288b0) 
thrown [s\src\hotspot\share\classfile\systemDictionary.cpp, line 256]
Event: 17.807 Thread 0x000002156affb340 Exception <a 'java/lang/ClassNotFoundException'{0x0000000087548ae8}: com/android/build/gradle/internal/api/ApkVariantOutputImplCustomizer> (0x0000000087548ae8) 
thrown [s\src\hotspot\share\classfile\systemDictionary.cpp, line 256]
Event: 17.808 Thread 0x000002156affb340 Exception <a 'java/lang/ClassNotFoundException'{0x0000000087563030}: com/android/build/gradle/internal/api/ApkVariantOutputImpl_DecoratedCustomizer> (0x0000000087563030) 
thrown [s\src\hotspot\share\classfile\systemDictionary.cpp, line 256]
Event: 17.950 Thread 0x000002156affb340 Exception <a 'java/lang/ClassNotFoundException'{0x0000000086e63e60}: com/android/build/gradle/internal/api/ReadOnlyBuildTypeBeanInfo> (0x0000000086e63e60) 
thrown [s\src\hotspot\share\classfile\systemDictionary.cpp, line 256]
Event: 17.950 Thread 0x000002156affb340 Exception <a 'java/lang/ClassNotFoundException'{0x0000000086e71950}: com/android/build/gradle/internal/api/ReadOnlyBaseConfigBeanInfo> (0x0000000086e71950) 
thrown [s\src\hotspot\share\classfile\systemDictionary.cpp, line 256]
Event: 17.951 Thread 0x000002156affb340 Exception <a 'java/lang/ClassNotFoundException'{0x0000000086e7f460}: com/android/build/gradle/internal/api/ReadOnlyBaseConfigCustomizer> (0x0000000086e7f460) 
thrown [s\src\hotspot\share\classfile\systemDictionary.cpp, line 256]
Event: 17.952 Thread 0x000002156affb340 Exception <a 'java/lang/ClassNotFoundException'{0x0000000086e9dd98}: com/android/build/gradle/internal/api/ReadOnlyBuildTypeCustomizer> (0x0000000086e9dd98) 
thrown [s\src\hotspot\share\classfile\systemDictionary.cpp, line 256]
Event: 18.364 Thread 0x000002156affb340 Implicit null exception at 0x000002155b0a6ba5 to 0x000002155b0a7488
Event: 18.364 Thread 0x000002156affb340 Implicit null exception at 0x000002155b096a5b to 0x000002155b096ae4
Event: 18.365 Thread 0x000002156affb340 Implicit null exception at 0x000002155b0a6ba5 to 0x000002155b0a7488
Event: 18.365 Thread 0x000002156affb340 Implicit null exception at 0x000002155b0a6ba5 to 0x000002155b0a7488
Event: 18.365 Thread 0x000002156affb340 Implicit null exception at 0x000002155b0a6ba5 to 0x000002155b0a7488
Event: 18.727 Thread 0x000002156affb340 Implicit null exception at 0x000002155b0df50d to 0x000002155b0dfea8
Event: 18.728 Thread 0x000002156affb340 Implicit null exception at 0x000002155af4f40f to 0x000002155af4fa9c
Event: 18.728 Thread 0x000002156affb340 Implicit null exception at 0x000002155af4b794 to 0x000002155af4be24
Event: 19.180 Thread 0x000002156affb340 Exception <a 'sun/nio/fs/WindowsException'{0x0000000086abc9f0}> (0x0000000086abc9f0) 
thrown [s\src\hotspot\share\prims\jni.cpp, line 517]
Event: 19.378 Thread 0x000002156affb340 Exception <a 'java/lang/NullPointerException'{0x0000000086227fc0}> (0x0000000086227fc0) 
thrown [s\src\hotspot\share\interpreter\linkResolver.cpp, line 1447]

VM Operations (20 events):
Event: 18.151 Executing VM operation: HandshakeAllThreads done
Event: 18.195 Executing VM operation: ICBufferFull
Event: 18.195 Executing VM operation: ICBufferFull done
Event: 18.346 Executing VM operation: G1CollectForAllocation
Event: 18.360 Executing VM operation: G1CollectForAllocation done
Event: 18.570 Executing VM operation: G1Concurrent
Event: 18.577 Executing VM operation: G1Concurrent done
Event: 18.669 Executing VM operation: G1Concurrent
Event: 18.669 Executing VM operation: G1Concurrent done
Event: 18.718 Executing VM operation: HandshakeAllThreads
Event: 18.718 Executing VM operation: HandshakeAllThreads done
Event: 19.329 Executing VM operation: HandshakeAllThreads
Event: 19.329 Executing VM operation: HandshakeAllThreads done
Event: 19.329 Executing VM operation: HandshakeAllThreads
Event: 19.329 Executing VM operation: HandshakeAllThreads done
Event: 19.336 Executing VM operation: ICBufferFull
Event: 19.337 Executing VM operation: ICBufferFull done
Event: 19.395 Executing VM operation: G1CollectForAllocation
Event: 19.409 Executing VM operation: G1CollectForAllocation done
Event: 19.427 Executing VM operation: G1CollectForAllocation

Events (20 events):
Event: 19.390 loading class javax/xml/datatype/DatatypeConstants$Field
Event: 19.391 loading class javax/xml/datatype/DatatypeConstants$Field done
Event: 19.395 loading class java/awt/image/RenderedImage
Event: 19.395 loading class java/awt/image/RenderedImage done
Event: 19.411 loading class java/awt/image/BufferedImage
Event: 19.411 loading class java/awt/image/WritableRenderedImage
Event: 19.412 loading class java/awt/image/WritableRenderedImage done
Event: 19.412 loading class java/awt/image/BufferedImage done
Event: 19.412 loading class java/awt/Graphics2D
Event: 19.412 loading class java/awt/Graphics2D done
Event: 19.414 loading class java/awt/datatransfer/Transferable
Event: 19.414 loading class java/awt/datatransfer/Transferable done
Event: 19.415 loading class javax/xml/transform/Result
Event: 19.415 loading class javax/xml/transform/Result done
Event: 19.416 loading class javax/xml/datatype/XMLGregorianCalendar
Event: 19.416 loading class javax/xml/datatype/XMLGregorianCalendar done
Event: 19.420 loading class javax/xml/namespace/NamespaceContext
Event: 19.420 loading class javax/xml/namespace/NamespaceContext done
Event: 19.421 loading class javax/xml/datatype/Duration
Event: 19.421 loading class javax/xml/datatype/Duration done


Dynamic libraries:
0x00007ff7e9df0000 - 0x00007ff7e9dfa000 	C:\Program Files\Android\Android Studio\jbr\bin\java.exe
0x00007fff659b0000 - 0x00007fff65ba7000 	C:\Windows\SYSTEM32\ntdll.dll
0x00007fff649f0000 - 0x00007fff64aad000 	C:\Windows\System32\KERNEL32.DLL
0x00007fff633a0000 - 0x00007fff63696000 	C:\Windows\System32\KERNELBASE.dll
0x00007fff638a0000 - 0x00007fff639a0000 	C:\Windows\System32\ucrtbase.dll
0x00007fff5c6a0000 - 0x00007fff5c6b7000 	C:\Program Files\Android\Android Studio\jbr\bin\jli.dll
0x00007fff5beb0000 - 0x00007fff5becb000 	C:\Program Files\Android\Android Studio\jbr\bin\VCRUNTIME140.dll
0x00007fff651d0000 - 0x00007fff6536e000 	C:\Windows\System32\USER32.dll
0x00007fff630e0000 - 0x00007fff63102000 	C:\Windows\System32\win32u.dll
0x00007fff50e40000 - 0x00007fff510da000 	C:\Windows\WinSxS\amd64_microsoft.windows.common-controls_6595b64144ccf1df_6.0.19041.3570_none_60bb2a3971f3e41a\COMCTL32.dll
0x00007fff658e0000 - 0x00007fff6590c000 	C:\Windows\System32\GDI32.dll
0x00007fff64f00000 - 0x00007fff64f9e000 	C:\Windows\System32\msvcrt.dll
0x00007fff63750000 - 0x00007fff6386a000 	C:\Windows\System32\gdi32full.dll
0x00007fff63110000 - 0x00007fff631ad000 	C:\Windows\System32\msvcp_win.dll
0x00007fff658b0000 - 0x00007fff658e0000 	C:\Windows\System32\IMM32.DLL
0x00007fff5ab80000 - 0x00007fff5ab8c000 	C:\Program Files\Android\Android Studio\jbr\bin\vcruntime140_1.dll
0x00007fff35ef0000 - 0x00007fff35f7d000 	C:\Program Files\Android\Android Studio\jbr\bin\msvcp140.dll
0x00007fff2bac0000 - 0x00007fff2c72e000 	C:\Program Files\Android\Android Studio\jbr\bin\server\jvm.dll
0x00007fff656e0000 - 0x00007fff6578e000 	C:\Windows\System32\ADVAPI32.dll
0x00007fff65000000 - 0x00007fff6509c000 	C:\Windows\System32\sechost.dll
0x00007fff63a10000 - 0x00007fff63b36000 	C:\Windows\System32\RPCRT4.dll
0x00007fff5c730000 - 0x00007fff5c739000 	C:\Windows\SYSTEM32\WSOCK32.dll
0x00007fff650a0000 - 0x00007fff6510b000 	C:\Windows\System32\WS2_32.dll
0x00007fff55a20000 - 0x00007fff55a47000 	C:\Windows\SYSTEM32\WINMM.dll
0x00007fff55ec0000 - 0x00007fff55eca000 	C:\Windows\SYSTEM32\VERSION.dll
0x00007fff61110000 - 0x00007fff61122000 	C:\Windows\SYSTEM32\kernel.appcore.dll
0x00007fff5f8f0000 - 0x00007fff5f8fa000 	C:\Program Files\Android\Android Studio\jbr\bin\jimage.dll
0x00007fff4d1d0000 - 0x00007fff4d3b4000 	C:\Windows\SYSTEM32\DBGHELP.DLL
0x00007fff4da50000 - 0x00007fff4da84000 	C:\Windows\SYSTEM32\dbgcore.DLL
0x00007fff63310000 - 0x00007fff63392000 	C:\Windows\System32\bcryptPrimitives.dll
0x00007fff5e860000 - 0x00007fff5e885000 	C:\Program Files\Android\Android Studio\jbr\bin\java.dll
0x00007fff5eca0000 - 0x00007fff5ecb8000 	C:\Program Files\Android\Android Studio\jbr\bin\zip.dll
0x00007fff63cc0000 - 0x00007fff64404000 	C:\Windows\System32\SHELL32.dll
0x00007fff61130000 - 0x00007fff618cb000 	C:\Windows\SYSTEM32\windows.storage.dll
0x00007fff65370000 - 0x00007fff656c4000 	C:\Windows\System32\combase.dll
0x00007fff62a60000 - 0x00007fff62a8d000 	C:\Windows\SYSTEM32\Wldp.dll
0x00007fff64bf0000 - 0x00007fff64c9d000 	C:\Windows\System32\SHCORE.dll
0x00007fff65110000 - 0x00007fff65165000 	C:\Windows\System32\shlwapi.dll
0x00007fff62fc0000 - 0x00007fff62fe5000 	C:\Windows\SYSTEM32\profapi.dll
0x00007fff5d9b0000 - 0x00007fff5d9c9000 	C:\Program Files\Android\Android Studio\jbr\bin\net.dll
0x00007fff57050000 - 0x00007fff5715a000 	C:\Windows\SYSTEM32\WINHTTP.dll
0x00007fff62760000 - 0x00007fff627ca000 	C:\Windows\system32\mswsock.dll
0x00007fff5d990000 - 0x00007fff5d9a6000 	C:\Program Files\Android\Android Studio\jbr\bin\nio.dll
0x00007fff5f8e0000 - 0x00007fff5f8f0000 	C:\Program Files\Android\Android Studio\jbr\bin\verify.dll
0x00007fff516a0000 - 0x00007fff516c7000 	C:\Users\refrizar.dwiardito\.jdks\openjdk-21\native\68d5fa5c4cc2d200863cafc0d521ce42e7d3e7ee720ec0a83991735586a16f82\windows-amd64\native-platform.dll
0x00007fff35da0000 - 0x00007fff35ee4000 	C:\Users\refrizar.dwiardito\.jdks\openjdk-21\native\e376f236ea51e6404a007f0833ffe2c6e607c4080706a723a18a27aeea778392\windows-amd64\native-platform-file-events.dll
0x00007fff5dad0000 - 0x00007fff5dad9000 	C:\Program Files\Android\Android Studio\jbr\bin\management.dll
0x00007fff5d980000 - 0x00007fff5d98b000 	C:\Program Files\Android\Android Studio\jbr\bin\management_ext.dll
0x00007fff656d0000 - 0x00007fff656d8000 	C:\Windows\System32\PSAPI.DLL
0x00007fff629b0000 - 0x00007fff629c8000 	C:\Windows\SYSTEM32\CRYPTSP.dll
0x00007fff62070000 - 0x00007fff620a4000 	C:\Windows\system32\rsaenh.dll
0x00007fff63870000 - 0x00007fff63897000 	C:\Windows\System32\bcrypt.dll
0x00007fff62f40000 - 0x00007fff62f6e000 	C:\Windows\SYSTEM32\USERENV.dll
0x00007fff629d0000 - 0x00007fff629dc000 	C:\Windows\SYSTEM32\CRYPTBASE.dll
0x00007fff62450000 - 0x00007fff6248b000 	C:\Windows\SYSTEM32\IPHLPAPI.DLL
0x00007fff63cb0000 - 0x00007fff63cb8000 	C:\Windows\System32\NSI.dll
0x00007fff577b0000 - 0x00007fff577c7000 	C:\Windows\SYSTEM32\dhcpcsvc6.DLL
0x00007fff57790000 - 0x00007fff577ad000 	C:\Windows\SYSTEM32\dhcpcsvc.DLL
0x00007fff62490000 - 0x00007fff6255a000 	C:\Windows\SYSTEM32\DNSAPI.dll
0x00007fff5c690000 - 0x00007fff5c697000 	C:\Windows\system32\wshunix.dll

dbghelp: loaded successfully - version: 4.0.5 - missing functions: none
symbol engine: initialized successfully - sym options: 0x614 - pdb path: .;C:\Program Files\Android\Android Studio\jbr\bin;C:\Windows\SYSTEM32;C:\Windows\WinSxS\amd64_microsoft.windows.common-controls_6595b64144ccf1df_6.0.19041.3570_none_60bb2a3971f3e41a;C:\Program Files\Android\Android Studio\jbr\bin\server;C:\Users\refrizar.dwiardito\.jdks\openjdk-21\native\68d5fa5c4cc2d200863cafc0d521ce42e7d3e7ee720ec0a83991735586a16f82\windows-amd64;C:\Users\refrizar.dwiardito\.jdks\openjdk-21\native\e376f236ea51e6404a007f0833ffe2c6e607c4080706a723a18a27aeea778392\windows-amd64

VM Arguments:
jvm_args: --add-opens=java.base/java.util=ALL-UNNAMED --add-opens=java.base/java.lang=ALL-UNNAMED --add-opens=java.base/java.lang.invoke=ALL-UNNAMED --add-opens=java.prefs/java.util.prefs=ALL-UNNAMED --add-opens=java.base/java.nio.charset=ALL-UNNAMED --add-opens=java.base/java.net=ALL-UNNAMED --add-opens=java.base/java.util.concurrent.atomic=ALL-UNNAMED -Xmx2048m -Dfile.encoding=UTF-8 -Duser.country=US -Duser.language=en -Duser.variant 
java_command: org.gradle.launcher.daemon.bootstrap.GradleDaemon 8.0
java_class_path (initial): C:\Users\refrizar.dwiardito\.jdks\openjdk-21\wrapper\dists\gradle-8.0-all\a2o1xoguejy6msdh0lk99lxza\gradle-8.0\lib\gradle-launcher-8.0.jar
Launcher Type: SUN_STANDARD

[Global flags]
     intx CICompilerCount                          = 3                                         {product} {ergonomic}
     uint ConcGCThreads                            = 1                                         {product} {ergonomic}
     uint G1ConcRefinementThreads                  = 4                                         {product} {ergonomic}
   size_t G1HeapRegionSize                         = 1048576                                   {product} {ergonomic}
    uintx GCDrainStackTargetSize                   = 64                                        {product} {ergonomic}
   size_t InitialHeapSize                          = 134217728                                 {product} {ergonomic}
   size_t MarkStackSize                            = 4194304                                   {product} {ergonomic}
   size_t MaxHeapSize                              = 2147483648                                {product} {command line}
   size_t MaxNewSize                               = 1287651328                                {product} {ergonomic}
   size_t MinHeapDeltaBytes                        = 1048576                                   {product} {ergonomic}
   size_t MinHeapSize                              = 8388608                                   {product} {ergonomic}
    uintx NonNMethodCodeHeapSize                   = 5832780                                {pd product} {ergonomic}
    uintx NonProfiledCodeHeapSize                  = 122912730                              {pd product} {ergonomic}
    uintx ProfiledCodeHeapSize                     = 122912730                              {pd product} {ergonomic}
    uintx ReservedCodeCacheSize                    = 251658240                              {pd product} {ergonomic}
     bool SegmentedCodeCache                       = true                                      {product} {ergonomic}
   size_t SoftMaxHeapSize                          = 2147483648                             {manageable} {ergonomic}
     bool UseCompressedClassPointers               = true                           {product lp64_product} {ergonomic}
     bool UseCompressedOops                        = true                           {product lp64_product} {ergonomic}
     bool UseG1GC                                  = true                                      {product} {ergonomic}
     bool UseLargePagesIndividualAllocation        = false                                  {pd product} {ergonomic}

Logging:
Log output configuration:
 #0: stdout all=warning uptime,level,tags
 #1: stderr all=off uptime,level,tags

Environment Variables:
JAVA_HOME=C:\Users\refrizar.dwiardito\.jdks\openjdk-21
PATH=C:\Program Files\Common Files\Oracle\Java\javapath;C:\Windows\system32;C:\Windows;C:\Windows\System32\Wbem;C:\Windows\System32\WindowsPowerShell\v1.0\;C:\Windows\System32\OpenSSH\;C:\Program Files\mingw-w64\x86_64-8.1.0-posix-seh-rt_v6-rev0\mingw64\bin;C:\Users\refrizar.dwiardito\AppData\Local\Programs\Python\Python310\Scripts;C:\Users\refrizar.dwiardito\.jdks\openjdk-21\bin;C:\Program Files\PuTTY\;C:\Program Files\gradle-8.3\bin;C:\Program Files\Git\cmd;C:\Users\refrizar.dwiardito\AppData\Local\Programs\Python\Python310\Scripts\;C:\Users\refrizar.dwiardito\AppData\Local\Programs\Python\Python310\;C:\Users\refrizar.dwiardito\AppData\Local\Microsoft\WindowsApps;;C:\Users\refrizar.dwiardito\AppData\Local\Programs\Microsoft VS Code\bin
USERNAME=refrizar.dwiardito
OS=Windows_NT
PROCESSOR_IDENTIFIER=Intel64 Family 6 Model 61 Stepping 4, GenuineIntel
TMP=C:\Users\REFRIZ~1.DWI\AppData\Local\Temp
TEMP=C:\Users\REFRIZ~1.DWI\AppData\Local\Temp


JNI global refs:
JNI global refs: 23, weak refs: 0

JNI global refs memory usage: 843, weak refs: 209


---------------  S Y S T E M  ---------------

OS:
 Windows 10 , 64 bit Build 19041 (10.0.19041.3570)
OS uptime: 0 days 0:50 hours

CPU: total 4 (initial active 4) (2 cores per cpu, 2 threads per core) family 6 model 61 stepping 4 microcode 0x2f, cx8, cmov, fxsr, ht, mmx, 3dnowpref, sse, sse2, sse3, ssse3, sse4.1, sse4.2, popcnt, lzcnt, tsc, tscinvbit, avx, avx2, aes, erms, clmul, bmi1, bmi2, adx, fma, vzeroupper, clflush

Memory: 4k page, system-wide physical 8083M (626M free)
TotalPageFile size 8083M (AvailPageFile size 14M)
current process WorkingSet (physical memory assigned to process): 367M, peak: 368M
current process commit charge ("private bytes"): 394M, peak: 424M

vm_info: OpenJDK 64-Bit Server VM (17.0.6+0-b2043.56-10027231) for windows-amd64 JRE (17.0.6+0-b2043.56-10027231), built on Apr 28 2023 00:43:19 by "androidbuild" with MS VC++ 16.10 / 16.11 (VS2019)

END.
