#
# There is insufficient memory for the Java Runtime Environment to continue.
# Native memory allocation (mmap) failed to map 45088768 bytes for G1 virtual space
# Possible reasons:
#   The system is out of physical RAM or swap space
#   The process is running with CompressedOops enabled, and the Java Heap may be blocking the growth of the native heap
# Possible solutions:
#   Reduce memory load on the system
#   Increase physical memory or swap space
#   Check if swap backing store is full
#   Decrease Java heap size (-Xmx/-Xms)
#   Decrease number of Java threads
#   Decrease Java thread stack sizes (-Xss)
#   Set larger code cache with -XX:ReservedCodeCacheSize=
#   JVM is running with Unscaled Compressed Oops mode in which the Java heap is
#     placed in the first 4GB address space. The Java Heap base address is the
#     maximum limit for the native heap growth. Please use -XX:HeapBaseMinAddress
#     to set the Java Heap base and to place the Java Heap above 4GB virtual address.
# This output file may be truncated or incomplete.
#
#  Out of Memory Error (os_windows.cpp:3769), pid=7428, tid=5676
#
# JRE version: OpenJDK Runtime Environment (17.0.6) (build 17.0.6+0-b2043.56-10027231)
# Java VM: OpenJDK 64-Bit Server VM (17.0.6+0-b2043.56-10027231, mixed mode, tiered, compressed oops, compressed class ptrs, g1 gc, windows-amd64)
# No core dump will be written. Minidumps are not enabled by default on client versions of Windows
#

---------------  S U M M A R Y ------------

Command Line: --add-opens=java.base/java.util=ALL-UNNAMED --add-opens=java.base/java.lang=ALL-UNNAMED --add-opens=java.base/java.lang.invoke=ALL-UNNAMED --add-opens=java.prefs/java.util.prefs=ALL-UNNAMED --add-opens=java.base/java.nio.charset=ALL-UNNAMED --add-opens=java.base/java.net=ALL-UNNAMED --add-opens=java.base/java.util.concurrent.atomic=ALL-UNNAMED -Xmx2048m -Dfile.encoding=UTF-8 -Duser.country=US -Duser.language=en -Duser.variant org.gradle.launcher.daemon.bootstrap.GradleDaemon 8.0

Host: Intel(R) Core(TM) i5-5200U CPU @ 2.20GHz, 4 cores, 7G,  Windows 10 , 64 bit Build 19041 (10.0.19041.3570)
Time: Sun Oct 15 09:25:22 2023 SE Asia Standard Time elapsed time: 8.529647 seconds (0d 0h 0m 8s)

---------------  T H R E A D  ---------------

Current thread (0x000001d6b2f2f0d0):  VMThread "VM Thread" [stack: 0x000000d019100000,0x000000d019200000] [id=5676]

Stack: [0x000000d019100000,0x000000d019200000]
Native frames: (J=compiled Java code, j=interpreted, Vv=VM code, C=native code)
V  [jvm.dll+0x683c9a]
V  [jvm.dll+0x8427a4]
V  [jvm.dll+0x843f9e]
V  [jvm.dll+0x844603]
V  [jvm.dll+0x249b75]
V  [jvm.dll+0x680b69]
V  [jvm.dll+0x67505a]
V  [jvm.dll+0x309acb]
V  [jvm.dll+0x310f86]
V  [jvm.dll+0x3608ee]
V  [jvm.dll+0x360b1f]
V  [jvm.dll+0x2dfbf8]
V  [jvm.dll+0x2ddec4]
V  [jvm.dll+0x2dd4cc]
V  [jvm.dll+0x321f3b]
V  [jvm.dll+0x848ccb]
V  [jvm.dll+0x849a04]
V  [jvm.dll+0x849f1d]
V  [jvm.dll+0x84a2f4]
V  [jvm.dll+0x84a3c0]
V  [jvm.dll+0x7f274a]
V  [jvm.dll+0x682ad5]
C  [ucrtbase.dll+0x21bb2]
C  [KERNEL32.DLL+0x17344]
C  [ntdll.dll+0x526b1]

VM_Operation (0x000000d01a8f2c20): G1CollectForAllocation, mode: safepoint, requested by thread 0x000001d6b52f2130


---------------  P R O C E S S  ---------------

Threads class SMR info:
_java_thread_list=0x000001d6b9469bc0, length=37, elements={
0x000001d6999caae0, 0x000001d6b2f90040, 0x000001d6b2f917e0, 0x000001d6b2fca4f0,
0x000001d6b2fcafb0, 0x000001d6b390a830, 0x000001d6b390b890, 0x000001d6b390fea0,
0x000001d6b3910ff0, 0x000001d6b39140a0, 0x000001d6b3ab0e00, 0x000001d6b3a9d6e0,
0x000001d6b4d410c0, 0x000001d6b608f860, 0x000001d6b6e4f430, 0x000001d6b616d480,
0x000001d6b67b6970, 0x000001d6b6d73b30, 0x000001d6b52f2130, 0x000001d6b5305b50,
0x000001d6b5303000, 0x000001d6b5304340, 0x000001d6b5305680, 0x000001d6b5306020,
0x000001d6b53034d0, 0x000001d6b53039a0, 0x000001d6b5304ce0, 0x000001d6b5304810,
0x000001d6b5303e70, 0x000001d6b5302660, 0x000001d6b5302b30, 0x000001d6b7c3ebd0,
0x000001d6b7c39530, 0x000001d6b7c3ad40, 0x000001d6b619ea10, 0x000001d6b7c3c080,
0x000001d6b7c3f570
}

Java Threads: ( => current thread )
  0x000001d6999caae0 JavaThread "main" [_thread_blocked, id=6156, stack(0x000000d018b00000,0x000000d018c00000)]
  0x000001d6b2f90040 JavaThread "Reference Handler" daemon [_thread_blocked, id=72, stack(0x000000d019200000,0x000000d019300000)]
  0x000001d6b2f917e0 JavaThread "Finalizer" daemon [_thread_blocked, id=4480, stack(0x000000d019300000,0x000000d019400000)]
  0x000001d6b2fca4f0 JavaThread "Signal Dispatcher" daemon [_thread_blocked, id=6500, stack(0x000000d019400000,0x000000d019500000)]
  0x000001d6b2fcafb0 JavaThread "Attach Listener" daemon [_thread_blocked, id=9548, stack(0x000000d019500000,0x000000d019600000)]
  0x000001d6b390a830 JavaThread "Service Thread" daemon [_thread_blocked, id=5628, stack(0x000000d019600000,0x000000d019700000)]
  0x000001d6b390b890 JavaThread "Monitor Deflation Thread" daemon [_thread_blocked, id=10160, stack(0x000000d019700000,0x000000d019800000)]
  0x000001d6b390fea0 JavaThread "C2 CompilerThread0" daemon [_thread_blocked, id=2988, stack(0x000000d019800000,0x000000d019900000)]
  0x000001d6b3910ff0 JavaThread "C1 CompilerThread0" daemon [_thread_blocked, id=9392, stack(0x000000d019900000,0x000000d019a00000)]
  0x000001d6b39140a0 JavaThread "Sweeper thread" daemon [_thread_blocked, id=2276, stack(0x000000d019a00000,0x000000d019b00000)]
  0x000001d6b3ab0e00 JavaThread "Common-Cleaner" daemon [_thread_blocked, id=6388, stack(0x000000d019b00000,0x000000d019c00000)]
  0x000001d6b3a9d6e0 JavaThread "Notification Thread" daemon [_thread_blocked, id=2940, stack(0x000000d019c00000,0x000000d019d00000)]
  0x000001d6b4d410c0 JavaThread "Daemon health stats" [_thread_blocked, id=9512, stack(0x000000d01a200000,0x000000d01a300000)]
  0x000001d6b608f860 JavaThread "Incoming local TCP Connector on port 50963" [_thread_in_native, id=6816, stack(0x000000d019e00000,0x000000d019f00000)]
  0x000001d6b6e4f430 JavaThread "Daemon periodic checks" [_thread_blocked, id=10016, stack(0x000000d01a300000,0x000000d01a400000)]
  0x000001d6b616d480 JavaThread "Daemon" [_thread_blocked, id=5464, stack(0x000000d01a500000,0x000000d01a600000)]
  0x000001d6b67b6970 JavaThread "Handler for socket connection from /127.0.0.1:50963 to /127.0.0.1:50964" [_thread_in_native, id=1384, stack(0x000000d01a600000,0x000000d01a700000)]
  0x000001d6b6d73b30 JavaThread "Cancel handler" [_thread_blocked, id=9160, stack(0x000000d01a700000,0x000000d01a800000)]
  0x000001d6b52f2130 JavaThread "Daemon worker" [_thread_blocked, id=1200, stack(0x000000d01a800000,0x000000d01a900000)]
  0x000001d6b5305b50 JavaThread "Asynchronous log dispatcher for DefaultDaemonConnection: socket connection from /127.0.0.1:50963 to /127.0.0.1:50964" [_thread_blocked, id=9864, stack(0x000000d01a900000,0x000000d01aa00000)]
  0x000001d6b5303000 JavaThread "Stdin handler" [_thread_blocked, id=2120, stack(0x000000d01aa00000,0x000000d01ab00000)]
  0x000001d6b5304340 JavaThread "Daemon client event forwarder" [_thread_blocked, id=9272, stack(0x000000d01ab00000,0x000000d01ac00000)]
  0x000001d6b5305680 JavaThread "Cache worker for journal cache (C:\Users\refrizar.dwiardito\.jdks\openjdk-21\caches\journal-1)" [_thread_blocked, id=528, stack(0x000000d01ac00000,0x000000d01ad00000)]
  0x000001d6b5306020 JavaThread "File lock request listener" [_thread_in_native, id=1808, stack(0x000000d01ad00000,0x000000d01ae00000)]
  0x000001d6b53034d0 JavaThread "Cache worker for file hash cache (C:\Users\refrizar.dwiardito\.jdks\openjdk-21\caches\8.0\fileHashes)" [_thread_blocked, id=9488, stack(0x000000d01ae00000,0x000000d01af00000)]
  0x000001d6b53039a0 JavaThread "File watcher server" daemon [_thread_in_native, id=9336, stack(0x000000d01af00000,0x000000d01b000000)]
  0x000001d6b5304ce0 JavaThread "File watcher consumer" daemon [_thread_blocked, id=9224, stack(0x000000d01b000000,0x000000d01b100000)]
  0x000001d6b5304810 JavaThread "Cache worker for checksums cache (C:\Users\refrizar.dwiardito\AndroidStudioProjects\Catwell\.gradle\8.0\checksums)" [_thread_blocked, id=9316, stack(0x000000d01a400000,0x000000d01a500000)]
  0x000001d6b5303e70 JavaThread "Cache worker for cache directory md-rule (C:\Users\refrizar.dwiardito\.jdks\openjdk-21\caches\8.0\md-rule)" [_thread_blocked, id=7768, stack(0x000000d01b100000,0x000000d01b200000)]
  0x000001d6b5302660 JavaThread "Cache worker for file content cache (C:\Users\refrizar.dwiardito\.jdks\openjdk-21\caches\8.0\fileContent)" [_thread_blocked, id=372, stack(0x000000d01b300000,0x000000d01b400000)]
  0x000001d6b5302b30 JavaThread "Cache worker for file hash cache (C:\Users\refrizar.dwiardito\AndroidStudioProjects\Catwell\.gradle\8.0\fileHashes)" [_thread_blocked, id=3548, stack(0x000000d01b400000,0x000000d01b500000)]
  0x000001d6b7c3ebd0 JavaThread "Cache worker for cache directory md-supplier (C:\Users\refrizar.dwiardito\.jdks\openjdk-21\caches\8.0\md-supplier)" [_thread_blocked, id=10236, stack(0x000000d01b200000,0x000000d01b300000)]
  0x000001d6b7c39530 JavaThread "Cache worker for execution history cache (C:\Users\refrizar.dwiardito\.jdks\openjdk-21\caches\8.0\executionHistory)" [_thread_blocked, id=8508, stack(0x000000d01b500000,0x000000d01b600000)]
  0x000001d6b7c3ad40 JavaThread "jar transforms" [_thread_blocked, id=5324, stack(0x000000d01b600000,0x000000d01b700000)]
  0x000001d6b619ea10 JavaThread "C2 CompilerThread1" daemon [_thread_blocked, id=9984, stack(0x000000d01b700000,0x000000d01b800000)]
  0x000001d6b7c3c080 JavaThread "jar transforms Thread 2" [_thread_blocked, id=6964, stack(0x000000d01b800000,0x000000d01b900000)]
  0x000001d6b7c3f570 JavaThread "jar transforms Thread 3" [_thread_blocked, id=6152, stack(0x000000d01ba00000,0x000000d01bb00000)]

Other Threads:
=>0x000001d6b2f2f0d0 VMThread "VM Thread" [stack: 0x000000d019100000,0x000000d019200000] [id=5676]
  0x000001d6b3ab16e0 WatcherThread [stack: 0x000000d019d00000,0x000000d019e00000] [id=2132]
  0x000001d699a270f0 GCTaskThread "GC Thread#0" [stack: 0x000000d018c00000,0x000000d018d00000] [id=9756]
  0x000001d6b43e11e0 GCTaskThread "GC Thread#1" [stack: 0x000000d019f00000,0x000000d01a000000] [id=8696]
  0x000001d6b43a7870 GCTaskThread "GC Thread#2" [stack: 0x000000d01a000000,0x000000d01a100000] [id=6532]
  0x000001d6b4aee2a0 GCTaskThread "GC Thread#3" [stack: 0x000000d01a100000,0x000000d01a200000] [id=7172]
  0x000001d699a38f50 ConcurrentGCThread "G1 Main Marker" [stack: 0x000000d018d00000,0x000000d018e00000] [id=6572]
  0x000001d699a3a010 ConcurrentGCThread "G1 Conc#0" [stack: 0x000000d018e00000,0x000000d018f00000] [id=9724]
  0x000001d699a9e690 ConcurrentGCThread "G1 Refine#0" [stack: 0x000000d018f00000,0x000000d019000000] [id=4572]
  0x000001d6b971ecd0 ConcurrentGCThread "G1 Refine#1" [stack: 0x000000d01b900000,0x000000d01ba00000] [id=3020]
  0x000001d6b2de40b0 ConcurrentGCThread "G1 Service" [stack: 0x000000d019000000,0x000000d019100000] [id=4540]

Threads with active compile tasks:
C2 CompilerThread0     8567 3793       4       org.codehaus.groovy.runtime.metaclass.MetaMethodIndex::getOrPutMethods (184 bytes)
C2 CompilerThread1     8567 3776       4       org.codehaus.groovy.runtime.metaclass.MetaMethodIndex::addMethodToList (131 bytes)

VM state: at safepoint (normal execution)

VM Mutex/Monitor currently owned by a thread:  ([mutex/lock_event])
[0x000001d6999c89d0] Threads_lock - owner thread: 0x000001d6b2f2f0d0
[0x000001d6999c8310] Heap_lock - owner thread: 0x000001d6b52f2130

Heap address: 0x0000000080000000, size: 2048 MB, Compressed Oops mode: 32-bit

CDS archive(s) not mapped
Compressed class space mapped at: 0x0000000100000000-0x0000000140000000, reserved size: 1073741824
Narrow klass base: 0x0000000000000000, Narrow klass shift: 3, Narrow klass range: 0x140000000

GC Precious Log:
 CPUs: 4 total, 4 available
 Memory: 8083M
 Large Page Support: Disabled
 NUMA Support: Disabled
 Compressed Oops: Enabled (32-bit)
 Heap Region Size: 1M
 Heap Min Capacity: 8M
 Heap Initial Capacity: 128M
 Heap Max Capacity: 2G
 Pre-touch: Disabled
 Parallel Workers: 4
 Concurrent Workers: 1
 Concurrent Refinement Workers: 4
 Periodic GC: Disabled

Heap:
 garbage-first heap   total 87040K, used 30853K [0x0000000080000000, 0x0000000100000000)
  region size 1024K, 3 young (3072K), 3 survivors (3072K)
 Metaspace       used 42599K, committed 42944K, reserved 1089536K
  class space    used 5565K, committed 5696K, reserved 1048576K

Heap Regions: E=young(eden), S=young(survivor), O=old, HS=humongous(starts), HC=humongous(continues), CS=collection set, F=free, OA=open archive, CA=closed archive, TAMS=top-at-mark-start (previous, next)
|   0|0x0000000080000000, 0x0000000080100000, 0x0000000080100000|100%| O|  |TAMS 0x0000000080100000, 0x0000000080000000| Untracked 
|   1|0x0000000080100000, 0x0000000080200000, 0x0000000080200000|100%| O|  |TAMS 0x0000000080200000, 0x0000000080100000| Untracked 
|   2|0x0000000080200000, 0x0000000080300000, 0x0000000080300000|100%|HS|  |TAMS 0x0000000080300000, 0x0000000080200000| Complete 
|   3|0x0000000080300000, 0x0000000080400000, 0x0000000080400000|100%|HC|  |TAMS 0x0000000080400000, 0x0000000080300000| Complete 
|   4|0x0000000080400000, 0x0000000080500000, 0x0000000080500000|100%|HC|  |TAMS 0x0000000080500000, 0x0000000080400000| Complete 
|   5|0x0000000080500000, 0x0000000080600000, 0x0000000080600000|100%|HC|  |TAMS 0x0000000080600000, 0x0000000080500000| Complete 
|   6|0x0000000080600000, 0x0000000080700000, 0x0000000080700000|100%| O|  |TAMS 0x0000000080700000, 0x0000000080600000| Untracked 
|   7|0x0000000080700000, 0x0000000080800000, 0x0000000080800000|100%| O|  |TAMS 0x0000000080800000, 0x0000000080700000| Untracked 
|   8|0x0000000080800000, 0x0000000080900000, 0x0000000080900000|100%| O|  |TAMS 0x0000000080900000, 0x0000000080800000| Untracked 
|   9|0x0000000080900000, 0x0000000080a00000, 0x0000000080a00000|100%| O|  |TAMS 0x0000000080a00000, 0x0000000080900000| Untracked 
|  10|0x0000000080a00000, 0x0000000080b00000, 0x0000000080b00000|100%| O|  |TAMS 0x0000000080b00000, 0x0000000080a00000| Untracked 
|  11|0x0000000080b00000, 0x0000000080c00000, 0x0000000080c00000|100%| O|  |TAMS 0x0000000080b00000, 0x0000000080b00000| Untracked 
|  12|0x0000000080c00000, 0x0000000080c00000, 0x0000000080d00000|  0%| F|  |TAMS 0x0000000080c00000, 0x0000000080c00000| Untracked 
|  13|0x0000000080d00000, 0x0000000080e00000, 0x0000000080e00000|100%| O|  |TAMS 0x0000000080e00000, 0x0000000080d00000| Untracked 
|  14|0x0000000080e00000, 0x0000000080f00000, 0x0000000080f00000|100%| O|  |TAMS 0x0000000080f00000, 0x0000000080e00000| Untracked 
|  15|0x0000000080f00000, 0x0000000081000000, 0x0000000081000000|100%| O|  |TAMS 0x0000000081000000, 0x0000000080f00000| Untracked 
|  16|0x0000000081000000, 0x0000000081100000, 0x0000000081100000|100%| O|  |TAMS 0x0000000081100000, 0x0000000081000000| Untracked 
|  17|0x0000000081100000, 0x0000000081200000, 0x0000000081200000|100%| O|  |TAMS 0x0000000081200000, 0x0000000081100000| Untracked 
|  18|0x0000000081200000, 0x0000000081300000, 0x0000000081300000|100%| O|  |TAMS 0x0000000081300000, 0x0000000081200000| Untracked 
|  19|0x0000000081300000, 0x0000000081400000, 0x0000000081400000|100%| O|  |TAMS 0x0000000081400000, 0x0000000081300000| Untracked 
|  20|0x0000000081400000, 0x0000000081500000, 0x0000000081500000|100%| O|  |TAMS 0x00000000814ab800, 0x0000000081400000| Untracked 
|  21|0x0000000081500000, 0x0000000081600000, 0x0000000081600000|100%| O|  |TAMS 0x0000000081500000, 0x0000000081500000| Untracked 
|  22|0x0000000081600000, 0x0000000081700000, 0x0000000081700000|100%| O|  |TAMS 0x0000000081600000, 0x0000000081600000| Untracked 
|  23|0x0000000081700000, 0x0000000081800000, 0x0000000081800000|100%| O|  |TAMS 0x0000000081700000, 0x0000000081700000| Untracked 
|  24|0x0000000081800000, 0x0000000081900000, 0x0000000081900000|100%| O|  |TAMS 0x0000000081800000, 0x0000000081800000| Untracked 
|  25|0x0000000081900000, 0x0000000081a00000, 0x0000000081a00000|100%| O|  |TAMS 0x0000000081900000, 0x0000000081900000| Untracked 
|  26|0x0000000081a00000, 0x0000000081b00000, 0x0000000081b00000|100%| O|  |TAMS 0x0000000081a00000, 0x0000000081a00000| Untracked 
|  27|0x0000000081b00000, 0x0000000081c00000, 0x0000000081c00000|100%| O|  |TAMS 0x0000000081b00000, 0x0000000081b00000| Untracked 
|  28|0x0000000081c00000, 0x0000000081c4d400, 0x0000000081d00000| 30%| O|  |TAMS 0x0000000081c00000, 0x0000000081c00000| Untracked 
|  29|0x0000000081d00000, 0x0000000081d00000, 0x0000000081e00000|  0%| F|  |TAMS 0x0000000081d00000, 0x0000000081d00000| Untracked 
|  30|0x0000000081e00000, 0x0000000081e00000, 0x0000000081f00000|  0%| F|  |TAMS 0x0000000081e00000, 0x0000000081e00000| Untracked 
|  31|0x0000000081f00000, 0x0000000081f00000, 0x0000000082000000|  0%| F|  |TAMS 0x0000000081f00000, 0x0000000081f00000| Untracked 
|  32|0x0000000082000000, 0x0000000082000000, 0x0000000082100000|  0%| F|  |TAMS 0x0000000082000000, 0x0000000082000000| Untracked 
|  33|0x0000000082100000, 0x0000000082100000, 0x0000000082200000|  0%| F|  |TAMS 0x0000000082100000, 0x0000000082100000| Untracked 
|  34|0x0000000082200000, 0x0000000082200000, 0x0000000082300000|  0%| F|  |TAMS 0x0000000082200000, 0x0000000082200000| Untracked 
|  35|0x0000000082300000, 0x0000000082300000, 0x0000000082400000|  0%| F|  |TAMS 0x0000000082300000, 0x0000000082300000| Untracked 
|  36|0x0000000082400000, 0x0000000082400000, 0x0000000082500000|  0%| F|  |TAMS 0x0000000082400000, 0x0000000082400000| Untracked 
|  37|0x0000000082500000, 0x0000000082500000, 0x0000000082600000|  0%| F|  |TAMS 0x0000000082500000, 0x0000000082500000| Untracked 
|  38|0x0000000082600000, 0x0000000082600000, 0x0000000082700000|  0%| F|  |TAMS 0x0000000082600000, 0x0000000082600000| Untracked 
|  39|0x0000000082700000, 0x0000000082700000, 0x0000000082800000|  0%| F|  |TAMS 0x0000000082700000, 0x0000000082700000| Untracked 
|  40|0x0000000082800000, 0x00000000828d4090, 0x0000000082900000| 82%| S|CS|TAMS 0x0000000082800000, 0x0000000082800000| Complete 
|  41|0x0000000082900000, 0x0000000082a00000, 0x0000000082a00000|100%| S|CS|TAMS 0x0000000082900000, 0x0000000082900000| Complete 
|  42|0x0000000082a00000, 0x0000000082b00000, 0x0000000082b00000|100%| S|CS|TAMS 0x0000000082a00000, 0x0000000082a00000| Complete 
|  43|0x0000000082b00000, 0x0000000082b00000, 0x0000000082c00000|  0%| F|  |TAMS 0x0000000082b00000, 0x0000000082b00000| Untracked 
|  44|0x0000000082c00000, 0x0000000082c00000, 0x0000000082d00000|  0%| F|  |TAMS 0x0000000082c00000, 0x0000000082c00000| Untracked 
|  45|0x0000000082d00000, 0x0000000082d00000, 0x0000000082e00000|  0%| F|  |TAMS 0x0000000082d00000, 0x0000000082d00000| Untracked 
|  46|0x0000000082e00000, 0x0000000082e00000, 0x0000000082f00000|  0%| F|  |TAMS 0x0000000082e00000, 0x0000000082e00000| Untracked 
|  47|0x0000000082f00000, 0x0000000082f00000, 0x0000000083000000|  0%| F|  |TAMS 0x0000000082f00000, 0x0000000082f00000| Untracked 
|  48|0x0000000083000000, 0x0000000083000000, 0x0000000083100000|  0%| F|  |TAMS 0x0000000083000000, 0x0000000083000000| Untracked 
|  49|0x0000000083100000, 0x0000000083100000, 0x0000000083200000|  0%| F|  |TAMS 0x0000000083100000, 0x0000000083100000| Untracked 
|  50|0x0000000083200000, 0x0000000083200000, 0x0000000083300000|  0%| F|  |TAMS 0x0000000083200000, 0x0000000083200000| Untracked 
|  51|0x0000000083300000, 0x0000000083300000, 0x0000000083400000|  0%| F|  |TAMS 0x0000000083300000, 0x0000000083300000| Untracked 
|  52|0x0000000083400000, 0x0000000083400000, 0x0000000083500000|  0%| F|  |TAMS 0x0000000083400000, 0x0000000083400000| Untracked 
|  53|0x0000000083500000, 0x0000000083500000, 0x0000000083600000|  0%| F|  |TAMS 0x0000000083500000, 0x0000000083500000| Untracked 
|  54|0x0000000083600000, 0x0000000083600000, 0x0000000083700000|  0%| F|  |TAMS 0x0000000083600000, 0x0000000083600000| Untracked 
|  55|0x0000000083700000, 0x0000000083700000, 0x0000000083800000|  0%| F|  |TAMS 0x0000000083700000, 0x0000000083700000| Untracked 
|  56|0x0000000083800000, 0x0000000083800000, 0x0000000083900000|  0%| F|  |TAMS 0x0000000083800000, 0x0000000083800000| Untracked 
|  57|0x0000000083900000, 0x0000000083900000, 0x0000000083a00000|  0%| F|  |TAMS 0x0000000083900000, 0x0000000083900000| Untracked 
|  58|0x0000000083a00000, 0x0000000083a00000, 0x0000000083b00000|  0%| F|  |TAMS 0x0000000083a00000, 0x0000000083a00000| Untracked 
|  59|0x0000000083b00000, 0x0000000083b00000, 0x0000000083c00000|  0%| F|  |TAMS 0x0000000083b00000, 0x0000000083b00000| Untracked 
|  60|0x0000000083c00000, 0x0000000083c00000, 0x0000000083d00000|  0%| F|  |TAMS 0x0000000083c00000, 0x0000000083c00000| Untracked 
|  61|0x0000000083d00000, 0x0000000083d00000, 0x0000000083e00000|  0%| F|  |TAMS 0x0000000083d00000, 0x0000000083d00000| Untracked 
|  62|0x0000000083e00000, 0x0000000083e00000, 0x0000000083f00000|  0%| F|  |TAMS 0x0000000083e00000, 0x0000000083e00000| Untracked 
|  63|0x0000000083f00000, 0x0000000083f00000, 0x0000000084000000|  0%| F|  |TAMS 0x0000000083f00000, 0x0000000083f00000| Untracked 
|  64|0x0000000084000000, 0x0000000084000000, 0x0000000084100000|  0%| F|  |TAMS 0x0000000084000000, 0x0000000084000000| Untracked 
|  65|0x0000000084100000, 0x0000000084100000, 0x0000000084200000|  0%| F|  |TAMS 0x0000000084100000, 0x0000000084100000| Untracked 
|  66|0x0000000084200000, 0x0000000084200000, 0x0000000084300000|  0%| F|  |TAMS 0x0000000084200000, 0x0000000084200000| Untracked 
|  67|0x0000000084300000, 0x0000000084300000, 0x0000000084400000|  0%| F|  |TAMS 0x0000000084300000, 0x0000000084300000| Untracked 
|  68|0x0000000084400000, 0x0000000084400000, 0x0000000084500000|  0%| F|  |TAMS 0x0000000084400000, 0x0000000084400000| Untracked 
|  69|0x0000000084500000, 0x0000000084500000, 0x0000000084600000|  0%| F|  |TAMS 0x0000000084500000, 0x0000000084500000| Untracked 
|  70|0x0000000084600000, 0x0000000084600000, 0x0000000084700000|  0%| F|  |TAMS 0x0000000084600000, 0x0000000084600000| Untracked 
|  71|0x0000000084700000, 0x0000000084700000, 0x0000000084800000|  0%| F|  |TAMS 0x0000000084700000, 0x0000000084700000| Untracked 
|  72|0x0000000084800000, 0x0000000084800000, 0x0000000084900000|  0%| F|  |TAMS 0x0000000084800000, 0x0000000084800000| Untracked 
|  73|0x0000000084900000, 0x0000000084900000, 0x0000000084a00000|  0%| F|  |TAMS 0x0000000084900000, 0x0000000084900000| Untracked 
|  74|0x0000000084a00000, 0x0000000084a00000, 0x0000000084b00000|  0%| F|  |TAMS 0x0000000084a00000, 0x0000000084a00000| Untracked 
|  75|0x0000000084b00000, 0x0000000084b00000, 0x0000000084c00000|  0%| F|  |TAMS 0x0000000084b00000, 0x0000000084b00000| Untracked 
|  76|0x0000000084c00000, 0x0000000084c00000, 0x0000000084d00000|  0%| F|  |TAMS 0x0000000084c00000, 0x0000000084c00000| Untracked 
|  77|0x0000000084d00000, 0x0000000084d00000, 0x0000000084e00000|  0%| F|  |TAMS 0x0000000084d00000, 0x0000000084d00000| Untracked 
|  78|0x0000000084e00000, 0x0000000084e00000, 0x0000000084f00000|  0%| F|  |TAMS 0x0000000084e00000, 0x0000000084e00000| Untracked 
|  79|0x0000000084f00000, 0x0000000084f00000, 0x0000000085000000|  0%| F|  |TAMS 0x0000000084f00000, 0x0000000084f00000| Untracked 
|  80|0x0000000085000000, 0x0000000085000000, 0x0000000085100000|  0%| F|  |TAMS 0x0000000085000000, 0x0000000085000000| Untracked 
|  81|0x0000000085100000, 0x0000000085100000, 0x0000000085200000|  0%| F|  |TAMS 0x0000000085100000, 0x0000000085100000| Untracked 
|  82|0x0000000085200000, 0x0000000085200000, 0x0000000085300000|  0%| F|  |TAMS 0x0000000085200000, 0x0000000085200000| Untracked 
|  83|0x0000000085300000, 0x0000000085300000, 0x0000000085400000|  0%| F|  |TAMS 0x0000000085300000, 0x0000000085300000| Untracked 
| 127|0x0000000087f00000, 0x0000000087f00000, 0x0000000088000000|  0%| F|  |TAMS 0x0000000087f00000, 0x0000000087f00000| Untracked 

Card table byte_map: [0x000001d6ac2a0000,0x000001d6ac6a0000] _byte_map_base: 0x000001d6abea0000

Marking Bits (Prev, Next): (CMBitMap*) 0x000001d699a28620, (CMBitMap*) 0x000001d699a28660
 Prev Bits: [0x000001d6acaa0000, 0x000001d6aeaa0000)
 Next Bits: [0x000001d6aeaa0000, 0x000001d6b0aa0000)

Polling page: 0x000001d697920000

Metaspace:

Usage:
  Non-class:     36.17 MB used.
      Class:      5.44 MB used.
       Both:     41.60 MB used.

Virtual space:
  Non-class space:       40.00 MB reserved,      36.38 MB ( 91%) committed,  5 nodes.
      Class space:        1.00 GB reserved,       5.56 MB ( <1%) committed,  1 nodes.
             Both:        1.04 GB reserved,      41.94 MB (  4%) committed. 

Chunk freelists:
   Non-Class:  2.98 MB
       Class:  2.32 MB
        Both:  5.30 MB

MaxMetaspaceSize: unlimited
CompressedClassSpaceSize: 1.00 GB
Initial GC threshold: 21.00 MB
Current GC threshold: 58.75 MB
CDS: off
MetaspaceReclaimPolicy: balanced
 - commit_granule_bytes: 65536.
 - commit_granule_words: 8192.
 - virtual_space_node_default_size: 1048576.
 - enlarge_chunks_in_place: 1.
 - new_chunks_are_fully_committed: 0.
 - uncommit_free_chunks: 1.
 - use_allocation_guard: 0.
 - handle_deallocations: 1.


Internal statistics:

num_allocs_failed_limit: 6.
num_arena_births: 334.
num_arena_deaths: 0.
num_vsnodes_births: 6.
num_vsnodes_deaths: 0.
num_space_committed: 671.
num_space_uncommitted: 0.
num_chunks_returned_to_freelist: 6.
num_chunks_taken_from_freelist: 1520.
num_chunk_merges: 6.
num_chunk_splits: 1025.
num_chunks_enlarged: 743.
num_purges: 0.
num_inconsistent_stats: 0.

CodeHeap 'non-profiled nmethods': size=120000Kb used=2024Kb max_used=2024Kb free=117975Kb
 bounds [0x000001d6a4970000, 0x000001d6a4be0000, 0x000001d6abea0000]
CodeHeap 'profiled nmethods': size=120000Kb used=7854Kb max_used=7854Kb free=112145Kb
 bounds [0x000001d69cea0000, 0x000001d69d650000, 0x000001d6a43d0000]
CodeHeap 'non-nmethods': size=5760Kb used=2284Kb max_used=2313Kb free=3475Kb
 bounds [0x000001d6a43d0000, 0x000001d6a4640000, 0x000001d6a4970000]
 total_blobs=4578 nmethods=3789 adapters=701
 compilation: enabled
              stopped_count=0, restarted_count=0
 full_count=0

Compilation events (20 events):
Event: 8.483 Thread 0x000001d6b619ea10 nmethod 3770 0x000001d6a4b68610 code [0x000001d6a4b68820, 0x000001d6a4b694d0]
Event: 8.483 Thread 0x000001d6b619ea10 3776       4       org.codehaus.groovy.runtime.metaclass.MetaMethodIndex::addMethodToList (131 bytes)
Event: 8.485 Thread 0x000001d6b3910ff0 3788       3       org.codehaus.groovy.reflection.CachedClass::isAssignableFrom (21 bytes)
Event: 8.485 Thread 0x000001d6b3910ff0 nmethod 3788 0x000001d69d646a90 code [0x000001d69d646c40, 0x000001d69d646ec8]
Event: 8.485 Thread 0x000001d6b3910ff0 3789       3       java.util.stream.Nodes$SpinedNodeBuilder::accept (29 bytes)
Event: 8.486 Thread 0x000001d6b3910ff0 nmethod 3789 0x000001d69d646f90 code [0x000001d69d647140, 0x000001d69d647288]
Event: 8.486 Thread 0x000001d6b3910ff0 3790       3       org.codehaus.groovy.reflection.CachedMethod::isStatic (8 bytes)
Event: 8.486 Thread 0x000001d6b390fea0 nmethod 3786 0x000001d6a4b69b90 code [0x000001d6a4b69d20, 0x000001d6a4b69f18]
Event: 8.486 Thread 0x000001d6b3910ff0 nmethod 3790 0x000001d69d647310 code [0x000001d69d6474c0, 0x000001d69d6476b8]
Event: 8.487 Thread 0x000001d6b3910ff0 3791   !   3       org.codehaus.groovy.vmplugin.v8.Java8::checkCanSetAccessible (49 bytes)
Event: 8.487 Thread 0x000001d6b3910ff0 nmethod 3791 0x000001d69d647790 code [0x000001d69d647980, 0x000001d69d647fe8]
Event: 8.488 Thread 0x000001d6b3910ff0 3792       3       org.codehaus.groovy.vmplugin.v9.Java9::checkCanSetAccessible (137 bytes)
Event: 8.489 Thread 0x000001d6b3910ff0 nmethod 3792 0x000001d69d648210 code [0x000001d69d648520, 0x000001d69d649578]
Event: 8.492 Thread 0x000001d6b390fea0 3793       4       org.codehaus.groovy.runtime.metaclass.MetaMethodIndex::getOrPutMethods (184 bytes)
Event: 8.493 Thread 0x000001d6b3910ff0 3794       3       java.lang.ClassValue::get (31 bytes)
Event: 8.494 Thread 0x000001d6b3910ff0 nmethod 3794 0x000001d69d649a90 code [0x000001d69d649cc0, 0x000001d69d64a5d8]
Event: 8.495 Thread 0x000001d6b3910ff0 3795       3       java.lang.Class::getMethods (26 bytes)
Event: 8.495 Thread 0x000001d6b3910ff0 nmethod 3795 0x000001d69d64a990 code [0x000001d69d64ab80, 0x000001d69d64ae98]
Event: 8.502 Thread 0x000001d6b3910ff0 3798       3       org.codehaus.groovy.util.FastArray::add (71 bytes)
Event: 8.503 Thread 0x000001d6b3910ff0 nmethod 3798 0x000001d69d64b010 code [0x000001d69d64b1e0, 0x000001d69d64b6e8]

GC Heap History (20 events):
Event: 0.917 GC heap after
{Heap after GC invocations=1 (full 0):
 garbage-first heap   total 131072K, used 3381K [0x0000000080000000, 0x0000000100000000)
  region size 1024K, 2 young (2048K), 2 survivors (2048K)
 Metaspace       used 7059K, committed 7232K, reserved 1056768K
  class space    used 605K, committed 704K, reserved 1048576K
}
Event: 1.822 GC heap before
{Heap before GC invocations=1 (full 0):
 garbage-first heap   total 131072K, used 23861K [0x0000000080000000, 0x0000000100000000)
  region size 1024K, 18 young (18432K), 2 survivors (2048K)
 Metaspace       used 11080K, committed 11264K, reserved 1064960K
  class space    used 1160K, committed 1280K, reserved 1048576K
}
Event: 1.827 GC heap after
{Heap after GC invocations=2 (full 0):
 garbage-first heap   total 131072K, used 10531K [0x0000000080000000, 0x0000000100000000)
  region size 1024K, 3 young (3072K), 3 survivors (3072K)
 Metaspace       used 11080K, committed 11264K, reserved 1064960K
  class space    used 1160K, committed 1280K, reserved 1048576K
}
Event: 2.307 GC heap before
{Heap before GC invocations=2 (full 0):
 garbage-first heap   total 131072K, used 33059K [0x0000000080000000, 0x0000000100000000)
  region size 1024K, 25 young (25600K), 3 survivors (3072K)
 Metaspace       used 11166K, committed 11392K, reserved 1064960K
  class space    used 1161K, committed 1280K, reserved 1048576K
}
Event: 2.312 GC heap after
{Heap after GC invocations=3 (full 0):
 garbage-first heap   total 131072K, used 12798K [0x0000000080000000, 0x0000000100000000)
  region size 1024K, 3 young (3072K), 3 survivors (3072K)
 Metaspace       used 11166K, committed 11392K, reserved 1064960K
  class space    used 1161K, committed 1280K, reserved 1048576K
}
Event: 4.167 GC heap before
{Heap before GC invocations=3 (full 0):
 garbage-first heap   total 131072K, used 53758K [0x0000000080000000, 0x0000000100000000)
  region size 1024K, 44 young (45056K), 3 survivors (3072K)
 Metaspace       used 21249K, committed 21504K, reserved 1073152K
  class space    used 2581K, committed 2752K, reserved 1048576K
}
Event: 4.178 GC heap after
{Heap after GC invocations=4 (full 0):
 garbage-first heap   total 131072K, used 18567K [0x0000000080000000, 0x0000000100000000)
  region size 1024K, 8 young (8192K), 8 survivors (8192K)
 Metaspace       used 21249K, committed 21504K, reserved 1073152K
  class space    used 2581K, committed 2752K, reserved 1048576K
}
Event: 5.707 GC heap before
{Heap before GC invocations=5 (full 0):
 garbage-first heap   total 68608K, used 50311K [0x0000000080000000, 0x0000000100000000)
  region size 1024K, 40 young (40960K), 8 survivors (8192K)
 Metaspace       used 26359K, committed 26624K, reserved 1073152K
  class space    used 3467K, committed 3584K, reserved 1048576K
}
Event: 5.718 GC heap after
{Heap after GC invocations=6 (full 0):
 garbage-first heap   total 68608K, used 20633K [0x0000000080000000, 0x0000000100000000)
  region size 1024K, 3 young (3072K), 3 survivors (3072K)
 Metaspace       used 26359K, committed 26624K, reserved 1073152K
  class space    used 3467K, committed 3584K, reserved 1048576K
}
Event: 5.741 GC heap before
{Heap before GC invocations=6 (full 0):
 garbage-first heap   total 68608K, used 21657K [0x0000000080000000, 0x0000000100000000)
  region size 1024K, 4 young (4096K), 3 survivors (3072K)
 Metaspace       used 26536K, committed 26816K, reserved 1073152K
  class space    used 3498K, committed 3648K, reserved 1048576K
}
Event: 5.747 GC heap after
{Heap after GC invocations=7 (full 0):
 garbage-first heap   total 68608K, used 20499K [0x0000000080000000, 0x0000000100000000)
  region size 1024K, 1 young (1024K), 1 survivors (1024K)
 Metaspace       used 26536K, committed 26816K, reserved 1073152K
  class space    used 3498K, committed 3648K, reserved 1048576K
}
Event: 6.502 GC heap before
{Heap before GC invocations=7 (full 0):
 garbage-first heap   total 68608K, used 48147K [0x0000000080000000, 0x0000000100000000)
  region size 1024K, 28 young (28672K), 1 survivors (1024K)
 Metaspace       used 30744K, committed 30976K, reserved 1081344K
  class space    used 4186K, committed 4288K, reserved 1048576K
}
Event: 6.508 GC heap after
{Heap after GC invocations=8 (full 0):
 garbage-first heap   total 68608K, used 21759K [0x0000000080000000, 0x0000000100000000)
  region size 1024K, 2 young (2048K), 2 survivors (2048K)
 Metaspace       used 30744K, committed 30976K, reserved 1081344K
  class space    used 4186K, committed 4288K, reserved 1048576K
}
Event: 7.242 GC heap before
{Heap before GC invocations=8 (full 0):
 garbage-first heap   total 68608K, used 47359K [0x0000000080000000, 0x0000000100000000)
  region size 1024K, 29 young (29696K), 2 survivors (2048K)
 Metaspace       used 35634K, committed 35968K, reserved 1081344K
  class space    used 4875K, committed 5056K, reserved 1048576K
}
Event: 7.249 GC heap after
{Heap after GC invocations=9 (full 0):
 garbage-first heap   total 68608K, used 23732K [0x0000000080000000, 0x0000000100000000)
  region size 1024K, 4 young (4096K), 4 survivors (4096K)
 Metaspace       used 35634K, committed 35968K, reserved 1081344K
  class space    used 4875K, committed 5056K, reserved 1048576K
}
Event: 7.931 GC heap before
{Heap before GC invocations=10 (full 0):
 garbage-first heap   total 68608K, used 50356K [0x0000000080000000, 0x0000000100000000)
  region size 1024K, 31 young (31744K), 4 survivors (4096K)
 Metaspace       used 40395K, committed 40768K, reserved 1089536K
  class space    used 5353K, committed 5504K, reserved 1048576K
}
Event: 7.943 GC heap after
{Heap after GC invocations=11 (full 0):
 garbage-first heap   total 68608K, used 27603K [0x0000000080000000, 0x0000000100000000)
  region size 1024K, 4 young (4096K), 4 survivors (4096K)
 Metaspace       used 40395K, committed 40768K, reserved 1089536K
  class space    used 5353K, committed 5504K, reserved 1048576K
}
Event: 7.952 GC heap before
{Heap before GC invocations=11 (full 0):
 garbage-first heap   total 68608K, used 28627K [0x0000000080000000, 0x0000000100000000)
  region size 1024K, 5 young (5120K), 4 survivors (4096K)
 Metaspace       used 40395K, committed 40768K, reserved 1089536K
  class space    used 5353K, committed 5504K, reserved 1048576K
}
Event: 7.960 GC heap after
{Heap after GC invocations=12 (full 0):
 garbage-first heap   total 68608K, used 28717K [0x0000000080000000, 0x0000000100000000)
  region size 1024K, 1 young (1024K), 1 survivors (1024K)
 Metaspace       used 40395K, committed 40768K, reserved 1089536K
  class space    used 5353K, committed 5504K, reserved 1048576K
}
Event: 8.515 GC heap before
{Heap before GC invocations=12 (full 0):
 garbage-first heap   total 68608K, used 54317K [0x0000000080000000, 0x0000000100000000)
  region size 1024K, 24 young (24576K), 1 survivors (1024K)
 Metaspace       used 42599K, committed 42944K, reserved 1089536K
  class space    used 5565K, committed 5696K, reserved 1048576K
}

Dll operation events (2 events):
Event: 0.009 Loaded shared library C:\Program Files\Android\Android Studio\jbr\bin\java.dll
Event: 0.879 Loaded shared library C:\Program Files\Android\Android Studio\jbr\bin\verify.dll

Deoptimization events (20 events):
Event: 8.177 Thread 0x000001d6b52f2130 Uncommon trap: trap_request=0xffffffde fr.pc=0x000001d6a4b3c318 relative=0x0000000000000438
Event: 8.177 Thread 0x000001d6b52f2130 Uncommon trap: reason=class_check action=maybe_recompile pc=0x000001d6a4b3c318 method=java.util.regex.Pattern$Start.match(Ljava/util/regex/Matcher;ILjava/lang/CharSequence;)Z @ 44 c2
Event: 8.177 Thread 0x000001d6b52f2130 DEOPT PACKING pc=0x000001d6a4b3c318 sp=0x000000d01a8f91a0
Event: 8.177 Thread 0x000001d6b52f2130 DEOPT UNPACKING pc=0x000001d6a44269a3 sp=0x000000d01a8f9068 mode 2
Event: 8.177 Thread 0x000001d6b52f2130 Uncommon trap: trap_request=0xffffffde fr.pc=0x000001d6a4b3c318 relative=0x0000000000000438
Event: 8.177 Thread 0x000001d6b52f2130 Uncommon trap: reason=class_check action=maybe_recompile pc=0x000001d6a4b3c318 method=java.util.regex.Pattern$Start.match(Ljava/util/regex/Matcher;ILjava/lang/CharSequence;)Z @ 44 c2
Event: 8.178 Thread 0x000001d6b52f2130 DEOPT PACKING pc=0x000001d6a4b3c318 sp=0x000000d01a8f91a0
Event: 8.178 Thread 0x000001d6b52f2130 DEOPT UNPACKING pc=0x000001d6a44269a3 sp=0x000000d01a8f9068 mode 2
Event: 8.178 Thread 0x000001d6b52f2130 Uncommon trap: trap_request=0xffffffde fr.pc=0x000001d6a4b2ddf8 relative=0x0000000000000418
Event: 8.178 Thread 0x000001d6b52f2130 Uncommon trap: reason=class_check action=maybe_recompile pc=0x000001d6a4b2ddf8 method=java.util.regex.Pattern$Start.match(Ljava/util/regex/Matcher;ILjava/lang/CharSequence;)Z @ 44 c2
Event: 8.178 Thread 0x000001d6b52f2130 DEOPT PACKING pc=0x000001d6a4b2ddf8 sp=0x000000d01a8f9130
Event: 8.178 Thread 0x000001d6b52f2130 DEOPT UNPACKING pc=0x000001d6a44269a3 sp=0x000000d01a8f9070 mode 2
Event: 8.179 Thread 0x000001d6b52f2130 Uncommon trap: trap_request=0xffffffde fr.pc=0x000001d6a4b2e924 relative=0x00000000000002e4
Event: 8.179 Thread 0x000001d6b52f2130 Uncommon trap: reason=class_check action=maybe_recompile pc=0x000001d6a4b2e924 method=java.util.regex.Pattern$Start.match(Ljava/util/regex/Matcher;ILjava/lang/CharSequence;)Z @ 44 c2
Event: 8.179 Thread 0x000001d6b52f2130 DEOPT PACKING pc=0x000001d6a4b2e924 sp=0x000000d01a8f90b0
Event: 8.179 Thread 0x000001d6b52f2130 DEOPT UNPACKING pc=0x000001d6a44269a3 sp=0x000000d01a8f9070 mode 2
Event: 8.307 Thread 0x000001d6b52f2130 DEOPT PACKING pc=0x000001d69d1c8e88 sp=0x000000d01a8f95d0
Event: 8.307 Thread 0x000001d6b52f2130 DEOPT UNPACKING pc=0x000001d6a4427143 sp=0x000000d01a8f8ad8 mode 0
Event: 8.454 Thread 0x000001d6b52f2130 DEOPT PACKING pc=0x000001d69d4c3295 sp=0x000000d01a8f5110
Event: 8.454 Thread 0x000001d6b52f2130 DEOPT UNPACKING pc=0x000001d6a4427143 sp=0x000000d01a8f4598 mode 0

Classes unloaded (0 events):
No events

Classes redefined (0 events):
No events

Internal exceptions (20 events):
Event: 8.299 Thread 0x000001d6b52f2130 Exception <a 'java/lang/ClassNotFoundException'{0x0000000083464060}: org/gradle/configuration/internal/DefaultListenerBuildOperationDecorator$BuildOperationEmittingClosureBeanInfo> (0x0000000083464060) 
thrown [s\src\hotspot\share\classfile\systemDictionary.cpp, line 256]
Event: 8.300 Thread 0x000001d6b52f2130 Exception <a 'java/lang/ClassNotFoundException'{0x00000000834731d0}: org/gradle/configuration/internal/DefaultListenerBuildOperationDecorator$BuildOperationEmittingClosureCustomizer> (0x00000000834731d0) 
thrown [s\src\hotspot\share\classfile\systemDictionary.cpp, line 256]
Event: 8.331 Thread 0x000001d6b52f2130 Exception <a 'java/lang/NoSuchMethodError'{0x000000008339a1b0}: 'java.lang.Object java.lang.invoke.DirectMethodHandle$Holder.newInvokeSpecial(java.lang.Object, java.lang.Object, int, int)'> (0x000000008339a1b0) 
thrown [s\src\hotspot\share\interpreter\linkResolver.cpp, line 771]
Event: 8.395 Thread 0x000001d6b52f2130 Exception <a 'java/lang/ClassNotFoundException'{0x00000000832d4908}: settings_3ynss4jfevykii5wt16c8vdduBeanInfo> (0x00000000832d4908) 
thrown [s\src\hotspot\share\classfile\systemDictionary.cpp, line 256]
Event: 8.395 Thread 0x000001d6b52f2130 Exception <a 'java/lang/ClassNotFoundException'{0x00000000832dee78}: org/gradle/initialization/SettingsScriptBeanInfo> (0x00000000832dee78) 
thrown [s\src\hotspot\share\classfile\systemDictionary.cpp, line 256]
Event: 8.396 Thread 0x000001d6b52f2130 Exception <a 'java/lang/ClassNotFoundException'{0x00000000832e9528}: org/gradle/plugin/use/internal/PluginsAwareScriptBeanInfo> (0x00000000832e9528) 
thrown [s\src\hotspot\share\classfile\systemDictionary.cpp, line 256]
Event: 8.396 Thread 0x000001d6b52f2130 Exception <a 'java/lang/ClassNotFoundException'{0x00000000832f3bd0}: org/gradle/plugin/use/internal/PluginsAwareScriptCustomizer> (0x00000000832f3bd0) 
thrown [s\src\hotspot\share\classfile\systemDictionary.cpp, line 256]
Event: 8.398 Thread 0x000001d6b52f2130 Exception <a 'java/lang/ClassNotFoundException'{0x00000000831066b8}: org/gradle/initialization/SettingsScriptCustomizer> (0x00000000831066b8) 
thrown [s\src\hotspot\share\classfile\systemDictionary.cpp, line 256]
Event: 8.399 Thread 0x000001d6b52f2130 Exception <a 'java/lang/ClassNotFoundException'{0x0000000083114558}: settings_3ynss4jfevykii5wt16c8vdduCustomizer> (0x0000000083114558) 
thrown [s\src\hotspot\share\classfile\systemDictionary.cpp, line 256]
Event: 8.414 Thread 0x000001d6b52f2130 Exception <a 'java/lang/ClassNotFoundException'{0x00000000831be260}: org/gradle/initialization/DefaultSettings_DecoratedBeanInfo> (0x00000000831be260) 
thrown [s\src\hotspot\share\classfile\systemDictionary.cpp, line 256]
Event: 8.415 Thread 0x000001d6b52f2130 Exception <a 'java/lang/ClassNotFoundException'{0x00000000831cdeb0}: org/gradle/initialization/DefaultSettingsBeanInfo> (0x00000000831cdeb0) 
thrown [s\src\hotspot\share\classfile\systemDictionary.cpp, line 256]
Event: 8.415 Thread 0x000001d6b52f2130 Exception <a 'java/lang/ClassNotFoundException'{0x00000000831dd540}: org/gradle/initialization/DefaultSettingsCustomizer> (0x00000000831dd540) 
thrown [s\src\hotspot\share\classfile\systemDictionary.cpp, line 256]
Event: 8.423 Thread 0x000001d6b52f2130 Exception <a 'java/lang/ClassNotFoundException'{0x0000000083020cd8}: org/gradle/initialization/DefaultSettings_DecoratedCustomizer> (0x0000000083020cd8) 
thrown [s\src\hotspot\share\classfile\systemDictionary.cpp, line 256]
Event: 8.450 Thread 0x000001d6b52f2130 Exception <a 'java/lang/ClassNotFoundException'{0x00000000830e1d58}: org/gradle/internal/metaobject/ConfigureDelegateBeanInfo> (0x00000000830e1d58) 
thrown [s\src\hotspot\share\classfile\systemDictionary.cpp, line 256]
Event: 8.451 Thread 0x000001d6b52f2130 Exception <a 'java/lang/ClassNotFoundException'{0x00000000830f1f58}: org/gradle/internal/metaobject/ConfigureDelegateCustomizer> (0x00000000830f1f58) 
thrown [s\src\hotspot\share\classfile\systemDictionary.cpp, line 256]
Event: 8.463 Thread 0x000001d6b52f2130 Exception <a 'java/lang/ClassNotFoundException'{0x0000000082f44cd8}: org/gradle/plugin/management/internal/DefaultPluginManagementSpec_DecoratedBeanInfo> (0x0000000082f44cd8) 
thrown [s\src\hotspot\share\classfile\systemDictionary.cpp, line 256]
Event: 8.464 Thread 0x000001d6b52f2130 Exception <a 'java/lang/ClassNotFoundException'{0x0000000082f59438}: org/gradle/plugin/management/internal/DefaultPluginManagementSpecBeanInfo> (0x0000000082f59438) 
thrown [s\src\hotspot\share\classfile\systemDictionary.cpp, line 256]
Event: 8.466 Thread 0x000001d6b52f2130 Exception <a 'java/lang/ClassNotFoundException'{0x0000000082f6dfb8}: org/gradle/plugin/management/internal/DefaultPluginManagementSpecCustomizer> (0x0000000082f6dfb8) 
thrown [s\src\hotspot\share\classfile\systemDictionary.cpp, line 256]
Event: 8.470 Thread 0x000001d6b52f2130 Exception <a 'java/lang/ClassNotFoundException'{0x0000000082f91a78}: org/gradle/plugin/management/internal/DefaultPluginManagementSpec_DecoratedCustomizer> (0x0000000082f91a78) 
thrown [s\src\hotspot\share\classfile\systemDictionary.cpp, line 256]
Event: 8.515 Thread 0x000001d6b52f2130 Exception <a 'java/lang/ClassNotFoundException'{0x0000000082bf71b0}: org/gradle/api/internal/artifacts/dsl/DefaultRepositoryHandler_DecoratedBeanInfo> (0x0000000082bf71b0) 
thrown [s\src\hotspot\share\classfile\systemDictionary.cpp, line 256]

VM Operations (20 events):
Event: 7.522 Executing VM operation: HandshakeAllThreads done
Event: 7.698 Executing VM operation: HandshakeAllThreads
Event: 7.699 Executing VM operation: HandshakeAllThreads done
Event: 7.699 Executing VM operation: HandshakeAllThreads
Event: 7.699 Executing VM operation: HandshakeAllThreads done
Event: 7.704 Executing VM operation: HandshakeAllThreads
Event: 7.704 Executing VM operation: HandshakeAllThreads done
Event: 7.710 Executing VM operation: HandshakeAllThreads
Event: 7.710 Executing VM operation: HandshakeAllThreads done
Event: 7.719 Executing VM operation: HandshakeAllThreads
Event: 7.719 Executing VM operation: HandshakeAllThreads done
Event: 7.815 Executing VM operation: HandshakeAllThreads
Event: 7.815 Executing VM operation: HandshakeAllThreads done
Event: 7.931 Executing VM operation: G1CollectForAllocation
Event: 7.943 Executing VM operation: G1CollectForAllocation done
Event: 7.952 Executing VM operation: G1CollectForAllocation
Event: 7.960 Executing VM operation: G1CollectForAllocation done
Event: 8.347 Executing VM operation: ICBufferFull
Event: 8.347 Executing VM operation: ICBufferFull done
Event: 8.515 Executing VM operation: G1CollectForAllocation

Events (20 events):
Event: 7.818 loading class java/util/function/BooleanSupplier done
Event: 7.818 loading class jdk/internal/jimage/ImageReader$Resource
Event: 7.818 loading class jdk/internal/jimage/ImageReader$Resource done
Event: 7.980 loading class java/util/WeakHashMap$KeyIterator
Event: 7.980 loading class java/util/WeakHashMap$HashIterator
Event: 7.980 loading class java/util/WeakHashMap$HashIterator done
Event: 7.980 loading class java/util/WeakHashMap$KeyIterator done
Event: 8.182 loading class com/sun/beans/finder/MethodFinder
Event: 8.182 loading class com/sun/beans/finder/AbstractFinder
Event: 8.182 loading class com/sun/beans/finder/AbstractFinder done
Event: 8.182 loading class com/sun/beans/finder/MethodFinder done
Event: 8.182 loading class com/sun/beans/finder/MethodFinder$1
Event: 8.182 loading class com/sun/beans/finder/MethodFinder$1 done
Event: 8.182 loading class com/sun/beans/finder/FinderUtils
Event: 8.182 loading class com/sun/beans/finder/FinderUtils done
Event: 8.271 loading class sun/reflect/MagicAccessorImpl
Event: 8.271 loading class sun/reflect/MagicAccessorImpl done
Event: 8.337 loading class jdk/internal/reflect/UnsafeStaticIntegerFieldAccessorImpl
Event: 8.338 loading class jdk/internal/reflect/UnsafeStaticIntegerFieldAccessorImpl done
Event: 8.371 Thread 0x000001d6b7c3f570 Thread added: 0x000001d6b7c3f570


Dynamic libraries:
0x00007ff7e9df0000 - 0x00007ff7e9dfa000 	C:\Program Files\Android\Android Studio\jbr\bin\java.exe
0x00007fff659b0000 - 0x00007fff65ba7000 	C:\Windows\SYSTEM32\ntdll.dll
0x00007fff649f0000 - 0x00007fff64aad000 	C:\Windows\System32\KERNEL32.DLL
0x00007fff633a0000 - 0x00007fff63696000 	C:\Windows\System32\KERNELBASE.dll
0x00007fff638a0000 - 0x00007fff639a0000 	C:\Windows\System32\ucrtbase.dll
0x00007fff5e910000 - 0x00007fff5e92b000 	C:\Program Files\Android\Android Studio\jbr\bin\VCRUNTIME140.dll
0x00007fff5abe0000 - 0x00007fff5abf7000 	C:\Program Files\Android\Android Studio\jbr\bin\jli.dll
0x00007fff651d0000 - 0x00007fff6536e000 	C:\Windows\System32\USER32.dll
0x00007fff630e0000 - 0x00007fff63102000 	C:\Windows\System32\win32u.dll
0x00007fff50e40000 - 0x00007fff510da000 	C:\Windows\WinSxS\amd64_microsoft.windows.common-controls_6595b64144ccf1df_6.0.19041.3570_none_60bb2a3971f3e41a\COMCTL32.dll
0x00007fff658e0000 - 0x00007fff6590c000 	C:\Windows\System32\GDI32.dll
0x00007fff64f00000 - 0x00007fff64f9e000 	C:\Windows\System32\msvcrt.dll
0x00007fff63750000 - 0x00007fff6386a000 	C:\Windows\System32\gdi32full.dll
0x00007fff63110000 - 0x00007fff631ad000 	C:\Windows\System32\msvcp_win.dll
0x00007fff658b0000 - 0x00007fff658e0000 	C:\Windows\System32\IMM32.DLL
0x00007fff5e900000 - 0x00007fff5e90c000 	C:\Program Files\Android\Android Studio\jbr\bin\vcruntime140_1.dll
0x00007fff375f0000 - 0x00007fff3767d000 	C:\Program Files\Android\Android Studio\jbr\bin\msvcp140.dll
0x00007fff2d890000 - 0x00007fff2e4fe000 	C:\Program Files\Android\Android Studio\jbr\bin\server\jvm.dll
0x00007fff656e0000 - 0x00007fff6578e000 	C:\Windows\System32\ADVAPI32.dll
0x00007fff65000000 - 0x00007fff6509c000 	C:\Windows\System32\sechost.dll
0x00007fff63a10000 - 0x00007fff63b36000 	C:\Windows\System32\RPCRT4.dll
0x00007fff5c730000 - 0x00007fff5c739000 	C:\Windows\SYSTEM32\WSOCK32.dll
0x00007fff55ec0000 - 0x00007fff55eca000 	C:\Windows\SYSTEM32\VERSION.dll
0x00007fff55a20000 - 0x00007fff55a47000 	C:\Windows\SYSTEM32\WINMM.dll
0x00007fff650a0000 - 0x00007fff6510b000 	C:\Windows\System32\WS2_32.dll
0x00007fff61110000 - 0x00007fff61122000 	C:\Windows\SYSTEM32\kernel.appcore.dll
0x00007fff5f8f0000 - 0x00007fff5f8fa000 	C:\Program Files\Android\Android Studio\jbr\bin\jimage.dll
0x00007fff4d1d0000 - 0x00007fff4d3b4000 	C:\Windows\SYSTEM32\DBGHELP.DLL
0x00007fff4da50000 - 0x00007fff4da84000 	C:\Windows\SYSTEM32\dbgcore.DLL
0x00007fff63310000 - 0x00007fff63392000 	C:\Windows\System32\bcryptPrimitives.dll
0x00007fff5e860000 - 0x00007fff5e885000 	C:\Program Files\Android\Android Studio\jbr\bin\java.dll
0x00007fff5eca0000 - 0x00007fff5ecb8000 	C:\Program Files\Android\Android Studio\jbr\bin\zip.dll
0x00007fff63cc0000 - 0x00007fff64404000 	C:\Windows\System32\SHELL32.dll
0x00007fff61130000 - 0x00007fff618cb000 	C:\Windows\SYSTEM32\windows.storage.dll
0x00007fff65370000 - 0x00007fff656c4000 	C:\Windows\System32\combase.dll
0x00007fff62a60000 - 0x00007fff62a8d000 	C:\Windows\SYSTEM32\Wldp.dll
0x00007fff64bf0000 - 0x00007fff64c9d000 	C:\Windows\System32\SHCORE.dll
0x00007fff65110000 - 0x00007fff65165000 	C:\Windows\System32\shlwapi.dll
0x00007fff62fc0000 - 0x00007fff62fe5000 	C:\Windows\SYSTEM32\profapi.dll
0x00007fff5d9b0000 - 0x00007fff5d9c9000 	C:\Program Files\Android\Android Studio\jbr\bin\net.dll
0x00007fff57050000 - 0x00007fff5715a000 	C:\Windows\SYSTEM32\WINHTTP.dll
0x00007fff62760000 - 0x00007fff627ca000 	C:\Windows\system32\mswsock.dll
0x00007fff5d990000 - 0x00007fff5d9a6000 	C:\Program Files\Android\Android Studio\jbr\bin\nio.dll
0x00007fff5f8e0000 - 0x00007fff5f8f0000 	C:\Program Files\Android\Android Studio\jbr\bin\verify.dll
0x00007fff52690000 - 0x00007fff526b7000 	C:\Users\refrizar.dwiardito\.jdks\openjdk-21\native\68d5fa5c4cc2d200863cafc0d521ce42e7d3e7ee720ec0a83991735586a16f82\windows-amd64\native-platform.dll
0x00007fff06120000 - 0x00007fff06264000 	C:\Users\refrizar.dwiardito\.jdks\openjdk-21\native\e376f236ea51e6404a007f0833ffe2c6e607c4080706a723a18a27aeea778392\windows-amd64\native-platform-file-events.dll
0x00007fff5dad0000 - 0x00007fff5dad9000 	C:\Program Files\Android\Android Studio\jbr\bin\management.dll
0x00007fff5c6b0000 - 0x00007fff5c6bb000 	C:\Program Files\Android\Android Studio\jbr\bin\management_ext.dll
0x00007fff656d0000 - 0x00007fff656d8000 	C:\Windows\System32\PSAPI.DLL
0x00007fff629b0000 - 0x00007fff629c8000 	C:\Windows\SYSTEM32\CRYPTSP.dll
0x00007fff62070000 - 0x00007fff620a4000 	C:\Windows\system32\rsaenh.dll
0x00007fff63870000 - 0x00007fff63897000 	C:\Windows\System32\bcrypt.dll
0x00007fff62f40000 - 0x00007fff62f6e000 	C:\Windows\SYSTEM32\USERENV.dll
0x00007fff629d0000 - 0x00007fff629dc000 	C:\Windows\SYSTEM32\CRYPTBASE.dll
0x00007fff62450000 - 0x00007fff6248b000 	C:\Windows\SYSTEM32\IPHLPAPI.DLL
0x00007fff63cb0000 - 0x00007fff63cb8000 	C:\Windows\System32\NSI.dll
0x00007fff577b0000 - 0x00007fff577c7000 	C:\Windows\SYSTEM32\dhcpcsvc6.DLL
0x00007fff57790000 - 0x00007fff577ad000 	C:\Windows\SYSTEM32\dhcpcsvc.DLL
0x00007fff62490000 - 0x00007fff6255a000 	C:\Windows\SYSTEM32\DNSAPI.dll
0x00007fff5c120000 - 0x00007fff5c127000 	C:\Windows\system32\wshunix.dll

dbghelp: loaded successfully - version: 4.0.5 - missing functions: none
symbol engine: initialized successfully - sym options: 0x614 - pdb path: .;C:\Program Files\Android\Android Studio\jbr\bin;C:\Windows\SYSTEM32;C:\Windows\WinSxS\amd64_microsoft.windows.common-controls_6595b64144ccf1df_6.0.19041.3570_none_60bb2a3971f3e41a;C:\Program Files\Android\Android Studio\jbr\bin\server;C:\Users\refrizar.dwiardito\.jdks\openjdk-21\native\68d5fa5c4cc2d200863cafc0d521ce42e7d3e7ee720ec0a83991735586a16f82\windows-amd64;C:\Users\refrizar.dwiardito\.jdks\openjdk-21\native\e376f236ea51e6404a007f0833ffe2c6e607c4080706a723a18a27aeea778392\windows-amd64

VM Arguments:
jvm_args: --add-opens=java.base/java.util=ALL-UNNAMED --add-opens=java.base/java.lang=ALL-UNNAMED --add-opens=java.base/java.lang.invoke=ALL-UNNAMED --add-opens=java.prefs/java.util.prefs=ALL-UNNAMED --add-opens=java.base/java.nio.charset=ALL-UNNAMED --add-opens=java.base/java.net=ALL-UNNAMED --add-opens=java.base/java.util.concurrent.atomic=ALL-UNNAMED -Xmx2048m -Dfile.encoding=UTF-8 -Duser.country=US -Duser.language=en -Duser.variant 
java_command: org.gradle.launcher.daemon.bootstrap.GradleDaemon 8.0
java_class_path (initial): C:\Users\refrizar.dwiardito\.jdks\openjdk-21\wrapper\dists\gradle-8.0-all\a2o1xoguejy6msdh0lk99lxza\gradle-8.0\lib\gradle-launcher-8.0.jar
Launcher Type: SUN_STANDARD

[Global flags]
     intx CICompilerCount                          = 3                                         {product} {ergonomic}
     uint ConcGCThreads                            = 1                                         {product} {ergonomic}
     uint G1ConcRefinementThreads                  = 4                                         {product} {ergonomic}
   size_t G1HeapRegionSize                         = 1048576                                   {product} {ergonomic}
    uintx GCDrainStackTargetSize                   = 64                                        {product} {ergonomic}
   size_t InitialHeapSize                          = 134217728                                 {product} {ergonomic}
   size_t MarkStackSize                            = 4194304                                   {product} {ergonomic}
   size_t MaxHeapSize                              = 2147483648                                {product} {command line}
   size_t MaxNewSize                               = 1287651328                                {product} {ergonomic}
   size_t MinHeapDeltaBytes                        = 1048576                                   {product} {ergonomic}
   size_t MinHeapSize                              = 8388608                                   {product} {ergonomic}
    uintx NonNMethodCodeHeapSize                   = 5832780                                {pd product} {ergonomic}
    uintx NonProfiledCodeHeapSize                  = 122912730                              {pd product} {ergonomic}
    uintx ProfiledCodeHeapSize                     = 122912730                              {pd product} {ergonomic}
    uintx ReservedCodeCacheSize                    = 251658240                              {pd product} {ergonomic}
     bool SegmentedCodeCache                       = true                                      {product} {ergonomic}
   size_t SoftMaxHeapSize                          = 2147483648                             {manageable} {ergonomic}
     bool UseCompressedClassPointers               = true                           {product lp64_product} {ergonomic}
     bool UseCompressedOops                        = true                           {product lp64_product} {ergonomic}
     bool UseG1GC                                  = true                                      {product} {ergonomic}
     bool UseLargePagesIndividualAllocation        = false                                  {pd product} {ergonomic}

Logging:
Log output configuration:
 #0: stdout all=warning uptime,level,tags
 #1: stderr all=off uptime,level,tags

Environment Variables:
JAVA_HOME=C:\Users\refrizar.dwiardito\.jdks\openjdk-21
PATH=C:\Program Files\Common Files\Oracle\Java\javapath;C:\Windows\system32;C:\Windows;C:\Windows\System32\Wbem;C:\Windows\System32\WindowsPowerShell\v1.0\;C:\Windows\System32\OpenSSH\;C:\Program Files\mingw-w64\x86_64-8.1.0-posix-seh-rt_v6-rev0\mingw64\bin;C:\Users\refrizar.dwiardito\AppData\Local\Programs\Python\Python310\Scripts;C:\Users\refrizar.dwiardito\.jdks\openjdk-21\bin;C:\Program Files\PuTTY\;C:\Program Files\gradle-8.3\bin;C:\Program Files\Git\cmd;C:\Users\refrizar.dwiardito\AppData\Local\Programs\Python\Python310\Scripts\;C:\Users\refrizar.dwiardito\AppData\Local\Programs\Python\Python310\;C:\Users\refrizar.dwiardito\AppData\Local\Microsoft\WindowsApps;;C:\Users\refrizar.dwiardito\AppData\Local\Programs\Microsoft VS Code\bin
USERNAME=refrizar.dwiardito
OS=Windows_NT
PROCESSOR_IDENTIFIER=Intel64 Family 6 Model 61 Stepping 4, GenuineIntel
TMP=C:\Users\REFRIZ~1.DWI\AppData\Local\Temp
TEMP=C:\Users\REFRIZ~1.DWI\AppData\Local\Temp


JNI global refs:
JNI global refs: 24, weak refs: 0

JNI global refs memory usage: 843, weak refs: 841


---------------  S Y S T E M  ---------------

OS:
 Windows 10 , 64 bit Build 19041 (10.0.19041.3570)
OS uptime: 0 days 1:05 hours

CPU: total 4 (initial active 4) (2 cores per cpu, 2 threads per core) family 6 model 61 stepping 4 microcode 0x2f, cx8, cmov, fxsr, ht, mmx, 3dnowpref, sse, sse2, sse3, ssse3, sse4.1, sse4.2, popcnt, lzcnt, tsc, tscinvbit, avx, avx2, aes, erms, clmul, bmi1, bmi2, adx, fma, vzeroupper, clflush

Memory: 4k page, system-wide physical 8083M (627M free)
TotalPageFile size 8083M (AvailPageFile size 11M)
current process WorkingSet (physical memory assigned to process): 216M, peak: 216M
current process commit charge ("private bytes"): 260M, peak: 303M

vm_info: OpenJDK 64-Bit Server VM (17.0.6+0-b2043.56-10027231) for windows-amd64 JRE (17.0.6+0-b2043.56-10027231), built on Apr 28 2023 00:43:19 by "androidbuild" with MS VC++ 16.10 / 16.11 (VS2019)

END.
