#
# There is insufficient memory for the Java Runtime Environment to continue.
# Native memory allocation (malloc) failed to allocate 2159184 bytes for Chunk::new
# Possible reasons:
#   The system is out of physical RAM or swap space
#   The process is running with CompressedOops enabled, and the Java Heap may be blocking the growth of the native heap
# Possible solutions:
#   Reduce memory load on the system
#   Increase physical memory or swap space
#   Check if swap backing store is full
#   Decrease Java heap size (-Xmx/-Xms)
#   Decrease number of Java threads
#   Decrease Java thread stack sizes (-Xss)
#   Set larger code cache with -XX:ReservedCodeCacheSize=
#   JVM is running with Unscaled Compressed Oops mode in which the Java heap is
#     placed in the first 4GB address space. The Java Heap base address is the
#     maximum limit for the native heap growth. Please use -XX:HeapBaseMinAddress
#     to set the Java Heap base and to place the Java Heap above 4GB virtual address.
# This output file may be truncated or incomplete.
#
#  Out of Memory Error (arena.cpp:189), pid=9648, tid=5772
#
# JRE version: OpenJDK Runtime Environment (17.0.6) (build 17.0.6+0-b2043.56-10027231)
# Java VM: OpenJDK 64-Bit Server VM (17.0.6+0-b2043.56-10027231, mixed mode, tiered, compressed oops, compressed class ptrs, g1 gc, windows-amd64)
# No core dump will be written. Minidumps are not enabled by default on client versions of Windows
#

---------------  S U M M A R Y ------------

Command Line: org.jetbrains.kotlin.cli.jvm.K2JVMCompiler @C:\Users\refrizar.dwiardito\AndroidStudioProjects\Catwell\app\build\20231018_5808851688876907112.compiler.options

Host: Intel(R) Core(TM) i5-5200U CPU @ 2.20GHz, 4 cores, 7G,  Windows 10 , 64 bit Build 19041 (10.0.19041.3570)
Time: Wed Oct 18 17:52:46 2023 SE Asia Standard Time elapsed time: 11.079397 seconds (0d 0h 0m 11s)

---------------  T H R E A D  ---------------

Current thread (0x0000018a7c435dc0):  JavaThread "C2 CompilerThread0" daemon [_thread_in_native, id=5772, stack(0x00000048f5300000,0x00000048f5400000)]


Current CompileTask:
C2:  11079 6777       4       org.jetbrains.kotlin.descriptors.impl.FunctionDescriptorImpl::doSubstitute (1003 bytes)

Stack: [0x00000048f5300000,0x00000048f5400000]
Native frames: (J=compiled Java code, j=interpreted, Vv=VM code, C=native code)
V  [jvm.dll+0x683c9a]
V  [jvm.dll+0x8427a4]
V  [jvm.dll+0x843f9e]
V  [jvm.dll+0x844603]
V  [jvm.dll+0x249b75]
V  [jvm.dll+0xabcac]
V  [jvm.dll+0xac27c]
V  [jvm.dll+0x368857]
V  [jvm.dll+0x1bd0b8]
V  [jvm.dll+0x21c359]
V  [jvm.dll+0x21b621]
V  [jvm.dll+0x1a4fdd]
V  [jvm.dll+0x22b098]
V  [jvm.dll+0x229159]
V  [jvm.dll+0x7f81ec]
V  [jvm.dll+0x7f274a]
V  [jvm.dll+0x682ad5]
C  [ucrtbase.dll+0x21bb2]
C  [KERNEL32.DLL+0x17344]
C  [ntdll.dll+0x526b1]


---------------  P R O C E S S  ---------------

Threads class SMR info:
_java_thread_list=0x0000018a7ee4b2d0, length=13, elements={
0x0000018a622ea840, 0x0000018a7b7e12d0, 0x0000018a7b7e2140, 0x0000018a7b806390,
0x0000018a7c41b300, 0x0000018a7c41dcc0, 0x0000018a7c41f680, 0x0000018a7c435dc0,
0x0000018a7c43e890, 0x0000018a7c441a70, 0x0000018a7c593230, 0x0000018a7c5a2000,
0x0000018a7fdde120
}

Java Threads: ( => current thread )
  0x0000018a622ea840 JavaThread "main" [_thread_in_vm, id=9948, stack(0x00000048f4600000,0x00000048f4700000)]
  0x0000018a7b7e12d0 JavaThread "Reference Handler" daemon [_thread_blocked, id=7404, stack(0x00000048f4d00000,0x00000048f4e00000)]
  0x0000018a7b7e2140 JavaThread "Finalizer" daemon [_thread_blocked, id=9880, stack(0x00000048f4e00000,0x00000048f4f00000)]
  0x0000018a7b806390 JavaThread "Signal Dispatcher" daemon [_thread_blocked, id=7708, stack(0x00000048f4f00000,0x00000048f5000000)]
  0x0000018a7c41b300 JavaThread "Attach Listener" daemon [_thread_blocked, id=7988, stack(0x00000048f5000000,0x00000048f5100000)]
  0x0000018a7c41dcc0 JavaThread "Service Thread" daemon [_thread_blocked, id=3044, stack(0x00000048f5100000,0x00000048f5200000)]
  0x0000018a7c41f680 JavaThread "Monitor Deflation Thread" daemon [_thread_blocked, id=9140, stack(0x00000048f5200000,0x00000048f5300000)]
=>0x0000018a7c435dc0 JavaThread "C2 CompilerThread0" daemon [_thread_in_native, id=5772, stack(0x00000048f5300000,0x00000048f5400000)]
  0x0000018a7c43e890 JavaThread "C1 CompilerThread0" daemon [_thread_blocked, id=844, stack(0x00000048f5400000,0x00000048f5500000)]
  0x0000018a7c441a70 JavaThread "Sweeper thread" daemon [_thread_blocked, id=8368, stack(0x00000048f5500000,0x00000048f5600000)]
  0x0000018a7c593230 JavaThread "Notification Thread" daemon [_thread_blocked, id=7568, stack(0x00000048f5600000,0x00000048f5700000)]
  0x0000018a7c5a2000 JavaThread "Common-Cleaner" daemon [_thread_blocked, id=1812, stack(0x00000048f5800000,0x00000048f5900000)]
  0x0000018a7fdde120 JavaThread "C2 CompilerThread1" daemon [_thread_in_native, id=3388, stack(0x00000048f5900000,0x00000048f5a00000)]

Other Threads:
  0x0000018a7b7dd7b0 VMThread "VM Thread" [stack: 0x00000048f4c00000,0x00000048f4d00000] [id=6492]
  0x0000018a6235ff40 WatcherThread [stack: 0x00000048f5700000,0x00000048f5800000] [id=9692]
  0x0000018a62347650 GCTaskThread "GC Thread#0" [stack: 0x00000048f4700000,0x00000048f4800000] [id=8876]
  0x0000018a7c974900 GCTaskThread "GC Thread#1" [stack: 0x00000048f5a00000,0x00000048f5b00000] [id=8600]
  0x0000018a7c990030 GCTaskThread "GC Thread#2" [stack: 0x00000048f5b00000,0x00000048f5c00000] [id=4944]
  0x0000018a7c9b3a30 GCTaskThread "GC Thread#3" [stack: 0x00000048f5c00000,0x00000048f5d00000] [id=2152]
  0x0000018a62358250 ConcurrentGCThread "G1 Main Marker" [stack: 0x00000048f4800000,0x00000048f4900000] [id=2360]
  0x0000018a6235a410 ConcurrentGCThread "G1 Conc#0" [stack: 0x00000048f4900000,0x00000048f4a00000] [id=7436]
  0x0000018a623be210 ConcurrentGCThread "G1 Refine#0" [stack: 0x00000048f4a00000,0x00000048f4b00000] [id=8088]
  0x0000018a7f04d7b0 ConcurrentGCThread "G1 Refine#1" [stack: 0x00000048f5d00000,0x00000048f5e00000] [id=4244]
  0x0000018a623bec30 ConcurrentGCThread "G1 Service" [stack: 0x00000048f4b00000,0x00000048f4c00000] [id=2772]

Threads with active compile tasks:
C2 CompilerThread0    11103 6777       4       org.jetbrains.kotlin.descriptors.impl.FunctionDescriptorImpl::doSubstitute (1003 bytes)
C2 CompilerThread1    11103 7803       4       org.jetbrains.kotlin.resolve.OverridingUtil::filterOverrides (257 bytes)

VM state: not at safepoint (normal execution)

VM Mutex/Monitor currently owned by a thread: None

Heap address: 0x0000000081a00000, size: 2022 MB, Compressed Oops mode: 32-bit

CDS archive(s) not mapped
Compressed class space mapped at: 0x0000000100000000-0x0000000140000000, reserved size: 1073741824
Narrow klass base: 0x0000000000000000, Narrow klass shift: 3, Narrow klass range: 0x140000000

GC Precious Log:
 CPUs: 4 total, 4 available
 Memory: 8083M
 Large Page Support: Disabled
 NUMA Support: Disabled
 Compressed Oops: Enabled (32-bit)
 Heap Region Size: 1M
 Heap Min Capacity: 8M
 Heap Initial Capacity: 128M
 Heap Max Capacity: 2022M
 Pre-touch: Disabled
 Parallel Workers: 4
 Concurrent Workers: 1
 Concurrent Refinement Workers: 4
 Periodic GC: Disabled

Heap:
 garbage-first heap   total 175104K, used 119417K [0x0000000081a00000, 0x0000000100000000)
  region size 1024K, 73 young (74752K), 1 survivors (1024K)
 Metaspace       used 62957K, committed 63232K, reserved 1105920K
  class space    used 7487K, committed 7616K, reserved 1048576K

Heap Regions: E=young(eden), S=young(survivor), O=old, HS=humongous(starts), HC=humongous(continues), CS=collection set, F=free, OA=open archive, CA=closed archive, TAMS=top-at-mark-start (previous, next)
|   0|0x0000000081a00000, 0x0000000081b00000, 0x0000000081b00000|100%|HS|  |TAMS 0x0000000081b00000, 0x0000000081a00000| Complete 
|   1|0x0000000081b00000, 0x0000000081c00000, 0x0000000081c00000|100%|HC|  |TAMS 0x0000000081c00000, 0x0000000081b00000| Complete 
|   2|0x0000000081c00000, 0x0000000081d00000, 0x0000000081d00000|100%|HC|  |TAMS 0x0000000081d00000, 0x0000000081c00000| Complete 
|   3|0x0000000081d00000, 0x0000000081e00000, 0x0000000081e00000|100%|HC|  |TAMS 0x0000000081e00000, 0x0000000081d00000| Complete 
|   4|0x0000000081e00000, 0x0000000081ef9a00, 0x0000000081f00000| 97%| O|  |TAMS 0x0000000081ef9a00, 0x0000000081e00000| Untracked 
|   5|0x0000000081f00000, 0x0000000082000000, 0x0000000082000000|100%| O|  |TAMS 0x0000000082000000, 0x0000000081f00000| Untracked 
|   6|0x0000000082000000, 0x0000000082100000, 0x0000000082100000|100%| O|  |TAMS 0x0000000082100000, 0x0000000082000000| Untracked 
|   7|0x0000000082100000, 0x0000000082200000, 0x0000000082200000|100%| O|  |TAMS 0x0000000082200000, 0x0000000082100000| Untracked 
|   8|0x0000000082200000, 0x0000000082300000, 0x0000000082300000|100%| O|  |TAMS 0x0000000082300000, 0x0000000082200000| Untracked 
|   9|0x0000000082300000, 0x0000000082400000, 0x0000000082400000|100%| O|  |TAMS 0x0000000082400000, 0x0000000082300000| Untracked 
|  10|0x0000000082400000, 0x0000000082500000, 0x0000000082500000|100%| O|  |TAMS 0x0000000082500000, 0x0000000082400000| Untracked 
|  11|0x0000000082500000, 0x0000000082600000, 0x0000000082600000|100%| O|  |TAMS 0x0000000082600000, 0x0000000082500000| Untracked 
|  12|0x0000000082600000, 0x0000000082700000, 0x0000000082700000|100%| O|  |TAMS 0x0000000082700000, 0x0000000082600000| Untracked 
|  13|0x0000000082700000, 0x0000000082800000, 0x0000000082800000|100%| O|  |TAMS 0x0000000082800000, 0x0000000082700000| Untracked 
|  14|0x0000000082800000, 0x0000000082900000, 0x0000000082900000|100%| O|  |TAMS 0x0000000082900000, 0x0000000082800000| Untracked 
|  15|0x0000000082900000, 0x0000000082a00000, 0x0000000082a00000|100%| O|  |TAMS 0x0000000082a00000, 0x0000000082900000| Untracked 
|  16|0x0000000082a00000, 0x0000000082b00000, 0x0000000082b00000|100%| O|  |TAMS 0x0000000082b00000, 0x0000000082a00000| Untracked 
|  17|0x0000000082b00000, 0x0000000082c00000, 0x0000000082c00000|100%| O|  |TAMS 0x0000000082c00000, 0x0000000082b00000| Untracked 
|  18|0x0000000082c00000, 0x0000000082d00000, 0x0000000082d00000|100%| O|  |TAMS 0x0000000082d00000, 0x0000000082c00000| Untracked 
|  19|0x0000000082d00000, 0x0000000082e00000, 0x0000000082e00000|100%| O|  |TAMS 0x0000000082e00000, 0x0000000082d00000| Untracked 
|  20|0x0000000082e00000, 0x0000000082f00000, 0x0000000082f00000|100%| O|  |TAMS 0x0000000082f00000, 0x0000000082e00000| Untracked 
|  21|0x0000000082f00000, 0x0000000083000000, 0x0000000083000000|100%|HS|  |TAMS 0x0000000083000000, 0x0000000082f00000| Complete 
|  22|0x0000000083000000, 0x0000000083100000, 0x0000000083100000|100%|HC|  |TAMS 0x0000000083100000, 0x0000000083000000| Complete 
|  23|0x0000000083100000, 0x0000000083200000, 0x0000000083200000|100%| O|  |TAMS 0x0000000083200000, 0x0000000083100000| Untracked 
|  24|0x0000000083200000, 0x0000000083300000, 0x0000000083300000|100%| O|  |TAMS 0x0000000083300000, 0x0000000083200000| Untracked 
|  25|0x0000000083300000, 0x0000000083400000, 0x0000000083400000|100%| O|  |TAMS 0x0000000083400000, 0x0000000083300000| Untracked 
|  26|0x0000000083400000, 0x0000000083500000, 0x0000000083500000|100%| O|  |TAMS 0x0000000083500000, 0x0000000083400000| Untracked 
|  27|0x0000000083500000, 0x0000000083600000, 0x0000000083600000|100%| O|  |TAMS 0x0000000083600000, 0x0000000083500000| Untracked 
|  28|0x0000000083600000, 0x0000000083700000, 0x0000000083700000|100%| O|  |TAMS 0x0000000083700000, 0x0000000083600000| Untracked 
|  29|0x0000000083700000, 0x0000000083800000, 0x0000000083800000|100%| O|  |TAMS 0x0000000083800000, 0x0000000083700000| Untracked 
|  30|0x0000000083800000, 0x0000000083900000, 0x0000000083900000|100%| O|  |TAMS 0x0000000083900000, 0x0000000083800000| Untracked 
|  31|0x0000000083900000, 0x0000000083a00000, 0x0000000083a00000|100%| O|  |TAMS 0x0000000083a00000, 0x0000000083900000| Untracked 
|  32|0x0000000083a00000, 0x0000000083b00000, 0x0000000083b00000|100%| O|  |TAMS 0x0000000083b00000, 0x0000000083a00000| Untracked 
|  33|0x0000000083b00000, 0x0000000083c00000, 0x0000000083c00000|100%| O|  |TAMS 0x0000000083c00000, 0x0000000083b00000| Untracked 
|  34|0x0000000083c00000, 0x0000000083d00000, 0x0000000083d00000|100%| O|  |TAMS 0x0000000083d00000, 0x0000000083c00000| Untracked 
|  35|0x0000000083d00000, 0x0000000083e00000, 0x0000000083e00000|100%| O|  |TAMS 0x0000000083e00000, 0x0000000083d00000| Untracked 
|  36|0x0000000083e00000, 0x0000000083f00000, 0x0000000083f00000|100%| O|  |TAMS 0x0000000083f00000, 0x0000000083e00000| Untracked 
|  37|0x0000000083f00000, 0x0000000084000000, 0x0000000084000000|100%| O|  |TAMS 0x0000000084000000, 0x0000000083f00000| Untracked 
|  38|0x0000000084000000, 0x0000000084100000, 0x0000000084100000|100%| O|  |TAMS 0x0000000084100000, 0x0000000084000000| Untracked 
|  39|0x0000000084100000, 0x0000000084200000, 0x0000000084200000|100%| O|  |TAMS 0x0000000084200000, 0x0000000084100000| Untracked 
|  40|0x0000000084200000, 0x0000000084300000, 0x0000000084300000|100%| O|  |TAMS 0x0000000084300000, 0x0000000084200000| Untracked 
|  41|0x0000000084300000, 0x0000000084400000, 0x0000000084400000|100%| O|  |TAMS 0x0000000084400000, 0x0000000084300000| Untracked 
|  42|0x0000000084400000, 0x0000000084500000, 0x0000000084500000|100%| O|  |TAMS 0x0000000084500000, 0x0000000084400000| Untracked 
|  43|0x0000000084500000, 0x0000000084600000, 0x0000000084600000|100%| O|  |TAMS 0x0000000084600000, 0x0000000084500000| Untracked 
|  44|0x0000000084600000, 0x0000000084600000, 0x0000000084700000|  0%| F|  |TAMS 0x0000000084600000, 0x0000000084600000| Untracked 
|  45|0x0000000084700000, 0x0000000084700000, 0x0000000084800000|  0%| F|  |TAMS 0x0000000084700000, 0x0000000084700000| Untracked 
|  46|0x0000000084800000, 0x0000000084800000, 0x0000000084900000|  0%| F|  |TAMS 0x0000000084800000, 0x0000000084800000| Untracked 
|  47|0x0000000084900000, 0x0000000084900000, 0x0000000084a00000|  0%| F|  |TAMS 0x0000000084900000, 0x0000000084900000| Untracked 
|  48|0x0000000084a00000, 0x0000000084a00000, 0x0000000084b00000|  0%| F|  |TAMS 0x0000000084a00000, 0x0000000084a00000| Untracked 
|  49|0x0000000084b00000, 0x0000000084b00000, 0x0000000084c00000|  0%| F|  |TAMS 0x0000000084b00000, 0x0000000084b00000| Untracked 
|  50|0x0000000084c00000, 0x0000000084c00000, 0x0000000084d00000|  0%| F|  |TAMS 0x0000000084c00000, 0x0000000084c00000| Untracked 
|  51|0x0000000084d00000, 0x0000000084d00000, 0x0000000084e00000|  0%| F|  |TAMS 0x0000000084d00000, 0x0000000084d00000| Untracked 
|  52|0x0000000084e00000, 0x0000000084e00000, 0x0000000084f00000|  0%| F|  |TAMS 0x0000000084e00000, 0x0000000084e00000| Untracked 
|  53|0x0000000084f00000, 0x0000000084f00000, 0x0000000085000000|  0%| F|  |TAMS 0x0000000084f00000, 0x0000000084f00000| Untracked 
|  54|0x0000000085000000, 0x0000000085000000, 0x0000000085100000|  0%| F|  |TAMS 0x0000000085000000, 0x0000000085000000| Untracked 
|  55|0x0000000085100000, 0x0000000085100000, 0x0000000085200000|  0%| F|  |TAMS 0x0000000085100000, 0x0000000085100000| Untracked 
|  56|0x0000000085200000, 0x0000000085200000, 0x0000000085300000|  0%| F|  |TAMS 0x0000000085200000, 0x0000000085200000| Untracked 
|  57|0x0000000085300000, 0x0000000085300000, 0x0000000085400000|  0%| F|  |TAMS 0x0000000085300000, 0x0000000085300000| Untracked 
|  58|0x0000000085400000, 0x0000000085400000, 0x0000000085500000|  0%| F|  |TAMS 0x0000000085400000, 0x0000000085400000| Untracked 
|  59|0x0000000085500000, 0x0000000085500000, 0x0000000085600000|  0%| F|  |TAMS 0x0000000085500000, 0x0000000085500000| Untracked 
|  60|0x0000000085600000, 0x0000000085600000, 0x0000000085700000|  0%| F|  |TAMS 0x0000000085600000, 0x0000000085600000| Untracked 
|  61|0x0000000085700000, 0x00000000857a4a90, 0x0000000085800000| 64%| S|CS|TAMS 0x0000000085700000, 0x0000000085700000| Complete 
|  62|0x0000000085800000, 0x0000000085800000, 0x0000000085900000|  0%| F|  |TAMS 0x0000000085800000, 0x0000000085800000| Untracked 
|  63|0x0000000085900000, 0x0000000085900000, 0x0000000085a00000|  0%| F|  |TAMS 0x0000000085900000, 0x0000000085900000| Untracked 
|  64|0x0000000085a00000, 0x0000000085a00000, 0x0000000085b00000|  0%| F|  |TAMS 0x0000000085a00000, 0x0000000085a00000| Untracked 
|  65|0x0000000085b00000, 0x0000000085b00000, 0x0000000085c00000|  0%| F|  |TAMS 0x0000000085b00000, 0x0000000085b00000| Untracked 
|  66|0x0000000085c00000, 0x0000000085c00000, 0x0000000085d00000|  0%| F|  |TAMS 0x0000000085c00000, 0x0000000085c00000| Untracked 
|  67|0x0000000085d00000, 0x0000000085d00000, 0x0000000085e00000|  0%| F|  |TAMS 0x0000000085d00000, 0x0000000085d00000| Untracked 
|  68|0x0000000085e00000, 0x0000000085e00000, 0x0000000085f00000|  0%| F|  |TAMS 0x0000000085e00000, 0x0000000085e00000| Untracked 
|  69|0x0000000085f00000, 0x0000000085f00000, 0x0000000086000000|  0%| F|  |TAMS 0x0000000085f00000, 0x0000000085f00000| Untracked 
|  70|0x0000000086000000, 0x0000000086000000, 0x0000000086100000|  0%| F|  |TAMS 0x0000000086000000, 0x0000000086000000| Untracked 
|  71|0x0000000086100000, 0x0000000086100000, 0x0000000086200000|  0%| F|  |TAMS 0x0000000086100000, 0x0000000086100000| Untracked 
|  72|0x0000000086200000, 0x0000000086200000, 0x0000000086300000|  0%| F|  |TAMS 0x0000000086200000, 0x0000000086200000| Untracked 
|  73|0x0000000086300000, 0x0000000086300000, 0x0000000086400000|  0%| F|  |TAMS 0x0000000086300000, 0x0000000086300000| Untracked 
|  74|0x0000000086400000, 0x0000000086400000, 0x0000000086500000|  0%| F|  |TAMS 0x0000000086400000, 0x0000000086400000| Untracked 
|  75|0x0000000086500000, 0x0000000086500000, 0x0000000086600000|  0%| F|  |TAMS 0x0000000086500000, 0x0000000086500000| Untracked 
|  76|0x0000000086600000, 0x0000000086600000, 0x0000000086700000|  0%| F|  |TAMS 0x0000000086600000, 0x0000000086600000| Untracked 
|  77|0x0000000086700000, 0x0000000086700000, 0x0000000086800000|  0%| F|  |TAMS 0x0000000086700000, 0x0000000086700000| Untracked 
|  78|0x0000000086800000, 0x0000000086800000, 0x0000000086900000|  0%| F|  |TAMS 0x0000000086800000, 0x0000000086800000| Untracked 
|  79|0x0000000086900000, 0x0000000086900000, 0x0000000086a00000|  0%| F|  |TAMS 0x0000000086900000, 0x0000000086900000| Untracked 
|  80|0x0000000086a00000, 0x0000000086a00000, 0x0000000086b00000|  0%| F|  |TAMS 0x0000000086a00000, 0x0000000086a00000| Untracked 
|  81|0x0000000086b00000, 0x0000000086b00000, 0x0000000086c00000|  0%| F|  |TAMS 0x0000000086b00000, 0x0000000086b00000| Untracked 
|  82|0x0000000086c00000, 0x0000000086c00000, 0x0000000086d00000|  0%| F|  |TAMS 0x0000000086c00000, 0x0000000086c00000| Untracked 
|  83|0x0000000086d00000, 0x0000000086d00000, 0x0000000086e00000|  0%| F|  |TAMS 0x0000000086d00000, 0x0000000086d00000| Untracked 
|  84|0x0000000086e00000, 0x0000000086e00000, 0x0000000086f00000|  0%| F|  |TAMS 0x0000000086e00000, 0x0000000086e00000| Untracked 
|  85|0x0000000086f00000, 0x0000000086f00000, 0x0000000087000000|  0%| F|  |TAMS 0x0000000086f00000, 0x0000000086f00000| Untracked 
|  86|0x0000000087000000, 0x0000000087000000, 0x0000000087100000|  0%| F|  |TAMS 0x0000000087000000, 0x0000000087000000| Untracked 
|  87|0x0000000087100000, 0x0000000087100000, 0x0000000087200000|  0%| F|  |TAMS 0x0000000087100000, 0x0000000087100000| Untracked 
|  88|0x0000000087200000, 0x0000000087200000, 0x0000000087300000|  0%| F|  |TAMS 0x0000000087200000, 0x0000000087200000| Untracked 
|  89|0x0000000087300000, 0x0000000087300000, 0x0000000087400000|  0%| F|  |TAMS 0x0000000087300000, 0x0000000087300000| Untracked 
|  90|0x0000000087400000, 0x0000000087400000, 0x0000000087500000|  0%| F|  |TAMS 0x0000000087400000, 0x0000000087400000| Untracked 
|  91|0x0000000087500000, 0x0000000087500000, 0x0000000087600000|  0%| F|  |TAMS 0x0000000087500000, 0x0000000087500000| Untracked 
|  92|0x0000000087600000, 0x0000000087600000, 0x0000000087700000|  0%| F|  |TAMS 0x0000000087600000, 0x0000000087600000| Untracked 
|  93|0x0000000087700000, 0x0000000087700000, 0x0000000087800000|  0%| F|  |TAMS 0x0000000087700000, 0x0000000087700000| Untracked 
|  94|0x0000000087800000, 0x0000000087800000, 0x0000000087900000|  0%| F|  |TAMS 0x0000000087800000, 0x0000000087800000| Untracked 
|  95|0x0000000087900000, 0x0000000087900000, 0x0000000087a00000|  0%| F|  |TAMS 0x0000000087900000, 0x0000000087900000| Untracked 
|  96|0x0000000087a00000, 0x0000000087a00000, 0x0000000087b00000|  0%| F|  |TAMS 0x0000000087a00000, 0x0000000087a00000| Untracked 
|  97|0x0000000087b00000, 0x0000000087b00000, 0x0000000087c00000|  0%| F|  |TAMS 0x0000000087b00000, 0x0000000087b00000| Untracked 
|  98|0x0000000087c00000, 0x0000000087c80800, 0x0000000087d00000| 50%| E|  |TAMS 0x0000000087c00000, 0x0000000087c00000| Complete 
|  99|0x0000000087d00000, 0x0000000087e00000, 0x0000000087e00000|100%| E|CS|TAMS 0x0000000087d00000, 0x0000000087d00000| Complete 
| 100|0x0000000087e00000, 0x0000000087f00000, 0x0000000087f00000|100%| E|CS|TAMS 0x0000000087e00000, 0x0000000087e00000| Complete 
| 101|0x0000000087f00000, 0x0000000088000000, 0x0000000088000000|100%| E|CS|TAMS 0x0000000087f00000, 0x0000000087f00000| Complete 
| 102|0x0000000088000000, 0x0000000088100000, 0x0000000088100000|100%| E|CS|TAMS 0x0000000088000000, 0x0000000088000000| Complete 
| 103|0x0000000088100000, 0x0000000088200000, 0x0000000088200000|100%| E|CS|TAMS 0x0000000088100000, 0x0000000088100000| Complete 
| 104|0x0000000088200000, 0x0000000088300000, 0x0000000088300000|100%| E|CS|TAMS 0x0000000088200000, 0x0000000088200000| Complete 
| 105|0x0000000088300000, 0x0000000088400000, 0x0000000088400000|100%| E|CS|TAMS 0x0000000088300000, 0x0000000088300000| Complete 
| 106|0x0000000088400000, 0x0000000088500000, 0x0000000088500000|100%| E|CS|TAMS 0x0000000088400000, 0x0000000088400000| Complete 
| 107|0x0000000088500000, 0x0000000088600000, 0x0000000088600000|100%| E|CS|TAMS 0x0000000088500000, 0x0000000088500000| Complete 
| 108|0x0000000088600000, 0x0000000088700000, 0x0000000088700000|100%| E|CS|TAMS 0x0000000088600000, 0x0000000088600000| Complete 
| 109|0x0000000088700000, 0x0000000088800000, 0x0000000088800000|100%| E|CS|TAMS 0x0000000088700000, 0x0000000088700000| Complete 
| 110|0x0000000088800000, 0x0000000088900000, 0x0000000088900000|100%| E|CS|TAMS 0x0000000088800000, 0x0000000088800000| Complete 
| 111|0x0000000088900000, 0x0000000088a00000, 0x0000000088a00000|100%| E|CS|TAMS 0x0000000088900000, 0x0000000088900000| Complete 
| 112|0x0000000088a00000, 0x0000000088b00000, 0x0000000088b00000|100%| E|CS|TAMS 0x0000000088a00000, 0x0000000088a00000| Complete 
| 113|0x0000000088b00000, 0x0000000088c00000, 0x0000000088c00000|100%| E|CS|TAMS 0x0000000088b00000, 0x0000000088b00000| Complete 
| 114|0x0000000088c00000, 0x0000000088d00000, 0x0000000088d00000|100%| E|CS|TAMS 0x0000000088c00000, 0x0000000088c00000| Complete 
| 115|0x0000000088d00000, 0x0000000088e00000, 0x0000000088e00000|100%| E|CS|TAMS 0x0000000088d00000, 0x0000000088d00000| Complete 
| 116|0x0000000088e00000, 0x0000000088f00000, 0x0000000088f00000|100%| E|CS|TAMS 0x0000000088e00000, 0x0000000088e00000| Complete 
| 117|0x0000000088f00000, 0x0000000089000000, 0x0000000089000000|100%| E|CS|TAMS 0x0000000088f00000, 0x0000000088f00000| Complete 
| 118|0x0000000089000000, 0x0000000089100000, 0x0000000089100000|100%| E|CS|TAMS 0x0000000089000000, 0x0000000089000000| Complete 
| 119|0x0000000089100000, 0x0000000089200000, 0x0000000089200000|100%| E|CS|TAMS 0x0000000089100000, 0x0000000089100000| Complete 
| 120|0x0000000089200000, 0x0000000089300000, 0x0000000089300000|100%| E|CS|TAMS 0x0000000089200000, 0x0000000089200000| Complete 
| 121|0x0000000089300000, 0x0000000089400000, 0x0000000089400000|100%| E|CS|TAMS 0x0000000089300000, 0x0000000089300000| Complete 
| 122|0x0000000089400000, 0x0000000089500000, 0x0000000089500000|100%| E|CS|TAMS 0x0000000089400000, 0x0000000089400000| Complete 
| 123|0x0000000089500000, 0x0000000089600000, 0x0000000089600000|100%| E|CS|TAMS 0x0000000089500000, 0x0000000089500000| Complete 
| 124|0x0000000089600000, 0x0000000089700000, 0x0000000089700000|100%| E|CS|TAMS 0x0000000089600000, 0x0000000089600000| Complete 
| 125|0x0000000089700000, 0x0000000089800000, 0x0000000089800000|100%| E|CS|TAMS 0x0000000089700000, 0x0000000089700000| Complete 
| 126|0x0000000089800000, 0x0000000089900000, 0x0000000089900000|100%| E|CS|TAMS 0x0000000089800000, 0x0000000089800000| Complete 
| 127|0x0000000089900000, 0x0000000089a00000, 0x0000000089a00000|100%| E|CS|TAMS 0x0000000089900000, 0x0000000089900000| Complete 
| 128|0x0000000089a00000, 0x0000000089b00000, 0x0000000089b00000|100%| E|CS|TAMS 0x0000000089a00000, 0x0000000089a00000| Complete 
| 129|0x0000000089b00000, 0x0000000089c00000, 0x0000000089c00000|100%| E|CS|TAMS 0x0000000089b00000, 0x0000000089b00000| Complete 
| 130|0x0000000089c00000, 0x0000000089d00000, 0x0000000089d00000|100%| E|CS|TAMS 0x0000000089c00000, 0x0000000089c00000| Complete 
| 131|0x0000000089d00000, 0x0000000089e00000, 0x0000000089e00000|100%| E|CS|TAMS 0x0000000089d00000, 0x0000000089d00000| Complete 
| 132|0x0000000089e00000, 0x0000000089f00000, 0x0000000089f00000|100%| E|CS|TAMS 0x0000000089e00000, 0x0000000089e00000| Complete 
| 133|0x0000000089f00000, 0x000000008a000000, 0x000000008a000000|100%| E|CS|TAMS 0x0000000089f00000, 0x0000000089f00000| Complete 
| 134|0x000000008a000000, 0x000000008a100000, 0x000000008a100000|100%| E|CS|TAMS 0x000000008a000000, 0x000000008a000000| Complete 
| 135|0x000000008a100000, 0x000000008a200000, 0x000000008a200000|100%| E|CS|TAMS 0x000000008a100000, 0x000000008a100000| Complete 
| 136|0x000000008a200000, 0x000000008a300000, 0x000000008a300000|100%| E|CS|TAMS 0x000000008a200000, 0x000000008a200000| Complete 
| 137|0x000000008a300000, 0x000000008a400000, 0x000000008a400000|100%| E|CS|TAMS 0x000000008a300000, 0x000000008a300000| Complete 
| 138|0x000000008a400000, 0x000000008a500000, 0x000000008a500000|100%| E|CS|TAMS 0x000000008a400000, 0x000000008a400000| Complete 
| 139|0x000000008a500000, 0x000000008a600000, 0x000000008a600000|100%| E|CS|TAMS 0x000000008a500000, 0x000000008a500000| Complete 
| 140|0x000000008a600000, 0x000000008a700000, 0x000000008a700000|100%| E|CS|TAMS 0x000000008a600000, 0x000000008a600000| Complete 
| 141|0x000000008a700000, 0x000000008a800000, 0x000000008a800000|100%| E|CS|TAMS 0x000000008a700000, 0x000000008a700000| Complete 
| 142|0x000000008a800000, 0x000000008a900000, 0x000000008a900000|100%| E|CS|TAMS 0x000000008a800000, 0x000000008a800000| Complete 
| 143|0x000000008a900000, 0x000000008aa00000, 0x000000008aa00000|100%| E|CS|TAMS 0x000000008a900000, 0x000000008a900000| Complete 
| 144|0x000000008aa00000, 0x000000008ab00000, 0x000000008ab00000|100%| E|CS|TAMS 0x000000008aa00000, 0x000000008aa00000| Complete 
| 145|0x000000008ab00000, 0x000000008ac00000, 0x000000008ac00000|100%| E|CS|TAMS 0x000000008ab00000, 0x000000008ab00000| Complete 
| 146|0x000000008ac00000, 0x000000008ad00000, 0x000000008ad00000|100%| E|CS|TAMS 0x000000008ac00000, 0x000000008ac00000| Complete 
| 147|0x000000008ad00000, 0x000000008ae00000, 0x000000008ae00000|100%| E|CS|TAMS 0x000000008ad00000, 0x000000008ad00000| Complete 
| 148|0x000000008ae00000, 0x000000008af00000, 0x000000008af00000|100%| E|CS|TAMS 0x000000008ae00000, 0x000000008ae00000| Complete 
| 149|0x000000008af00000, 0x000000008b000000, 0x000000008b000000|100%| E|CS|TAMS 0x000000008af00000, 0x000000008af00000| Complete 
| 150|0x000000008b000000, 0x000000008b100000, 0x000000008b100000|100%| E|CS|TAMS 0x000000008b000000, 0x000000008b000000| Complete 
| 151|0x000000008b100000, 0x000000008b200000, 0x000000008b200000|100%| E|CS|TAMS 0x000000008b100000, 0x000000008b100000| Complete 
| 152|0x000000008b200000, 0x000000008b300000, 0x000000008b300000|100%| E|CS|TAMS 0x000000008b200000, 0x000000008b200000| Complete 
| 153|0x000000008b300000, 0x000000008b400000, 0x000000008b400000|100%| E|CS|TAMS 0x000000008b300000, 0x000000008b300000| Complete 
| 154|0x000000008b400000, 0x000000008b500000, 0x000000008b500000|100%| E|CS|TAMS 0x000000008b400000, 0x000000008b400000| Complete 
| 155|0x000000008b500000, 0x000000008b600000, 0x000000008b600000|100%| E|CS|TAMS 0x000000008b500000, 0x000000008b500000| Complete 
| 156|0x000000008b600000, 0x000000008b700000, 0x000000008b700000|100%| E|CS|TAMS 0x000000008b600000, 0x000000008b600000| Complete 
| 157|0x000000008b700000, 0x000000008b800000, 0x000000008b800000|100%| E|CS|TAMS 0x000000008b700000, 0x000000008b700000| Complete 
| 158|0x000000008b800000, 0x000000008b900000, 0x000000008b900000|100%| E|CS|TAMS 0x000000008b800000, 0x000000008b800000| Complete 
| 159|0x000000008b900000, 0x000000008ba00000, 0x000000008ba00000|100%| E|CS|TAMS 0x000000008b900000, 0x000000008b900000| Complete 
| 160|0x000000008ba00000, 0x000000008bb00000, 0x000000008bb00000|100%| E|CS|TAMS 0x000000008ba00000, 0x000000008ba00000| Complete 
| 161|0x000000008bb00000, 0x000000008bc00000, 0x000000008bc00000|100%| E|CS|TAMS 0x000000008bb00000, 0x000000008bb00000| Complete 
| 162|0x000000008bc00000, 0x000000008bd00000, 0x000000008bd00000|100%| E|CS|TAMS 0x000000008bc00000, 0x000000008bc00000| Complete 
| 163|0x000000008bd00000, 0x000000008be00000, 0x000000008be00000|100%| E|CS|TAMS 0x000000008bd00000, 0x000000008bd00000| Complete 
| 164|0x000000008be00000, 0x000000008bf00000, 0x000000008bf00000|100%| E|CS|TAMS 0x000000008be00000, 0x000000008be00000| Complete 
| 165|0x000000008bf00000, 0x000000008c000000, 0x000000008c000000|100%| E|CS|TAMS 0x000000008bf00000, 0x000000008bf00000| Complete 
| 166|0x000000008c000000, 0x000000008c100000, 0x000000008c100000|100%| E|CS|TAMS 0x000000008c000000, 0x000000008c000000| Complete 
| 167|0x000000008c100000, 0x000000008c200000, 0x000000008c200000|100%| E|CS|TAMS 0x000000008c100000, 0x000000008c100000| Complete 
| 168|0x000000008c200000, 0x000000008c300000, 0x000000008c300000|100%| E|CS|TAMS 0x000000008c200000, 0x000000008c200000| Complete 
| 169|0x000000008c300000, 0x000000008c400000, 0x000000008c400000|100%| E|CS|TAMS 0x000000008c300000, 0x000000008c300000| Complete 
|2021|0x00000000fff00000, 0x0000000100000000, 0x0000000100000000|100%| O|  |TAMS 0x0000000100000000, 0x00000000fff00000| Untracked 

Card table byte_map: [0x0000018a74bc0000,0x0000018a74fc0000] _byte_map_base: 0x0000018a747b3000

Marking Bits (Prev, Next): (CMBitMap*) 0x0000018a62347c60, (CMBitMap*) 0x0000018a62347ca0
 Prev Bits: [0x0000018a753c0000, 0x0000018a77358000)
 Next Bits: [0x0000018a77360000, 0x0000018a792f8000)

Polling page: 0x0000018a601b0000

Metaspace:

Usage:
  Non-class:     54.18 MB used.
      Class:      7.31 MB used.
       Both:     61.49 MB used.

Virtual space:
  Non-class space:       56.00 MB reserved,      54.31 MB ( 97%) committed,  7 nodes.
      Class space:        1.00 GB reserved,       7.44 MB ( <1%) committed,  1 nodes.
             Both:        1.05 GB reserved,      61.75 MB (  6%) committed. 

Chunk freelists:
   Non-Class:  1.33 MB
       Class:  560.00 KB
        Both:  1.88 MB

MaxMetaspaceSize: unlimited
CompressedClassSpaceSize: 1.00 GB
Initial GC threshold: 21.00 MB
Current GC threshold: 90.75 MB
CDS: off
MetaspaceReclaimPolicy: balanced
 - commit_granule_bytes: 65536.
 - commit_granule_words: 8192.
 - virtual_space_node_default_size: 1048576.
 - enlarge_chunks_in_place: 1.
 - new_chunks_are_fully_committed: 0.
 - uncommit_free_chunks: 1.
 - use_allocation_guard: 0.
 - handle_deallocations: 1.


Internal statistics:

num_allocs_failed_limit: 9.
num_arena_births: 292.
num_arena_deaths: 0.
num_vsnodes_births: 8.
num_vsnodes_deaths: 0.
num_space_committed: 986.
num_space_uncommitted: 0.
num_chunks_returned_to_freelist: 9.
num_chunks_taken_from_freelist: 2273.
num_chunk_merges: 9.
num_chunk_splits: 1834.
num_chunks_enlarged: 1617.
num_purges: 0.
num_inconsistent_stats: 0.

CodeHeap 'non-profiled nmethods': size=120000Kb used=3189Kb max_used=3189Kb free=116810Kb
 bounds [0x0000018a6d290000, 0x0000018a6d5b0000, 0x0000018a747c0000]
CodeHeap 'profiled nmethods': size=120000Kb used=15566Kb max_used=15566Kb free=104433Kb
 bounds [0x0000018a657c0000, 0x0000018a66700000, 0x0000018a6ccf0000]
CodeHeap 'non-nmethods': size=5760Kb used=1291Kb max_used=1344Kb free=4468Kb
 bounds [0x0000018a6ccf0000, 0x0000018a6cf60000, 0x0000018a6d290000]
 total_blobs=7443 nmethods=6839 adapters=515
 compilation: enabled
              stopped_count=0, restarted_count=0
 full_count=0

Compilation events (20 events):
Event: 11.032 Thread 0x0000018a7c43e890 7819       3       org.jetbrains.kotlin.com.intellij.util.ArrayUtil::insert (57 bytes)
Event: 11.033 Thread 0x0000018a7c43e890 nmethod 7819 0x0000018a666e0610 code [0x0000018a666e08a0, 0x0000018a666e1478]
Event: 11.033 Thread 0x0000018a7c43e890 7820       3       org.jetbrains.kotlin.load.java.lazy.descriptors.LazyJavaClassMemberScope$nestedClasses$1::invoke (9 bytes)
Event: 11.034 Thread 0x0000018a7c43e890 nmethod 7820 0x0000018a666e1790 code [0x0000018a666e1940, 0x0000018a666e1b68]
Event: 11.034 Thread 0x0000018a7c43e890 7821       3       org.jetbrains.kotlin.load.java.lazy.descriptors.LazyJavaClassMemberScope$nestedClasses$1::invoke (466 bytes)
Event: 11.040 Thread 0x0000018a7c43e890 nmethod 7821 0x0000018a666e1c10 code [0x0000018a666e24c0, 0x0000018a666e7158]
Event: 11.040 Thread 0x0000018a7c43e890 7824       3       org.jetbrains.kotlin.resolve.ObservableBindingTrace::getBindingContext (18 bytes)
Event: 11.040 Thread 0x0000018a7c43e890 nmethod 7824 0x0000018a666e8e90 code [0x0000018a666e9040, 0x0000018a666e9278]
Event: 11.040 Thread 0x0000018a7c43e890 7825       3       org.jetbrains.kotlin.resolve.calls.smartcasts.DataFlowValueFactoryImpl::isComplexExpression (97 bytes)
Event: 11.041 Thread 0x0000018a7c43e890 nmethod 7825 0x0000018a666e9390 code [0x0000018a666e9600, 0x0000018a666ea348]
Event: 11.041 Thread 0x0000018a7c43e890 7822       3       org.jetbrains.kotlin.resolve.jvm.checkers.JavaNullabilityChecker::doCheckType (74 bytes)
Event: 11.043 Thread 0x0000018a7c43e890 nmethod 7822 0x0000018a666ea610 code [0x0000018a666eaa40, 0x0000018a666ec4e8]
Event: 11.043 Thread 0x0000018a7c43e890 7823       3       org.jetbrains.kotlin.resolve.calls.tower.NewResolvedCallImpl::getTypeArguments (91 bytes)
Event: 11.045 Thread 0x0000018a7c43e890 nmethod 7823 0x0000018a666ece10 code [0x0000018a666ed1a0, 0x0000018a666ee758]
Event: 11.057 Thread 0x0000018a7fdde120 nmethod 7788 0x0000018a6d5ab090 code [0x0000018a6d5ab2e0, 0x0000018a6d5acc90]
Event: 11.057 Thread 0x0000018a7fdde120 7803       4       org.jetbrains.kotlin.resolve.OverridingUtil::filterOverrides (257 bytes)
Event: 11.075 Thread 0x0000018a7c43e890 7826       3       org.jetbrains.kotlin.psi.KtBlockExpression::getParent (18 bytes)
Event: 11.076 Thread 0x0000018a7c43e890 nmethod 7826 0x0000018a666eee90 code [0x0000018a666ef120, 0x0000018a666efdb8]
Event: 11.076 Thread 0x0000018a7c43e890 7827       3       org.jetbrains.kotlin.com.intellij.psi.impl.source.tree.LazyParseablePsiElement::getParent (28 bytes)
Event: 11.077 Thread 0x0000018a7c43e890 nmethod 7827 0x0000018a666f0190 code [0x0000018a666f0360, 0x0000018a666f0788]

GC Heap History (20 events):
Event: 5.196 GC heap before
{Heap before GC invocations=14 (full 0):
 garbage-first heap   total 51200K, used 30126K [0x0000000081a00000, 0x0000000100000000)
  region size 1024K, 9 young (9216K), 3 survivors (3072K)
 Metaspace       used 49449K, committed 49728K, reserved 1097728K
  class space    used 6016K, committed 6144K, reserved 1048576K
}
Event: 5.205 GC heap after
{Heap after GC invocations=15 (full 0):
 garbage-first heap   total 51200K, used 26888K [0x0000000081a00000, 0x0000000100000000)
  region size 1024K, 1 young (1024K), 1 survivors (1024K)
 Metaspace       used 49449K, committed 49728K, reserved 1097728K
  class space    used 6016K, committed 6144K, reserved 1048576K
}
Event: 5.364 GC heap before
{Heap before GC invocations=16 (full 0):
 garbage-first heap   total 53248K, used 40200K [0x0000000081a00000, 0x0000000100000000)
  region size 1024K, 14 young (14336K), 1 survivors (1024K)
 Metaspace       used 49487K, committed 49728K, reserved 1097728K
  class space    used 6017K, committed 6144K, reserved 1048576K
}
Event: 5.367 GC heap after
{Heap after GC invocations=17 (full 0):
 garbage-first heap   total 53248K, used 27171K [0x0000000081a00000, 0x0000000100000000)
  region size 1024K, 2 young (2048K), 2 survivors (2048K)
 Metaspace       used 49487K, committed 49728K, reserved 1097728K
  class space    used 6017K, committed 6144K, reserved 1048576K
}
Event: 5.631 GC heap before
{Heap before GC invocations=17 (full 0):
 garbage-first heap   total 53248K, used 40483K [0x0000000081a00000, 0x0000000100000000)
  region size 1024K, 15 young (15360K), 2 survivors (2048K)
 Metaspace       used 50383K, committed 50624K, reserved 1097728K
  class space    used 6097K, committed 6208K, reserved 1048576K
}
Event: 5.637 GC heap after
{Heap after GC invocations=18 (full 0):
 garbage-first heap   total 71680K, used 28037K [0x0000000081a00000, 0x0000000100000000)
  region size 1024K, 2 young (2048K), 2 survivors (2048K)
 Metaspace       used 50383K, committed 50624K, reserved 1097728K
  class space    used 6097K, committed 6208K, reserved 1048576K
}
Event: 6.514 GC heap before
{Heap before GC invocations=19 (full 0):
 garbage-first heap   total 71680K, used 55685K [0x0000000081a00000, 0x0000000100000000)
  region size 1024K, 29 young (29696K), 2 survivors (2048K)
 Metaspace       used 52954K, committed 53184K, reserved 1097728K
  class space    used 6360K, committed 6464K, reserved 1048576K
}
Event: 6.531 GC heap after
{Heap after GC invocations=20 (full 0):
 garbage-first heap   total 71680K, used 32565K [0x0000000081a00000, 0x0000000100000000)
  region size 1024K, 4 young (4096K), 4 survivors (4096K)
 Metaspace       used 52954K, committed 53184K, reserved 1097728K
  class space    used 6360K, committed 6464K, reserved 1048576K
}
Event: 7.373 GC heap before
{Heap before GC invocations=20 (full 0):
 garbage-first heap   total 71680K, used 55093K [0x0000000081a00000, 0x0000000100000000)
  region size 1024K, 26 young (26624K), 4 survivors (4096K)
 Metaspace       used 54342K, committed 54592K, reserved 1097728K
  class space    used 6434K, committed 6528K, reserved 1048576K
}
Event: 7.397 GC heap after
{Heap after GC invocations=21 (full 0):
 garbage-first heap   total 71680K, used 36960K [0x0000000081a00000, 0x0000000100000000)
  region size 1024K, 4 young (4096K), 4 survivors (4096K)
 Metaspace       used 54342K, committed 54592K, reserved 1097728K
  class space    used 6434K, committed 6528K, reserved 1048576K
}
Event: 7.915 GC heap before
{Heap before GC invocations=21 (full 0):
 garbage-first heap   total 71680K, used 55392K [0x0000000081a00000, 0x0000000100000000)
  region size 1024K, 22 young (22528K), 4 survivors (4096K)
 Metaspace       used 54619K, committed 54848K, reserved 1097728K
  class space    used 6441K, committed 6528K, reserved 1048576K
}
Event: 7.935 GC heap after
{Heap after GC invocations=22 (full 0):
 garbage-first heap   total 71680K, used 40261K [0x0000000081a00000, 0x0000000100000000)
  region size 1024K, 3 young (3072K), 3 survivors (3072K)
 Metaspace       used 54619K, committed 54848K, reserved 1097728K
  class space    used 6441K, committed 6528K, reserved 1048576K
}
Event: 8.320 GC heap before
{Heap before GC invocations=23 (full 0):
 garbage-first heap   total 75776K, used 54597K [0x0000000081a00000, 0x0000000100000000)
  region size 1024K, 18 young (18432K), 3 survivors (3072K)
 Metaspace       used 54826K, committed 55040K, reserved 1097728K
  class space    used 6448K, committed 6528K, reserved 1048576K
}
Event: 8.333 GC heap after
{Heap after GC invocations=24 (full 0):
 garbage-first heap   total 75776K, used 43328K [0x0000000081a00000, 0x0000000100000000)
  region size 1024K, 3 young (3072K), 3 survivors (3072K)
 Metaspace       used 54826K, committed 55040K, reserved 1097728K
  class space    used 6448K, committed 6528K, reserved 1048576K
}
Event: 8.550 GC heap before
{Heap before GC invocations=24 (full 0):
 garbage-first heap   total 75776K, used 58688K [0x0000000081a00000, 0x0000000100000000)
  region size 1024K, 18 young (18432K), 3 survivors (3072K)
 Metaspace       used 54912K, committed 55104K, reserved 1097728K
  class space    used 6448K, committed 6528K, reserved 1048576K
}
Event: 8.564 GC heap after
{Heap after GC invocations=25 (full 0):
 garbage-first heap   total 75776K, used 46378K [0x0000000081a00000, 0x0000000100000000)
  region size 1024K, 3 young (3072K), 3 survivors (3072K)
 Metaspace       used 54912K, committed 55104K, reserved 1097728K
  class space    used 6448K, committed 6528K, reserved 1048576K
}
Event: 8.787 GC heap before
{Heap before GC invocations=26 (full 0):
 garbage-first heap   total 87040K, used 59690K [0x0000000081a00000, 0x0000000100000000)
  region size 1024K, 16 young (16384K), 3 survivors (3072K)
 Metaspace       used 55086K, committed 55360K, reserved 1097728K
  class space    used 6469K, committed 6592K, reserved 1048576K
}
Event: 8.795 GC heap after
{Heap after GC invocations=27 (full 0):
 garbage-first heap   total 87040K, used 46873K [0x0000000081a00000, 0x0000000100000000)
  region size 1024K, 1 young (1024K), 1 survivors (1024K)
 Metaspace       used 55086K, committed 55360K, reserved 1097728K
  class space    used 6469K, committed 6592K, reserved 1048576K
}
Event: 8.866 GC heap before
{Heap before GC invocations=27 (full 0):
 garbage-first heap   total 87040K, used 68377K [0x0000000081a00000, 0x0000000100000000)
  region size 1024K, 22 young (22528K), 1 survivors (1024K)
 Metaspace       used 55098K, committed 55360K, reserved 1097728K
  class space    used 6470K, committed 6592K, reserved 1048576K
}
Event: 8.869 GC heap after
{Heap after GC invocations=28 (full 0):
 garbage-first heap   total 175104K, used 46713K [0x0000000081a00000, 0x0000000100000000)
  region size 1024K, 1 young (1024K), 1 survivors (1024K)
 Metaspace       used 55098K, committed 55360K, reserved 1097728K
  class space    used 6470K, committed 6592K, reserved 1048576K
}

Dll operation events (2 events):
Event: 0.007 Loaded shared library C:\Program Files\Android\Android Studio\jbr\bin\java.dll
Event: 2.046 Loaded shared library C:\Program Files\Android\Android Studio\jbr\bin\verify.dll

Deoptimization events (20 events):
Event: 11.076 Thread 0x0000018a622ea840 Uncommon trap: reason=class_check action=maybe_recompile pc=0x0000018a6d41059c method=java.util.Collections$UnmodifiableCollection$1.hasNext()Z @ 4 c2
Event: 11.076 Thread 0x0000018a622ea840 DEOPT PACKING pc=0x0000018a6d41059c sp=0x00000048f46fab30
Event: 11.076 Thread 0x0000018a622ea840 DEOPT UNPACKING pc=0x0000018a6cd469a3 sp=0x00000048f46faac0 mode 2
Event: 11.077 Thread 0x0000018a622ea840 Uncommon trap: trap_request=0xffffffde fr.pc=0x0000018a6d41059c relative=0x000000000000007c
Event: 11.077 Thread 0x0000018a622ea840 Uncommon trap: reason=class_check action=maybe_recompile pc=0x0000018a6d41059c method=java.util.Collections$UnmodifiableCollection$1.hasNext()Z @ 4 c2
Event: 11.077 Thread 0x0000018a622ea840 DEOPT PACKING pc=0x0000018a6d41059c sp=0x00000048f46fab20
Event: 11.077 Thread 0x0000018a622ea840 DEOPT UNPACKING pc=0x0000018a6cd469a3 sp=0x00000048f46faab0 mode 2
Event: 11.077 Thread 0x0000018a622ea840 Uncommon trap: trap_request=0xffffffde fr.pc=0x0000018a6d48bd5c relative=0x00000000000000bc
Event: 11.077 Thread 0x0000018a622ea840 Uncommon trap: reason=class_check action=maybe_recompile pc=0x0000018a6d48bd5c method=java.util.Collections$UnmodifiableCollection$1.next()Ljava/lang/Object; @ 4 c2
Event: 11.077 Thread 0x0000018a622ea840 DEOPT PACKING pc=0x0000018a6d48bd5c sp=0x00000048f46fab00
Event: 11.077 Thread 0x0000018a622ea840 DEOPT UNPACKING pc=0x0000018a6cd469a3 sp=0x00000048f46faab0 mode 2
Event: 11.077 Thread 0x0000018a622ea840 Uncommon trap: trap_request=0xffffffde fr.pc=0x0000018a6d41059c relative=0x000000000000007c
Event: 11.077 Thread 0x0000018a622ea840 Uncommon trap: reason=class_check action=maybe_recompile pc=0x0000018a6d41059c method=java.util.Collections$UnmodifiableCollection$1.hasNext()Z @ 4 c2
Event: 11.077 Thread 0x0000018a622ea840 DEOPT PACKING pc=0x0000018a6d41059c sp=0x00000048f46fab20
Event: 11.077 Thread 0x0000018a622ea840 DEOPT UNPACKING pc=0x0000018a6cd469a3 sp=0x00000048f46faab0 mode 2
Event: 11.077 Thread 0x0000018a622ea840 Uncommon trap: trap_request=0xffffffc6 fr.pc=0x0000018a6d338314 relative=0x0000000000000074
Event: 11.077 Thread 0x0000018a622ea840 Uncommon trap: reason=bimorphic_or_optimized_type_check action=maybe_recompile pc=0x0000018a6d338314 method=java.util.Collections$UnmodifiableCollection.size()I @ 4 c2
Event: 11.077 Thread 0x0000018a622ea840 DEOPT PACKING pc=0x0000018a6d338314 sp=0x00000048f46faad0
Event: 11.077 Thread 0x0000018a622ea840 DEOPT UNPACKING pc=0x0000018a6cd469a3 sp=0x00000048f46faa58 mode 2
Event: 11.077 Thread 0x0000018a622ea840 Uncommon trap: trap_request=0xffffffc6 fr.pc=0x0000018a6d338314 relative=0x0000000000000074

Classes unloaded (0 events):
No events

Classes redefined (0 events):
No events

Internal exceptions (20 events):
Event: 9.795 Thread 0x0000018a622ea840 Exception <a 'java/lang/IncompatibleClassChangeError'{0x000000008969b158}: Found class java.lang.Object, but interface was expected> (0x000000008969b158) 
thrown [s\src\hotspot\share\interpreter\linkResolver.cpp, line 838]
Event: 10.077 Thread 0x0000018a622ea840 Exception <a 'java/lang/NoSuchMethodError'{0x000000008908d5c8}: 'int java.lang.invoke.DirectMethodHandle$Holder.invokeStaticInit(java.lang.Object, int)'> (0x000000008908d5c8) 
thrown [s\src\hotspot\share\interpreter\linkResolver.cpp, line 771]
Event: 10.297 Thread 0x0000018a622ea840 Implicit null exception at 0x0000018a6d4ba48c to 0x0000018a6d4c1514
Event: 10.297 Thread 0x0000018a622ea840 Implicit null exception at 0x0000018a6d4ba48c to 0x0000018a6d4c1514
Event: 10.297 Thread 0x0000018a622ea840 Implicit null exception at 0x0000018a6d4ba48c to 0x0000018a6d4c1514
Event: 10.297 Thread 0x0000018a622ea840 Implicit null exception at 0x0000018a6d4ba48c to 0x0000018a6d4c1514
Event: 10.297 Thread 0x0000018a622ea840 Implicit null exception at 0x0000018a6d4ba48c to 0x0000018a6d4c1514
Event: 10.297 Thread 0x0000018a622ea840 Implicit null exception at 0x0000018a6d4ba48c to 0x0000018a6d4c1514
Event: 10.297 Thread 0x0000018a622ea840 Implicit null exception at 0x0000018a6d4ba48c to 0x0000018a6d4c1514
Event: 10.297 Thread 0x0000018a622ea840 Implicit null exception at 0x0000018a6d4ba48c to 0x0000018a6d4c1514
Event: 10.297 Thread 0x0000018a622ea840 Implicit null exception at 0x0000018a6d4ba48c to 0x0000018a6d4c1514
Event: 10.297 Thread 0x0000018a622ea840 Implicit null exception at 0x0000018a6d4ba48c to 0x0000018a6d4c1514
Event: 10.297 Thread 0x0000018a622ea840 Implicit null exception at 0x0000018a6d4ba48c to 0x0000018a6d4c1514
Event: 10.297 Thread 0x0000018a622ea840 Implicit null exception at 0x0000018a6d4ba48c to 0x0000018a6d4c1514
Event: 10.355 Thread 0x0000018a622ea840 Implicit null exception at 0x0000018a6d52325e to 0x0000018a6d5234a4
Event: 10.421 Thread 0x0000018a622ea840 Exception <a 'java/lang/NoSuchMethodError'{0x0000000088912bd8}: 'java.lang.Object java.lang.invoke.DirectMethodHandle$Holder.invokeStatic(java.lang.Object, int, java.lang.Object)'> (0x0000000088912bd8) 
thrown [s\src\hotspot\share\interpreter\linkResolver.cpp, line 771]
Event: 10.434 Thread 0x0000018a622ea840 Exception <a 'java/lang/NoSuchMethodError'{0x0000000088953de8}: 'java.lang.Object java.lang.invoke.DirectMethodHandle$Holder.newInvokeSpecial(java.lang.Object, java.lang.Object, java.lang.Object, java.lang.Object, java.lang.Object, java.lang.Object, java.lang.Object)'> (0x0000000088953de8) 
thrown [s\src\hotspot\share\interpreter\linkResolver.cpp, line 771]
Event: 10.435 Thread 0x0000018a622ea840 Exception <a 'java/lang/NoSuchMethodError'{0x00000000889589a0}: 'java.lang.Object java.lang.invoke.Invokers$Holder.linkToTargetMethod(java.lang.Object, java.lang.Object, java.lang.Object, java.lang.Object, java.lang.Object, java.lang.Object, java.lang.Object)'> (0x00000000889589a0) 
thrown [s\src\hotspot\share\interpreter\linkResolver.cpp, line 771]
Event: 10.478 Thread 0x0000018a622ea840 Exception <a 'java/lang/NoSuchMethodError'{0x00000000889d4db8}: 'java.lang.Object java.lang.invoke.DirectMethodHandle$Holder.invokeInterface(java.lang.Object, java.lang.Object, java.lang.Object)'> (0x00000000889d4db8) 
thrown [s\src\hotspot\share\interpreter\linkResolver.cpp, line 771]
Event: 10.479 Thread 0x0000018a622ea840 Exception <a 'java/lang/IncompatibleClassChangeError'{0x00000000889d8728}: Found class java.lang.Object, but interface was expected> (0x00000000889d8728) 
thrown [s\src\hotspot\share\interpreter\linkResolver.cpp, line 838]

VM Operations (20 events):
Event: 10.783 Executing VM operation: ICBufferFull
Event: 10.783 Executing VM operation: ICBufferFull done
Event: 10.885 Executing VM operation: ICBufferFull
Event: 10.885 Executing VM operation: ICBufferFull done
Event: 10.982 Executing VM operation: HandshakeAllThreads
Event: 10.982 Executing VM operation: HandshakeAllThreads done
Event: 10.985 Executing VM operation: HandshakeAllThreads
Event: 10.985 Executing VM operation: HandshakeAllThreads done
Event: 10.987 Executing VM operation: HandshakeAllThreads
Event: 10.987 Executing VM operation: HandshakeAllThreads done
Event: 10.987 Executing VM operation: HandshakeAllThreads
Event: 10.988 Executing VM operation: HandshakeAllThreads done
Event: 10.990 Executing VM operation: HandshakeAllThreads
Event: 10.990 Executing VM operation: HandshakeAllThreads done
Event: 11.000 Executing VM operation: HandshakeAllThreads
Event: 11.001 Executing VM operation: HandshakeAllThreads done
Event: 11.002 Executing VM operation: HandshakeAllThreads
Event: 11.002 Executing VM operation: HandshakeAllThreads done
Event: 11.009 Executing VM operation: ICBufferFull
Event: 11.009 Executing VM operation: ICBufferFull done

Events (20 events):
Event: 9.725 loading class java/util/stream/Node$OfPrimitive
Event: 9.725 loading class java/util/stream/Node$OfPrimitive done
Event: 9.725 loading class java/util/stream/Node$OfInt done
Event: 9.725 loading class java/util/stream/Nodes$EmptyNode$OfInt done
Event: 9.725 loading class java/util/stream/Nodes$EmptyNode$OfLong
Event: 9.725 loading class java/util/stream/Node$OfLong
Event: 9.725 loading class java/util/stream/Node$OfLong done
Event: 9.725 loading class java/util/stream/Nodes$EmptyNode$OfLong done
Event: 9.726 loading class java/util/stream/Nodes$EmptyNode$OfDouble
Event: 9.726 loading class java/util/stream/Node$OfDouble
Event: 9.726 loading class java/util/stream/Node$OfDouble done
Event: 9.726 loading class java/util/stream/Nodes$EmptyNode$OfDouble done
Event: 9.726 loading class java/util/stream/Nodes$SpinedNodeBuilder
Event: 9.726 loading class java/util/stream/Node$Builder
Event: 9.726 loading class java/util/stream/Node$Builder done
Event: 9.726 loading class java/util/stream/SpinedBuffer
Event: 9.727 loading class java/util/stream/AbstractSpinedBuffer
Event: 9.727 loading class java/util/stream/AbstractSpinedBuffer done
Event: 9.727 loading class java/util/stream/SpinedBuffer done
Event: 9.727 loading class java/util/stream/Nodes$SpinedNodeBuilder done


Dynamic libraries:
0x00007ff7cda20000 - 0x00007ff7cda2a000 	C:\Program Files\Android\Android Studio\jbr\bin\java.exe
0x00007ff97b3b0000 - 0x00007ff97b5a7000 	C:\Windows\SYSTEM32\ntdll.dll
0x00007ff97a8d0000 - 0x00007ff97a98d000 	C:\Windows\System32\KERNEL32.DLL
0x00007ff978b30000 - 0x00007ff978e26000 	C:\Windows\System32\KERNELBASE.dll
0x00007ff978f80000 - 0x00007ff979080000 	C:\Windows\System32\ucrtbase.dll
0x00007ff967120000 - 0x00007ff967137000 	C:\Program Files\Android\Android Studio\jbr\bin\jli.dll
0x00007ff973f40000 - 0x00007ff973f5b000 	C:\Program Files\Android\Android Studio\jbr\bin\VCRUNTIME140.dll
0x00007ff979bb0000 - 0x00007ff979d4e000 	C:\Windows\System32\USER32.dll
0x00007ff978f50000 - 0x00007ff978f72000 	C:\Windows\System32\win32u.dll
0x00007ff96b6e0000 - 0x00007ff96b97a000 	C:\Windows\WinSxS\amd64_microsoft.windows.common-controls_6595b64144ccf1df_6.0.19041.3570_none_60bb2a3971f3e41a\COMCTL32.dll
0x00007ff979b80000 - 0x00007ff979bac000 	C:\Windows\System32\GDI32.dll
0x00007ff97ad10000 - 0x00007ff97adae000 	C:\Windows\System32\msvcrt.dll
0x00007ff978e30000 - 0x00007ff978f4a000 	C:\Windows\System32\gdi32full.dll
0x00007ff979110000 - 0x00007ff9791ad000 	C:\Windows\System32\msvcp_win.dll
0x00007ff979510000 - 0x00007ff979540000 	C:\Windows\System32\IMM32.DLL
0x00007ff9725b0000 - 0x00007ff9725bc000 	C:\Program Files\Android\Android Studio\jbr\bin\vcruntime140_1.dll
0x00007ff94a740000 - 0x00007ff94a7cd000 	C:\Program Files\Android\Android Studio\jbr\bin\msvcp140.dll
0x00007ff92fa50000 - 0x00007ff9306be000 	C:\Program Files\Android\Android Studio\jbr\bin\server\jvm.dll
0x00007ff9799b0000 - 0x00007ff979a5e000 	C:\Windows\System32\ADVAPI32.dll
0x00007ff979410000 - 0x00007ff9794ac000 	C:\Windows\System32\sechost.dll
0x00007ff97a730000 - 0x00007ff97a856000 	C:\Windows\System32\RPCRT4.dll
0x00007ff961820000 - 0x00007ff961829000 	C:\Windows\SYSTEM32\WSOCK32.dll
0x00007ff96b9a0000 - 0x00007ff96b9c7000 	C:\Windows\SYSTEM32\WINMM.dll
0x00007ff968430000 - 0x00007ff96843a000 	C:\Windows\SYSTEM32\VERSION.dll
0x00007ff97a990000 - 0x00007ff97a9fb000 	C:\Windows\System32\WS2_32.dll
0x00007ff976b10000 - 0x00007ff976b22000 	C:\Windows\SYSTEM32\kernel.appcore.dll
0x00007ff973f30000 - 0x00007ff973f3a000 	C:\Program Files\Android\Android Studio\jbr\bin\jimage.dll
0x00007ff964400000 - 0x00007ff9645e4000 	C:\Windows\SYSTEM32\DBGHELP.DLL
0x00007ff9643c0000 - 0x00007ff9643f4000 	C:\Windows\SYSTEM32\dbgcore.DLL
0x00007ff979080000 - 0x00007ff979102000 	C:\Windows\System32\bcryptPrimitives.dll
0x00007ff972550000 - 0x00007ff972575000 	C:\Program Files\Android\Android Studio\jbr\bin\java.dll
0x00007ff971320000 - 0x00007ff971338000 	C:\Program Files\Android\Android Studio\jbr\bin\zip.dll
0x00007ff979e30000 - 0x00007ff97a574000 	C:\Windows\System32\SHELL32.dll
0x00007ff976b30000 - 0x00007ff9772cb000 	C:\Windows\SYSTEM32\windows.storage.dll
0x00007ff97b010000 - 0x00007ff97b364000 	C:\Windows\System32\combase.dll
0x00007ff978460000 - 0x00007ff97848d000 	C:\Windows\SYSTEM32\Wldp.dll
0x00007ff97ac30000 - 0x00007ff97acdd000 	C:\Windows\System32\SHCORE.dll
0x00007ff9794b0000 - 0x00007ff979505000 	C:\Windows\System32\shlwapi.dll
0x00007ff9789c0000 - 0x00007ff9789e5000 	C:\Windows\SYSTEM32\profapi.dll
0x00007ff96b390000 - 0x00007ff96b3a9000 	C:\Program Files\Android\Android Studio\jbr\bin\net.dll
0x00007ff96e440000 - 0x00007ff96e54a000 	C:\Windows\SYSTEM32\WINHTTP.dll
0x00007ff9781c0000 - 0x00007ff97822a000 	C:\Windows\system32\mswsock.dll
0x00007ff96b370000 - 0x00007ff96b386000 	C:\Program Files\Android\Android Studio\jbr\bin\nio.dll
0x00007ff972540000 - 0x00007ff972550000 	C:\Program Files\Android\Android Studio\jbr\bin\verify.dll

dbghelp: loaded successfully - version: 4.0.5 - missing functions: none
symbol engine: initialized successfully - sym options: 0x614 - pdb path: .;C:\Program Files\Android\Android Studio\jbr\bin;C:\Windows\SYSTEM32;C:\Windows\WinSxS\amd64_microsoft.windows.common-controls_6595b64144ccf1df_6.0.19041.3570_none_60bb2a3971f3e41a;C:\Program Files\Android\Android Studio\jbr\bin\server

VM Arguments:
java_command: org.jetbrains.kotlin.cli.jvm.K2JVMCompiler @C:\Users\refrizar.dwiardito\AndroidStudioProjects\Catwell\app\build\20231018_5808851688876907112.compiler.options
java_class_path (initial): C:\Users\refrizar.dwiardito\.jdks\openjdk-21\caches\modules-2\files-2.1\org.jetbrains.kotlin\kotlin-compiler-embeddable\1.9.0\2c8c3a7402becca891f12739b3e9fd2dc2adbd7a\kotlin-compiler-embeddable-1.9.0.jar;C:\Users\refrizar.dwiardito\.jdks\openjdk-21\caches\modules-2\files-2.1\org.jetbrains.kotlin\kotlin-stdlib\1.9.0\8ee15ef0c67dc83d874f412d84378d7f0eb50b63\kotlin-stdlib-1.9.0.jar;C:\Users\refrizar.dwiardito\.jdks\openjdk-21\caches\modules-2\files-2.1\org.jetbrains.kotlin\kotlin-script-runtime\1.9.0\4b3102cbbb7e1b58d9d1adf89563f00069ffa7d1\kotlin-script-runtime-1.9.0.jar;C:\Users\refrizar.dwiardito\.jdks\openjdk-21\caches\modules-2\files-2.1\org.jetbrains.kotlin\kotlin-reflect\1.6.10\1cbe9c92c12a94eea200d23c2bbaedaf3daf5132\kotlin-reflect-1.6.10.jar;C:\Users\refrizar.dwiardito\.jdks\openjdk-21\caches\modules-2\files-2.1\org.jetbrains.kotlin\kotlin-daemon-embeddable\1.9.0\186543f5e28cf8d9a0290fecc2cf34301c40a65c\kotlin-daemon-embeddable-1.9.0.jar;C:\Users\refrizar.dwiardito\.jdks\openjdk-21\caches\modules-2\files-2.1\org.jetbrains.intellij.deps\trove4j\1.0.20200330\3afb14d5f9ceb459d724e907a21145e8ff394f02\trove4j-1.0.20200330.jar;C:\Users\refrizar.dwiardito\.jdks\openjdk-21\caches\modules-2\files-2.1\org.jetbrains.kotlin\kotlin-stdlib-common\1.9.0\cd65c21cfd1eec4d44ef09f9f52b6d9f8a720636\kotlin-stdlib-common-1.9.0.jar;C:\Users\refrizar.dwiardito\.jdks\openjdk-21\caches\modules-2\files-2.1\org.jetbrains\annotations\13.0\919f0dfe192fb4e063e7dacadee7f8bb9a2672a9\annotations-13.0.jar
Launcher Type: SUN_STANDARD

[Global flags]
     intx CICompilerCount                          = 3                                         {product} {ergonomic}
     uint ConcGCThreads                            = 1                                         {product} {ergonomic}
     uint G1ConcRefinementThreads                  = 4                                         {product} {ergonomic}
   size_t G1HeapRegionSize                         = 1048576                                   {product} {ergonomic}
    uintx GCDrainStackTargetSize                   = 64                                        {product} {ergonomic}
   size_t InitialHeapSize                          = 134217728                                 {product} {ergonomic}
   size_t MarkStackSize                            = 4194304                                   {product} {ergonomic}
   size_t MaxHeapSize                              = 2120220672                                {product} {ergonomic}
   size_t MaxNewSize                               = 1271922688                                {product} {ergonomic}
   size_t MinHeapDeltaBytes                        = 1048576                                   {product} {ergonomic}
   size_t MinHeapSize                              = 8388608                                   {product} {ergonomic}
    uintx NonNMethodCodeHeapSize                   = 5832780                                {pd product} {ergonomic}
    uintx NonProfiledCodeHeapSize                  = 122912730                              {pd product} {ergonomic}
    uintx ProfiledCodeHeapSize                     = 122912730                              {pd product} {ergonomic}
    uintx ReservedCodeCacheSize                    = 251658240                              {pd product} {ergonomic}
     bool SegmentedCodeCache                       = true                                      {product} {ergonomic}
   size_t SoftMaxHeapSize                          = 2120220672                             {manageable} {ergonomic}
     bool UseCompressedClassPointers               = true                           {product lp64_product} {ergonomic}
     bool UseCompressedOops                        = true                           {product lp64_product} {ergonomic}
     bool UseG1GC                                  = true                                      {product} {ergonomic}
     bool UseLargePagesIndividualAllocation        = false                                  {pd product} {ergonomic}

Logging:
Log output configuration:
 #0: stdout all=warning uptime,level,tags
 #1: stderr all=off uptime,level,tags

Environment Variables:
JAVA_HOME=C:\Users\refrizar.dwiardito\.jdks\openjdk-21
PATH=C:\Program Files\Common Files\Oracle\Java\javapath;C:\Windows\system32;C:\Windows;C:\Windows\System32\Wbem;C:\Windows\System32\WindowsPowerShell\v1.0\;C:\Windows\System32\OpenSSH\;C:\Program Files\mingw-w64\x86_64-8.1.0-posix-seh-rt_v6-rev0\mingw64\bin;C:\Users\refrizar.dwiardito\AppData\Local\Programs\Python\Python310\Scripts;C:\Users\refrizar.dwiardito\.jdks\openjdk-21\bin;C:\Program Files\PuTTY\;C:\Program Files\gradle-8.3\bin;C:\Program Files\Git\cmd;C:\Users\refrizar.dwiardito\AppData\Local\Programs\Python\Python310\Scripts\;C:\Users\refrizar.dwiardito\AppData\Local\Programs\Python\Python310\;C:\Users\refrizar.dwiardito\AppData\Local\Microsoft\WindowsApps;;C:\Users\refrizar.dwiardito\AppData\Local\Programs\Microsoft VS Code\bin
USERNAME=refrizar.dwiardito
OS=Windows_NT
PROCESSOR_IDENTIFIER=Intel64 Family 6 Model 61 Stepping 4, GenuineIntel
TMP=C:\Users\REFRIZ~1.DWI\AppData\Local\Temp
TEMP=C:\Users\REFRIZ~1.DWI\AppData\Local\Temp


JNI global refs:
JNI global refs: 9, weak refs: 2

JNI global refs memory usage: 843, weak refs: 841


---------------  S Y S T E M  ---------------

OS:
 Windows 10 , 64 bit Build 19041 (10.0.19041.3570)
OS uptime: 0 days 10:58 hours

CPU: total 4 (initial active 4) (2 cores per cpu, 2 threads per core) family 6 model 61 stepping 4 microcode 0x2f, cx8, cmov, fxsr, ht, mmx, 3dnowpref, sse, sse2, sse3, ssse3, sse4.1, sse4.2, popcnt, lzcnt, tsc, tscinvbit, avx, avx2, aes, erms, clmul, bmi1, bmi2, adx, fma, vzeroupper, clflush

Memory: 4k page, system-wide physical 8083M (568M free)
TotalPageFile size 8083M (AvailPageFile size 5M)
current process WorkingSet (physical memory assigned to process): 329M, peak: 332M
current process commit charge ("private bytes"): 378M, peak: 380M

vm_info: OpenJDK 64-Bit Server VM (17.0.6+0-b2043.56-10027231) for windows-amd64 JRE (17.0.6+0-b2043.56-10027231), built on Apr 28 2023 00:43:19 by "androidbuild" with MS VC++ 16.10 / 16.11 (VS2019)

END.
