#
# There is insufficient memory for the Java Runtime Environment to continue.
# Native memory allocation (malloc) failed to allocate 2162000 bytes for Chunk::new
# Possible reasons:
#   The system is out of physical RAM or swap space
#   The process is running with CompressedOops enabled, and the Java Heap may be blocking the growth of the native heap
# Possible solutions:
#   Reduce memory load on the system
#   Increase physical memory or swap space
#   Check if swap backing store is full
#   Decrease Java heap size (-Xmx/-Xms)
#   Decrease number of Java threads
#   Decrease Java thread stack sizes (-Xss)
#   Set larger code cache with -XX:ReservedCodeCacheSize=
#   JVM is running with Unscaled Compressed Oops mode in which the Java heap is
#     placed in the first 4GB address space. The Java Heap base address is the
#     maximum limit for the native heap growth. Please use -XX:HeapBaseMinAddress
#     to set the Java Heap base and to place the Java Heap above 4GB virtual address.
# This output file may be truncated or incomplete.
#
#  Out of Memory Error (arena.cpp:189), pid=11024, tid=9848
#
# JRE version: OpenJDK Runtime Environment (17.0.6) (build 17.0.6+0-b2043.56-10027231)
# Java VM: OpenJDK 64-Bit Server VM (17.0.6+0-b2043.56-10027231, mixed mode, tiered, compressed oops, compressed class ptrs, g1 gc, windows-amd64)
# No core dump will be written. Minidumps are not enabled by default on client versions of Windows
#

---------------  S U M M A R Y ------------

Command Line: org.jetbrains.kotlin.cli.jvm.K2JVMCompiler @C:\Users\refrizar.dwiardito\AndroidStudioProjects\Catwell\app\build\20231014_13165789423912946954.compiler.options

Host: Intel(R) Core(TM) i5-5200U CPU @ 2.20GHz, 4 cores, 7G,  Windows 10 , 64 bit Build 19041 (10.0.19041.3570)
Time: Sat Oct 14 12:35:51 2023 SE Asia Standard Time elapsed time: 19.017635 seconds (0d 0h 0m 19s)

---------------  T H R E A D  ---------------

Current thread (0x0000018e09946ee0):  JavaThread "C2 CompilerThread1" daemon [_thread_in_native, id=9848, stack(0x0000005580700000,0x0000005580800000)]


Current CompileTask:
C2:  19017 5548       4       org.jetbrains.org.objectweb.asm.ClassReader::readMethod (1061 bytes)

Stack: [0x0000005580700000,0x0000005580800000]
Native frames: (J=compiled Java code, j=interpreted, Vv=VM code, C=native code)
V  [jvm.dll+0x683c9a]
V  [jvm.dll+0x8427a4]
V  [jvm.dll+0x843f9e]
V  [jvm.dll+0x844603]
V  [jvm.dll+0x249b75]
V  [jvm.dll+0xabcac]
V  [jvm.dll+0xac27c]
V  [jvm.dll+0x368857]
V  [jvm.dll+0x1bd0b8]
V  [jvm.dll+0x21c359]
V  [jvm.dll+0x21b621]
V  [jvm.dll+0x1a4fdd]
V  [jvm.dll+0x22b098]
V  [jvm.dll+0x229159]
V  [jvm.dll+0x7f81ec]
V  [jvm.dll+0x7f274a]
V  [jvm.dll+0x682ad5]
C  [ucrtbase.dll+0x21bb2]
C  [KERNEL32.DLL+0x17344]
C  [ntdll.dll+0x526b1]


---------------  P R O C E S S  ---------------

Threads class SMR info:
_java_thread_list=0x0000018e0802c520, length=13, elements={
0x0000018e6a51aae0, 0x0000018e04833260, 0x0000018e7fa9bb80, 0x0000018e0484e010,
0x0000018e0484f6f0, 0x0000018e04850a40, 0x0000018e04854bb0, 0x0000018e0486b2a0,
0x0000018e0486c4e0, 0x0000018e0486f680, 0x0000018e049f0ab0, 0x0000018e04a096c0,
0x0000018e09946ee0
}

Java Threads: ( => current thread )
  0x0000018e6a51aae0 JavaThread "main" [_thread_in_Java, id=6680, stack(0x00000055fef00000,0x00000055ff000000)]
  0x0000018e04833260 JavaThread "Reference Handler" daemon [_thread_blocked, id=9644, stack(0x00000055ff600000,0x00000055ff700000)]
  0x0000018e7fa9bb80 JavaThread "Finalizer" daemon [_thread_blocked, id=7068, stack(0x00000055ff700000,0x00000055ff800000)]
  0x0000018e0484e010 JavaThread "Signal Dispatcher" daemon [_thread_blocked, id=10532, stack(0x00000055ff800000,0x00000055ff900000)]
  0x0000018e0484f6f0 JavaThread "Attach Listener" daemon [_thread_blocked, id=1940, stack(0x00000055ff900000,0x00000055ffa00000)]
  0x0000018e04850a40 JavaThread "Service Thread" daemon [_thread_blocked, id=1420, stack(0x00000055ffa00000,0x00000055ffb00000)]
  0x0000018e04854bb0 JavaThread "Monitor Deflation Thread" daemon [_thread_blocked, id=6280, stack(0x00000055ffb00000,0x00000055ffc00000)]
  0x0000018e0486b2a0 JavaThread "C2 CompilerThread0" daemon [_thread_in_native, id=2328, stack(0x00000055ffc00000,0x00000055ffd00000)]
  0x0000018e0486c4e0 JavaThread "C1 CompilerThread0" daemon [_thread_in_native, id=1544, stack(0x00000055ffd00000,0x00000055ffe00000)]
  0x0000018e0486f680 JavaThread "Sweeper thread" daemon [_thread_blocked, id=2564, stack(0x00000055ffe00000,0x00000055fff00000)]
  0x0000018e049f0ab0 JavaThread "Notification Thread" daemon [_thread_blocked, id=5708, stack(0x00000055fff00000,0x0000005600000000)]
  0x0000018e04a096c0 JavaThread "Common-Cleaner" daemon [_thread_blocked, id=10160, stack(0x0000005580100000,0x0000005580200000)]
=>0x0000018e09946ee0 JavaThread "C2 CompilerThread1" daemon [_thread_in_native, id=9848, stack(0x0000005580700000,0x0000005580800000)]

Other Threads:
  0x0000018e7fa60e00 VMThread "VM Thread" [stack: 0x00000055ff500000,0x00000055ff600000] [id=364]
  0x0000018e0490fd70 WatcherThread [stack: 0x0000005580000000,0x0000005580100000] [id=2020]
  0x0000018e6a577450 GCTaskThread "GC Thread#0" [stack: 0x00000055ff000000,0x00000055ff100000] [id=9676]
  0x0000018e04f02c00 GCTaskThread "GC Thread#1" [stack: 0x0000005580200000,0x0000005580300000] [id=11208]
  0x0000018e04edbdc0 GCTaskThread "GC Thread#2" [stack: 0x0000005580300000,0x0000005580400000] [id=760]
  0x0000018e04f32010 GCTaskThread "GC Thread#3" [stack: 0x0000005580400000,0x0000005580500000] [id=6916]
  0x0000018e6a589060 ConcurrentGCThread "G1 Main Marker" [stack: 0x00000055ff100000,0x00000055ff200000] [id=2996]
  0x0000018e6a58a210 ConcurrentGCThread "G1 Conc#0" [stack: 0x00000055ff200000,0x00000055ff300000] [id=9208]
  0x0000018e6a5eea80 ConcurrentGCThread "G1 Refine#0" [stack: 0x00000055ff300000,0x00000055ff400000] [id=8276]
  0x0000018e072880a0 ConcurrentGCThread "G1 Refine#1" [stack: 0x0000005580500000,0x0000005580600000] [id=7904]
  0x0000018e0855e5e0 ConcurrentGCThread "G1 Refine#2" [stack: 0x0000005580600000,0x0000005580700000] [id=4696]
  0x0000018e7f90e680 ConcurrentGCThread "G1 Service" [stack: 0x00000055ff400000,0x00000055ff500000] [id=6232]

Threads with active compile tasks:
C2 CompilerThread0    19074 5849       4       org.jetbrains.kotlin.load.java.lazy.descriptors.LazyJavaClassMemberScope::getContributedFunctions (27 bytes)
C2 CompilerThread1    19074 5548       4       org.jetbrains.org.objectweb.asm.ClassReader::readMethod (1061 bytes)

VM state: not at safepoint (normal execution)

VM Mutex/Monitor currently owned by a thread: None

Heap address: 0x0000000081a00000, size: 2022 MB, Compressed Oops mode: 32-bit

CDS archive(s) not mapped
Compressed class space mapped at: 0x0000000100000000-0x0000000140000000, reserved size: 1073741824
Narrow klass base: 0x0000000000000000, Narrow klass shift: 3, Narrow klass range: 0x140000000

GC Precious Log:
 CPUs: 4 total, 4 available
 Memory: 8083M
 Large Page Support: Disabled
 NUMA Support: Disabled
 Compressed Oops: Enabled (32-bit)
 Heap Region Size: 1M
 Heap Min Capacity: 8M
 Heap Initial Capacity: 128M
 Heap Max Capacity: 2022M
 Pre-touch: Disabled
 Parallel Workers: 4
 Concurrent Workers: 1
 Concurrent Refinement Workers: 4
 Periodic GC: Disabled

Heap:
 garbage-first heap   total 78848K, used 42145K [0x0000000081a00000, 0x0000000100000000)
  region size 1024K, 5 young (5120K), 2 survivors (2048K)
 Metaspace       used 54601K, committed 54848K, reserved 1097728K
  class space    used 6444K, committed 6528K, reserved 1048576K

Heap Regions: E=young(eden), S=young(survivor), O=old, HS=humongous(starts), HC=humongous(continues), CS=collection set, F=free, OA=open archive, CA=closed archive, TAMS=top-at-mark-start (previous, next)
|   0|0x0000000081a00000, 0x0000000081b00000, 0x0000000081b00000|100%|HS|  |TAMS 0x0000000081b00000, 0x0000000081b00000| Complete 
|   1|0x0000000081b00000, 0x0000000081c00000, 0x0000000081c00000|100%|HC|  |TAMS 0x0000000081c00000, 0x0000000081c00000| Complete 
|   2|0x0000000081c00000, 0x0000000081d00000, 0x0000000081d00000|100%|HC|  |TAMS 0x0000000081d00000, 0x0000000081d00000| Complete 
|   3|0x0000000081d00000, 0x0000000081e00000, 0x0000000081e00000|100%|HC|  |TAMS 0x0000000081e00000, 0x0000000081e00000| Complete 
|   4|0x0000000081e00000, 0x0000000081ef1a00, 0x0000000081f00000| 94%| O|  |TAMS 0x0000000081ef1a00, 0x0000000081ef1a00| Untracked 
|   5|0x0000000081f00000, 0x0000000082000000, 0x0000000082000000|100%| O|  |TAMS 0x0000000082000000, 0x0000000082000000| Untracked 
|   6|0x0000000082000000, 0x0000000082100000, 0x0000000082100000|100%| O|  |TAMS 0x0000000082100000, 0x0000000082100000| Untracked 
|   7|0x0000000082100000, 0x0000000082200000, 0x0000000082200000|100%| O|  |TAMS 0x0000000082200000, 0x0000000082200000| Untracked 
|   8|0x0000000082200000, 0x0000000082300000, 0x0000000082300000|100%| O|  |TAMS 0x0000000082300000, 0x0000000082300000| Untracked 
|   9|0x0000000082300000, 0x0000000082400000, 0x0000000082400000|100%| O|  |TAMS 0x0000000082400000, 0x0000000082400000| Untracked 
|  10|0x0000000082400000, 0x0000000082500000, 0x0000000082500000|100%| O|  |TAMS 0x0000000082500000, 0x0000000082500000| Untracked 
|  11|0x0000000082500000, 0x0000000082600000, 0x0000000082600000|100%| O|  |TAMS 0x0000000082600000, 0x0000000082600000| Untracked 
|  12|0x0000000082600000, 0x0000000082700000, 0x0000000082700000|100%| O|  |TAMS 0x0000000082700000, 0x0000000082700000| Untracked 
|  13|0x0000000082700000, 0x0000000082800000, 0x0000000082800000|100%| O|  |TAMS 0x0000000082800000, 0x0000000082800000| Untracked 
|  14|0x0000000082800000, 0x0000000082900000, 0x0000000082900000|100%| O|  |TAMS 0x0000000082900000, 0x0000000082900000| Untracked 
|  15|0x0000000082900000, 0x0000000082a00000, 0x0000000082a00000|100%| O|  |TAMS 0x0000000082a00000, 0x0000000082a00000| Untracked 
|  16|0x0000000082a00000, 0x0000000082b00000, 0x0000000082b00000|100%| O|  |TAMS 0x0000000082b00000, 0x0000000082b00000| Untracked 
|  17|0x0000000082b00000, 0x0000000082c00000, 0x0000000082c00000|100%| O|  |TAMS 0x0000000082c00000, 0x0000000082c00000| Untracked 
|  18|0x0000000082c00000, 0x0000000082d00000, 0x0000000082d00000|100%| O|  |TAMS 0x0000000082d00000, 0x0000000082d00000| Untracked 
|  19|0x0000000082d00000, 0x0000000082e00000, 0x0000000082e00000|100%|HS|  |TAMS 0x0000000082e00000, 0x0000000082e00000| Complete 
|  20|0x0000000082e00000, 0x0000000082f00000, 0x0000000082f00000|100%|HC|  |TAMS 0x0000000082f00000, 0x0000000082f00000| Complete 
|  21|0x0000000082f00000, 0x0000000083000000, 0x0000000083000000|100%| O|  |TAMS 0x0000000083000000, 0x0000000083000000| Untracked 
|  22|0x0000000083000000, 0x0000000083100000, 0x0000000083100000|100%| O|  |TAMS 0x0000000083100000, 0x0000000083100000| Untracked 
|  23|0x0000000083100000, 0x0000000083200000, 0x0000000083200000|100%| O|  |TAMS 0x0000000083200000, 0x0000000083200000| Untracked 
|  24|0x0000000083200000, 0x0000000083300000, 0x0000000083300000|100%| O|  |TAMS 0x0000000083300000, 0x0000000083300000| Untracked 
|  25|0x0000000083300000, 0x0000000083400000, 0x0000000083400000|100%| O|  |TAMS 0x0000000083400000, 0x0000000083400000| Untracked 
|  26|0x0000000083400000, 0x0000000083500000, 0x0000000083500000|100%| O|  |TAMS 0x0000000083500000, 0x0000000083500000| Untracked 
|  27|0x0000000083500000, 0x0000000083600000, 0x0000000083600000|100%| O|  |TAMS 0x0000000083600000, 0x0000000083600000| Untracked 
|  28|0x0000000083600000, 0x0000000083700000, 0x0000000083700000|100%| O|  |TAMS 0x0000000083700000, 0x0000000083700000| Untracked 
|  29|0x0000000083700000, 0x0000000083800000, 0x0000000083800000|100%| O|  |TAMS 0x0000000083710200, 0x0000000083800000| Untracked 
|  30|0x0000000083800000, 0x0000000083900000, 0x0000000083900000|100%| O|  |TAMS 0x0000000083800000, 0x0000000083900000| Untracked 
|  31|0x0000000083900000, 0x0000000083a00000, 0x0000000083a00000|100%| O|  |TAMS 0x0000000083900000, 0x0000000083a00000| Untracked 
|  32|0x0000000083a00000, 0x0000000083b00000, 0x0000000083b00000|100%| O|  |TAMS 0x0000000083a00000, 0x0000000083b00000| Untracked 
|  33|0x0000000083b00000, 0x0000000083c00000, 0x0000000083c00000|100%| O|  |TAMS 0x0000000083b00000, 0x0000000083c00000| Untracked 
|  34|0x0000000083c00000, 0x0000000083d00000, 0x0000000083d00000|100%| O|  |TAMS 0x0000000083c00000, 0x0000000083c00000| Untracked 
|  35|0x0000000083d00000, 0x0000000083e00000, 0x0000000083e00000|100%| O|  |TAMS 0x0000000083d00000, 0x0000000083d00000| Untracked 
|  36|0x0000000083e00000, 0x0000000083e36a00, 0x0000000083f00000| 21%| O|  |TAMS 0x0000000083e00000, 0x0000000083e00000| Untracked 
|  37|0x0000000083f00000, 0x0000000083f00000, 0x0000000084000000|  0%| F|  |TAMS 0x0000000083f00000, 0x0000000083f00000| Untracked 
|  38|0x0000000084000000, 0x0000000084000000, 0x0000000084100000|  0%| F|  |TAMS 0x0000000084000000, 0x0000000084000000| Untracked 
|  39|0x0000000084100000, 0x0000000084100000, 0x0000000084200000|  0%| F|  |TAMS 0x0000000084100000, 0x0000000084100000| Untracked 
|  40|0x0000000084200000, 0x0000000084200000, 0x0000000084300000|  0%| F|  |TAMS 0x0000000084200000, 0x0000000084200000| Untracked 
|  41|0x0000000084300000, 0x0000000084300000, 0x0000000084400000|  0%| F|  |TAMS 0x0000000084300000, 0x0000000084300000| Untracked 
|  42|0x0000000084400000, 0x0000000084400000, 0x0000000084500000|  0%| F|  |TAMS 0x0000000084400000, 0x0000000084400000| Untracked 
|  43|0x0000000084500000, 0x0000000084500000, 0x0000000084600000|  0%| F|  |TAMS 0x0000000084500000, 0x0000000084500000| Untracked 
|  44|0x0000000084600000, 0x0000000084700000, 0x0000000084700000|100%| S|CS|TAMS 0x0000000084600000, 0x0000000084600000| Complete 
|  45|0x0000000084700000, 0x0000000084800000, 0x0000000084800000|100%| S|CS|TAMS 0x0000000084700000, 0x0000000084700000| Complete 
|  46|0x0000000084800000, 0x0000000084800000, 0x0000000084900000|  0%| F|  |TAMS 0x0000000084800000, 0x0000000084800000| Untracked 
|  47|0x0000000084900000, 0x0000000084900000, 0x0000000084a00000|  0%| F|  |TAMS 0x0000000084900000, 0x0000000084900000| Untracked 
|  48|0x0000000084a00000, 0x0000000084a00000, 0x0000000084b00000|  0%| F|  |TAMS 0x0000000084a00000, 0x0000000084a00000| Untracked 
|  49|0x0000000084b00000, 0x0000000084b00000, 0x0000000084c00000|  0%| F|  |TAMS 0x0000000084b00000, 0x0000000084b00000| Untracked 
|  50|0x0000000084c00000, 0x0000000084c00000, 0x0000000084d00000|  0%| F|  |TAMS 0x0000000084c00000, 0x0000000084c00000| Untracked 
|  51|0x0000000084d00000, 0x0000000084d00000, 0x0000000084e00000|  0%| F|  |TAMS 0x0000000084d00000, 0x0000000084d00000| Untracked 
|  52|0x0000000084e00000, 0x0000000084e00000, 0x0000000084f00000|  0%| F|  |TAMS 0x0000000084e00000, 0x0000000084e00000| Untracked 
|  53|0x0000000084f00000, 0x0000000084f00000, 0x0000000085000000|  0%| F|  |TAMS 0x0000000084f00000, 0x0000000084f00000| Untracked 
|  54|0x0000000085000000, 0x0000000085000000, 0x0000000085100000|  0%| F|  |TAMS 0x0000000085000000, 0x0000000085000000| Untracked 
|  55|0x0000000085100000, 0x0000000085100000, 0x0000000085200000|  0%| F|  |TAMS 0x0000000085100000, 0x0000000085100000| Untracked 
|  56|0x0000000085200000, 0x0000000085200000, 0x0000000085300000|  0%| F|  |TAMS 0x0000000085200000, 0x0000000085200000| Untracked 
|  57|0x0000000085300000, 0x0000000085300000, 0x0000000085400000|  0%| F|  |TAMS 0x0000000085300000, 0x0000000085300000| Untracked 
|  58|0x0000000085400000, 0x0000000085400000, 0x0000000085500000|  0%| F|  |TAMS 0x0000000085400000, 0x0000000085400000| Untracked 
|  59|0x0000000085500000, 0x0000000085500000, 0x0000000085600000|  0%| F|  |TAMS 0x0000000085500000, 0x0000000085500000| Untracked 
|  60|0x0000000085600000, 0x0000000085600000, 0x0000000085700000|  0%| F|  |TAMS 0x0000000085600000, 0x0000000085600000| Untracked 
|  61|0x0000000085700000, 0x0000000085700000, 0x0000000085800000|  0%| F|  |TAMS 0x0000000085700000, 0x0000000085700000| Untracked 
|  62|0x0000000085800000, 0x0000000085800000, 0x0000000085900000|  0%| F|  |TAMS 0x0000000085800000, 0x0000000085800000| Untracked 
|  63|0x0000000085900000, 0x0000000085900000, 0x0000000085a00000|  0%| F|  |TAMS 0x0000000085900000, 0x0000000085900000| Untracked 
|  64|0x0000000085a00000, 0x0000000085a00000, 0x0000000085b00000|  0%| F|  |TAMS 0x0000000085a00000, 0x0000000085a00000| Untracked 
|  65|0x0000000085b00000, 0x0000000085b00000, 0x0000000085c00000|  0%| F|  |TAMS 0x0000000085b00000, 0x0000000085b00000| Untracked 
|  66|0x0000000085c00000, 0x0000000085c00000, 0x0000000085d00000|  0%| F|  |TAMS 0x0000000085c00000, 0x0000000085c00000| Untracked 
|  67|0x0000000085d00000, 0x0000000085d00000, 0x0000000085e00000|  0%| F|  |TAMS 0x0000000085d00000, 0x0000000085d00000| Untracked 
|  68|0x0000000085e00000, 0x0000000085e00000, 0x0000000085f00000|  0%| F|  |TAMS 0x0000000085e00000, 0x0000000085e00000| Untracked 
|  69|0x0000000085f00000, 0x0000000085f00000, 0x0000000086000000|  0%| F|  |TAMS 0x0000000085f00000, 0x0000000085f00000| Untracked 
|  94|0x0000000087800000, 0x0000000087800000, 0x0000000087900000|  0%| F|  |TAMS 0x0000000087800000, 0x0000000087800000| Untracked 
|  95|0x0000000087900000, 0x0000000087900000, 0x0000000087a00000|  0%| F|  |TAMS 0x0000000087900000, 0x0000000087900000| Untracked 
|  96|0x0000000087a00000, 0x0000000087a00000, 0x0000000087b00000|  0%| F|  |TAMS 0x0000000087a00000, 0x0000000087a00000| Untracked 
|  97|0x0000000087b00000, 0x0000000087c00000, 0x0000000087c00000|100%| E|  |TAMS 0x0000000087b00000, 0x0000000087b00000| Complete 
|  98|0x0000000087c00000, 0x0000000087d00000, 0x0000000087d00000|100%| E|CS|TAMS 0x0000000087c00000, 0x0000000087c00000| Complete 
| 127|0x0000000089900000, 0x0000000089a00000, 0x0000000089a00000|100%| E|CS|TAMS 0x0000000089900000, 0x0000000089900000| Complete 
|2021|0x00000000fff00000, 0x0000000100000000, 0x0000000100000000|100%| O|  |TAMS 0x0000000100000000, 0x0000000100000000| Untracked 

Card table byte_map: [0x0000018e7cdf0000,0x0000018e7d1f0000] _byte_map_base: 0x0000018e7c9e3000

Marking Bits (Prev, Next): (CMBitMap*) 0x0000018e6a577aa0, (CMBitMap*) 0x0000018e6a577a60
 Prev Bits: [0x0000018e00000000, 0x0000018e01f98000)
 Next Bits: [0x0000018e7d5f0000, 0x0000018e7f588000)

Polling page: 0x0000018e68520000

Metaspace:

Usage:
  Non-class:     47.03 MB used.
      Class:      6.29 MB used.
       Both:     53.32 MB used.

Virtual space:
  Non-class space:       48.00 MB reserved,      47.19 MB ( 98%) committed,  6 nodes.
      Class space:        1.00 GB reserved,       6.38 MB ( <1%) committed,  1 nodes.
             Both:        1.05 GB reserved,      53.56 MB (  5%) committed. 

Chunk freelists:
   Non-Class:  560.00 KB
       Class:  1.56 MB
        Both:  2.11 MB

MaxMetaspaceSize: unlimited
CompressedClassSpaceSize: 1.00 GB
Initial GC threshold: 21.00 MB
Current GC threshold: 88.44 MB
CDS: off
MetaspaceReclaimPolicy: balanced
 - commit_granule_bytes: 65536.
 - commit_granule_words: 8192.
 - virtual_space_node_default_size: 1048576.
 - enlarge_chunks_in_place: 1.
 - new_chunks_are_fully_committed: 0.
 - uncommit_free_chunks: 1.
 - use_allocation_guard: 0.
 - handle_deallocations: 1.


Internal statistics:

num_allocs_failed_limit: 6.
num_arena_births: 224.
num_arena_deaths: 0.
num_vsnodes_births: 7.
num_vsnodes_deaths: 0.
num_space_committed: 855.
num_space_uncommitted: 0.
num_chunks_returned_to_freelist: 6.
num_chunks_taken_from_freelist: 1841.
num_chunk_merges: 6.
num_chunk_splits: 1529.
num_chunks_enlarged: 1373.
num_purges: 0.
num_inconsistent_stats: 0.

CodeHeap 'non-profiled nmethods': size=120000Kb used=2769Kb max_used=2769Kb free=117230Kb
 bounds [0x0000018e754c0000, 0x0000018e75780000, 0x0000018e7c9f0000]
CodeHeap 'profiled nmethods': size=120000Kb used=13757Kb max_used=13757Kb free=106242Kb
 bounds [0x0000018e6d9f0000, 0x0000018e6e760000, 0x0000018e74f20000]
CodeHeap 'non-nmethods': size=5760Kb used=1281Kb max_used=1318Kb free=4478Kb
 bounds [0x0000018e74f20000, 0x0000018e75190000, 0x0000018e754c0000]
 total_blobs=6416 nmethods=5825 adapters=502
 compilation: enabled
              stopped_count=0, restarted_count=0
 full_count=0

Compilation events (20 events):
Event: 18.987 Thread 0x0000018e0486c4e0 nmethod 5847 0x0000018e75771c90 code [0x0000018e75771e20, 0x0000018e75771ef8]
Event: 18.987 Thread 0x0000018e0486c4e0 5848       3       org.jetbrains.kotlin.types.TypeSubstitutor::substituteCompoundType (146 bytes)
Event: 18.991 Thread 0x0000018e0486c4e0 nmethod 5848 0x0000018e6e74b110 code [0x0000018e6e74b6e0, 0x0000018e6e74e748]
Event: 18.992 Thread 0x0000018e0486c4e0 5850       1       org.jetbrains.kotlin.types.AbstractTypeConstructor::getShouldReportCyclicScopeWithCompanionWarning (5 bytes)
Event: 18.992 Thread 0x0000018e0486c4e0 nmethod 5850 0x0000018e75771f90 code [0x0000018e75772120, 0x0000018e757721f8]
Event: 18.993 Thread 0x0000018e0486c4e0 5851       3       org.jetbrains.kotlin.name.ClassId::createNestedClassId (33 bytes)
Event: 18.994 Thread 0x0000018e0486c4e0 nmethod 5851 0x0000018e6e74f610 code [0x0000018e6e74f840, 0x0000018e6e74fef8]
Event: 18.995 Thread 0x0000018e0486c4e0 5852       3       org.jetbrains.kotlin.types.TypeUtils::makeUnsubstitutedType (48 bytes)
Event: 18.995 Thread 0x0000018e0486c4e0 nmethod 5852 0x0000018e6e750190 code [0x0000018e6e7503a0, 0x0000018e6e750998]
Event: 18.995 Thread 0x0000018e0486c4e0 5853       3       org.jetbrains.kotlin.types.TypeUtils::getDefaultTypeProjections (86 bytes)
Event: 18.997 Thread 0x0000018e0486c4e0 nmethod 5853 0x0000018e6e750b90 code [0x0000018e6e750e80, 0x0000018e6e7520a8]
Event: 18.998 Thread 0x0000018e0486c4e0 5854       3       org.jetbrains.kotlin.load.java.PropertiesConventionUtilKt::propertyNameByGetMethodName (34 bytes)
Event: 18.999 Thread 0x0000018e0486c4e0 nmethod 5854 0x0000018e6e752690 code [0x0000018e6e7528e0, 0x0000018e6e753038]
Event: 19.000 Thread 0x0000018e0486b2a0 nmethod 5842 0x0000018e75772290 code [0x0000018e75772440, 0x0000018e75772d38]
Event: 19.000 Thread 0x0000018e0486b2a0 5844       4       kotlin.sequences.FlatteningSequence$iterator$1::ensureItemIterator (112 bytes)
Event: 19.001 Thread 0x0000018e0486c4e0 5855       3       org.jetbrains.kotlin.descriptors.impl.AbstractClassDescriptor$1::invoke (5 bytes)
Event: 19.001 Thread 0x0000018e0486c4e0 nmethod 5855 0x0000018e6e753310 code [0x0000018e6e7534c0, 0x0000018e6e753608]
Event: 19.001 Thread 0x0000018e0486c4e0 5856       3       org.jetbrains.kotlin.descriptors.impl.AbstractClassDescriptor$1$1::<init> (10 bytes)
Event: 19.001 Thread 0x0000018e0486c4e0 nmethod 5856 0x0000018e6e753690 code [0x0000018e6e753820, 0x0000018e6e7539f8]
Event: 19.013 Thread 0x0000018e0486c4e0 5859       3       org.jetbrains.kotlin.cli.jvm.compiler.KotlinCliJavaFileManagerImpl$knownClassNamesInPackage$1::invoke (101 bytes)

GC Heap History (20 events):
Event: 11.841 GC heap before
{Heap before GC invocations=10 (full 0):
 garbage-first heap   total 41984K, used 19690K [0x0000000081a00000, 0x0000000100000000)
  region size 1024K, 3 young (3072K), 2 survivors (2048K)
 Metaspace       used 38323K, committed 38528K, reserved 1089536K
  class space    used 4758K, committed 4864K, reserved 1048576K
}
Event: 11.857 GC heap after
{Heap after GC invocations=11 (full 0):
 garbage-first heap   total 41984K, used 19285K [0x0000000081a00000, 0x0000000100000000)
  region size 1024K, 1 young (1024K), 1 survivors (1024K)
 Metaspace       used 38323K, committed 38528K, reserved 1089536K
  class space    used 4758K, committed 4864K, reserved 1048576K
}
Event: 12.582 GC heap before
{Heap before GC invocations=11 (full 0):
 garbage-first heap   total 41984K, used 29525K [0x0000000081a00000, 0x0000000100000000)
  region size 1024K, 12 young (12288K), 1 survivors (1024K)
 Metaspace       used 40491K, committed 40704K, reserved 1089536K
  class space    used 4968K, committed 5056K, reserved 1048576K
}
Event: 12.595 GC heap after
{Heap after GC invocations=12 (full 0):
 garbage-first heap   total 59392K, used 20866K [0x0000000081a00000, 0x0000000100000000)
  region size 1024K, 2 young (2048K), 2 survivors (2048K)
 Metaspace       used 40491K, committed 40704K, reserved 1089536K
  class space    used 4968K, committed 5056K, reserved 1048576K
}
Event: 14.313 GC heap before
{Heap before GC invocations=13 (full 0):
 garbage-first heap   total 59392K, used 43394K [0x0000000081a00000, 0x0000000100000000)
  region size 1024K, 25 young (25600K), 2 survivors (2048K)
 Metaspace       used 46377K, committed 46656K, reserved 1097728K
  class space    used 5641K, committed 5760K, reserved 1048576K
}
Event: 14.325 GC heap after
{Heap after GC invocations=14 (full 0):
 garbage-first heap   total 59392K, used 22448K [0x0000000081a00000, 0x0000000100000000)
  region size 1024K, 4 young (4096K), 4 survivors (4096K)
 Metaspace       used 46377K, committed 46656K, reserved 1097728K
  class space    used 5641K, committed 5760K, reserved 1048576K
}
Event: 15.004 GC heap before
{Heap before GC invocations=14 (full 0):
 garbage-first heap   total 59392K, used 46000K [0x0000000081a00000, 0x0000000100000000)
  region size 1024K, 25 young (25600K), 4 survivors (4096K)
 Metaspace       used 49453K, committed 49728K, reserved 1097728K
  class space    used 6015K, committed 6144K, reserved 1048576K
}
Event: 15.017 GC heap after
{Heap after GC invocations=15 (full 0):
 garbage-first heap   total 59392K, used 28512K [0x0000000081a00000, 0x0000000100000000)
  region size 1024K, 4 young (4096K), 4 survivors (4096K)
 Metaspace       used 49453K, committed 49728K, reserved 1097728K
  class space    used 6015K, committed 6144K, reserved 1048576K
}
Event: 15.271 GC heap before
{Heap before GC invocations=15 (full 0):
 garbage-first heap   total 59392K, used 44896K [0x0000000081a00000, 0x0000000100000000)
  region size 1024K, 20 young (20480K), 4 survivors (4096K)
 Metaspace       used 49873K, committed 50112K, reserved 1097728K
  class space    used 6043K, committed 6144K, reserved 1048576K
}
Event: 15.278 GC heap after
{Heap after GC invocations=16 (full 0):
 garbage-first heap   total 59392K, used 28048K [0x0000000081a00000, 0x0000000100000000)
  region size 1024K, 1 young (1024K), 1 survivors (1024K)
 Metaspace       used 49873K, committed 50112K, reserved 1097728K
  class space    used 6043K, committed 6144K, reserved 1048576K
}
Event: 16.537 GC heap before
{Heap before GC invocations=16 (full 0):
 garbage-first heap   total 59392K, used 45456K [0x0000000081a00000, 0x0000000100000000)
  region size 1024K, 18 young (18432K), 1 survivors (1024K)
 Metaspace       used 52360K, committed 52544K, reserved 1097728K
  class space    used 6308K, committed 6400K, reserved 1048576K
}
Event: 16.551 GC heap after
{Heap after GC invocations=17 (full 0):
 garbage-first heap   total 59392K, used 30662K [0x0000000081a00000, 0x0000000100000000)
  region size 1024K, 3 young (3072K), 3 survivors (3072K)
 Metaspace       used 52360K, committed 52544K, reserved 1097728K
  class space    used 6308K, committed 6400K, reserved 1048576K
}
Event: 17.078 GC heap before
{Heap before GC invocations=18 (full 0):
 garbage-first heap   total 59392K, used 46022K [0x0000000081a00000, 0x0000000100000000)
  region size 1024K, 18 young (18432K), 3 survivors (3072K)
 Metaspace       used 52943K, committed 53184K, reserved 1097728K
  class space    used 6359K, committed 6464K, reserved 1048576K
}
Event: 17.095 GC heap after
{Heap after GC invocations=19 (full 0):
 garbage-first heap   total 59392K, used 33278K [0x0000000081a00000, 0x0000000100000000)
  region size 1024K, 3 young (3072K), 3 survivors (3072K)
 Metaspace       used 52943K, committed 53184K, reserved 1097728K
  class space    used 6359K, committed 6464K, reserved 1048576K
}
Event: 18.043 GC heap before
{Heap before GC invocations=19 (full 0):
 garbage-first heap   total 59392K, used 45566K [0x0000000081a00000, 0x0000000100000000)
  region size 1024K, 15 young (15360K), 3 survivors (3072K)
 Metaspace       used 53925K, committed 54208K, reserved 1097728K
  class space    used 6425K, committed 6528K, reserved 1048576K
}
Event: 18.054 GC heap after
{Heap after GC invocations=20 (full 0):
 garbage-first heap   total 59392K, used 35592K [0x0000000081a00000, 0x0000000100000000)
  region size 1024K, 2 young (2048K), 2 survivors (2048K)
 Metaspace       used 53925K, committed 54208K, reserved 1097728K
  class space    used 6425K, committed 6528K, reserved 1048576K
}
Event: 18.582 GC heap before
{Heap before GC invocations=21 (full 0):
 garbage-first heap   total 61440K, used 46856K [0x0000000081a00000, 0x0000000100000000)
  region size 1024K, 13 young (13312K), 2 survivors (2048K)
 Metaspace       used 54363K, committed 54592K, reserved 1097728K
  class space    used 6437K, committed 6528K, reserved 1048576K
}
Event: 18.598 GC heap after
{Heap after GC invocations=22 (full 0):
 garbage-first heap   total 61440K, used 37830K [0x0000000081a00000, 0x0000000100000000)
  region size 1024K, 2 young (2048K), 2 survivors (2048K)
 Metaspace       used 54363K, committed 54592K, reserved 1097728K
  class space    used 6437K, committed 6528K, reserved 1048576K
}
Event: 18.942 GC heap before
{Heap before GC invocations=22 (full 0):
 garbage-first heap   total 61440K, used 49094K [0x0000000081a00000, 0x0000000100000000)
  region size 1024K, 13 young (13312K), 2 survivors (2048K)
 Metaspace       used 54586K, committed 54784K, reserved 1097728K
  class space    used 6444K, committed 6528K, reserved 1048576K
}
Event: 18.958 GC heap after
{Heap after GC invocations=23 (full 0):
 garbage-first heap   total 78848K, used 40097K [0x0000000081a00000, 0x0000000100000000)
  region size 1024K, 2 young (2048K), 2 survivors (2048K)
 Metaspace       used 54586K, committed 54784K, reserved 1097728K
  class space    used 6444K, committed 6528K, reserved 1048576K
}

Dll operation events (2 events):
Event: 0.017 Loaded shared library C:\Program Files\Android\Android Studio\jbr\bin\java.dll
Event: 4.574 Loaded shared library C:\Program Files\Android\Android Studio\jbr\bin\verify.dll

Deoptimization events (20 events):
Event: 18.490 Thread 0x0000018e6a51aae0 DEOPT PACKING pc=0x0000018e757602ec sp=0x00000055feff98b0
Event: 18.490 Thread 0x0000018e6a51aae0 DEOPT UNPACKING pc=0x0000018e74f769a3 sp=0x00000055feff9858 mode 2
Event: 18.490 Thread 0x0000018e6a51aae0 Uncommon trap: trap_request=0xffffffbe fr.pc=0x0000018e757602ec relative=0x0000000000000cac
Event: 18.490 Thread 0x0000018e6a51aae0 Uncommon trap: reason=profile_predicate action=maybe_recompile pc=0x0000018e757602ec method=gnu.trove.TObjectHash.index(Ljava/lang/Object;)I @ 82 c2
Event: 18.490 Thread 0x0000018e6a51aae0 DEOPT PACKING pc=0x0000018e757602ec sp=0x00000055feff9a80
Event: 18.490 Thread 0x0000018e6a51aae0 DEOPT UNPACKING pc=0x0000018e74f769a3 sp=0x00000055feff9a28 mode 2
Event: 18.554 Thread 0x0000018e6a51aae0 DEOPT PACKING pc=0x0000018e6e0efc05 sp=0x00000055feffa0f0
Event: 18.554 Thread 0x0000018e6a51aae0 DEOPT UNPACKING pc=0x0000018e74f77143 sp=0x00000055feff9580 mode 0
Event: 18.921 Thread 0x0000018e6a51aae0 Uncommon trap: trap_request=0xffffffde fr.pc=0x0000018e755a68e4 relative=0x0000000000000064
Event: 18.922 Thread 0x0000018e6a51aae0 Uncommon trap: reason=class_check action=maybe_recompile pc=0x0000018e755a68e4 method=java.util.Collections$UnmodifiableCollection.size()I @ 4 c2
Event: 18.922 Thread 0x0000018e6a51aae0 DEOPT PACKING pc=0x0000018e755a68e4 sp=0x00000055feffa9c0
Event: 18.922 Thread 0x0000018e6a51aae0 DEOPT UNPACKING pc=0x0000018e74f769a3 sp=0x00000055feffa948 mode 2
Event: 18.922 Thread 0x0000018e6a51aae0 Uncommon trap: trap_request=0xffffffc6 fr.pc=0x0000018e7573e73c relative=0x000000000000107c
Event: 18.922 Thread 0x0000018e6a51aae0 Uncommon trap: reason=bimorphic_or_optimized_type_check action=maybe_recompile pc=0x0000018e7573e73c method=kotlin.collections.CollectionsKt___CollectionsKt.toList(Ljava/lang/Iterable;)Ljava/util/List; @ 71 c2
Event: 18.922 Thread 0x0000018e6a51aae0 DEOPT PACKING pc=0x0000018e7573e73c sp=0x00000055feffa9e0
Event: 18.922 Thread 0x0000018e6a51aae0 DEOPT UNPACKING pc=0x0000018e74f769a3 sp=0x00000055feffa9b0 mode 2
Event: 18.922 Thread 0x0000018e6a51aae0 Uncommon trap: trap_request=0xffffffde fr.pc=0x0000018e755a68e4 relative=0x0000000000000064
Event: 18.922 Thread 0x0000018e6a51aae0 Uncommon trap: reason=class_check action=maybe_recompile pc=0x0000018e755a68e4 method=java.util.Collections$UnmodifiableCollection.size()I @ 4 c2
Event: 18.922 Thread 0x0000018e6a51aae0 DEOPT PACKING pc=0x0000018e755a68e4 sp=0x00000055feffac40
Event: 18.922 Thread 0x0000018e6a51aae0 DEOPT UNPACKING pc=0x0000018e74f769a3 sp=0x00000055feffabc8 mode 2

Classes unloaded (0 events):
No events

Classes redefined (0 events):
No events

Internal exceptions (20 events):
Event: 4.056 Thread 0x0000018e6a51aae0 Exception <a 'java/lang/NoSuchMethodError'{0x00000000839cc718}: 'int java.lang.invoke.DirectMethodHandle$Holder.invokeStaticInit(java.lang.Object, java.lang.Object)'> (0x00000000839cc718) 
thrown [s\src\hotspot\share\interpreter\linkResolver.cpp, line 771]
Event: 4.079 Thread 0x0000018e6a51aae0 Exception <a 'java/lang/NoSuchMethodError'{0x00000000838af5f8}: 'void java.lang.invoke.DirectMethodHandle$Holder.invokeSpecial(java.lang.Object, java.lang.Object, java.lang.Object)'> (0x00000000838af5f8) 
thrown [s\src\hotspot\share\interpreter\linkResolver.cpp, line 771]
Event: 4.165 Thread 0x0000018e6a51aae0 Exception <a 'java/lang/NoSuchMethodError'{0x00000000835deab8}: 'void java.lang.invoke.DirectMethodHandle$Holder.invokeStatic(java.lang.Object, java.lang.Object, java.lang.Object, java.lang.Object)'> (0x00000000835deab8) 
thrown [s\src\hotspot\share\interpreter\linkResolver.cpp, line 771]
Event: 4.447 Thread 0x0000018e6a51aae0 Exception <a 'java/lang/NoSuchMethodError'{0x00000000831a51b0}: 'void java.lang.invoke.DirectMethodHandle$Holder.invokeStaticInit(java.lang.Object, java.lang.Object)'> (0x00000000831a51b0) 
thrown [s\src\hotspot\share\interpreter\linkResolver.cpp, line 771]
Event: 5.101 Thread 0x0000018e6a51aae0 Exception <a 'java/lang/NoSuchMethodError'{0x0000000082c25260}: 'void java.lang.invoke.DirectMethodHandle$Holder.invokeVirtual(java.lang.Object, java.lang.Object)'> (0x0000000082c25260) 
thrown [s\src\hotspot\share\interpreter\linkResolver.cpp, line 771]
Event: 5.169 Thread 0x0000018e6a51aae0 Exception <a 'java/lang/NoSuchMethodError'{0x0000000082ca0e60}: 'int java.lang.invoke.DirectMethodHandle$Holder.invokeVirtual(java.lang.Object, java.lang.Object)'> (0x0000000082ca0e60) 
thrown [s\src\hotspot\share\interpreter\linkResolver.cpp, line 771]
Event: 5.204 Thread 0x0000018e6a51aae0 Exception <a 'java/lang/NoSuchMethodError'{0x0000000082b3b758}: 'java.lang.Object java.lang.invoke.Invokers$Holder.invokeExact_MT(java.lang.Object, java.lang.Object, java.lang.Object, java.lang.Object, java.lang.Object, java.lang.Object)'> (0x0000000082b3b758) 
thrown [s\src\hotspot\share\interpreter\linkResolver.cpp, line 771]
Event: 7.522 Thread 0x0000018e6a51aae0 Implicit null exception at 0x0000018e754d7672 to 0x0000018e754d7c48
Event: 8.364 Thread 0x0000018e6a51aae0 Implicit null exception at 0x0000018e754d8a72 to 0x0000018e754d9058
Event: 8.671 Thread 0x0000018e6a51aae0 Exception <a 'java/lang/NoSuchMethodError'{0x0000000083652850}: 'java.lang.Object java.lang.invoke.DirectMethodHandle$Holder.invokeVirtual(java.lang.Object, java.lang.Object, java.lang.Object)'> (0x0000000083652850) 
thrown [s\src\hotspot\share\interpreter\linkResolver.cpp, line 771]
Event: 13.324 Thread 0x0000018e6a51aae0 Exception <a 'java/lang/NoSuchMethodError'{0x0000000084b86128}: 'java.lang.Object java.lang.invoke.DirectMethodHandle$Holder.newInvokeSpecial(java.lang.Object, java.lang.Object, int)'> (0x0000000084b86128) 
thrown [s\src\hotspot\share\interpreter\linkResolver.cpp, line 771]
Event: 13.481 Thread 0x0000018e6a51aae0 Exception <a 'java/lang/NoSuchMethodError'{0x00000000849c37c8}: 'java.lang.Object java.lang.invoke.DirectMethodHandle$Holder.newInvokeSpecial(java.lang.Object, java.lang.Object, java.lang.Object, int)'> (0x00000000849c37c8) 
thrown [s\src\hotspot\share\interpreter\linkResolver.cpp, line 771]
Event: 13.482 Thread 0x0000018e6a51aae0 Exception <a 'java/lang/NoSuchMethodError'{0x00000000849c7e50}: 'java.lang.Object java.lang.invoke.DirectMethodHandle$Holder.invokeSpecial(java.lang.Object, java.lang.Object, java.lang.Object, java.lang.Object, int)'> (0x00000000849c7e50) 
thrown [s\src\hotspot\share\interpreter\linkResolver.cpp, line 771]
Event: 13.483 Thread 0x0000018e6a51aae0 Exception <a 'java/lang/NoSuchMethodError'{0x00000000849cbcc0}: 'java.lang.Object java.lang.invoke.Invokers$Holder.linkToTargetMethod(java.lang.Object, java.lang.Object, int, java.lang.Object)'> (0x00000000849cbcc0) 
thrown [s\src\hotspot\share\interpreter\linkResolver.cpp, line 771]
Event: 16.854 Thread 0x0000018e6a51aae0 Exception <a 'java/lang/NoSuchMethodError'{0x0000000087a31ff8}: 'java.lang.Object java.lang.invoke.DirectMethodHandle$Holder.newInvokeSpecial(java.lang.Object, java.lang.Object, java.lang.Object, java.lang.Object, java.lang.Object, java.lang.Object)'> (0x0000000087a31ff8) 
thrown [s\src\hotspot\share\interpreter\linkResolver.cpp, line 771]
Event: 17.376 Thread 0x0000018e6a51aae0 Exception <a 'java/lang/NoSuchMethodError'{0x0000000087cda100}: 'java.lang.Object java.lang.invoke.DirectMethodHandle$Holder.invokeStaticInit(java.lang.Object, java.lang.Object, java.lang.Object)'> (0x0000000087cda100) 
thrown [s\src\hotspot\share\interpreter\linkResolver.cpp, line 771]
Event: 17.450 Thread 0x0000018e6a51aae0 Exception <a 'java/lang/NoSuchMethodError'{0x0000000087b21d10}: 'java.lang.Object java.lang.invoke.DirectMethodHandle$Holder.newInvokeSpecial(java.lang.Object, int, java.lang.Object)'> (0x0000000087b21d10) 
thrown [s\src\hotspot\share\interpreter\linkResolver.cpp, line 771]
Event: 17.453 Thread 0x0000018e6a51aae0 Exception <a 'java/lang/NoSuchMethodError'{0x0000000087b281e8}: 'int java.lang.invoke.DirectMethodHandle$Holder.invokeInterface(java.lang.Object, java.lang.Object)'> (0x0000000087b281e8) 
thrown [s\src\hotspot\share\interpreter\linkResolver.cpp, line 771]
Event: 17.568 Thread 0x0000018e6a51aae0 Implicit null exception at 0x0000018e7550868e to 0x0000018e755088cc
Event: 17.568 Thread 0x0000018e6a51aae0 Implicit null exception at 0x0000018e7551720f to 0x0000018e75517285

VM Operations (20 events):
Event: 17.956 Executing VM operation: HandshakeAllThreads
Event: 17.956 Executing VM operation: HandshakeAllThreads done
Event: 17.984 Executing VM operation: ICBufferFull
Event: 17.984 Executing VM operation: ICBufferFull done
Event: 18.043 Executing VM operation: G1CollectForAllocation
Event: 18.054 Executing VM operation: G1CollectForAllocation done
Event: 18.156 Executing VM operation: G1Concurrent
Event: 18.164 Executing VM operation: G1Concurrent done
Event: 18.212 Executing VM operation: G1Concurrent
Event: 18.214 Executing VM operation: G1Concurrent done
Event: 18.359 Executing VM operation: ICBufferFull
Event: 18.359 Executing VM operation: ICBufferFull done
Event: 18.582 Executing VM operation: G1CollectForAllocation
Event: 18.598 Executing VM operation: G1CollectForAllocation done
Event: 18.644 Executing VM operation: HandshakeAllThreads
Event: 18.644 Executing VM operation: HandshakeAllThreads done
Event: 18.940 Executing VM operation: ICBufferFull
Event: 18.940 Executing VM operation: ICBufferFull done
Event: 18.942 Executing VM operation: G1CollectForAllocation
Event: 18.963 Executing VM operation: G1CollectForAllocation done

Events (20 events):
Event: 14.158 loading class java/util/function/IntConsumer done
Event: 14.158 loading class java/util/stream/Sink$OfInt done
Event: 14.158 loading class java/util/stream/Sink$ChainedInt done
Event: 14.158 loading class java/util/stream/IntPipeline$1$1 done
Event: 14.285 loading class java/text/StringCharacterIterator
Event: 14.285 loading class java/text/CharacterIterator
Event: 14.299 loading class java/text/CharacterIterator done
Event: 14.299 loading class java/text/StringCharacterIterator done
Event: 14.424 loading class java/security/CodeSigner
Event: 14.424 loading class java/security/CodeSigner done
Event: 14.926 loading class java/util/ComparableTimSort
Event: 14.926 loading class java/util/ComparableTimSort done
Event: 15.548 Thread 0x0000018e072545e0 Thread exited: 0x0000018e072545e0
Event: 15.856 Thread 0x0000018e09946ee0 Thread added: 0x0000018e09946ee0
Event: 16.856 loading class java/util/RegularEnumSet$EnumSetIterator
Event: 16.856 loading class java/util/RegularEnumSet$EnumSetIterator done
Event: 16.890 loading class java/util/Collections$SingletonMap
Event: 16.890 loading class java/util/Collections$SingletonMap done
Event: 17.440 Thread 0x0000018e09946ee0 Thread exited: 0x0000018e09946ee0
Event: 17.464 Thread 0x0000018e09946ee0 Thread added: 0x0000018e09946ee0


Dynamic libraries:
0x00007ff67cd10000 - 0x00007ff67cd1a000 	C:\Program Files\Android\Android Studio\jbr\bin\java.exe
0x00007fff08390000 - 0x00007fff08587000 	C:\Windows\SYSTEM32\ntdll.dll
0x00007fff06da0000 - 0x00007fff06e5d000 	C:\Windows\System32\KERNEL32.DLL
0x00007fff05f60000 - 0x00007fff06256000 	C:\Windows\System32\KERNELBASE.dll
0x00007fff05e60000 - 0x00007fff05f60000 	C:\Windows\System32\ucrtbase.dll
0x00007ffef8290000 - 0x00007ffef82ab000 	C:\Program Files\Android\Android Studio\jbr\bin\VCRUNTIME140.dll
0x00007ffefd690000 - 0x00007ffefd6a7000 	C:\Program Files\Android\Android Studio\jbr\bin\jli.dll
0x00007fff06790000 - 0x00007fff0692e000 	C:\Windows\System32\USER32.dll
0x00007ffef5440000 - 0x00007ffef56da000 	C:\Windows\WinSxS\amd64_microsoft.windows.common-controls_6595b64144ccf1df_6.0.19041.3570_none_60bb2a3971f3e41a\COMCTL32.dll
0x00007fff05e30000 - 0x00007fff05e52000 	C:\Windows\System32\win32u.dll
0x00007fff071d0000 - 0x00007fff0726e000 	C:\Windows\System32\msvcrt.dll
0x00007fff08180000 - 0x00007fff081ac000 	C:\Windows\System32\GDI32.dll
0x00007fff062d0000 - 0x00007fff063ea000 	C:\Windows\System32\gdi32full.dll
0x00007fff05aa0000 - 0x00007fff05b3d000 	C:\Windows\System32\msvcp_win.dll
0x00007fff081b0000 - 0x00007fff081e0000 	C:\Windows\System32\IMM32.DLL
0x00007fff00e80000 - 0x00007fff00e8c000 	C:\Program Files\Android\Android Studio\jbr\bin\vcruntime140_1.dll
0x00007ffeee9c0000 - 0x00007ffeeea4d000 	C:\Program Files\Android\Android Studio\jbr\bin\msvcp140.dll
0x00007ffeb1690000 - 0x00007ffeb22fe000 	C:\Program Files\Android\Android Studio\jbr\bin\server\jvm.dll
0x00007fff082a0000 - 0x00007fff0834e000 	C:\Windows\System32\ADVAPI32.dll
0x00007fff07550000 - 0x00007fff075ec000 	C:\Windows\System32\sechost.dll
0x00007fff06660000 - 0x00007fff06786000 	C:\Windows\System32\RPCRT4.dll
0x00007ffef8490000 - 0x00007ffef84b7000 	C:\Windows\SYSTEM32\WINMM.dll
0x00007fff010c0000 - 0x00007fff010c9000 	C:\Windows\SYSTEM32\WSOCK32.dll
0x00007ffef4cb0000 - 0x00007ffef4cba000 	C:\Windows\SYSTEM32\VERSION.dll
0x00007fff07960000 - 0x00007fff079cb000 	C:\Windows\System32\WS2_32.dll
0x00007fff042a0000 - 0x00007fff042b2000 	C:\Windows\SYSTEM32\kernel.appcore.dll
0x00007ffeed880000 - 0x00007ffeed88a000 	C:\Program Files\Android\Android Studio\jbr\bin\jimage.dll
0x00007ffeee7a0000 - 0x00007ffeee984000 	C:\Windows\SYSTEM32\DBGHELP.DLL
0x00007ffeee630000 - 0x00007ffeee664000 	C:\Windows\SYSTEM32\dbgcore.DLL
0x00007fff05da0000 - 0x00007fff05e22000 	C:\Windows\System32\bcryptPrimitives.dll
0x00007ffebc480000 - 0x00007ffebc4a5000 	C:\Program Files\Android\Android Studio\jbr\bin\java.dll
0x00007ffeb5410000 - 0x00007ffeb5428000 	C:\Program Files\Android\Android Studio\jbr\bin\zip.dll
0x00007fff07a30000 - 0x00007fff08174000 	C:\Windows\System32\SHELL32.dll
0x00007fff03560000 - 0x00007fff03cfb000 	C:\Windows\SYSTEM32\windows.storage.dll
0x00007fff06e70000 - 0x00007fff071c4000 	C:\Windows\System32\combase.dll
0x00007fff05440000 - 0x00007fff0546d000 	C:\Windows\SYSTEM32\Wldp.dll
0x00007fff075f0000 - 0x00007fff0769d000 	C:\Windows\System32\SHCORE.dll
0x00007fff08240000 - 0x00007fff08295000 	C:\Windows\System32\shlwapi.dll
0x00007fff059a0000 - 0x00007fff059c5000 	C:\Windows\SYSTEM32\profapi.dll
0x00007ffeb53f0000 - 0x00007ffeb5409000 	C:\Program Files\Android\Android Studio\jbr\bin\net.dll
0x00007ffef9640000 - 0x00007ffef974a000 	C:\Windows\SYSTEM32\WINHTTP.dll
0x00007fff05140000 - 0x00007fff051aa000 	C:\Windows\system32\mswsock.dll
0x00007ffeb53d0000 - 0x00007ffeb53e6000 	C:\Program Files\Android\Android Studio\jbr\bin\nio.dll
0x00007ffede000000 - 0x00007ffede010000 	C:\Program Files\Android\Android Studio\jbr\bin\verify.dll

dbghelp: loaded successfully - version: 4.0.5 - missing functions: none
symbol engine: initialized successfully - sym options: 0x614 - pdb path: .;C:\Program Files\Android\Android Studio\jbr\bin;C:\Windows\SYSTEM32;C:\Windows\WinSxS\amd64_microsoft.windows.common-controls_6595b64144ccf1df_6.0.19041.3570_none_60bb2a3971f3e41a;C:\Program Files\Android\Android Studio\jbr\bin\server

VM Arguments:
java_command: org.jetbrains.kotlin.cli.jvm.K2JVMCompiler @C:\Users\refrizar.dwiardito\AndroidStudioProjects\Catwell\app\build\20231014_13165789423912946954.compiler.options
java_class_path (initial): C:\Users\refrizar.dwiardito\.jdks\openjdk-21\caches\modules-2\files-2.1\org.jetbrains.kotlin\kotlin-compiler-embeddable\1.9.0\2c8c3a7402becca891f12739b3e9fd2dc2adbd7a\kotlin-compiler-embeddable-1.9.0.jar;C:\Users\refrizar.dwiardito\.jdks\openjdk-21\caches\modules-2\files-2.1\org.jetbrains.kotlin\kotlin-stdlib\1.9.0\8ee15ef0c67dc83d874f412d84378d7f0eb50b63\kotlin-stdlib-1.9.0.jar;C:\Users\refrizar.dwiardito\.jdks\openjdk-21\caches\modules-2\files-2.1\org.jetbrains.kotlin\kotlin-script-runtime\1.9.0\4b3102cbbb7e1b58d9d1adf89563f00069ffa7d1\kotlin-script-runtime-1.9.0.jar;C:\Users\refrizar.dwiardito\.jdks\openjdk-21\caches\modules-2\files-2.1\org.jetbrains.kotlin\kotlin-reflect\1.6.10\1cbe9c92c12a94eea200d23c2bbaedaf3daf5132\kotlin-reflect-1.6.10.jar;C:\Users\refrizar.dwiardito\.jdks\openjdk-21\caches\modules-2\files-2.1\org.jetbrains.kotlin\kotlin-daemon-embeddable\1.9.0\186543f5e28cf8d9a0290fecc2cf34301c40a65c\kotlin-daemon-embeddable-1.9.0.jar;C:\Users\refrizar.dwiardito\.jdks\openjdk-21\caches\modules-2\files-2.1\org.jetbrains.intellij.deps\trove4j\1.0.20200330\3afb14d5f9ceb459d724e907a21145e8ff394f02\trove4j-1.0.20200330.jar;C:\Users\refrizar.dwiardito\.jdks\openjdk-21\caches\modules-2\files-2.1\org.jetbrains.kotlin\kotlin-stdlib-common\1.9.0\cd65c21cfd1eec4d44ef09f9f52b6d9f8a720636\kotlin-stdlib-common-1.9.0.jar;C:\Users\refrizar.dwiardito\.jdks\openjdk-21\caches\modules-2\files-2.1\org.jetbrains\annotations\13.0\919f0dfe192fb4e063e7dacadee7f8bb9a2672a9\annotations-13.0.jar
Launcher Type: SUN_STANDARD

[Global flags]
     intx CICompilerCount                          = 3                                         {product} {ergonomic}
     uint ConcGCThreads                            = 1                                         {product} {ergonomic}
     uint G1ConcRefinementThreads                  = 4                                         {product} {ergonomic}
   size_t G1HeapRegionSize                         = 1048576                                   {product} {ergonomic}
    uintx GCDrainStackTargetSize                   = 64                                        {product} {ergonomic}
   size_t InitialHeapSize                          = 134217728                                 {product} {ergonomic}
   size_t MarkStackSize                            = 4194304                                   {product} {ergonomic}
   size_t MaxHeapSize                              = 2120220672                                {product} {ergonomic}
   size_t MaxNewSize                               = 1271922688                                {product} {ergonomic}
   size_t MinHeapDeltaBytes                        = 1048576                                   {product} {ergonomic}
   size_t MinHeapSize                              = 8388608                                   {product} {ergonomic}
    uintx NonNMethodCodeHeapSize                   = 5832780                                {pd product} {ergonomic}
    uintx NonProfiledCodeHeapSize                  = 122912730                              {pd product} {ergonomic}
    uintx ProfiledCodeHeapSize                     = 122912730                              {pd product} {ergonomic}
    uintx ReservedCodeCacheSize                    = 251658240                              {pd product} {ergonomic}
     bool SegmentedCodeCache                       = true                                      {product} {ergonomic}
   size_t SoftMaxHeapSize                          = 2120220672                             {manageable} {ergonomic}
     bool UseCompressedClassPointers               = true                           {product lp64_product} {ergonomic}
     bool UseCompressedOops                        = true                           {product lp64_product} {ergonomic}
     bool UseG1GC                                  = true                                      {product} {ergonomic}
     bool UseLargePagesIndividualAllocation        = false                                  {pd product} {ergonomic}

Logging:
Log output configuration:
 #0: stdout all=warning uptime,level,tags
 #1: stderr all=off uptime,level,tags

Environment Variables:
JAVA_HOME=C:\Users\refrizar.dwiardito\.jdks\openjdk-21
PATH=C:\Program Files\Common Files\Oracle\Java\javapath;C:\Windows\system32;C:\Windows;C:\Windows\System32\Wbem;C:\Windows\System32\WindowsPowerShell\v1.0\;C:\Windows\System32\OpenSSH\;C:\Program Files\mingw-w64\x86_64-8.1.0-posix-seh-rt_v6-rev0\mingw64\bin;C:\Users\refrizar.dwiardito\AppData\Local\Programs\Python\Python310\Scripts;C:\Users\refrizar.dwiardito\.jdks\openjdk-21\bin;C:\Program Files\PuTTY\;C:\Program Files\gradle-8.3\bin;C:\Program Files\Git\cmd;C:\Users\refrizar.dwiardito\AppData\Local\Programs\Python\Python310\Scripts\;C:\Users\refrizar.dwiardito\AppData\Local\Programs\Python\Python310\;C:\Users\refrizar.dwiardito\AppData\Local\Microsoft\WindowsApps;;C:\Users\refrizar.dwiardito\AppData\Local\Programs\Microsoft VS Code\bin
USERNAME=refrizar.dwiardito
OS=Windows_NT
PROCESSOR_IDENTIFIER=Intel64 Family 6 Model 61 Stepping 4, GenuineIntel
TMP=C:\Users\REFRIZ~1.DWI\AppData\Local\Temp
TEMP=C:\Users\REFRIZ~1.DWI\AppData\Local\Temp


JNI global refs:
JNI global refs: 10, weak refs: 9

JNI global refs memory usage: 843, weak refs: 841


---------------  S Y S T E M  ---------------

OS:
 Windows 10 , 64 bit Build 19041 (10.0.19041.3570)
OS uptime: 0 days 6:22 hours

CPU: total 4 (initial active 4) (2 cores per cpu, 2 threads per core) family 6 model 61 stepping 4 microcode 0x2f, cx8, cmov, fxsr, ht, mmx, 3dnowpref, sse, sse2, sse3, ssse3, sse4.1, sse4.2, popcnt, lzcnt, tsc, tscinvbit, avx, avx2, aes, erms, clmul, bmi1, bmi2, adx, fma, vzeroupper, clflush

Memory: 4k page, system-wide physical 8083M (717M free)
TotalPageFile size 8083M (AvailPageFile size 5M)
current process WorkingSet (physical memory assigned to process): 211M, peak: 219M
current process commit charge ("private bytes"): 259M, peak: 260M

vm_info: OpenJDK 64-Bit Server VM (17.0.6+0-b2043.56-10027231) for windows-amd64 JRE (17.0.6+0-b2043.56-10027231), built on Apr 28 2023 00:43:19 by "androidbuild" with MS VC++ 16.10 / 16.11 (VS2019)

END.
