#
# There is insufficient memory for the Java Runtime Environment to continue.
# Native memory allocation (malloc) failed to allocate 1848896 bytes for Chunk::new
# Possible reasons:
#   The system is out of physical RAM or swap space
#   The process is running with CompressedOops enabled, and the Java Heap may be blocking the growth of the native heap
# Possible solutions:
#   Reduce memory load on the system
#   Increase physical memory or swap space
#   Check if swap backing store is full
#   Decrease Java heap size (-Xmx/-Xms)
#   Decrease number of Java threads
#   Decrease Java thread stack sizes (-Xss)
#   Set larger code cache with -XX:ReservedCodeCacheSize=
#   JVM is running with Unscaled Compressed Oops mode in which the Java heap is
#     placed in the first 4GB address space. The Java Heap base address is the
#     maximum limit for the native heap growth. Please use -XX:HeapBaseMinAddress
#     to set the Java Heap base and to place the Java Heap above 4GB virtual address.
# This output file may be truncated or incomplete.
#
#  Out of Memory Error (arena.cpp:189), pid=7828, tid=6928
#
# JRE version: OpenJDK Runtime Environment (17.0.6) (build 17.0.6+0-b2043.56-10027231)
# Java VM: OpenJDK 64-Bit Server VM (17.0.6+0-b2043.56-10027231, mixed mode, tiered, compressed oops, compressed class ptrs, g1 gc, windows-amd64)
# No core dump will be written. Minidumps are not enabled by default on client versions of Windows
#

---------------  S U M M A R Y ------------

Command Line: org.jetbrains.kotlin.cli.jvm.K2JVMCompiler @C:\Users\refrizar.dwiardito\AndroidStudioProjects\Catwell\app\build\20231018_1524521867019297423.compiler.options

Host: Intel(R) Core(TM) i5-5200U CPU @ 2.20GHz, 4 cores, 7G,  Windows 10 , 64 bit Build 19041 (10.0.19041.3570)
Time: Wed Oct 18 22:50:10 2023 SE Asia Standard Time elapsed time: 19.858824 seconds (0d 0h 0m 19s)

---------------  T H R E A D  ---------------

Current thread (0x0000020354c66380):  JavaThread "C2 CompilerThread0" daemon [_thread_in_native, id=6928, stack(0x000000148d800000,0x000000148d900000)]


Current CompileTask:
C2:  19858 12424       4       org.jetbrains.kotlin.resolve.scopes.LexicalChainedScope::definitelyDoesNotContainName (63 bytes)

Stack: [0x000000148d800000,0x000000148d900000]
Native frames: (J=compiled Java code, j=interpreted, Vv=VM code, C=native code)
V  [jvm.dll+0x683c9a]
V  [jvm.dll+0x8427a4]
V  [jvm.dll+0x843f9e]
V  [jvm.dll+0x844603]
V  [jvm.dll+0x249b75]
V  [jvm.dll+0xabcac]
V  [jvm.dll+0xac27c]
V  [jvm.dll+0x368857]
V  [jvm.dll+0x332f31]
V  [jvm.dll+0x3323da]
V  [jvm.dll+0x21c201]
V  [jvm.dll+0x21b621]
V  [jvm.dll+0x1a4fdd]
V  [jvm.dll+0x22b098]
V  [jvm.dll+0x229159]
V  [jvm.dll+0x7f81ec]
V  [jvm.dll+0x7f274a]
V  [jvm.dll+0x682ad5]
C  [ucrtbase.dll+0x21bb2]
C  [KERNEL32.DLL+0x17344]
C  [ntdll.dll+0x526b1]


---------------  P R O C E S S  ---------------

Threads class SMR info:
_java_thread_list=0x0000020356c1b070, length=13, elements={
0x0000020338c28490, 0x0000020354092270, 0x000002035407c530, 0x0000020354c5ea20,
0x0000020354c605e0, 0x0000020354c62fa0, 0x0000020354c64960, 0x0000020354c66380,
0x0000020354c82980, 0x0000020354c877b0, 0x0000020354dca310, 0x0000020354ddcc30,
0x0000020357e67be0
}

Java Threads: ( => current thread )
  0x0000020338c28490 JavaThread "main" [_thread_in_Java, id=3580, stack(0x000000148cb00000,0x000000148cc00000)]
  0x0000020354092270 JavaThread "Reference Handler" daemon [_thread_blocked, id=8576, stack(0x000000148d200000,0x000000148d300000)]
  0x000002035407c530 JavaThread "Finalizer" daemon [_thread_blocked, id=11140, stack(0x000000148d300000,0x000000148d400000)]
  0x0000020354c5ea20 JavaThread "Signal Dispatcher" daemon [_thread_blocked, id=5084, stack(0x000000148d400000,0x000000148d500000)]
  0x0000020354c605e0 JavaThread "Attach Listener" daemon [_thread_blocked, id=368, stack(0x000000148d500000,0x000000148d600000)]
  0x0000020354c62fa0 JavaThread "Service Thread" daemon [_thread_blocked, id=9936, stack(0x000000148d600000,0x000000148d700000)]
  0x0000020354c64960 JavaThread "Monitor Deflation Thread" daemon [_thread_blocked, id=9552, stack(0x000000148d700000,0x000000148d800000)]
=>0x0000020354c66380 JavaThread "C2 CompilerThread0" daemon [_thread_in_native, id=6928, stack(0x000000148d800000,0x000000148d900000)]
  0x0000020354c82980 JavaThread "C1 CompilerThread0" daemon [_thread_in_vm, id=7688, stack(0x000000148d900000,0x000000148da00000)]
  0x0000020354c877b0 JavaThread "Sweeper thread" daemon [_thread_blocked, id=11044, stack(0x000000148da00000,0x000000148db00000)]
  0x0000020354dca310 JavaThread "Notification Thread" daemon [_thread_blocked, id=10920, stack(0x000000148db00000,0x000000148dc00000)]
  0x0000020354ddcc30 JavaThread "Common-Cleaner" daemon [_thread_blocked, id=6836, stack(0x000000148dd00000,0x000000148de00000)]
  0x0000020357e67be0 JavaThread "C2 CompilerThread1" daemon [_thread_in_native, id=6748, stack(0x000000148e300000,0x000000148e400000)]

Other Threads:
  0x0000020354040b30 VMThread "VM Thread" [stack: 0x000000148d100000,0x000000148d200000] [id=9740]
  0x0000020354dca7e0 WatcherThread [stack: 0x000000148dc00000,0x000000148dd00000] [id=8524]
  0x0000020338c84210 GCTaskThread "GC Thread#0" [stack: 0x000000148cc00000,0x000000148cd00000] [id=9880]
  0x00000203551f67e0 GCTaskThread "GC Thread#1" [stack: 0x000000148df00000,0x000000148e000000] [id=6792]
  0x00000203551b5e90 GCTaskThread "GC Thread#2" [stack: 0x000000148e000000,0x000000148e100000] [id=5828]
  0x0000020355208340 GCTaskThread "GC Thread#3" [stack: 0x000000148e100000,0x000000148e200000] [id=8396]
  0x0000020338c955b0 ConcurrentGCThread "G1 Main Marker" [stack: 0x000000148cd00000,0x000000148ce00000] [id=11232]
  0x0000020338c96fd0 ConcurrentGCThread "G1 Conc#0" [stack: 0x000000148ce00000,0x000000148cf00000] [id=7256]
  0x0000020338cfdb70 ConcurrentGCThread "G1 Refine#0" [stack: 0x000000148cf00000,0x000000148d000000] [id=10012]
  0x0000020354e87ca0 ConcurrentGCThread "G1 Refine#1" [stack: 0x000000148de00000,0x000000148df00000] [id=3320]
  0x000002035643bf30 ConcurrentGCThread "G1 Refine#2" [stack: 0x000000148e200000,0x000000148e300000] [id=8564]
  0x0000020338cfe590 ConcurrentGCThread "G1 Service" [stack: 0x000000148d000000,0x000000148d100000] [id=3552]

Threads with active compile tasks:
C2 CompilerThread0    19890 12424       4       org.jetbrains.kotlin.resolve.scopes.LexicalChainedScope::definitelyDoesNotContainName (63 bytes)
C1 CompilerThread0    19890 12596       3       org.jetbrains.kotlin.cfg.pseudocode.PseudocodeUtilsKt::getSideEffectFree (20 bytes)
C2 CompilerThread1    19891 12423       4       org.jetbrains.kotlin.resolve.scopes.InnerClassesScopeWrapper::definitelyDoesNotContainName (17 bytes)

VM state: not at safepoint (normal execution)

VM Mutex/Monitor currently owned by a thread: None

Heap address: 0x0000000081a00000, size: 2022 MB, Compressed Oops mode: 32-bit

CDS archive(s) not mapped
Compressed class space mapped at: 0x0000000100000000-0x0000000140000000, reserved size: 1073741824
Narrow klass base: 0x0000000000000000, Narrow klass shift: 3, Narrow klass range: 0x140000000

GC Precious Log:
 CPUs: 4 total, 4 available
 Memory: 8083M
 Large Page Support: Disabled
 NUMA Support: Disabled
 Compressed Oops: Enabled (32-bit)
 Heap Region Size: 1M
 Heap Min Capacity: 8M
 Heap Initial Capacity: 128M
 Heap Max Capacity: 2022M
 Pre-touch: Disabled
 Parallel Workers: 4
 Concurrent Workers: 1
 Concurrent Refinement Workers: 4
 Periodic GC: Disabled

Heap:
 garbage-first heap   total 195584K, used 123398K [0x0000000081a00000, 0x0000000100000000)
  region size 1024K, 57 young (58368K), 10 survivors (10240K)
 Metaspace       used 68598K, committed 68928K, reserved 1114112K
  class space    used 7775K, committed 7936K, reserved 1048576K

Heap Regions: E=young(eden), S=young(survivor), O=old, HS=humongous(starts), HC=humongous(continues), CS=collection set, F=free, OA=open archive, CA=closed archive, TAMS=top-at-mark-start (previous, next)
|   0|0x0000000081a00000, 0x0000000081b00000, 0x0000000081b00000|100%|HS|  |TAMS 0x0000000081b00000, 0x0000000081a00000| Complete 
|   1|0x0000000081b00000, 0x0000000081c00000, 0x0000000081c00000|100%|HC|  |TAMS 0x0000000081c00000, 0x0000000081b00000| Complete 
|   2|0x0000000081c00000, 0x0000000081d00000, 0x0000000081d00000|100%|HC|  |TAMS 0x0000000081d00000, 0x0000000081c00000| Complete 
|   3|0x0000000081d00000, 0x0000000081e00000, 0x0000000081e00000|100%|HC|  |TAMS 0x0000000081e00000, 0x0000000081d00000| Complete 
|   4|0x0000000081e00000, 0x0000000081f00000, 0x0000000081f00000|100%| O|  |TAMS 0x0000000081f00000, 0x0000000081e00000| Untracked 
|   5|0x0000000081f00000, 0x0000000082000000, 0x0000000082000000|100%| O|  |TAMS 0x0000000082000000, 0x0000000081f00000| Untracked 
|   6|0x0000000082000000, 0x0000000082100000, 0x0000000082100000|100%| O|  |TAMS 0x0000000082000000, 0x0000000082000000| Untracked 
|   7|0x0000000082100000, 0x0000000082200000, 0x0000000082200000|100%| O|  |TAMS 0x0000000082200000, 0x0000000082100000| Untracked 
|   8|0x0000000082200000, 0x0000000082300000, 0x0000000082300000|100%| O|  |TAMS 0x0000000082300000, 0x0000000082200000| Untracked 
|   9|0x0000000082300000, 0x0000000082400000, 0x0000000082400000|100%| O|  |TAMS 0x0000000082300000, 0x0000000082300000| Untracked 
|  10|0x0000000082400000, 0x0000000082500000, 0x0000000082500000|100%| O|  |TAMS 0x0000000082400000, 0x0000000082400000| Untracked 
|  11|0x0000000082500000, 0x0000000082600000, 0x0000000082600000|100%| O|  |TAMS 0x0000000082600000, 0x0000000082500000| Untracked 
|  12|0x0000000082600000, 0x0000000082700000, 0x0000000082700000|100%| O|  |TAMS 0x0000000082700000, 0x0000000082600000| Untracked 
|  13|0x0000000082700000, 0x0000000082800000, 0x0000000082800000|100%| O|  |TAMS 0x0000000082800000, 0x0000000082700000| Untracked 
|  14|0x0000000082800000, 0x0000000082900000, 0x0000000082900000|100%| O|  |TAMS 0x0000000082900000, 0x0000000082800000| Untracked 
|  15|0x0000000082900000, 0x0000000082a00000, 0x0000000082a00000|100%| O|  |TAMS 0x0000000082a00000, 0x0000000082900000| Untracked 
|  16|0x0000000082a00000, 0x0000000082b00000, 0x0000000082b00000|100%| O|  |TAMS 0x0000000082b00000, 0x0000000082a00000| Untracked 
|  17|0x0000000082b00000, 0x0000000082c00000, 0x0000000082c00000|100%| O|  |TAMS 0x0000000082c00000, 0x0000000082b00000| Untracked 
|  18|0x0000000082c00000, 0x0000000082d00000, 0x0000000082d00000|100%| O|  |TAMS 0x0000000082d00000, 0x0000000082c00000| Untracked 
|  19|0x0000000082d00000, 0x0000000082e00000, 0x0000000082e00000|100%| O|  |TAMS 0x0000000082e00000, 0x0000000082d00000| Untracked 
|  20|0x0000000082e00000, 0x0000000082f00000, 0x0000000082f00000|100%| O|  |TAMS 0x0000000082f00000, 0x0000000082e00000| Untracked 
|  21|0x0000000082f00000, 0x0000000083000000, 0x0000000083000000|100%| O|  |TAMS 0x0000000083000000, 0x0000000082f00000| Untracked 
|  22|0x0000000083000000, 0x0000000083100000, 0x0000000083100000|100%| O|  |TAMS 0x0000000083043400, 0x0000000083000000| Untracked 
|  23|0x0000000083100000, 0x0000000083200000, 0x0000000083200000|100%|HS|  |TAMS 0x0000000083100000, 0x0000000083100000| Complete 
|  24|0x0000000083200000, 0x0000000083300000, 0x0000000083300000|100%|HC|  |TAMS 0x0000000083200000, 0x0000000083200000| Complete 
|  25|0x0000000083300000, 0x0000000083400000, 0x0000000083400000|100%| O|  |TAMS 0x0000000083300000, 0x0000000083300000| Untracked 
|  26|0x0000000083400000, 0x0000000083500000, 0x0000000083500000|100%| O|  |TAMS 0x0000000083400000, 0x0000000083400000| Untracked 
|  27|0x0000000083500000, 0x0000000083600000, 0x0000000083600000|100%| O|  |TAMS 0x0000000083500000, 0x0000000083500000| Untracked 
|  28|0x0000000083600000, 0x0000000083700000, 0x0000000083700000|100%| O|  |TAMS 0x0000000083600000, 0x0000000083600000| Untracked 
|  29|0x0000000083700000, 0x0000000083800000, 0x0000000083800000|100%| O|  |TAMS 0x0000000083700000, 0x0000000083700000| Untracked 
|  30|0x0000000083800000, 0x0000000083900000, 0x0000000083900000|100%| O|  |TAMS 0x0000000083800000, 0x0000000083800000| Untracked 
|  31|0x0000000083900000, 0x0000000083a00000, 0x0000000083a00000|100%| O|  |TAMS 0x0000000083900000, 0x0000000083900000| Untracked 
|  32|0x0000000083a00000, 0x0000000083b00000, 0x0000000083b00000|100%| O|  |TAMS 0x0000000083a00000, 0x0000000083a00000| Untracked 
|  33|0x0000000083b00000, 0x0000000083c00000, 0x0000000083c00000|100%| O|  |TAMS 0x0000000083b00000, 0x0000000083b00000| Untracked 
|  34|0x0000000083c00000, 0x0000000083d00000, 0x0000000083d00000|100%| O|  |TAMS 0x0000000083c00000, 0x0000000083c00000| Untracked 
|  35|0x0000000083d00000, 0x0000000083e00000, 0x0000000083e00000|100%| O|  |TAMS 0x0000000083d00000, 0x0000000083d00000| Untracked 
|  36|0x0000000083e00000, 0x0000000083f00000, 0x0000000083f00000|100%| O|  |TAMS 0x0000000083e00000, 0x0000000083e00000| Untracked 
|  37|0x0000000083f00000, 0x0000000084000000, 0x0000000084000000|100%| O|  |TAMS 0x0000000083f00000, 0x0000000083f00000| Untracked 
|  38|0x0000000084000000, 0x0000000084100000, 0x0000000084100000|100%| O|  |TAMS 0x0000000084000000, 0x0000000084000000| Untracked 
|  39|0x0000000084100000, 0x0000000084200000, 0x0000000084200000|100%| O|  |TAMS 0x0000000084100000, 0x0000000084100000| Untracked 
|  40|0x0000000084200000, 0x0000000084300000, 0x0000000084300000|100%| O|  |TAMS 0x0000000084200000, 0x0000000084200000| Untracked 
|  41|0x0000000084300000, 0x0000000084400000, 0x0000000084400000|100%| O|  |TAMS 0x0000000084300000, 0x0000000084300000| Untracked 
|  42|0x0000000084400000, 0x0000000084500000, 0x0000000084500000|100%| O|  |TAMS 0x0000000084400000, 0x0000000084400000| Untracked 
|  43|0x0000000084500000, 0x0000000084600000, 0x0000000084600000|100%| O|  |TAMS 0x0000000084500000, 0x0000000084500000| Untracked 
|  44|0x0000000084600000, 0x0000000084700000, 0x0000000084700000|100%| O|  |TAMS 0x0000000084600000, 0x0000000084600000| Untracked 
|  45|0x0000000084700000, 0x0000000084800000, 0x0000000084800000|100%| O|  |TAMS 0x0000000084700000, 0x0000000084700000| Untracked 
|  46|0x0000000084800000, 0x0000000084900000, 0x0000000084900000|100%| O|  |TAMS 0x0000000084800000, 0x0000000084800000| Untracked 
|  47|0x0000000084900000, 0x0000000084a00000, 0x0000000084a00000|100%| O|  |TAMS 0x0000000084900000, 0x0000000084900000| Untracked 
|  48|0x0000000084a00000, 0x0000000084b00000, 0x0000000084b00000|100%| O|  |TAMS 0x0000000084a00000, 0x0000000084a00000| Untracked 
|  49|0x0000000084b00000, 0x0000000084c00000, 0x0000000084c00000|100%| O|  |TAMS 0x0000000084b00000, 0x0000000084b00000| Untracked 
|  50|0x0000000084c00000, 0x0000000084d00000, 0x0000000084d00000|100%|HS|  |TAMS 0x0000000084c00000, 0x0000000084c00000| Complete 
|  51|0x0000000084d00000, 0x0000000084e00000, 0x0000000084e00000|100%|HC|  |TAMS 0x0000000084d00000, 0x0000000084d00000| Complete 
|  52|0x0000000084e00000, 0x0000000084f00000, 0x0000000084f00000|100%| O|  |TAMS 0x0000000084e00000, 0x0000000084e00000| Untracked 
|  53|0x0000000084f00000, 0x0000000085000000, 0x0000000085000000|100%| O|  |TAMS 0x0000000084f00000, 0x0000000084f00000| Untracked 
|  54|0x0000000085000000, 0x0000000085100000, 0x0000000085100000|100%| O|  |TAMS 0x0000000085000000, 0x0000000085000000| Untracked 
|  55|0x0000000085100000, 0x0000000085200000, 0x0000000085200000|100%| O|  |TAMS 0x0000000085100000, 0x0000000085100000| Untracked 
|  56|0x0000000085200000, 0x0000000085300000, 0x0000000085300000|100%| O|  |TAMS 0x0000000085200000, 0x0000000085200000| Untracked 
|  57|0x0000000085300000, 0x0000000085400000, 0x0000000085400000|100%| O|  |TAMS 0x0000000085300000, 0x0000000085300000| Untracked 
|  58|0x0000000085400000, 0x0000000085500000, 0x0000000085500000|100%| O|  |TAMS 0x0000000085400000, 0x0000000085400000| Untracked 
|  59|0x0000000085500000, 0x0000000085600000, 0x0000000085600000|100%| O|  |TAMS 0x0000000085500000, 0x0000000085500000| Untracked 
|  60|0x0000000085600000, 0x0000000085700000, 0x0000000085700000|100%| O|  |TAMS 0x0000000085600000, 0x0000000085600000| Untracked 
|  61|0x0000000085700000, 0x0000000085800000, 0x0000000085800000|100%| O|  |TAMS 0x0000000085700000, 0x0000000085700000| Untracked 
|  62|0x0000000085800000, 0x0000000085900000, 0x0000000085900000|100%| O|  |TAMS 0x0000000085800000, 0x0000000085800000| Untracked 
|  63|0x0000000085900000, 0x0000000085a00000, 0x0000000085a00000|100%| O|  |TAMS 0x0000000085900000, 0x0000000085900000| Untracked 
|  64|0x0000000085a00000, 0x0000000085a81800, 0x0000000085b00000| 50%| O|  |TAMS 0x0000000085a00000, 0x0000000085a00000| Untracked 
|  65|0x0000000085b00000, 0x0000000085b00000, 0x0000000085c00000|  0%| F|  |TAMS 0x0000000085b00000, 0x0000000085b00000| Untracked 
|  66|0x0000000085c00000, 0x0000000085c00000, 0x0000000085d00000|  0%| F|  |TAMS 0x0000000085c00000, 0x0000000085c00000| Untracked 
|  67|0x0000000085d00000, 0x0000000085d00000, 0x0000000085e00000|  0%| F|  |TAMS 0x0000000085d00000, 0x0000000085d00000| Untracked 
|  68|0x0000000085e00000, 0x0000000085e00000, 0x0000000085f00000|  0%| F|  |TAMS 0x0000000085e00000, 0x0000000085e00000| Untracked 
|  69|0x0000000085f00000, 0x0000000085f00000, 0x0000000086000000|  0%| F|  |TAMS 0x0000000085f00000, 0x0000000085f00000| Untracked 
|  70|0x0000000086000000, 0x0000000086000000, 0x0000000086100000|  0%| F|  |TAMS 0x0000000086000000, 0x0000000086000000| Untracked 
|  71|0x0000000086100000, 0x0000000086100000, 0x0000000086200000|  0%| F|  |TAMS 0x0000000086100000, 0x0000000086100000| Untracked 
|  72|0x0000000086200000, 0x0000000086200000, 0x0000000086300000|  0%| F|  |TAMS 0x0000000086200000, 0x0000000086200000| Untracked 
|  73|0x0000000086300000, 0x0000000086300000, 0x0000000086400000|  0%| F|  |TAMS 0x0000000086300000, 0x0000000086300000| Untracked 
|  74|0x0000000086400000, 0x0000000086400000, 0x0000000086500000|  0%| F|  |TAMS 0x0000000086400000, 0x0000000086400000| Untracked 
|  75|0x0000000086500000, 0x0000000086500000, 0x0000000086600000|  0%| F|  |TAMS 0x0000000086500000, 0x0000000086500000| Untracked 
|  76|0x0000000086600000, 0x0000000086600000, 0x0000000086700000|  0%| F|  |TAMS 0x0000000086600000, 0x0000000086600000| Untracked 
|  77|0x0000000086700000, 0x0000000086700000, 0x0000000086800000|  0%| F|  |TAMS 0x0000000086700000, 0x0000000086700000| Untracked 
|  78|0x0000000086800000, 0x0000000086800000, 0x0000000086900000|  0%| F|  |TAMS 0x0000000086800000, 0x0000000086800000| Untracked 
|  79|0x0000000086900000, 0x0000000086900000, 0x0000000086a00000|  0%| F|  |TAMS 0x0000000086900000, 0x0000000086900000| Untracked 
|  80|0x0000000086a00000, 0x0000000086a00000, 0x0000000086b00000|  0%| F|  |TAMS 0x0000000086a00000, 0x0000000086a00000| Untracked 
|  81|0x0000000086b00000, 0x0000000086b00000, 0x0000000086c00000|  0%| F|  |TAMS 0x0000000086b00000, 0x0000000086b00000| Untracked 
|  82|0x0000000086c00000, 0x0000000086c00000, 0x0000000086d00000|  0%| F|  |TAMS 0x0000000086c00000, 0x0000000086c00000| Untracked 
|  83|0x0000000086d00000, 0x0000000086d00000, 0x0000000086e00000|  0%| F|  |TAMS 0x0000000086d00000, 0x0000000086d00000| Untracked 
|  84|0x0000000086e00000, 0x0000000086e00000, 0x0000000086f00000|  0%| F|  |TAMS 0x0000000086e00000, 0x0000000086e00000| Untracked 
|  85|0x0000000086f00000, 0x0000000086f00000, 0x0000000087000000|  0%| F|  |TAMS 0x0000000086f00000, 0x0000000086f00000| Untracked 
|  86|0x0000000087000000, 0x0000000087000000, 0x0000000087100000|  0%| F|  |TAMS 0x0000000087000000, 0x0000000087000000| Untracked 
|  87|0x0000000087100000, 0x0000000087100000, 0x0000000087200000|  0%| F|  |TAMS 0x0000000087100000, 0x0000000087100000| Untracked 
|  88|0x0000000087200000, 0x0000000087200000, 0x0000000087300000|  0%| F|  |TAMS 0x0000000087200000, 0x0000000087200000| Untracked 
|  89|0x0000000087300000, 0x0000000087300000, 0x0000000087400000|  0%| F|  |TAMS 0x0000000087300000, 0x0000000087300000| Untracked 
|  90|0x0000000087400000, 0x0000000087400000, 0x0000000087500000|  0%| F|  |TAMS 0x0000000087400000, 0x0000000087400000| Untracked 
|  91|0x0000000087500000, 0x0000000087500000, 0x0000000087600000|  0%| F|  |TAMS 0x0000000087500000, 0x0000000087500000| Untracked 
|  92|0x0000000087600000, 0x0000000087600000, 0x0000000087700000|  0%| F|  |TAMS 0x0000000087600000, 0x0000000087600000| Untracked 
|  93|0x0000000087700000, 0x0000000087800000, 0x0000000087800000|100%| S|CS|TAMS 0x0000000087700000, 0x0000000087700000| Complete 
|  94|0x0000000087800000, 0x0000000087900000, 0x0000000087900000|100%| S|CS|TAMS 0x0000000087800000, 0x0000000087800000| Complete 
|  95|0x0000000087900000, 0x0000000087a00000, 0x0000000087a00000|100%| S|CS|TAMS 0x0000000087900000, 0x0000000087900000| Complete 
|  96|0x0000000087a00000, 0x0000000087b00000, 0x0000000087b00000|100%| S|CS|TAMS 0x0000000087a00000, 0x0000000087a00000| Complete 
|  97|0x0000000087b00000, 0x0000000087c00000, 0x0000000087c00000|100%| S|CS|TAMS 0x0000000087b00000, 0x0000000087b00000| Complete 
|  98|0x0000000087c00000, 0x0000000087d00000, 0x0000000087d00000|100%| S|CS|TAMS 0x0000000087c00000, 0x0000000087c00000| Complete 
|  99|0x0000000087d00000, 0x0000000087e00000, 0x0000000087e00000|100%| S|CS|TAMS 0x0000000087d00000, 0x0000000087d00000| Complete 
| 100|0x0000000087e00000, 0x0000000087f00000, 0x0000000087f00000|100%| S|CS|TAMS 0x0000000087e00000, 0x0000000087e00000| Complete 
| 101|0x0000000087f00000, 0x0000000088000000, 0x0000000088000000|100%| S|CS|TAMS 0x0000000087f00000, 0x0000000087f00000| Complete 
| 102|0x0000000088000000, 0x0000000088100000, 0x0000000088100000|100%| S|CS|TAMS 0x0000000088000000, 0x0000000088000000| Complete 
| 103|0x0000000088100000, 0x0000000088100000, 0x0000000088200000|  0%| F|  |TAMS 0x0000000088100000, 0x0000000088100000| Untracked 
| 104|0x0000000088200000, 0x0000000088200000, 0x0000000088300000|  0%| F|  |TAMS 0x0000000088200000, 0x0000000088200000| Untracked 
| 105|0x0000000088300000, 0x0000000088300000, 0x0000000088400000|  0%| F|  |TAMS 0x0000000088300000, 0x0000000088300000| Untracked 
| 106|0x0000000088400000, 0x0000000088400000, 0x0000000088500000|  0%| F|  |TAMS 0x0000000088400000, 0x0000000088400000| Untracked 
| 107|0x0000000088500000, 0x0000000088500000, 0x0000000088600000|  0%| F|  |TAMS 0x0000000088500000, 0x0000000088500000| Untracked 
| 108|0x0000000088600000, 0x0000000088600000, 0x0000000088700000|  0%| F|  |TAMS 0x0000000088600000, 0x0000000088600000| Untracked 
| 109|0x0000000088700000, 0x0000000088700000, 0x0000000088800000|  0%| F|  |TAMS 0x0000000088700000, 0x0000000088700000| Untracked 
| 110|0x0000000088800000, 0x0000000088800000, 0x0000000088900000|  0%| F|  |TAMS 0x0000000088800000, 0x0000000088800000| Untracked 
| 111|0x0000000088900000, 0x0000000088900000, 0x0000000088a00000|  0%| F|  |TAMS 0x0000000088900000, 0x0000000088900000| Untracked 
| 112|0x0000000088a00000, 0x0000000088a00000, 0x0000000088b00000|  0%| F|  |TAMS 0x0000000088a00000, 0x0000000088a00000| Untracked 
| 113|0x0000000088b00000, 0x0000000088b00000, 0x0000000088c00000|  0%| F|  |TAMS 0x0000000088b00000, 0x0000000088b00000| Untracked 
| 114|0x0000000088c00000, 0x0000000088c00000, 0x0000000088d00000|  0%| F|  |TAMS 0x0000000088c00000, 0x0000000088c00000| Untracked 
| 115|0x0000000088d00000, 0x0000000088d00000, 0x0000000088e00000|  0%| F|  |TAMS 0x0000000088d00000, 0x0000000088d00000| Untracked 
| 116|0x0000000088e00000, 0x0000000088e00000, 0x0000000088f00000|  0%| F|  |TAMS 0x0000000088e00000, 0x0000000088e00000| Untracked 
| 117|0x0000000088f00000, 0x0000000088f00000, 0x0000000089000000|  0%| F|  |TAMS 0x0000000088f00000, 0x0000000088f00000| Untracked 
| 118|0x0000000089000000, 0x0000000089000000, 0x0000000089100000|  0%| F|  |TAMS 0x0000000089000000, 0x0000000089000000| Untracked 
| 119|0x0000000089100000, 0x0000000089100000, 0x0000000089200000|  0%| F|  |TAMS 0x0000000089100000, 0x0000000089100000| Untracked 
| 120|0x0000000089200000, 0x0000000089200000, 0x0000000089300000|  0%| F|  |TAMS 0x0000000089200000, 0x0000000089200000| Untracked 
| 121|0x0000000089300000, 0x0000000089300000, 0x0000000089400000|  0%| F|  |TAMS 0x0000000089300000, 0x0000000089300000| Untracked 
| 122|0x0000000089400000, 0x0000000089400000, 0x0000000089500000|  0%| F|  |TAMS 0x0000000089400000, 0x0000000089400000| Untracked 
| 123|0x0000000089500000, 0x0000000089500000, 0x0000000089600000|  0%| F|  |TAMS 0x0000000089500000, 0x0000000089500000| Untracked 
| 124|0x0000000089600000, 0x0000000089600000, 0x0000000089700000|  0%| F|  |TAMS 0x0000000089600000, 0x0000000089600000| Untracked 
| 125|0x0000000089700000, 0x0000000089700000, 0x0000000089800000|  0%| F|  |TAMS 0x0000000089700000, 0x0000000089700000| Untracked 
| 126|0x0000000089800000, 0x0000000089800000, 0x0000000089900000|  0%| F|  |TAMS 0x0000000089800000, 0x0000000089800000| Untracked 
| 127|0x0000000089900000, 0x0000000089900000, 0x0000000089a00000|  0%| F|  |TAMS 0x0000000089900000, 0x0000000089900000| Untracked 
| 128|0x0000000089a00000, 0x0000000089a00000, 0x0000000089b00000|  0%| F|  |TAMS 0x0000000089a00000, 0x0000000089a00000| Untracked 
| 129|0x0000000089b00000, 0x0000000089b00000, 0x0000000089c00000|  0%| F|  |TAMS 0x0000000089b00000, 0x0000000089b00000| Untracked 
| 130|0x0000000089c00000, 0x0000000089c00000, 0x0000000089d00000|  0%| F|  |TAMS 0x0000000089c00000, 0x0000000089c00000| Untracked 
| 131|0x0000000089d00000, 0x0000000089d00000, 0x0000000089e00000|  0%| F|  |TAMS 0x0000000089d00000, 0x0000000089d00000| Untracked 
| 132|0x0000000089e00000, 0x0000000089e00000, 0x0000000089f00000|  0%| F|  |TAMS 0x0000000089e00000, 0x0000000089e00000| Untracked 
| 133|0x0000000089f00000, 0x0000000089f00000, 0x000000008a000000|  0%| F|  |TAMS 0x0000000089f00000, 0x0000000089f00000| Untracked 
| 134|0x000000008a000000, 0x000000008a000000, 0x000000008a100000|  0%| F|  |TAMS 0x000000008a000000, 0x000000008a000000| Untracked 
| 135|0x000000008a100000, 0x000000008a100000, 0x000000008a200000|  0%| F|  |TAMS 0x000000008a100000, 0x000000008a100000| Untracked 
| 136|0x000000008a200000, 0x000000008a200000, 0x000000008a300000|  0%| F|  |TAMS 0x000000008a200000, 0x000000008a200000| Untracked 
| 137|0x000000008a300000, 0x000000008a300000, 0x000000008a400000|  0%| F|  |TAMS 0x000000008a300000, 0x000000008a300000| Untracked 
| 138|0x000000008a400000, 0x000000008a400000, 0x000000008a500000|  0%| F|  |TAMS 0x000000008a400000, 0x000000008a400000| Untracked 
| 139|0x000000008a500000, 0x000000008a500000, 0x000000008a600000|  0%| F|  |TAMS 0x000000008a500000, 0x000000008a500000| Untracked 
| 140|0x000000008a600000, 0x000000008a600000, 0x000000008a700000|  0%| F|  |TAMS 0x000000008a600000, 0x000000008a600000| Untracked 
| 141|0x000000008a700000, 0x000000008a700000, 0x000000008a800000|  0%| F|  |TAMS 0x000000008a700000, 0x000000008a700000| Untracked 
| 142|0x000000008a800000, 0x000000008a800000, 0x000000008a900000|  0%| F|  |TAMS 0x000000008a800000, 0x000000008a800000| Untracked 
| 143|0x000000008a900000, 0x000000008a980800, 0x000000008aa00000| 50%| E|  |TAMS 0x000000008a900000, 0x000000008a900000| Complete 
| 144|0x000000008aa00000, 0x000000008ab00000, 0x000000008ab00000|100%| E|CS|TAMS 0x000000008aa00000, 0x000000008aa00000| Complete 
| 145|0x000000008ab00000, 0x000000008ac00000, 0x000000008ac00000|100%| E|CS|TAMS 0x000000008ab00000, 0x000000008ab00000| Complete 
| 146|0x000000008ac00000, 0x000000008ad00000, 0x000000008ad00000|100%| E|CS|TAMS 0x000000008ac00000, 0x000000008ac00000| Complete 
| 147|0x000000008ad00000, 0x000000008ae00000, 0x000000008ae00000|100%| E|CS|TAMS 0x000000008ad00000, 0x000000008ad00000| Complete 
| 148|0x000000008ae00000, 0x000000008af00000, 0x000000008af00000|100%| E|CS|TAMS 0x000000008ae00000, 0x000000008ae00000| Complete 
| 149|0x000000008af00000, 0x000000008b000000, 0x000000008b000000|100%| E|CS|TAMS 0x000000008af00000, 0x000000008af00000| Complete 
| 150|0x000000008b000000, 0x000000008b100000, 0x000000008b100000|100%| E|CS|TAMS 0x000000008b000000, 0x000000008b000000| Complete 
| 151|0x000000008b100000, 0x000000008b200000, 0x000000008b200000|100%| E|CS|TAMS 0x000000008b100000, 0x000000008b100000| Complete 
| 152|0x000000008b200000, 0x000000008b300000, 0x000000008b300000|100%| E|CS|TAMS 0x000000008b200000, 0x000000008b200000| Complete 
| 153|0x000000008b300000, 0x000000008b400000, 0x000000008b400000|100%| E|CS|TAMS 0x000000008b300000, 0x000000008b300000| Complete 
| 154|0x000000008b400000, 0x000000008b500000, 0x000000008b500000|100%| E|CS|TAMS 0x000000008b400000, 0x000000008b400000| Complete 
| 155|0x000000008b500000, 0x000000008b600000, 0x000000008b600000|100%| E|CS|TAMS 0x000000008b500000, 0x000000008b500000| Complete 
| 156|0x000000008b600000, 0x000000008b700000, 0x000000008b700000|100%| E|CS|TAMS 0x000000008b600000, 0x000000008b600000| Complete 
| 157|0x000000008b700000, 0x000000008b800000, 0x000000008b800000|100%| E|CS|TAMS 0x000000008b700000, 0x000000008b700000| Complete 
| 158|0x000000008b800000, 0x000000008b900000, 0x000000008b900000|100%| E|CS|TAMS 0x000000008b800000, 0x000000008b800000| Complete 
| 159|0x000000008b900000, 0x000000008ba00000, 0x000000008ba00000|100%| E|CS|TAMS 0x000000008b900000, 0x000000008b900000| Complete 
| 160|0x000000008ba00000, 0x000000008bb00000, 0x000000008bb00000|100%| E|CS|TAMS 0x000000008ba00000, 0x000000008ba00000| Complete 
| 161|0x000000008bb00000, 0x000000008bc00000, 0x000000008bc00000|100%| E|CS|TAMS 0x000000008bb00000, 0x000000008bb00000| Complete 
| 162|0x000000008bc00000, 0x000000008bd00000, 0x000000008bd00000|100%| E|CS|TAMS 0x000000008bc00000, 0x000000008bc00000| Complete 
| 163|0x000000008bd00000, 0x000000008be00000, 0x000000008be00000|100%| E|CS|TAMS 0x000000008bd00000, 0x000000008bd00000| Complete 
| 164|0x000000008be00000, 0x000000008bf00000, 0x000000008bf00000|100%| E|CS|TAMS 0x000000008be00000, 0x000000008be00000| Complete 
| 165|0x000000008bf00000, 0x000000008c000000, 0x000000008c000000|100%| E|CS|TAMS 0x000000008bf00000, 0x000000008bf00000| Complete 
| 166|0x000000008c000000, 0x000000008c100000, 0x000000008c100000|100%| E|CS|TAMS 0x000000008c000000, 0x000000008c000000| Complete 
| 167|0x000000008c100000, 0x000000008c200000, 0x000000008c200000|100%| E|CS|TAMS 0x000000008c100000, 0x000000008c100000| Complete 
| 168|0x000000008c200000, 0x000000008c300000, 0x000000008c300000|100%| E|CS|TAMS 0x000000008c200000, 0x000000008c200000| Complete 
| 169|0x000000008c300000, 0x000000008c400000, 0x000000008c400000|100%| E|CS|TAMS 0x000000008c300000, 0x000000008c300000| Complete 
| 170|0x000000008c400000, 0x000000008c500000, 0x000000008c500000|100%| E|CS|TAMS 0x000000008c400000, 0x000000008c400000| Complete 
| 171|0x000000008c500000, 0x000000008c600000, 0x000000008c600000|100%| E|CS|TAMS 0x000000008c500000, 0x000000008c500000| Complete 
| 172|0x000000008c600000, 0x000000008c700000, 0x000000008c700000|100%| E|CS|TAMS 0x000000008c600000, 0x000000008c600000| Complete 
| 173|0x000000008c700000, 0x000000008c800000, 0x000000008c800000|100%| E|CS|TAMS 0x000000008c700000, 0x000000008c700000| Complete 
| 174|0x000000008c800000, 0x000000008c900000, 0x000000008c900000|100%| E|CS|TAMS 0x000000008c800000, 0x000000008c800000| Complete 
| 175|0x000000008c900000, 0x000000008ca00000, 0x000000008ca00000|100%| E|CS|TAMS 0x000000008c900000, 0x000000008c900000| Complete 
| 176|0x000000008ca00000, 0x000000008cb00000, 0x000000008cb00000|100%| E|CS|TAMS 0x000000008ca00000, 0x000000008ca00000| Complete 
| 177|0x000000008cb00000, 0x000000008cc00000, 0x000000008cc00000|100%| E|CS|TAMS 0x000000008cb00000, 0x000000008cb00000| Complete 
| 178|0x000000008cc00000, 0x000000008cd00000, 0x000000008cd00000|100%| E|CS|TAMS 0x000000008cc00000, 0x000000008cc00000| Complete 
| 179|0x000000008cd00000, 0x000000008ce00000, 0x000000008ce00000|100%| E|CS|TAMS 0x000000008cd00000, 0x000000008cd00000| Complete 
| 180|0x000000008ce00000, 0x000000008cf00000, 0x000000008cf00000|100%| E|CS|TAMS 0x000000008ce00000, 0x000000008ce00000| Complete 
| 181|0x000000008cf00000, 0x000000008d000000, 0x000000008d000000|100%| E|CS|TAMS 0x000000008cf00000, 0x000000008cf00000| Complete 
| 182|0x000000008d000000, 0x000000008d100000, 0x000000008d100000|100%| E|CS|TAMS 0x000000008d000000, 0x000000008d000000| Complete 
| 183|0x000000008d100000, 0x000000008d200000, 0x000000008d200000|100%| E|CS|TAMS 0x000000008d100000, 0x000000008d100000| Complete 
| 184|0x000000008d200000, 0x000000008d300000, 0x000000008d300000|100%| E|CS|TAMS 0x000000008d200000, 0x000000008d200000| Complete 
| 185|0x000000008d300000, 0x000000008d400000, 0x000000008d400000|100%| E|CS|TAMS 0x000000008d300000, 0x000000008d300000| Complete 
| 186|0x000000008d400000, 0x000000008d500000, 0x000000008d500000|100%| E|CS|TAMS 0x000000008d400000, 0x000000008d400000| Complete 
| 187|0x000000008d500000, 0x000000008d600000, 0x000000008d600000|100%| E|CS|TAMS 0x000000008d500000, 0x000000008d500000| Complete 
| 188|0x000000008d600000, 0x000000008d700000, 0x000000008d700000|100%| E|CS|TAMS 0x000000008d600000, 0x000000008d600000| Complete 
| 189|0x000000008d700000, 0x000000008d800000, 0x000000008d800000|100%| E|CS|TAMS 0x000000008d700000, 0x000000008d700000| Complete 
| 190|0x000000008d800000, 0x000000008d900000, 0x000000008d900000|100%| E|CS|TAMS 0x000000008d800000, 0x000000008d800000| Complete 

Card table byte_map: [0x000002034d320000,0x000002034d720000] _byte_map_base: 0x000002034cf13000

Marking Bits (Prev, Next): (CMBitMap*) 0x0000020338c84860, (CMBitMap*) 0x0000020338c84820
 Prev Bits: [0x000002034fac0000, 0x0000020351a58000)
 Next Bits: [0x000002034db20000, 0x000002034fab8000)

Polling page: 0x0000020338a90000

Metaspace:

Usage:
  Non-class:     59.41 MB used.
      Class:      7.59 MB used.
       Both:     67.00 MB used.

Virtual space:
  Non-class space:       64.00 MB reserved,      59.56 MB ( 93%) committed,  8 nodes.
      Class space:        1.00 GB reserved,       7.75 MB ( <1%) committed,  1 nodes.
             Both:        1.06 GB reserved,      67.31 MB (  6%) committed. 

Chunk freelists:
   Non-Class:  32.00 KB
       Class:  273.00 KB
        Both:  305.00 KB

MaxMetaspaceSize: unlimited
CompressedClassSpaceSize: 1.00 GB
Initial GC threshold: 21.00 MB
Current GC threshold: 73.06 MB
CDS: off
MetaspaceReclaimPolicy: balanced
 - commit_granule_bytes: 65536.
 - commit_granule_words: 8192.
 - virtual_space_node_default_size: 1048576.
 - enlarge_chunks_in_place: 1.
 - new_chunks_are_fully_committed: 0.
 - uncommit_free_chunks: 1.
 - use_allocation_guard: 0.
 - handle_deallocations: 1.


Internal statistics:

num_allocs_failed_limit: 9.
num_arena_births: 324.
num_arena_deaths: 0.
num_vsnodes_births: 9.
num_vsnodes_deaths: 0.
num_space_committed: 1075.
num_space_uncommitted: 0.
num_chunks_returned_to_freelist: 9.
num_chunks_taken_from_freelist: 2557.
num_chunk_merges: 9.
num_chunk_splits: 2035.
num_chunks_enlarged: 1762.
num_purges: 0.
num_inconsistent_stats: 0.

CodeHeap 'non-profiled nmethods': size=120000Kb used=5081Kb max_used=5081Kb free=114918Kb
 bounds [0x00000203453d0000, 0x00000203458d0000, 0x000002034c900000]
CodeHeap 'profiled nmethods': size=120000Kb used=28461Kb max_used=28461Kb free=91538Kb
 bounds [0x000002033d900000, 0x000002033f4d0000, 0x0000020344e30000]
CodeHeap 'non-nmethods': size=5760Kb used=1300Kb max_used=1358Kb free=4459Kb
 bounds [0x0000020344e30000, 0x00000203450a0000, 0x00000203453d0000]
 total_blobs=11436 nmethods=10826 adapters=519
 compilation: enabled
              stopped_count=0, restarted_count=0
 full_count=0

Compilation events (20 events):
Event: 19.842 Thread 0x0000020354c82980 nmethod 12550 0x000002033f49ee10 code [0x000002033f49f020, 0x000002033f49f6a8]
Event: 19.842 Thread 0x0000020354c82980 12551       3       org.jetbrains.kotlin.cfg.ControlFlowInformationProviderImpl$VariableContext::<init> (55 bytes)
Event: 19.843 Thread 0x0000020354c82980 nmethod 12551 0x000002033f49f890 code [0x000002033f49fb60, 0x000002033f4a0898]
Event: 19.843 Thread 0x0000020354c82980 12554       3       org.jetbrains.kotlin.cfg.variable.PseudocodeVariablesData::getAllDeclaredVariables (118 bytes)
Event: 19.844 Thread 0x0000020354c82980 nmethod 12554 0x000002033f4a0d10 code [0x000002033f4a0fc0, 0x000002033f4a1ad8]
Event: 19.845 Thread 0x0000020354c82980 12552       3       org.jetbrains.kotlin.cfg.pseudocode.PseudocodeUtil::extractVariableDescriptorFromReference (70 bytes)
Event: 19.845 Thread 0x0000020354c82980 nmethod 12552 0x000002033f4a1f10 code [0x000002033f4a2140, 0x000002033f4a2b78]
Event: 19.845 Thread 0x0000020354c82980 12553       3       org.jetbrains.kotlin.cfg.pseudocode.PseudocodeImpl::getSinkInstruction (20 bytes)
Event: 19.846 Thread 0x0000020354c82980 nmethod 12553 0x000002033f4a2d10 code [0x000002033f4a2ec0, 0x000002033f4a30e8]
Event: 19.846 Thread 0x0000020354c82980 12555       1       org.jetbrains.kotlin.cfg.variable.PseudocodeVariablesData::getPseudocode (5 bytes)
Event: 19.846 Thread 0x0000020354c82980 nmethod 12555 0x00000203458c4910 code [0x00000203458c4aa0, 0x00000203458c4b78]
Event: 19.852 Thread 0x0000020354c82980 12556       3       java.util.HashMap::get (19 bytes)
Event: 19.853 Thread 0x0000020354c82980 nmethod 12556 0x000002033f4a3210 code [0x000002033f4a33c0, 0x000002033f4a3588]
Event: 19.853 Thread 0x0000020354c82980 12557       1       org.jetbrains.kotlin.cfg.pseudocode.PseudocodeImpl::isInlined (5 bytes)
Event: 19.853 Thread 0x0000020354c82980 nmethod 12557 0x00000203458c4c10 code [0x00000203458c4da0, 0x00000203458c4e78]
Event: 19.853 Thread 0x0000020354c82980 12558       3       org.jetbrains.kotlin.cfg.pseudocode.PseudocodeImpl::getInstructions (8 bytes)
Event: 19.854 Thread 0x0000020354c82980 nmethod 12558 0x000002033f4a3690 code [0x000002033f4a3820, 0x000002033f4a3938]
Event: 19.854 Thread 0x0000020354c82980 12559       1       org.jetbrains.kotlin.cfg.pseudocode.instructions.eval.AccessValueInstruction::getTarget (5 bytes)
Event: 19.854 Thread 0x0000020354c82980 nmethod 12559 0x00000203458c4f10 code [0x00000203458c50a0, 0x00000203458c5178]
Event: 19.856 Thread 0x0000020354c82980 12561       2       org.jetbrains.kotlin.util.slicedMap.SlicedMapImpl::get (68 bytes)

GC Heap History (20 events):
Event: 4.810 GC heap before
{Heap before GC invocations=11 (full 0):
 garbage-first heap   total 54272K, used 37699K [0x0000000081a00000, 0x0000000100000000)
  region size 1024K, 18 young (18432K), 1 survivors (1024K)
 Metaspace       used 44241K, committed 44544K, reserved 1089536K
  class space    used 5361K, committed 5504K, reserved 1048576K
}
Event: 4.822 GC heap after
{Heap after GC invocations=12 (full 0):
 garbage-first heap   total 54272K, used 23185K [0x0000000081a00000, 0x0000000100000000)
  region size 1024K, 3 young (3072K), 3 survivors (3072K)
 Metaspace       used 44241K, committed 44544K, reserved 1089536K
  class space    used 5361K, committed 5504K, reserved 1048576K
}
Event: 5.495 GC heap before
{Heap before GC invocations=13 (full 0):
 garbage-first heap   total 54272K, used 40593K [0x0000000081a00000, 0x0000000100000000)
  region size 1024K, 19 young (19456K), 3 survivors (3072K)
 Metaspace       used 47558K, committed 47808K, reserved 1097728K
  class space    used 5759K, committed 5888K, reserved 1048576K
}
Event: 5.509 GC heap after
{Heap after GC invocations=14 (full 0):
 garbage-first heap   total 54272K, used 27290K [0x0000000081a00000, 0x0000000100000000)
  region size 1024K, 2 young (2048K), 2 survivors (2048K)
 Metaspace       used 47558K, committed 47808K, reserved 1097728K
  class space    used 5759K, committed 5888K, reserved 1048576K
}
Event: 5.543 GC heap before
{Heap before GC invocations=14 (full 0):
 garbage-first heap   total 54272K, used 28314K [0x0000000081a00000, 0x0000000100000000)
  region size 1024K, 3 young (3072K), 2 survivors (2048K)
 Metaspace       used 47641K, committed 47936K, reserved 1097728K
  class space    used 5771K, committed 5888K, reserved 1048576K
}
Event: 5.551 GC heap after
{Heap after GC invocations=15 (full 0):
 garbage-first heap   total 108544K, used 27349K [0x0000000081a00000, 0x0000000100000000)
  region size 1024K, 1 young (1024K), 1 survivors (1024K)
 Metaspace       used 47641K, committed 47936K, reserved 1097728K
  class space    used 5771K, committed 5888K, reserved 1048576K
}
Event: 6.814 GC heap before
{Heap before GC invocations=15 (full 0):
 garbage-first heap   total 108544K, used 81621K [0x0000000081a00000, 0x0000000100000000)
  region size 1024K, 53 young (54272K), 1 survivors (1024K)
 Metaspace       used 52869K, committed 53056K, reserved 1097728K
  class space    used 6326K, committed 6400K, reserved 1048576K
}
Event: 6.831 GC heap after
{Heap after GC invocations=16 (full 0):
 garbage-first heap   total 108544K, used 33572K [0x0000000081a00000, 0x0000000100000000)
  region size 1024K, 7 young (7168K), 7 survivors (7168K)
 Metaspace       used 52869K, committed 53056K, reserved 1097728K
  class space    used 6326K, committed 6400K, reserved 1048576K
}
Event: 8.593 GC heap before
{Heap before GC invocations=16 (full 0):
 garbage-first heap   total 108544K, used 81700K [0x0000000081a00000, 0x0000000100000000)
  region size 1024K, 54 young (55296K), 7 survivors (7168K)
 Metaspace       used 55067K, committed 55296K, reserved 1105920K
  class space    used 6437K, committed 6528K, reserved 1048576K
}
Event: 8.636 GC heap after
{Heap after GC invocations=17 (full 0):
 garbage-first heap   total 108544K, used 41953K [0x0000000081a00000, 0x0000000100000000)
  region size 1024K, 7 young (7168K), 7 survivors (7168K)
 Metaspace       used 55067K, committed 55296K, reserved 1105920K
  class space    used 6437K, committed 6528K, reserved 1048576K
}
Event: 9.357 GC heap before
{Heap before GC invocations=17 (full 0):
 garbage-first heap   total 108544K, used 82913K [0x0000000081a00000, 0x0000000100000000)
  region size 1024K, 47 young (48128K), 7 survivors (7168K)
 Metaspace       used 55488K, committed 55744K, reserved 1105920K
  class space    used 6461K, committed 6592K, reserved 1048576K
}
Event: 9.400 GC heap after
{Heap after GC invocations=18 (full 0):
 garbage-first heap   total 108544K, used 49664K [0x0000000081a00000, 0x0000000100000000)
  region size 1024K, 6 young (6144K), 6 survivors (6144K)
 Metaspace       used 55488K, committed 55744K, reserved 1105920K
  class space    used 6461K, committed 6592K, reserved 1048576K
}
Event: 9.790 GC heap before
{Heap before GC invocations=18 (full 0):
 garbage-first heap   total 108544K, used 82432K [0x0000000081a00000, 0x0000000100000000)
  region size 1024K, 38 young (38912K), 6 survivors (6144K)
 Metaspace       used 55730K, committed 56000K, reserved 1105920K
  class space    used 6484K, committed 6592K, reserved 1048576K
}
Event: 9.823 GC heap after
{Heap after GC invocations=19 (full 0):
 garbage-first heap   total 195584K, used 55296K [0x0000000081a00000, 0x0000000100000000)
  region size 1024K, 5 young (5120K), 5 survivors (5120K)
 Metaspace       used 55730K, committed 56000K, reserved 1105920K
  class space    used 6484K, committed 6592K, reserved 1048576K
}
Event: 10.113 GC heap before
{Heap before GC invocations=19 (full 0):
 garbage-first heap   total 195584K, used 134144K [0x0000000081a00000, 0x0000000100000000)
  region size 1024K, 82 young (83968K), 5 survivors (5120K)
 Metaspace       used 55744K, committed 56000K, reserved 1105920K
  class space    used 6485K, committed 6592K, reserved 1048576K
}
Event: 10.122 GC heap after
{Heap after GC invocations=20 (full 0):
 garbage-first heap   total 195584K, used 55560K [0x0000000081a00000, 0x0000000100000000)
  region size 1024K, 6 young (6144K), 6 survivors (6144K)
 Metaspace       used 55744K, committed 56000K, reserved 1105920K
  class space    used 6485K, committed 6592K, reserved 1048576K
}
Event: 13.189 GC heap before
{Heap before GC invocations=20 (full 0):
 garbage-first heap   total 195584K, used 155912K [0x0000000081a00000, 0x0000000100000000)
  region size 1024K, 104 young (106496K), 6 survivors (6144K)
 Metaspace       used 64261K, committed 64576K, reserved 1114112K
  class space    used 7552K, committed 7680K, reserved 1048576K
}
Event: 13.216 GC heap after
{Heap after GC invocations=21 (full 0):
 garbage-first heap   total 195584K, used 64056K [0x0000000081a00000, 0x0000000100000000)
  region size 1024K, 13 young (13312K), 13 survivors (13312K)
 Metaspace       used 64261K, committed 64576K, reserved 1114112K
  class space    used 7552K, committed 7680K, reserved 1048576K
}
Event: 17.611 GC heap before
{Heap before GC invocations=21 (full 0):
 garbage-first heap   total 195584K, used 156216K [0x0000000081a00000, 0x0000000100000000)
  region size 1024K, 101 young (103424K), 13 survivors (13312K)
 Metaspace       used 67655K, committed 67904K, reserved 1114112K
  class space    used 7707K, committed 7808K, reserved 1048576K
}
Event: 17.660 GC heap after
{Heap after GC invocations=22 (full 0):
 garbage-first heap   total 195584K, used 76294K [0x0000000081a00000, 0x0000000100000000)
  region size 1024K, 10 young (10240K), 10 survivors (10240K)
 Metaspace       used 67655K, committed 67904K, reserved 1114112K
  class space    used 7707K, committed 7808K, reserved 1048576K
}

Dll operation events (2 events):
Event: 0.023 Loaded shared library C:\Program Files\Android\Android Studio\jbr\bin\java.dll
Event: 2.325 Loaded shared library C:\Program Files\Android\Android Studio\jbr\bin\verify.dll

Deoptimization events (20 events):
Event: 19.852 Thread 0x0000020338c28490 Uncommon trap: trap_request=0xffffff45 fr.pc=0x00000203457c3860 relative=0x0000000000000860
Event: 19.852 Thread 0x0000020338c28490 Uncommon trap: reason=unstable_if action=reinterpret pc=0x00000203457c3860 method=org.jetbrains.kotlin.util.slicedMap.SlicedMapImpl.put(Lorg/jetbrains/kotlin/util/slicedMap/WritableSlice;Ljava/lang/Object;Ljava/lang/Object;)V @ 8 c2
Event: 19.852 Thread 0x0000020338c28490 DEOPT PACKING pc=0x00000203457c3860 sp=0x000000148cbfe100
Event: 19.852 Thread 0x0000020338c28490 DEOPT UNPACKING pc=0x0000020344e869a3 sp=0x000000148cbfe0e0 mode 2
Event: 19.853 Thread 0x0000020338c28490 Uncommon trap: trap_request=0xffffffc6 fr.pc=0x00000203457b92a0 relative=0x0000000000000620
Event: 19.853 Thread 0x0000020338c28490 Uncommon trap: reason=bimorphic_or_optimized_type_check action=maybe_recompile pc=0x00000203457b92a0 method=org.jetbrains.kotlin.util.slicedMap.SlicedMapImpl.get(Lorg/jetbrains/kotlin/util/slicedMap/ReadOnlySlice;Ljava/lang/Object;)Ljava/lang/Object; @ 62
Event: 19.853 Thread 0x0000020338c28490 DEOPT PACKING pc=0x00000203457b92a0 sp=0x000000148cbfd680
Event: 19.853 Thread 0x0000020338c28490 DEOPT UNPACKING pc=0x0000020344e869a3 sp=0x000000148cbfd530 mode 2
Event: 19.853 Thread 0x0000020338c28490 Uncommon trap: trap_request=0xffffffc6 fr.pc=0x00000203457b92a0 relative=0x0000000000000620
Event: 19.853 Thread 0x0000020338c28490 Uncommon trap: reason=bimorphic_or_optimized_type_check action=maybe_recompile pc=0x00000203457b92a0 method=org.jetbrains.kotlin.util.slicedMap.SlicedMapImpl.get(Lorg/jetbrains/kotlin/util/slicedMap/ReadOnlySlice;Ljava/lang/Object;)Ljava/lang/Object; @ 62
Event: 19.853 Thread 0x0000020338c28490 DEOPT PACKING pc=0x00000203457b92a0 sp=0x000000148cbfd680
Event: 19.854 Thread 0x0000020338c28490 DEOPT UNPACKING pc=0x0000020344e869a3 sp=0x000000148cbfd530 mode 2
Event: 19.854 Thread 0x0000020338c28490 Uncommon trap: trap_request=0xffffffc6 fr.pc=0x0000020345753404 relative=0x0000000000000fa4
Event: 19.854 Thread 0x0000020338c28490 Uncommon trap: reason=bimorphic_or_optimized_type_check action=maybe_recompile pc=0x0000020345753404 method=kotlin.collections.CollectionsKt__MutableCollectionsKt.addAll(Ljava/util/Collection;Ljava/lang/Iterable;)Z @ 59 c2
Event: 19.854 Thread 0x0000020338c28490 DEOPT PACKING pc=0x0000020345753404 sp=0x000000148cbfdb10
Event: 19.854 Thread 0x0000020338c28490 DEOPT UNPACKING pc=0x0000020344e869a3 sp=0x000000148cbfdb10 mode 2
Event: 19.855 Thread 0x0000020338c28490 Uncommon trap: trap_request=0xffffffc6 fr.pc=0x000002034570fc48 relative=0x0000000000000448
Event: 19.855 Thread 0x0000020338c28490 Uncommon trap: reason=bimorphic_or_optimized_type_check action=maybe_recompile pc=0x000002034570fc48 method=org.jetbrains.kotlin.util.slicedMap.SlicedMapImpl.get(Lorg/jetbrains/kotlin/util/slicedMap/ReadOnlySlice;Ljava/lang/Object;)Ljava/lang/Object; @ 62
Event: 19.855 Thread 0x0000020338c28490 DEOPT PACKING pc=0x000002034570fc48 sp=0x000000148cbfd5c0
Event: 19.855 Thread 0x0000020338c28490 DEOPT UNPACKING pc=0x0000020344e869a3 sp=0x000000148cbfd538 mode 2

Classes unloaded (0 events):
No events

Classes redefined (0 events):
No events

Internal exceptions (20 events):
Event: 8.569 Thread 0x0000020338c28490 Implicit null exception at 0x000002034542ae0f to 0x000002034542ae85
Event: 8.755 Thread 0x0000020338c28490 Implicit null exception at 0x000002034561d711 to 0x000002034561db44
Event: 8.762 Thread 0x0000020338c28490 Exception <a 'java/lang/NoSuchMethodError'{0x0000000087d536f0}: 'java.lang.Object java.lang.invoke.DirectMethodHandle$Holder.newInvokeSpecial(java.lang.Object, int, java.lang.Object)'> (0x0000000087d536f0) 
thrown [s\src\hotspot\share\interpreter\linkResolver.cpp, line 771]
Event: 8.763 Thread 0x0000020338c28490 Exception <a 'java/lang/NoSuchMethodError'{0x0000000087d59dc8}: 'int java.lang.invoke.DirectMethodHandle$Holder.invokeInterface(java.lang.Object, java.lang.Object)'> (0x0000000087d59dc8) 
thrown [s\src\hotspot\share\interpreter\linkResolver.cpp, line 771]
Event: 10.326 Thread 0x0000020338c28490 Implicit null exception at 0x00000203454ff9cc to 0x00000203454ffaa8
Event: 10.873 Thread 0x0000020338c28490 Exception <a 'java/lang/NoSuchMethodError'{0x000000008a6852f0}: 'java.lang.Object java.lang.invoke.DirectMethodHandle$Holder.invokeStatic(java.lang.Object, java.lang.Object, java.lang.Object, java.lang.Object, int)'> (0x000000008a6852f0) 
thrown [s\src\hotspot\share\interpreter\linkResolver.cpp, line 771]
Event: 10.874 Thread 0x0000020338c28490 Exception <a 'java/lang/NoSuchMethodError'{0x000000008a68efd8}: 'java.lang.Object java.lang.invoke.DirectMethodHandle$Holder.newInvokeSpecial(java.lang.Object, java.lang.Object, java.lang.Object, java.lang.Object, int)'> (0x000000008a68efd8) 
thrown [s\src\hotspot\share\interpreter\linkResolver.cpp, line 771]
Event: 10.875 Thread 0x0000020338c28490 Exception <a 'java/lang/NoSuchMethodError'{0x000000008a6970a8}: 'java.lang.Object java.lang.invoke.Invokers$Holder.linkToTargetMethod(java.lang.Object, java.lang.Object, java.lang.Object, int, java.lang.Object)'> (0x000000008a6970a8) 
thrown [s\src\hotspot\share\interpreter\linkResolver.cpp, line 771]
Event: 10.948 Thread 0x0000020338c28490 Exception <a 'java/lang/NoSuchMethodError'{0x000000008a47ea30}: 'void java.lang.invoke.DirectMethodHandle$Holder.invokeInterface(java.lang.Object, java.lang.Object)'> (0x000000008a47ea30) 
thrown [s\src\hotspot\share\interpreter\linkResolver.cpp, line 771]
Event: 11.052 Thread 0x0000020338c28490 Exception <a 'java/lang/IncompatibleClassChangeError'{0x000000008a236f88}: Found class java.lang.Object, but interface was expected> (0x000000008a236f88) 
thrown [s\src\hotspot\share\interpreter\linkResolver.cpp, line 838]
Event: 11.453 Thread 0x0000020338c28490 Exception <a 'java/lang/NoSuchMethodError'{0x0000000089cdd738}: 'int java.lang.invoke.DirectMethodHandle$Holder.invokeStaticInit(java.lang.Object, int)'> (0x0000000089cdd738) 
thrown [s\src\hotspot\share\interpreter\linkResolver.cpp, line 771]
Event: 11.720 Thread 0x0000020338c28490 Exception <a 'java/lang/NoSuchMethodError'{0x0000000089683308}: 'java.lang.Object java.lang.invoke.DirectMethodHandle$Holder.newInvokeSpecial(java.lang.Object, java.lang.Object, java.lang.Object, java.lang.Object, java.lang.Object, java.lang.Object, java.lang.Object)'> (0x0000000089683308) 
thrown [s\src\hotspot\share\interpreter\linkResolver.cpp, line 771]
Event: 11.721 Thread 0x0000020338c28490 Exception <a 'java/lang/NoSuchMethodError'{0x0000000089687ec0}: 'java.lang.Object java.lang.invoke.Invokers$Holder.linkToTargetMethod(java.lang.Object, java.lang.Object, java.lang.Object, java.lang.Object, java.lang.Object, java.lang.Object, java.lang.Object)'> (0x0000000089687ec0) 
thrown [s\src\hotspot\share\interpreter\linkResolver.cpp, line 771]
Event: 12.019 Thread 0x0000020338c28490 Exception <a 'java/lang/NoSuchMethodError'{0x000000008904ebc0}: 'java.lang.Object java.lang.invoke.DirectMethodHandle$Holder.invokeStatic(java.lang.Object, int, java.lang.Object)'> (0x000000008904ebc0) 
thrown [s\src\hotspot\share\interpreter\linkResolver.cpp, line 771]
Event: 12.068 Thread 0x0000020338c28490 Exception <a 'java/lang/NoSuchMethodError'{0x00000000890e2088}: 'java.lang.Object java.lang.invoke.DirectMethodHandle$Holder.invokeInterface(java.lang.Object, java.lang.Object, java.lang.Object)'> (0x00000000890e2088) 
thrown [s\src\hotspot\share\interpreter\linkResolver.cpp, line 771]
Event: 12.068 Thread 0x0000020338c28490 Exception <a 'java/lang/IncompatibleClassChangeError'{0x00000000890e59f8}: Found class java.lang.Object, but interface was expected> (0x00000000890e59f8) 
thrown [s\src\hotspot\share\interpreter\linkResolver.cpp, line 838]
Event: 12.166 Thread 0x0000020338c28490 Implicit null exception at 0x00000203454374d8 to 0x000002034543756a
Event: 13.368 Thread 0x0000020338c28490 Implicit null exception at 0x00000203457722c7 to 0x0000020345772a88
Event: 17.222 Thread 0x0000020338c28490 Implicit null exception at 0x00000203456c5588 to 0x00000203456c5880
Event: 19.851 Thread 0x0000020338c28490 Implicit null exception at 0x000002034547b48c to 0x000002034547b6f4

VM Operations (20 events):
Event: 18.584 Executing VM operation: ICBufferFull
Event: 18.585 Executing VM operation: ICBufferFull done
Event: 18.651 Executing VM operation: HandshakeAllThreads
Event: 18.652 Executing VM operation: HandshakeAllThreads done
Event: 18.673 Executing VM operation: ICBufferFull
Event: 18.673 Executing VM operation: ICBufferFull done
Event: 18.931 Executing VM operation: ICBufferFull
Event: 18.932 Executing VM operation: ICBufferFull done
Event: 19.074 Executing VM operation: ICBufferFull
Event: 19.074 Executing VM operation: ICBufferFull done
Event: 19.308 Executing VM operation: ICBufferFull
Event: 19.308 Executing VM operation: ICBufferFull done
Event: 19.328 Executing VM operation: HandshakeAllThreads
Event: 19.328 Executing VM operation: HandshakeAllThreads done
Event: 19.335 Executing VM operation: HandshakeAllThreads
Event: 19.335 Executing VM operation: HandshakeAllThreads done
Event: 19.370 Executing VM operation: ICBufferFull
Event: 19.370 Executing VM operation: ICBufferFull done
Event: 19.592 Executing VM operation: ICBufferFull
Event: 19.592 Executing VM operation: ICBufferFull done

Events (20 events):
Event: 17.780 loading class java/util/regex/Pattern$1 done
Event: 17.806 loading class jdk/internal/math/FDBigInteger
Event: 17.806 loading class jdk/internal/math/FDBigInteger done
Event: 18.658 Thread 0x0000020354c877b0 flushing nmethod 0x000002033db09510
Event: 18.659 Thread 0x0000020354c877b0 flushing nmethod 0x000002033dbcea90
Event: 18.660 Thread 0x0000020354c877b0 flushing nmethod 0x000002033dccc210
Event: 18.661 Thread 0x0000020354c877b0 flushing nmethod 0x000002033de57990
Event: 18.661 Thread 0x0000020354c877b0 flushing nmethod 0x000002033de73710
Event: 18.662 Thread 0x0000020354c877b0 flushing nmethod 0x000002033df3ec90
Event: 18.664 Thread 0x0000020354c877b0 flushing nmethod 0x000002033e109590
Event: 18.665 Thread 0x0000020354c877b0 flushing nmethod 0x000002033e1dfe90
Event: 18.666 Thread 0x0000020354c877b0 flushing nmethod 0x000002033e2ab690
Event: 18.668 Thread 0x0000020354c877b0 flushing nmethod 0x000002033e44a010
Event: 18.669 Thread 0x0000020354c877b0 flushing nmethod 0x000002033e527a10
Event: 18.669 Thread 0x0000020354c877b0 flushing nmethod 0x000002033e549890
Event: 18.670 Thread 0x0000020354c877b0 flushing nmethod 0x000002033e6c5110
Event: 18.671 Thread 0x0000020354c877b0 flushing nmethod 0x000002033e807190
Event: 18.671 Thread 0x0000020354c877b0 flushing nmethod 0x000002033e840b90
Event: 18.671 Thread 0x0000020354c877b0 flushing nmethod 0x000002033e87b310
Event: 18.674 Thread 0x0000020354c877b0 flushing nmethod 0x000002033eb0e790


Dynamic libraries:
0x00007ff7dd850000 - 0x00007ff7dd85a000 	C:\Program Files\Android\Android Studio\jbr\bin\java.exe
0x00007ff857470000 - 0x00007ff857667000 	C:\Windows\SYSTEM32\ntdll.dll
0x00007ff8569f0000 - 0x00007ff856aad000 	C:\Windows\System32\KERNEL32.DLL
0x00007ff855080000 - 0x00007ff855376000 	C:\Windows\System32\KERNELBASE.dll
0x00007ff854b80000 - 0x00007ff854c80000 	C:\Windows\System32\ucrtbase.dll
0x00007ff843930000 - 0x00007ff843947000 	C:\Program Files\Android\Android Studio\jbr\bin\jli.dll
0x00007ff84d320000 - 0x00007ff84d33b000 	C:\Program Files\Android\Android Studio\jbr\bin\VCRUNTIME140.dll
0x00007ff856d70000 - 0x00007ff856f0e000 	C:\Windows\System32\USER32.dll
0x00007ff847050000 - 0x00007ff8472ea000 	C:\Windows\WinSxS\amd64_microsoft.windows.common-controls_6595b64144ccf1df_6.0.19041.3570_none_60bb2a3971f3e41a\COMCTL32.dll
0x00007ff855380000 - 0x00007ff8553a2000 	C:\Windows\System32\win32u.dll
0x00007ff8554d0000 - 0x00007ff8554fc000 	C:\Windows\System32\GDI32.dll
0x00007ff855810000 - 0x00007ff8558ae000 	C:\Windows\System32\msvcrt.dll
0x00007ff8553b0000 - 0x00007ff8554ca000 	C:\Windows\System32\gdi32full.dll
0x00007ff854f30000 - 0x00007ff854fcd000 	C:\Windows\System32\msvcp_win.dll
0x00007ff857040000 - 0x00007ff857070000 	C:\Windows\System32\IMM32.DLL
0x00007ff842b30000 - 0x00007ff842b3c000 	C:\Program Files\Android\Android Studio\jbr\bin\vcruntime140_1.dll
0x00007ff8282d0000 - 0x00007ff82835d000 	C:\Program Files\Android\Android Studio\jbr\bin\msvcp140.dll
0x00007ff808c10000 - 0x00007ff80987e000 	C:\Program Files\Android\Android Studio\jbr\bin\server\jvm.dll
0x00007ff856200000 - 0x00007ff8562ae000 	C:\Windows\System32\ADVAPI32.dll
0x00007ff8558b0000 - 0x00007ff85594c000 	C:\Windows\System32\sechost.dll
0x00007ff856440000 - 0x00007ff856566000 	C:\Windows\System32\RPCRT4.dll
0x00007ff851bb0000 - 0x00007ff851bb9000 	C:\Windows\SYSTEM32\WSOCK32.dll
0x00007ff846b90000 - 0x00007ff846bb7000 	C:\Windows\SYSTEM32\WINMM.dll
0x00007ff856b20000 - 0x00007ff856b8b000 	C:\Windows\System32\WS2_32.dll
0x00007ff847480000 - 0x00007ff84748a000 	C:\Windows\SYSTEM32\VERSION.dll
0x00007ff853380000 - 0x00007ff853392000 	C:\Windows\SYSTEM32\kernel.appcore.dll
0x00007ff840730000 - 0x00007ff84073a000 	C:\Program Files\Android\Android Studio\jbr\bin\jimage.dll
0x00007ff83ffd0000 - 0x00007ff8401b4000 	C:\Windows\SYSTEM32\DBGHELP.DLL
0x00007ff83ff90000 - 0x00007ff83ffc4000 	C:\Windows\SYSTEM32\dbgcore.DLL
0x00007ff854ea0000 - 0x00007ff854f22000 	C:\Windows\System32\bcryptPrimitives.dll
0x00007ff843e80000 - 0x00007ff843ea5000 	C:\Program Files\Android\Android Studio\jbr\bin\java.dll
0x00007ff843e60000 - 0x00007ff843e78000 	C:\Program Files\Android\Android Studio\jbr\bin\zip.dll
0x00007ff855950000 - 0x00007ff856094000 	C:\Windows\System32\SHELL32.dll
0x00007ff8525a0000 - 0x00007ff852d3b000 	C:\Windows\SYSTEM32\windows.storage.dll
0x00007ff8570d0000 - 0x00007ff857424000 	C:\Windows\System32\combase.dll
0x00007ff8544c0000 - 0x00007ff8544ed000 	C:\Windows\SYSTEM32\Wldp.dll
0x00007ff856ba0000 - 0x00007ff856c4d000 	C:\Windows\System32\SHCORE.dll
0x00007ff8563e0000 - 0x00007ff856435000 	C:\Windows\System32\shlwapi.dll
0x00007ff854a80000 - 0x00007ff854aa5000 	C:\Windows\SYSTEM32\profapi.dll
0x00007ff843e40000 - 0x00007ff843e59000 	C:\Program Files\Android\Android Studio\jbr\bin\net.dll
0x00007ff848bd0000 - 0x00007ff848cda000 	C:\Windows\SYSTEM32\WINHTTP.dll
0x00007ff854220000 - 0x00007ff85428a000 	C:\Windows\system32\mswsock.dll
0x00007ff843e20000 - 0x00007ff843e36000 	C:\Program Files\Android\Android Studio\jbr\bin\nio.dll
0x00007ff843ef0000 - 0x00007ff843f00000 	C:\Program Files\Android\Android Studio\jbr\bin\verify.dll

dbghelp: loaded successfully - version: 4.0.5 - missing functions: none
symbol engine: initialized successfully - sym options: 0x614 - pdb path: .;C:\Program Files\Android\Android Studio\jbr\bin;C:\Windows\SYSTEM32;C:\Windows\WinSxS\amd64_microsoft.windows.common-controls_6595b64144ccf1df_6.0.19041.3570_none_60bb2a3971f3e41a;C:\Program Files\Android\Android Studio\jbr\bin\server

VM Arguments:
java_command: org.jetbrains.kotlin.cli.jvm.K2JVMCompiler @C:\Users\refrizar.dwiardito\AndroidStudioProjects\Catwell\app\build\20231018_1524521867019297423.compiler.options
java_class_path (initial): C:\Users\refrizar.dwiardito\.jdks\openjdk-21\caches\modules-2\files-2.1\org.jetbrains.kotlin\kotlin-compiler-embeddable\1.9.0\2c8c3a7402becca891f12739b3e9fd2dc2adbd7a\kotlin-compiler-embeddable-1.9.0.jar;C:\Users\refrizar.dwiardito\.jdks\openjdk-21\caches\modules-2\files-2.1\org.jetbrains.kotlin\kotlin-stdlib\1.9.0\8ee15ef0c67dc83d874f412d84378d7f0eb50b63\kotlin-stdlib-1.9.0.jar;C:\Users\refrizar.dwiardito\.jdks\openjdk-21\caches\modules-2\files-2.1\org.jetbrains.kotlin\kotlin-script-runtime\1.9.0\4b3102cbbb7e1b58d9d1adf89563f00069ffa7d1\kotlin-script-runtime-1.9.0.jar;C:\Users\refrizar.dwiardito\.jdks\openjdk-21\caches\modules-2\files-2.1\org.jetbrains.kotlin\kotlin-reflect\1.6.10\1cbe9c92c12a94eea200d23c2bbaedaf3daf5132\kotlin-reflect-1.6.10.jar;C:\Users\refrizar.dwiardito\.jdks\openjdk-21\caches\modules-2\files-2.1\org.jetbrains.kotlin\kotlin-daemon-embeddable\1.9.0\186543f5e28cf8d9a0290fecc2cf34301c40a65c\kotlin-daemon-embeddable-1.9.0.jar;C:\Users\refrizar.dwiardito\.jdks\openjdk-21\caches\modules-2\files-2.1\org.jetbrains.intellij.deps\trove4j\1.0.20200330\3afb14d5f9ceb459d724e907a21145e8ff394f02\trove4j-1.0.20200330.jar;C:\Users\refrizar.dwiardito\.jdks\openjdk-21\caches\modules-2\files-2.1\org.jetbrains.kotlin\kotlin-stdlib-common\1.9.0\cd65c21cfd1eec4d44ef09f9f52b6d9f8a720636\kotlin-stdlib-common-1.9.0.jar;C:\Users\refrizar.dwiardito\.jdks\openjdk-21\caches\modules-2\files-2.1\org.jetbrains\annotations\13.0\919f0dfe192fb4e063e7dacadee7f8bb9a2672a9\annotations-13.0.jar
Launcher Type: SUN_STANDARD

[Global flags]
     intx CICompilerCount                          = 3                                         {product} {ergonomic}
     uint ConcGCThreads                            = 1                                         {product} {ergonomic}
     uint G1ConcRefinementThreads                  = 4                                         {product} {ergonomic}
   size_t G1HeapRegionSize                         = 1048576                                   {product} {ergonomic}
    uintx GCDrainStackTargetSize                   = 64                                        {product} {ergonomic}
   size_t InitialHeapSize                          = 134217728                                 {product} {ergonomic}
   size_t MarkStackSize                            = 4194304                                   {product} {ergonomic}
   size_t MaxHeapSize                              = 2120220672                                {product} {ergonomic}
   size_t MaxNewSize                               = 1271922688                                {product} {ergonomic}
   size_t MinHeapDeltaBytes                        = 1048576                                   {product} {ergonomic}
   size_t MinHeapSize                              = 8388608                                   {product} {ergonomic}
    uintx NonNMethodCodeHeapSize                   = 5832780                                {pd product} {ergonomic}
    uintx NonProfiledCodeHeapSize                  = 122912730                              {pd product} {ergonomic}
    uintx ProfiledCodeHeapSize                     = 122912730                              {pd product} {ergonomic}
    uintx ReservedCodeCacheSize                    = 251658240                              {pd product} {ergonomic}
     bool SegmentedCodeCache                       = true                                      {product} {ergonomic}
   size_t SoftMaxHeapSize                          = 2120220672                             {manageable} {ergonomic}
     bool UseCompressedClassPointers               = true                           {product lp64_product} {ergonomic}
     bool UseCompressedOops                        = true                           {product lp64_product} {ergonomic}
     bool UseG1GC                                  = true                                      {product} {ergonomic}
     bool UseLargePagesIndividualAllocation        = false                                  {pd product} {ergonomic}

Logging:
Log output configuration:
 #0: stdout all=warning uptime,level,tags
 #1: stderr all=off uptime,level,tags

Environment Variables:
JAVA_HOME=C:\Users\refrizar.dwiardito\.jdks\openjdk-21
PATH=C:\Program Files\Common Files\Oracle\Java\javapath;C:\Windows\system32;C:\Windows;C:\Windows\System32\Wbem;C:\Windows\System32\WindowsPowerShell\v1.0\;C:\Windows\System32\OpenSSH\;C:\Program Files\mingw-w64\x86_64-8.1.0-posix-seh-rt_v6-rev0\mingw64\bin;C:\Users\refrizar.dwiardito\AppData\Local\Programs\Python\Python310\Scripts;C:\Users\refrizar.dwiardito\.jdks\openjdk-21\bin;C:\Program Files\PuTTY\;C:\Program Files\gradle-8.3\bin;C:\Program Files\Git\cmd;C:\Users\refrizar.dwiardito\AppData\Local\Programs\Python\Python310\Scripts\;C:\Users\refrizar.dwiardito\AppData\Local\Programs\Python\Python310\;C:\Users\refrizar.dwiardito\AppData\Local\Microsoft\WindowsApps;;C:\Users\refrizar.dwiardito\AppData\Local\Programs\Microsoft VS Code\bin
USERNAME=refrizar.dwiardito
OS=Windows_NT
PROCESSOR_IDENTIFIER=Intel64 Family 6 Model 61 Stepping 4, GenuineIntel
TMP=C:\Users\REFRIZ~1.DWI\AppData\Local\Temp
TEMP=C:\Users\REFRIZ~1.DWI\AppData\Local\Temp


JNI global refs:
JNI global refs: 11, weak refs: 14

JNI global refs memory usage: 843, weak refs: 841


---------------  S Y S T E M  ---------------

OS:
 Windows 10 , 64 bit Build 19041 (10.0.19041.3570)
OS uptime: 0 days 1:41 hours

CPU: total 4 (initial active 4) (2 cores per cpu, 2 threads per core) family 6 model 61 stepping 4 microcode 0x2f, cx8, cmov, fxsr, ht, mmx, 3dnowpref, sse, sse2, sse3, ssse3, sse4.1, sse4.2, popcnt, lzcnt, tsc, tscinvbit, avx, avx2, aes, erms, clmul, bmi1, bmi2, adx, fma, vzeroupper, clflush

Memory: 4k page, system-wide physical 8083M (449M free)
TotalPageFile size 8083M (AvailPageFile size 5M)
current process WorkingSet (physical memory assigned to process): 390M, peak: 390M
current process commit charge ("private bytes"): 424M, peak: 425M

vm_info: OpenJDK 64-Bit Server VM (17.0.6+0-b2043.56-10027231) for windows-amd64 JRE (17.0.6+0-b2043.56-10027231), built on Apr 28 2023 00:43:19 by "androidbuild" with MS VC++ 16.10 / 16.11 (VS2019)

END.
