#
# There is insufficient memory for the Java Runtime Environment to continue.
# Native memory allocation (mmap) failed to map 253755392 bytes for G1 virtual space
# Possible reasons:
#   The system is out of physical RAM or swap space
#   The process is running with CompressedOops enabled, and the Java Heap may be blocking the growth of the native heap
# Possible solutions:
#   Reduce memory load on the system
#   Increase physical memory or swap space
#   Check if swap backing store is full
#   Decrease Java heap size (-Xmx/-Xms)
#   Decrease number of Java threads
#   Decrease Java thread stack sizes (-Xss)
#   Set larger code cache with -XX:ReservedCodeCacheSize=
#   JVM is running with Unscaled Compressed Oops mode in which the Java heap is
#     placed in the first 4GB address space. The Java Heap base address is the
#     maximum limit for the native heap growth. Please use -XX:HeapBaseMinAddress
#     to set the Java Heap base and to place the Java Heap above 4GB virtual address.
# This output file may be truncated or incomplete.
#
#  Out of Memory Error (os_windows.cpp:3769), pid=6500, tid=6924
#
# JRE version: OpenJDK Runtime Environment (17.0.6) (build 17.0.6+0-b2043.56-10027231)
# Java VM: OpenJDK 64-Bit Server VM (17.0.6+0-b2043.56-10027231, mixed mode, tiered, compressed oops, compressed class ptrs, g1 gc, windows-amd64)
# No core dump will be written. Minidumps are not enabled by default on client versions of Windows
#

---------------  S U M M A R Y ------------

Command Line: --add-opens=java.base/java.util=ALL-UNNAMED --add-opens=java.base/java.lang=ALL-UNNAMED --add-opens=java.base/java.lang.invoke=ALL-UNNAMED --add-opens=java.prefs/java.util.prefs=ALL-UNNAMED --add-opens=java.base/java.nio.charset=ALL-UNNAMED --add-opens=java.base/java.net=ALL-UNNAMED --add-opens=java.base/java.util.concurrent.atomic=ALL-UNNAMED -Xmx2048m -Dfile.encoding=UTF-8 -Duser.country=US -Duser.language=en -Duser.variant org.gradle.launcher.daemon.bootstrap.GradleDaemon 8.0

Host: Intel(R) Core(TM) i5-5200U CPU @ 2.20GHz, 4 cores, 7G,  Windows 10 , 64 bit Build 19041 (10.0.19041.3570)
Time: Sun Oct 15 09:16:04 2023 SE Asia Standard Time elapsed time: 65.461446 seconds (0d 0h 1m 5s)

---------------  T H R E A D  ---------------

Current thread (0x000002e94acb46f0):  VMThread "VM Thread" [stack: 0x000000ee58e00000,0x000000ee58f00000] [id=6924]

Stack: [0x000000ee58e00000,0x000000ee58f00000]
Native frames: (J=compiled Java code, j=interpreted, Vv=VM code, C=native code)
V  [jvm.dll+0x683c9a]
V  [jvm.dll+0x8427a4]
V  [jvm.dll+0x843f9e]
V  [jvm.dll+0x844603]
V  [jvm.dll+0x249b75]
V  [jvm.dll+0x680b69]
V  [jvm.dll+0x67505a]
V  [jvm.dll+0x309acb]
V  [jvm.dll+0x310f86]
V  [jvm.dll+0x3608ee]
V  [jvm.dll+0x360b1f]
V  [jvm.dll+0x2dfbf8]
V  [jvm.dll+0x2ddec4]
V  [jvm.dll+0x2dd4cc]
V  [jvm.dll+0x321f3b]
V  [jvm.dll+0x848ccb]
V  [jvm.dll+0x849a04]
V  [jvm.dll+0x849f1d]
V  [jvm.dll+0x84a2f4]
V  [jvm.dll+0x84a3c0]
V  [jvm.dll+0x7f274a]
V  [jvm.dll+0x682ad5]
C  [ucrtbase.dll+0x21bb2]
C  [KERNEL32.DLL+0x17344]
C  [ntdll.dll+0x526b1]

VM_Operation (0x000000ee5edfce90): G1CollectForAllocation, mode: safepoint, requested by thread 0x000002e955b504f0


---------------  P R O C E S S  ---------------

Threads class SMR info:
_java_thread_list=0x000002e94fb1c500, length=97, elements={
0x000002e9316dca20, 0x000002e94ac7d680, 0x000002e94ac7e9a0, 0x000002e94b80c490,
0x000002e94b80cd50, 0x000002e94b810000, 0x000002e94b811060, 0x000002e94b815d00,
0x000002e94b8171b0, 0x000002e94b8331b0, 0x000002e94b999bb0, 0x000002e94b99e8a0,
0x000002e94e2fc260, 0x000002e94d180a30, 0x000002e94e5b8330, 0x000002e94c853700,
0x000002e94df45520, 0x000002e94df42700, 0x000002e94df42bd0, 0x000002e94df41890,
0x000002e94df43a40, 0x000002e94df43f10, 0x000002e94df40550, 0x000002e94df40a20,
0x000002e94df40ef0, 0x000002e94df430a0, 0x000002e94df413c0, 0x000002e94df41d60,
0x000002e94df42230, 0x000002e94eb1c690, 0x000002e94eb19670, 0x000002e94eb1bcf0,
0x000002e94eb174c0, 0x000002e94eb1b350, 0x000002e94eb1c1c0, 0x000002e94eb1d030,
0x000002e94eb1a010, 0x000002e94eb1d9d0, 0x000002e94eb1d500, 0x000002e94eb18330,
0x000002e94eb1dea0, 0x000002e94eb1a4e0, 0x000002e94eb18800, 0x000002e94eb1b820,
0x000002e94eb1e840, 0x000002e94fae7890, 0x000002e94faec590, 0x000002e94faecf30,
0x000002e94faeb720, 0x000002e94fae8230, 0x000002e94faed8d0, 0x000002e94faeca60,
0x000002e94fae6550, 0x000002e94faea3e0, 0x000002e94fae6080, 0x000002e94faed400,
0x000002e94faea8b0, 0x000002e94fae90a0, 0x000002e94fae6a20, 0x000002e94faeb250,
0x000002e94faead80, 0x000002e94fae6ef0, 0x000002e94fae7d60, 0x000002e94fae73c0,
0x000002e94fae8700, 0x000002e94fae8bd0, 0x000002e94fae9570, 0x000002e94fae9a40,
0x000002e94fae9f10, 0x000002e94faebbf0, 0x000002e94faec0c0, 0x000002e951b17eb0,
0x000002e951b179e0, 0x000002e951b15360, 0x000002e951b196c0, 0x000002e951b166a0,
0x000002e951b18380, 0x000002e951b12810, 0x000002e951b15d00, 0x000002e951b18850,
0x000002e951b13b50, 0x000002e951b14020, 0x000002e951b131b0, 0x000002e951b16b70,
0x000002e951b13680, 0x000002e951b149c0, 0x000002e951b17040, 0x000002e955b504f0,
0x000002e955b53040, 0x000002e955b573a0, 0x000002e955b526a0, 0x000002e955b556c0,
0x000002e955b56060, 0x000002e955b52b70, 0x000002e955b53eb0, 0x000002e955b551f0,
0x000002e9516aa240
}

Java Threads: ( => current thread )
  0x000002e9316dca20 JavaThread "main" [_thread_blocked, id=3652, stack(0x000000ee58800000,0x000000ee58900000)]
  0x000002e94ac7d680 JavaThread "Reference Handler" daemon [_thread_blocked, id=3340, stack(0x000000ee58f00000,0x000000ee59000000)]
  0x000002e94ac7e9a0 JavaThread "Finalizer" daemon [_thread_blocked, id=3240, stack(0x000000ee59000000,0x000000ee59100000)]
  0x000002e94b80c490 JavaThread "Signal Dispatcher" daemon [_thread_blocked, id=9940, stack(0x000000ee59100000,0x000000ee59200000)]
  0x000002e94b80cd50 JavaThread "Attach Listener" daemon [_thread_blocked, id=9312, stack(0x000000ee59200000,0x000000ee59300000)]
  0x000002e94b810000 JavaThread "Service Thread" daemon [_thread_blocked, id=5268, stack(0x000000ee59300000,0x000000ee59400000)]
  0x000002e94b811060 JavaThread "Monitor Deflation Thread" daemon [_thread_blocked, id=1420, stack(0x000000ee59400000,0x000000ee59500000)]
  0x000002e94b815d00 JavaThread "C2 CompilerThread0" daemon [_thread_blocked, id=10104, stack(0x000000ee59500000,0x000000ee59600000)]
  0x000002e94b8171b0 JavaThread "C1 CompilerThread0" daemon [_thread_blocked, id=7128, stack(0x000000ee59600000,0x000000ee59700000)]
  0x000002e94b8331b0 JavaThread "Sweeper thread" daemon [_thread_blocked, id=9600, stack(0x000000ee59700000,0x000000ee59800000)]
  0x000002e94b999bb0 JavaThread "Common-Cleaner" daemon [_thread_blocked, id=7604, stack(0x000000ee59800000,0x000000ee59900000)]
  0x000002e94b99e8a0 JavaThread "Notification Thread" daemon [_thread_blocked, id=9352, stack(0x000000ee59900000,0x000000ee59a00000)]
  0x000002e94e2fc260 JavaThread "Daemon health stats" [_thread_blocked, id=8628, stack(0x000000ee59f00000,0x000000ee5a000000)]
  0x000002e94d180a30 JavaThread "Incoming local TCP Connector on port 50942" [_thread_in_native, id=9784, stack(0x000000ee59b00000,0x000000ee59c00000)]
  0x000002e94e5b8330 JavaThread "Daemon periodic checks" [_thread_blocked, id=4088, stack(0x000000ee5a000000,0x000000ee5a100000)]
  0x000002e94c853700 JavaThread "Daemon" [_thread_blocked, id=7720, stack(0x000000ee5a100000,0x000000ee5a200000)]
  0x000002e94df45520 JavaThread "Handler for socket connection from /127.0.0.1:50942 to /127.0.0.1:50943" [_thread_in_native, id=7116, stack(0x000000ee5a200000,0x000000ee5a300000)]
  0x000002e94df42700 JavaThread "Cancel handler" [_thread_blocked, id=9520, stack(0x000000ee5a300000,0x000000ee5a400000)]
  0x000002e94df42bd0 JavaThread "Daemon worker" [_thread_blocked, id=9696, stack(0x000000ee5a400000,0x000000ee5a500000)]
  0x000002e94df41890 JavaThread "Asynchronous log dispatcher for DefaultDaemonConnection: socket connection from /127.0.0.1:50942 to /127.0.0.1:50943" [_thread_blocked, id=2176, stack(0x000000ee5a500000,0x000000ee5a600000)]
  0x000002e94df43a40 JavaThread "Daemon client event forwarder" [_thread_blocked, id=9264, stack(0x000000ee5a700000,0x000000ee5a800000)]
  0x000002e94df43f10 JavaThread "Cache worker for journal cache (C:\Users\refrizar.dwiardito\.jdks\openjdk-21\caches\journal-1)" [_thread_blocked, id=3764, stack(0x000000ee5a800000,0x000000ee5a900000)]
  0x000002e94df40550 JavaThread "File lock request listener" [_thread_in_native, id=9024, stack(0x000000ee5a900000,0x000000ee5aa00000)]
  0x000002e94df40a20 JavaThread "Cache worker for file hash cache (C:\Users\refrizar.dwiardito\.jdks\openjdk-21\caches\8.0\fileHashes)" [_thread_blocked, id=7240, stack(0x000000ee5aa00000,0x000000ee5ab00000)]
  0x000002e94df40ef0 JavaThread "File watcher server" daemon [_thread_blocked, id=7732, stack(0x000000ee5ac00000,0x000000ee5ad00000)]
  0x000002e94df430a0 JavaThread "File watcher consumer" daemon [_thread_blocked, id=9956, stack(0x000000ee5ad00000,0x000000ee5ae00000)]
  0x000002e94df413c0 JavaThread "Cache worker for checksums cache (C:\Users\refrizar.dwiardito\AndroidStudioProjects\Catwell\.gradle\8.0\checksums)" [_thread_blocked, id=10092, stack(0x000000ee5ae00000,0x000000ee5af00000)]
  0x000002e94df41d60 JavaThread "Cache worker for cache directory md-rule (C:\Users\refrizar.dwiardito\.jdks\openjdk-21\caches\8.0\md-rule)" [_thread_blocked, id=7948, stack(0x000000ee5af00000,0x000000ee5b000000)]
  0x000002e94df42230 JavaThread "Cache worker for file content cache (C:\Users\refrizar.dwiardito\.jdks\openjdk-21\caches\8.0\fileContent)" [_thread_blocked, id=4540, stack(0x000000ee5b000000,0x000000ee5b100000)]
  0x000002e94eb1c690 JavaThread "Cache worker for file hash cache (C:\Users\refrizar.dwiardito\AndroidStudioProjects\Catwell\.gradle\8.0\fileHashes)" [_thread_blocked, id=10156, stack(0x000000ee5b100000,0x000000ee5b200000)]
  0x000002e94eb19670 JavaThread "Cache worker for cache directory md-supplier (C:\Users\refrizar.dwiardito\.jdks\openjdk-21\caches\8.0\md-supplier)" [_thread_blocked, id=9844, stack(0x000000ee5b200000,0x000000ee5b300000)]
  0x000002e94eb1bcf0 JavaThread "Cache worker for execution history cache (C:\Users\refrizar.dwiardito\.jdks\openjdk-21\caches\8.0\executionHistory)" [_thread_blocked, id=9332, stack(0x000000ee5b300000,0x000000ee5b400000)]
  0x000002e94eb174c0 JavaThread "jar transforms" [_thread_blocked, id=5312, stack(0x000000ee5b400000,0x000000ee5b500000)]
  0x000002e94eb1b350 JavaThread "jar transforms Thread 2" [_thread_blocked, id=8512, stack(0x000000ee5b500000,0x000000ee5b600000)]
  0x000002e94eb1c1c0 JavaThread "jar transforms Thread 3" [_thread_blocked, id=10152, stack(0x000000ee5b700000,0x000000ee5b800000)]
  0x000002e94eb1d030 JavaThread "jar transforms Thread 4" [_thread_blocked, id=9544, stack(0x000000ee5b800000,0x000000ee5b900000)]
  0x000002e94eb1a010 JavaThread "Cache worker for dependencies-accessors (C:\Users\refrizar.dwiardito\AndroidStudioProjects\Catwell\.gradle\8.0\dependencies-accessors)" [_thread_blocked, id=6452, stack(0x000000ee5b900000,0x000000ee5ba00000)]
  0x000002e94eb1d9d0 JavaThread "Cache worker for Build Output Cleanup Cache (C:\Users\refrizar.dwiardito\AndroidStudioProjects\Catwell\.gradle\buildOutputCleanup)" [_thread_blocked, id=6348, stack(0x000000ee5ba00000,0x000000ee5bb00000)]
  0x000002e94eb1d500 JavaThread "Unconstrained build operations" [_thread_blocked, id=8020, stack(0x000000ee5bb00000,0x000000ee5bc00000)]
  0x000002e94eb18330 JavaThread "Unconstrained build operations Thread 2" [_thread_blocked, id=1596, stack(0x000000ee5bc00000,0x000000ee5bd00000)]
  0x000002e94eb1dea0 JavaThread "Unconstrained build operations Thread 3" [_thread_blocked, id=9496, stack(0x000000ee5bd00000,0x000000ee5be00000)]
  0x000002e94eb1a4e0 JavaThread "Unconstrained build operations Thread 4" [_thread_blocked, id=7512, stack(0x000000ee5be00000,0x000000ee5bf00000)]
  0x000002e94eb18800 JavaThread "Unconstrained build operations Thread 5" [_thread_blocked, id=9568, stack(0x000000ee5bf00000,0x000000ee5c000000)]
  0x000002e94eb1b820 JavaThread "Unconstrained build operations Thread 6" [_thread_blocked, id=2036, stack(0x000000ee5c000000,0x000000ee5c100000)]
  0x000002e94eb1e840 JavaThread "Unconstrained build operations Thread 7" [_thread_blocked, id=2940, stack(0x000000ee5c100000,0x000000ee5c200000)]
  0x000002e94fae7890 JavaThread "Unconstrained build operations Thread 8" [_thread_blocked, id=10028, stack(0x000000ee5c200000,0x000000ee5c300000)]
  0x000002e94faec590 JavaThread "Unconstrained build operations Thread 9" [_thread_blocked, id=8048, stack(0x000000ee5c300000,0x000000ee5c400000)]
  0x000002e94faecf30 JavaThread "Unconstrained build operations Thread 10" [_thread_blocked, id=2120, stack(0x000000ee5c400000,0x000000ee5c500000)]
  0x000002e94faeb720 JavaThread "Unconstrained build operations Thread 11" [_thread_blocked, id=5324, stack(0x000000ee5c500000,0x000000ee5c600000)]
  0x000002e94fae8230 JavaThread "Unconstrained build operations Thread 12" [_thread_blocked, id=5036, stack(0x000000ee5c600000,0x000000ee5c700000)]
  0x000002e94faed8d0 JavaThread "Unconstrained build operations Thread 13" [_thread_blocked, id=1152, stack(0x000000ee5c700000,0x000000ee5c800000)]
  0x000002e94faeca60 JavaThread "Unconstrained build operations Thread 14" [_thread_blocked, id=3396, stack(0x000000ee5c800000,0x000000ee5c900000)]
  0x000002e94fae6550 JavaThread "Unconstrained build operations Thread 15" [_thread_blocked, id=7312, stack(0x000000ee5c900000,0x000000ee5ca00000)]
  0x000002e94faea3e0 JavaThread "Unconstrained build operations Thread 16" [_thread_blocked, id=2708, stack(0x000000ee5ca00000,0x000000ee5cb00000)]
  0x000002e94fae6080 JavaThread "Unconstrained build operations Thread 17" [_thread_blocked, id=5240, stack(0x000000ee5cb00000,0x000000ee5cc00000)]
  0x000002e94faed400 JavaThread "Unconstrained build operations Thread 18" [_thread_blocked, id=6076, stack(0x000000ee5cc00000,0x000000ee5cd00000)]
  0x000002e94faea8b0 JavaThread "Unconstrained build operations Thread 19" [_thread_blocked, id=536, stack(0x000000ee5cd00000,0x000000ee5ce00000)]
  0x000002e94fae90a0 JavaThread "Unconstrained build operations Thread 20" [_thread_blocked, id=5992, stack(0x000000ee5ce00000,0x000000ee5cf00000)]
  0x000002e94fae6a20 JavaThread "Unconstrained build operations Thread 21" [_thread_blocked, id=5388, stack(0x000000ee5cf00000,0x000000ee5d000000)]
  0x000002e94faeb250 JavaThread "Unconstrained build operations Thread 22" [_thread_blocked, id=6728, stack(0x000000ee5d000000,0x000000ee5d100000)]
  0x000002e94faead80 JavaThread "Unconstrained build operations Thread 23" [_thread_blocked, id=4852, stack(0x000000ee5d100000,0x000000ee5d200000)]
  0x000002e94fae6ef0 JavaThread "Unconstrained build operations Thread 24" [_thread_blocked, id=2212, stack(0x000000ee5d200000,0x000000ee5d300000)]
  0x000002e94fae7d60 JavaThread "Unconstrained build operations Thread 25" [_thread_blocked, id=7636, stack(0x000000ee5d300000,0x000000ee5d400000)]
  0x000002e94fae73c0 JavaThread "Unconstrained build operations Thread 26" [_thread_blocked, id=8780, stack(0x000000ee5d400000,0x000000ee5d500000)]
  0x000002e94fae8700 JavaThread "Unconstrained build operations Thread 27" [_thread_blocked, id=3560, stack(0x000000ee5d500000,0x000000ee5d600000)]
  0x000002e94fae8bd0 JavaThread "Unconstrained build operations Thread 28" [_thread_blocked, id=10108, stack(0x000000ee5d600000,0x000000ee5d700000)]
  0x000002e94fae9570 JavaThread "Unconstrained build operations Thread 29" [_thread_blocked, id=5152, stack(0x000000ee5d700000,0x000000ee5d800000)]
  0x000002e94fae9a40 JavaThread "Unconstrained build operations Thread 30" [_thread_blocked, id=8072, stack(0x000000ee5d800000,0x000000ee5d900000)]
  0x000002e94fae9f10 JavaThread "Unconstrained build operations Thread 31" [_thread_blocked, id=3712, stack(0x000000ee5d900000,0x000000ee5da00000)]
  0x000002e94faebbf0 JavaThread "Unconstrained build operations Thread 32" [_thread_blocked, id=8028, stack(0x000000ee5da00000,0x000000ee5db00000)]
  0x000002e94faec0c0 JavaThread "Unconstrained build operations Thread 33" [_thread_blocked, id=5724, stack(0x000000ee5db00000,0x000000ee5dc00000)]
  0x000002e951b17eb0 JavaThread "Unconstrained build operations Thread 34" [_thread_blocked, id=4864, stack(0x000000ee5dc00000,0x000000ee5dd00000)]
  0x000002e951b179e0 JavaThread "Unconstrained build operations Thread 35" [_thread_blocked, id=356, stack(0x000000ee5dd00000,0x000000ee5de00000)]
  0x000002e951b15360 JavaThread "Unconstrained build operations Thread 36" [_thread_blocked, id=1792, stack(0x000000ee5de00000,0x000000ee5df00000)]
  0x000002e951b196c0 JavaThread "Unconstrained build operations Thread 37" [_thread_blocked, id=10132, stack(0x000000ee5df00000,0x000000ee5e000000)]
  0x000002e951b166a0 JavaThread "Unconstrained build operations Thread 38" [_thread_blocked, id=8860, stack(0x000000ee5e000000,0x000000ee5e100000)]
  0x000002e951b18380 JavaThread "Unconstrained build operations Thread 39" [_thread_blocked, id=6108, stack(0x000000ee5e100000,0x000000ee5e200000)]
  0x000002e951b12810 JavaThread "Unconstrained build operations Thread 40" [_thread_blocked, id=7632, stack(0x000000ee5e200000,0x000000ee5e300000)]
  0x000002e951b15d00 JavaThread "build event listener" [_thread_blocked, id=6020, stack(0x000000ee5e300000,0x000000ee5e400000)]
  0x000002e951b18850 JavaThread "Memory manager" [_thread_blocked, id=9576, stack(0x000000ee5e400000,0x000000ee5e500000)]
  0x000002e951b13b50 JavaThread "build event listener" [_thread_blocked, id=10220, stack(0x000000ee5e500000,0x000000ee5e600000)]
  0x000002e951b14020 JavaThread "build event listener" [_thread_blocked, id=7272, stack(0x000000ee5e600000,0x000000ee5e700000)]
  0x000002e951b131b0 JavaThread "included builds" [_thread_blocked, id=7812, stack(0x000000ee5e700000,0x000000ee5e800000)]
  0x000002e951b16b70 JavaThread "Execution worker" [_thread_blocked, id=2308, stack(0x000000ee5e800000,0x000000ee5e900000)]
  0x000002e951b13680 JavaThread "Execution worker Thread 2" [_thread_blocked, id=8588, stack(0x000000ee5e900000,0x000000ee5ea00000)]
  0x000002e951b149c0 JavaThread "Execution worker Thread 3" [_thread_blocked, id=5144, stack(0x000000ee5ea00000,0x000000ee5eb00000)]
  0x000002e951b17040 JavaThread "Cache worker for execution history cache (C:\Users\refrizar.dwiardito\AndroidStudioProjects\Catwell\.gradle\8.0\executionHistory)" [_thread_blocked, id=2396, stack(0x000000ee5eb00000,0x000000ee5ec00000)]
  0x000002e955b504f0 JavaThread "WorkerExecutor Queue" [_thread_blocked, id=7068, stack(0x000000ee5ed00000,0x000000ee5ee00000)]
  0x000002e955b53040 JavaThread "WorkerExecutor Queue Thread 2" [_thread_blocked, id=9756, stack(0x000000ee5ee00000,0x000000ee5ef00000)]
  0x000002e955b573a0 JavaThread "WorkerExecutor Queue Thread 3" [_thread_blocked, id=984, stack(0x000000ee5ef00000,0x000000ee5f000000)]
  0x000002e955b526a0 JavaThread "WorkerExecutor Queue Thread 4" [_thread_blocked, id=1568, stack(0x000000ee5f000000,0x000000ee5f100000)]
  0x000002e955b556c0 JavaThread "Java2D Disposer" daemon [_thread_blocked, id=2276, stack(0x000000ee5f100000,0x000000ee5f200000)]
  0x000002e955b56060 JavaThread "AWT-Windows" daemon [_thread_in_native, id=8684, stack(0x000000ee5f300000,0x000000ee5f400000)]
  0x000002e955b52b70 JavaThread "pool-3-thread-1" [_thread_blocked, id=4184, stack(0x000000ee5f500000,0x000000ee5f600000)]
  0x000002e955b53eb0 JavaThread "stderr" [_thread_in_native, id=8420, stack(0x000000ee5f600000,0x000000ee5f700000)]
  0x000002e955b551f0 JavaThread "stdout" [_thread_in_native, id=9360, stack(0x000000ee5f700000,0x000000ee5f800000)]
  0x000002e9516aa240 JavaThread "C2 CompilerThread1" daemon [_thread_blocked, id=5544, stack(0x000000ee58500000,0x000000ee58600000)]

Other Threads:
=>0x000002e94acb46f0 VMThread "VM Thread" [stack: 0x000000ee58e00000,0x000000ee58f00000] [id=6924]
  0x000002e94b99ed70 WatcherThread [stack: 0x000000ee59a00000,0x000000ee59b00000] [id=7852]
  0x000002e931737d50 GCTaskThread "GC Thread#0" [stack: 0x000000ee58900000,0x000000ee58a00000] [id=9512]
  0x000002e94c1ca070 GCTaskThread "GC Thread#1" [stack: 0x000000ee59c00000,0x000000ee59d00000] [id=3708]
  0x000002e94c1ca320 GCTaskThread "GC Thread#2" [stack: 0x000000ee59d00000,0x000000ee59e00000] [id=8508]
  0x000002e94bc80590 GCTaskThread "GC Thread#3" [stack: 0x000000ee59e00000,0x000000ee59f00000] [id=10004]
  0x000002e931749ab0 ConcurrentGCThread "G1 Main Marker" [stack: 0x000000ee58a00000,0x000000ee58b00000] [id=5628]
  0x000002e93174aa70 ConcurrentGCThread "G1 Conc#0" [stack: 0x000000ee58b00000,0x000000ee58c00000] [id=7284]
  0x000002e9317ad950 ConcurrentGCThread "G1 Refine#0" [stack: 0x000000ee58c00000,0x000000ee58d00000] [id=6528]
  0x000002e950084310 ConcurrentGCThread "G1 Refine#1" [stack: 0x000000ee5b600000,0x000000ee5b700000] [id=7336]
  0x000002e955b697e0 ConcurrentGCThread "G1 Refine#2" [stack: 0x000000ee5ec00000,0x000000ee5ed00000] [id=4932]
  0x000002e9317ae180 ConcurrentGCThread "G1 Service" [stack: 0x000000ee58d00000,0x000000ee58e00000] [id=8296]

Threads with active compile tasks:
C2 CompilerThread0    65617 16956       4       com.android.tools.r8.internal.Rq::get (106 bytes)
C2 CompilerThread1    65617 16862 %     4       com.android.tools.r8.dex.B::l @ 63 (1921 bytes)

VM state: at safepoint (normal execution)

VM Mutex/Monitor currently owned by a thread:  ([mutex/lock_event])
[0x000002e9316d8880] Threads_lock - owner thread: 0x000002e94acb46f0
[0x000002e9316d6ab0] Heap_lock - owner thread: 0x000002e955b504f0

Heap address: 0x0000000080000000, size: 2048 MB, Compressed Oops mode: 32-bit

CDS archive(s) not mapped
Compressed class space mapped at: 0x0000000100000000-0x0000000140000000, reserved size: 1073741824
Narrow klass base: 0x0000000000000000, Narrow klass shift: 3, Narrow klass range: 0x140000000

GC Precious Log:
 CPUs: 4 total, 4 available
 Memory: 8083M
 Large Page Support: Disabled
 NUMA Support: Disabled
 Compressed Oops: Enabled (32-bit)
 Heap Region Size: 1M
 Heap Min Capacity: 8M
 Heap Initial Capacity: 128M
 Heap Max Capacity: 2G
 Pre-touch: Disabled
 Parallel Workers: 4
 Concurrent Workers: 1
 Concurrent Refinement Workers: 4
 Periodic GC: Disabled

Heap:
 garbage-first heap   total 326656K, used 176128K [0x0000000080000000, 0x0000000100000000)
  region size 1024K, 2 young (2048K), 2 survivors (2048K)
 Metaspace       used 118132K, committed 118848K, reserved 1155072K
  class space    used 15504K, committed 15872K, reserved 1048576K

Heap Regions: E=young(eden), S=young(survivor), O=old, HS=humongous(starts), HC=humongous(continues), CS=collection set, F=free, OA=open archive, CA=closed archive, TAMS=top-at-mark-start (previous, next)
|   0|0x0000000080000000, 0x0000000080100000, 0x0000000080100000|100%| O|  |TAMS 0x0000000080100000, 0x0000000080000000| Untracked 
|   1|0x0000000080100000, 0x0000000080200000, 0x0000000080200000|100%| O|  |TAMS 0x0000000080200000, 0x0000000080100000| Untracked 
|   2|0x0000000080200000, 0x0000000080300000, 0x0000000080300000|100%|HS|  |TAMS 0x0000000080300000, 0x0000000080200000| Complete 
|   3|0x0000000080300000, 0x0000000080400000, 0x0000000080400000|100%|HC|  |TAMS 0x0000000080400000, 0x0000000080300000| Complete 
|   4|0x0000000080400000, 0x0000000080500000, 0x0000000080500000|100%|HC|  |TAMS 0x0000000080500000, 0x0000000080400000| Complete 
|   5|0x0000000080500000, 0x0000000080600000, 0x0000000080600000|100%|HC|  |TAMS 0x0000000080600000, 0x0000000080500000| Complete 
|   6|0x0000000080600000, 0x0000000080700000, 0x0000000080700000|100%| O|  |TAMS 0x0000000080700000, 0x0000000080600000| Untracked 
|   7|0x0000000080700000, 0x0000000080800000, 0x0000000080800000|100%| O|  |TAMS 0x0000000080800000, 0x0000000080700000| Untracked 
|   8|0x0000000080800000, 0x0000000080900000, 0x0000000080900000|100%| O|  |TAMS 0x0000000080900000, 0x0000000080800000| Untracked 
|   9|0x0000000080900000, 0x0000000080a00000, 0x0000000080a00000|100%| O|  |TAMS 0x0000000080a00000, 0x0000000080900000| Untracked 
|  10|0x0000000080a00000, 0x0000000080b00000, 0x0000000080b00000|100%| O|  |TAMS 0x0000000080b00000, 0x0000000080a00000| Untracked 
|  11|0x0000000080b00000, 0x0000000080c00000, 0x0000000080c00000|100%| O|  |TAMS 0x0000000080c00000, 0x0000000080b00000| Untracked 
|  12|0x0000000080c00000, 0x0000000080d00000, 0x0000000080d00000|100%| O|  |TAMS 0x0000000080d00000, 0x0000000080c00000| Untracked 
|  13|0x0000000080d00000, 0x0000000080e00000, 0x0000000080e00000|100%| O|  |TAMS 0x0000000080e00000, 0x0000000080d00000| Untracked 
|  14|0x0000000080e00000, 0x0000000080f00000, 0x0000000080f00000|100%| O|  |TAMS 0x0000000080f00000, 0x0000000080e00000| Untracked 
|  15|0x0000000080f00000, 0x0000000081000000, 0x0000000081000000|100%| O|  |TAMS 0x0000000081000000, 0x0000000080f00000| Untracked 
|  16|0x0000000081000000, 0x0000000081100000, 0x0000000081100000|100%| O|  |TAMS 0x0000000081100000, 0x0000000081000000| Untracked 
|  17|0x0000000081100000, 0x0000000081200000, 0x0000000081200000|100%| O|  |TAMS 0x0000000081200000, 0x0000000081100000| Untracked 
|  18|0x0000000081200000, 0x0000000081300000, 0x0000000081300000|100%| O|  |TAMS 0x0000000081300000, 0x0000000081200000| Untracked 
|  19|0x0000000081300000, 0x0000000081400000, 0x0000000081400000|100%| O|  |TAMS 0x0000000081400000, 0x0000000081300000| Untracked 
|  20|0x0000000081400000, 0x0000000081500000, 0x0000000081500000|100%| O|  |TAMS 0x0000000081500000, 0x0000000081400000| Untracked 
|  21|0x0000000081500000, 0x0000000081600000, 0x0000000081600000|100%| O|  |TAMS 0x0000000081600000, 0x0000000081500000| Untracked 
|  22|0x0000000081600000, 0x0000000081700000, 0x0000000081700000|100%| O|  |TAMS 0x0000000081700000, 0x0000000081600000| Untracked 
|  23|0x0000000081700000, 0x0000000081800000, 0x0000000081800000|100%| O|  |TAMS 0x0000000081800000, 0x0000000081700000| Untracked 
|  24|0x0000000081800000, 0x0000000081900000, 0x0000000081900000|100%| O|  |TAMS 0x0000000081900000, 0x0000000081800000| Untracked 
|  25|0x0000000081900000, 0x0000000081a00000, 0x0000000081a00000|100%| O|  |TAMS 0x0000000081a00000, 0x0000000081900000| Untracked 
|  26|0x0000000081a00000, 0x0000000081b00000, 0x0000000081b00000|100%| O|  |TAMS 0x0000000081b00000, 0x0000000081a00000| Untracked 
|  27|0x0000000081b00000, 0x0000000081c00000, 0x0000000081c00000|100%| O|  |TAMS 0x0000000081c00000, 0x0000000081b00000| Untracked 
|  28|0x0000000081c00000, 0x0000000081d00000, 0x0000000081d00000|100%| O|  |TAMS 0x0000000081d00000, 0x0000000081c00000| Untracked 
|  29|0x0000000081d00000, 0x0000000081e00000, 0x0000000081e00000|100%| O|  |TAMS 0x0000000081e00000, 0x0000000081d00000| Untracked 
|  30|0x0000000081e00000, 0x0000000081f00000, 0x0000000081f00000|100%| O|  |TAMS 0x0000000081f00000, 0x0000000081e00000| Untracked 
|  31|0x0000000081f00000, 0x0000000082000000, 0x0000000082000000|100%| O|  |TAMS 0x0000000082000000, 0x0000000081f00000| Untracked 
|  32|0x0000000082000000, 0x0000000082100000, 0x0000000082100000|100%| O|  |TAMS 0x0000000082100000, 0x0000000082000000| Untracked 
|  33|0x0000000082100000, 0x0000000082200000, 0x0000000082200000|100%|HS|  |TAMS 0x0000000082200000, 0x0000000082100000| Complete 
|  34|0x0000000082200000, 0x0000000082300000, 0x0000000082300000|100%|HS|  |TAMS 0x0000000082300000, 0x0000000082200000| Complete 
|  35|0x0000000082300000, 0x0000000082400000, 0x0000000082400000|100%|HC|  |TAMS 0x0000000082400000, 0x0000000082300000| Complete 
|  36|0x0000000082400000, 0x0000000082500000, 0x0000000082500000|100%| O|  |TAMS 0x0000000082500000, 0x0000000082400000| Untracked 
|  37|0x0000000082500000, 0x0000000082600000, 0x0000000082600000|100%| O|  |TAMS 0x0000000082600000, 0x0000000082500000| Untracked 
|  38|0x0000000082600000, 0x0000000082700000, 0x0000000082700000|100%| O|  |TAMS 0x0000000082700000, 0x0000000082600000| Untracked 
|  39|0x0000000082700000, 0x0000000082800000, 0x0000000082800000|100%|HS|  |TAMS 0x0000000082800000, 0x0000000082700000| Complete 
|  40|0x0000000082800000, 0x0000000082900000, 0x0000000082900000|100%|HS|  |TAMS 0x0000000082900000, 0x0000000082800000| Complete 
|  41|0x0000000082900000, 0x0000000082a00000, 0x0000000082a00000|100%|HS|  |TAMS 0x0000000082a00000, 0x0000000082900000| Complete 
|  42|0x0000000082a00000, 0x0000000082b00000, 0x0000000082b00000|100%|HC|  |TAMS 0x0000000082b00000, 0x0000000082a00000| Complete 
|  43|0x0000000082b00000, 0x0000000082c00000, 0x0000000082c00000|100%|HC|  |TAMS 0x0000000082c00000, 0x0000000082b00000| Complete 
|  44|0x0000000082c00000, 0x0000000082d00000, 0x0000000082d00000|100%|HC|  |TAMS 0x0000000082d00000, 0x0000000082c00000| Complete 
|  45|0x0000000082d00000, 0x0000000082e00000, 0x0000000082e00000|100%| O|  |TAMS 0x0000000082e00000, 0x0000000082d00000| Untracked 
|  46|0x0000000082e00000, 0x0000000082f00000, 0x0000000082f00000|100%| O|  |TAMS 0x0000000082f00000, 0x0000000082e00000| Untracked 
|  47|0x0000000082f00000, 0x0000000083000000, 0x0000000083000000|100%| O|  |TAMS 0x0000000083000000, 0x0000000082f00000| Untracked 
|  48|0x0000000083000000, 0x0000000083100000, 0x0000000083100000|100%| O|  |TAMS 0x0000000083100000, 0x0000000083000000| Untracked 
|  49|0x0000000083100000, 0x0000000083100000, 0x0000000083200000|  0%| F|  |TAMS 0x0000000083100000, 0x0000000083100000| Untracked 
|  50|0x0000000083200000, 0x0000000083300000, 0x0000000083300000|100%| O|  |TAMS 0x0000000083300000, 0x0000000083200000| Untracked 
|  51|0x0000000083300000, 0x0000000083400000, 0x0000000083400000|100%| O|  |TAMS 0x0000000083400000, 0x0000000083300000| Untracked 
|  52|0x0000000083400000, 0x0000000083500000, 0x0000000083500000|100%| O|  |TAMS 0x0000000083500000, 0x0000000083400000| Untracked 
|  53|0x0000000083500000, 0x0000000083600000, 0x0000000083600000|100%| O|  |TAMS 0x0000000083600000, 0x0000000083500000| Untracked 
|  54|0x0000000083600000, 0x0000000083700000, 0x0000000083700000|100%| O|  |TAMS 0x0000000083700000, 0x0000000083600000| Untracked 
|  55|0x0000000083700000, 0x0000000083800000, 0x0000000083800000|100%| O|  |TAMS 0x0000000083800000, 0x0000000083700000| Untracked 
|  56|0x0000000083800000, 0x0000000083900000, 0x0000000083900000|100%| O|  |TAMS 0x0000000083900000, 0x0000000083800000| Untracked 
|  57|0x0000000083900000, 0x0000000083a00000, 0x0000000083a00000|100%| O|  |TAMS 0x0000000083a00000, 0x0000000083900000| Untracked 
|  58|0x0000000083a00000, 0x0000000083b00000, 0x0000000083b00000|100%| O|  |TAMS 0x0000000083b00000, 0x0000000083a00000| Untracked 
|  59|0x0000000083b00000, 0x0000000083c00000, 0x0000000083c00000|100%| O|  |TAMS 0x0000000083c00000, 0x0000000083b00000| Untracked 
|  60|0x0000000083c00000, 0x0000000083d00000, 0x0000000083d00000|100%| O|  |TAMS 0x0000000083d00000, 0x0000000083c00000| Untracked 
|  61|0x0000000083d00000, 0x0000000083e00000, 0x0000000083e00000|100%| O|  |TAMS 0x0000000083e00000, 0x0000000083d00000| Untracked 
|  62|0x0000000083e00000, 0x0000000083f00000, 0x0000000083f00000|100%| O|  |TAMS 0x0000000083f00000, 0x0000000083e00000| Untracked 
|  63|0x0000000083f00000, 0x0000000084000000, 0x0000000084000000|100%| O|  |TAMS 0x0000000084000000, 0x0000000083f00000| Untracked 
|  64|0x0000000084000000, 0x0000000084100000, 0x0000000084100000|100%| O|  |TAMS 0x0000000084100000, 0x0000000084000000| Untracked 
|  65|0x0000000084100000, 0x0000000084200000, 0x0000000084200000|100%| O|  |TAMS 0x0000000084200000, 0x0000000084100000| Untracked 
|  66|0x0000000084200000, 0x0000000084300000, 0x0000000084300000|100%| O|  |TAMS 0x0000000084300000, 0x0000000084200000| Untracked 
|  67|0x0000000084300000, 0x0000000084400000, 0x0000000084400000|100%| O|  |TAMS 0x0000000084400000, 0x0000000084300000| Untracked 
|  68|0x0000000084400000, 0x0000000084500000, 0x0000000084500000|100%| O|  |TAMS 0x0000000084500000, 0x0000000084400000| Untracked 
|  69|0x0000000084500000, 0x0000000084600000, 0x0000000084600000|100%| O|  |TAMS 0x0000000084600000, 0x0000000084500000| Untracked 
|  70|0x0000000084600000, 0x0000000084700000, 0x0000000084700000|100%| O|  |TAMS 0x0000000084700000, 0x0000000084600000| Untracked 
|  71|0x0000000084700000, 0x0000000084800000, 0x0000000084800000|100%| O|  |TAMS 0x0000000084800000, 0x0000000084700000| Untracked 
|  72|0x0000000084800000, 0x0000000084900000, 0x0000000084900000|100%| O|  |TAMS 0x0000000084900000, 0x0000000084800000| Untracked 
|  73|0x0000000084900000, 0x0000000084a00000, 0x0000000084a00000|100%| O|  |TAMS 0x0000000084a00000, 0x0000000084900000| Untracked 
|  74|0x0000000084a00000, 0x0000000084b00000, 0x0000000084b00000|100%| O|  |TAMS 0x0000000084b00000, 0x0000000084a00000| Untracked 
|  75|0x0000000084b00000, 0x0000000084c00000, 0x0000000084c00000|100%| O|  |TAMS 0x0000000084c00000, 0x0000000084b00000| Untracked 
|  76|0x0000000084c00000, 0x0000000084d00000, 0x0000000084d00000|100%| O|  |TAMS 0x0000000084d00000, 0x0000000084c00000| Untracked 
|  77|0x0000000084d00000, 0x0000000084e00000, 0x0000000084e00000|100%| O|  |TAMS 0x0000000084e00000, 0x0000000084d00000| Untracked 
|  78|0x0000000084e00000, 0x0000000084f00000, 0x0000000084f00000|100%| O|  |TAMS 0x0000000084f00000, 0x0000000084e00000| Untracked 
|  79|0x0000000084f00000, 0x0000000085000000, 0x0000000085000000|100%| O|  |TAMS 0x0000000085000000, 0x0000000084f00000| Untracked 
|  80|0x0000000085000000, 0x0000000085100000, 0x0000000085100000|100%| O|  |TAMS 0x0000000085100000, 0x0000000085000000| Untracked 
|  81|0x0000000085100000, 0x0000000085200000, 0x0000000085200000|100%| O|  |TAMS 0x0000000085200000, 0x0000000085100000| Untracked 
|  82|0x0000000085200000, 0x0000000085300000, 0x0000000085300000|100%| O|  |TAMS 0x0000000085300000, 0x0000000085200000| Untracked 
|  83|0x0000000085300000, 0x0000000085400000, 0x0000000085400000|100%| O|  |TAMS 0x0000000085400000, 0x0000000085300000| Untracked 
|  84|0x0000000085400000, 0x0000000085500000, 0x0000000085500000|100%| O|  |TAMS 0x0000000085500000, 0x0000000085400000| Untracked 
|  85|0x0000000085500000, 0x0000000085600000, 0x0000000085600000|100%| O|  |TAMS 0x0000000085600000, 0x0000000085500000| Untracked 
|  86|0x0000000085600000, 0x0000000085700000, 0x0000000085700000|100%| O|  |TAMS 0x0000000085700000, 0x0000000085600000| Untracked 
|  87|0x0000000085700000, 0x0000000085800000, 0x0000000085800000|100%| O|  |TAMS 0x0000000085800000, 0x0000000085700000| Untracked 
|  88|0x0000000085800000, 0x0000000085900000, 0x0000000085900000|100%| O|  |TAMS 0x0000000085900000, 0x0000000085800000| Untracked 
|  89|0x0000000085900000, 0x0000000085a00000, 0x0000000085a00000|100%| O|  |TAMS 0x0000000085a00000, 0x0000000085900000| Untracked 
|  90|0x0000000085a00000, 0x0000000085b00000, 0x0000000085b00000|100%| O|  |TAMS 0x0000000085b00000, 0x0000000085a00000| Untracked 
|  91|0x0000000085b00000, 0x0000000085c00000, 0x0000000085c00000|100%| O|  |TAMS 0x0000000085c00000, 0x0000000085b00000| Untracked 
|  92|0x0000000085c00000, 0x0000000085d00000, 0x0000000085d00000|100%| O|  |TAMS 0x0000000085d00000, 0x0000000085c00000| Untracked 
|  93|0x0000000085d00000, 0x0000000085e00000, 0x0000000085e00000|100%| O|  |TAMS 0x0000000085e00000, 0x0000000085d00000| Untracked 
|  94|0x0000000085e00000, 0x0000000085f00000, 0x0000000085f00000|100%| O|  |TAMS 0x0000000085f00000, 0x0000000085e00000| Untracked 
|  95|0x0000000085f00000, 0x0000000086000000, 0x0000000086000000|100%| O|  |TAMS 0x0000000086000000, 0x0000000085f00000| Untracked 
|  96|0x0000000086000000, 0x0000000086100000, 0x0000000086100000|100%| O|  |TAMS 0x0000000086100000, 0x0000000086000000| Untracked 
|  97|0x0000000086100000, 0x0000000086200000, 0x0000000086200000|100%| O|  |TAMS 0x0000000086100000, 0x0000000086100000| Untracked 
|  98|0x0000000086200000, 0x0000000086300000, 0x0000000086300000|100%| O|  |TAMS 0x0000000086300000, 0x0000000086200000| Untracked 
|  99|0x0000000086300000, 0x0000000086400000, 0x0000000086400000|100%| O|  |TAMS 0x0000000086400000, 0x0000000086300000| Untracked 
| 100|0x0000000086400000, 0x0000000086400000, 0x0000000086500000|  0%| F|  |TAMS 0x0000000086400000, 0x0000000086400000| Untracked 
| 101|0x0000000086500000, 0x0000000086600000, 0x0000000086600000|100%| O|  |TAMS 0x0000000086600000, 0x0000000086500000| Untracked 
| 102|0x0000000086600000, 0x0000000086700000, 0x0000000086700000|100%| O|  |TAMS 0x0000000086700000, 0x0000000086600000| Untracked 
| 103|0x0000000086700000, 0x0000000086800000, 0x0000000086800000|100%| O|  |TAMS 0x0000000086700000, 0x0000000086700000| Untracked 
| 104|0x0000000086800000, 0x0000000086900000, 0x0000000086900000|100%| O|  |TAMS 0x0000000086900000, 0x0000000086800000| Untracked 
| 105|0x0000000086900000, 0x0000000086a00000, 0x0000000086a00000|100%| O|  |TAMS 0x0000000086a00000, 0x0000000086900000| Untracked 
| 106|0x0000000086a00000, 0x0000000086b00000, 0x0000000086b00000|100%| O|  |TAMS 0x0000000086a00000, 0x0000000086a00000| Untracked 
| 107|0x0000000086b00000, 0x0000000086c00000, 0x0000000086c00000|100%| O|  |TAMS 0x0000000086b00000, 0x0000000086b00000| Untracked 
| 108|0x0000000086c00000, 0x0000000086d00000, 0x0000000086d00000|100%| O|  |TAMS 0x0000000086c00000, 0x0000000086c00000| Untracked 
| 109|0x0000000086d00000, 0x0000000086e00000, 0x0000000086e00000|100%| O|  |TAMS 0x0000000086e00000, 0x0000000086d00000| Untracked 
| 110|0x0000000086e00000, 0x0000000086f00000, 0x0000000086f00000|100%| O|  |TAMS 0x0000000086f00000, 0x0000000086e00000| Untracked 
| 111|0x0000000086f00000, 0x0000000087000000, 0x0000000087000000|100%| O|  |TAMS 0x0000000086f00000, 0x0000000086f00000| Untracked 
| 112|0x0000000087000000, 0x0000000087100000, 0x0000000087100000|100%| O|  |TAMS 0x0000000087000000, 0x0000000087000000| Untracked 
| 113|0x0000000087100000, 0x0000000087200000, 0x0000000087200000|100%| O|  |TAMS 0x0000000087200000, 0x0000000087100000| Untracked 
| 114|0x0000000087200000, 0x0000000087300000, 0x0000000087300000|100%| O|  |TAMS 0x0000000087200000, 0x0000000087200000| Untracked 
| 115|0x0000000087300000, 0x0000000087400000, 0x0000000087400000|100%| O|  |TAMS 0x0000000087400000, 0x0000000087300000| Untracked 
| 116|0x0000000087400000, 0x0000000087500000, 0x0000000087500000|100%| O|  |TAMS 0x0000000087400000, 0x0000000087400000| Untracked 
| 117|0x0000000087500000, 0x0000000087600000, 0x0000000087600000|100%| O|  |TAMS 0x0000000087600000, 0x0000000087500000| Untracked 
| 118|0x0000000087600000, 0x0000000087600000, 0x0000000087700000|  0%| F|  |TAMS 0x0000000087600000, 0x0000000087600000| Untracked 
| 119|0x0000000087700000, 0x0000000087700000, 0x0000000087800000|  0%| F|  |TAMS 0x0000000087700000, 0x0000000087700000| Untracked 
| 120|0x0000000087800000, 0x0000000087900000, 0x0000000087900000|100%| O|  |TAMS 0x0000000087900000, 0x0000000087800000| Untracked 
| 121|0x0000000087900000, 0x0000000087a00000, 0x0000000087a00000|100%| O|  |TAMS 0x0000000087a00000, 0x0000000087900000| Untracked 
| 122|0x0000000087a00000, 0x0000000087b00000, 0x0000000087b00000|100%| O|  |TAMS 0x0000000087b00000, 0x0000000087a00000| Untracked 
| 123|0x0000000087b00000, 0x0000000087b00000, 0x0000000087c00000|  0%| F|  |TAMS 0x0000000087b00000, 0x0000000087b00000| Untracked 
| 124|0x0000000087c00000, 0x0000000087d00000, 0x0000000087d00000|100%| O|  |TAMS 0x0000000087cc7600, 0x0000000087c00000| Untracked 
| 125|0x0000000087d00000, 0x0000000087e00000, 0x0000000087e00000|100%|HS|  |TAMS 0x0000000087e00000, 0x0000000087d00000| Complete 
| 126|0x0000000087e00000, 0x0000000087f00000, 0x0000000087f00000|100%| O|  |TAMS 0x0000000087f00000, 0x0000000087e00000| Untracked 
| 127|0x0000000087f00000, 0x0000000087f00000, 0x0000000088000000|  0%| F|  |TAMS 0x0000000087f00000, 0x0000000087f00000| Untracked 
| 128|0x0000000088000000, 0x0000000088000000, 0x0000000088100000|  0%| F|  |TAMS 0x0000000088000000, 0x0000000088000000| Untracked 
| 129|0x0000000088100000, 0x0000000088200000, 0x0000000088200000|100%| O|  |TAMS 0x0000000088200000, 0x0000000088100000| Untracked 
| 130|0x0000000088200000, 0x0000000088300000, 0x0000000088300000|100%| O|  |TAMS 0x0000000088300000, 0x0000000088200000| Untracked 
| 131|0x0000000088300000, 0x0000000088400000, 0x0000000088400000|100%| O|  |TAMS 0x0000000088400000, 0x0000000088300000| Untracked 
| 132|0x0000000088400000, 0x0000000088400000, 0x0000000088500000|  0%| F|  |TAMS 0x0000000088400000, 0x0000000088400000| Untracked 
| 133|0x0000000088500000, 0x0000000088500000, 0x0000000088600000|  0%| F|  |TAMS 0x0000000088500000, 0x0000000088500000| Untracked 
| 134|0x0000000088600000, 0x0000000088600000, 0x0000000088700000|  0%| F|  |TAMS 0x0000000088600000, 0x0000000088600000| Untracked 
| 135|0x0000000088700000, 0x0000000088700000, 0x0000000088800000|  0%| F|  |TAMS 0x0000000088700000, 0x0000000088700000| Untracked 
| 136|0x0000000088800000, 0x0000000088900000, 0x0000000088900000|100%| O|  |TAMS 0x0000000088800000, 0x0000000088800000| Untracked 
| 137|0x0000000088900000, 0x0000000088900000, 0x0000000088a00000|  0%| F|  |TAMS 0x0000000088900000, 0x0000000088900000| Untracked 
| 138|0x0000000088a00000, 0x0000000088a00000, 0x0000000088b00000|  0%| F|  |TAMS 0x0000000088a00000, 0x0000000088a00000| Untracked 
| 139|0x0000000088b00000, 0x0000000088c00000, 0x0000000088c00000|100%| O|  |TAMS 0x0000000088c00000, 0x0000000088b00000| Untracked 
| 140|0x0000000088c00000, 0x0000000088d00000, 0x0000000088d00000|100%| O|  |TAMS 0x0000000088d00000, 0x0000000088c00000| Untracked 
| 141|0x0000000088d00000, 0x0000000088d00000, 0x0000000088e00000|  0%| F|  |TAMS 0x0000000088d00000, 0x0000000088d00000| Untracked 
| 142|0x0000000088e00000, 0x0000000088e00000, 0x0000000088f00000|  0%| F|  |TAMS 0x0000000088e00000, 0x0000000088e00000| Untracked 
| 143|0x0000000088f00000, 0x0000000088f00000, 0x0000000089000000|  0%| F|  |TAMS 0x0000000088f00000, 0x0000000088f00000| Untracked 
| 144|0x0000000089000000, 0x0000000089000000, 0x0000000089100000|  0%| F|  |TAMS 0x0000000089000000, 0x0000000089000000| Untracked 
| 145|0x0000000089100000, 0x0000000089200000, 0x0000000089200000|100%|HS|  |TAMS 0x0000000089200000, 0x0000000089100000| Complete 
| 146|0x0000000089200000, 0x0000000089300000, 0x0000000089300000|100%|HC|  |TAMS 0x0000000089300000, 0x0000000089200000| Complete 
| 147|0x0000000089300000, 0x0000000089400000, 0x0000000089400000|100%|HS|  |TAMS 0x0000000089400000, 0x0000000089300000| Complete 
| 148|0x0000000089400000, 0x0000000089500000, 0x0000000089500000|100%| O|  |TAMS 0x0000000089500000, 0x0000000089400000| Untracked 
| 149|0x0000000089500000, 0x0000000089600000, 0x0000000089600000|100%|HS|  |TAMS 0x0000000089600000, 0x0000000089500000| Complete 
| 150|0x0000000089600000, 0x0000000089700000, 0x0000000089700000|100%|HS|  |TAMS 0x0000000089700000, 0x0000000089600000| Complete 
| 151|0x0000000089700000, 0x0000000089800000, 0x0000000089800000|100%|HC|  |TAMS 0x0000000089800000, 0x0000000089700000| Complete 
| 152|0x0000000089800000, 0x0000000089900000, 0x0000000089900000|100%|HS|  |TAMS 0x0000000089900000, 0x0000000089800000| Complete 
| 153|0x0000000089900000, 0x0000000089a00000, 0x0000000089a00000|100%|HC|  |TAMS 0x0000000089a00000, 0x0000000089900000| Complete 
| 154|0x0000000089a00000, 0x0000000089b00000, 0x0000000089b00000|100%|HS|  |TAMS 0x0000000089b00000, 0x0000000089a00000| Complete 
| 155|0x0000000089b00000, 0x0000000089c00000, 0x0000000089c00000|100%|HC|  |TAMS 0x0000000089c00000, 0x0000000089b00000| Complete 
| 156|0x0000000089c00000, 0x0000000089d00000, 0x0000000089d00000|100%|HC|  |TAMS 0x0000000089d00000, 0x0000000089c00000| Complete 
| 157|0x0000000089d00000, 0x0000000089e00000, 0x0000000089e00000|100%|HS|  |TAMS 0x0000000089d00000, 0x0000000089d00000| Complete 
| 158|0x0000000089e00000, 0x0000000089f00000, 0x0000000089f00000|100%|HC|  |TAMS 0x0000000089e00000, 0x0000000089e00000| Complete 
| 159|0x0000000089f00000, 0x000000008a000000, 0x000000008a000000|100%|HS|  |TAMS 0x0000000089f00000, 0x0000000089f00000| Complete 
| 160|0x000000008a000000, 0x000000008a100000, 0x000000008a100000|100%|HS|  |TAMS 0x000000008a100000, 0x000000008a000000| Complete 
| 161|0x000000008a100000, 0x000000008a200000, 0x000000008a200000|100%|HC|  |TAMS 0x000000008a200000, 0x000000008a100000| Complete 
| 162|0x000000008a200000, 0x000000008a300000, 0x000000008a300000|100%| O|  |TAMS 0x000000008a200000, 0x000000008a200000| Untracked 
| 163|0x000000008a300000, 0x000000008a400000, 0x000000008a400000|100%|HS|  |TAMS 0x000000008a400000, 0x000000008a300000| Complete 
| 164|0x000000008a400000, 0x000000008a500000, 0x000000008a500000|100%| O|  |TAMS 0x000000008a400000, 0x000000008a400000| Untracked 
| 165|0x000000008a500000, 0x000000008a600000, 0x000000008a600000|100%|HS|  |TAMS 0x000000008a600000, 0x000000008a500000| Complete 
| 166|0x000000008a600000, 0x000000008a700000, 0x000000008a700000|100%| O|  |TAMS 0x000000008a600000, 0x000000008a600000| Untracked 
| 167|0x000000008a700000, 0x000000008a800000, 0x000000008a800000|100%|HS|  |TAMS 0x000000008a800000, 0x000000008a700000| Complete 
| 168|0x000000008a800000, 0x000000008a900000, 0x000000008a900000|100%| O|  |TAMS 0x000000008a800000, 0x000000008a800000| Untracked 
| 169|0x000000008a900000, 0x000000008aa00000, 0x000000008aa00000|100%| O|  |TAMS 0x000000008a900000, 0x000000008a900000| Untracked 
| 170|0x000000008aa00000, 0x000000008ab00000, 0x000000008ab00000|100%| O|  |TAMS 0x000000008aa00000, 0x000000008aa00000| Untracked 
| 171|0x000000008ab00000, 0x000000008ac00000, 0x000000008ac00000|100%| O|  |TAMS 0x000000008ab00000, 0x000000008ab00000| Untracked 
| 172|0x000000008ac00000, 0x000000008ad00000, 0x000000008ad00000|100%| O|  |TAMS 0x000000008ac00000, 0x000000008ac00000| Untracked 
| 173|0x000000008ad00000, 0x000000008ae00000, 0x000000008ae00000|100%| O|  |TAMS 0x000000008ad00000, 0x000000008ad00000| Untracked 
| 174|0x000000008ae00000, 0x000000008af00000, 0x000000008af00000|100%| O|  |TAMS 0x000000008ae00000, 0x000000008ae00000| Untracked 
| 175|0x000000008af00000, 0x000000008b000000, 0x000000008b000000|100%| O|  |TAMS 0x000000008af00000, 0x000000008af00000| Untracked 
| 176|0x000000008b000000, 0x000000008b100000, 0x000000008b100000|100%| O|  |TAMS 0x000000008b000000, 0x000000008b000000| Untracked 
| 177|0x000000008b100000, 0x000000008b200000, 0x000000008b200000|100%| O|  |TAMS 0x000000008b100000, 0x000000008b100000| Untracked 
| 178|0x000000008b200000, 0x000000008b300000, 0x000000008b300000|100%| O|  |TAMS 0x000000008b200000, 0x000000008b200000| Untracked 
| 179|0x000000008b300000, 0x000000008b400000, 0x000000008b400000|100%| O|  |TAMS 0x000000008b300000, 0x000000008b300000| Untracked 
| 180|0x000000008b400000, 0x000000008b500000, 0x000000008b500000|100%|HS|  |TAMS 0x000000008b400000, 0x000000008b400000| Complete 
| 181|0x000000008b500000, 0x000000008b600000, 0x000000008b600000|100%|HC|  |TAMS 0x000000008b500000, 0x000000008b500000| Complete 
| 182|0x000000008b600000, 0x000000008b600000, 0x000000008b700000|  0%| F|  |TAMS 0x000000008b600000, 0x000000008b600000| Untracked 
| 183|0x000000008b700000, 0x000000008b700000, 0x000000008b800000|  0%| F|  |TAMS 0x000000008b700000, 0x000000008b700000| Untracked 
| 184|0x000000008b800000, 0x000000008b800000, 0x000000008b900000|  0%| F|  |TAMS 0x000000008b800000, 0x000000008b800000| Untracked 
| 185|0x000000008b900000, 0x000000008b900000, 0x000000008ba00000|  0%| F|  |TAMS 0x000000008b900000, 0x000000008b900000| Untracked 
| 186|0x000000008ba00000, 0x000000008ba00000, 0x000000008bb00000|  0%| F|  |TAMS 0x000000008ba00000, 0x000000008ba00000| Untracked 
| 187|0x000000008bb00000, 0x000000008bc00000, 0x000000008bc00000|100%|HS|  |TAMS 0x000000008bb00000, 0x000000008bb00000| Complete 
| 188|0x000000008bc00000, 0x000000008bd00000, 0x000000008bd00000|100%|HC|  |TAMS 0x000000008bc00000, 0x000000008bc00000| Complete 
| 189|0x000000008bd00000, 0x000000008be00000, 0x000000008be00000|100%|HC|  |TAMS 0x000000008bd00000, 0x000000008bd00000| Complete 
| 190|0x000000008be00000, 0x000000008bf00000, 0x000000008bf00000|100%| O|  |TAMS 0x000000008be00000, 0x000000008be00000| Untracked 
| 191|0x000000008bf00000, 0x000000008c000000, 0x000000008c000000|100%| O|  |TAMS 0x000000008bf00000, 0x000000008bf00000| Untracked 
| 192|0x000000008c000000, 0x000000008c000000, 0x000000008c100000|  0%| F|  |TAMS 0x000000008c000000, 0x000000008c000000| Untracked 
| 193|0x000000008c100000, 0x000000008c100000, 0x000000008c200000|  0%| F|  |TAMS 0x000000008c100000, 0x000000008c100000| Untracked 
| 194|0x000000008c200000, 0x000000008c200000, 0x000000008c300000|  0%| F|  |TAMS 0x000000008c200000, 0x000000008c200000| Untracked 
| 195|0x000000008c300000, 0x000000008c300000, 0x000000008c400000|  0%| F|  |TAMS 0x000000008c300000, 0x000000008c300000| Untracked 
| 196|0x000000008c400000, 0x000000008c400000, 0x000000008c500000|  0%| F|  |TAMS 0x000000008c400000, 0x000000008c400000| Untracked 
| 197|0x000000008c500000, 0x000000008c500000, 0x000000008c600000|  0%| F|  |TAMS 0x000000008c500000, 0x000000008c500000| Untracked 
| 198|0x000000008c600000, 0x000000008c600000, 0x000000008c700000|  0%| F|  |TAMS 0x000000008c600000, 0x000000008c600000| Untracked 
| 199|0x000000008c700000, 0x000000008c700000, 0x000000008c800000|  0%| F|  |TAMS 0x000000008c700000, 0x000000008c700000| Untracked 
| 200|0x000000008c800000, 0x000000008c800000, 0x000000008c900000|  0%| F|  |TAMS 0x000000008c800000, 0x000000008c800000| Untracked 
| 201|0x000000008c900000, 0x000000008c900000, 0x000000008ca00000|  0%| F|  |TAMS 0x000000008c900000, 0x000000008c900000| Untracked 
| 202|0x000000008ca00000, 0x000000008ca00000, 0x000000008cb00000|  0%| F|  |TAMS 0x000000008ca00000, 0x000000008ca00000| Untracked 
| 203|0x000000008cb00000, 0x000000008cb00000, 0x000000008cc00000|  0%| F|  |TAMS 0x000000008cb00000, 0x000000008cb00000| Untracked 
| 204|0x000000008cc00000, 0x000000008cc00000, 0x000000008cd00000|  0%| F|  |TAMS 0x000000008cc00000, 0x000000008cc00000| Untracked 
| 205|0x000000008cd00000, 0x000000008cd00000, 0x000000008ce00000|  0%| F|  |TAMS 0x000000008cd00000, 0x000000008cd00000| Untracked 
| 206|0x000000008ce00000, 0x000000008ce00000, 0x000000008cf00000|  0%| F|  |TAMS 0x000000008ce00000, 0x000000008ce00000| Untracked 
| 207|0x000000008cf00000, 0x000000008cf00000, 0x000000008d000000|  0%| F|  |TAMS 0x000000008cf00000, 0x000000008cf00000| Untracked 
| 208|0x000000008d000000, 0x000000008d000000, 0x000000008d100000|  0%| F|  |TAMS 0x000000008d000000, 0x000000008d000000| Untracked 
| 209|0x000000008d100000, 0x000000008d100000, 0x000000008d200000|  0%| F|  |TAMS 0x000000008d100000, 0x000000008d100000| Untracked 
| 210|0x000000008d200000, 0x000000008d200000, 0x000000008d300000|  0%| F|  |TAMS 0x000000008d200000, 0x000000008d200000| Untracked 
| 211|0x000000008d300000, 0x000000008d300000, 0x000000008d400000|  0%| F|  |TAMS 0x000000008d300000, 0x000000008d300000| Untracked 
| 212|0x000000008d400000, 0x000000008d400000, 0x000000008d500000|  0%| F|  |TAMS 0x000000008d400000, 0x000000008d400000| Untracked 
| 213|0x000000008d500000, 0x000000008d500000, 0x000000008d600000|  0%| F|  |TAMS 0x000000008d500000, 0x000000008d500000| Untracked 
| 214|0x000000008d600000, 0x000000008d600000, 0x000000008d700000|  0%| F|  |TAMS 0x000000008d600000, 0x000000008d600000| Untracked 
| 215|0x000000008d700000, 0x000000008d700000, 0x000000008d800000|  0%| F|  |TAMS 0x000000008d700000, 0x000000008d700000| Untracked 
| 216|0x000000008d800000, 0x000000008d800000, 0x000000008d900000|  0%| F|  |TAMS 0x000000008d800000, 0x000000008d800000| Untracked 
| 217|0x000000008d900000, 0x000000008d900000, 0x000000008da00000|  0%| F|  |TAMS 0x000000008d900000, 0x000000008d900000| Untracked 
| 218|0x000000008da00000, 0x000000008da00000, 0x000000008db00000|  0%| F|  |TAMS 0x000000008da00000, 0x000000008da00000| Untracked 
| 219|0x000000008db00000, 0x000000008db00000, 0x000000008dc00000|  0%| F|  |TAMS 0x000000008db00000, 0x000000008db00000| Untracked 
| 220|0x000000008dc00000, 0x000000008dc00000, 0x000000008dd00000|  0%| F|  |TAMS 0x000000008dc00000, 0x000000008dc00000| Untracked 
| 221|0x000000008dd00000, 0x000000008dd00000, 0x000000008de00000|  0%| F|  |TAMS 0x000000008dd00000, 0x000000008dd00000| Untracked 
| 222|0x000000008de00000, 0x000000008de00000, 0x000000008df00000|  0%| F|  |TAMS 0x000000008de00000, 0x000000008de00000| Untracked 
| 223|0x000000008df00000, 0x000000008df00000, 0x000000008e000000|  0%| F|  |TAMS 0x000000008df00000, 0x000000008df00000| Untracked 
| 224|0x000000008e000000, 0x000000008e000000, 0x000000008e100000|  0%| F|  |TAMS 0x000000008e000000, 0x000000008e000000| Untracked 
| 225|0x000000008e100000, 0x000000008e100000, 0x000000008e200000|  0%| F|  |TAMS 0x000000008e100000, 0x000000008e100000| Untracked 
| 226|0x000000008e200000, 0x000000008e200000, 0x000000008e300000|  0%| F|  |TAMS 0x000000008e200000, 0x000000008e200000| Untracked 
| 227|0x000000008e300000, 0x000000008e300000, 0x000000008e400000|  0%| F|  |TAMS 0x000000008e300000, 0x000000008e300000| Untracked 
| 228|0x000000008e400000, 0x000000008e400000, 0x000000008e500000|  0%| F|  |TAMS 0x000000008e400000, 0x000000008e400000| Untracked 
| 229|0x000000008e500000, 0x000000008e500000, 0x000000008e600000|  0%| F|  |TAMS 0x000000008e500000, 0x000000008e500000| Untracked 
| 230|0x000000008e600000, 0x000000008e600000, 0x000000008e700000|  0%| F|  |TAMS 0x000000008e600000, 0x000000008e600000| Untracked 
| 231|0x000000008e700000, 0x000000008e700000, 0x000000008e800000|  0%| F|  |TAMS 0x000000008e700000, 0x000000008e700000| Untracked 
| 232|0x000000008e800000, 0x000000008e800000, 0x000000008e900000|  0%| F|  |TAMS 0x000000008e800000, 0x000000008e800000| Untracked 
| 233|0x000000008e900000, 0x000000008e900000, 0x000000008ea00000|  0%| F|  |TAMS 0x000000008e900000, 0x000000008e900000| Untracked 
| 234|0x000000008ea00000, 0x000000008ea00000, 0x000000008eb00000|  0%| F|  |TAMS 0x000000008ea00000, 0x000000008ea00000| Untracked 
| 235|0x000000008eb00000, 0x000000008eb00000, 0x000000008ec00000|  0%| F|  |TAMS 0x000000008eb00000, 0x000000008eb00000| Untracked 
| 236|0x000000008ec00000, 0x000000008ec00000, 0x000000008ed00000|  0%| F|  |TAMS 0x000000008ec00000, 0x000000008ec00000| Untracked 
| 237|0x000000008ed00000, 0x000000008ed00000, 0x000000008ee00000|  0%| F|  |TAMS 0x000000008ed00000, 0x000000008ed00000| Untracked 
| 238|0x000000008ee00000, 0x000000008ee00000, 0x000000008ef00000|  0%| F|  |TAMS 0x000000008ee00000, 0x000000008ee00000| Untracked 
| 239|0x000000008ef00000, 0x000000008ef00000, 0x000000008f000000|  0%| F|  |TAMS 0x000000008ef00000, 0x000000008ef00000| Untracked 
| 240|0x000000008f000000, 0x000000008f000000, 0x000000008f100000|  0%| F|  |TAMS 0x000000008f000000, 0x000000008f000000| Untracked 
| 241|0x000000008f100000, 0x000000008f100000, 0x000000008f200000|  0%| F|  |TAMS 0x000000008f100000, 0x000000008f100000| Untracked 
| 242|0x000000008f200000, 0x000000008f200000, 0x000000008f300000|  0%| F|  |TAMS 0x000000008f200000, 0x000000008f200000| Untracked 
| 243|0x000000008f300000, 0x000000008f300000, 0x000000008f400000|  0%| F|  |TAMS 0x000000008f300000, 0x000000008f300000| Untracked 
| 244|0x000000008f400000, 0x000000008f400000, 0x000000008f500000|  0%| F|  |TAMS 0x000000008f400000, 0x000000008f400000| Untracked 
| 245|0x000000008f500000, 0x000000008f500000, 0x000000008f600000|  0%| F|  |TAMS 0x000000008f500000, 0x000000008f500000| Untracked 
| 246|0x000000008f600000, 0x000000008f600000, 0x000000008f700000|  0%| F|  |TAMS 0x000000008f600000, 0x000000008f600000| Untracked 
| 247|0x000000008f700000, 0x000000008f700000, 0x000000008f800000|  0%| F|  |TAMS 0x000000008f700000, 0x000000008f700000| Untracked 
| 248|0x000000008f800000, 0x000000008f800000, 0x000000008f900000|  0%| F|  |TAMS 0x000000008f800000, 0x000000008f800000| Untracked 
| 249|0x000000008f900000, 0x000000008f900000, 0x000000008fa00000|  0%| F|  |TAMS 0x000000008f900000, 0x000000008f900000| Untracked 
| 250|0x000000008fa00000, 0x000000008fa00000, 0x000000008fb00000|  0%| F|  |TAMS 0x000000008fa00000, 0x000000008fa00000| Untracked 
| 251|0x000000008fb00000, 0x000000008fb00000, 0x000000008fc00000|  0%| F|  |TAMS 0x000000008fb00000, 0x000000008fb00000| Untracked 
| 252|0x000000008fc00000, 0x000000008fc00000, 0x000000008fd00000|  0%| F|  |TAMS 0x000000008fc00000, 0x000000008fc00000| Untracked 
| 253|0x000000008fd00000, 0x000000008fd00000, 0x000000008fe00000|  0%| F|  |TAMS 0x000000008fd00000, 0x000000008fd00000| Untracked 
| 254|0x000000008fe00000, 0x000000008fe00000, 0x000000008ff00000|  0%| F|  |TAMS 0x000000008fe00000, 0x000000008fe00000| Untracked 
| 255|0x000000008ff00000, 0x000000008ff00000, 0x0000000090000000|  0%| F|  |TAMS 0x000000008ff00000, 0x000000008ff00000| Untracked 
| 256|0x0000000090000000, 0x0000000090000000, 0x0000000090100000|  0%| F|  |TAMS 0x0000000090000000, 0x0000000090000000| Untracked 
| 257|0x0000000090100000, 0x0000000090100000, 0x0000000090200000|  0%| F|  |TAMS 0x0000000090100000, 0x0000000090100000| Untracked 
| 258|0x0000000090200000, 0x0000000090200000, 0x0000000090300000|  0%| F|  |TAMS 0x0000000090200000, 0x0000000090200000| Untracked 
| 259|0x0000000090300000, 0x0000000090300000, 0x0000000090400000|  0%| F|  |TAMS 0x0000000090300000, 0x0000000090300000| Untracked 
| 260|0x0000000090400000, 0x0000000090400000, 0x0000000090500000|  0%| F|  |TAMS 0x0000000090400000, 0x0000000090400000| Untracked 
| 261|0x0000000090500000, 0x0000000090500000, 0x0000000090600000|  0%| F|  |TAMS 0x0000000090500000, 0x0000000090500000| Untracked 
| 262|0x0000000090600000, 0x0000000090600000, 0x0000000090700000|  0%| F|  |TAMS 0x0000000090600000, 0x0000000090600000| Untracked 
| 263|0x0000000090700000, 0x0000000090700000, 0x0000000090800000|  0%| F|  |TAMS 0x0000000090700000, 0x0000000090700000| Untracked 
| 264|0x0000000090800000, 0x0000000090800000, 0x0000000090900000|  0%| F|  |TAMS 0x0000000090800000, 0x0000000090800000| Untracked 
| 265|0x0000000090900000, 0x0000000090900000, 0x0000000090a00000|  0%| F|  |TAMS 0x0000000090900000, 0x0000000090900000| Untracked 
| 266|0x0000000090a00000, 0x0000000090a00000, 0x0000000090b00000|  0%| F|  |TAMS 0x0000000090a00000, 0x0000000090a00000| Untracked 
| 267|0x0000000090b00000, 0x0000000090b00000, 0x0000000090c00000|  0%| F|  |TAMS 0x0000000090b00000, 0x0000000090b00000| Untracked 
| 268|0x0000000090c00000, 0x0000000090c00000, 0x0000000090d00000|  0%| F|  |TAMS 0x0000000090c00000, 0x0000000090c00000| Untracked 
| 269|0x0000000090d00000, 0x0000000090d00000, 0x0000000090e00000|  0%| F|  |TAMS 0x0000000090d00000, 0x0000000090d00000| Untracked 
| 270|0x0000000090e00000, 0x0000000090e00000, 0x0000000090f00000|  0%| F|  |TAMS 0x0000000090e00000, 0x0000000090e00000| Untracked 
| 271|0x0000000090f00000, 0x0000000090f00000, 0x0000000091000000|  0%| F|  |TAMS 0x0000000090f00000, 0x0000000090f00000| Untracked 
| 272|0x0000000091000000, 0x0000000091000000, 0x0000000091100000|  0%| F|  |TAMS 0x0000000091000000, 0x0000000091000000| Untracked 
| 273|0x0000000091100000, 0x0000000091100000, 0x0000000091200000|  0%| F|  |TAMS 0x0000000091100000, 0x0000000091100000| Untracked 
| 274|0x0000000091200000, 0x0000000091200000, 0x0000000091300000|  0%| F|  |TAMS 0x0000000091200000, 0x0000000091200000| Untracked 
| 275|0x0000000091300000, 0x0000000091300000, 0x0000000091400000|  0%| F|  |TAMS 0x0000000091300000, 0x0000000091300000| Untracked 
| 276|0x0000000091400000, 0x0000000091400000, 0x0000000091500000|  0%| F|  |TAMS 0x0000000091400000, 0x0000000091400000| Untracked 
| 277|0x0000000091500000, 0x0000000091500000, 0x0000000091600000|  0%| F|  |TAMS 0x0000000091500000, 0x0000000091500000| Untracked 
| 278|0x0000000091600000, 0x0000000091600000, 0x0000000091700000|  0%| F|  |TAMS 0x0000000091600000, 0x0000000091600000| Untracked 
| 279|0x0000000091700000, 0x0000000091700000, 0x0000000091800000|  0%| F|  |TAMS 0x0000000091700000, 0x0000000091700000| Untracked 
| 280|0x0000000091800000, 0x0000000091800000, 0x0000000091900000|  0%| F|  |TAMS 0x0000000091800000, 0x0000000091800000| Untracked 
| 281|0x0000000091900000, 0x0000000091900000, 0x0000000091a00000|  0%| F|  |TAMS 0x0000000091900000, 0x0000000091900000| Untracked 
| 282|0x0000000091a00000, 0x0000000091a00000, 0x0000000091b00000|  0%| F|  |TAMS 0x0000000091a00000, 0x0000000091a00000| Untracked 
| 283|0x0000000091b00000, 0x0000000091b00000, 0x0000000091c00000|  0%| F|  |TAMS 0x0000000091b00000, 0x0000000091b00000| Untracked 
| 284|0x0000000091c00000, 0x0000000091c00000, 0x0000000091d00000|  0%| F|  |TAMS 0x0000000091c00000, 0x0000000091c00000| Untracked 
| 285|0x0000000091d00000, 0x0000000091d00000, 0x0000000091e00000|  0%| F|  |TAMS 0x0000000091d00000, 0x0000000091d00000| Untracked 
| 286|0x0000000091e00000, 0x0000000091e00000, 0x0000000091f00000|  0%| F|  |TAMS 0x0000000091e00000, 0x0000000091e00000| Untracked 
| 287|0x0000000091f00000, 0x0000000091f00000, 0x0000000092000000|  0%| F|  |TAMS 0x0000000091f00000, 0x0000000091f00000| Untracked 
| 288|0x0000000092000000, 0x0000000092000000, 0x0000000092100000|  0%| F|  |TAMS 0x0000000092000000, 0x0000000092000000| Untracked 
| 289|0x0000000092100000, 0x0000000092100000, 0x0000000092200000|  0%| F|  |TAMS 0x0000000092100000, 0x0000000092100000| Untracked 
| 290|0x0000000092200000, 0x0000000092200000, 0x0000000092300000|  0%| F|  |TAMS 0x0000000092200000, 0x0000000092200000| Untracked 
| 291|0x0000000092300000, 0x0000000092300000, 0x0000000092400000|  0%| F|  |TAMS 0x0000000092300000, 0x0000000092300000| Untracked 
| 292|0x0000000092400000, 0x0000000092400000, 0x0000000092500000|  0%| F|  |TAMS 0x0000000092400000, 0x0000000092400000| Untracked 
| 293|0x0000000092500000, 0x0000000092500000, 0x0000000092600000|  0%| F|  |TAMS 0x0000000092500000, 0x0000000092500000| Untracked 
| 294|0x0000000092600000, 0x0000000092600000, 0x0000000092700000|  0%| F|  |TAMS 0x0000000092600000, 0x0000000092600000| Untracked 
| 295|0x0000000092700000, 0x0000000092700000, 0x0000000092800000|  0%| F|  |TAMS 0x0000000092700000, 0x0000000092700000| Untracked 
| 296|0x0000000092800000, 0x0000000092800000, 0x0000000092900000|  0%| F|  |TAMS 0x0000000092800000, 0x0000000092800000| Untracked 
| 297|0x0000000092900000, 0x0000000092900000, 0x0000000092a00000|  0%| F|  |TAMS 0x0000000092900000, 0x0000000092900000| Untracked 
| 298|0x0000000092a00000, 0x0000000092a00000, 0x0000000092b00000|  0%| F|  |TAMS 0x0000000092a00000, 0x0000000092a00000| Untracked 
| 299|0x0000000092b00000, 0x0000000092b00000, 0x0000000092c00000|  0%| F|  |TAMS 0x0000000092b00000, 0x0000000092b00000| Untracked 
| 300|0x0000000092c00000, 0x0000000092c00000, 0x0000000092d00000|  0%| F|  |TAMS 0x0000000092c00000, 0x0000000092c00000| Untracked 
| 301|0x0000000092d00000, 0x0000000092d00000, 0x0000000092e00000|  0%| F|  |TAMS 0x0000000092d00000, 0x0000000092d00000| Untracked 
| 302|0x0000000092e00000, 0x0000000092e00000, 0x0000000092f00000|  0%| F|  |TAMS 0x0000000092e00000, 0x0000000092e00000| Untracked 
| 303|0x0000000092f00000, 0x0000000092f00000, 0x0000000093000000|  0%| F|  |TAMS 0x0000000092f00000, 0x0000000092f00000| Untracked 
| 304|0x0000000093000000, 0x0000000093000000, 0x0000000093100000|  0%| F|  |TAMS 0x0000000093000000, 0x0000000093000000| Untracked 
| 305|0x0000000093100000, 0x0000000093100000, 0x0000000093200000|  0%| F|  |TAMS 0x0000000093100000, 0x0000000093100000| Untracked 
| 306|0x0000000093200000, 0x0000000093200000, 0x0000000093300000|  0%| F|  |TAMS 0x0000000093200000, 0x0000000093200000| Untracked 
| 307|0x0000000093300000, 0x0000000093400000, 0x0000000093400000|100%| S|CS|TAMS 0x0000000093300000, 0x0000000093300000| Complete 
| 308|0x0000000093400000, 0x0000000093500000, 0x0000000093500000|100%| S|CS|TAMS 0x0000000093400000, 0x0000000093400000| Complete 
| 309|0x0000000093500000, 0x0000000093500000, 0x0000000093600000|  0%| F|  |TAMS 0x0000000093500000, 0x0000000093500000| Untracked 
| 310|0x0000000093600000, 0x0000000093600000, 0x0000000093700000|  0%| F|  |TAMS 0x0000000093600000, 0x0000000093600000| Untracked 
| 311|0x0000000093700000, 0x0000000093700000, 0x0000000093800000|  0%| F|  |TAMS 0x0000000093700000, 0x0000000093700000| Untracked 
| 312|0x0000000093800000, 0x0000000093800000, 0x0000000093900000|  0%| F|  |TAMS 0x0000000093800000, 0x0000000093800000| Untracked 
| 313|0x0000000093900000, 0x0000000093900000, 0x0000000093a00000|  0%| F|  |TAMS 0x0000000093900000, 0x0000000093900000| Untracked 
| 314|0x0000000093a00000, 0x0000000093a00000, 0x0000000093b00000|  0%| F|  |TAMS 0x0000000093a00000, 0x0000000093a00000| Untracked 
| 315|0x0000000093b00000, 0x0000000093b00000, 0x0000000093c00000|  0%| F|  |TAMS 0x0000000093b00000, 0x0000000093b00000| Untracked 
| 316|0x0000000093c00000, 0x0000000093c00000, 0x0000000093d00000|  0%| F|  |TAMS 0x0000000093c00000, 0x0000000093c00000| Untracked 
| 317|0x0000000093d00000, 0x0000000093d00000, 0x0000000093e00000|  0%| F|  |TAMS 0x0000000093d00000, 0x0000000093d00000| Untracked 
| 318|0x0000000093e00000, 0x0000000093e00000, 0x0000000093f00000|  0%| F|  |TAMS 0x0000000093e00000, 0x0000000093e00000| Untracked 

Card table byte_map: [0x000002e943fb0000,0x000002e9443b0000] _byte_map_base: 0x000002e943bb0000

Marking Bits (Prev, Next): (CMBitMap*) 0x000002e9317391c0, (CMBitMap*) 0x000002e931739180
 Prev Bits: [0x000002e9467b0000, 0x000002e9487b0000)
 Next Bits: [0x000002e9447b0000, 0x000002e9467b0000)

Polling page: 0x000002e92f450000

Metaspace:

Usage:
  Non-class:    100.22 MB used.
      Class:     15.14 MB used.
       Both:    115.36 MB used.

Virtual space:
  Non-class space:      104.00 MB reserved,     100.56 MB ( 97%) committed,  13 nodes.
      Class space:        1.00 GB reserved,      15.50 MB (  2%) committed,  1 nodes.
             Both:        1.10 GB reserved,     116.06 MB ( 10%) committed. 

Chunk freelists:
   Non-Class:  3.25 MB
       Class:  352.00 KB
        Both:  3.59 MB

MaxMetaspaceSize: unlimited
CompressedClassSpaceSize: 1.00 GB
Initial GC threshold: 21.00 MB
Current GC threshold: 193.12 MB
CDS: off
MetaspaceReclaimPolicy: balanced
 - commit_granule_bytes: 65536.
 - commit_granule_words: 8192.
 - virtual_space_node_default_size: 1048576.
 - enlarge_chunks_in_place: 1.
 - new_chunks_are_fully_committed: 0.
 - uncommit_free_chunks: 1.
 - use_allocation_guard: 0.
 - handle_deallocations: 1.


Internal statistics:

num_allocs_failed_limit: 6.
num_arena_births: 1218.
num_arena_deaths: 0.
num_vsnodes_births: 14.
num_vsnodes_deaths: 0.
num_space_committed: 1855.
num_space_uncommitted: 0.
num_chunks_returned_to_freelist: 6.
num_chunks_taken_from_freelist: 5565.
num_chunk_merges: 6.
num_chunk_splits: 3706.
num_chunks_enlarged: 2493.
num_purges: 0.
num_inconsistent_stats: 0.

CodeHeap 'non-profiled nmethods': size=120000Kb used=8673Kb max_used=8726Kb free=111326Kb
 bounds [0x000002e93c680000, 0x000002e93cf10000, 0x000002e943bb0000]
CodeHeap 'profiled nmethods': size=120000Kb used=27449Kb max_used=28371Kb free=92550Kb
 bounds [0x000002e934bb0000, 0x000002e936780000, 0x000002e93c0e0000]
CodeHeap 'non-nmethods': size=5760Kb used=2515Kb max_used=2553Kb free=3244Kb
 bounds [0x000002e93c0e0000, 0x000002e93c370000, 0x000002e93c680000]
 total_blobs=14919 nmethods=13838 adapters=993
 compilation: enabled
              stopped_count=0, restarted_count=0
 full_count=0

Compilation events (20 events):
Event: 65.280 Thread 0x000002e94b815d00 nmethod 16943 0x000002e93cdf0f10 code [0x000002e93cdf10a0, 0x000002e93cdf11b8]
Event: 65.280 Thread 0x000002e94b815d00 16945       4       java.util.Arrays::equals (43 bytes)
Event: 65.286 Thread 0x000002e94b8171b0 16948       3       com.android.tools.r8.internal.Xt::a (160 bytes)
Event: 65.287 Thread 0x000002e94b8171b0 nmethod 16948 0x000002e935cd2d10 code [0x000002e935cd2ee0, 0x000002e935cd34b8]
Event: 65.300 Thread 0x000002e94b8171b0 16949       3       com.android.tools.r8.internal.xk::a (71 bytes)
Event: 65.302 Thread 0x000002e94b8171b0 nmethod 16949 0x000002e935611310 code [0x000002e9356115c0, 0x000002e9356120a8]
Event: 65.323 Thread 0x000002e94b815d00 nmethod 16945 0x000002e93cde3f90 code [0x000002e93cde4120, 0x000002e93cde4358]
Event: 65.323 Thread 0x000002e94b815d00 16947       4       jdk.internal.util.ArraysSupport::mismatch (73 bytes)
Event: 65.327 Thread 0x000002e94b815d00 nmethod 16947 0x000002e93cde3a90 code [0x000002e93cde3c20, 0x000002e93cde3e18]
Event: 65.328 Thread 0x000002e94b815d00 16940       4       com.android.tools.r8.graph.u2::c (45 bytes)
Event: 65.329 Thread 0x000002e94b815d00 nmethod 16940 0x000002e93cde3690 code [0x000002e93cde3800, 0x000002e93cde39d8]
Event: 65.329 Thread 0x000002e94b815d00 16946       4       com.android.tools.r8.graph.p1::a (23 bytes)
Event: 65.335 Thread 0x000002e94b815d00 nmethod 16946 0x000002e93ce1a690 code [0x000002e93ce1a820, 0x000002e93ce1ac48]
Event: 65.336 Thread 0x000002e94b815d00 16950       4       com.android.tools.r8.graph.r2::s0 (37 bytes)
Event: 65.362 Thread 0x000002e94b815d00 nmethod 16950 0x000002e93ce19890 code [0x000002e93ce19a20, 0x000002e93ce1a158]
Event: 65.362 Thread 0x000002e94b815d00 16951       4       com.android.tools.r8.dex.U::a (28 bytes)
Event: 65.363 Thread 0x000002e94b815d00 nmethod 16951 0x000002e93cde3390 code [0x000002e93cde3500, 0x000002e93cde35b8]
Event: 65.363 Thread 0x000002e94b815d00 16938       4       com.android.tools.r8.graph.Y0::s0 (34 bytes)
Event: 65.383 Thread 0x000002e94b815d00 nmethod 16938 0x000002e93ce18c10 code [0x000002e93ce18da0, 0x000002e93ce19438]
Event: 65.383 Thread 0x000002e94b815d00 16956       4       com.android.tools.r8.internal.Rq::get (106 bytes)

GC Heap History (20 events):
Event: 35.003 GC heap after
{Heap after GC invocations=44 (full 0):
 garbage-first heap   total 257024K, used 133206K [0x0000000080000000, 0x0000000100000000)
  region size 1024K, 2 young (2048K), 2 survivors (2048K)
 Metaspace       used 105828K, committed 106560K, reserved 1146880K
  class space    used 14159K, committed 14528K, reserved 1048576K
}
Event: 36.210 GC heap before
{Heap before GC invocations=44 (full 0):
 garbage-first heap   total 257024K, used 210006K [0x0000000080000000, 0x0000000100000000)
  region size 1024K, 61 young (62464K), 2 survivors (2048K)
 Metaspace       used 107435K, committed 108224K, reserved 1146880K
  class space    used 14282K, committed 14656K, reserved 1048576K
}
Event: 36.222 GC heap after
{Heap after GC invocations=45 (full 0):
 garbage-first heap   total 257024K, used 142691K [0x0000000080000000, 0x0000000100000000)
  region size 1024K, 8 young (8192K), 8 survivors (8192K)
 Metaspace       used 107435K, committed 108224K, reserved 1146880K
  class space    used 14282K, committed 14656K, reserved 1048576K
}
Event: 37.902 GC heap before
{Heap before GC invocations=46 (full 0):
 garbage-first heap   total 257024K, used 196963K [0x0000000080000000, 0x0000000100000000)
  region size 1024K, 62 young (63488K), 8 survivors (8192K)
 Metaspace       used 110187K, committed 110976K, reserved 1146880K
  class space    used 14525K, committed 14912K, reserved 1048576K
}
Event: 37.923 GC heap after
{Heap after GC invocations=47 (full 0):
 garbage-first heap   total 257024K, used 152049K [0x0000000080000000, 0x0000000100000000)
  region size 1024K, 8 young (8192K), 8 survivors (8192K)
 Metaspace       used 110187K, committed 110976K, reserved 1146880K
  class space    used 14525K, committed 14912K, reserved 1048576K
}
Event: 37.982 GC heap before
{Heap before GC invocations=47 (full 0):
 garbage-first heap   total 257024K, used 156145K [0x0000000080000000, 0x0000000100000000)
  region size 1024K, 12 young (12288K), 8 survivors (8192K)
 Metaspace       used 110189K, committed 110976K, reserved 1146880K
  class space    used 14525K, committed 14912K, reserved 1048576K
}
Event: 37.998 GC heap after
{Heap after GC invocations=48 (full 0):
 garbage-first heap   total 257024K, used 140288K [0x0000000080000000, 0x0000000100000000)
  region size 1024K, 1 young (1024K), 1 survivors (1024K)
 Metaspace       used 110189K, committed 110976K, reserved 1146880K
  class space    used 14525K, committed 14912K, reserved 1048576K
}
Event: 39.791 GC heap before
{Heap before GC invocations=48 (full 0):
 garbage-first heap   total 257024K, used 197632K [0x0000000080000000, 0x0000000100000000)
  region size 1024K, 58 young (59392K), 1 survivors (1024K)
 Metaspace       used 110836K, committed 111552K, reserved 1146880K
  class space    used 14568K, committed 14912K, reserved 1048576K
}
Event: 39.795 GC heap after
{Heap after GC invocations=49 (full 0):
 garbage-first heap   total 257024K, used 139641K [0x0000000080000000, 0x0000000100000000)
  region size 1024K, 1 young (1024K), 1 survivors (1024K)
 Metaspace       used 110836K, committed 111552K, reserved 1146880K
  class space    used 14568K, committed 14912K, reserved 1048576K
}
Event: 43.345 GC heap before
{Heap before GC invocations=49 (full 0):
 garbage-first heap   total 257024K, used 201081K [0x0000000080000000, 0x0000000100000000)
  region size 1024K, 62 young (63488K), 1 survivors (1024K)
 Metaspace       used 112126K, committed 112832K, reserved 1146880K
  class space    used 14701K, committed 15040K, reserved 1048576K
}
Event: 43.355 GC heap after
{Heap after GC invocations=50 (full 0):
 garbage-first heap   total 257024K, used 142139K [0x0000000080000000, 0x0000000100000000)
  region size 1024K, 3 young (3072K), 3 survivors (3072K)
 Metaspace       used 112126K, committed 112832K, reserved 1146880K
  class space    used 14701K, committed 15040K, reserved 1048576K
}
Event: 47.593 GC heap before
{Heap before GC invocations=50 (full 0):
 garbage-first heap   total 257024K, used 205627K [0x0000000080000000, 0x0000000100000000)
  region size 1024K, 66 young (67584K), 3 survivors (3072K)
 Metaspace       used 113397K, committed 114176K, reserved 1155072K
  class space    used 14859K, committed 15232K, reserved 1048576K
}
Event: 47.630 GC heap after
{Heap after GC invocations=51 (full 0):
 garbage-first heap   total 257024K, used 148691K [0x0000000080000000, 0x0000000100000000)
  region size 1024K, 9 young (9216K), 9 survivors (9216K)
 Metaspace       used 113397K, committed 114176K, reserved 1155072K
  class space    used 14859K, committed 15232K, reserved 1048576K
}
Event: 50.436 GC heap before
{Heap before GC invocations=51 (full 0):
 garbage-first heap   total 257024K, used 207059K [0x0000000080000000, 0x0000000100000000)
  region size 1024K, 67 young (68608K), 9 survivors (9216K)
 Metaspace       used 114425K, committed 115136K, reserved 1155072K
  class space    used 14967K, committed 15296K, reserved 1048576K
}
Event: 50.463 GC heap after
{Heap after GC invocations=52 (full 0):
 garbage-first heap   total 257024K, used 154397K [0x0000000080000000, 0x0000000100000000)
  region size 1024K, 6 young (6144K), 6 survivors (6144K)
 Metaspace       used 114425K, committed 115136K, reserved 1155072K
  class space    used 14967K, committed 15296K, reserved 1048576K
}
Event: 64.001 GC heap before
{Heap before GC invocations=52 (full 0):
 garbage-first heap   total 257024K, used 218909K [0x0000000080000000, 0x0000000100000000)
  region size 1024K, 45 young (46080K), 6 survivors (6144K)
 Metaspace       used 117845K, committed 118592K, reserved 1155072K
  class space    used 15456K, committed 15808K, reserved 1048576K
}
Event: 64.020 GC heap after
{Heap after GC invocations=53 (full 0):
 garbage-first heap   total 257024K, used 184320K [0x0000000080000000, 0x0000000100000000)
  region size 1024K, 8 young (8192K), 8 survivors (8192K)
 Metaspace       used 117845K, committed 118592K, reserved 1155072K
  class space    used 15456K, committed 15808K, reserved 1048576K
}
Event: 65.236 GC heap before
{Heap before GC invocations=54 (full 0):
 garbage-first heap   total 326656K, used 220160K [0x0000000080000000, 0x0000000100000000)
  region size 1024K, 38 young (38912K), 8 survivors (8192K)
 Metaspace       used 118132K, committed 118848K, reserved 1155072K
  class space    used 15504K, committed 15872K, reserved 1048576K
}
Event: 65.266 GC heap after
{Heap after GC invocations=55 (full 0):
 garbage-first heap   total 326656K, used 188713K [0x0000000080000000, 0x0000000100000000)
  region size 1024K, 5 young (5120K), 5 survivors (5120K)
 Metaspace       used 118132K, committed 118848K, reserved 1155072K
  class space    used 15504K, committed 15872K, reserved 1048576K
}
Event: 65.385 GC heap before
{Heap before GC invocations=55 (full 0):
 garbage-first heap   total 326656K, used 199977K [0x0000000080000000, 0x0000000100000000)
  region size 1024K, 15 young (15360K), 5 survivors (5120K)
 Metaspace       used 118132K, committed 118848K, reserved 1155072K
  class space    used 15504K, committed 15872K, reserved 1048576K
}

Dll operation events (2 events):
Event: 0.012 Loaded shared library C:\Program Files\Android\Android Studio\jbr\bin\java.dll
Event: 0.889 Loaded shared library C:\Program Files\Android\Android Studio\jbr\bin\verify.dll

Deoptimization events (20 events):
Event: 65.012 Thread 0x000002e955b504f0 DEOPT PACKING pc=0x000002e936384d0a sp=0x000000ee5edfcff0
Event: 65.012 Thread 0x000002e955b504f0 DEOPT UNPACKING pc=0x000002e93c137143 sp=0x000000ee5edfc500 mode 0
Event: 65.022 Thread 0x000002e955b504f0 DEOPT PACKING pc=0x000002e936384ce9 sp=0x000000ee5edfcfa0
Event: 65.022 Thread 0x000002e955b504f0 DEOPT UNPACKING pc=0x000002e93c137143 sp=0x000000ee5edfc4b0 mode 0
Event: 65.026 Thread 0x000002e955b504f0 DEOPT PACKING pc=0x000002e936384ce9 sp=0x000000ee5edfcfa0
Event: 65.026 Thread 0x000002e955b504f0 DEOPT UNPACKING pc=0x000002e93c137143 sp=0x000000ee5edfc4b0 mode 0
Event: 65.030 Thread 0x000002e955b504f0 DEOPT PACKING pc=0x000002e936384d0a sp=0x000000ee5edfcff0
Event: 65.030 Thread 0x000002e955b504f0 DEOPT UNPACKING pc=0x000002e93c137143 sp=0x000000ee5edfc500 mode 0
Event: 65.040 Thread 0x000002e955b504f0 DEOPT PACKING pc=0x000002e936384ce9 sp=0x000000ee5edfcff0
Event: 65.040 Thread 0x000002e955b504f0 DEOPT UNPACKING pc=0x000002e93c137143 sp=0x000000ee5edfc500 mode 0
Event: 65.053 Thread 0x000002e955b504f0 DEOPT PACKING pc=0x000002e934d65306 sp=0x000000ee5edfd110
Event: 65.053 Thread 0x000002e955b504f0 DEOPT UNPACKING pc=0x000002e93c137143 sp=0x000000ee5edfc588 mode 0
Event: 65.054 Thread 0x000002e955b504f0 DEOPT PACKING pc=0x000002e934d65306 sp=0x000000ee5edfd110
Event: 65.054 Thread 0x000002e955b504f0 DEOPT UNPACKING pc=0x000002e93c137143 sp=0x000000ee5edfc588 mode 0
Event: 65.057 Thread 0x000002e955b504f0 DEOPT PACKING pc=0x000002e934d65306 sp=0x000000ee5edfd110
Event: 65.058 Thread 0x000002e955b504f0 DEOPT UNPACKING pc=0x000002e93c137143 sp=0x000000ee5edfc588 mode 0
Event: 65.059 Thread 0x000002e955b504f0 DEOPT PACKING pc=0x000002e934d65306 sp=0x000000ee5edfd110
Event: 65.059 Thread 0x000002e955b504f0 DEOPT UNPACKING pc=0x000002e93c137143 sp=0x000000ee5edfc588 mode 0
Event: 65.060 Thread 0x000002e955b504f0 DEOPT PACKING pc=0x000002e934d65306 sp=0x000000ee5edfd110
Event: 65.060 Thread 0x000002e955b504f0 DEOPT UNPACKING pc=0x000002e93c137143 sp=0x000000ee5edfc588 mode 0

Classes unloaded (0 events):
No events

Classes redefined (0 events):
No events

Internal exceptions (20 events):
Event: 46.646 Thread 0x000002e951b149c0 Exception <a 'java/lang/NoSuchMethodError'{0x000000008cb72cf0}: static Lcom/android/build/api/artifact/ArtifactKind;.<clinit>()V> (0x000000008cb72cf0) 
thrown [s\src\hotspot\share\prims\jni.cpp, line 1108]
Event: 46.646 Thread 0x000002e951b149c0 Exception <a 'java/lang/NoSuchMethodError'{0x000000008cb73eb0}: static Lcom/android/build/api/artifact/ArtifactKind;.<clinit>()V> (0x000000008cb73eb0) 
thrown [s\src\hotspot\share\prims\jni.cpp, line 1108]
Event: 48.064 Thread 0x000002e951b149c0 Exception <a 'java/lang/NoSuchMethodError'{0x000000008f52b148}: static Lcom/android/builder/internal/aapt/AaptOptions;.<clinit>()V> (0x000000008f52b148) 
thrown [s\src\hotspot\share\prims\jni.cpp, line 1108]
Event: 48.066 Thread 0x000002e951b149c0 Exception <a 'java/lang/NoSuchMethodError'{0x000000008f53ebc0}: static Ljava/lang/Object;.<clinit>()V> (0x000000008f53ebc0) 
thrown [s\src\hotspot\share\prims\jni.cpp, line 1108]
Event: 48.072 Thread 0x000002e951b149c0 Exception <a 'java/lang/NoSuchMethodError'{0x000000008f55d030}: static Lcom/android/build/api/variant/impl/SerializableApplicationMultiOutputHandler;.<clinit>()V> (0x000000008f55d030) 
thrown [s\src\hotspot\share\prims\jni.cpp, line 1108]
Event: 48.074 Thread 0x000002e951b149c0 Exception <a 'java/lang/NoSuchMethodError'{0x000000008f572de8}: static Lcom/android/build/api/variant/impl/VariantOutputImpl$SerializedForm;.<clinit>()V> (0x000000008f572de8) 
thrown [s\src\hotspot\share\prims\jni.cpp, line 1108]
Event: 48.078 Thread 0x000002e951b149c0 Exception <a 'java/lang/NoSuchMethodError'{0x000000008f586f78}: static Lcom/android/build/api/variant/impl/VariantOutputConfigurationImpl;.<clinit>()V> (0x000000008f586f78) 
thrown [s\src\hotspot\share\prims\jni.cpp, line 1108]
Event: 49.063 Thread 0x000002e955b573a0 Exception <a 'sun/nio/fs/WindowsException'{0x000000008dfece48}> (0x000000008dfece48) 
thrown [s\src\hotspot\share\prims\jni.cpp, line 517]
Event: 49.063 Thread 0x000002e955b573a0 Exception <a 'sun/nio/fs/WindowsException'{0x000000008dfed268}> (0x000000008dfed268) 
thrown [s\src\hotspot\share\prims\jni.cpp, line 517]
Event: 49.120 Thread 0x000002e955b573a0 Exception <a 'sun/nio/fs/WindowsException'{0x000000008dfee280}> (0x000000008dfee280) 
thrown [s\src\hotspot\share\prims\jni.cpp, line 517]
Event: 49.120 Thread 0x000002e955b573a0 Exception <a 'sun/nio/fs/WindowsException'{0x000000008dfee6a0}> (0x000000008dfee6a0) 
thrown [s\src\hotspot\share\prims\jni.cpp, line 517]
Event: 50.426 Thread 0x000002e951b16b70 Exception <a 'sun/nio/fs/WindowsException'{0x000000008c1602e8}> (0x000000008c1602e8) 
thrown [s\src\hotspot\share\prims\jni.cpp, line 517]
Event: 50.997 Thread 0x000002e951b16b70 Exception <a 'sun/nio/fs/WindowsException'{0x000000008ee301b0}> (0x000000008ee301b0) 
thrown [s\src\hotspot\share\prims\jni.cpp, line 517]
Event: 51.042 Thread 0x000002e955b573a0 Exception <a 'java/lang/NoSuchMethodError'{0x000000008eeb6b80}: 'void java.lang.invoke.DirectMethodHandle$Holder.invokeStatic(java.lang.Object, long)'> (0x000000008eeb6b80) 
thrown [s\src\hotspot\share\interpreter\linkResolver.cpp, line 771]
Event: 51.043 Thread 0x000002e955b573a0 Exception <a 'java/lang/NoSuchMethodError'{0x000000008eebc438}: 'java.lang.Object java.lang.invoke.DirectMethodHandle$Holder.newInvokeSpecial(java.lang.Object, long)'> (0x000000008eebc438) 
thrown [s\src\hotspot\share\interpreter\linkResolver.cpp, line 771]
Event: 51.046 Thread 0x000002e955b573a0 Exception <a 'java/lang/NoSuchMethodError'{0x000000008eec3140}: 'java.lang.Object java.lang.invoke.DirectMethodHandle$Holder.invokeStatic(java.lang.Object, java.lang.Object, long, java.lang.Object)'> (0x000000008eec3140) 
thrown [s\src\hotspot\share\interpreter\linkResolver.cpp, line 771]
Event: 51.046 Thread 0x000002e955b573a0 Exception <a 'java/lang/NoSuchMethodError'{0x000000008eec6bc0}: 'java.lang.Object java.lang.invoke.DirectMethodHandle$Holder.invokeStaticInit(java.lang.Object, java.lang.Object, long, java.lang.Object)'> (0x000000008eec6bc0) 
thrown [s\src\hotspot\share\interpreter\linkResolver.cpp, line 771]
Event: 53.089 Thread 0x000002e955b573a0 Exception <a 'java/lang/NoSuchMethodError'{0x000000008eaa6510}: 'int java.lang.invoke.DirectMethodHandle$Holder.invokeSpecialIFC(java.lang.Object, java.lang.Object, java.lang.Object)'> (0x000000008eaa6510) 
thrown [s\src\hotspot\share\interpreter\linkResolver.cpp, line 771]
Event: 58.628 Thread 0x000002e955b504f0 Exception <a 'sun/nio/fs/WindowsException'{0x000000008e680b48}> (0x000000008e680b48) 
thrown [s\src\hotspot\share\prims\jni.cpp, line 517]
Event: 63.962 Thread 0x000002e955b504f0 Exception <a 'java/lang/NoSuchMethodError'{0x000000008def9960}: 'java.lang.Object java.lang.invoke.DirectMethodHandle$Holder.invokeStaticInit(java.lang.Object, java.lang.Object, java.lang.Object, java.lang.Object, java.lang.Object, java.lang.Object, java.lang.Object, java.lang.Object, java.lang.Object, java.lang.Object, java.lang.Object, java.lang.Object, java.lang.Object, java.lang.Object, java.lang.Object, java.lang.Object, java.lang.Object, java.lang.Object, java.lang.Object, java.lang.Object, int, java

VM Operations (20 events):
Event: 51.050 Executing VM operation: HandshakeAllThreads done
Event: 52.056 Executing VM operation: Cleanup
Event: 52.056 Executing VM operation: Cleanup done
Event: 54.084 Executing VM operation: Cleanup
Event: 54.085 Executing VM operation: Cleanup done
Event: 57.122 Executing VM operation: Cleanup
Event: 57.122 Executing VM operation: Cleanup done
Event: 61.162 Executing VM operation: Cleanup
Event: 61.162 Executing VM operation: Cleanup done
Event: 62.176 Executing VM operation: Cleanup
Event: 62.176 Executing VM operation: Cleanup done
Event: 64.001 Executing VM operation: G1TryInitiateConcMark
Event: 64.020 Executing VM operation: G1TryInitiateConcMark done
Event: 64.256 Executing VM operation: G1Concurrent
Event: 64.271 Executing VM operation: G1Concurrent done
Event: 64.424 Executing VM operation: G1Concurrent
Event: 64.425 Executing VM operation: G1Concurrent done
Event: 65.236 Executing VM operation: G1CollectForAllocation
Event: 65.276 Executing VM operation: G1CollectForAllocation done
Event: 65.385 Executing VM operation: G1CollectForAllocation

Events (20 events):
Event: 50.995 loading class java/nio/file/PathMatcher
Event: 50.995 loading class java/nio/file/PathMatcher done
Event: 50.995 loading class sun/nio/fs/WindowsFileSystem$2 done
Event: 51.043 loading class java/lang/ProcessHandleImpl
Event: 51.044 loading class java/lang/ProcessHandleImpl done
Event: 51.047 loading class java/lang/ProcessImpl$2
Event: 51.048 loading class java/lang/ProcessImpl$2 done
Event: 51.048 loading class java/lang/Process$PipeInputStream
Event: 51.048 loading class java/lang/Process$PipeInputStream done
Event: 51.055 loading class jdk/internal/event/ProcessStartEvent
Event: 51.055 loading class jdk/internal/event/ProcessStartEvent done
Event: 51.078 Thread 0x000002e955b53eb0 Thread added: 0x000002e955b53eb0
Event: 51.078 Thread 0x000002e955b551f0 Thread added: 0x000002e955b551f0
Event: 51.559 Thread 0x000002e9516ad9f0 Thread exited: 0x000002e9516ad9f0
Event: 60.247 loading class java/io/UTFDataFormatException
Event: 60.247 loading class java/io/UTFDataFormatException done
Event: 63.901 loading class java/nio/BufferUnderflowException
Event: 63.901 loading class java/nio/BufferUnderflowException done
Event: 63.997 Thread 0x000002e94df43570 Thread exited: 0x000002e94df43570
Event: 64.937 Thread 0x000002e9516aa240 Thread added: 0x000002e9516aa240


Dynamic libraries:
0x00007ff7e9df0000 - 0x00007ff7e9dfa000 	C:\Program Files\Android\Android Studio\jbr\bin\java.exe
0x00007fff659b0000 - 0x00007fff65ba7000 	C:\Windows\SYSTEM32\ntdll.dll
0x00007fff649f0000 - 0x00007fff64aad000 	C:\Windows\System32\KERNEL32.DLL
0x00007fff633a0000 - 0x00007fff63696000 	C:\Windows\System32\KERNELBASE.dll
0x00007fff638a0000 - 0x00007fff639a0000 	C:\Windows\System32\ucrtbase.dll
0x00007fff5abe0000 - 0x00007fff5abf7000 	C:\Program Files\Android\Android Studio\jbr\bin\jli.dll
0x00007fff51710000 - 0x00007fff5172b000 	C:\Program Files\Android\Android Studio\jbr\bin\VCRUNTIME140.dll
0x00007fff651d0000 - 0x00007fff6536e000 	C:\Windows\System32\USER32.dll
0x00007fff50e40000 - 0x00007fff510da000 	C:\Windows\WinSxS\amd64_microsoft.windows.common-controls_6595b64144ccf1df_6.0.19041.3570_none_60bb2a3971f3e41a\COMCTL32.dll
0x00007fff630e0000 - 0x00007fff63102000 	C:\Windows\System32\win32u.dll
0x00007fff64f00000 - 0x00007fff64f9e000 	C:\Windows\System32\msvcrt.dll
0x00007fff658e0000 - 0x00007fff6590c000 	C:\Windows\System32\GDI32.dll
0x00007fff63750000 - 0x00007fff6386a000 	C:\Windows\System32\gdi32full.dll
0x00007fff63110000 - 0x00007fff631ad000 	C:\Windows\System32\msvcp_win.dll
0x00007fff658b0000 - 0x00007fff658e0000 	C:\Windows\System32\IMM32.DLL
0x00007fff5aa90000 - 0x00007fff5aa9c000 	C:\Program Files\Android\Android Studio\jbr\bin\vcruntime140_1.dll
0x00007fff48110000 - 0x00007fff4819d000 	C:\Program Files\Android\Android Studio\jbr\bin\msvcp140.dll
0x00007fff2d890000 - 0x00007fff2e4fe000 	C:\Program Files\Android\Android Studio\jbr\bin\server\jvm.dll
0x00007fff656e0000 - 0x00007fff6578e000 	C:\Windows\System32\ADVAPI32.dll
0x00007fff65000000 - 0x00007fff6509c000 	C:\Windows\System32\sechost.dll
0x00007fff63a10000 - 0x00007fff63b36000 	C:\Windows\System32\RPCRT4.dll
0x00007fff5c730000 - 0x00007fff5c739000 	C:\Windows\SYSTEM32\WSOCK32.dll
0x00007fff55a20000 - 0x00007fff55a47000 	C:\Windows\SYSTEM32\WINMM.dll
0x00007fff650a0000 - 0x00007fff6510b000 	C:\Windows\System32\WS2_32.dll
0x00007fff55ec0000 - 0x00007fff55eca000 	C:\Windows\SYSTEM32\VERSION.dll
0x00007fff61110000 - 0x00007fff61122000 	C:\Windows\SYSTEM32\kernel.appcore.dll
0x00007fff5f8f0000 - 0x00007fff5f8fa000 	C:\Program Files\Android\Android Studio\jbr\bin\jimage.dll
0x00007fff4d1d0000 - 0x00007fff4d3b4000 	C:\Windows\SYSTEM32\DBGHELP.DLL
0x00007fff4da50000 - 0x00007fff4da84000 	C:\Windows\SYSTEM32\dbgcore.DLL
0x00007fff63310000 - 0x00007fff63392000 	C:\Windows\System32\bcryptPrimitives.dll
0x00007fff5e860000 - 0x00007fff5e885000 	C:\Program Files\Android\Android Studio\jbr\bin\java.dll
0x00007fff5eca0000 - 0x00007fff5ecb8000 	C:\Program Files\Android\Android Studio\jbr\bin\zip.dll
0x00007fff63cc0000 - 0x00007fff64404000 	C:\Windows\System32\SHELL32.dll
0x00007fff61130000 - 0x00007fff618cb000 	C:\Windows\SYSTEM32\windows.storage.dll
0x00007fff65370000 - 0x00007fff656c4000 	C:\Windows\System32\combase.dll
0x00007fff62a60000 - 0x00007fff62a8d000 	C:\Windows\SYSTEM32\Wldp.dll
0x00007fff64bf0000 - 0x00007fff64c9d000 	C:\Windows\System32\SHCORE.dll
0x00007fff65110000 - 0x00007fff65165000 	C:\Windows\System32\shlwapi.dll
0x00007fff62fc0000 - 0x00007fff62fe5000 	C:\Windows\SYSTEM32\profapi.dll
0x00007fff5d9b0000 - 0x00007fff5d9c9000 	C:\Program Files\Android\Android Studio\jbr\bin\net.dll
0x00007fff57050000 - 0x00007fff5715a000 	C:\Windows\SYSTEM32\WINHTTP.dll
0x00007fff62760000 - 0x00007fff627ca000 	C:\Windows\system32\mswsock.dll
0x00007fff5d990000 - 0x00007fff5d9a6000 	C:\Program Files\Android\Android Studio\jbr\bin\nio.dll
0x00007fff5f8e0000 - 0x00007fff5f8f0000 	C:\Program Files\Android\Android Studio\jbr\bin\verify.dll
0x00007fff52690000 - 0x00007fff526b7000 	C:\Users\refrizar.dwiardito\.jdks\openjdk-21\native\68d5fa5c4cc2d200863cafc0d521ce42e7d3e7ee720ec0a83991735586a16f82\windows-amd64\native-platform.dll
0x00007fff336c0000 - 0x00007fff33804000 	C:\Users\refrizar.dwiardito\.jdks\openjdk-21\native\e376f236ea51e6404a007f0833ffe2c6e607c4080706a723a18a27aeea778392\windows-amd64\native-platform-file-events.dll
0x00007fff5dad0000 - 0x00007fff5dad9000 	C:\Program Files\Android\Android Studio\jbr\bin\management.dll
0x00007fff5c6b0000 - 0x00007fff5c6bb000 	C:\Program Files\Android\Android Studio\jbr\bin\management_ext.dll
0x00007fff656d0000 - 0x00007fff656d8000 	C:\Windows\System32\PSAPI.DLL
0x00007fff629b0000 - 0x00007fff629c8000 	C:\Windows\SYSTEM32\CRYPTSP.dll
0x00007fff62070000 - 0x00007fff620a4000 	C:\Windows\system32\rsaenh.dll
0x00007fff63870000 - 0x00007fff63897000 	C:\Windows\System32\bcrypt.dll
0x00007fff62f40000 - 0x00007fff62f6e000 	C:\Windows\SYSTEM32\USERENV.dll
0x00007fff629d0000 - 0x00007fff629dc000 	C:\Windows\SYSTEM32\CRYPTBASE.dll
0x00007fff62450000 - 0x00007fff6248b000 	C:\Windows\SYSTEM32\IPHLPAPI.DLL
0x00007fff63cb0000 - 0x00007fff63cb8000 	C:\Windows\System32\NSI.dll
0x00007fff577b0000 - 0x00007fff577c7000 	C:\Windows\SYSTEM32\dhcpcsvc6.DLL
0x00007fff57790000 - 0x00007fff577ad000 	C:\Windows\SYSTEM32\dhcpcsvc.DLL
0x00007fff62490000 - 0x00007fff6255a000 	C:\Windows\SYSTEM32\DNSAPI.dll
0x00007fff5c120000 - 0x00007fff5c127000 	C:\Windows\system32\wshunix.dll
0x00007fff553e0000 - 0x00007fff553f7000 	C:\Windows\system32\napinsp.dll
0x00007fff552d0000 - 0x00007fff552eb000 	C:\Windows\system32\pnrpnsp.dll
0x00007fff5dba0000 - 0x00007fff5dbb5000 	C:\Windows\system32\wshbth.dll
0x00007fff5d9e0000 - 0x00007fff5d9fd000 	C:\Windows\system32\NLAapi.dll
0x00007fff52b30000 - 0x00007fff52b42000 	C:\Windows\System32\winrnr.dll
0x00007fff5a500000 - 0x00007fff5a50a000 	C:\Windows\System32\rasadhlp.dll
0x00007fff55fb0000 - 0x00007fff56032000 	C:\Windows\System32\fwpuclnt.dll
0x00007fff481a0000 - 0x00007fff48338000 	C:\Program Files\Android\Android Studio\jbr\bin\awt.dll
0x00007fff644b0000 - 0x00007fff6457d000 	C:\Windows\System32\OLEAUT32.dll
0x00007fff60510000 - 0x00007fff6053f000 	C:\Windows\SYSTEM32\dwmapi.dll
0x00007fff60240000 - 0x00007fff602d0000 	C:\Windows\SYSTEM32\apphelp.dll
0x00007fff603b0000 - 0x00007fff6044e000 	C:\Windows\system32\uxtheme.dll
0x00007fff65790000 - 0x00007fff658a4000 	C:\Windows\System32\MSCTF.dll
0x00007fff64ab0000 - 0x00007fff64bdb000 	C:\Windows\System32\ole32.dll
0x00007fff62190000 - 0x00007fff621c3000 	C:\Windows\SYSTEM32\ntmarta.dll

dbghelp: loaded successfully - version: 4.0.5 - missing functions: none
symbol engine: initialized successfully - sym options: 0x614 - pdb path: .;C:\Program Files\Android\Android Studio\jbr\bin;C:\Windows\SYSTEM32;C:\Windows\WinSxS\amd64_microsoft.windows.common-controls_6595b64144ccf1df_6.0.19041.3570_none_60bb2a3971f3e41a;C:\Program Files\Android\Android Studio\jbr\bin\server;C:\Users\refrizar.dwiardito\.jdks\openjdk-21\native\68d5fa5c4cc2d200863cafc0d521ce42e7d3e7ee720ec0a83991735586a16f82\windows-amd64;C:\Users\refrizar.dwiardito\.jdks\openjdk-21\native\e376f236ea51e6404a007f0833ffe2c6e607c4080706a723a18a27aeea778392\windows-amd64

VM Arguments:
jvm_args: --add-opens=java.base/java.util=ALL-UNNAMED --add-opens=java.base/java.lang=ALL-UNNAMED --add-opens=java.base/java.lang.invoke=ALL-UNNAMED --add-opens=java.prefs/java.util.prefs=ALL-UNNAMED --add-opens=java.base/java.nio.charset=ALL-UNNAMED --add-opens=java.base/java.net=ALL-UNNAMED --add-opens=java.base/java.util.concurrent.atomic=ALL-UNNAMED -Xmx2048m -Dfile.encoding=UTF-8 -Duser.country=US -Duser.language=en -Duser.variant 
java_command: org.gradle.launcher.daemon.bootstrap.GradleDaemon 8.0
java_class_path (initial): C:\Users\refrizar.dwiardito\.jdks\openjdk-21\wrapper\dists\gradle-8.0-all\a2o1xoguejy6msdh0lk99lxza\gradle-8.0\lib\gradle-launcher-8.0.jar
Launcher Type: SUN_STANDARD

[Global flags]
     intx CICompilerCount                          = 3                                         {product} {ergonomic}
     uint ConcGCThreads                            = 1                                         {product} {ergonomic}
     uint G1ConcRefinementThreads                  = 4                                         {product} {ergonomic}
   size_t G1HeapRegionSize                         = 1048576                                   {product} {ergonomic}
    uintx GCDrainStackTargetSize                   = 64                                        {product} {ergonomic}
   size_t InitialHeapSize                          = 134217728                                 {product} {ergonomic}
   size_t MarkStackSize                            = 4194304                                   {product} {ergonomic}
   size_t MaxHeapSize                              = 2147483648                                {product} {command line}
   size_t MaxNewSize                               = 1287651328                                {product} {ergonomic}
   size_t MinHeapDeltaBytes                        = 1048576                                   {product} {ergonomic}
   size_t MinHeapSize                              = 8388608                                   {product} {ergonomic}
    uintx NonNMethodCodeHeapSize                   = 5832780                                {pd product} {ergonomic}
    uintx NonProfiledCodeHeapSize                  = 122912730                              {pd product} {ergonomic}
    uintx ProfiledCodeHeapSize                     = 122912730                              {pd product} {ergonomic}
    uintx ReservedCodeCacheSize                    = 251658240                              {pd product} {ergonomic}
     bool SegmentedCodeCache                       = true                                      {product} {ergonomic}
   size_t SoftMaxHeapSize                          = 2147483648                             {manageable} {ergonomic}
     bool UseCompressedClassPointers               = true                           {product lp64_product} {ergonomic}
     bool UseCompressedOops                        = true                           {product lp64_product} {ergonomic}
     bool UseG1GC                                  = true                                      {product} {ergonomic}
     bool UseLargePagesIndividualAllocation        = false                                  {pd product} {ergonomic}

Logging:
Log output configuration:
 #0: stdout all=warning uptime,level,tags
 #1: stderr all=off uptime,level,tags

Environment Variables:
JAVA_HOME=C:\Users\refrizar.dwiardito\.jdks\openjdk-21
PATH=C:\Program Files\Common Files\Oracle\Java\javapath;C:\Windows\system32;C:\Windows;C:\Windows\System32\Wbem;C:\Windows\System32\WindowsPowerShell\v1.0\;C:\Windows\System32\OpenSSH\;C:\Program Files\mingw-w64\x86_64-8.1.0-posix-seh-rt_v6-rev0\mingw64\bin;C:\Users\refrizar.dwiardito\AppData\Local\Programs\Python\Python310\Scripts;C:\Users\refrizar.dwiardito\.jdks\openjdk-21\bin;C:\Program Files\PuTTY\;C:\Program Files\gradle-8.3\bin;C:\Program Files\Git\cmd;C:\Users\refrizar.dwiardito\AppData\Local\Programs\Python\Python310\Scripts\;C:\Users\refrizar.dwiardito\AppData\Local\Programs\Python\Python310\;C:\Users\refrizar.dwiardito\AppData\Local\Microsoft\WindowsApps;;C:\Users\refrizar.dwiardito\AppData\Local\Programs\Microsoft VS Code\bin
USERNAME=refrizar.dwiardito
OS=Windows_NT
PROCESSOR_IDENTIFIER=Intel64 Family 6 Model 61 Stepping 4, GenuineIntel
TMP=C:\Users\REFRIZ~1.DWI\AppData\Local\Temp
TEMP=C:\Users\REFRIZ~1.DWI\AppData\Local\Temp


JNI global refs:
JNI global refs: 95, weak refs: 6

JNI global refs memory usage: 1475, weak refs: 841


---------------  S Y S T E M  ---------------

OS:
 Windows 10 , 64 bit Build 19041 (10.0.19041.3570)
OS uptime: 0 days 0:56 hours

CPU: total 4 (initial active 4) (2 cores per cpu, 2 threads per core) family 6 model 61 stepping 4 microcode 0x2f, cx8, cmov, fxsr, ht, mmx, 3dnowpref, sse, sse2, sse3, ssse3, sse4.1, sse4.2, popcnt, lzcnt, tsc, tscinvbit, avx, avx2, aes, erms, clmul, bmi1, bmi2, adx, fma, vzeroupper, clflush

Memory: 4k page, system-wide physical 8083M (474M free)
TotalPageFile size 8083M (AvailPageFile size 61M)
current process WorkingSet (physical memory assigned to process): 578M, peak: 580M
current process commit charge ("private bytes"): 643M, peak: 884M

vm_info: OpenJDK 64-Bit Server VM (17.0.6+0-b2043.56-10027231) for windows-amd64 JRE (17.0.6+0-b2043.56-10027231), built on Apr 28 2023 00:43:19 by "androidbuild" with MS VC++ 16.10 / 16.11 (VS2019)

END.
