#
# There is insufficient memory for the Java Runtime Environment to continue.
# Native memory allocation (mmap) failed to map 27262976 bytes for G1 virtual space
# Possible reasons:
#   The system is out of physical RAM or swap space
#   The process is running with CompressedOops enabled, and the Java Heap may be blocking the growth of the native heap
# Possible solutions:
#   Reduce memory load on the system
#   Increase physical memory or swap space
#   Check if swap backing store is full
#   Decrease Java heap size (-Xmx/-Xms)
#   Decrease number of Java threads
#   Decrease Java thread stack sizes (-Xss)
#   Set larger code cache with -XX:ReservedCodeCacheSize=
#   JVM is running with Unscaled Compressed Oops mode in which the Java heap is
#     placed in the first 4GB address space. The Java Heap base address is the
#     maximum limit for the native heap growth. Please use -XX:HeapBaseMinAddress
#     to set the Java Heap base and to place the Java Heap above 4GB virtual address.
# This output file may be truncated or incomplete.
#
#  Out of Memory Error (os_windows.cpp:3769), pid=7540, tid=8928
#
# JRE version: OpenJDK Runtime Environment (17.0.6) (build 17.0.6+0-b2043.56-10027231)
# Java VM: OpenJDK 64-Bit Server VM (17.0.6+0-b2043.56-10027231, mixed mode, tiered, compressed oops, compressed class ptrs, g1 gc, windows-amd64)
# No core dump will be written. Minidumps are not enabled by default on client versions of Windows
#

---------------  S U M M A R Y ------------

Command Line: --add-opens=java.base/java.util=ALL-UNNAMED --add-opens=java.base/java.lang=ALL-UNNAMED --add-opens=java.base/java.lang.invoke=ALL-UNNAMED --add-opens=java.prefs/java.util.prefs=ALL-UNNAMED --add-opens=java.base/java.nio.charset=ALL-UNNAMED --add-opens=java.base/java.net=ALL-UNNAMED --add-opens=java.base/java.util.concurrent.atomic=ALL-UNNAMED -Xmx2048m -Dfile.encoding=UTF-8 -Duser.country=US -Duser.language=en -Duser.variant org.gradle.launcher.daemon.bootstrap.GradleDaemon 8.0

Host: Intel(R) Core(TM) i5-5200U CPU @ 2.20GHz, 4 cores, 7G,  Windows 10 , 64 bit Build 19041 (10.0.19041.3570)
Time: Sun Oct 15 09:10:57 2023 SE Asia Standard Time elapsed time: 15.908231 seconds (0d 0h 0m 15s)

---------------  T H R E A D  ---------------

Current thread (0x000001fd864e0b50):  VMThread "VM Thread" [stack: 0x00000075d8100000,0x00000075d8200000] [id=8928]

Stack: [0x00000075d8100000,0x00000075d8200000]
Native frames: (J=compiled Java code, j=interpreted, Vv=VM code, C=native code)
V  [jvm.dll+0x683c9a]
V  [jvm.dll+0x8427a4]
V  [jvm.dll+0x843f9e]
V  [jvm.dll+0x844603]
V  [jvm.dll+0x249b75]
V  [jvm.dll+0x680b69]
V  [jvm.dll+0x67505a]
V  [jvm.dll+0x309acb]
V  [jvm.dll+0x310f86]
V  [jvm.dll+0x3608ee]
V  [jvm.dll+0x360b1f]
V  [jvm.dll+0x2dfbf8]
V  [jvm.dll+0x2ddec4]
V  [jvm.dll+0x2dd4cc]
V  [jvm.dll+0x322261]
V  [jvm.dll+0x848ccb]
V  [jvm.dll+0x849a04]
V  [jvm.dll+0x849f1d]
V  [jvm.dll+0x84a2f4]
V  [jvm.dll+0x84a3c0]
V  [jvm.dll+0x7f274a]
V  [jvm.dll+0x682ad5]
C  [ucrtbase.dll+0x21bb2]
C  [KERNEL32.DLL+0x17344]
C  [ntdll.dll+0x526b1]

VM_Operation (0x00000075d98f6700): G1TryInitiateConcMark, mode: safepoint, requested by thread 0x000001fd864fb280


---------------  P R O C E S S  ---------------

Threads class SMR info:
_java_thread_list=0x000001fd8d0388f0, length=84, elements={
0x000001fdece2a840, 0x000001fd864e4f00, 0x000001fd864e5ff0, 0x000001fd870095b0,
0x000001fd8700a570, 0x000001fd864f95a0, 0x000001fd864f78c0, 0x000001fd87025090,
0x000001fd8702db40, 0x000001fd87038d10, 0x000001fd864f90d0, 0x000001fd864f9a70,
0x000001fd864f7d90, 0x000001fd864f8260, 0x000001fd864fa410, 0x000001fd864f8730,
0x000001fd864fa8e0, 0x000001fd864fadb0, 0x000001fd864fb280, 0x000001fd864f8c00,
0x000001fd89934920, 0x000001fd89935790, 0x000001fd899322a0, 0x000001fd89932770,
0x000001fd89938c80, 0x000001fd89932c40, 0x000001fd89933ab0, 0x000001fd89937940,
0x000001fd899352c0, 0x000001fd89933110, 0x000001fd89939af0, 0x000001fd89934df0,
0x000001fd89935c60, 0x000001fd899335e0, 0x000001fd89933f80, 0x000001fd89937e10,
0x000001fd89936fa0, 0x000001fd899382e0, 0x000001fd89937470, 0x000001fd89939620,
0x000001fd8ae4de50, 0x000001fd8ae4e320, 0x000001fd8ae4f190, 0x000001fd8ae4cb10,
0x000001fd8ae49620, 0x000001fd8ae47e10, 0x000001fd8ae4b300, 0x000001fd8ae49fc0,
0x000001fd8ae4bca0, 0x000001fd8ae487b0, 0x000001fd8ae49af0, 0x000001fd8ae4a490,
0x000001fd8ae482e0, 0x000001fd8ae4a960, 0x000001fd8ae4ecc0, 0x000001fd8ae4e7f0,
0x000001fd8ae4f660, 0x000001fd8ae4ae30, 0x000001fd8ae4b7d0, 0x000001fd8ae49150,
0x000001fd8ae48c80, 0x000001fd8ae4c170, 0x000001fd8ae4c640, 0x000001fd8ae4cfe0,
0x000001fd8ae4d4b0, 0x000001fd8ae4d980, 0x000001fd8a82c180, 0x000001fd8a82c650,
0x000001fd8a829fd0, 0x000001fd8a826fb0, 0x000001fd8a82bcb0, 0x000001fd8a82a970,
0x000001fd8a82d4c0, 0x000001fd8a82e800, 0x000001fd8a827480, 0x000001fd8a8282f0,
0x000001fd8a829160, 0x000001fd8a829630, 0x000001fd8a82cb20, 0x000001fd8a829b00,
0x000001fd8a827e20, 0x000001fd8a8287c0, 0x000001fd8a82b310, 0x000001fd89fd2030
}

Java Threads: ( => current thread )
  0x000001fdece2a840 JavaThread "main" [_thread_blocked, id=4436, stack(0x00000075d7b00000,0x00000075d7c00000)]
  0x000001fd864e4f00 JavaThread "Reference Handler" daemon [_thread_blocked, id=10116, stack(0x00000075d8200000,0x00000075d8300000)]
  0x000001fd864e5ff0 JavaThread "Finalizer" daemon [_thread_blocked, id=2184, stack(0x00000075d8300000,0x00000075d8400000)]
  0x000001fd870095b0 JavaThread "Signal Dispatcher" daemon [_thread_blocked, id=8584, stack(0x00000075d8400000,0x00000075d8500000)]
  0x000001fd8700a570 JavaThread "Attach Listener" daemon [_thread_blocked, id=8060, stack(0x00000075d8500000,0x00000075d8600000)]
  0x000001fd864f95a0 JavaThread "Service Thread" daemon [_thread_blocked, id=8868, stack(0x00000075d8600000,0x00000075d8700000)]
  0x000001fd864f78c0 JavaThread "Monitor Deflation Thread" daemon [_thread_blocked, id=8432, stack(0x00000075d8700000,0x00000075d8800000)]
  0x000001fd87025090 JavaThread "C2 CompilerThread0" daemon [_thread_blocked, id=3548, stack(0x00000075d8800000,0x00000075d8900000)]
  0x000001fd8702db40 JavaThread "C1 CompilerThread0" daemon [_thread_blocked, id=8056, stack(0x00000075d8900000,0x00000075d8a00000)]
  0x000001fd87038d10 JavaThread "Sweeper thread" daemon [_thread_blocked, id=3396, stack(0x00000075d8a00000,0x00000075d8b00000)]
  0x000001fd864f90d0 JavaThread "Common-Cleaner" daemon [_thread_blocked, id=9764, stack(0x00000075d8b00000,0x00000075d8c00000)]
  0x000001fd864f9a70 JavaThread "Notification Thread" daemon [_thread_blocked, id=6572, stack(0x00000075d8c00000,0x00000075d8d00000)]
  0x000001fd864f7d90 JavaThread "Daemon health stats" [_thread_blocked, id=528, stack(0x00000075d9200000,0x00000075d9300000)]
  0x000001fd864f8260 JavaThread "Incoming local TCP Connector on port 50839" [_thread_in_native, id=6552, stack(0x00000075d9300000,0x00000075d9400000)]
  0x000001fd864fa410 JavaThread "Daemon periodic checks" [_thread_blocked, id=2144, stack(0x00000075d9400000,0x00000075d9500000)]
  0x000001fd864f8730 JavaThread "Daemon" [_thread_blocked, id=9484, stack(0x00000075d9500000,0x00000075d9600000)]
  0x000001fd864fa8e0 JavaThread "Handler for socket connection from /127.0.0.1:50839 to /127.0.0.1:50840" [_thread_in_native, id=9580, stack(0x00000075d9600000,0x00000075d9700000)]
  0x000001fd864fadb0 JavaThread "Cancel handler" [_thread_blocked, id=3556, stack(0x00000075d9700000,0x00000075d9800000)]
  0x000001fd864fb280 JavaThread "Daemon worker" [_thread_blocked, id=928, stack(0x00000075d9800000,0x00000075d9900000)]
  0x000001fd864f8c00 JavaThread "Asynchronous log dispatcher for DefaultDaemonConnection: socket connection from /127.0.0.1:50839 to /127.0.0.1:50840" [_thread_blocked, id=9440, stack(0x00000075d9900000,0x00000075d9a00000)]
  0x000001fd89934920 JavaThread "Stdin handler" [_thread_blocked, id=9632, stack(0x00000075d9a00000,0x00000075d9b00000)]
  0x000001fd89935790 JavaThread "Daemon client event forwarder" [_thread_blocked, id=1536, stack(0x00000075d9b00000,0x00000075d9c00000)]
  0x000001fd899322a0 JavaThread "Cache worker for journal cache (C:\Users\refrizar.dwiardito\.jdks\openjdk-21\caches\journal-1)" [_thread_blocked, id=10212, stack(0x00000075d9c00000,0x00000075d9d00000)]
  0x000001fd89932770 JavaThread "File lock request listener" [_thread_in_native, id=8176, stack(0x00000075d9d00000,0x00000075d9e00000)]
  0x000001fd89938c80 JavaThread "Cache worker for file hash cache (C:\Users\refrizar.dwiardito\.jdks\openjdk-21\caches\8.0\fileHashes)" [_thread_blocked, id=3608, stack(0x00000075d9e00000,0x00000075d9f00000)]
  0x000001fd89932c40 JavaThread "File watcher server" daemon [_thread_in_native, id=9480, stack(0x00000075d9f00000,0x00000075da000000)]
  0x000001fd89933ab0 JavaThread "File watcher consumer" daemon [_thread_blocked, id=10204, stack(0x00000075da000000,0x00000075da100000)]
  0x000001fd89937940 JavaThread "Cache worker for checksums cache (C:\Users\refrizar.dwiardito\AndroidStudioProjects\Catwell\.gradle\8.0\checksums)" [_thread_blocked, id=9400, stack(0x00000075da100000,0x00000075da200000)]
  0x000001fd899352c0 JavaThread "Cache worker for cache directory md-rule (C:\Users\refrizar.dwiardito\.jdks\openjdk-21\caches\8.0\md-rule)" [_thread_blocked, id=6852, stack(0x00000075da200000,0x00000075da300000)]
  0x000001fd89933110 JavaThread "Cache worker for file content cache (C:\Users\refrizar.dwiardito\.jdks\openjdk-21\caches\8.0\fileContent)" [_thread_blocked, id=8048, stack(0x00000075da300000,0x00000075da400000)]
  0x000001fd89939af0 JavaThread "Cache worker for file hash cache (C:\Users\refrizar.dwiardito\AndroidStudioProjects\Catwell\.gradle\8.0\fileHashes)" [_thread_blocked, id=9424, stack(0x00000075da400000,0x00000075da500000)]
  0x000001fd89934df0 JavaThread "Cache worker for cache directory md-supplier (C:\Users\refrizar.dwiardito\.jdks\openjdk-21\caches\8.0\md-supplier)" [_thread_blocked, id=8444, stack(0x00000075da500000,0x00000075da600000)]
  0x000001fd89935c60 JavaThread "Cache worker for execution history cache (C:\Users\refrizar.dwiardito\.jdks\openjdk-21\caches\8.0\executionHistory)" [_thread_blocked, id=10208, stack(0x00000075d8e00000,0x00000075d8f00000)]
  0x000001fd899335e0 JavaThread "jar transforms" [_thread_blocked, id=4848, stack(0x00000075da600000,0x00000075da700000)]
  0x000001fd89933f80 JavaThread "jar transforms Thread 2" [_thread_blocked, id=1056, stack(0x00000075da800000,0x00000075da900000)]
  0x000001fd89937e10 JavaThread "jar transforms Thread 3" [_thread_blocked, id=2312, stack(0x00000075da900000,0x00000075daa00000)]
  0x000001fd89936fa0 JavaThread "jar transforms Thread 4" [_thread_blocked, id=9752, stack(0x00000075daa00000,0x00000075dab00000)]
  0x000001fd899382e0 JavaThread "Cache worker for dependencies-accessors (C:\Users\refrizar.dwiardito\AndroidStudioProjects\Catwell\.gradle\8.0\dependencies-accessors)" [_thread_blocked, id=6816, stack(0x00000075dab00000,0x00000075dac00000)]
  0x000001fd89937470 JavaThread "Cache worker for Build Output Cleanup Cache (C:\Users\refrizar.dwiardito\AndroidStudioProjects\Catwell\.gradle\buildOutputCleanup)" [_thread_blocked, id=9972, stack(0x00000075dac00000,0x00000075dad00000)]
  0x000001fd89939620 JavaThread "Unconstrained build operations" [_thread_blocked, id=3968, stack(0x00000075dad00000,0x00000075dae00000)]
  0x000001fd8ae4de50 JavaThread "Unconstrained build operations Thread 2" [_thread_blocked, id=6644, stack(0x00000075dae00000,0x00000075daf00000)]
  0x000001fd8ae4e320 JavaThread "Unconstrained build operations Thread 3" [_thread_blocked, id=9584, stack(0x00000075daf00000,0x00000075db000000)]
  0x000001fd8ae4f190 JavaThread "Unconstrained build operations Thread 4" [_thread_blocked, id=6608, stack(0x00000075db000000,0x00000075db100000)]
  0x000001fd8ae4cb10 JavaThread "Unconstrained build operations Thread 5" [_thread_blocked, id=2056, stack(0x00000075db100000,0x00000075db200000)]
  0x000001fd8ae49620 JavaThread "Unconstrained build operations Thread 6" [_thread_blocked, id=8680, stack(0x00000075db200000,0x00000075db300000)]
  0x000001fd8ae47e10 JavaThread "Unconstrained build operations Thread 7" [_thread_blocked, id=7600, stack(0x00000075db300000,0x00000075db400000)]
  0x000001fd8ae4b300 JavaThread "Unconstrained build operations Thread 8" [_thread_blocked, id=8092, stack(0x00000075db400000,0x00000075db500000)]
  0x000001fd8ae49fc0 JavaThread "Unconstrained build operations Thread 9" [_thread_blocked, id=5072, stack(0x00000075db500000,0x00000075db600000)]
  0x000001fd8ae4bca0 JavaThread "Unconstrained build operations Thread 10" [_thread_blocked, id=9260, stack(0x00000075db600000,0x00000075db700000)]
  0x000001fd8ae487b0 JavaThread "Unconstrained build operations Thread 11" [_thread_blocked, id=4492, stack(0x00000075db700000,0x00000075db800000)]
  0x000001fd8ae49af0 JavaThread "Unconstrained build operations Thread 12" [_thread_blocked, id=10068, stack(0x00000075db800000,0x00000075db900000)]
  0x000001fd8ae4a490 JavaThread "Unconstrained build operations Thread 13" [_thread_blocked, id=4824, stack(0x00000075db900000,0x00000075dba00000)]
  0x000001fd8ae482e0 JavaThread "Unconstrained build operations Thread 14" [_thread_blocked, id=4908, stack(0x00000075dba00000,0x00000075dbb00000)]
  0x000001fd8ae4a960 JavaThread "Unconstrained build operations Thread 15" [_thread_blocked, id=1256, stack(0x00000075dbb00000,0x00000075dbc00000)]
  0x000001fd8ae4ecc0 JavaThread "Unconstrained build operations Thread 16" [_thread_blocked, id=10084, stack(0x00000075dbc00000,0x00000075dbd00000)]
  0x000001fd8ae4e7f0 JavaThread "Unconstrained build operations Thread 17" [_thread_blocked, id=9908, stack(0x00000075dbd00000,0x00000075dbe00000)]
  0x000001fd8ae4f660 JavaThread "Unconstrained build operations Thread 18" [_thread_blocked, id=4580, stack(0x00000075dbe00000,0x00000075dbf00000)]
  0x000001fd8ae4ae30 JavaThread "Unconstrained build operations Thread 19" [_thread_blocked, id=1940, stack(0x00000075dbf00000,0x00000075dc000000)]
  0x000001fd8ae4b7d0 JavaThread "Unconstrained build operations Thread 20" [_thread_blocked, id=4028, stack(0x00000075dc000000,0x00000075dc100000)]
  0x000001fd8ae49150 JavaThread "Unconstrained build operations Thread 21" [_thread_blocked, id=1140, stack(0x00000075dc100000,0x00000075dc200000)]
  0x000001fd8ae48c80 JavaThread "Unconstrained build operations Thread 22" [_thread_blocked, id=10120, stack(0x00000075dc200000,0x00000075dc300000)]
  0x000001fd8ae4c170 JavaThread "Unconstrained build operations Thread 23" [_thread_blocked, id=1396, stack(0x00000075dc300000,0x00000075dc400000)]
  0x000001fd8ae4c640 JavaThread "Unconstrained build operations Thread 24" [_thread_blocked, id=8044, stack(0x00000075dc400000,0x00000075dc500000)]
  0x000001fd8ae4cfe0 JavaThread "Unconstrained build operations Thread 25" [_thread_blocked, id=9612, stack(0x00000075dc500000,0x00000075dc600000)]
  0x000001fd8ae4d4b0 JavaThread "Unconstrained build operations Thread 26" [_thread_blocked, id=6156, stack(0x00000075dc600000,0x00000075dc700000)]
  0x000001fd8ae4d980 JavaThread "Unconstrained build operations Thread 27" [_thread_blocked, id=7476, stack(0x00000075dc700000,0x00000075dc800000)]
  0x000001fd8a82c180 JavaThread "Unconstrained build operations Thread 28" [_thread_blocked, id=9408, stack(0x00000075dc800000,0x00000075dc900000)]
  0x000001fd8a82c650 JavaThread "Unconstrained build operations Thread 29" [_thread_blocked, id=10196, stack(0x00000075dc900000,0x00000075dca00000)]
  0x000001fd8a829fd0 JavaThread "Unconstrained build operations Thread 30" [_thread_blocked, id=2328, stack(0x00000075dca00000,0x00000075dcb00000)]
  0x000001fd8a826fb0 JavaThread "Unconstrained build operations Thread 31" [_thread_blocked, id=7868, stack(0x00000075dcb00000,0x00000075dcc00000)]
  0x000001fd8a82bcb0 JavaThread "Unconstrained build operations Thread 32" [_thread_blocked, id=10172, stack(0x00000075dcc00000,0x00000075dcd00000)]
  0x000001fd8a82a970 JavaThread "Unconstrained build operations Thread 33" [_thread_blocked, id=9708, stack(0x00000075dcd00000,0x00000075dce00000)]
  0x000001fd8a82d4c0 JavaThread "Unconstrained build operations Thread 34" [_thread_blocked, id=9568, stack(0x00000075dce00000,0x00000075dcf00000)]
  0x000001fd8a82e800 JavaThread "Unconstrained build operations Thread 35" [_thread_blocked, id=1408, stack(0x00000075dcf00000,0x00000075dd000000)]
  0x000001fd8a827480 JavaThread "Unconstrained build operations Thread 36" [_thread_blocked, id=7788, stack(0x00000075dd000000,0x00000075dd100000)]
  0x000001fd8a8282f0 JavaThread "Unconstrained build operations Thread 37" [_thread_blocked, id=7072, stack(0x00000075dd100000,0x00000075dd200000)]
  0x000001fd8a829160 JavaThread "Unconstrained build operations Thread 38" [_thread_blocked, id=4700, stack(0x00000075dd200000,0x00000075dd300000)]
  0x000001fd8a829630 JavaThread "Unconstrained build operations Thread 39" [_thread_blocked, id=5560, stack(0x00000075dd300000,0x00000075dd400000)]
  0x000001fd8a82cb20 JavaThread "Unconstrained build operations Thread 40" [_thread_blocked, id=7508, stack(0x00000075dd400000,0x00000075dd500000)]
  0x000001fd8a829b00 JavaThread "build event listener" [_thread_blocked, id=9084, stack(0x00000075dd500000,0x00000075dd600000)]
  0x000001fd8a827e20 JavaThread "Memory manager" [_thread_blocked, id=2164, stack(0x00000075dd600000,0x00000075dd700000)]
  0x000001fd8a8287c0 JavaThread "build event listener" [_thread_blocked, id=5524, stack(0x00000075dd700000,0x00000075dd800000)]
  0x000001fd8a82b310 JavaThread "build event listener" [_thread_blocked, id=1168, stack(0x00000075dd800000,0x00000075dd900000)]
  0x000001fd89fd2030 JavaThread "C2 CompilerThread1" daemon [_thread_blocked, id=9804, stack(0x00000075da700000,0x00000075da800000)]

Other Threads:
=>0x000001fd864e0b50 VMThread "VM Thread" [stack: 0x00000075d8100000,0x00000075d8200000] [id=8928]
  0x000001fd871cb270 WatcherThread [stack: 0x00000075d8d00000,0x00000075d8e00000] [id=4572]
  0x000001fdece85db0 GCTaskThread "GC Thread#0" [stack: 0x00000075d7c00000,0x00000075d7d00000] [id=1548]
  0x000001fd872777b0 GCTaskThread "GC Thread#1" [stack: 0x00000075d8f00000,0x00000075d9000000] [id=4272]
  0x000001fd87277a60 GCTaskThread "GC Thread#2" [stack: 0x00000075d9000000,0x00000075d9100000] [id=9604]
  0x000001fd87e24af0 GCTaskThread "GC Thread#3" [stack: 0x00000075d9100000,0x00000075d9200000] [id=3220]
  0x000001fdece97d00 ConcurrentGCThread "G1 Main Marker" [stack: 0x00000075d7d00000,0x00000075d7e00000] [id=7468]
  0x000001fdece98eb0 ConcurrentGCThread "G1 Conc#0" [stack: 0x00000075d7e00000,0x00000075d7f00000] [id=7460]
  0x000001fdecefdd50 ConcurrentGCThread "G1 Refine#0" [stack: 0x00000075d7f00000,0x00000075d8000000] [id=7524]
  0x000001fdecefe770 ConcurrentGCThread "G1 Service" [stack: 0x00000075d8000000,0x00000075d8100000] [id=8860]

Threads with active compile tasks:
C2 CompilerThread0    15946 7644       4       sun.reflect.generics.parser.SignatureParser::parsePackageNameAndSimpleClassTypeSignature (119 bytes)
C2 CompilerThread1    15946 7637 %     4       org.gradle.internal.instantiation.generator.AbstractClassGenerator::inspectType @ 207 (560 bytes)

VM state: at safepoint (normal execution)

VM Mutex/Monitor currently owned by a thread:  ([mutex/lock_event])
[0x000001fdece28460] Threads_lock - owner thread: 0x000001fd864e0b50
[0x000001fdece282b0] Heap_lock - owner thread: 0x000001fd864fb280

Heap address: 0x0000000080000000, size: 2048 MB, Compressed Oops mode: 32-bit

CDS archive(s) not mapped
Compressed class space mapped at: 0x0000000100000000-0x0000000140000000, reserved size: 1073741824
Narrow klass base: 0x0000000000000000, Narrow klass shift: 3, Narrow klass range: 0x140000000

GC Precious Log:
 CPUs: 4 total, 4 available
 Memory: 8083M
 Large Page Support: Disabled
 NUMA Support: Disabled
 Compressed Oops: Enabled (32-bit)
 Heap Region Size: 1M
 Heap Min Capacity: 8M
 Heap Initial Capacity: 128M
 Heap Max Capacity: 2G
 Pre-touch: Disabled
 Parallel Workers: 4
 Concurrent Workers: 1
 Concurrent Refinement Workers: 4
 Periodic GC: Disabled

Heap:
 garbage-first heap   total 134144K, used 71629K [0x0000000080000000, 0x0000000100000000)
  region size 1024K, 4 young (4096K), 4 survivors (4096K)
 Metaspace       used 76347K, committed 76800K, reserved 1122304K
  class space    used 10159K, committed 10368K, reserved 1048576K

Heap Regions: E=young(eden), S=young(survivor), O=old, HS=humongous(starts), HC=humongous(continues), CS=collection set, F=free, OA=open archive, CA=closed archive, TAMS=top-at-mark-start (previous, next)
|   0|0x0000000080000000, 0x0000000080100000, 0x0000000080100000|100%| O|  |TAMS 0x0000000080100000, 0x0000000080100000| Untracked 
|   1|0x0000000080100000, 0x0000000080200000, 0x0000000080200000|100%| O|  |TAMS 0x0000000080200000, 0x0000000080200000| Untracked 
|   2|0x0000000080200000, 0x0000000080300000, 0x0000000080300000|100%|HS|  |TAMS 0x0000000080300000, 0x0000000080300000| Complete 
|   3|0x0000000080300000, 0x0000000080400000, 0x0000000080400000|100%|HC|  |TAMS 0x0000000080400000, 0x0000000080400000| Complete 
|   4|0x0000000080400000, 0x0000000080500000, 0x0000000080500000|100%|HC|  |TAMS 0x0000000080500000, 0x0000000080500000| Complete 
|   5|0x0000000080500000, 0x0000000080600000, 0x0000000080600000|100%|HC|  |TAMS 0x0000000080600000, 0x0000000080600000| Complete 
|   6|0x0000000080600000, 0x0000000080700000, 0x0000000080700000|100%| O|  |TAMS 0x0000000080700000, 0x0000000080700000| Untracked 
|   7|0x0000000080700000, 0x0000000080800000, 0x0000000080800000|100%| O|  |TAMS 0x0000000080800000, 0x0000000080800000| Untracked 
|   8|0x0000000080800000, 0x0000000080900000, 0x0000000080900000|100%| O|  |TAMS 0x0000000080900000, 0x0000000080900000| Untracked 
|   9|0x0000000080900000, 0x0000000080a00000, 0x0000000080a00000|100%| O|  |TAMS 0x0000000080a00000, 0x0000000080a00000| Untracked 
|  10|0x0000000080a00000, 0x0000000080b00000, 0x0000000080b00000|100%| O|  |TAMS 0x0000000080b00000, 0x0000000080b00000| Untracked 
|  11|0x0000000080b00000, 0x0000000080c00000, 0x0000000080c00000|100%| O|  |TAMS 0x0000000080c00000, 0x0000000080c00000| Untracked 
|  12|0x0000000080c00000, 0x0000000080d00000, 0x0000000080d00000|100%| O|  |TAMS 0x0000000080d00000, 0x0000000080d00000| Untracked 
|  13|0x0000000080d00000, 0x0000000080e00000, 0x0000000080e00000|100%| O|  |TAMS 0x0000000080e00000, 0x0000000080e00000| Untracked 
|  14|0x0000000080e00000, 0x0000000080f00000, 0x0000000080f00000|100%| O|  |TAMS 0x0000000080f00000, 0x0000000080f00000| Untracked 
|  15|0x0000000080f00000, 0x0000000081000000, 0x0000000081000000|100%| O|  |TAMS 0x0000000081000000, 0x0000000081000000| Untracked 
|  16|0x0000000081000000, 0x0000000081100000, 0x0000000081100000|100%| O|  |TAMS 0x0000000081100000, 0x0000000081100000| Untracked 
|  17|0x0000000081100000, 0x0000000081200000, 0x0000000081200000|100%| O|  |TAMS 0x0000000081200000, 0x0000000081200000| Untracked 
|  18|0x0000000081200000, 0x0000000081300000, 0x0000000081300000|100%| O|  |TAMS 0x0000000081300000, 0x0000000081300000| Untracked 
|  19|0x0000000081300000, 0x0000000081400000, 0x0000000081400000|100%| O|  |TAMS 0x0000000081400000, 0x0000000081400000| Untracked 
|  20|0x0000000081400000, 0x0000000081500000, 0x0000000081500000|100%| O|  |TAMS 0x0000000081500000, 0x0000000081500000| Untracked 
|  21|0x0000000081500000, 0x0000000081600000, 0x0000000081600000|100%| O|  |TAMS 0x0000000081600000, 0x0000000081600000| Untracked 
|  22|0x0000000081600000, 0x0000000081700000, 0x0000000081700000|100%| O|  |TAMS 0x0000000081700000, 0x0000000081700000| Untracked 
|  23|0x0000000081700000, 0x0000000081800000, 0x0000000081800000|100%| O|  |TAMS 0x0000000081800000, 0x0000000081800000| Untracked 
|  24|0x0000000081800000, 0x0000000081900000, 0x0000000081900000|100%| O|  |TAMS 0x0000000081900000, 0x0000000081900000| Untracked 
|  25|0x0000000081900000, 0x0000000081a00000, 0x0000000081a00000|100%| O|  |TAMS 0x0000000081a00000, 0x0000000081a00000| Untracked 
|  26|0x0000000081a00000, 0x0000000081b00000, 0x0000000081b00000|100%| O|  |TAMS 0x0000000081b00000, 0x0000000081b00000| Untracked 
|  27|0x0000000081b00000, 0x0000000081c00000, 0x0000000081c00000|100%| O|  |TAMS 0x0000000081c00000, 0x0000000081c00000| Untracked 
|  28|0x0000000081c00000, 0x0000000081d00000, 0x0000000081d00000|100%| O|  |TAMS 0x0000000081d00000, 0x0000000081d00000| Untracked 
|  29|0x0000000081d00000, 0x0000000081e00000, 0x0000000081e00000|100%| O|  |TAMS 0x0000000081e00000, 0x0000000081e00000| Untracked 
|  30|0x0000000081e00000, 0x0000000081f00000, 0x0000000081f00000|100%|HS|  |TAMS 0x0000000081f00000, 0x0000000081f00000| Complete 
|  31|0x0000000081f00000, 0x0000000082000000, 0x0000000082000000|100%|HS|  |TAMS 0x0000000082000000, 0x0000000082000000| Complete 
|  32|0x0000000082000000, 0x0000000082100000, 0x0000000082100000|100%|HC|  |TAMS 0x0000000082100000, 0x0000000082100000| Complete 
|  33|0x0000000082100000, 0x0000000082200000, 0x0000000082200000|100%|HS|  |TAMS 0x0000000082200000, 0x0000000082200000| Complete 
|  34|0x0000000082200000, 0x0000000082300000, 0x0000000082300000|100%|HS|  |TAMS 0x0000000082300000, 0x0000000082300000| Complete 
|  35|0x0000000082300000, 0x0000000082400000, 0x0000000082400000|100%|HS|  |TAMS 0x0000000082400000, 0x0000000082400000| Complete 
|  36|0x0000000082400000, 0x0000000082500000, 0x0000000082500000|100%|HC|  |TAMS 0x0000000082500000, 0x0000000082500000| Complete 
|  37|0x0000000082500000, 0x0000000082600000, 0x0000000082600000|100%|HC|  |TAMS 0x0000000082600000, 0x0000000082600000| Complete 
|  38|0x0000000082600000, 0x0000000082700000, 0x0000000082700000|100%|HC|  |TAMS 0x0000000082700000, 0x0000000082700000| Complete 
|  39|0x0000000082700000, 0x0000000082800000, 0x0000000082800000|100%| O|  |TAMS 0x0000000082800000, 0x0000000082800000| Untracked 
|  40|0x0000000082800000, 0x0000000082900000, 0x0000000082900000|100%| O|  |TAMS 0x0000000082900000, 0x0000000082900000| Untracked 
|  41|0x0000000082900000, 0x0000000082a00000, 0x0000000082a00000|100%| O|  |TAMS 0x0000000082a00000, 0x0000000082a00000| Untracked 
|  42|0x0000000082a00000, 0x0000000082b00000, 0x0000000082b00000|100%| O|  |TAMS 0x0000000082b00000, 0x0000000082b00000| Untracked 
|  43|0x0000000082b00000, 0x0000000082c00000, 0x0000000082c00000|100%| O|  |TAMS 0x0000000082c00000, 0x0000000082c00000| Untracked 
|  44|0x0000000082c00000, 0x0000000082d00000, 0x0000000082d00000|100%| O|  |TAMS 0x0000000082d00000, 0x0000000082d00000| Untracked 
|  45|0x0000000082d00000, 0x0000000082e00000, 0x0000000082e00000|100%| O|  |TAMS 0x0000000082e00000, 0x0000000082e00000| Untracked 
|  46|0x0000000082e00000, 0x0000000082f00000, 0x0000000082f00000|100%| O|  |TAMS 0x0000000082f00000, 0x0000000082f00000| Untracked 
|  47|0x0000000082f00000, 0x0000000083000000, 0x0000000083000000|100%| O|  |TAMS 0x0000000083000000, 0x0000000083000000| Untracked 
|  48|0x0000000083000000, 0x0000000083100000, 0x0000000083100000|100%| O|  |TAMS 0x0000000083100000, 0x0000000083100000| Untracked 
|  49|0x0000000083100000, 0x0000000083200000, 0x0000000083200000|100%| O|  |TAMS 0x0000000083200000, 0x0000000083200000| Untracked 
|  50|0x0000000083200000, 0x0000000083300000, 0x0000000083300000|100%| O|  |TAMS 0x0000000083300000, 0x0000000083300000| Untracked 
|  51|0x0000000083300000, 0x0000000083400000, 0x0000000083400000|100%| O|  |TAMS 0x0000000083322c00, 0x0000000083400000| Untracked 
|  52|0x0000000083400000, 0x0000000083500000, 0x0000000083500000|100%| O|  |TAMS 0x0000000083400000, 0x0000000083500000| Untracked 
|  53|0x0000000083500000, 0x0000000083600000, 0x0000000083600000|100%| O|  |TAMS 0x0000000083600000, 0x0000000083600000| Untracked 
|  54|0x0000000083600000, 0x0000000083700000, 0x0000000083700000|100%| O|  |TAMS 0x0000000083600000, 0x0000000083700000| Untracked 
|  55|0x0000000083700000, 0x0000000083800000, 0x0000000083800000|100%| O|  |TAMS 0x0000000083700000, 0x0000000083800000| Untracked 
|  56|0x0000000083800000, 0x0000000083900000, 0x0000000083900000|100%| O|  |TAMS 0x0000000083800000, 0x0000000083900000| Untracked 
|  57|0x0000000083900000, 0x0000000083a00000, 0x0000000083a00000|100%| O|  |TAMS 0x0000000083a00000, 0x0000000083a00000| Untracked 
|  58|0x0000000083a00000, 0x0000000083b00000, 0x0000000083b00000|100%| O|  |TAMS 0x0000000083b00000, 0x0000000083b00000| Untracked 
|  59|0x0000000083b00000, 0x0000000083c00000, 0x0000000083c00000|100%| O|  |TAMS 0x0000000083c00000, 0x0000000083c00000| Untracked 
|  60|0x0000000083c00000, 0x0000000083d00000, 0x0000000083d00000|100%| O|  |TAMS 0x0000000083d00000, 0x0000000083d00000| Untracked 
|  61|0x0000000083d00000, 0x0000000083e00000, 0x0000000083e00000|100%| O|  |TAMS 0x0000000083d00000, 0x0000000083e00000| Untracked 
|  62|0x0000000083e00000, 0x0000000083f00000, 0x0000000083f00000|100%| O|  |TAMS 0x0000000083e00000, 0x0000000083f00000| Untracked 
|  63|0x0000000083f00000, 0x0000000083f86600, 0x0000000084000000| 52%| O|  |TAMS 0x0000000083f00000, 0x0000000083f86600| Untracked 
|  64|0x0000000084000000, 0x0000000084000000, 0x0000000084100000|  0%| F|  |TAMS 0x0000000084000000, 0x0000000084000000| Untracked 
|  65|0x0000000084100000, 0x0000000084100000, 0x0000000084200000|  0%| F|  |TAMS 0x0000000084100000, 0x0000000084100000| Untracked 
|  66|0x0000000084200000, 0x0000000084200000, 0x0000000084300000|  0%| F|  |TAMS 0x0000000084200000, 0x0000000084200000| Untracked 
|  67|0x0000000084300000, 0x0000000084300000, 0x0000000084400000|  0%| F|  |TAMS 0x0000000084300000, 0x0000000084300000| Untracked 
|  68|0x0000000084400000, 0x0000000084400000, 0x0000000084500000|  0%| F|  |TAMS 0x0000000084400000, 0x0000000084400000| Untracked 
|  69|0x0000000084500000, 0x0000000084500000, 0x0000000084600000|  0%| F|  |TAMS 0x0000000084500000, 0x0000000084500000| Untracked 
|  70|0x0000000084600000, 0x0000000084600000, 0x0000000084700000|  0%| F|  |TAMS 0x0000000084600000, 0x0000000084600000| Untracked 
|  71|0x0000000084700000, 0x0000000084700000, 0x0000000084800000|  0%| F|  |TAMS 0x0000000084700000, 0x0000000084700000| Untracked 
|  72|0x0000000084800000, 0x0000000084800000, 0x0000000084900000|  0%| F|  |TAMS 0x0000000084800000, 0x0000000084800000| Untracked 
|  73|0x0000000084900000, 0x0000000084900000, 0x0000000084a00000|  0%| F|  |TAMS 0x0000000084900000, 0x0000000084900000| Untracked 
|  74|0x0000000084a00000, 0x0000000084a00000, 0x0000000084b00000|  0%| F|  |TAMS 0x0000000084a00000, 0x0000000084a00000| Untracked 
|  75|0x0000000084b00000, 0x0000000084b00000, 0x0000000084c00000|  0%| F|  |TAMS 0x0000000084b00000, 0x0000000084b00000| Untracked 
|  76|0x0000000084c00000, 0x0000000084c00000, 0x0000000084d00000|  0%| F|  |TAMS 0x0000000084c00000, 0x0000000084c00000| Untracked 
|  77|0x0000000084d00000, 0x0000000084d00000, 0x0000000084e00000|  0%| F|  |TAMS 0x0000000084d00000, 0x0000000084d00000| Untracked 
|  78|0x0000000084e00000, 0x0000000084e00000, 0x0000000084f00000|  0%| F|  |TAMS 0x0000000084e00000, 0x0000000084e00000| Untracked 
|  79|0x0000000084f00000, 0x0000000084f00000, 0x0000000085000000|  0%| F|  |TAMS 0x0000000084f00000, 0x0000000084f00000| Untracked 
|  80|0x0000000085000000, 0x0000000085000000, 0x0000000085100000|  0%| F|  |TAMS 0x0000000085000000, 0x0000000085000000| Untracked 
|  81|0x0000000085100000, 0x0000000085100000, 0x0000000085200000|  0%| F|  |TAMS 0x0000000085100000, 0x0000000085100000| Untracked 
|  82|0x0000000085200000, 0x0000000085200000, 0x0000000085300000|  0%| F|  |TAMS 0x0000000085200000, 0x0000000085200000| Untracked 
|  83|0x0000000085300000, 0x0000000085300000, 0x0000000085400000|  0%| F|  |TAMS 0x0000000085300000, 0x0000000085300000| Untracked 
|  84|0x0000000085400000, 0x0000000085400000, 0x0000000085500000|  0%| F|  |TAMS 0x0000000085400000, 0x0000000085400000| Untracked 
|  85|0x0000000085500000, 0x0000000085500000, 0x0000000085600000|  0%| F|  |TAMS 0x0000000085500000, 0x0000000085500000| Untracked 
|  86|0x0000000085600000, 0x0000000085600000, 0x0000000085700000|  0%| F|  |TAMS 0x0000000085600000, 0x0000000085600000| Untracked 
|  87|0x0000000085700000, 0x0000000085700000, 0x0000000085800000|  0%| F|  |TAMS 0x0000000085700000, 0x0000000085700000| Untracked 
|  88|0x0000000085800000, 0x0000000085800000, 0x0000000085900000|  0%| F|  |TAMS 0x0000000085800000, 0x0000000085800000| Untracked 
|  89|0x0000000085900000, 0x0000000085900000, 0x0000000085a00000|  0%| F|  |TAMS 0x0000000085900000, 0x0000000085900000| Untracked 
|  90|0x0000000085a00000, 0x0000000085a00000, 0x0000000085b00000|  0%| F|  |TAMS 0x0000000085a00000, 0x0000000085a00000| Untracked 
|  91|0x0000000085b00000, 0x0000000085b00000, 0x0000000085c00000|  0%| F|  |TAMS 0x0000000085b00000, 0x0000000085b00000| Untracked 
|  92|0x0000000085c00000, 0x0000000085c00000, 0x0000000085d00000|  0%| F|  |TAMS 0x0000000085c00000, 0x0000000085c00000| Untracked 
|  93|0x0000000085d00000, 0x0000000085d00000, 0x0000000085e00000|  0%| F|  |TAMS 0x0000000085d00000, 0x0000000085d00000| Untracked 
|  94|0x0000000085e00000, 0x0000000085e00000, 0x0000000085f00000|  0%| F|  |TAMS 0x0000000085e00000, 0x0000000085e00000| Untracked 
|  95|0x0000000085f00000, 0x0000000085f00000, 0x0000000086000000|  0%| F|  |TAMS 0x0000000085f00000, 0x0000000085f00000| Untracked 
|  96|0x0000000086000000, 0x0000000086000000, 0x0000000086100000|  0%| F|  |TAMS 0x0000000086000000, 0x0000000086000000| Untracked 
|  97|0x0000000086100000, 0x0000000086100000, 0x0000000086200000|  0%| F|  |TAMS 0x0000000086100000, 0x0000000086100000| Untracked 
|  98|0x0000000086200000, 0x0000000086200000, 0x0000000086300000|  0%| F|  |TAMS 0x0000000086200000, 0x0000000086200000| Untracked 
|  99|0x0000000086300000, 0x0000000086300000, 0x0000000086400000|  0%| F|  |TAMS 0x0000000086300000, 0x0000000086300000| Untracked 
| 100|0x0000000086400000, 0x0000000086400000, 0x0000000086500000|  0%| F|  |TAMS 0x0000000086400000, 0x0000000086400000| Untracked 
| 101|0x0000000086500000, 0x0000000086500000, 0x0000000086600000|  0%| F|  |TAMS 0x0000000086500000, 0x0000000086500000| Untracked 
| 102|0x0000000086600000, 0x0000000086600000, 0x0000000086700000|  0%| F|  |TAMS 0x0000000086600000, 0x0000000086600000| Untracked 
| 103|0x0000000086700000, 0x0000000086700000, 0x0000000086800000|  0%| F|  |TAMS 0x0000000086700000, 0x0000000086700000| Untracked 
| 104|0x0000000086800000, 0x0000000086800000, 0x0000000086900000|  0%| F|  |TAMS 0x0000000086800000, 0x0000000086800000| Untracked 
| 105|0x0000000086900000, 0x0000000086900000, 0x0000000086a00000|  0%| F|  |TAMS 0x0000000086900000, 0x0000000086900000| Untracked 
| 106|0x0000000086a00000, 0x0000000086a00000, 0x0000000086b00000|  0%| F|  |TAMS 0x0000000086a00000, 0x0000000086a00000| Untracked 
| 107|0x0000000086b00000, 0x0000000086b00000, 0x0000000086c00000|  0%| F|  |TAMS 0x0000000086b00000, 0x0000000086b00000| Untracked 
| 108|0x0000000086c00000, 0x0000000086c6cf78, 0x0000000086d00000| 42%| S|CS|TAMS 0x0000000086c00000, 0x0000000086c00000| Complete 
| 109|0x0000000086d00000, 0x0000000086e00000, 0x0000000086e00000|100%| S|CS|TAMS 0x0000000086d00000, 0x0000000086d00000| Complete 
| 110|0x0000000086e00000, 0x0000000086f00000, 0x0000000086f00000|100%| S|CS|TAMS 0x0000000086e00000, 0x0000000086e00000| Complete 
| 111|0x0000000086f00000, 0x0000000087000000, 0x0000000087000000|100%| S|CS|TAMS 0x0000000086f00000, 0x0000000086f00000| Complete 
| 112|0x0000000087000000, 0x0000000087000000, 0x0000000087100000|  0%| F|  |TAMS 0x0000000087000000, 0x0000000087000000| Untracked 
| 113|0x0000000087100000, 0x0000000087100000, 0x0000000087200000|  0%| F|  |TAMS 0x0000000087100000, 0x0000000087100000| Untracked 
| 114|0x0000000087200000, 0x0000000087200000, 0x0000000087300000|  0%| F|  |TAMS 0x0000000087200000, 0x0000000087200000| Untracked 
| 115|0x0000000087300000, 0x0000000087300000, 0x0000000087400000|  0%| F|  |TAMS 0x0000000087300000, 0x0000000087300000| Untracked 
| 116|0x0000000087400000, 0x0000000087400000, 0x0000000087500000|  0%| F|  |TAMS 0x0000000087400000, 0x0000000087400000| Untracked 
| 117|0x0000000087500000, 0x0000000087500000, 0x0000000087600000|  0%| F|  |TAMS 0x0000000087500000, 0x0000000087500000| Untracked 
| 118|0x0000000087600000, 0x0000000087600000, 0x0000000087700000|  0%| F|  |TAMS 0x0000000087600000, 0x0000000087600000| Untracked 
| 119|0x0000000087700000, 0x0000000087700000, 0x0000000087800000|  0%| F|  |TAMS 0x0000000087700000, 0x0000000087700000| Untracked 
| 120|0x0000000087800000, 0x0000000087800000, 0x0000000087900000|  0%| F|  |TAMS 0x0000000087800000, 0x0000000087800000| Untracked 
| 121|0x0000000087900000, 0x0000000087900000, 0x0000000087a00000|  0%| F|  |TAMS 0x0000000087900000, 0x0000000087900000| Untracked 
| 122|0x0000000087a00000, 0x0000000087a00000, 0x0000000087b00000|  0%| F|  |TAMS 0x0000000087a00000, 0x0000000087a00000| Untracked 
| 123|0x0000000087b00000, 0x0000000087b00000, 0x0000000087c00000|  0%| F|  |TAMS 0x0000000087b00000, 0x0000000087b00000| Untracked 
| 124|0x0000000087c00000, 0x0000000087c00000, 0x0000000087d00000|  0%| F|  |TAMS 0x0000000087c00000, 0x0000000087c00000| Untracked 
| 125|0x0000000087d00000, 0x0000000087d00000, 0x0000000087e00000|  0%| F|  |TAMS 0x0000000087d00000, 0x0000000087d00000| Untracked 
| 126|0x0000000087e00000, 0x0000000087e00000, 0x0000000087f00000|  0%| F|  |TAMS 0x0000000087e00000, 0x0000000087e00000| Untracked 
| 127|0x0000000087f00000, 0x0000000087f00000, 0x0000000088000000|  0%| F|  |TAMS 0x0000000087f00000, 0x0000000087f00000| Untracked 
|2045|0x00000000ffd00000, 0x00000000ffe00000, 0x00000000ffe00000|100%| O|  |TAMS 0x00000000ffe00000, 0x00000000ffe00000| Untracked 
|2046|0x00000000ffe00000, 0x00000000fff00000, 0x00000000fff00000|100%| O|  |TAMS 0x00000000fff00000, 0x00000000fff00000| Untracked 
|2047|0x00000000fff00000, 0x0000000100000000, 0x0000000100000000|100%| O|  |TAMS 0x0000000100000000, 0x0000000100000000| Untracked 

Card table byte_map: [0x000001fdff700000,0x000001fdffb00000] _byte_map_base: 0x000001fdff300000

Marking Bits (Prev, Next): (CMBitMap*) 0x000001fdece873d0, (CMBitMap*) 0x000001fdece87410
 Prev Bits: [0x000001fd80000000, 0x000001fd82000000)
 Next Bits: [0x000001fd82000000, 0x000001fd84000000)

Polling page: 0x000001fdead10000

Metaspace:

Usage:
  Non-class:     64.64 MB used.
      Class:      9.92 MB used.
       Both:     74.56 MB used.

Virtual space:
  Non-class space:       72.00 MB reserved,      64.88 MB ( 90%) committed,  9 nodes.
      Class space:        1.00 GB reserved,      10.12 MB ( <1%) committed,  1 nodes.
             Both:        1.07 GB reserved,      75.00 MB (  7%) committed. 

Chunk freelists:
   Non-Class:  2.38 MB
       Class:  1.81 MB
        Both:  4.19 MB

MaxMetaspaceSize: unlimited
CompressedClassSpaceSize: 1.00 GB
Initial GC threshold: 21.00 MB
Current GC threshold: 122.00 MB
CDS: off
MetaspaceReclaimPolicy: balanced
 - commit_granule_bytes: 65536.
 - commit_granule_words: 8192.
 - virtual_space_node_default_size: 1048576.
 - enlarge_chunks_in_place: 1.
 - new_chunks_are_fully_committed: 0.
 - uncommit_free_chunks: 1.
 - use_allocation_guard: 0.
 - handle_deallocations: 1.


Internal statistics:

num_allocs_failed_limit: 6.
num_arena_births: 666.
num_arena_deaths: 0.
num_vsnodes_births: 10.
num_vsnodes_deaths: 0.
num_space_committed: 1200.
num_space_uncommitted: 0.
num_chunks_returned_to_freelist: 6.
num_chunks_taken_from_freelist: 3283.
num_chunk_merges: 6.
num_chunk_splits: 2213.
num_chunks_enlarged: 1513.
num_purges: 0.
num_inconsistent_stats: 0.

CodeHeap 'non-profiled nmethods': size=120000Kb used=3744Kb max_used=3744Kb free=116256Kb
 bounds [0x000001fdf7dd0000, 0x000001fdf8180000, 0x000001fdff300000]
CodeHeap 'profiled nmethods': size=120000Kb used=13119Kb max_used=13119Kb free=106880Kb
 bounds [0x000001fdf0300000, 0x000001fdf0fe0000, 0x000001fdf7830000]
CodeHeap 'non-nmethods': size=5760Kb used=2368Kb max_used=2409Kb free=3391Kb
 bounds [0x000001fdf7830000, 0x000001fdf7aa0000, 0x000001fdf7dd0000]
 total_blobs=7699 nmethods=6801 adapters=810
 compilation: enabled
              stopped_count=0, restarted_count=0
 full_count=0

Compilation events (20 events):
Event: 15.853 Thread 0x000001fd8702db40 7653       3       org.gradle.tooling.internal.provider.runner.ProjectConfigurationTracker$PluginApplicationResult::increment (10 bytes)
Event: 15.853 Thread 0x000001fd8702db40 nmethod 7653 0x000001fdf0fc9810 code [0x000001fdf0fc99c0, 0x000001fdf0fc9b08]
Event: 15.854 Thread 0x000001fd8702db40 7654       3       org.gradle.api.internal.artifacts.configurations.DefaultConfigurationContainer_Decorated::getStore (40 bytes)
Event: 15.854 Thread 0x000001fd8702db40 nmethod 7654 0x000001fdf0fc9c10 code [0x000001fdf0fc9de0, 0x000001fdf0fca198]
Event: 15.854 Thread 0x000001fd8702db40 7655       3       org.gradle.internal.event.DefaultListenerManager$EventBroadcast::getDispatch (16 bytes)
Event: 15.855 Thread 0x000001fd8702db40 nmethod 7655 0x000001fdf0fca290 code [0x000001fdf0fca420, 0x000001fdf0fca598]
Event: 15.857 Thread 0x000001fd8702db40 7656       3       org.gradle.api.internal.artifacts.configurations.DefaultConfiguration::addMutationValidator (12 bytes)
Event: 15.857 Thread 0x000001fd8702db40 nmethod 7656 0x000001fdf0fca610 code [0x000001fdf0fca7c0, 0x000001fdf0fca988]
Event: 15.857 Thread 0x000001fd8702db40 7657       3       org.gradle.api.internal.collections.IterationOrderRetainingSetElementSource::<init> (28 bytes)
Event: 15.859 Thread 0x000001fd8702db40 nmethod 7657 0x000001fdf0fcaa90 code [0x000001fdf0fcad20, 0x000001fdf0fcbc28]
Event: 15.859 Thread 0x000001fd8702db40 7658       3       org.gradle.api.internal.collections.IterationOrderRetainingSetElementSource$1::<init> (10 bytes)
Event: 15.859 Thread 0x000001fd8702db40 nmethod 7658 0x000001fdf0fcc190 code [0x000001fdf0fcc320, 0x000001fdf0fcc4f8]
Event: 15.859 Thread 0x000001fd8702db40 7659       3       org.gradle.tooling.internal.provider.runner.ProjectConfigurationTracker$ProjectConfigurationResult::increment (33 bytes)
Event: 15.860 Thread 0x000001fd8702db40 nmethod 7659 0x000001fdf0fcc610 code [0x000001fdf0fcc840, 0x000001fdf0fcd0c8]
Event: 15.860 Thread 0x000001fd8702db40 7660       3       org.gradle.api.internal.provider.AbstractProperty::setSupplier (20 bytes)
Event: 15.860 Thread 0x000001fd8702db40 nmethod 7660 0x000001fdf0fcd410 code [0x000001fdf0fcd5e0, 0x000001fdf0fcdb88]
Event: 15.894 Thread 0x000001fd8702db40 7662   !   3       sun.nio.cs.StreamDecoder::readBytes (271 bytes)
Event: 15.895 Thread 0x000001fd8702db40 nmethod 7662 0x000001fdf0fcdd10 code [0x000001fdf0fce020, 0x000001fdf0fcf008]
Event: 15.895 Thread 0x000001fd8702db40 7663       3       java.nio.HeapByteBuffer::compact (85 bytes)
Event: 15.896 Thread 0x000001fd8702db40 nmethod 7663 0x000001fdf0fcf890 code [0x000001fdf0fcfa80, 0x000001fdf0fd00a8]

GC Heap History (20 events):
Event: 10.817 GC heap after
{Heap after GC invocations=15 (full 0):
 garbage-first heap   total 98304K, used 53451K [0x0000000080000000, 0x0000000100000000)
  region size 1024K, 6 young (6144K), 6 survivors (6144K)
 Metaspace       used 53266K, committed 53696K, reserved 1097728K
  class space    used 7019K, committed 7232K, reserved 1048576K
}
Event: 11.375 GC heap before
{Heap before GC invocations=15 (full 0):
 garbage-first heap   total 98304K, used 74955K [0x0000000080000000, 0x0000000100000000)
  region size 1024K, 27 young (27648K), 6 survivors (6144K)
 Metaspace       used 56226K, committed 56704K, reserved 1105920K
  class space    used 7437K, committed 7616K, reserved 1048576K
}
Event: 11.384 GC heap after
{Heap after GC invocations=16 (full 0):
 garbage-first heap   total 98304K, used 55492K [0x0000000080000000, 0x0000000100000000)
  region size 1024K, 2 young (2048K), 2 survivors (2048K)
 Metaspace       used 56226K, committed 56704K, reserved 1105920K
  class space    used 7437K, committed 7616K, reserved 1048576K
}
Event: 12.024 GC heap before
{Heap before GC invocations=17 (full 0):
 garbage-first heap   total 102400K, used 76996K [0x0000000080000000, 0x0000000100000000)
  region size 1024K, 23 young (23552K), 2 survivors (2048K)
 Metaspace       used 59405K, committed 59904K, reserved 1105920K
  class space    used 7858K, committed 8064K, reserved 1048576K
}
Event: 12.029 GC heap after
{Heap after GC invocations=18 (full 0):
 garbage-first heap   total 102400K, used 56003K [0x0000000080000000, 0x0000000100000000)
  region size 1024K, 2 young (2048K), 2 survivors (2048K)
 Metaspace       used 59405K, committed 59904K, reserved 1105920K
  class space    used 7858K, committed 8064K, reserved 1048576K
}
Event: 12.524 GC heap before
{Heap before GC invocations=18 (full 0):
 garbage-first heap   total 102400K, used 69315K [0x0000000080000000, 0x0000000100000000)
  region size 1024K, 17 young (17408K), 2 survivors (2048K)
 Metaspace       used 63024K, committed 63552K, reserved 1105920K
  class space    used 8321K, committed 8576K, reserved 1048576K
}
Event: 12.531 GC heap after
{Heap after GC invocations=19 (full 0):
 garbage-first heap   total 122880K, used 57906K [0x0000000080000000, 0x0000000100000000)
  region size 1024K, 4 young (4096K), 4 survivors (4096K)
 Metaspace       used 63024K, committed 63552K, reserved 1105920K
  class space    used 8321K, committed 8576K, reserved 1048576K
}
Event: 12.547 GC heap before
{Heap before GC invocations=19 (full 0):
 garbage-first heap   total 122880K, used 62002K [0x0000000080000000, 0x0000000100000000)
  region size 1024K, 8 young (8192K), 4 survivors (4096K)
 Metaspace       used 63024K, committed 63552K, reserved 1105920K
  class space    used 8321K, committed 8576K, reserved 1048576K
}
Event: 12.557 GC heap after
{Heap after GC invocations=20 (full 0):
 garbage-first heap   total 122880K, used 60689K [0x0000000080000000, 0x0000000100000000)
  region size 1024K, 5 young (5120K), 5 survivors (5120K)
 Metaspace       used 63024K, committed 63552K, reserved 1105920K
  class space    used 8321K, committed 8576K, reserved 1048576K
}
Event: 13.260 GC heap before
{Heap before GC invocations=21 (full 0):
 garbage-first heap   total 126976K, used 91409K [0x0000000080000000, 0x0000000100000000)
  region size 1024K, 31 young (31744K), 5 survivors (5120K)
 Metaspace       used 65043K, committed 65600K, reserved 1114112K
  class space    used 8587K, committed 8832K, reserved 1048576K
}
Event: 13.271 GC heap after
{Heap after GC invocations=22 (full 0):
 garbage-first heap   total 126976K, used 61014K [0x0000000080000000, 0x0000000100000000)
  region size 1024K, 3 young (3072K), 3 survivors (3072K)
 Metaspace       used 65043K, committed 65600K, reserved 1114112K
  class space    used 8587K, committed 8832K, reserved 1048576K
}
Event: 13.897 GC heap before
{Heap before GC invocations=22 (full 0):
 garbage-first heap   total 126976K, used 91734K [0x0000000080000000, 0x0000000100000000)
  region size 1024K, 33 young (33792K), 3 survivors (3072K)
 Metaspace       used 67955K, committed 68480K, reserved 1114112K
  class space    used 8974K, committed 9216K, reserved 1048576K
}
Event: 13.905 GC heap after
{Heap after GC invocations=23 (full 0):
 garbage-first heap   total 126976K, used 63209K [0x0000000080000000, 0x0000000100000000)
  region size 1024K, 5 young (5120K), 5 survivors (5120K)
 Metaspace       used 67955K, committed 68480K, reserved 1114112K
  class space    used 8974K, committed 9216K, reserved 1048576K
}
Event: 14.512 GC heap before
{Heap before GC invocations=24 (full 0):
 garbage-first heap   total 126976K, used 93929K [0x0000000080000000, 0x0000000100000000)
  region size 1024K, 35 young (35840K), 5 survivors (5120K)
 Metaspace       used 71908K, committed 72384K, reserved 1114112K
  class space    used 9528K, committed 9728K, reserved 1048576K
}
Event: 14.522 GC heap after
{Heap after GC invocations=25 (full 0):
 garbage-first heap   total 126976K, used 65197K [0x0000000080000000, 0x0000000100000000)
  region size 1024K, 5 young (5120K), 5 survivors (5120K)
 Metaspace       used 71908K, committed 72384K, reserved 1114112K
  class space    used 9528K, committed 9728K, reserved 1048576K
}
Event: 15.085 GC heap before
{Heap before GC invocations=25 (full 0):
 garbage-first heap   total 126976K, used 96941K [0x0000000080000000, 0x0000000100000000)
  region size 1024K, 36 young (36864K), 5 survivors (5120K)
 Metaspace       used 74429K, committed 74944K, reserved 1122304K
  class space    used 9894K, committed 10112K, reserved 1048576K
}
Event: 15.103 GC heap after
{Heap after GC invocations=26 (full 0):
 garbage-first heap   total 126976K, used 68130K [0x0000000080000000, 0x0000000100000000)
  region size 1024K, 5 young (5120K), 5 survivors (5120K)
 Metaspace       used 74429K, committed 74944K, reserved 1122304K
  class space    used 9894K, committed 10112K, reserved 1048576K
}
Event: 15.613 GC heap before
{Heap before GC invocations=27 (full 0):
 garbage-first heap   total 132096K, used 98850K [0x0000000080000000, 0x0000000100000000)
  region size 1024K, 35 young (35840K), 5 survivors (5120K)
 Metaspace       used 74871K, committed 75392K, reserved 1122304K
  class space    used 9948K, committed 10176K, reserved 1048576K
}
Event: 15.627 GC heap after
{Heap after GC invocations=28 (full 0):
 garbage-first heap   total 132096K, used 70869K [0x0000000080000000, 0x0000000100000000)
  region size 1024K, 3 young (3072K), 3 survivors (3072K)
 Metaspace       used 74871K, committed 75392K, reserved 1122304K
  class space    used 9948K, committed 10176K, reserved 1048576K
}
Event: 15.898 GC heap before
{Heap before GC invocations=28 (full 0):
 garbage-first heap   total 132096K, used 84181K [0x0000000080000000, 0x0000000100000000)
  region size 1024K, 17 young (17408K), 3 survivors (3072K)
 Metaspace       used 76347K, committed 76800K, reserved 1122304K
  class space    used 10159K, committed 10368K, reserved 1048576K
}

Dll operation events (2 events):
Event: 0.013 Loaded shared library C:\Program Files\Android\Android Studio\jbr\bin\java.dll
Event: 0.730 Loaded shared library C:\Program Files\Android\Android Studio\jbr\bin\verify.dll

Deoptimization events (20 events):
Event: 14.589 Thread 0x000001fd864fb280 Uncommon trap: trap_request=0xffffffde fr.pc=0x000001fdf7eee27c relative=0x000000000000049c
Event: 14.589 Thread 0x000001fd864fb280 Uncommon trap: reason=class_check action=maybe_recompile pc=0x000001fdf7eee27c method=kotlin.reflect.jvm.internal.impl.protobuf.CodedInputStream.tryRefillBuffer(I)Z @ 175 c2
Event: 14.589 Thread 0x000001fd864fb280 DEOPT PACKING pc=0x000001fdf7eee27c sp=0x00000075d98f73a0
Event: 14.589 Thread 0x000001fd864fb280 DEOPT UNPACKING pc=0x000001fdf78869a3 sp=0x00000075d98f7288 mode 2
Event: 14.592 Thread 0x000001fd864fb280 Uncommon trap: trap_request=0xffffffde fr.pc=0x000001fdf7eee27c relative=0x000000000000049c
Event: 14.592 Thread 0x000001fd864fb280 Uncommon trap: reason=class_check action=maybe_recompile pc=0x000001fdf7eee27c method=kotlin.reflect.jvm.internal.impl.protobuf.CodedInputStream.tryRefillBuffer(I)Z @ 175 c2
Event: 14.592 Thread 0x000001fd864fb280 DEOPT PACKING pc=0x000001fdf7eee27c sp=0x00000075d98f73a0
Event: 14.592 Thread 0x000001fd864fb280 DEOPT UNPACKING pc=0x000001fdf78869a3 sp=0x00000075d98f7288 mode 2
Event: 14.592 Thread 0x000001fd864fb280 Uncommon trap: trap_request=0xffffffde fr.pc=0x000001fdf7eee27c relative=0x000000000000049c
Event: 14.592 Thread 0x000001fd864fb280 Uncommon trap: reason=class_check action=maybe_recompile pc=0x000001fdf7eee27c method=kotlin.reflect.jvm.internal.impl.protobuf.CodedInputStream.tryRefillBuffer(I)Z @ 175 c2
Event: 14.592 Thread 0x000001fd864fb280 DEOPT PACKING pc=0x000001fdf7eee27c sp=0x00000075d98f74a0
Event: 14.592 Thread 0x000001fd864fb280 DEOPT UNPACKING pc=0x000001fdf78869a3 sp=0x00000075d98f7388 mode 2
Event: 14.596 Thread 0x000001fd864fb280 Uncommon trap: trap_request=0xffffffde fr.pc=0x000001fdf7eee27c relative=0x000000000000049c
Event: 14.596 Thread 0x000001fd864fb280 Uncommon trap: reason=class_check action=maybe_recompile pc=0x000001fdf7eee27c method=kotlin.reflect.jvm.internal.impl.protobuf.CodedInputStream.tryRefillBuffer(I)Z @ 175 c2
Event: 14.596 Thread 0x000001fd864fb280 DEOPT PACKING pc=0x000001fdf7eee27c sp=0x00000075d98f74a0
Event: 14.596 Thread 0x000001fd864fb280 DEOPT UNPACKING pc=0x000001fdf78869a3 sp=0x00000075d98f7388 mode 2
Event: 15.434 Thread 0x000001fd864fb280 Uncommon trap: trap_request=0xffffff45 fr.pc=0x000001fdf7fc4610 relative=0x0000000000003a90
Event: 15.434 Thread 0x000001fd864fb280 Uncommon trap: reason=unstable_if action=reinterpret pc=0x000001fdf7fc4610 method=org.codehaus.groovy.runtime.metaclass.MetaMethodIndex.isOverridden(Lgroovy/lang/MetaMethod;Lgroovy/lang/MetaMethod;)Z @ 33 c2
Event: 15.434 Thread 0x000001fd864fb280 DEOPT PACKING pc=0x000001fdf7fc4610 sp=0x00000075d98f4530
Event: 15.434 Thread 0x000001fd864fb280 DEOPT UNPACKING pc=0x000001fdf78869a3 sp=0x00000075d98f44d8 mode 2

Classes unloaded (0 events):
No events

Classes redefined (0 events):
No events

Internal exceptions (20 events):
Event: 15.467 Thread 0x000001fd864fb280 Exception <a 'java/lang/ClassNotFoundException'{0x000000008652fcb8}: com/android/build/gradle/internal/dsl/ApplicationBuildFeaturesImpl_DecoratedBeanInfo> (0x000000008652fcb8) 
thrown [s\src\hotspot\share\classfile\systemDictionary.cpp, line 256]
Event: 15.468 Thread 0x000001fd864fb280 Exception <a 'java/lang/ClassNotFoundException'{0x000000008653d780}: com/android/build/gradle/internal/dsl/ApplicationBuildFeaturesImplBeanInfo> (0x000000008653d780) 
thrown [s\src\hotspot\share\classfile\systemDictionary.cpp, line 256]
Event: 15.469 Thread 0x000001fd864fb280 Exception <a 'java/lang/ClassNotFoundException'{0x000000008654b040}: com/android/build/gradle/internal/dsl/BuildFeaturesImplBeanInfo> (0x000000008654b040) 
thrown [s\src\hotspot\share\classfile\systemDictionary.cpp, line 256]
Event: 15.469 Thread 0x000001fd864fb280 Exception <a 'java/lang/ClassNotFoundException'{0x0000000086558918}: com/android/build/gradle/internal/dsl/BuildFeaturesImplCustomizer> (0x0000000086558918) 
thrown [s\src\hotspot\share\classfile\systemDictionary.cpp, line 256]
Event: 15.471 Thread 0x000001fd864fb280 Exception <a 'java/lang/ClassNotFoundException'{0x0000000086571ee0}: com/android/build/gradle/internal/dsl/ApplicationBuildFeaturesImplCustomizer> (0x0000000086571ee0) 
thrown [s\src\hotspot\share\classfile\systemDictionary.cpp, line 256]
Event: 15.472 Thread 0x000001fd864fb280 Exception <a 'java/lang/ClassNotFoundException'{0x0000000086585d40}: com/android/build/gradle/internal/dsl/ApplicationBuildFeaturesImpl_DecoratedCustomizer> (0x0000000086585d40) 
thrown [s\src\hotspot\share\classfile\systemDictionary.cpp, line 256]
Event: 15.479 Thread 0x000001fd864fb280 Exception <a 'java/lang/ClassNotFoundException'{0x00000000865f5ee0}: org/gradle/api/JavaVersionBeanInfo> (0x00000000865f5ee0) 
thrown [s\src\hotspot\share\classfile\systemDictionary.cpp, line 256]
Event: 15.480 Thread 0x000001fd864fb280 Exception <a 'java/lang/ClassNotFoundException'{0x000000008640c888}: org/gradle/api/JavaVersionCustomizer> (0x000000008640c888) 
thrown [s\src\hotspot\share\classfile\systemDictionary.cpp, line 256]
Event: 15.484 Thread 0x000001fd864fb280 Exception <a 'java/lang/ClassNotFoundException'{0x0000000086451518}: com/android/build/gradle/internal/CompileOptions$AgpDecorated_DecoratedBeanInfo> (0x0000000086451518) 
thrown [s\src\hotspot\share\classfile\systemDictionary.cpp, line 256]
Event: 15.485 Thread 0x000001fd864fb280 Exception <a 'java/lang/ClassNotFoundException'{0x000000008645ee48}: com/android/build/gradle/internal/CompileOptions$AgpDecoratedBeanInfo> (0x000000008645ee48) 
thrown [s\src\hotspot\share\classfile\systemDictionary.cpp, line 256]
Event: 15.486 Thread 0x000001fd864fb280 Exception <a 'java/lang/ClassNotFoundException'{0x000000008646c560}: com/android/build/gradle/internal/CompileOptionsBeanInfo> (0x000000008646c560) 
thrown [s\src\hotspot\share\classfile\systemDictionary.cpp, line 256]
Event: 15.487 Thread 0x000001fd864fb280 Exception <a 'java/lang/ClassNotFoundException'{0x0000000086479c80}: com/android/build/gradle/internal/CompileOptionsCustomizer> (0x0000000086479c80) 
thrown [s\src\hotspot\share\classfile\systemDictionary.cpp, line 256]
Event: 15.488 Thread 0x000001fd864fb280 Exception <a 'java/lang/ClassNotFoundException'{0x0000000086492b28}: com/android/build/gradle/internal/CompileOptions$AgpDecoratedCustomizer> (0x0000000086492b28) 
thrown [s\src\hotspot\share\classfile\systemDictionary.cpp, line 256]
Event: 15.490 Thread 0x000001fd864fb280 Exception <a 'java/lang/ClassNotFoundException'{0x00000000864a3cb8}: com/android/build/gradle/internal/CompileOptions$AgpDecorated_DecoratedCustomizer> (0x00000000864a3cb8) 
thrown [s\src\hotspot\share\classfile\systemDictionary.cpp, line 256]
Event: 15.496 Thread 0x000001fd864fb280 Exception <a 'java/lang/ClassNotFoundException'{0x00000000864ff368}: org/jetbrains/kotlin/gradle/plugin/KotlinAndroidPlugin$apply$1$1$kotlinOptions$1BeanInfo> (0x00000000864ff368) 
thrown [s\src\hotspot\share\classfile\systemDictionary.cpp, line 256]
Event: 15.496 Thread 0x000001fd864fb280 Exception <a 'java/lang/ClassNotFoundException'{0x000000008630c460}: org/jetbrains/kotlin/gradle/plugin/KotlinAndroidPlugin$apply$1$1$kotlinOptions$1Customizer> (0x000000008630c460) 
thrown [s\src\hotspot\share\classfile\systemDictionary.cpp, line 256]
Event: 15.505 Thread 0x000001fd864fb280 Exception <a 'java/lang/ClassNotFoundException'{0x0000000086381c30}: org/gradle/api/internal/artifacts/dsl/dependencies/DefaultDependencyHandler_DecoratedBeanInfo> (0x0000000086381c30) 
thrown [s\src\hotspot\share\classfile\systemDictionary.cpp, line 256]
Event: 15.506 Thread 0x000001fd864fb280 Exception <a 'java/lang/ClassNotFoundException'{0x000000008639bd40}: org/gradle/api/internal/artifacts/dsl/dependencies/DefaultDependencyHandlerBeanInfo> (0x000000008639bd40) 
thrown [s\src\hotspot\share\classfile\systemDictionary.cpp, line 256]
Event: 15.508 Thread 0x000001fd864fb280 Exception <a 'java/lang/ClassNotFoundException'{0x00000000863b5e10}: org/gradle/api/internal/artifacts/dsl/dependencies/DefaultDependencyHandlerCustomizer> (0x00000000863b5e10) 
thrown [s\src\hotspot\share\classfile\systemDictionary.cpp, line 256]
Event: 15.512 Thread 0x000001fd864fb280 Exception <a 'java/lang/ClassNotFoundException'{0x00000000863f7490}: org/gradle/api/internal/artifacts/dsl/dependencies/DefaultDependencyHandler_DecoratedCustomizer> (0x00000000863f7490) 
thrown [s\src\hotspot\share\classfile\systemDictionary.cpp, line 256]

VM Operations (20 events):
Event: 13.907 Executing VM operation: G1CollectForAllocation done
Event: 14.049 Executing VM operation: G1Concurrent
Event: 14.059 Executing VM operation: G1Concurrent done
Event: 14.101 Executing VM operation: HandshakeAllThreads
Event: 14.101 Executing VM operation: HandshakeAllThreads done
Event: 14.121 Executing VM operation: G1Concurrent
Event: 14.121 Executing VM operation: G1Concurrent done
Event: 14.512 Executing VM operation: G1CollectForAllocation
Event: 14.522 Executing VM operation: G1CollectForAllocation done
Event: 15.085 Executing VM operation: G1CollectForAllocation
Event: 15.125 Executing VM operation: G1CollectForAllocation done
Event: 15.269 Executing VM operation: G1Concurrent
Event: 15.276 Executing VM operation: G1Concurrent done
Event: 15.347 Executing VM operation: G1Concurrent
Event: 15.348 Executing VM operation: G1Concurrent done
Event: 15.581 Executing VM operation: HandshakeAllThreads
Event: 15.582 Executing VM operation: HandshakeAllThreads done
Event: 15.613 Executing VM operation: G1CollectForAllocation
Event: 15.627 Executing VM operation: G1CollectForAllocation done
Event: 15.898 Executing VM operation: G1TryInitiateConcMark

Events (20 events):
Event: 13.966 loading class java/io/ObjectInputFilter done
Event: 13.966 loading class java/io/ObjectInputFilter$Config$BuiltinFilterFactory
Event: 13.966 loading class java/io/ObjectInputFilter$Config$BuiltinFilterFactory done
Event: 13.966 loading class jdk/internal/access/JavaObjectInputFilterAccess
Event: 13.966 loading class jdk/internal/access/JavaObjectInputFilterAccess done
Event: 13.967 loading class jdk/internal/event/DeserializationEvent
Event: 13.967 loading class jdk/internal/event/DeserializationEvent done
Event: 13.967 loading class java/io/ObjectInputStream$FieldValues
Event: 13.969 loading class java/io/ObjectInputStream$GetField
Event: 13.969 loading class java/io/ObjectInputStream$GetField done
Event: 13.969 loading class java/io/ObjectInputStream$FieldValues done
Event: 13.995 loading class java/nio/channels/Channels$1
Event: 13.995 loading class java/nio/channels/Channels$1 done
Event: 13.998 Thread 0x000001fd8a82b310 Thread added: 0x000001fd8a82b310
Event: 14.296 Thread 0x000001fd89fd2030 Thread exited: 0x000001fd89fd2030
Event: 14.560 loading class java/util/ArrayList$SubList$1
Event: 14.560 loading class java/util/ArrayList$SubList$1 done
Event: 14.632 Thread 0x000001fd89fd2030 Thread added: 0x000001fd89fd2030
Event: 15.283 loading class java/beans/IntrospectionException
Event: 15.283 loading class java/beans/IntrospectionException done


Dynamic libraries:
0x00007ff7e9df0000 - 0x00007ff7e9dfa000 	C:\Program Files\Android\Android Studio\jbr\bin\java.exe
0x00007fff659b0000 - 0x00007fff65ba7000 	C:\Windows\SYSTEM32\ntdll.dll
0x00007fff649f0000 - 0x00007fff64aad000 	C:\Windows\System32\KERNEL32.DLL
0x00007fff633a0000 - 0x00007fff63696000 	C:\Windows\System32\KERNELBASE.dll
0x00007fff638a0000 - 0x00007fff639a0000 	C:\Windows\System32\ucrtbase.dll
0x00007fff5beb0000 - 0x00007fff5becb000 	C:\Program Files\Android\Android Studio\jbr\bin\VCRUNTIME140.dll
0x00007fff5c6a0000 - 0x00007fff5c6b7000 	C:\Program Files\Android\Android Studio\jbr\bin\jli.dll
0x00007fff651d0000 - 0x00007fff6536e000 	C:\Windows\System32\USER32.dll
0x00007fff630e0000 - 0x00007fff63102000 	C:\Windows\System32\win32u.dll
0x00007fff658e0000 - 0x00007fff6590c000 	C:\Windows\System32\GDI32.dll
0x00007fff63750000 - 0x00007fff6386a000 	C:\Windows\System32\gdi32full.dll
0x00007fff63110000 - 0x00007fff631ad000 	C:\Windows\System32\msvcp_win.dll
0x00007fff50e40000 - 0x00007fff510da000 	C:\Windows\WinSxS\amd64_microsoft.windows.common-controls_6595b64144ccf1df_6.0.19041.3570_none_60bb2a3971f3e41a\COMCTL32.dll
0x00007fff64f00000 - 0x00007fff64f9e000 	C:\Windows\System32\msvcrt.dll
0x00007fff658b0000 - 0x00007fff658e0000 	C:\Windows\System32\IMM32.DLL
0x00007fff5ab80000 - 0x00007fff5ab8c000 	C:\Program Files\Android\Android Studio\jbr\bin\vcruntime140_1.dll
0x00007fff35ef0000 - 0x00007fff35f7d000 	C:\Program Files\Android\Android Studio\jbr\bin\msvcp140.dll
0x00007fff2bac0000 - 0x00007fff2c72e000 	C:\Program Files\Android\Android Studio\jbr\bin\server\jvm.dll
0x00007fff656e0000 - 0x00007fff6578e000 	C:\Windows\System32\ADVAPI32.dll
0x00007fff65000000 - 0x00007fff6509c000 	C:\Windows\System32\sechost.dll
0x00007fff63a10000 - 0x00007fff63b36000 	C:\Windows\System32\RPCRT4.dll
0x00007fff5c730000 - 0x00007fff5c739000 	C:\Windows\SYSTEM32\WSOCK32.dll
0x00007fff650a0000 - 0x00007fff6510b000 	C:\Windows\System32\WS2_32.dll
0x00007fff55a20000 - 0x00007fff55a47000 	C:\Windows\SYSTEM32\WINMM.dll
0x00007fff55ec0000 - 0x00007fff55eca000 	C:\Windows\SYSTEM32\VERSION.dll
0x00007fff61110000 - 0x00007fff61122000 	C:\Windows\SYSTEM32\kernel.appcore.dll
0x00007fff5f8f0000 - 0x00007fff5f8fa000 	C:\Program Files\Android\Android Studio\jbr\bin\jimage.dll
0x00007fff4d1d0000 - 0x00007fff4d3b4000 	C:\Windows\SYSTEM32\DBGHELP.DLL
0x00007fff4da50000 - 0x00007fff4da84000 	C:\Windows\SYSTEM32\dbgcore.DLL
0x00007fff63310000 - 0x00007fff63392000 	C:\Windows\System32\bcryptPrimitives.dll
0x00007fff5e860000 - 0x00007fff5e885000 	C:\Program Files\Android\Android Studio\jbr\bin\java.dll
0x00007fff5eca0000 - 0x00007fff5ecb8000 	C:\Program Files\Android\Android Studio\jbr\bin\zip.dll
0x00007fff63cc0000 - 0x00007fff64404000 	C:\Windows\System32\SHELL32.dll
0x00007fff61130000 - 0x00007fff618cb000 	C:\Windows\SYSTEM32\windows.storage.dll
0x00007fff65370000 - 0x00007fff656c4000 	C:\Windows\System32\combase.dll
0x00007fff62a60000 - 0x00007fff62a8d000 	C:\Windows\SYSTEM32\Wldp.dll
0x00007fff64bf0000 - 0x00007fff64c9d000 	C:\Windows\System32\SHCORE.dll
0x00007fff65110000 - 0x00007fff65165000 	C:\Windows\System32\shlwapi.dll
0x00007fff62fc0000 - 0x00007fff62fe5000 	C:\Windows\SYSTEM32\profapi.dll
0x00007fff5d9b0000 - 0x00007fff5d9c9000 	C:\Program Files\Android\Android Studio\jbr\bin\net.dll
0x00007fff57050000 - 0x00007fff5715a000 	C:\Windows\SYSTEM32\WINHTTP.dll
0x00007fff62760000 - 0x00007fff627ca000 	C:\Windows\system32\mswsock.dll
0x00007fff5d990000 - 0x00007fff5d9a6000 	C:\Program Files\Android\Android Studio\jbr\bin\nio.dll
0x00007fff5f8e0000 - 0x00007fff5f8f0000 	C:\Program Files\Android\Android Studio\jbr\bin\verify.dll
0x00007fff516a0000 - 0x00007fff516c7000 	C:\Users\refrizar.dwiardito\.jdks\openjdk-21\native\68d5fa5c4cc2d200863cafc0d521ce42e7d3e7ee720ec0a83991735586a16f82\windows-amd64\native-platform.dll
0x00007fff35da0000 - 0x00007fff35ee4000 	C:\Users\refrizar.dwiardito\.jdks\openjdk-21\native\e376f236ea51e6404a007f0833ffe2c6e607c4080706a723a18a27aeea778392\windows-amd64\native-platform-file-events.dll
0x00007fff5dad0000 - 0x00007fff5dad9000 	C:\Program Files\Android\Android Studio\jbr\bin\management.dll
0x00007fff5d980000 - 0x00007fff5d98b000 	C:\Program Files\Android\Android Studio\jbr\bin\management_ext.dll
0x00007fff656d0000 - 0x00007fff656d8000 	C:\Windows\System32\PSAPI.DLL
0x00007fff629b0000 - 0x00007fff629c8000 	C:\Windows\SYSTEM32\CRYPTSP.dll
0x00007fff62070000 - 0x00007fff620a4000 	C:\Windows\system32\rsaenh.dll
0x00007fff63870000 - 0x00007fff63897000 	C:\Windows\System32\bcrypt.dll
0x00007fff62f40000 - 0x00007fff62f6e000 	C:\Windows\SYSTEM32\USERENV.dll
0x00007fff629d0000 - 0x00007fff629dc000 	C:\Windows\SYSTEM32\CRYPTBASE.dll
0x00007fff62450000 - 0x00007fff6248b000 	C:\Windows\SYSTEM32\IPHLPAPI.DLL
0x00007fff63cb0000 - 0x00007fff63cb8000 	C:\Windows\System32\NSI.dll
0x00007fff577b0000 - 0x00007fff577c7000 	C:\Windows\SYSTEM32\dhcpcsvc6.DLL
0x00007fff57790000 - 0x00007fff577ad000 	C:\Windows\SYSTEM32\dhcpcsvc.DLL
0x00007fff62490000 - 0x00007fff6255a000 	C:\Windows\SYSTEM32\DNSAPI.dll
0x00007fff5c690000 - 0x00007fff5c697000 	C:\Windows\system32\wshunix.dll

dbghelp: loaded successfully - version: 4.0.5 - missing functions: none
symbol engine: initialized successfully - sym options: 0x614 - pdb path: .;C:\Program Files\Android\Android Studio\jbr\bin;C:\Windows\SYSTEM32;C:\Windows\WinSxS\amd64_microsoft.windows.common-controls_6595b64144ccf1df_6.0.19041.3570_none_60bb2a3971f3e41a;C:\Program Files\Android\Android Studio\jbr\bin\server;C:\Users\refrizar.dwiardito\.jdks\openjdk-21\native\68d5fa5c4cc2d200863cafc0d521ce42e7d3e7ee720ec0a83991735586a16f82\windows-amd64;C:\Users\refrizar.dwiardito\.jdks\openjdk-21\native\e376f236ea51e6404a007f0833ffe2c6e607c4080706a723a18a27aeea778392\windows-amd64

VM Arguments:
jvm_args: --add-opens=java.base/java.util=ALL-UNNAMED --add-opens=java.base/java.lang=ALL-UNNAMED --add-opens=java.base/java.lang.invoke=ALL-UNNAMED --add-opens=java.prefs/java.util.prefs=ALL-UNNAMED --add-opens=java.base/java.nio.charset=ALL-UNNAMED --add-opens=java.base/java.net=ALL-UNNAMED --add-opens=java.base/java.util.concurrent.atomic=ALL-UNNAMED -Xmx2048m -Dfile.encoding=UTF-8 -Duser.country=US -Duser.language=en -Duser.variant 
java_command: org.gradle.launcher.daemon.bootstrap.GradleDaemon 8.0
java_class_path (initial): C:\Users\refrizar.dwiardito\.jdks\openjdk-21\wrapper\dists\gradle-8.0-all\a2o1xoguejy6msdh0lk99lxza\gradle-8.0\lib\gradle-launcher-8.0.jar
Launcher Type: SUN_STANDARD

[Global flags]
     intx CICompilerCount                          = 3                                         {product} {ergonomic}
     uint ConcGCThreads                            = 1                                         {product} {ergonomic}
     uint G1ConcRefinementThreads                  = 4                                         {product} {ergonomic}
   size_t G1HeapRegionSize                         = 1048576                                   {product} {ergonomic}
    uintx GCDrainStackTargetSize                   = 64                                        {product} {ergonomic}
   size_t InitialHeapSize                          = 134217728                                 {product} {ergonomic}
   size_t MarkStackSize                            = 4194304                                   {product} {ergonomic}
   size_t MaxHeapSize                              = 2147483648                                {product} {command line}
   size_t MaxNewSize                               = 1287651328                                {product} {ergonomic}
   size_t MinHeapDeltaBytes                        = 1048576                                   {product} {ergonomic}
   size_t MinHeapSize                              = 8388608                                   {product} {ergonomic}
    uintx NonNMethodCodeHeapSize                   = 5832780                                {pd product} {ergonomic}
    uintx NonProfiledCodeHeapSize                  = 122912730                              {pd product} {ergonomic}
    uintx ProfiledCodeHeapSize                     = 122912730                              {pd product} {ergonomic}
    uintx ReservedCodeCacheSize                    = 251658240                              {pd product} {ergonomic}
     bool SegmentedCodeCache                       = true                                      {product} {ergonomic}
   size_t SoftMaxHeapSize                          = 2147483648                             {manageable} {ergonomic}
     bool UseCompressedClassPointers               = true                           {product lp64_product} {ergonomic}
     bool UseCompressedOops                        = true                           {product lp64_product} {ergonomic}
     bool UseG1GC                                  = true                                      {product} {ergonomic}
     bool UseLargePagesIndividualAllocation        = false                                  {pd product} {ergonomic}

Logging:
Log output configuration:
 #0: stdout all=warning uptime,level,tags
 #1: stderr all=off uptime,level,tags

Environment Variables:
JAVA_HOME=C:\Users\refrizar.dwiardito\.jdks\openjdk-21
PATH=C:\Program Files\Common Files\Oracle\Java\javapath;C:\Windows\system32;C:\Windows;C:\Windows\System32\Wbem;C:\Windows\System32\WindowsPowerShell\v1.0\;C:\Windows\System32\OpenSSH\;C:\Program Files\mingw-w64\x86_64-8.1.0-posix-seh-rt_v6-rev0\mingw64\bin;C:\Users\refrizar.dwiardito\AppData\Local\Programs\Python\Python310\Scripts;C:\Users\refrizar.dwiardito\.jdks\openjdk-21\bin;C:\Program Files\PuTTY\;C:\Program Files\gradle-8.3\bin;C:\Program Files\Git\cmd;C:\Users\refrizar.dwiardito\AppData\Local\Programs\Python\Python310\Scripts\;C:\Users\refrizar.dwiardito\AppData\Local\Programs\Python\Python310\;C:\Users\refrizar.dwiardito\AppData\Local\Microsoft\WindowsApps;;C:\Users\refrizar.dwiardito\AppData\Local\Programs\Microsoft VS Code\bin
USERNAME=refrizar.dwiardito
OS=Windows_NT
PROCESSOR_IDENTIFIER=Intel64 Family 6 Model 61 Stepping 4, GenuineIntel
TMP=C:\Users\REFRIZ~1.DWI\AppData\Local\Temp
TEMP=C:\Users\REFRIZ~1.DWI\AppData\Local\Temp


JNI global refs:
JNI global refs: 24, weak refs: 1

JNI global refs memory usage: 843, weak refs: 841


---------------  S Y S T E M  ---------------

OS:
 Windows 10 , 64 bit Build 19041 (10.0.19041.3570)
OS uptime: 0 days 0:51 hours

CPU: total 4 (initial active 4) (2 cores per cpu, 2 threads per core) family 6 model 61 stepping 4 microcode 0x2f, cx8, cmov, fxsr, ht, mmx, 3dnowpref, sse, sse2, sse3, ssse3, sse4.1, sse4.2, popcnt, lzcnt, tsc, tscinvbit, avx, avx2, aes, erms, clmul, bmi1, bmi2, adx, fma, vzeroupper, clflush

Memory: 4k page, system-wide physical 8083M (642M free)
TotalPageFile size 8083M (AvailPageFile size 13M)
current process WorkingSet (physical memory assigned to process): 345M, peak: 349M
current process commit charge ("private bytes"): 375M, peak: 401M

vm_info: OpenJDK 64-Bit Server VM (17.0.6+0-b2043.56-10027231) for windows-amd64 JRE (17.0.6+0-b2043.56-10027231), built on Apr 28 2023 00:43:19 by "androidbuild" with MS VC++ 16.10 / 16.11 (VS2019)

END.
