#
# There is insufficient memory for the Java Runtime Environment to continue.
# Native memory allocation (mmap) failed to map 407896064 bytes for G1 virtual space
# Possible reasons:
#   The system is out of physical RAM or swap space
#   The process is running with CompressedOops enabled, and the Java Heap may be blocking the growth of the native heap
# Possible solutions:
#   Reduce memory load on the system
#   Increase physical memory or swap space
#   Check if swap backing store is full
#   Decrease Java heap size (-Xmx/-Xms)
#   Decrease number of Java threads
#   Decrease Java thread stack sizes (-Xss)
#   Set larger code cache with -XX:ReservedCodeCacheSize=
#   JVM is running with Unscaled Compressed Oops mode in which the Java heap is
#     placed in the first 4GB address space. The Java Heap base address is the
#     maximum limit for the native heap growth. Please use -XX:HeapBaseMinAddress
#     to set the Java Heap base and to place the Java Heap above 4GB virtual address.
# This output file may be truncated or incomplete.
#
#  Out of Memory Error (os_windows.cpp:3769), pid=6308, tid=1384
#
# JRE version: OpenJDK Runtime Environment (17.0.6) (build 17.0.6+0-b2043.56-10027231)
# Java VM: OpenJDK 64-Bit Server VM (17.0.6+0-b2043.56-10027231, mixed mode, tiered, compressed oops, compressed class ptrs, g1 gc, windows-amd64)
# No core dump will be written. Minidumps are not enabled by default on client versions of Windows
#

---------------  S U M M A R Y ------------

Command Line: --add-opens=java.base/java.util=ALL-UNNAMED --add-opens=java.base/java.lang=ALL-UNNAMED --add-opens=java.base/java.lang.invoke=ALL-UNNAMED --add-opens=java.prefs/java.util.prefs=ALL-UNNAMED --add-opens=java.base/java.nio.charset=ALL-UNNAMED --add-opens=java.base/java.net=ALL-UNNAMED --add-opens=java.base/java.util.concurrent.atomic=ALL-UNNAMED -Xmx2048m -Dfile.encoding=UTF-8 -Duser.country=US -Duser.language=en -Duser.variant org.gradle.launcher.daemon.bootstrap.GradleDaemon 8.0

Host: Intel(R) Core(TM) i5-5200U CPU @ 2.20GHz, 4 cores, 7G,  Windows 10 , 64 bit Build 19041 (10.0.19041.3570)
Time: Sun Oct 15 09:16:49 2023 SE Asia Standard Time elapsed time: 34.013098 seconds (0d 0h 0m 34s)

---------------  T H R E A D  ---------------

Current thread (0x000002019b3dabd0):  VMThread "VM Thread" [stack: 0x0000004bc6a00000,0x0000004bc6b00000] [id=1384]

Stack: [0x0000004bc6a00000,0x0000004bc6b00000]
Native frames: (J=compiled Java code, j=interpreted, Vv=VM code, C=native code)
V  [jvm.dll+0x683c9a]
V  [jvm.dll+0x8427a4]
V  [jvm.dll+0x843f9e]
V  [jvm.dll+0x844603]
V  [jvm.dll+0x249b75]
V  [jvm.dll+0x680b69]
V  [jvm.dll+0x67505a]
V  [jvm.dll+0x309acb]
V  [jvm.dll+0x310f86]
V  [jvm.dll+0x3608ee]
V  [jvm.dll+0x360b1f]
V  [jvm.dll+0x2dfbf8]
V  [jvm.dll+0x2ddec4]
V  [jvm.dll+0x2dd4cc]
V  [jvm.dll+0x321f3b]
V  [jvm.dll+0x848ccb]
V  [jvm.dll+0x849a04]
V  [jvm.dll+0x849f1d]
V  [jvm.dll+0x84a2f4]
V  [jvm.dll+0x84a3c0]
V  [jvm.dll+0x7f274a]
V  [jvm.dll+0x682ad5]
C  [ucrtbase.dll+0x21bb2]
C  [KERNEL32.DLL+0x17344]
C  [ntdll.dll+0x526b1]

VM_Operation (0x0000004bcd0fde20): G1CollectForAllocation, mode: safepoint, requested by thread 0x000002019ef56c90


---------------  P R O C E S S  ---------------

Threads class SMR info:
_java_thread_list=0x00000201a6b50ef0, length=100, elements={
0x0000020181e39290, 0x000002019b3e3270, 0x000002019b3f90b0, 0x000002019b43e1f0,
0x000002019b4369a0, 0x000002019c008070, 0x000002019c008ce0, 0x000002019c013bb0,
0x000002019c0154a0, 0x000002019c016190, 0x000002019c1af020, 0x000002019c1b3910,
0x000002019daa2660, 0x000002019ed3fa60, 0x000002019d18e5c0, 0x000002019d353c50,
0x000002019d3dac10, 0x000002019db973b0, 0x000002019d4c0560, 0x000002019d7b39c0,
0x000002019d7b4d00, 0x000002019d7b4830, 0x000002019d7b3020, 0x000002019d7b6040,
0x000002019d7b51d0, 0x000002019d7b5b70, 0x000002019d7b56a0, 0x000002019d7b2680,
0x000002019d7b2b50, 0x000002019d7b34f0, 0x000002019d7b3e90, 0x000002019d7b4360,
0x000002019fe4c490, 0x000002019fe4b620, 0x000002019fe48ad0, 0x000002019fe4bfc0,
0x000002019fe4c960, 0x000002019fe49e10, 0x000002019fe48fa0, 0x000002019fe4a2e0,
0x000002019fe4dca0, 0x000002019fe4a7b0, 0x000002019fe4d300, 0x000002019fe4eb10,
0x000002019fe49940, 0x000002019fe4d7d0, 0x000002019fe4baf0, 0x000002019fe4e170,
0x000002019fe4ac80, 0x000002019fe4efe0, 0x000002019fe4b150, 0x000002019fe4f4b0,
0x000002019fe48130, 0x000002019fe48600, 0x000002019cf720a0, 0x000002019cf72570,
0x000002019cf72a40, 0x000002019cf738b0, 0x000002019cf72f10, 0x000002019cf71230,
0x000002019cf733e0, 0x000002019cf6fa20, 0x000002019cf73d80, 0x000002019cf74250,
0x000002019cf70d60, 0x000002019cf6ca00, 0x000002019cf6d3a0, 0x000002019cf6ced0,
0x000002019cf70890, 0x000002019cf6d870, 0x000002019cf71700, 0x000002019cf6dd40,
0x000002019cf6ebb0, 0x000002019cf6f080, 0x000002019cf6e210, 0x000002019cf6e6e0,
0x000002019cf71bd0, 0x000002019cf6f550, 0x000002019cf6fef0, 0x000002019cf703c0,
0x000002019ef5ccd0, 0x000002019ef57160, 0x000002019ef5a180, 0x000002019ef5a650,
0x000002019ef5be60, 0x000002019ef59310, 0x000002019ef55e20, 0x000002019ef57fd0,
0x000002019ef584a0, 0x000002019ef58970, 0x000002019ef59cb0, 0x000002019ef5ab20,
0x000002019ef5c800, 0x000002019ef562f0, 0x000002019ef5aff0, 0x000002019ef56c90,
0x000002019ef57630, 0x000002019ef57b00, 0x00000201a3d99f70, 0x00000201a67df380
}

Java Threads: ( => current thread )
  0x0000020181e39290 JavaThread "main" [_thread_blocked, id=7592, stack(0x0000004bc6400000,0x0000004bc6500000)]
  0x000002019b3e3270 JavaThread "Reference Handler" daemon [_thread_blocked, id=7708, stack(0x0000004bc6b00000,0x0000004bc6c00000)]
  0x000002019b3f90b0 JavaThread "Finalizer" daemon [_thread_blocked, id=8744, stack(0x0000004bc6c00000,0x0000004bc6d00000)]
  0x000002019b43e1f0 JavaThread "Signal Dispatcher" daemon [_thread_blocked, id=3000, stack(0x0000004bc6d00000,0x0000004bc6e00000)]
  0x000002019b4369a0 JavaThread "Attach Listener" daemon [_thread_blocked, id=9912, stack(0x0000004bc6e00000,0x0000004bc6f00000)]
  0x000002019c008070 JavaThread "Service Thread" daemon [_thread_blocked, id=2184, stack(0x0000004bc6f00000,0x0000004bc7000000)]
  0x000002019c008ce0 JavaThread "Monitor Deflation Thread" daemon [_thread_blocked, id=6532, stack(0x0000004bc7000000,0x0000004bc7100000)]
  0x000002019c013bb0 JavaThread "C2 CompilerThread0" daemon [_thread_in_native, id=9484, stack(0x0000004bc7100000,0x0000004bc7200000)]
  0x000002019c0154a0 JavaThread "C1 CompilerThread0" daemon [_thread_blocked, id=1100, stack(0x0000004bc7200000,0x0000004bc7300000)]
  0x000002019c016190 JavaThread "Sweeper thread" daemon [_thread_blocked, id=7032, stack(0x0000004bc7300000,0x0000004bc7400000)]
  0x000002019c1af020 JavaThread "Common-Cleaner" daemon [_thread_blocked, id=9316, stack(0x0000004bc7400000,0x0000004bc7500000)]
  0x000002019c1b3910 JavaThread "Notification Thread" daemon [_thread_blocked, id=6616, stack(0x0000004bc7500000,0x0000004bc7600000)]
  0x000002019daa2660 JavaThread "Daemon health stats" [_thread_blocked, id=532, stack(0x0000004bc7b00000,0x0000004bc7c00000)]
  0x000002019ed3fa60 JavaThread "Incoming local TCP Connector on port 50944" [_thread_in_native, id=9640, stack(0x0000004bc7700000,0x0000004bc7800000)]
  0x000002019d18e5c0 JavaThread "Daemon periodic checks" [_thread_blocked, id=4572, stack(0x0000004bc7c00000,0x0000004bc7d00000)]
  0x000002019d353c50 JavaThread "Daemon" [_thread_blocked, id=2252, stack(0x0000004bc7e00000,0x0000004bc7f00000)]
  0x000002019d3dac10 JavaThread "Handler for socket connection from /127.0.0.1:50944 to /127.0.0.1:50945" [_thread_in_native, id=5124, stack(0x0000004bc7f00000,0x0000004bc8000000)]
  0x000002019db973b0 JavaThread "Cancel handler" [_thread_blocked, id=9684, stack(0x0000004bc8000000,0x0000004bc8100000)]
  0x000002019d4c0560 JavaThread "Daemon worker" [_thread_blocked, id=7544, stack(0x0000004bc8100000,0x0000004bc8200000)]
  0x000002019d7b39c0 JavaThread "Asynchronous log dispatcher for DefaultDaemonConnection: socket connection from /127.0.0.1:50944 to /127.0.0.1:50945" [_thread_blocked, id=3220, stack(0x0000004bc8200000,0x0000004bc8300000)]
  0x000002019d7b4d00 JavaThread "Stdin handler" [_thread_blocked, id=3020, stack(0x0000004bc8300000,0x0000004bc8400000)]
  0x000002019d7b4830 JavaThread "Daemon client event forwarder" [_thread_blocked, id=3548, stack(0x0000004bc8400000,0x0000004bc8500000)]
  0x000002019d7b3020 JavaThread "Cache worker for journal cache (C:\Users\refrizar.dwiardito\.jdks\openjdk-21\caches\journal-1)" [_thread_blocked, id=7600, stack(0x0000004bc8500000,0x0000004bc8600000)]
  0x000002019d7b6040 JavaThread "File lock request listener" [_thread_in_native, id=9500, stack(0x0000004bc8600000,0x0000004bc8700000)]
  0x000002019d7b51d0 JavaThread "Cache worker for file hash cache (C:\Users\refrizar.dwiardito\.jdks\openjdk-21\caches\8.0\fileHashes)" [_thread_blocked, id=9724, stack(0x0000004bc8700000,0x0000004bc8800000)]
  0x000002019d7b5b70 JavaThread "File watcher server" daemon [_thread_blocked, id=4480, stack(0x0000004bc8800000,0x0000004bc8900000)]
  0x000002019d7b56a0 JavaThread "File watcher consumer" daemon [_thread_blocked, id=8212, stack(0x0000004bc8900000,0x0000004bc8a00000)]
  0x000002019d7b2680 JavaThread "Cache worker for checksums cache (C:\Users\refrizar.dwiardito\AndroidStudioProjects\Catwell\.gradle\8.0\checksums)" [_thread_blocked, id=9412, stack(0x0000004bc8a00000,0x0000004bc8b00000)]
  0x000002019d7b2b50 JavaThread "Cache worker for cache directory md-rule (C:\Users\refrizar.dwiardito\.jdks\openjdk-21\caches\8.0\md-rule)" [_thread_blocked, id=9376, stack(0x0000004bc8b00000,0x0000004bc8c00000)]
  0x000002019d7b34f0 JavaThread "Cache worker for file content cache (C:\Users\refrizar.dwiardito\.jdks\openjdk-21\caches\8.0\fileContent)" [_thread_blocked, id=10064, stack(0x0000004bc8c00000,0x0000004bc8d00000)]
  0x000002019d7b3e90 JavaThread "Cache worker for file hash cache (C:\Users\refrizar.dwiardito\AndroidStudioProjects\Catwell\.gradle\8.0\fileHashes)" [_thread_blocked, id=9184, stack(0x0000004bc8d00000,0x0000004bc8e00000)]
  0x000002019d7b4360 JavaThread "Cache worker for cache directory md-supplier (C:\Users\refrizar.dwiardito\.jdks\openjdk-21\caches\8.0\md-supplier)" [_thread_blocked, id=9160, stack(0x0000004bc8e00000,0x0000004bc8f00000)]
  0x000002019fe4c490 JavaThread "Cache worker for execution history cache (C:\Users\refrizar.dwiardito\.jdks\openjdk-21\caches\8.0\executionHistory)" [_thread_blocked, id=6044, stack(0x0000004bc7d00000,0x0000004bc7e00000)]
  0x000002019fe4b620 JavaThread "jar transforms" [_thread_blocked, id=7468, stack(0x0000004bc8f00000,0x0000004bc9000000)]
  0x000002019fe48ad0 JavaThread "jar transforms Thread 2" [_thread_blocked, id=8164, stack(0x0000004bc9100000,0x0000004bc9200000)]
  0x000002019fe4bfc0 JavaThread "jar transforms Thread 3" [_thread_blocked, id=6644, stack(0x0000004bc9300000,0x0000004bc9400000)]
  0x000002019fe4c960 JavaThread "jar transforms Thread 4" [_thread_blocked, id=5964, stack(0x0000004bc9400000,0x0000004bc9500000)]
  0x000002019fe49e10 JavaThread "Cache worker for dependencies-accessors (C:\Users\refrizar.dwiardito\AndroidStudioProjects\Catwell\.gradle\8.0\dependencies-accessors)" [_thread_blocked, id=9324, stack(0x0000004bc9500000,0x0000004bc9600000)]
  0x000002019fe48fa0 JavaThread "Cache worker for Build Output Cleanup Cache (C:\Users\refrizar.dwiardito\AndroidStudioProjects\Catwell\.gradle\buildOutputCleanup)" [_thread_blocked, id=5112, stack(0x0000004bc9600000,0x0000004bc9700000)]
  0x000002019fe4a2e0 JavaThread "Unconstrained build operations" [_thread_blocked, id=8256, stack(0x0000004bc9700000,0x0000004bc9800000)]
  0x000002019fe4dca0 JavaThread "Unconstrained build operations Thread 2" [_thread_blocked, id=9260, stack(0x0000004bc9800000,0x0000004bc9900000)]
  0x000002019fe4a7b0 JavaThread "Unconstrained build operations Thread 3" [_thread_blocked, id=992, stack(0x0000004bc9900000,0x0000004bc9a00000)]
  0x000002019fe4d300 JavaThread "Unconstrained build operations Thread 4" [_thread_blocked, id=2788, stack(0x0000004bc9a00000,0x0000004bc9b00000)]
  0x000002019fe4eb10 JavaThread "Unconstrained build operations Thread 5" [_thread_blocked, id=7752, stack(0x0000004bc9b00000,0x0000004bc9c00000)]
  0x000002019fe49940 JavaThread "Unconstrained build operations Thread 6" [_thread_blocked, id=7064, stack(0x0000004bc9c00000,0x0000004bc9d00000)]
  0x000002019fe4d7d0 JavaThread "Unconstrained build operations Thread 7" [_thread_blocked, id=9472, stack(0x0000004bc9d00000,0x0000004bc9e00000)]
  0x000002019fe4baf0 JavaThread "Unconstrained build operations Thread 8" [_thread_blocked, id=988, stack(0x0000004bc9e00000,0x0000004bc9f00000)]
  0x000002019fe4e170 JavaThread "Unconstrained build operations Thread 9" [_thread_blocked, id=3096, stack(0x0000004bc9f00000,0x0000004bca000000)]
  0x000002019fe4ac80 JavaThread "Unconstrained build operations Thread 10" [_thread_blocked, id=3160, stack(0x0000004bca000000,0x0000004bca100000)]
  0x000002019fe4efe0 JavaThread "Unconstrained build operations Thread 11" [_thread_blocked, id=4040, stack(0x0000004bca100000,0x0000004bca200000)]
  0x000002019fe4b150 JavaThread "Unconstrained build operations Thread 12" [_thread_blocked, id=7728, stack(0x0000004bca200000,0x0000004bca300000)]
  0x000002019fe4f4b0 JavaThread "Unconstrained build operations Thread 13" [_thread_blocked, id=8836, stack(0x0000004bca300000,0x0000004bca400000)]
  0x000002019fe48130 JavaThread "Unconstrained build operations Thread 14" [_thread_blocked, id=8748, stack(0x0000004bca400000,0x0000004bca500000)]
  0x000002019fe48600 JavaThread "Unconstrained build operations Thread 15" [_thread_blocked, id=8656, stack(0x0000004bca500000,0x0000004bca600000)]
  0x000002019cf720a0 JavaThread "Unconstrained build operations Thread 16" [_thread_blocked, id=10080, stack(0x0000004bca600000,0x0000004bca700000)]
  0x000002019cf72570 JavaThread "Unconstrained build operations Thread 17" [_thread_blocked, id=9304, stack(0x0000004bca700000,0x0000004bca800000)]
  0x000002019cf72a40 JavaThread "Unconstrained build operations Thread 18" [_thread_blocked, id=10136, stack(0x0000004bca800000,0x0000004bca900000)]
  0x000002019cf738b0 JavaThread "Unconstrained build operations Thread 19" [_thread_blocked, id=880, stack(0x0000004bca900000,0x0000004bcaa00000)]
  0x000002019cf72f10 JavaThread "Unconstrained build operations Thread 20" [_thread_blocked, id=2768, stack(0x0000004bcaa00000,0x0000004bcab00000)]
  0x000002019cf71230 JavaThread "Unconstrained build operations Thread 21" [_thread_blocked, id=4564, stack(0x0000004bcab00000,0x0000004bcac00000)]
  0x000002019cf733e0 JavaThread "Unconstrained build operations Thread 22" [_thread_blocked, id=10040, stack(0x0000004bcac00000,0x0000004bcad00000)]
  0x000002019cf6fa20 JavaThread "Unconstrained build operations Thread 23" [_thread_blocked, id=9064, stack(0x0000004bcad00000,0x0000004bcae00000)]
  0x000002019cf73d80 JavaThread "Unconstrained build operations Thread 24" [_thread_blocked, id=5428, stack(0x0000004bcae00000,0x0000004bcaf00000)]
  0x000002019cf74250 JavaThread "Unconstrained build operations Thread 25" [_thread_blocked, id=9768, stack(0x0000004bcaf00000,0x0000004bcb000000)]
  0x000002019cf70d60 JavaThread "Unconstrained build operations Thread 26" [_thread_blocked, id=9320, stack(0x0000004bcb000000,0x0000004bcb100000)]
  0x000002019cf6ca00 JavaThread "Unconstrained build operations Thread 27" [_thread_blocked, id=3260, stack(0x0000004bcb100000,0x0000004bcb200000)]
  0x000002019cf6d3a0 JavaThread "Unconstrained build operations Thread 28" [_thread_blocked, id=7372, stack(0x0000004bcb200000,0x0000004bcb300000)]
  0x000002019cf6ced0 JavaThread "Unconstrained build operations Thread 29" [_thread_blocked, id=9476, stack(0x0000004bcb300000,0x0000004bcb400000)]
  0x000002019cf70890 JavaThread "Unconstrained build operations Thread 30" [_thread_blocked, id=9828, stack(0x0000004bcb400000,0x0000004bcb500000)]
  0x000002019cf6d870 JavaThread "Unconstrained build operations Thread 31" [_thread_blocked, id=1548, stack(0x0000004bcb500000,0x0000004bcb600000)]
  0x000002019cf71700 JavaThread "Unconstrained build operations Thread 32" [_thread_blocked, id=9988, stack(0x0000004bcb600000,0x0000004bcb700000)]
  0x000002019cf6dd40 JavaThread "Unconstrained build operations Thread 33" [_thread_blocked, id=7868, stack(0x0000004bcb700000,0x0000004bcb800000)]
  0x000002019cf6ebb0 JavaThread "Unconstrained build operations Thread 34" [_thread_blocked, id=3836, stack(0x0000004bcb800000,0x0000004bcb900000)]
  0x000002019cf6f080 JavaThread "Unconstrained build operations Thread 35" [_thread_blocked, id=1464, stack(0x0000004bcb900000,0x0000004bcba00000)]
  0x000002019cf6e210 JavaThread "Unconstrained build operations Thread 36" [_thread_blocked, id=9204, stack(0x0000004bcba00000,0x0000004bcbb00000)]
  0x000002019cf6e6e0 JavaThread "Unconstrained build operations Thread 37" [_thread_blocked, id=6572, stack(0x0000004bcbb00000,0x0000004bcbc00000)]
  0x000002019cf71bd0 JavaThread "Unconstrained build operations Thread 38" [_thread_blocked, id=7884, stack(0x0000004bcbc00000,0x0000004bcbd00000)]
  0x000002019cf6f550 JavaThread "Unconstrained build operations Thread 39" [_thread_blocked, id=4156, stack(0x0000004bcbd00000,0x0000004bcbe00000)]
  0x000002019cf6fef0 JavaThread "Unconstrained build operations Thread 40" [_thread_blocked, id=9732, stack(0x0000004bcbe00000,0x0000004bcbf00000)]
  0x000002019cf703c0 JavaThread "build event listener" [_thread_blocked, id=6816, stack(0x0000004bcc000000,0x0000004bcc100000)]
  0x000002019ef5ccd0 JavaThread "Memory manager" [_thread_blocked, id=5072, stack(0x0000004bcc100000,0x0000004bcc200000)]
  0x000002019ef57160 JavaThread "build event listener" [_thread_blocked, id=4908, stack(0x0000004bcc200000,0x0000004bcc300000)]
  0x000002019ef5a180 JavaThread "build event listener" [_thread_blocked, id=4668, stack(0x0000004bcc300000,0x0000004bcc400000)]
  0x000002019ef5a650 JavaThread "included builds" [_thread_blocked, id=3240, stack(0x0000004bcc400000,0x0000004bcc500000)]
  0x000002019ef5be60 JavaThread "Execution worker" [_thread_blocked, id=9600, stack(0x0000004bcc500000,0x0000004bcc600000)]
  0x000002019ef59310 JavaThread "Execution worker Thread 2" [_thread_blocked, id=9940, stack(0x0000004bcc600000,0x0000004bcc700000)]
  0x000002019ef55e20 JavaThread "Execution worker Thread 3" [_thread_blocked, id=9312, stack(0x0000004bcc700000,0x0000004bcc800000)]
  0x000002019ef57fd0 JavaThread "Cache worker for execution history cache (C:\Users\refrizar.dwiardito\AndroidStudioProjects\Catwell\.gradle\8.0\executionHistory)" [_thread_blocked, id=5268, stack(0x0000004bcc800000,0x0000004bcc900000)]
  0x000002019ef584a0 JavaThread "WorkerExecutor Queue" [_thread_blocked, id=10104, stack(0x0000004bcc900000,0x0000004bcca00000)]
  0x000002019ef58970 JavaThread "pool-3-thread-1" [_thread_blocked, id=7128, stack(0x0000004bcca00000,0x0000004bccb00000)]
  0x000002019ef59cb0 JavaThread "stderr" [_thread_in_native, id=7852, stack(0x0000004bccb00000,0x0000004bccc00000)]
  0x000002019ef5ab20 JavaThread "stdout" [_thread_in_native, id=3708, stack(0x0000004bccc00000,0x0000004bccd00000)]
  0x000002019ef5c800 JavaThread "WorkerExecutor Queue Thread 2" [_thread_blocked, id=9784, stack(0x0000004bccd00000,0x0000004bcce00000)]
  0x000002019ef562f0 JavaThread "WorkerExecutor Queue Thread 3" [_thread_blocked, id=7116, stack(0x0000004bcce00000,0x0000004bccf00000)]
  0x000002019ef5aff0 JavaThread "WorkerExecutor Queue Thread 4" [_thread_blocked, id=9520, stack(0x0000004bccf00000,0x0000004bcd000000)]
  0x000002019ef56c90 JavaThread "ForkJoinPool-1-worker-1" daemon [_thread_blocked, id=3764, stack(0x0000004bcd000000,0x0000004bcd100000)]
  0x000002019ef57630 JavaThread "ForkJoinPool-1-worker-2" daemon [_thread_blocked, id=9024, stack(0x0000004bcd100000,0x0000004bcd200000)]
  0x000002019ef57b00 JavaThread "ForkJoinPool-1-worker-3" daemon [_thread_blocked, id=2176, stack(0x0000004bcd200000,0x0000004bcd300000)]
  0x00000201a3d99f70 JavaThread "ForkJoinPool-1-worker-4" daemon [_thread_blocked, id=7240, stack(0x0000004bcd300000,0x0000004bcd400000)]
  0x00000201a67df380 JavaThread "C2 CompilerThread1" daemon [_thread_in_native, id=7732, stack(0x0000004bcd400000,0x0000004bcd500000)]

Other Threads:
=>0x000002019b3dabd0 VMThread "VM Thread" [stack: 0x0000004bc6a00000,0x0000004bc6b00000] [id=1384]
  0x0000020181eb0790 WatcherThread [stack: 0x0000004bc7600000,0x0000004bc7700000] [id=8796]
  0x0000020181e977e0 GCTaskThread "GC Thread#0" [stack: 0x0000004bc6500000,0x0000004bc6600000] [id=7508]
  0x000002019c56c1f0 GCTaskThread "GC Thread#1" [stack: 0x0000004bc7800000,0x0000004bc7900000] [id=3924]
  0x000002019c4b9da0 GCTaskThread "GC Thread#2" [stack: 0x0000004bc7900000,0x0000004bc7a00000] [id=7688]
  0x000002019cb84be0 GCTaskThread "GC Thread#3" [stack: 0x0000004bc7a00000,0x0000004bc7b00000] [id=9408]
  0x0000020181ea8630 ConcurrentGCThread "G1 Main Marker" [stack: 0x0000004bc6600000,0x0000004bc6700000] [id=2720]
  0x0000020181ea96f0 ConcurrentGCThread "G1 Conc#0" [stack: 0x0000004bc6700000,0x0000004bc6800000] [id=4544]
  0x000002019b2540b0 ConcurrentGCThread "G1 Refine#0" [stack: 0x0000004bc6800000,0x0000004bc6900000] [id=2716]
  0x00000201a0091100 ConcurrentGCThread "G1 Refine#1" [stack: 0x0000004bc9200000,0x0000004bc9300000] [id=4860]
  0x000002019fb70420 ConcurrentGCThread "G1 Refine#2" [stack: 0x0000004bcbf00000,0x0000004bcc000000] [id=8912]
  0x00000201a42eda40 ConcurrentGCThread "G1 Refine#3" [stack: 0x0000004bc9000000,0x0000004bc9100000] [id=2276]
  0x000002019b2549e0 ConcurrentGCThread "G1 Service" [stack: 0x0000004bc6900000,0x0000004bc6a00000] [id=4704]

Threads with active compile tasks:
C2 CompilerThread0    34072 13264 %     4       com.android.tools.r8.dex.B::a @ 316 (1021 bytes)
C2 CompilerThread1    34072 13274       4       com.android.tools.r8.dex.code.O::a (3284 bytes)

VM state: at safepoint (normal execution)

VM Mutex/Monitor currently owned by a thread:  ([mutex/lock_event])
[0x0000020181e35750] Threads_lock - owner thread: 0x000002019b3dabd0
[0x0000020181e34c10] Heap_lock - owner thread: 0x000002019ef56c90

Heap address: 0x0000000080000000, size: 2048 MB, Compressed Oops mode: 32-bit

CDS archive(s) not mapped
Compressed class space mapped at: 0x0000000100000000-0x0000000140000000, reserved size: 1073741824
Narrow klass base: 0x0000000000000000, Narrow klass shift: 3, Narrow klass range: 0x140000000

GC Precious Log:
 CPUs: 4 total, 4 available
 Memory: 8083M
 Large Page Support: Disabled
 NUMA Support: Disabled
 Compressed Oops: Enabled (32-bit)
 Heap Region Size: 1M
 Heap Min Capacity: 8M
 Heap Initial Capacity: 128M
 Heap Max Capacity: 2G
 Pre-touch: Disabled
 Parallel Workers: 4
 Concurrent Workers: 1
 Concurrent Refinement Workers: 4
 Periodic GC: Disabled

Heap:
 garbage-first heap   total 282624K, used 203264K [0x0000000080000000, 0x0000000100000000)
  region size 1024K, 5 young (5120K), 5 survivors (5120K)
 Metaspace       used 104999K, committed 105664K, reserved 1146880K
  class space    used 14433K, committed 14720K, reserved 1048576K

Heap Regions: E=young(eden), S=young(survivor), O=old, HS=humongous(starts), HC=humongous(continues), CS=collection set, F=free, OA=open archive, CA=closed archive, TAMS=top-at-mark-start (previous, next)
|   0|0x0000000080000000, 0x0000000080100000, 0x0000000080100000|100%| O|  |TAMS 0x0000000080100000, 0x0000000080000000| Untracked 
|   1|0x0000000080100000, 0x0000000080200000, 0x0000000080200000|100%| O|  |TAMS 0x0000000080200000, 0x0000000080100000| Untracked 
|   2|0x0000000080200000, 0x0000000080300000, 0x0000000080300000|100%|HS|  |TAMS 0x0000000080300000, 0x0000000080200000| Complete 
|   3|0x0000000080300000, 0x0000000080400000, 0x0000000080400000|100%|HC|  |TAMS 0x0000000080400000, 0x0000000080300000| Complete 
|   4|0x0000000080400000, 0x0000000080500000, 0x0000000080500000|100%|HC|  |TAMS 0x0000000080500000, 0x0000000080400000| Complete 
|   5|0x0000000080500000, 0x0000000080600000, 0x0000000080600000|100%|HC|  |TAMS 0x0000000080600000, 0x0000000080500000| Complete 
|   6|0x0000000080600000, 0x0000000080700000, 0x0000000080700000|100%| O|  |TAMS 0x0000000080700000, 0x0000000080600000| Untracked 
|   7|0x0000000080700000, 0x0000000080800000, 0x0000000080800000|100%| O|  |TAMS 0x0000000080800000, 0x0000000080700000| Untracked 
|   8|0x0000000080800000, 0x0000000080900000, 0x0000000080900000|100%| O|  |TAMS 0x0000000080900000, 0x0000000080800000| Untracked 
|   9|0x0000000080900000, 0x0000000080a00000, 0x0000000080a00000|100%| O|  |TAMS 0x0000000080a00000, 0x0000000080900000| Untracked 
|  10|0x0000000080a00000, 0x0000000080b00000, 0x0000000080b00000|100%| O|  |TAMS 0x0000000080b00000, 0x0000000080a00000| Untracked 
|  11|0x0000000080b00000, 0x0000000080c00000, 0x0000000080c00000|100%| O|  |TAMS 0x0000000080c00000, 0x0000000080b00000| Untracked 
|  12|0x0000000080c00000, 0x0000000080d00000, 0x0000000080d00000|100%| O|  |TAMS 0x0000000080d00000, 0x0000000080c00000| Untracked 
|  13|0x0000000080d00000, 0x0000000080e00000, 0x0000000080e00000|100%| O|  |TAMS 0x0000000080e00000, 0x0000000080d00000| Untracked 
|  14|0x0000000080e00000, 0x0000000080f00000, 0x0000000080f00000|100%| O|  |TAMS 0x0000000080f00000, 0x0000000080e00000| Untracked 
|  15|0x0000000080f00000, 0x0000000081000000, 0x0000000081000000|100%| O|  |TAMS 0x0000000081000000, 0x0000000080f00000| Untracked 
|  16|0x0000000081000000, 0x0000000081100000, 0x0000000081100000|100%| O|  |TAMS 0x0000000081100000, 0x0000000081000000| Untracked 
|  17|0x0000000081100000, 0x0000000081200000, 0x0000000081200000|100%| O|  |TAMS 0x0000000081200000, 0x0000000081100000| Untracked 
|  18|0x0000000081200000, 0x0000000081300000, 0x0000000081300000|100%| O|  |TAMS 0x0000000081300000, 0x0000000081200000| Untracked 
|  19|0x0000000081300000, 0x0000000081400000, 0x0000000081400000|100%| O|  |TAMS 0x0000000081400000, 0x0000000081300000| Untracked 
|  20|0x0000000081400000, 0x0000000081500000, 0x0000000081500000|100%| O|  |TAMS 0x0000000081500000, 0x0000000081400000| Untracked 
|  21|0x0000000081500000, 0x0000000081600000, 0x0000000081600000|100%| O|  |TAMS 0x0000000081600000, 0x0000000081500000| Untracked 
|  22|0x0000000081600000, 0x0000000081700000, 0x0000000081700000|100%| O|  |TAMS 0x0000000081700000, 0x0000000081600000| Untracked 
|  23|0x0000000081700000, 0x0000000081800000, 0x0000000081800000|100%| O|  |TAMS 0x0000000081800000, 0x0000000081700000| Untracked 
|  24|0x0000000081800000, 0x0000000081900000, 0x0000000081900000|100%| O|  |TAMS 0x0000000081900000, 0x0000000081800000| Untracked 
|  25|0x0000000081900000, 0x0000000081a00000, 0x0000000081a00000|100%| O|  |TAMS 0x0000000081a00000, 0x0000000081900000| Untracked 
|  26|0x0000000081a00000, 0x0000000081b00000, 0x0000000081b00000|100%| O|  |TAMS 0x0000000081b00000, 0x0000000081a00000| Untracked 
|  27|0x0000000081b00000, 0x0000000081c00000, 0x0000000081c00000|100%| O|  |TAMS 0x0000000081c00000, 0x0000000081b00000| Untracked 
|  28|0x0000000081c00000, 0x0000000081d00000, 0x0000000081d00000|100%| O|  |TAMS 0x0000000081d00000, 0x0000000081c00000| Untracked 
|  29|0x0000000081d00000, 0x0000000081e00000, 0x0000000081e00000|100%| O|  |TAMS 0x0000000081e00000, 0x0000000081d00000| Untracked 
|  30|0x0000000081e00000, 0x0000000081f00000, 0x0000000081f00000|100%| O|  |TAMS 0x0000000081f00000, 0x0000000081e00000| Untracked 
|  31|0x0000000081f00000, 0x0000000082000000, 0x0000000082000000|100%| O|  |TAMS 0x0000000082000000, 0x0000000081f00000| Untracked 
|  32|0x0000000082000000, 0x0000000082100000, 0x0000000082100000|100%| O|  |TAMS 0x0000000082100000, 0x0000000082000000| Untracked 
|  33|0x0000000082100000, 0x0000000082200000, 0x0000000082200000|100%| O|  |TAMS 0x0000000082200000, 0x0000000082100000| Untracked 
|  34|0x0000000082200000, 0x0000000082300000, 0x0000000082300000|100%|HS|  |TAMS 0x0000000082300000, 0x0000000082200000| Complete 
|  35|0x0000000082300000, 0x0000000082400000, 0x0000000082400000|100%|HS|  |TAMS 0x0000000082400000, 0x0000000082300000| Complete 
|  36|0x0000000082400000, 0x0000000082500000, 0x0000000082500000|100%|HC|  |TAMS 0x0000000082500000, 0x0000000082400000| Complete 
|  37|0x0000000082500000, 0x0000000082600000, 0x0000000082600000|100%| O|  |TAMS 0x0000000082600000, 0x0000000082500000| Untracked 
|  38|0x0000000082600000, 0x0000000082700000, 0x0000000082700000|100%| O|  |TAMS 0x0000000082700000, 0x0000000082600000| Untracked 
|  39|0x0000000082700000, 0x0000000082800000, 0x0000000082800000|100%| O|  |TAMS 0x0000000082800000, 0x0000000082700000| Untracked 
|  40|0x0000000082800000, 0x0000000082900000, 0x0000000082900000|100%| O|  |TAMS 0x0000000082900000, 0x0000000082800000| Untracked 
|  41|0x0000000082900000, 0x0000000082a00000, 0x0000000082a00000|100%|HS|  |TAMS 0x0000000082a00000, 0x0000000082900000| Complete 
|  42|0x0000000082a00000, 0x0000000082b00000, 0x0000000082b00000|100%|HS|  |TAMS 0x0000000082b00000, 0x0000000082a00000| Complete 
|  43|0x0000000082b00000, 0x0000000082c00000, 0x0000000082c00000|100%|HS|  |TAMS 0x0000000082c00000, 0x0000000082b00000| Complete 
|  44|0x0000000082c00000, 0x0000000082d00000, 0x0000000082d00000|100%|HC|  |TAMS 0x0000000082d00000, 0x0000000082c00000| Complete 
|  45|0x0000000082d00000, 0x0000000082e00000, 0x0000000082e00000|100%|HC|  |TAMS 0x0000000082e00000, 0x0000000082d00000| Complete 
|  46|0x0000000082e00000, 0x0000000082f00000, 0x0000000082f00000|100%|HC|  |TAMS 0x0000000082f00000, 0x0000000082e00000| Complete 
|  47|0x0000000082f00000, 0x0000000083000000, 0x0000000083000000|100%| O|  |TAMS 0x0000000083000000, 0x0000000082f00000| Untracked 
|  48|0x0000000083000000, 0x0000000083100000, 0x0000000083100000|100%| O|  |TAMS 0x0000000083100000, 0x0000000083000000| Untracked 
|  49|0x0000000083100000, 0x0000000083200000, 0x0000000083200000|100%| O|  |TAMS 0x0000000083200000, 0x0000000083100000| Untracked 
|  50|0x0000000083200000, 0x0000000083300000, 0x0000000083300000|100%| O|  |TAMS 0x0000000083300000, 0x0000000083200000| Untracked 
|  51|0x0000000083300000, 0x0000000083400000, 0x0000000083400000|100%| O|  |TAMS 0x0000000083400000, 0x0000000083300000| Untracked 
|  52|0x0000000083400000, 0x0000000083500000, 0x0000000083500000|100%| O|  |TAMS 0x0000000083500000, 0x0000000083400000| Untracked 
|  53|0x0000000083500000, 0x0000000083600000, 0x0000000083600000|100%| O|  |TAMS 0x0000000083600000, 0x0000000083500000| Untracked 
|  54|0x0000000083600000, 0x0000000083700000, 0x0000000083700000|100%| O|  |TAMS 0x0000000083700000, 0x0000000083600000| Untracked 
|  55|0x0000000083700000, 0x0000000083800000, 0x0000000083800000|100%| O|  |TAMS 0x0000000083800000, 0x0000000083700000| Untracked 
|  56|0x0000000083800000, 0x0000000083900000, 0x0000000083900000|100%| O|  |TAMS 0x0000000083900000, 0x0000000083800000| Untracked 
|  57|0x0000000083900000, 0x0000000083a00000, 0x0000000083a00000|100%| O|  |TAMS 0x0000000083a00000, 0x0000000083900000| Untracked 
|  58|0x0000000083a00000, 0x0000000083b00000, 0x0000000083b00000|100%| O|  |TAMS 0x0000000083b00000, 0x0000000083a00000| Untracked 
|  59|0x0000000083b00000, 0x0000000083c00000, 0x0000000083c00000|100%| O|  |TAMS 0x0000000083c00000, 0x0000000083b00000| Untracked 
|  60|0x0000000083c00000, 0x0000000083d00000, 0x0000000083d00000|100%| O|  |TAMS 0x0000000083d00000, 0x0000000083c00000| Untracked 
|  61|0x0000000083d00000, 0x0000000083e00000, 0x0000000083e00000|100%| O|  |TAMS 0x0000000083e00000, 0x0000000083d00000| Untracked 
|  62|0x0000000083e00000, 0x0000000083f00000, 0x0000000083f00000|100%| O|  |TAMS 0x0000000083f00000, 0x0000000083e00000| Untracked 
|  63|0x0000000083f00000, 0x0000000084000000, 0x0000000084000000|100%| O|  |TAMS 0x0000000084000000, 0x0000000083f00000| Untracked 
|  64|0x0000000084000000, 0x0000000084100000, 0x0000000084100000|100%| O|  |TAMS 0x0000000084100000, 0x0000000084000000| Untracked 
|  65|0x0000000084100000, 0x0000000084200000, 0x0000000084200000|100%| O|  |TAMS 0x0000000084200000, 0x0000000084100000| Untracked 
|  66|0x0000000084200000, 0x0000000084300000, 0x0000000084300000|100%| O|  |TAMS 0x0000000084300000, 0x0000000084200000| Untracked 
|  67|0x0000000084300000, 0x0000000084400000, 0x0000000084400000|100%| O|  |TAMS 0x0000000084400000, 0x0000000084300000| Untracked 
|  68|0x0000000084400000, 0x0000000084500000, 0x0000000084500000|100%| O|  |TAMS 0x0000000084500000, 0x0000000084400000| Untracked 
|  69|0x0000000084500000, 0x0000000084600000, 0x0000000084600000|100%| O|  |TAMS 0x0000000084600000, 0x0000000084500000| Untracked 
|  70|0x0000000084600000, 0x0000000084700000, 0x0000000084700000|100%| O|  |TAMS 0x0000000084700000, 0x0000000084600000| Untracked 
|  71|0x0000000084700000, 0x0000000084800000, 0x0000000084800000|100%| O|  |TAMS 0x0000000084800000, 0x0000000084700000| Untracked 
|  72|0x0000000084800000, 0x0000000084900000, 0x0000000084900000|100%| O|  |TAMS 0x0000000084900000, 0x0000000084800000| Untracked 
|  73|0x0000000084900000, 0x0000000084a00000, 0x0000000084a00000|100%| O|  |TAMS 0x0000000084a00000, 0x0000000084900000| Untracked 
|  74|0x0000000084a00000, 0x0000000084b00000, 0x0000000084b00000|100%| O|  |TAMS 0x0000000084b00000, 0x0000000084a00000| Untracked 
|  75|0x0000000084b00000, 0x0000000084c00000, 0x0000000084c00000|100%| O|  |TAMS 0x0000000084c00000, 0x0000000084b00000| Untracked 
|  76|0x0000000084c00000, 0x0000000084d00000, 0x0000000084d00000|100%| O|  |TAMS 0x0000000084d00000, 0x0000000084c00000| Untracked 
|  77|0x0000000084d00000, 0x0000000084e00000, 0x0000000084e00000|100%| O|  |TAMS 0x0000000084e00000, 0x0000000084d00000| Untracked 
|  78|0x0000000084e00000, 0x0000000084f00000, 0x0000000084f00000|100%| O|  |TAMS 0x0000000084f00000, 0x0000000084e00000| Untracked 
|  79|0x0000000084f00000, 0x0000000085000000, 0x0000000085000000|100%| O|  |TAMS 0x0000000085000000, 0x0000000084f00000| Untracked 
|  80|0x0000000085000000, 0x0000000085100000, 0x0000000085100000|100%| O|  |TAMS 0x0000000085100000, 0x0000000085000000| Untracked 
|  81|0x0000000085100000, 0x0000000085200000, 0x0000000085200000|100%| O|  |TAMS 0x0000000085200000, 0x0000000085100000| Untracked 
|  82|0x0000000085200000, 0x0000000085300000, 0x0000000085300000|100%| O|  |TAMS 0x0000000085300000, 0x0000000085200000| Untracked 
|  83|0x0000000085300000, 0x0000000085400000, 0x0000000085400000|100%| O|  |TAMS 0x0000000085400000, 0x0000000085300000| Untracked 
|  84|0x0000000085400000, 0x0000000085500000, 0x0000000085500000|100%| O|  |TAMS 0x0000000085500000, 0x0000000085400000| Untracked 
|  85|0x0000000085500000, 0x0000000085600000, 0x0000000085600000|100%| O|  |TAMS 0x0000000085600000, 0x0000000085500000| Untracked 
|  86|0x0000000085600000, 0x0000000085700000, 0x0000000085700000|100%| O|  |TAMS 0x0000000085700000, 0x0000000085600000| Untracked 
|  87|0x0000000085700000, 0x0000000085800000, 0x0000000085800000|100%| O|  |TAMS 0x0000000085800000, 0x0000000085700000| Untracked 
|  88|0x0000000085800000, 0x0000000085900000, 0x0000000085900000|100%| O|  |TAMS 0x0000000085900000, 0x0000000085800000| Untracked 
|  89|0x0000000085900000, 0x0000000085a00000, 0x0000000085a00000|100%| O|  |TAMS 0x0000000085a00000, 0x0000000085900000| Untracked 
|  90|0x0000000085a00000, 0x0000000085b00000, 0x0000000085b00000|100%| O|  |TAMS 0x0000000085b00000, 0x0000000085a00000| Untracked 
|  91|0x0000000085b00000, 0x0000000085c00000, 0x0000000085c00000|100%|HS|  |TAMS 0x0000000085c00000, 0x0000000085b00000| Complete 
|  92|0x0000000085c00000, 0x0000000085d00000, 0x0000000085d00000|100%| O|  |TAMS 0x0000000085d00000, 0x0000000085c00000| Untracked 
|  93|0x0000000085d00000, 0x0000000085e00000, 0x0000000085e00000|100%| O|  |TAMS 0x0000000085e00000, 0x0000000085d00000| Untracked 
|  94|0x0000000085e00000, 0x0000000085f00000, 0x0000000085f00000|100%| O|  |TAMS 0x0000000085f00000, 0x0000000085e00000| Untracked 
|  95|0x0000000085f00000, 0x0000000086000000, 0x0000000086000000|100%| O|  |TAMS 0x0000000086000000, 0x0000000085f00000| Untracked 
|  96|0x0000000086000000, 0x0000000086100000, 0x0000000086100000|100%| O|  |TAMS 0x0000000086100000, 0x0000000086000000| Untracked 
|  97|0x0000000086100000, 0x0000000086200000, 0x0000000086200000|100%| O|  |TAMS 0x0000000086200000, 0x0000000086100000| Untracked 
|  98|0x0000000086200000, 0x0000000086300000, 0x0000000086300000|100%| O|  |TAMS 0x0000000086300000, 0x0000000086200000| Untracked 
|  99|0x0000000086300000, 0x0000000086400000, 0x0000000086400000|100%| O|  |TAMS 0x0000000086300000, 0x0000000086300000| Untracked 
| 100|0x0000000086400000, 0x0000000086500000, 0x0000000086500000|100%|HS|  |TAMS 0x0000000086500000, 0x0000000086400000| Complete 
| 101|0x0000000086500000, 0x0000000086600000, 0x0000000086600000|100%|HC|  |TAMS 0x0000000086600000, 0x0000000086500000| Complete 
| 102|0x0000000086600000, 0x0000000086700000, 0x0000000086700000|100%|HS|  |TAMS 0x0000000086700000, 0x0000000086600000| Complete 
| 103|0x0000000086700000, 0x0000000086800000, 0x0000000086800000|100%|HS|  |TAMS 0x0000000086800000, 0x0000000086700000| Complete 
| 104|0x0000000086800000, 0x0000000086900000, 0x0000000086900000|100%|HS|  |TAMS 0x0000000086900000, 0x0000000086800000| Complete 
| 105|0x0000000086900000, 0x0000000086a00000, 0x0000000086a00000|100%|HC|  |TAMS 0x0000000086a00000, 0x0000000086900000| Complete 
| 106|0x0000000086a00000, 0x0000000086b00000, 0x0000000086b00000|100%|HS|  |TAMS 0x0000000086b00000, 0x0000000086a00000| Complete 
| 107|0x0000000086b00000, 0x0000000086c00000, 0x0000000086c00000|100%|HC|  |TAMS 0x0000000086c00000, 0x0000000086b00000| Complete 
| 108|0x0000000086c00000, 0x0000000086d00000, 0x0000000086d00000|100%|HS|  |TAMS 0x0000000086d00000, 0x0000000086c00000| Complete 
| 109|0x0000000086d00000, 0x0000000086e00000, 0x0000000086e00000|100%|HC|  |TAMS 0x0000000086e00000, 0x0000000086d00000| Complete 
| 110|0x0000000086e00000, 0x0000000086f00000, 0x0000000086f00000|100%|HC|  |TAMS 0x0000000086f00000, 0x0000000086e00000| Complete 
| 111|0x0000000086f00000, 0x0000000087000000, 0x0000000087000000|100%|HS|  |TAMS 0x0000000086f00000, 0x0000000086f00000| Complete 
| 112|0x0000000087000000, 0x0000000087100000, 0x0000000087100000|100%|HC|  |TAMS 0x0000000087000000, 0x0000000087000000| Complete 
| 113|0x0000000087100000, 0x0000000087200000, 0x0000000087200000|100%| O|  |TAMS 0x0000000087100000, 0x0000000087100000| Untracked 
| 114|0x0000000087200000, 0x0000000087300000, 0x0000000087300000|100%|HS|  |TAMS 0x0000000087300000, 0x0000000087200000| Complete 
| 115|0x0000000087300000, 0x0000000087400000, 0x0000000087400000|100%|HC|  |TAMS 0x0000000087400000, 0x0000000087300000| Complete 
| 116|0x0000000087400000, 0x0000000087500000, 0x0000000087500000|100%|HS|  |TAMS 0x0000000087400000, 0x0000000087400000| Complete 
| 117|0x0000000087500000, 0x0000000087600000, 0x0000000087600000|100%|HS|  |TAMS 0x0000000087600000, 0x0000000087500000| Complete 
| 118|0x0000000087600000, 0x0000000087700000, 0x0000000087700000|100%|HS|  |TAMS 0x0000000087600000, 0x0000000087600000| Complete 
| 119|0x0000000087700000, 0x0000000087800000, 0x0000000087800000|100%|HS|  |TAMS 0x0000000087800000, 0x0000000087700000| Complete 
| 120|0x0000000087800000, 0x0000000087900000, 0x0000000087900000|100%| O|  |TAMS 0x0000000087800000, 0x0000000087800000| Untracked 
| 121|0x0000000087900000, 0x0000000087a00000, 0x0000000087a00000|100%|HS|  |TAMS 0x0000000087a00000, 0x0000000087900000| Complete 
| 122|0x0000000087a00000, 0x0000000087b00000, 0x0000000087b00000|100%| O|  |TAMS 0x0000000087a00000, 0x0000000087a00000| Untracked 
| 123|0x0000000087b00000, 0x0000000087c00000, 0x0000000087c00000|100%| O|  |TAMS 0x0000000087b00000, 0x0000000087b00000| Untracked 
| 124|0x0000000087c00000, 0x0000000087d00000, 0x0000000087d00000|100%| O|  |TAMS 0x0000000087c00000, 0x0000000087c00000| Untracked 
| 125|0x0000000087d00000, 0x0000000087e00000, 0x0000000087e00000|100%|HS|  |TAMS 0x0000000087e00000, 0x0000000087d00000| Complete 
| 126|0x0000000087e00000, 0x0000000087f00000, 0x0000000087f00000|100%|HC|  |TAMS 0x0000000087f00000, 0x0000000087e00000| Complete 
| 127|0x0000000087f00000, 0x0000000088000000, 0x0000000088000000|100%| O|  |TAMS 0x0000000087f00000, 0x0000000087f00000| Untracked 
| 128|0x0000000088000000, 0x0000000088100000, 0x0000000088100000|100%| O|  |TAMS 0x0000000088000000, 0x0000000088000000| Untracked 
| 129|0x0000000088100000, 0x0000000088200000, 0x0000000088200000|100%| O|  |TAMS 0x0000000088100000, 0x0000000088100000| Untracked 
| 130|0x0000000088200000, 0x0000000088300000, 0x0000000088300000|100%| O|  |TAMS 0x0000000088200000, 0x0000000088200000| Untracked 
| 131|0x0000000088300000, 0x0000000088400000, 0x0000000088400000|100%| O|  |TAMS 0x0000000088300000, 0x0000000088300000| Untracked 
| 132|0x0000000088400000, 0x0000000088500000, 0x0000000088500000|100%| O|  |TAMS 0x0000000088400000, 0x0000000088400000| Untracked 
| 133|0x0000000088500000, 0x0000000088600000, 0x0000000088600000|100%| O|  |TAMS 0x0000000088500000, 0x0000000088500000| Untracked 
| 134|0x0000000088600000, 0x0000000088700000, 0x0000000088700000|100%| O|  |TAMS 0x0000000088600000, 0x0000000088600000| Untracked 
| 135|0x0000000088700000, 0x0000000088800000, 0x0000000088800000|100%| O|  |TAMS 0x0000000088700000, 0x0000000088700000| Untracked 
| 136|0x0000000088800000, 0x0000000088900000, 0x0000000088900000|100%| O|  |TAMS 0x0000000088800000, 0x0000000088800000| Untracked 
| 137|0x0000000088900000, 0x0000000088a00000, 0x0000000088a00000|100%| O|  |TAMS 0x0000000088900000, 0x0000000088900000| Untracked 
| 138|0x0000000088a00000, 0x0000000088b00000, 0x0000000088b00000|100%| O|  |TAMS 0x0000000088a00000, 0x0000000088a00000| Untracked 
| 139|0x0000000088b00000, 0x0000000088c00000, 0x0000000088c00000|100%| O|  |TAMS 0x0000000088b00000, 0x0000000088b00000| Untracked 
| 140|0x0000000088c00000, 0x0000000088d00000, 0x0000000088d00000|100%| O|  |TAMS 0x0000000088c00000, 0x0000000088c00000| Untracked 
| 141|0x0000000088d00000, 0x0000000088e00000, 0x0000000088e00000|100%| O|  |TAMS 0x0000000088d00000, 0x0000000088d00000| Untracked 
| 142|0x0000000088e00000, 0x0000000088f00000, 0x0000000088f00000|100%| O|  |TAMS 0x0000000088e00000, 0x0000000088e00000| Untracked 
| 143|0x0000000088f00000, 0x0000000089000000, 0x0000000089000000|100%| O|  |TAMS 0x0000000088f00000, 0x0000000088f00000| Untracked 
| 144|0x0000000089000000, 0x0000000089100000, 0x0000000089100000|100%|HS|  |TAMS 0x0000000089000000, 0x0000000089000000| Complete 
| 145|0x0000000089100000, 0x0000000089200000, 0x0000000089200000|100%|HC|  |TAMS 0x0000000089100000, 0x0000000089100000| Complete 
| 146|0x0000000089200000, 0x0000000089300000, 0x0000000089300000|100%|HC|  |TAMS 0x0000000089200000, 0x0000000089200000| Complete 
| 147|0x0000000089300000, 0x0000000089400000, 0x0000000089400000|100%| O|  |TAMS 0x0000000089300000, 0x0000000089300000| Untracked 
| 148|0x0000000089400000, 0x0000000089500000, 0x0000000089500000|100%| O|  |TAMS 0x0000000089400000, 0x0000000089400000| Untracked 
| 149|0x0000000089500000, 0x0000000089600000, 0x0000000089600000|100%| O|  |TAMS 0x0000000089500000, 0x0000000089500000| Untracked 
| 150|0x0000000089600000, 0x0000000089700000, 0x0000000089700000|100%| O|  |TAMS 0x0000000089600000, 0x0000000089600000| Untracked 
| 151|0x0000000089700000, 0x0000000089800000, 0x0000000089800000|100%| O|  |TAMS 0x0000000089700000, 0x0000000089700000| Untracked 
| 152|0x0000000089800000, 0x0000000089900000, 0x0000000089900000|100%| O|  |TAMS 0x0000000089800000, 0x0000000089800000| Untracked 
| 153|0x0000000089900000, 0x0000000089a00000, 0x0000000089a00000|100%| O|  |TAMS 0x0000000089900000, 0x0000000089900000| Untracked 
| 154|0x0000000089a00000, 0x0000000089b00000, 0x0000000089b00000|100%| O|  |TAMS 0x0000000089a00000, 0x0000000089a00000| Untracked 
| 155|0x0000000089b00000, 0x0000000089c00000, 0x0000000089c00000|100%| O|  |TAMS 0x0000000089b00000, 0x0000000089b00000| Untracked 
| 156|0x0000000089c00000, 0x0000000089d00000, 0x0000000089d00000|100%| O|  |TAMS 0x0000000089c00000, 0x0000000089c00000| Untracked 
| 157|0x0000000089d00000, 0x0000000089e00000, 0x0000000089e00000|100%| O|  |TAMS 0x0000000089d00000, 0x0000000089d00000| Untracked 
| 158|0x0000000089e00000, 0x0000000089f00000, 0x0000000089f00000|100%| O|  |TAMS 0x0000000089e00000, 0x0000000089e00000| Untracked 
| 159|0x0000000089f00000, 0x000000008a000000, 0x000000008a000000|100%| O|  |TAMS 0x0000000089f00000, 0x0000000089f00000| Untracked 
| 160|0x000000008a000000, 0x000000008a100000, 0x000000008a100000|100%| O|  |TAMS 0x000000008a000000, 0x000000008a000000| Untracked 
| 161|0x000000008a100000, 0x000000008a200000, 0x000000008a200000|100%| O|  |TAMS 0x000000008a100000, 0x000000008a100000| Untracked 
| 162|0x000000008a200000, 0x000000008a300000, 0x000000008a300000|100%| O|  |TAMS 0x000000008a200000, 0x000000008a200000| Untracked 
| 163|0x000000008a300000, 0x000000008a400000, 0x000000008a400000|100%| O|  |TAMS 0x000000008a300000, 0x000000008a300000| Untracked 
| 164|0x000000008a400000, 0x000000008a500000, 0x000000008a500000|100%| O|  |TAMS 0x000000008a400000, 0x000000008a400000| Untracked 
| 165|0x000000008a500000, 0x000000008a600000, 0x000000008a600000|100%| O|  |TAMS 0x000000008a500000, 0x000000008a500000| Untracked 
| 166|0x000000008a600000, 0x000000008a700000, 0x000000008a700000|100%| O|  |TAMS 0x000000008a600000, 0x000000008a600000| Untracked 
| 167|0x000000008a700000, 0x000000008a800000, 0x000000008a800000|100%| O|  |TAMS 0x000000008a700000, 0x000000008a700000| Untracked 
| 168|0x000000008a800000, 0x000000008a900000, 0x000000008a900000|100%| O|  |TAMS 0x000000008a800000, 0x000000008a800000| Untracked 
| 169|0x000000008a900000, 0x000000008aa00000, 0x000000008aa00000|100%| O|  |TAMS 0x000000008a900000, 0x000000008a900000| Untracked 
| 170|0x000000008aa00000, 0x000000008ab00000, 0x000000008ab00000|100%| O|  |TAMS 0x000000008aa00000, 0x000000008aa00000| Untracked 
| 171|0x000000008ab00000, 0x000000008ac00000, 0x000000008ac00000|100%| O|  |TAMS 0x000000008ab00000, 0x000000008ab00000| Untracked 
| 172|0x000000008ac00000, 0x000000008ad00000, 0x000000008ad00000|100%| O|  |TAMS 0x000000008ac00000, 0x000000008ac00000| Untracked 
| 173|0x000000008ad00000, 0x000000008ae00000, 0x000000008ae00000|100%| O|  |TAMS 0x000000008ad00000, 0x000000008ad00000| Untracked 
| 174|0x000000008ae00000, 0x000000008af00000, 0x000000008af00000|100%| O|  |TAMS 0x000000008ae00000, 0x000000008ae00000| Untracked 
| 175|0x000000008af00000, 0x000000008b000000, 0x000000008b000000|100%| O|  |TAMS 0x000000008af00000, 0x000000008af00000| Untracked 
| 176|0x000000008b000000, 0x000000008b100000, 0x000000008b100000|100%| O|  |TAMS 0x000000008b000000, 0x000000008b000000| Untracked 
| 177|0x000000008b100000, 0x000000008b200000, 0x000000008b200000|100%| O|  |TAMS 0x000000008b100000, 0x000000008b100000| Untracked 
| 178|0x000000008b200000, 0x000000008b300000, 0x000000008b300000|100%| O|  |TAMS 0x000000008b200000, 0x000000008b200000| Untracked 
| 179|0x000000008b300000, 0x000000008b400000, 0x000000008b400000|100%| O|  |TAMS 0x000000008b300000, 0x000000008b300000| Untracked 
| 180|0x000000008b400000, 0x000000008b500000, 0x000000008b500000|100%| O|  |TAMS 0x000000008b400000, 0x000000008b400000| Untracked 
| 181|0x000000008b500000, 0x000000008b600000, 0x000000008b600000|100%| O|  |TAMS 0x000000008b500000, 0x000000008b500000| Untracked 
| 182|0x000000008b600000, 0x000000008b700000, 0x000000008b700000|100%| O|  |TAMS 0x000000008b600000, 0x000000008b600000| Untracked 
| 183|0x000000008b700000, 0x000000008b800000, 0x000000008b800000|100%| O|  |TAMS 0x000000008b700000, 0x000000008b700000| Untracked 
| 184|0x000000008b800000, 0x000000008b900000, 0x000000008b900000|100%| O|  |TAMS 0x000000008b800000, 0x000000008b800000| Untracked 
| 185|0x000000008b900000, 0x000000008ba00000, 0x000000008ba00000|100%| O|  |TAMS 0x000000008b900000, 0x000000008b900000| Untracked 
| 186|0x000000008ba00000, 0x000000008bb00000, 0x000000008bb00000|100%| O|  |TAMS 0x000000008ba00000, 0x000000008ba00000| Untracked 
| 187|0x000000008bb00000, 0x000000008bc00000, 0x000000008bc00000|100%| O|  |TAMS 0x000000008bb00000, 0x000000008bb00000| Untracked 
| 188|0x000000008bc00000, 0x000000008bd00000, 0x000000008bd00000|100%| O|  |TAMS 0x000000008bc00000, 0x000000008bc00000| Untracked 
| 189|0x000000008bd00000, 0x000000008be00000, 0x000000008be00000|100%| O|  |TAMS 0x000000008bd00000, 0x000000008bd00000| Untracked 
| 190|0x000000008be00000, 0x000000008bf00000, 0x000000008bf00000|100%| O|  |TAMS 0x000000008be00000, 0x000000008be00000| Untracked 
| 191|0x000000008bf00000, 0x000000008c000000, 0x000000008c000000|100%| O|  |TAMS 0x000000008bf00000, 0x000000008bf00000| Untracked 
| 192|0x000000008c000000, 0x000000008c100000, 0x000000008c100000|100%| O|  |TAMS 0x000000008c000000, 0x000000008c000000| Untracked 
| 193|0x000000008c100000, 0x000000008c180000, 0x000000008c200000| 50%| O|  |TAMS 0x000000008c100000, 0x000000008c100000| Untracked 
| 194|0x000000008c200000, 0x000000008c200000, 0x000000008c300000|  0%| F|  |TAMS 0x000000008c200000, 0x000000008c200000| Untracked 
| 195|0x000000008c300000, 0x000000008c300000, 0x000000008c400000|  0%| F|  |TAMS 0x000000008c300000, 0x000000008c300000| Untracked 
| 196|0x000000008c400000, 0x000000008c400000, 0x000000008c500000|  0%| F|  |TAMS 0x000000008c400000, 0x000000008c400000| Untracked 
| 197|0x000000008c500000, 0x000000008c500000, 0x000000008c600000|  0%| F|  |TAMS 0x000000008c500000, 0x000000008c500000| Untracked 
| 198|0x000000008c600000, 0x000000008c600000, 0x000000008c700000|  0%| F|  |TAMS 0x000000008c600000, 0x000000008c600000| Untracked 
| 199|0x000000008c700000, 0x000000008c700000, 0x000000008c800000|  0%| F|  |TAMS 0x000000008c700000, 0x000000008c700000| Untracked 
| 200|0x000000008c800000, 0x000000008c800000, 0x000000008c900000|  0%| F|  |TAMS 0x000000008c800000, 0x000000008c800000| Untracked 
| 201|0x000000008c900000, 0x000000008c900000, 0x000000008ca00000|  0%| F|  |TAMS 0x000000008c900000, 0x000000008c900000| Untracked 
| 202|0x000000008ca00000, 0x000000008ca00000, 0x000000008cb00000|  0%| F|  |TAMS 0x000000008ca00000, 0x000000008ca00000| Untracked 
| 203|0x000000008cb00000, 0x000000008cb00000, 0x000000008cc00000|  0%| F|  |TAMS 0x000000008cb00000, 0x000000008cb00000| Untracked 
| 204|0x000000008cc00000, 0x000000008cc00000, 0x000000008cd00000|  0%| F|  |TAMS 0x000000008cc00000, 0x000000008cc00000| Untracked 
| 205|0x000000008cd00000, 0x000000008cd00000, 0x000000008ce00000|  0%| F|  |TAMS 0x000000008cd00000, 0x000000008cd00000| Untracked 
| 206|0x000000008ce00000, 0x000000008ce00000, 0x000000008cf00000|  0%| F|  |TAMS 0x000000008ce00000, 0x000000008ce00000| Untracked 
| 207|0x000000008cf00000, 0x000000008cf00000, 0x000000008d000000|  0%| F|  |TAMS 0x000000008cf00000, 0x000000008cf00000| Untracked 
| 208|0x000000008d000000, 0x000000008d000000, 0x000000008d100000|  0%| F|  |TAMS 0x000000008d000000, 0x000000008d000000| Untracked 
| 209|0x000000008d100000, 0x000000008d100000, 0x000000008d200000|  0%| F|  |TAMS 0x000000008d100000, 0x000000008d100000| Untracked 
| 210|0x000000008d200000, 0x000000008d200000, 0x000000008d300000|  0%| F|  |TAMS 0x000000008d200000, 0x000000008d200000| Untracked 
| 211|0x000000008d300000, 0x000000008d300000, 0x000000008d400000|  0%| F|  |TAMS 0x000000008d300000, 0x000000008d300000| Untracked 
| 212|0x000000008d400000, 0x000000008d400000, 0x000000008d500000|  0%| F|  |TAMS 0x000000008d400000, 0x000000008d400000| Untracked 
| 213|0x000000008d500000, 0x000000008d500000, 0x000000008d600000|  0%| F|  |TAMS 0x000000008d500000, 0x000000008d500000| Untracked 
| 214|0x000000008d600000, 0x000000008d600000, 0x000000008d700000|  0%| F|  |TAMS 0x000000008d600000, 0x000000008d600000| Untracked 
| 215|0x000000008d700000, 0x000000008d700000, 0x000000008d800000|  0%| F|  |TAMS 0x000000008d700000, 0x000000008d700000| Untracked 
| 216|0x000000008d800000, 0x000000008d800000, 0x000000008d900000|  0%| F|  |TAMS 0x000000008d800000, 0x000000008d800000| Untracked 
| 217|0x000000008d900000, 0x000000008d900000, 0x000000008da00000|  0%| F|  |TAMS 0x000000008d900000, 0x000000008d900000| Untracked 
| 218|0x000000008da00000, 0x000000008da00000, 0x000000008db00000|  0%| F|  |TAMS 0x000000008da00000, 0x000000008da00000| Untracked 
| 219|0x000000008db00000, 0x000000008db00000, 0x000000008dc00000|  0%| F|  |TAMS 0x000000008db00000, 0x000000008db00000| Untracked 
| 220|0x000000008dc00000, 0x000000008dc00000, 0x000000008dd00000|  0%| F|  |TAMS 0x000000008dc00000, 0x000000008dc00000| Untracked 
| 221|0x000000008dd00000, 0x000000008dd00000, 0x000000008de00000|  0%| F|  |TAMS 0x000000008dd00000, 0x000000008dd00000| Untracked 
| 222|0x000000008de00000, 0x000000008de00000, 0x000000008df00000|  0%| F|  |TAMS 0x000000008de00000, 0x000000008de00000| Untracked 
| 223|0x000000008df00000, 0x000000008df00000, 0x000000008e000000|  0%| F|  |TAMS 0x000000008df00000, 0x000000008df00000| Untracked 
| 224|0x000000008e000000, 0x000000008e000000, 0x000000008e100000|  0%| F|  |TAMS 0x000000008e000000, 0x000000008e000000| Untracked 
| 225|0x000000008e100000, 0x000000008e100000, 0x000000008e200000|  0%| F|  |TAMS 0x000000008e100000, 0x000000008e100000| Untracked 
| 226|0x000000008e200000, 0x000000008e200000, 0x000000008e300000|  0%| F|  |TAMS 0x000000008e200000, 0x000000008e200000| Untracked 
| 227|0x000000008e300000, 0x000000008e300000, 0x000000008e400000|  0%| F|  |TAMS 0x000000008e300000, 0x000000008e300000| Untracked 
| 228|0x000000008e400000, 0x000000008e400000, 0x000000008e500000|  0%| F|  |TAMS 0x000000008e400000, 0x000000008e400000| Untracked 
| 229|0x000000008e500000, 0x000000008e500000, 0x000000008e600000|  0%| F|  |TAMS 0x000000008e500000, 0x000000008e500000| Untracked 
| 230|0x000000008e600000, 0x000000008e600000, 0x000000008e700000|  0%| F|  |TAMS 0x000000008e600000, 0x000000008e600000| Untracked 
| 231|0x000000008e700000, 0x000000008e700000, 0x000000008e800000|  0%| F|  |TAMS 0x000000008e700000, 0x000000008e700000| Untracked 
| 232|0x000000008e800000, 0x000000008e900000, 0x000000008e900000|100%| S|CS|TAMS 0x000000008e800000, 0x000000008e800000| Complete 
| 233|0x000000008e900000, 0x000000008ea00000, 0x000000008ea00000|100%| S|CS|TAMS 0x000000008e900000, 0x000000008e900000| Complete 
| 234|0x000000008ea00000, 0x000000008eb00000, 0x000000008eb00000|100%| S|CS|TAMS 0x000000008ea00000, 0x000000008ea00000| Complete 
| 235|0x000000008eb00000, 0x000000008ec00000, 0x000000008ec00000|100%| S|CS|TAMS 0x000000008eb00000, 0x000000008eb00000| Complete 
| 236|0x000000008ec00000, 0x000000008ed00000, 0x000000008ed00000|100%| S|CS|TAMS 0x000000008ec00000, 0x000000008ec00000| Complete 
| 237|0x000000008ed00000, 0x000000008ed00000, 0x000000008ee00000|  0%| F|  |TAMS 0x000000008ed00000, 0x000000008ed00000| Untracked 
| 238|0x000000008ee00000, 0x000000008ee00000, 0x000000008ef00000|  0%| F|  |TAMS 0x000000008ee00000, 0x000000008ee00000| Untracked 
| 239|0x000000008ef00000, 0x000000008ef00000, 0x000000008f000000|  0%| F|  |TAMS 0x000000008ef00000, 0x000000008ef00000| Untracked 
| 240|0x000000008f000000, 0x000000008f000000, 0x000000008f100000|  0%| F|  |TAMS 0x000000008f000000, 0x000000008f000000| Untracked 
| 241|0x000000008f100000, 0x000000008f100000, 0x000000008f200000|  0%| F|  |TAMS 0x000000008f100000, 0x000000008f100000| Untracked 
| 242|0x000000008f200000, 0x000000008f200000, 0x000000008f300000|  0%| F|  |TAMS 0x000000008f200000, 0x000000008f200000| Untracked 
| 243|0x000000008f300000, 0x000000008f300000, 0x000000008f400000|  0%| F|  |TAMS 0x000000008f300000, 0x000000008f300000| Untracked 
| 244|0x000000008f400000, 0x000000008f400000, 0x000000008f500000|  0%| F|  |TAMS 0x000000008f400000, 0x000000008f400000| Untracked 
| 245|0x000000008f500000, 0x000000008f500000, 0x000000008f600000|  0%| F|  |TAMS 0x000000008f500000, 0x000000008f500000| Untracked 
| 246|0x000000008f600000, 0x000000008f600000, 0x000000008f700000|  0%| F|  |TAMS 0x000000008f600000, 0x000000008f600000| Untracked 
| 247|0x000000008f700000, 0x000000008f700000, 0x000000008f800000|  0%| F|  |TAMS 0x000000008f700000, 0x000000008f700000| Untracked 
| 248|0x000000008f800000, 0x000000008f800000, 0x000000008f900000|  0%| F|  |TAMS 0x000000008f800000, 0x000000008f800000| Untracked 
| 249|0x000000008f900000, 0x000000008f900000, 0x000000008fa00000|  0%| F|  |TAMS 0x000000008f900000, 0x000000008f900000| Untracked 
| 250|0x000000008fa00000, 0x000000008fa00000, 0x000000008fb00000|  0%| F|  |TAMS 0x000000008fa00000, 0x000000008fa00000| Untracked 
| 251|0x000000008fb00000, 0x000000008fb00000, 0x000000008fc00000|  0%| F|  |TAMS 0x000000008fb00000, 0x000000008fb00000| Untracked 
| 252|0x000000008fc00000, 0x000000008fc00000, 0x000000008fd00000|  0%| F|  |TAMS 0x000000008fc00000, 0x000000008fc00000| Untracked 
| 253|0x000000008fd00000, 0x000000008fd00000, 0x000000008fe00000|  0%| F|  |TAMS 0x000000008fd00000, 0x000000008fd00000| Untracked 
| 254|0x000000008fe00000, 0x000000008fe00000, 0x000000008ff00000|  0%| F|  |TAMS 0x000000008fe00000, 0x000000008fe00000| Untracked 
| 255|0x000000008ff00000, 0x000000008ff00000, 0x0000000090000000|  0%| F|  |TAMS 0x000000008ff00000, 0x000000008ff00000| Untracked 
| 256|0x0000000090000000, 0x0000000090000000, 0x0000000090100000|  0%| F|  |TAMS 0x0000000090000000, 0x0000000090000000| Untracked 
| 257|0x0000000090100000, 0x0000000090100000, 0x0000000090200000|  0%| F|  |TAMS 0x0000000090100000, 0x0000000090100000| Untracked 
| 258|0x0000000090200000, 0x0000000090200000, 0x0000000090300000|  0%| F|  |TAMS 0x0000000090200000, 0x0000000090200000| Untracked 
| 259|0x0000000090300000, 0x0000000090300000, 0x0000000090400000|  0%| F|  |TAMS 0x0000000090300000, 0x0000000090300000| Untracked 
| 260|0x0000000090400000, 0x0000000090400000, 0x0000000090500000|  0%| F|  |TAMS 0x0000000090400000, 0x0000000090400000| Untracked 
| 261|0x0000000090500000, 0x0000000090500000, 0x0000000090600000|  0%| F|  |TAMS 0x0000000090500000, 0x0000000090500000| Untracked 
| 262|0x0000000090600000, 0x0000000090600000, 0x0000000090700000|  0%| F|  |TAMS 0x0000000090600000, 0x0000000090600000| Untracked 
| 263|0x0000000090700000, 0x0000000090700000, 0x0000000090800000|  0%| F|  |TAMS 0x0000000090700000, 0x0000000090700000| Untracked 
| 264|0x0000000090800000, 0x0000000090800000, 0x0000000090900000|  0%| F|  |TAMS 0x0000000090800000, 0x0000000090800000| Untracked 
| 265|0x0000000090900000, 0x0000000090900000, 0x0000000090a00000|  0%| F|  |TAMS 0x0000000090900000, 0x0000000090900000| Untracked 
| 266|0x0000000090a00000, 0x0000000090a00000, 0x0000000090b00000|  0%| F|  |TAMS 0x0000000090a00000, 0x0000000090a00000| Untracked 
| 267|0x0000000090b00000, 0x0000000090b00000, 0x0000000090c00000|  0%| F|  |TAMS 0x0000000090b00000, 0x0000000090b00000| Untracked 
| 268|0x0000000090c00000, 0x0000000090c00000, 0x0000000090d00000|  0%| F|  |TAMS 0x0000000090c00000, 0x0000000090c00000| Untracked 
| 269|0x0000000090d00000, 0x0000000090d00000, 0x0000000090e00000|  0%| F|  |TAMS 0x0000000090d00000, 0x0000000090d00000| Untracked 
| 270|0x0000000090e00000, 0x0000000090e00000, 0x0000000090f00000|  0%| F|  |TAMS 0x0000000090e00000, 0x0000000090e00000| Untracked 
| 271|0x0000000090f00000, 0x0000000090f00000, 0x0000000091000000|  0%| F|  |TAMS 0x0000000090f00000, 0x0000000090f00000| Untracked 
| 272|0x0000000091000000, 0x0000000091000000, 0x0000000091100000|  0%| F|  |TAMS 0x0000000091000000, 0x0000000091000000| Untracked 
| 273|0x0000000091100000, 0x0000000091100000, 0x0000000091200000|  0%| F|  |TAMS 0x0000000091100000, 0x0000000091100000| Untracked 
| 274|0x0000000091200000, 0x0000000091200000, 0x0000000091300000|  0%| F|  |TAMS 0x0000000091200000, 0x0000000091200000| Untracked 
| 275|0x0000000091300000, 0x0000000091300000, 0x0000000091400000|  0%| F|  |TAMS 0x0000000091300000, 0x0000000091300000| Untracked 

Card table byte_map: [0x0000020194710000,0x0000020194b10000] _byte_map_base: 0x0000020194310000

Marking Bits (Prev, Next): (CMBitMap*) 0x0000020181e97d40, (CMBitMap*) 0x0000020181e97d00
 Prev Bits: [0x0000020196f10000, 0x0000020198f10000)
 Next Bits: [0x0000020194f10000, 0x0000020196f10000)

Polling page: 0x0000020181610000

Metaspace:

Usage:
  Non-class:     88.44 MB used.
      Class:     14.10 MB used.
       Both:    102.54 MB used.

Virtual space:
  Non-class space:       96.00 MB reserved,      88.81 MB ( 93%) committed,  12 nodes.
      Class space:        1.00 GB reserved,      14.38 MB (  1%) committed,  1 nodes.
             Both:        1.09 GB reserved,     103.19 MB (  9%) committed. 

Chunk freelists:
   Non-Class:  2.61 MB
       Class:  1.50 MB
        Both:  4.11 MB

MaxMetaspaceSize: unlimited
CompressedClassSpaceSize: 1.00 GB
Initial GC threshold: 21.00 MB
Current GC threshold: 166.50 MB
CDS: off
MetaspaceReclaimPolicy: balanced
 - commit_granule_bytes: 65536.
 - commit_granule_words: 8192.
 - virtual_space_node_default_size: 1048576.
 - enlarge_chunks_in_place: 1.
 - new_chunks_are_fully_committed: 0.
 - uncommit_free_chunks: 1.
 - use_allocation_guard: 0.
 - handle_deallocations: 1.


Internal statistics:

num_allocs_failed_limit: 9.
num_arena_births: 1016.
num_arena_deaths: 6.
num_vsnodes_births: 13.
num_vsnodes_deaths: 0.
num_space_committed: 1650.
num_space_uncommitted: 0.
num_chunks_returned_to_freelist: 18.
num_chunks_taken_from_freelist: 5000.
num_chunk_merges: 9.
num_chunk_splits: 3283.
num_chunks_enlarged: 2194.
num_purges: 2.
num_inconsistent_stats: 0.

CodeHeap 'non-profiled nmethods': size=120000Kb used=7017Kb max_used=7017Kb free=112982Kb
 bounds [0x000002018cde0000, 0x000002018d4c0000, 0x0000020194310000]
CodeHeap 'profiled nmethods': size=120000Kb used=23284Kb max_used=23284Kb free=96715Kb
 bounds [0x0000020185310000, 0x00000201869d0000, 0x000002018c840000]
CodeHeap 'non-nmethods': size=5760Kb used=2408Kb max_used=2461Kb free=3351Kb
 bounds [0x000002018c840000, 0x000002018cac0000, 0x000002018cde0000]
 total_blobs=12678 nmethods=11733 adapters=857
 compilation: enabled
              stopped_count=0, restarted_count=0
 full_count=0

Compilation events (20 events):
Event: 33.852 Thread 0x000002019c0154a0 13438       2       com.android.tools.r8.dex.B::a (73 bytes)
Event: 33.910 Thread 0x000002019c0154a0 nmethod 13438 0x00000201869c4e90 code [0x00000201869c50a0, 0x00000201869c5528]
Event: 33.910 Thread 0x000002019c0154a0 13439       3       com.google.common.collect.RegularImmutableMap::fromEntryArrayCheckingBucketOverflow (278 bytes)
Event: 33.913 Thread 0x000002019c0154a0 nmethod 13439 0x00000201869c5890 code [0x00000201869c5c60, 0x00000201869c78e8]
Event: 33.913 Thread 0x000002019c0154a0 13442       2       sun.nio.fs.WindowsSecurityDescriptor::address (19 bytes)
Event: 33.914 Thread 0x000002019c0154a0 nmethod 13442 0x00000201869c8490 code [0x00000201869c8620, 0x00000201869c8778]
Event: 33.914 Thread 0x000002019c0154a0 13440   !   2       java.lang.Thread::blockedOn (27 bytes)
Event: 33.914 Thread 0x000002019c0154a0 nmethod 13440 0x00000201869c8810 code [0x00000201869c89a0, 0x00000201869c8bd8]
Event: 33.914 Thread 0x000002019c0154a0 13441       2       com.google.common.base.Preconditions::checkElementIndex (25 bytes)
Event: 33.914 Thread 0x000002019c0154a0 nmethod 13441 0x00000201869c8d10 code [0x00000201869c8ec0, 0x00000201869c9098]
Event: 33.926 Thread 0x000002019c0154a0 13445       2       com.android.tools.r8.graph.x4::<init> (5 bytes)
Event: 33.927 Thread 0x000002019c0154a0 nmethod 13445 0x00000201869c9190 code [0x00000201869c9320, 0x00000201869c9418]
Event: 33.929 Thread 0x000002019c0154a0 13447       2       com.android.tools.r8.graph.y4::a (160 bytes)
Event: 33.931 Thread 0x000002019c0154a0 nmethod 13447 0x00000201869c9490 code [0x00000201869c96e0, 0x00000201869c9e78]
Event: 33.945 Thread 0x000002019c0154a0 13449       2       com.android.tools.r8.graph.y4::g (64 bytes)
Event: 33.946 Thread 0x000002019c0154a0 nmethod 13449 0x00000201869ca310 code [0x00000201869ca500, 0x00000201869ca818]
Event: 33.949 Thread 0x000002019c0154a0 13450       2       java.lang.String::split (327 bytes)
Event: 33.952 Thread 0x000002019c0154a0 nmethod 13450 0x00000201869caa10 code [0x00000201869cad40, 0x00000201869cc058]
Event: 33.954 Thread 0x000002019c0154a0 13451       2       com.google.common.cache.LocalCache$Segment::drainRecencyQueue (45 bytes)
Event: 33.954 Thread 0x000002019c0154a0 nmethod 13451 0x00000201869ccc90 code [0x00000201869cce60, 0x00000201869cd128]

GC Heap History (20 events):
Event: 16.812 GC heap after
{Heap after GC invocations=32 (full 0):
 garbage-first heap   total 282624K, used 70654K [0x0000000080000000, 0x0000000100000000)
  region size 1024K, 4 young (4096K), 4 survivors (4096K)
 Metaspace       used 74519K, committed 75072K, reserved 1114112K
  class space    used 9900K, committed 10112K, reserved 1048576K
}
Event: 20.849 GC heap before
{Heap before GC invocations=33 (full 0):
 garbage-first heap   total 256000K, used 200702K [0x0000000080000000, 0x0000000100000000)
  region size 1024K, 131 young (134144K), 4 survivors (4096K)
 Metaspace       used 89457K, committed 90048K, reserved 1130496K
  class space    used 12201K, committed 12480K, reserved 1048576K
}
Event: 20.870 GC heap after
{Heap after GC invocations=34 (full 0):
 garbage-first heap   total 256000K, used 78895K [0x0000000080000000, 0x0000000100000000)
  region size 1024K, 12 young (12288K), 12 survivors (12288K)
 Metaspace       used 89457K, committed 90048K, reserved 1130496K
  class space    used 12201K, committed 12480K, reserved 1048576K
}
Event: 20.888 GC heap before
{Heap before GC invocations=34 (full 0):
 garbage-first heap   total 256000K, used 79919K [0x0000000080000000, 0x0000000100000000)
  region size 1024K, 13 young (13312K), 12 survivors (12288K)
 Metaspace       used 89648K, committed 90304K, reserved 1130496K
  class space    used 12210K, committed 12544K, reserved 1048576K
}
Event: 20.907 GC heap after
{Heap after GC invocations=35 (full 0):
 garbage-first heap   total 256000K, used 79950K [0x0000000080000000, 0x0000000100000000)
  region size 1024K, 2 young (2048K), 2 survivors (2048K)
 Metaspace       used 89648K, committed 90304K, reserved 1130496K
  class space    used 12210K, committed 12544K, reserved 1048576K
}
Event: 23.185 GC heap before
{Heap before GC invocations=35 (full 0):
 garbage-first heap   total 256000K, used 195662K [0x0000000080000000, 0x0000000100000000)
  region size 1024K, 115 young (117760K), 2 survivors (2048K)
 Metaspace       used 94166K, committed 94848K, reserved 1130496K
  class space    used 12910K, committed 13248K, reserved 1048576K
}
Event: 23.212 GC heap after
{Heap after GC invocations=36 (full 0):
 garbage-first heap   total 256000K, used 92754K [0x0000000080000000, 0x0000000100000000)
  region size 1024K, 14 young (14336K), 14 survivors (14336K)
 Metaspace       used 94166K, committed 94848K, reserved 1130496K
  class space    used 12910K, committed 13248K, reserved 1048576K
}
Event: 25.952 GC heap before
{Heap before GC invocations=36 (full 0):
 garbage-first heap   total 256000K, used 195154K [0x0000000080000000, 0x0000000100000000)
  region size 1024K, 115 young (117760K), 14 survivors (14336K)
 Metaspace       used 95353K, committed 96000K, reserved 1138688K
  class space    used 13019K, committed 13312K, reserved 1048576K
}
Event: 26.002 GC heap after
{Heap after GC invocations=37 (full 0):
 garbage-first heap   total 256000K, used 101706K [0x0000000080000000, 0x0000000100000000)
  region size 1024K, 9 young (9216K), 9 survivors (9216K)
 Metaspace       used 95353K, committed 96000K, reserved 1138688K
  class space    used 13019K, committed 13312K, reserved 1048576K
}
Event: 28.169 GC heap before
{Heap before GC invocations=37 (full 0):
 garbage-first heap   total 256000K, used 201034K [0x0000000080000000, 0x0000000100000000)
  region size 1024K, 106 young (108544K), 9 survivors (9216K)
 Metaspace       used 97780K, committed 98496K, reserved 1138688K
  class space    used 13276K, committed 13632K, reserved 1048576K
}
Event: 28.195 GC heap after
{Heap after GC invocations=38 (full 0):
 garbage-first heap   total 256000K, used 110466K [0x0000000080000000, 0x0000000100000000)
  region size 1024K, 9 young (9216K), 9 survivors (9216K)
 Metaspace       used 97780K, committed 98496K, reserved 1138688K
  class space    used 13276K, committed 13632K, reserved 1048576K
}
Event: 29.401 GC heap before
{Heap before GC invocations=38 (full 0):
 garbage-first heap   total 256000K, used 183170K [0x0000000080000000, 0x0000000100000000)
  region size 1024K, 51 young (52224K), 9 survivors (9216K)
 Metaspace       used 101273K, committed 101952K, reserved 1138688K
  class space    used 13765K, committed 14080K, reserved 1048576K
}
Event: 29.430 GC heap after
{Heap after GC invocations=39 (full 0):
 garbage-first heap   total 256000K, used 142987K [0x0000000080000000, 0x0000000100000000)
  region size 1024K, 10 young (10240K), 10 survivors (10240K)
 Metaspace       used 101273K, committed 101952K, reserved 1138688K
  class space    used 13765K, committed 14080K, reserved 1048576K
}
Event: 32.516 GC heap before
{Heap before GC invocations=40 (full 0):
 garbage-first heap   total 276480K, used 217739K [0x0000000080000000, 0x0000000100000000)
  region size 1024K, 71 young (72704K), 10 survivors (10240K)
 Metaspace       used 102573K, committed 103296K, reserved 1138688K
  class space    used 13986K, committed 14336K, reserved 1048576K
}
Event: 32.587 GC heap after
{Heap after GC invocations=41 (full 0):
 garbage-first heap   total 276480K, used 167745K [0x0000000080000000, 0x0000000100000000)
  region size 1024K, 9 young (9216K), 9 survivors (9216K)
 Metaspace       used 102573K, committed 103296K, reserved 1138688K
  class space    used 13986K, committed 14336K, reserved 1048576K
}
Event: 32.677 GC heap before
{Heap before GC invocations=41 (full 0):
 garbage-first heap   total 276480K, used 171841K [0x0000000080000000, 0x0000000100000000)
  region size 1024K, 13 young (13312K), 9 survivors (9216K)
 Metaspace       used 103632K, committed 104320K, reserved 1146880K
  class space    used 14270K, committed 14592K, reserved 1048576K
}
Event: 32.705 GC heap after
{Heap after GC invocations=42 (full 0):
 garbage-first heap   total 276480K, used 169352K [0x0000000080000000, 0x0000000100000000)
  region size 1024K, 2 young (2048K), 2 survivors (2048K)
 Metaspace       used 103632K, committed 104320K, reserved 1146880K
  class space    used 14270K, committed 14592K, reserved 1048576K
}
Event: 33.531 GC heap before
{Heap before GC invocations=42 (full 0):
 garbage-first heap   total 276480K, used 218504K [0x0000000080000000, 0x0000000100000000)
  region size 1024K, 50 young (51200K), 2 survivors (2048K)
 Metaspace       used 104929K, committed 105600K, reserved 1146880K
  class space    used 14423K, committed 14720K, reserved 1048576K
}
Event: 33.565 GC heap after
{Heap after GC invocations=43 (full 0):
 garbage-first heap   total 276480K, used 187377K [0x0000000080000000, 0x0000000100000000)
  region size 1024K, 7 young (7168K), 7 survivors (7168K)
 Metaspace       used 104929K, committed 105600K, reserved 1146880K
  class space    used 14423K, committed 14720K, reserved 1048576K
}
Event: 33.956 GC heap before
{Heap before GC invocations=43 (full 0):
 garbage-first heap   total 276480K, used 221169K [0x0000000080000000, 0x0000000100000000)
  region size 1024K, 40 young (40960K), 7 survivors (7168K)
 Metaspace       used 104999K, committed 105664K, reserved 1146880K
  class space    used 14433K, committed 14720K, reserved 1048576K
}

Dll operation events (2 events):
Event: 0.023 Loaded shared library C:\Program Files\Android\Android Studio\jbr\bin\java.dll
Event: 0.685 Loaded shared library C:\Program Files\Android\Android Studio\jbr\bin\verify.dll

Deoptimization events (20 events):
Event: 33.106 Thread 0x000002019ef584a0 DEOPT PACKING pc=0x000002018d49ca34 sp=0x0000004bcc9fcfa0
Event: 33.106 Thread 0x000002019ef584a0 DEOPT UNPACKING pc=0x000002018c8969a3 sp=0x0000004bcc9fcf40 mode 2
Event: 33.267 Thread 0x000002019ef57b00 Uncommon trap: trap_request=0xffffff45 fr.pc=0x000002018d4ad3a0 relative=0x0000000000004b20
Event: 33.267 Thread 0x000002019ef57b00 Uncommon trap: reason=unstable_if action=reinterpret pc=0x000002018d4ad3a0 method=com.android.tools.r8.dex.code.O.a(IILcom/android/tools/r8/dex/code/a;Lcom/android/tools/r8/graph/f5;)Lcom/android/tools/r8/dex/code/B1; @ 1 c2
Event: 33.268 Thread 0x000002019ef57b00 DEOPT PACKING pc=0x000002018d4ad3a0 sp=0x0000004bcd2fedd0
Event: 33.268 Thread 0x000002019ef57b00 DEOPT UNPACKING pc=0x000002018c8969a3 sp=0x0000004bcd2fedd0 mode 2
Event: 33.394 Thread 0x000002019d18e5c0 DEOPT PACKING pc=0x00000201865cc897 sp=0x0000004bc7cfe660
Event: 33.394 Thread 0x000002019d18e5c0 DEOPT UNPACKING pc=0x000002018c897143 sp=0x0000004bc7cfdb28 mode 0
Event: 33.856 Thread 0x000002019ef584a0 DEOPT PACKING pc=0x00000201869acebd sp=0x0000004bcc9fceb0
Event: 33.856 Thread 0x000002019ef584a0 DEOPT UNPACKING pc=0x000002018c897143 sp=0x0000004bcc9fc3e8 mode 0
Event: 33.860 Thread 0x000002019ef584a0 DEOPT PACKING pc=0x0000020185b6a051 sp=0x0000004bcc9fd4a0
Event: 33.860 Thread 0x000002019ef584a0 DEOPT UNPACKING pc=0x000002018c897143 sp=0x0000004bcc9fc998 mode 0
Event: 33.877 Thread 0x00000201a3d99f70 DEOPT PACKING pc=0x0000020186903c64 sp=0x0000004bcd3feb20
Event: 33.877 Thread 0x00000201a3d99f70 DEOPT UNPACKING pc=0x000002018c897143 sp=0x0000004bcd3fe038 mode 0
Event: 33.915 Thread 0x000002019ef57630 DEOPT PACKING pc=0x0000020186903c64 sp=0x0000004bcd1fe9c0
Event: 33.915 Thread 0x000002019ef57630 DEOPT UNPACKING pc=0x000002018c897143 sp=0x0000004bcd1fded8 mode 0
Event: 33.916 Thread 0x000002019ef57630 Uncommon trap: trap_request=0xffffff76 fr.pc=0x000002018d4a4d3c relative=0x000000000000019c
Event: 33.916 Thread 0x000002019ef57630 Uncommon trap: reason=predicate action=maybe_recompile pc=0x000002018d4a4d3c method=java.util.LinkedHashMap.keysToArray([Ljava/lang/Object;)[Ljava/lang/Object; @ 12 c2
Event: 33.916 Thread 0x000002019ef57630 DEOPT PACKING pc=0x000002018d4a4d3c sp=0x0000004bcd1fd630
Event: 33.916 Thread 0x000002019ef57630 DEOPT UNPACKING pc=0x000002018c8969a3 sp=0x0000004bcd1fd5e8 mode 2

Classes unloaded (3 events):
Event: 29.809 Thread 0x000002019b3dabd0 Unloading class 0x0000000100d0cc00 'java/lang/invoke/LambdaForm$DMH+0x0000000100d0cc00'
Event: 29.809 Thread 0x000002019b3dabd0 Unloading class 0x0000000100d0c800 'java/lang/invoke/LambdaForm$DMH+0x0000000100d0c800'
Event: 29.809 Thread 0x000002019b3dabd0 Unloading class 0x0000000100d0c400 'java/lang/invoke/LambdaForm$DMH+0x0000000100d0c400'

Classes redefined (0 events):
No events

Internal exceptions (20 events):
Event: 26.831 Thread 0x000002019ef55e20 Exception <a 'java/lang/NoSuchMethodError'{0x000000008d5c9a60}: static [Ljava/lang/Object;.<clinit>()V> (0x000000008d5c9a60) 
thrown [s\src\hotspot\share\prims\jni.cpp, line 1108]
Event: 26.833 Thread 0x000002019ef55e20 Exception <a 'java/lang/NoSuchMethodError'{0x000000008d5da5e8}: static Ljava/lang/Object;.<clinit>()V> (0x000000008d5da5e8) 
thrown [s\src\hotspot\share\prims\jni.cpp, line 1108]
Event: 26.836 Thread 0x000002019ef55e20 Exception <a 'java/lang/NoSuchMethodError'{0x000000008d5f8730}: static Lcom/android/build/api/variant/impl/SerializableApplicationMultiOutputHandler;.<clinit>()V> (0x000000008d5f8730) 
thrown [s\src\hotspot\share\prims\jni.cpp, line 1108]
Event: 26.838 Thread 0x000002019ef55e20 Exception <a 'java/lang/NoSuchMethodError'{0x000000008d40e4b8}: static Lcom/android/build/api/variant/impl/VariantOutputImpl$SerializedForm;.<clinit>()V> (0x000000008d40e4b8) 
thrown [s\src\hotspot\share\prims\jni.cpp, line 1108]
Event: 26.839 Thread 0x000002019ef55e20 Exception <a 'java/lang/NoSuchMethodError'{0x000000008d422168}: static Lcom/android/build/api/variant/impl/VariantOutputConfigurationImpl;.<clinit>()V> (0x000000008d422168) 
thrown [s\src\hotspot\share\prims\jni.cpp, line 1108]
Event: 26.886 Thread 0x000002019ef5be60 Exception <a 'sun/nio/fs/WindowsException'{0x00000000911d63f0}> (0x00000000911d63f0) 
thrown [s\src\hotspot\share\prims\jni.cpp, line 517]
Event: 26.893 Thread 0x000002019ef5be60 Exception <a 'java/lang/NoSuchMethodError'{0x000000008d4de7e0}: 'int java.lang.invoke.DirectMethodHandle$Holder.invokeSpecial(java.lang.Object, java.lang.Object, java.lang.Object, java.lang.Object, java.lang.Object)'> (0x000000008d4de7e0) 
thrown [s\src\hotspot\share\interpreter\linkResolver.cpp, line 771]
Event: 27.884 Thread 0x000002019ef584a0 Exception <a 'java/lang/NoSuchMethodError'{0x000000008a7b1e98}: 'void java.lang.invoke.DirectMethodHandle$Holder.invokeStatic(java.lang.Object, long)'> (0x000000008a7b1e98) 
thrown [s\src\hotspot\share\interpreter\linkResolver.cpp, line 771]
Event: 27.885 Thread 0x000002019ef584a0 Exception <a 'java/lang/NoSuchMethodError'{0x000000008a67ef30}: 'java.lang.Object java.lang.invoke.DirectMethodHandle$Holder.newInvokeSpecial(java.lang.Object, long)'> (0x000000008a67ef30) 
thrown [s\src\hotspot\share\interpreter\linkResolver.cpp, line 771]
Event: 27.887 Thread 0x000002019ef584a0 Exception <a 'java/lang/NoSuchMethodError'{0x000000008a685bf0}: 'java.lang.Object java.lang.invoke.DirectMethodHandle$Holder.invokeStatic(java.lang.Object, java.lang.Object, long, java.lang.Object)'> (0x000000008a685bf0) 
thrown [s\src\hotspot\share\interpreter\linkResolver.cpp, line 771]
Event: 27.887 Thread 0x000002019ef584a0 Exception <a 'java/lang/NoSuchMethodError'{0x000000008a6ad1e8}: 'java.lang.Object java.lang.invoke.DirectMethodHandle$Holder.invokeStaticInit(java.lang.Object, java.lang.Object, long, java.lang.Object)'> (0x000000008a6ad1e8) 
thrown [s\src\hotspot\share\interpreter\linkResolver.cpp, line 771]
Event: 28.261 Thread 0x000002019ef5a650 Exception <a 'sun/nio/fs/WindowsException'{0x000000009133eeb8}> (0x000000009133eeb8) 
thrown [s\src\hotspot\share\prims\jni.cpp, line 517]
Event: 28.526 Thread 0x000002019ef5a650 Exception <a 'sun/nio/fs/WindowsException'{0x000000008f09a7a0}> (0x000000008f09a7a0) 
thrown [s\src\hotspot\share\prims\jni.cpp, line 517]
Event: 28.718 Thread 0x000002019ef584a0 Exception <a 'java/lang/NoSuchMethodError'{0x000000008e4b5b70}: 'int java.lang.invoke.DirectMethodHandle$Holder.invokeSpecialIFC(java.lang.Object, java.lang.Object, java.lang.Object)'> (0x000000008e4b5b70) 
thrown [s\src\hotspot\share\interpreter\linkResolver.cpp, line 771]
Event: 28.793 Thread 0x000002019ef562f0 Exception <a 'sun/nio/fs/WindowsException'{0x000000008e339e18}> (0x000000008e339e18) 
thrown [s\src\hotspot\share\prims\jni.cpp, line 517]
Event: 29.359 Thread 0x000002019ef562f0 Exception <a 'java/lang/NoSuchMethodError'{0x000000008dbfb420}: 'java.lang.Object java.lang.invoke.DirectMethodHandle$Holder.invokeStaticInit(java.lang.Object, java.lang.Object, java.lang.Object, java.lang.Object, java.lang.Object, java.lang.Object, java.lang.Object, java.lang.Object, java.lang.Object, java.lang.Object, java.lang.Object, java.lang.Object, java.lang.Object, java.lang.Object, java.lang.Object, java.lang.Object, java.lang.Object, java.lang.Object, java.lang.Object, java.lang.Object, int, java
Event: 30.542 Thread 0x000002019ef56c90 Exception <a 'java/lang/IncompatibleClassChangeError'{0x000000008d4bc0b0}: Found class java.lang.Object, but interface was expected> (0x000000008d4bc0b0) 
thrown [s\src\hotspot\share\interpreter\linkResolver.cpp, line 838]
Event: 31.845 Thread 0x000002019ef57630 Exception <a 'java/lang/IncompatibleClassChangeError'{0x000000008d2852e8}: Found class java.lang.Object, but interface was expected> (0x000000008d2852e8) 
thrown [s\src\hotspot\share\interpreter\linkResolver.cpp, line 838]
Event: 31.845 Thread 0x000002019ef56c90 Exception <a 'java/lang/NoSuchMethodError'{0x000000008d27ffa8}: 'long java.lang.invoke.DirectMethodHandle$Holder.invokeStatic(java.lang.Object, java.lang.Object, java.lang.Object)'> (0x000000008d27ffa8) 
thrown [s\src\hotspot\share\interpreter\linkResolver.cpp, line 771]
Event: 32.083 Thread 0x000002019ef57630 Exception <a 'java/lang/IncompatibleClassChangeError'{0x000000008d29ea08}: Found class java.lang.Object, but interface was expected> (0x000000008d29ea08) 
thrown [s\src\hotspot\share\interpreter\linkResolver.cpp, line 838]

VM Operations (20 events):
Event: 29.456 Executing VM operation: G1TryInitiateConcMark done
Event: 29.809 Executing VM operation: G1Concurrent
Event: 29.826 Executing VM operation: G1Concurrent done
Event: 30.014 Executing VM operation: G1Concurrent
Event: 30.027 Executing VM operation: G1Concurrent done
Event: 31.039 Executing VM operation: Cleanup
Event: 31.039 Executing VM operation: Cleanup done
Event: 32.039 Executing VM operation: Cleanup
Event: 32.039 Executing VM operation: Cleanup done
Event: 32.515 Executing VM operation: G1CollectForAllocation
Event: 32.589 Executing VM operation: G1CollectForAllocation done
Event: 32.677 Executing VM operation: G1CollectForAllocation
Event: 32.706 Executing VM operation: G1CollectForAllocation done
Event: 32.981 Executing VM operation: HandshakeAllThreads
Event: 32.981 Executing VM operation: HandshakeAllThreads done
Event: 33.531 Executing VM operation: G1CollectForAllocation
Event: 33.572 Executing VM operation: G1CollectForAllocation done
Event: 33.851 Executing VM operation: HandshakeAllThreads
Event: 33.896 Executing VM operation: HandshakeAllThreads done
Event: 33.955 Executing VM operation: G1CollectForAllocation

Events (20 events):
Event: 31.118 loading class java/lang/reflect/GenericSignatureFormatError
Event: 31.118 loading class java/lang/reflect/GenericSignatureFormatError done
Event: 31.841 Thread 0x000002019fb946c0 Thread exited: 0x000002019fb946c0
Event: 32.512 loading class java/nio/file/FileChannelLinesSpliterator
Event: 32.513 loading class java/nio/file/FileChannelLinesSpliterator done
Event: 32.594 loading class java/util/stream/Streams$1
Event: 32.594 loading class java/util/stream/Streams$1 done
Event: 32.637 loading class java/nio/file/FileChannelLinesSpliterator$1
Event: 32.637 loading class java/nio/file/FileChannelLinesSpliterator$1 done
Event: 32.716 loading class java/nio/ShortBuffer
Event: 32.717 loading class java/nio/ShortBuffer done
Event: 32.717 loading class java/nio/HeapShortBuffer
Event: 32.717 loading class java/nio/HeapShortBuffer done
Event: 32.722 Thread 0x00000201a67df380 Thread added: 0x00000201a67df380
Event: 32.886 loading class java/util/AbstractList$RandomAccessSubList
Event: 32.886 loading class java/util/AbstractList$SubList
Event: 32.886 loading class java/util/AbstractList$SubList done
Event: 32.887 loading class java/util/AbstractList$RandomAccessSubList done
Event: 32.888 loading class java/util/AbstractList$SubList$1
Event: 32.888 loading class java/util/AbstractList$SubList$1 done


Dynamic libraries:
0x00007ff7e9df0000 - 0x00007ff7e9dfa000 	C:\Program Files\Android\Android Studio\jbr\bin\java.exe
0x00007fff659b0000 - 0x00007fff65ba7000 	C:\Windows\SYSTEM32\ntdll.dll
0x00007fff649f0000 - 0x00007fff64aad000 	C:\Windows\System32\KERNEL32.DLL
0x00007fff633a0000 - 0x00007fff63696000 	C:\Windows\System32\KERNELBASE.dll
0x00007fff638a0000 - 0x00007fff639a0000 	C:\Windows\System32\ucrtbase.dll
0x00007fff5abe0000 - 0x00007fff5abf7000 	C:\Program Files\Android\Android Studio\jbr\bin\jli.dll
0x00007fff5da60000 - 0x00007fff5da7b000 	C:\Program Files\Android\Android Studio\jbr\bin\VCRUNTIME140.dll
0x00007fff651d0000 - 0x00007fff6536e000 	C:\Windows\System32\USER32.dll
0x00007fff630e0000 - 0x00007fff63102000 	C:\Windows\System32\win32u.dll
0x00007fff50e40000 - 0x00007fff510da000 	C:\Windows\WinSxS\amd64_microsoft.windows.common-controls_6595b64144ccf1df_6.0.19041.3570_none_60bb2a3971f3e41a\COMCTL32.dll
0x00007fff658e0000 - 0x00007fff6590c000 	C:\Windows\System32\GDI32.dll
0x00007fff64f00000 - 0x00007fff64f9e000 	C:\Windows\System32\msvcrt.dll
0x00007fff63750000 - 0x00007fff6386a000 	C:\Windows\System32\gdi32full.dll
0x00007fff63110000 - 0x00007fff631ad000 	C:\Windows\System32\msvcp_win.dll
0x00007fff658b0000 - 0x00007fff658e0000 	C:\Windows\System32\IMM32.DLL
0x00007fff5da50000 - 0x00007fff5da5c000 	C:\Program Files\Android\Android Studio\jbr\bin\vcruntime140_1.dll
0x00007fff48110000 - 0x00007fff4819d000 	C:\Program Files\Android\Android Studio\jbr\bin\msvcp140.dll
0x00007fff2d890000 - 0x00007fff2e4fe000 	C:\Program Files\Android\Android Studio\jbr\bin\server\jvm.dll
0x00007fff656e0000 - 0x00007fff6578e000 	C:\Windows\System32\ADVAPI32.dll
0x00007fff65000000 - 0x00007fff6509c000 	C:\Windows\System32\sechost.dll
0x00007fff63a10000 - 0x00007fff63b36000 	C:\Windows\System32\RPCRT4.dll
0x00007fff5c730000 - 0x00007fff5c739000 	C:\Windows\SYSTEM32\WSOCK32.dll
0x00007fff55a20000 - 0x00007fff55a47000 	C:\Windows\SYSTEM32\WINMM.dll
0x00007fff55ec0000 - 0x00007fff55eca000 	C:\Windows\SYSTEM32\VERSION.dll
0x00007fff650a0000 - 0x00007fff6510b000 	C:\Windows\System32\WS2_32.dll
0x00007fff61110000 - 0x00007fff61122000 	C:\Windows\SYSTEM32\kernel.appcore.dll
0x00007fff5f8f0000 - 0x00007fff5f8fa000 	C:\Program Files\Android\Android Studio\jbr\bin\jimage.dll
0x00007fff4d1d0000 - 0x00007fff4d3b4000 	C:\Windows\SYSTEM32\DBGHELP.DLL
0x00007fff4da50000 - 0x00007fff4da84000 	C:\Windows\SYSTEM32\dbgcore.DLL
0x00007fff63310000 - 0x00007fff63392000 	C:\Windows\System32\bcryptPrimitives.dll
0x00007fff5e860000 - 0x00007fff5e885000 	C:\Program Files\Android\Android Studio\jbr\bin\java.dll
0x00007fff5eca0000 - 0x00007fff5ecb8000 	C:\Program Files\Android\Android Studio\jbr\bin\zip.dll
0x00007fff63cc0000 - 0x00007fff64404000 	C:\Windows\System32\SHELL32.dll
0x00007fff61130000 - 0x00007fff618cb000 	C:\Windows\SYSTEM32\windows.storage.dll
0x00007fff65370000 - 0x00007fff656c4000 	C:\Windows\System32\combase.dll
0x00007fff62a60000 - 0x00007fff62a8d000 	C:\Windows\SYSTEM32\Wldp.dll
0x00007fff64bf0000 - 0x00007fff64c9d000 	C:\Windows\System32\SHCORE.dll
0x00007fff65110000 - 0x00007fff65165000 	C:\Windows\System32\shlwapi.dll
0x00007fff62fc0000 - 0x00007fff62fe5000 	C:\Windows\SYSTEM32\profapi.dll
0x00007fff5d9b0000 - 0x00007fff5d9c9000 	C:\Program Files\Android\Android Studio\jbr\bin\net.dll
0x00007fff57050000 - 0x00007fff5715a000 	C:\Windows\SYSTEM32\WINHTTP.dll
0x00007fff62760000 - 0x00007fff627ca000 	C:\Windows\system32\mswsock.dll
0x00007fff5d990000 - 0x00007fff5d9a6000 	C:\Program Files\Android\Android Studio\jbr\bin\nio.dll
0x00007fff5f8e0000 - 0x00007fff5f8f0000 	C:\Program Files\Android\Android Studio\jbr\bin\verify.dll
0x00007fff52690000 - 0x00007fff526b7000 	C:\Users\refrizar.dwiardito\.jdks\openjdk-21\native\68d5fa5c4cc2d200863cafc0d521ce42e7d3e7ee720ec0a83991735586a16f82\windows-amd64\native-platform.dll
0x00007fff336c0000 - 0x00007fff33804000 	C:\Users\refrizar.dwiardito\.jdks\openjdk-21\native\e376f236ea51e6404a007f0833ffe2c6e607c4080706a723a18a27aeea778392\windows-amd64\native-platform-file-events.dll
0x00007fff5dad0000 - 0x00007fff5dad9000 	C:\Program Files\Android\Android Studio\jbr\bin\management.dll
0x00007fff5c6b0000 - 0x00007fff5c6bb000 	C:\Program Files\Android\Android Studio\jbr\bin\management_ext.dll
0x00007fff656d0000 - 0x00007fff656d8000 	C:\Windows\System32\PSAPI.DLL
0x00007fff629b0000 - 0x00007fff629c8000 	C:\Windows\SYSTEM32\CRYPTSP.dll
0x00007fff62070000 - 0x00007fff620a4000 	C:\Windows\system32\rsaenh.dll
0x00007fff63870000 - 0x00007fff63897000 	C:\Windows\System32\bcrypt.dll
0x00007fff62f40000 - 0x00007fff62f6e000 	C:\Windows\SYSTEM32\USERENV.dll
0x00007fff629d0000 - 0x00007fff629dc000 	C:\Windows\SYSTEM32\CRYPTBASE.dll
0x00007fff62450000 - 0x00007fff6248b000 	C:\Windows\SYSTEM32\IPHLPAPI.DLL
0x00007fff63cb0000 - 0x00007fff63cb8000 	C:\Windows\System32\NSI.dll
0x00007fff577b0000 - 0x00007fff577c7000 	C:\Windows\SYSTEM32\dhcpcsvc6.DLL
0x00007fff57790000 - 0x00007fff577ad000 	C:\Windows\SYSTEM32\dhcpcsvc.DLL
0x00007fff62490000 - 0x00007fff6255a000 	C:\Windows\SYSTEM32\DNSAPI.dll
0x00007fff5c120000 - 0x00007fff5c127000 	C:\Windows\system32\wshunix.dll
0x00007fff553e0000 - 0x00007fff553f7000 	C:\Windows\system32\napinsp.dll
0x00007fff552d0000 - 0x00007fff552eb000 	C:\Windows\system32\pnrpnsp.dll
0x00007fff5dba0000 - 0x00007fff5dbb5000 	C:\Windows\system32\wshbth.dll
0x00007fff5d9e0000 - 0x00007fff5d9fd000 	C:\Windows\system32\NLAapi.dll
0x00007fff52b30000 - 0x00007fff52b42000 	C:\Windows\System32\winrnr.dll
0x00007fff5a500000 - 0x00007fff5a50a000 	C:\Windows\System32\rasadhlp.dll
0x00007fff55fb0000 - 0x00007fff56032000 	C:\Windows\System32\fwpuclnt.dll

dbghelp: loaded successfully - version: 4.0.5 - missing functions: none
symbol engine: initialized successfully - sym options: 0x614 - pdb path: .;C:\Program Files\Android\Android Studio\jbr\bin;C:\Windows\SYSTEM32;C:\Windows\WinSxS\amd64_microsoft.windows.common-controls_6595b64144ccf1df_6.0.19041.3570_none_60bb2a3971f3e41a;C:\Program Files\Android\Android Studio\jbr\bin\server;C:\Users\refrizar.dwiardito\.jdks\openjdk-21\native\68d5fa5c4cc2d200863cafc0d521ce42e7d3e7ee720ec0a83991735586a16f82\windows-amd64;C:\Users\refrizar.dwiardito\.jdks\openjdk-21\native\e376f236ea51e6404a007f0833ffe2c6e607c4080706a723a18a27aeea778392\windows-amd64

VM Arguments:
jvm_args: --add-opens=java.base/java.util=ALL-UNNAMED --add-opens=java.base/java.lang=ALL-UNNAMED --add-opens=java.base/java.lang.invoke=ALL-UNNAMED --add-opens=java.prefs/java.util.prefs=ALL-UNNAMED --add-opens=java.base/java.nio.charset=ALL-UNNAMED --add-opens=java.base/java.net=ALL-UNNAMED --add-opens=java.base/java.util.concurrent.atomic=ALL-UNNAMED -Xmx2048m -Dfile.encoding=UTF-8 -Duser.country=US -Duser.language=en -Duser.variant 
java_command: org.gradle.launcher.daemon.bootstrap.GradleDaemon 8.0
java_class_path (initial): C:\Users\refrizar.dwiardito\.jdks\openjdk-21\wrapper\dists\gradle-8.0-all\a2o1xoguejy6msdh0lk99lxza\gradle-8.0\lib\gradle-launcher-8.0.jar
Launcher Type: SUN_STANDARD

[Global flags]
     intx CICompilerCount                          = 3                                         {product} {ergonomic}
     uint ConcGCThreads                            = 1                                         {product} {ergonomic}
     uint G1ConcRefinementThreads                  = 4                                         {product} {ergonomic}
   size_t G1HeapRegionSize                         = 1048576                                   {product} {ergonomic}
    uintx GCDrainStackTargetSize                   = 64                                        {product} {ergonomic}
   size_t InitialHeapSize                          = 134217728                                 {product} {ergonomic}
   size_t MarkStackSize                            = 4194304                                   {product} {ergonomic}
   size_t MaxHeapSize                              = 2147483648                                {product} {command line}
   size_t MaxNewSize                               = 1287651328                                {product} {ergonomic}
   size_t MinHeapDeltaBytes                        = 1048576                                   {product} {ergonomic}
   size_t MinHeapSize                              = 8388608                                   {product} {ergonomic}
    uintx NonNMethodCodeHeapSize                   = 5832780                                {pd product} {ergonomic}
    uintx NonProfiledCodeHeapSize                  = 122912730                              {pd product} {ergonomic}
    uintx ProfiledCodeHeapSize                     = 122912730                              {pd product} {ergonomic}
    uintx ReservedCodeCacheSize                    = 251658240                              {pd product} {ergonomic}
     bool SegmentedCodeCache                       = true                                      {product} {ergonomic}
   size_t SoftMaxHeapSize                          = 2147483648                             {manageable} {ergonomic}
     bool UseCompressedClassPointers               = true                           {product lp64_product} {ergonomic}
     bool UseCompressedOops                        = true                           {product lp64_product} {ergonomic}
     bool UseG1GC                                  = true                                      {product} {ergonomic}
     bool UseLargePagesIndividualAllocation        = false                                  {pd product} {ergonomic}

Logging:
Log output configuration:
 #0: stdout all=warning uptime,level,tags
 #1: stderr all=off uptime,level,tags

Environment Variables:
JAVA_HOME=C:\Users\refrizar.dwiardito\.jdks\openjdk-21
PATH=C:\Program Files\Common Files\Oracle\Java\javapath;C:\Windows\system32;C:\Windows;C:\Windows\System32\Wbem;C:\Windows\System32\WindowsPowerShell\v1.0\;C:\Windows\System32\OpenSSH\;C:\Program Files\mingw-w64\x86_64-8.1.0-posix-seh-rt_v6-rev0\mingw64\bin;C:\Users\refrizar.dwiardito\AppData\Local\Programs\Python\Python310\Scripts;C:\Users\refrizar.dwiardito\.jdks\openjdk-21\bin;C:\Program Files\PuTTY\;C:\Program Files\gradle-8.3\bin;C:\Program Files\Git\cmd;C:\Users\refrizar.dwiardito\AppData\Local\Programs\Python\Python310\Scripts\;C:\Users\refrizar.dwiardito\AppData\Local\Programs\Python\Python310\;C:\Users\refrizar.dwiardito\AppData\Local\Microsoft\WindowsApps;;C:\Users\refrizar.dwiardito\AppData\Local\Programs\Microsoft VS Code\bin
USERNAME=refrizar.dwiardito
OS=Windows_NT
PROCESSOR_IDENTIFIER=Intel64 Family 6 Model 61 Stepping 4, GenuineIntel
TMP=C:\Users\REFRIZ~1.DWI\AppData\Local\Temp
TEMP=C:\Users\REFRIZ~1.DWI\AppData\Local\Temp


JNI global refs:
JNI global refs: 26, weak refs: 42

JNI global refs memory usage: 843, weak refs: 841


---------------  S Y S T E M  ---------------

OS:
 Windows 10 , 64 bit Build 19041 (10.0.19041.3570)
OS uptime: 0 days 0:57 hours

CPU: total 4 (initial active 4) (2 cores per cpu, 2 threads per core) family 6 model 61 stepping 4 microcode 0x2f, cx8, cmov, fxsr, ht, mmx, 3dnowpref, sse, sse2, sse3, ssse3, sse4.1, sse4.2, popcnt, lzcnt, tsc, tscinvbit, avx, avx2, aes, erms, clmul, bmi1, bmi2, adx, fma, vzeroupper, clflush

Memory: 4k page, system-wide physical 8083M (465M free)
TotalPageFile size 8083M (AvailPageFile size 60M)
current process WorkingSet (physical memory assigned to process): 589M, peak: 589M
current process commit charge ("private bytes"): 626M, peak: 1013M

vm_info: OpenJDK 64-Bit Server VM (17.0.6+0-b2043.56-10027231) for windows-amd64 JRE (17.0.6+0-b2043.56-10027231), built on Apr 28 2023 00:43:19 by "androidbuild" with MS VC++ 16.10 / 16.11 (VS2019)

END.
