#
# There is insufficient memory for the Java Runtime Environment to continue.
# Native memory allocation (mmap) failed to map 97517568 bytes for G1 virtual space
# Possible reasons:
#   The system is out of physical RAM or swap space
#   The process is running with CompressedOops enabled, and the Java Heap may be blocking the growth of the native heap
# Possible solutions:
#   Reduce memory load on the system
#   Increase physical memory or swap space
#   Check if swap backing store is full
#   Decrease Java heap size (-Xmx/-Xms)
#   Decrease number of Java threads
#   Decrease Java thread stack sizes (-Xss)
#   Set larger code cache with -XX:ReservedCodeCacheSize=
#   JVM is running with Unscaled Compressed Oops mode in which the Java heap is
#     placed in the first 4GB address space. The Java Heap base address is the
#     maximum limit for the native heap growth. Please use -XX:HeapBaseMinAddress
#     to set the Java Heap base and to place the Java Heap above 4GB virtual address.
# This output file may be truncated or incomplete.
#
#  Out of Memory Error (os_windows.cpp:3769), pid=9412, tid=9316
#
# JRE version: OpenJDK Runtime Environment (17.0.6) (build 17.0.6+0-b2043.56-10027231)
# Java VM: OpenJDK 64-Bit Server VM (17.0.6+0-b2043.56-10027231, mixed mode, tiered, compressed oops, compressed class ptrs, g1 gc, windows-amd64)
# No core dump will be written. Minidumps are not enabled by default on client versions of Windows
#

---------------  S U M M A R Y ------------

Command Line: --add-opens=java.base/java.util=ALL-UNNAMED --add-opens=java.base/java.lang=ALL-UNNAMED --add-opens=java.base/java.lang.invoke=ALL-UNNAMED --add-opens=java.prefs/java.util.prefs=ALL-UNNAMED --add-opens=java.base/java.nio.charset=ALL-UNNAMED --add-opens=java.base/java.net=ALL-UNNAMED --add-opens=java.base/java.util.concurrent.atomic=ALL-UNNAMED -Xmx2048m -Dfile.encoding=UTF-8 -Duser.country=US -Duser.language=en -Duser.variant org.gradle.launcher.daemon.bootstrap.GradleDaemon 8.0

Host: Intel(R) Core(TM) i5-5200U CPU @ 2.20GHz, 4 cores, 7G,  Windows 10 , 64 bit Build 19041 (10.0.19041.3570)
Time: Sun Oct 15 09:19:38 2023 SE Asia Standard Time elapsed time: 24.893267 seconds (0d 0h 0m 24s)

---------------  T H R E A D  ---------------

Current thread (0x000001f8711465f0):  VMThread "VM Thread" [stack: 0x0000006400300000,0x0000006400400000] [id=9316]

Stack: [0x0000006400300000,0x0000006400400000]
Native frames: (J=compiled Java code, j=interpreted, Vv=VM code, C=native code)
V  [jvm.dll+0x683c9a]
V  [jvm.dll+0x8427a4]
V  [jvm.dll+0x843f9e]
V  [jvm.dll+0x844603]
V  [jvm.dll+0x249b75]
V  [jvm.dll+0x680b69]
V  [jvm.dll+0x67505a]
V  [jvm.dll+0x309acb]
V  [jvm.dll+0x310f86]
V  [jvm.dll+0x3608ee]
V  [jvm.dll+0x360b1f]
V  [jvm.dll+0x2dfbf8]
V  [jvm.dll+0x2ddec4]
V  [jvm.dll+0x2dd4cc]
V  [jvm.dll+0x321f3b]
V  [jvm.dll+0x848ccb]
V  [jvm.dll+0x849a04]
V  [jvm.dll+0x849f1d]
V  [jvm.dll+0x84a2f4]
V  [jvm.dll+0x84a3c0]
V  [jvm.dll+0x7f274a]
V  [jvm.dll+0x682ad5]
C  [ucrtbase.dll+0x21bb2]
C  [KERNEL32.DLL+0x17344]
C  [ntdll.dll+0x526b1]

VM_Operation (0x0000006404afad80): G1CollectForAllocation, mode: safepoint, requested by thread 0x000001f8771741d0


---------------  P R O C E S S  ---------------

Threads class SMR info:
_java_thread_list=0x000001f8749d24d0, length=90, elements={
0x000001f857b98de0, 0x000001f87114e890, 0x000001f87114f890, 0x000001f87119c3c0,
0x000001f87119dc90, 0x000001f87119e550, 0x000001f871c0cf60, 0x000001f871c13cd0,
0x000001f871c145d0, 0x000001f871c172e0, 0x000001f871c0ddd0, 0x000001f871c0d430,
0x000001f871c0fab0, 0x000001f871c0e2a0, 0x000001f871c0e770, 0x000001f871c0ec40,
0x000001f871c0c0f0, 0x000001f871c0f110, 0x000001f871c0f5e0, 0x000001f871c0c5c0,
0x000001f871c0ca90, 0x000001f87348cee0, 0x000001f87348ebc0, 0x000001f87348dd50,
0x000001f87348f090, 0x000001f87348d3b0, 0x000001f87348b6d0, 0x000001f87348bba0,
0x000001f87348ca10, 0x000001f87348e220, 0x000001f87348e6f0, 0x000001f87348c070,
0x000001f87348c540, 0x000001f87348d880, 0x000001f8756fcb00, 0x000001f8756fc630,
0x000001f8756fcfd0, 0x000001f875700e60, 0x000001f8756fecb0, 0x000001f8756ffb20,
0x000001f875701cd0, 0x000001f8756ff180, 0x000001f8756fd4a0, 0x000001f8756fd970,
0x000001f8756fbc90, 0x000001f8757021a0, 0x000001f8756fc160, 0x000001f875702b40,
0x000001f8756fb2f0, 0x000001f875701330, 0x000001f8756fde40, 0x000001f8756fe310,
0x000001f8756ff650, 0x000001f8756ffff0, 0x000001f875700990, 0x000001f877172e90,
0x000001f877173360, 0x000001f877176380, 0x000001f877173830, 0x000001f877178060,
0x000001f877175040, 0x000001f877176850, 0x000001f877172020, 0x000001f877171b50,
0x000001f8771729c0, 0x000001f8771724f0, 0x000001f8771741d0, 0x000001f8771793a0,
0x000001f877173d00, 0x000001f877174b70, 0x000001f877175510, 0x000001f8771759e0,
0x000001f8771746a0, 0x000001f877178ed0, 0x000001f877175eb0, 0x000001f877176d20,
0x000001f877178a00, 0x000001f8771771f0, 0x000001f8771776c0, 0x000001f877177b90,
0x000001f8754c3510, 0x000001f87a422ce0, 0x000001f87a423b50, 0x000001f87a41fcc0,
0x000001f87a423680, 0x000001f87a41d640, 0x000001f87a421e70, 0x000001f87a424020,
0x000001f87a420b30, 0x000001f87a41e4b0
}

Java Threads: ( => current thread )
  0x000001f857b98de0 JavaThread "main" [_thread_blocked, id=5124, stack(0x000000647fd00000,0x000000647fe00000)]
  0x000001f87114e890 JavaThread "Reference Handler" daemon [_thread_blocked, id=7032, stack(0x0000006400400000,0x0000006400500000)]
  0x000001f87114f890 JavaThread "Finalizer" daemon [_thread_blocked, id=8212, stack(0x0000006400500000,0x0000006400600000)]
  0x000001f87119c3c0 JavaThread "Signal Dispatcher" daemon [_thread_blocked, id=6044, stack(0x0000006400600000,0x0000006400700000)]
  0x000001f87119dc90 JavaThread "Attach Listener" daemon [_thread_blocked, id=9376, stack(0x0000006400700000,0x0000006400800000)]
  0x000001f87119e550 JavaThread "Service Thread" daemon [_thread_blocked, id=9684, stack(0x0000006400800000,0x0000006400900000)]
  0x000001f871c0cf60 JavaThread "Monitor Deflation Thread" daemon [_thread_blocked, id=9484, stack(0x0000006400900000,0x0000006400a00000)]
  0x000001f871c13cd0 JavaThread "C2 CompilerThread0" daemon [_thread_blocked, id=2184, stack(0x0000006400a00000,0x0000006400b00000)]
  0x000001f871c145d0 JavaThread "C1 CompilerThread0" daemon [_thread_blocked, id=7284, stack(0x0000006400b00000,0x0000006400c00000)]
  0x000001f871c172e0 JavaThread "Sweeper thread" daemon [_thread_blocked, id=5964, stack(0x0000006400c00000,0x0000006400d00000)]
  0x000001f871c0ddd0 JavaThread "Common-Cleaner" daemon [_thread_blocked, id=8164, stack(0x0000006400d00000,0x0000006400e00000)]
  0x000001f871c0d430 JavaThread "Notification Thread" daemon [_thread_blocked, id=3548, stack(0x0000006400e00000,0x0000006400f00000)]
  0x000001f871c0fab0 JavaThread "Daemon health stats" [_thread_blocked, id=8616, stack(0x0000006401400000,0x0000006401500000)]
  0x000001f871c0e2a0 JavaThread "Incoming local TCP Connector on port 50956" [_thread_in_native, id=528, stack(0x0000006401000000,0x0000006401100000)]
  0x000001f871c0e770 JavaThread "Daemon periodic checks" [_thread_blocked, id=7316, stack(0x0000006401500000,0x0000006401600000)]
  0x000001f871c0ec40 JavaThread "Daemon" [_thread_blocked, id=3000, stack(0x0000006401600000,0x0000006401700000)]
  0x000001f871c0c0f0 JavaThread "Handler for socket connection from /127.0.0.1:50956 to /127.0.0.1:50957" [_thread_in_native, id=7708, stack(0x0000006401700000,0x0000006401800000)]
  0x000001f871c0f110 JavaThread "Cancel handler" [_thread_blocked, id=2652, stack(0x0000006401800000,0x0000006401900000)]
  0x000001f871c0f5e0 JavaThread "Daemon worker" [_thread_blocked, id=4068, stack(0x0000006401900000,0x0000006401a00000)]
  0x000001f871c0c5c0 JavaThread "Asynchronous log dispatcher for DefaultDaemonConnection: socket connection from /127.0.0.1:50956 to /127.0.0.1:50957" [_thread_blocked, id=4700, stack(0x0000006401a00000,0x0000006401b00000)]
  0x000001f871c0ca90 JavaThread "Stdin handler" [_thread_blocked, id=7260, stack(0x0000006401b00000,0x0000006401c00000)]
  0x000001f87348cee0 JavaThread "Daemon client event forwarder" [_thread_blocked, id=8084, stack(0x0000006401c00000,0x0000006401d00000)]
  0x000001f87348ebc0 JavaThread "Cache worker for journal cache (C:\Users\refrizar.dwiardito\.jdks\openjdk-21\caches\journal-1)" [_thread_blocked, id=7480, stack(0x0000006401d00000,0x0000006401e00000)]
  0x000001f87348dd50 JavaThread "File lock request listener" [_thread_in_native, id=5312, stack(0x0000006401e00000,0x0000006401f00000)]
  0x000001f87348f090 JavaThread "Cache worker for file hash cache (C:\Users\refrizar.dwiardito\.jdks\openjdk-21\caches\8.0\fileHashes)" [_thread_blocked, id=356, stack(0x0000006402000000,0x0000006402100000)]
  0x000001f87348d3b0 JavaThread "File watcher server" daemon [_thread_blocked, id=10024, stack(0x0000006402100000,0x0000006402200000)]
  0x000001f87348b6d0 JavaThread "File watcher consumer" daemon [_thread_blocked, id=4836, stack(0x0000006402200000,0x0000006402300000)]
  0x000001f87348bba0 JavaThread "Cache worker for checksums cache (C:\Users\refrizar.dwiardito\AndroidStudioProjects\Catwell\.gradle\8.0\checksums)" [_thread_blocked, id=10060, stack(0x0000006402300000,0x0000006402400000)]
  0x000001f87348ca10 JavaThread "Cache worker for cache directory md-rule (C:\Users\refrizar.dwiardito\.jdks\openjdk-21\caches\8.0\md-rule)" [_thread_blocked, id=4532, stack(0x0000006402400000,0x0000006402500000)]
  0x000001f87348e220 JavaThread "Cache worker for file content cache (C:\Users\refrizar.dwiardito\.jdks\openjdk-21\caches\8.0\fileContent)" [_thread_blocked, id=8100, stack(0x0000006402500000,0x0000006402600000)]
  0x000001f87348e6f0 JavaThread "Cache worker for file hash cache (C:\Users\refrizar.dwiardito\AndroidStudioProjects\Catwell\.gradle\8.0\fileHashes)" [_thread_blocked, id=7328, stack(0x0000006402600000,0x0000006402700000)]
  0x000001f87348c070 JavaThread "Cache worker for cache directory md-supplier (C:\Users\refrizar.dwiardito\.jdks\openjdk-21\caches\8.0\md-supplier)" [_thread_blocked, id=2656, stack(0x0000006402700000,0x0000006402800000)]
  0x000001f87348c540 JavaThread "Cache worker for execution history cache (C:\Users\refrizar.dwiardito\.jdks\openjdk-21\caches\8.0\executionHistory)" [_thread_blocked, id=8468, stack(0x0000006402800000,0x0000006402900000)]
  0x000001f87348d880 JavaThread "jar transforms" [_thread_blocked, id=6604, stack(0x0000006402900000,0x0000006402a00000)]
  0x000001f8756fcb00 JavaThread "jar transforms Thread 2" [_thread_blocked, id=7468, stack(0x0000006402a00000,0x0000006402b00000)]
  0x000001f8756fc630 JavaThread "jar transforms Thread 3" [_thread_blocked, id=8528, stack(0x0000006402b00000,0x0000006402c00000)]
  0x000001f8756fcfd0 JavaThread "jar transforms Thread 4" [_thread_blocked, id=9564, stack(0x0000006402c00000,0x0000006402d00000)]
  0x000001f875700e60 JavaThread "Cache worker for dependencies-accessors (C:\Users\refrizar.dwiardito\AndroidStudioProjects\Catwell\.gradle\8.0\dependencies-accessors)" [_thread_blocked, id=10156, stack(0x0000006402d00000,0x0000006402e00000)]
  0x000001f8756fecb0 JavaThread "Cache worker for Build Output Cleanup Cache (C:\Users\refrizar.dwiardito\AndroidStudioProjects\Catwell\.gradle\buildOutputCleanup)" [_thread_blocked, id=5932, stack(0x0000006402e00000,0x0000006402f00000)]
  0x000001f8756ffb20 JavaThread "Unconstrained build operations" [_thread_blocked, id=8028, stack(0x0000006402f00000,0x0000006403000000)]
  0x000001f875701cd0 JavaThread "Unconstrained build operations Thread 2" [_thread_blocked, id=1128, stack(0x0000006403000000,0x0000006403100000)]
  0x000001f8756ff180 JavaThread "Unconstrained build operations Thread 3" [_thread_blocked, id=6528, stack(0x0000006403100000,0x0000006403200000)]
  0x000001f8756fd4a0 JavaThread "Unconstrained build operations Thread 4" [_thread_blocked, id=8296, stack(0x0000006403200000,0x0000006403300000)]
  0x000001f8756fd970 JavaThread "Unconstrained build operations Thread 5" [_thread_blocked, id=10140, stack(0x0000006403300000,0x0000006403400000)]
  0x000001f8756fbc90 JavaThread "Unconstrained build operations Thread 6" [_thread_blocked, id=1360, stack(0x0000006403400000,0x0000006403500000)]
  0x000001f8757021a0 JavaThread "Unconstrained build operations Thread 7" [_thread_blocked, id=4496, stack(0x0000006403500000,0x0000006403600000)]
  0x000001f8756fc160 JavaThread "Unconstrained build operations Thread 8" [_thread_blocked, id=5112, stack(0x0000006403600000,0x0000006403700000)]
  0x000001f875702b40 JavaThread "Unconstrained build operations Thread 9" [_thread_blocked, id=7816, stack(0x0000006403700000,0x0000006403800000)]
  0x000001f8756fb2f0 JavaThread "Unconstrained build operations Thread 10" [_thread_blocked, id=9404, stack(0x0000006403800000,0x0000006403900000)]
  0x000001f875701330 JavaThread "Unconstrained build operations Thread 11" [_thread_blocked, id=7652, stack(0x0000006403900000,0x0000006403a00000)]
  0x000001f8756fde40 JavaThread "Unconstrained build operations Thread 12" [_thread_blocked, id=7520, stack(0x0000006403a00000,0x0000006403b00000)]
  0x000001f8756fe310 JavaThread "Unconstrained build operations Thread 13" [_thread_blocked, id=9096, stack(0x0000006403b00000,0x0000006403c00000)]
  0x000001f8756ff650 JavaThread "Unconstrained build operations Thread 14" [_thread_blocked, id=7896, stack(0x0000006403c00000,0x0000006403d00000)]
  0x000001f8756ffff0 JavaThread "Unconstrained build operations Thread 15" [_thread_blocked, id=9080, stack(0x0000006403d00000,0x0000006403e00000)]
  0x000001f875700990 JavaThread "Unconstrained build operations Thread 16" [_thread_blocked, id=1916, stack(0x0000006403e00000,0x0000006403f00000)]
  0x000001f877172e90 JavaThread "Unconstrained build operations Thread 17" [_thread_blocked, id=4928, stack(0x0000006403f00000,0x0000006404000000)]
  0x000001f877173360 JavaThread "Unconstrained build operations Thread 18" [_thread_blocked, id=4636, stack(0x0000006404000000,0x0000006404100000)]
  0x000001f877176380 JavaThread "Unconstrained build operations Thread 19" [_thread_blocked, id=9512, stack(0x0000006404100000,0x0000006404200000)]
  0x000001f877173830 JavaThread "Unconstrained build operations Thread 20" [_thread_blocked, id=1584, stack(0x0000006404200000,0x0000006404300000)]
  0x000001f877178060 JavaThread "Unconstrained build operations Thread 21" [_thread_blocked, id=2136, stack(0x0000006404300000,0x0000006404400000)]
  0x000001f877175040 JavaThread "Unconstrained build operations Thread 22" [_thread_blocked, id=2280, stack(0x0000006404400000,0x0000006404500000)]
  0x000001f877176850 JavaThread "Unconstrained build operations Thread 23" [_thread_blocked, id=2080, stack(0x0000006404500000,0x0000006404600000)]
  0x000001f877172020 JavaThread "Unconstrained build operations Thread 24" [_thread_blocked, id=8864, stack(0x0000006404600000,0x0000006404700000)]
  0x000001f877171b50 JavaThread "Unconstrained build operations Thread 25" [_thread_blocked, id=4864, stack(0x0000006404700000,0x0000006404800000)]
  0x000001f8771729c0 JavaThread "Unconstrained build operations Thread 26" [_thread_blocked, id=5736, stack(0x0000006404800000,0x0000006404900000)]
  0x000001f8771724f0 JavaThread "Unconstrained build operations Thread 27" [_thread_blocked, id=7440, stack(0x0000006404900000,0x0000006404a00000)]
  0x000001f8771741d0 JavaThread "Unconstrained build operations Thread 28" [_thread_blocked, id=5072, stack(0x0000006404a00000,0x0000006404b00000)]
  0x000001f8771793a0 JavaThread "Unconstrained build operations Thread 29" [_thread_blocked, id=6816, stack(0x0000006404b00000,0x0000006404c00000)]
  0x000001f877173d00 JavaThread "Unconstrained build operations Thread 30" [_thread_blocked, id=5760, stack(0x0000006404c00000,0x0000006404d00000)]
  0x000001f877174b70 JavaThread "Unconstrained build operations Thread 31" [_thread_blocked, id=888, stack(0x0000006404d00000,0x0000006404e00000)]
  0x000001f877175510 JavaThread "Unconstrained build operations Thread 32" [_thread_blocked, id=2060, stack(0x0000006404e00000,0x0000006404f00000)]
  0x000001f8771759e0 JavaThread "Unconstrained build operations Thread 33" [_thread_blocked, id=7584, stack(0x0000006404f00000,0x0000006405000000)]
  0x000001f8771746a0 JavaThread "Unconstrained build operations Thread 34" [_thread_blocked, id=1348, stack(0x0000006405000000,0x0000006405100000)]
  0x000001f877178ed0 JavaThread "Unconstrained build operations Thread 35" [_thread_blocked, id=7544, stack(0x0000006405100000,0x0000006405200000)]
  0x000001f877175eb0 JavaThread "Unconstrained build operations Thread 36" [_thread_blocked, id=3240, stack(0x0000006405200000,0x0000006405300000)]
  0x000001f877176d20 JavaThread "Unconstrained build operations Thread 37" [_thread_blocked, id=9600, stack(0x0000006405300000,0x0000006405400000)]
  0x000001f877178a00 JavaThread "Unconstrained build operations Thread 38" [_thread_blocked, id=4908, stack(0x0000006405400000,0x0000006405500000)]
  0x000001f8771771f0 JavaThread "Unconstrained build operations Thread 39" [_thread_blocked, id=6300, stack(0x0000006405500000,0x0000006405600000)]
  0x000001f8771776c0 JavaThread "Unconstrained build operations Thread 40" [_thread_blocked, id=9428, stack(0x0000006405600000,0x0000006405700000)]
  0x000001f877177b90 JavaThread "build event listener" [_thread_blocked, id=1472, stack(0x0000006405700000,0x0000006405800000)]
  0x000001f8754c3510 JavaThread "C2 CompilerThread1" daemon [_thread_blocked, id=4156, stack(0x0000006401f00000,0x0000006402000000)]
  0x000001f87a422ce0 JavaThread "Memory manager" [_thread_blocked, id=9204, stack(0x0000006405800000,0x0000006405900000)]
  0x000001f87a423b50 JavaThread "build event listener" [_thread_blocked, id=9732, stack(0x0000006405900000,0x0000006405a00000)]
  0x000001f87a41fcc0 JavaThread "build event listener" [_thread_blocked, id=2120, stack(0x0000006405a00000,0x0000006405b00000)]
  0x000001f87a423680 JavaThread "included builds" [_thread_blocked, id=9864, stack(0x0000006405c00000,0x0000006405d00000)]
  0x000001f87a41d640 JavaThread "Execution worker" [_thread_blocked, id=7736, stack(0x0000006405d00000,0x0000006405e00000)]
  0x000001f87a421e70 JavaThread "Execution worker Thread 2" [_thread_blocked, id=7120, stack(0x0000006405e00000,0x0000006405f00000)]
  0x000001f87a424020 JavaThread "Execution worker Thread 3" [_thread_blocked, id=7824, stack(0x0000006405f00000,0x0000006406000000)]
  0x000001f87a420b30 JavaThread "Cache worker for execution history cache (C:\Users\refrizar.dwiardito\AndroidStudioProjects\Catwell\.gradle\8.0\executionHistory)" [_thread_blocked, id=9508, stack(0x0000006406000000,0x0000006406100000)]
  0x000001f87a41e4b0 JavaThread "WorkerExecutor Queue" [_thread_blocked, id=8060, stack(0x0000006406100000,0x0000006406200000)]

Other Threads:
=>0x000001f8711465f0 VMThread "VM Thread" [stack: 0x0000006400300000,0x0000006400400000] [id=9316]
  0x000001f871d3b140 WatcherThread [stack: 0x0000006400f00000,0x0000006401000000] [id=616]
  0x000001f857bf7330 GCTaskThread "GC Thread#0" [stack: 0x000000647fe00000,0x000000647ff00000] [id=6616]
  0x000001f8722fb020 GCTaskThread "GC Thread#1" [stack: 0x0000006401100000,0x0000006401200000] [id=8408]
  0x000001f872008490 GCTaskThread "GC Thread#2" [stack: 0x0000006401200000,0x0000006401300000] [id=2772]
  0x000001f871e71bf0 GCTaskThread "GC Thread#3" [stack: 0x0000006401300000,0x0000006401400000] [id=1400]
  0x000001f857c09190 ConcurrentGCThread "G1 Main Marker" [stack: 0x000000647ff00000,0x0000006480000000] [id=7688]
  0x000001f857c0a250 ConcurrentGCThread "G1 Conc#0" [stack: 0x0000006400000000,0x0000006400100000] [id=532]
  0x000001f870fb40b0 ConcurrentGCThread "G1 Refine#0" [stack: 0x0000006400100000,0x0000006400200000] [id=3924]
  0x000001f87749be80 ConcurrentGCThread "G1 Refine#1" [stack: 0x0000006405b00000,0x0000006405c00000] [id=9272]
  0x000001f870fb49e0 ConcurrentGCThread "G1 Service" [stack: 0x0000006400200000,0x0000006400300000] [id=9408]

Threads with active compile tasks:
C2 CompilerThread0    24929 12043       4       java.util.Arrays::sort (47 bytes)
C2 CompilerThread1    24929 12009       4       org.gradle.cache.internal.btree.BTreePersistentIndexedCache$IndexBlock::find (18 bytes)

VM state: at safepoint (normal execution)

VM Mutex/Monitor currently owned by a thread:  ([mutex/lock_event])
[0x000001f857b93f80] Threads_lock - owner thread: 0x000001f8711465f0
[0x000001f857b94eb0] Heap_lock - owner thread: 0x000001f8771741d0

Heap address: 0x0000000080000000, size: 2048 MB, Compressed Oops mode: 32-bit

CDS archive(s) not mapped
Compressed class space mapped at: 0x0000000100000000-0x0000000140000000, reserved size: 1073741824
Narrow klass base: 0x0000000000000000, Narrow klass shift: 3, Narrow klass range: 0x140000000

GC Precious Log:
 CPUs: 4 total, 4 available
 Memory: 8083M
 Large Page Support: Disabled
 NUMA Support: Disabled
 Compressed Oops: Enabled (32-bit)
 Heap Region Size: 1M
 Heap Min Capacity: 8M
 Heap Initial Capacity: 128M
 Heap Max Capacity: 2G
 Pre-touch: Disabled
 Parallel Workers: 4
 Concurrent Workers: 1
 Concurrent Refinement Workers: 4
 Periodic GC: Disabled

Heap:
 garbage-first heap   total 191488K, used 107017K [0x0000000080000000, 0x0000000100000000)
  region size 1024K, 1 young (1024K), 1 survivors (1024K)
 Metaspace       used 96910K, committed 97600K, reserved 1138688K
  class space    used 13178K, committed 13504K, reserved 1048576K

Heap Regions: E=young(eden), S=young(survivor), O=old, HS=humongous(starts), HC=humongous(continues), CS=collection set, F=free, OA=open archive, CA=closed archive, TAMS=top-at-mark-start (previous, next)
|   0|0x0000000080000000, 0x0000000080100000, 0x0000000080100000|100%| O|  |TAMS 0x0000000080100000, 0x0000000080000000| Untracked 
|   1|0x0000000080100000, 0x0000000080200000, 0x0000000080200000|100%| O|  |TAMS 0x0000000080200000, 0x0000000080100000| Untracked 
|   2|0x0000000080200000, 0x0000000080300000, 0x0000000080300000|100%|HS|  |TAMS 0x0000000080300000, 0x0000000080200000| Complete 
|   3|0x0000000080300000, 0x0000000080400000, 0x0000000080400000|100%|HC|  |TAMS 0x0000000080400000, 0x0000000080300000| Complete 
|   4|0x0000000080400000, 0x0000000080500000, 0x0000000080500000|100%|HC|  |TAMS 0x0000000080500000, 0x0000000080400000| Complete 
|   5|0x0000000080500000, 0x0000000080600000, 0x0000000080600000|100%|HC|  |TAMS 0x0000000080600000, 0x0000000080500000| Complete 
|   6|0x0000000080600000, 0x0000000080700000, 0x0000000080700000|100%| O|  |TAMS 0x0000000080700000, 0x0000000080600000| Untracked 
|   7|0x0000000080700000, 0x0000000080800000, 0x0000000080800000|100%| O|  |TAMS 0x0000000080800000, 0x0000000080700000| Untracked 
|   8|0x0000000080800000, 0x0000000080900000, 0x0000000080900000|100%| O|  |TAMS 0x0000000080900000, 0x0000000080800000| Untracked 
|   9|0x0000000080900000, 0x0000000080a00000, 0x0000000080a00000|100%| O|  |TAMS 0x0000000080a00000, 0x0000000080900000| Untracked 
|  10|0x0000000080a00000, 0x0000000080b00000, 0x0000000080b00000|100%| O|  |TAMS 0x0000000080b00000, 0x0000000080a00000| Untracked 
|  11|0x0000000080b00000, 0x0000000080c00000, 0x0000000080c00000|100%| O|  |TAMS 0x0000000080c00000, 0x0000000080b00000| Untracked 
|  12|0x0000000080c00000, 0x0000000080d00000, 0x0000000080d00000|100%| O|  |TAMS 0x0000000080c00000, 0x0000000080c00000| Untracked 
|  13|0x0000000080d00000, 0x0000000080e00000, 0x0000000080e00000|100%| O|  |TAMS 0x0000000080e00000, 0x0000000080d00000| Untracked 
|  14|0x0000000080e00000, 0x0000000080f00000, 0x0000000080f00000|100%| O|  |TAMS 0x0000000080f00000, 0x0000000080e00000| Untracked 
|  15|0x0000000080f00000, 0x0000000081000000, 0x0000000081000000|100%| O|  |TAMS 0x0000000081000000, 0x0000000080f00000| Untracked 
|  16|0x0000000081000000, 0x0000000081100000, 0x0000000081100000|100%| O|  |TAMS 0x0000000081100000, 0x0000000081000000| Untracked 
|  17|0x0000000081100000, 0x0000000081200000, 0x0000000081200000|100%| O|  |TAMS 0x0000000081200000, 0x0000000081100000| Untracked 
|  18|0x0000000081200000, 0x0000000081300000, 0x0000000081300000|100%| O|  |TAMS 0x0000000081300000, 0x0000000081200000| Untracked 
|  19|0x0000000081300000, 0x0000000081400000, 0x0000000081400000|100%| O|  |TAMS 0x0000000081400000, 0x0000000081300000| Untracked 
|  20|0x0000000081400000, 0x0000000081500000, 0x0000000081500000|100%| O|  |TAMS 0x0000000081500000, 0x0000000081400000| Untracked 
|  21|0x0000000081500000, 0x0000000081600000, 0x0000000081600000|100%| O|  |TAMS 0x0000000081600000, 0x0000000081500000| Untracked 
|  22|0x0000000081600000, 0x0000000081700000, 0x0000000081700000|100%| O|  |TAMS 0x0000000081700000, 0x0000000081600000| Untracked 
|  23|0x0000000081700000, 0x0000000081800000, 0x0000000081800000|100%| O|  |TAMS 0x0000000081800000, 0x0000000081700000| Untracked 
|  24|0x0000000081800000, 0x0000000081900000, 0x0000000081900000|100%| O|  |TAMS 0x0000000081900000, 0x0000000081800000| Untracked 
|  25|0x0000000081900000, 0x0000000081a00000, 0x0000000081a00000|100%| O|  |TAMS 0x0000000081a00000, 0x0000000081900000| Untracked 
|  26|0x0000000081a00000, 0x0000000081b00000, 0x0000000081b00000|100%| O|  |TAMS 0x0000000081b00000, 0x0000000081a00000| Untracked 
|  27|0x0000000081b00000, 0x0000000081c00000, 0x0000000081c00000|100%| O|  |TAMS 0x0000000081c00000, 0x0000000081b00000| Untracked 
|  28|0x0000000081c00000, 0x0000000081d00000, 0x0000000081d00000|100%| O|  |TAMS 0x0000000081d00000, 0x0000000081c00000| Untracked 
|  29|0x0000000081d00000, 0x0000000081e00000, 0x0000000081e00000|100%| O|  |TAMS 0x0000000081e00000, 0x0000000081d00000| Untracked 
|  30|0x0000000081e00000, 0x0000000081f00000, 0x0000000081f00000|100%|HS|  |TAMS 0x0000000081f00000, 0x0000000081e00000| Complete 
|  31|0x0000000081f00000, 0x0000000082000000, 0x0000000082000000|100%|HS|  |TAMS 0x0000000082000000, 0x0000000081f00000| Complete 
|  32|0x0000000082000000, 0x0000000082100000, 0x0000000082100000|100%|HC|  |TAMS 0x0000000082100000, 0x0000000082000000| Complete 
|  33|0x0000000082100000, 0x0000000082200000, 0x0000000082200000|100%|HS|  |TAMS 0x0000000082200000, 0x0000000082100000| Complete 
|  34|0x0000000082200000, 0x0000000082300000, 0x0000000082300000|100%|HS|  |TAMS 0x0000000082300000, 0x0000000082200000| Complete 
|  35|0x0000000082300000, 0x0000000082400000, 0x0000000082400000|100%|HS|  |TAMS 0x0000000082400000, 0x0000000082300000| Complete 
|  36|0x0000000082400000, 0x0000000082500000, 0x0000000082500000|100%|HC|  |TAMS 0x0000000082500000, 0x0000000082400000| Complete 
|  37|0x0000000082500000, 0x0000000082600000, 0x0000000082600000|100%|HC|  |TAMS 0x0000000082600000, 0x0000000082500000| Complete 
|  38|0x0000000082600000, 0x0000000082700000, 0x0000000082700000|100%|HC|  |TAMS 0x0000000082700000, 0x0000000082600000| Complete 
|  39|0x0000000082700000, 0x0000000082800000, 0x0000000082800000|100%| O|  |TAMS 0x0000000082800000, 0x0000000082700000| Untracked 
|  40|0x0000000082800000, 0x0000000082900000, 0x0000000082900000|100%| O|  |TAMS 0x0000000082900000, 0x0000000082800000| Untracked 
|  41|0x0000000082900000, 0x0000000082a00000, 0x0000000082a00000|100%| O|  |TAMS 0x0000000082a00000, 0x0000000082900000| Untracked 
|  42|0x0000000082a00000, 0x0000000082b00000, 0x0000000082b00000|100%| O|  |TAMS 0x0000000082b00000, 0x0000000082a00000| Untracked 
|  43|0x0000000082b00000, 0x0000000082c00000, 0x0000000082c00000|100%| O|  |TAMS 0x0000000082c00000, 0x0000000082b00000| Untracked 
|  44|0x0000000082c00000, 0x0000000082d00000, 0x0000000082d00000|100%| O|  |TAMS 0x0000000082d00000, 0x0000000082c00000| Untracked 
|  45|0x0000000082d00000, 0x0000000082e00000, 0x0000000082e00000|100%| O|  |TAMS 0x0000000082e00000, 0x0000000082d00000| Untracked 
|  46|0x0000000082e00000, 0x0000000082f00000, 0x0000000082f00000|100%| O|  |TAMS 0x0000000082f00000, 0x0000000082e00000| Untracked 
|  47|0x0000000082f00000, 0x0000000083000000, 0x0000000083000000|100%| O|  |TAMS 0x0000000083000000, 0x0000000082f00000| Untracked 
|  48|0x0000000083000000, 0x0000000083100000, 0x0000000083100000|100%| O|  |TAMS 0x0000000083100000, 0x0000000083000000| Untracked 
|  49|0x0000000083100000, 0x0000000083200000, 0x0000000083200000|100%| O|  |TAMS 0x0000000083200000, 0x0000000083100000| Untracked 
|  50|0x0000000083200000, 0x0000000083300000, 0x0000000083300000|100%| O|  |TAMS 0x0000000083300000, 0x0000000083200000| Untracked 
|  51|0x0000000083300000, 0x0000000083400000, 0x0000000083400000|100%| O|  |TAMS 0x0000000083400000, 0x0000000083300000| Untracked 
|  52|0x0000000083400000, 0x0000000083500000, 0x0000000083500000|100%| O|  |TAMS 0x0000000083500000, 0x0000000083400000| Untracked 
|  53|0x0000000083500000, 0x0000000083600000, 0x0000000083600000|100%| O|  |TAMS 0x0000000083600000, 0x0000000083500000| Untracked 
|  54|0x0000000083600000, 0x0000000083700000, 0x0000000083700000|100%| O|  |TAMS 0x0000000083700000, 0x0000000083600000| Untracked 
|  55|0x0000000083700000, 0x0000000083800000, 0x0000000083800000|100%| O|  |TAMS 0x0000000083800000, 0x0000000083700000| Untracked 
|  56|0x0000000083800000, 0x0000000083900000, 0x0000000083900000|100%| O|  |TAMS 0x0000000083900000, 0x0000000083800000| Untracked 
|  57|0x0000000083900000, 0x0000000083a00000, 0x0000000083a00000|100%| O|  |TAMS 0x0000000083a00000, 0x0000000083900000| Untracked 
|  58|0x0000000083a00000, 0x0000000083b00000, 0x0000000083b00000|100%| O|  |TAMS 0x0000000083b00000, 0x0000000083a00000| Untracked 
|  59|0x0000000083b00000, 0x0000000083c00000, 0x0000000083c00000|100%| O|  |TAMS 0x0000000083c00000, 0x0000000083b00000| Untracked 
|  60|0x0000000083c00000, 0x0000000083d00000, 0x0000000083d00000|100%| O|  |TAMS 0x0000000083d00000, 0x0000000083c00000| Untracked 
|  61|0x0000000083d00000, 0x0000000083e00000, 0x0000000083e00000|100%| O|  |TAMS 0x0000000083e00000, 0x0000000083d00000| Untracked 
|  62|0x0000000083e00000, 0x0000000083f00000, 0x0000000083f00000|100%| O|  |TAMS 0x0000000083f00000, 0x0000000083e00000| Untracked 
|  63|0x0000000083f00000, 0x0000000084000000, 0x0000000084000000|100%| O|  |TAMS 0x0000000084000000, 0x0000000083f00000| Untracked 
|  64|0x0000000084000000, 0x0000000084100000, 0x0000000084100000|100%| O|  |TAMS 0x0000000084100000, 0x0000000084000000| Untracked 
|  65|0x0000000084100000, 0x0000000084200000, 0x0000000084200000|100%| O|  |TAMS 0x0000000084200000, 0x0000000084100000| Untracked 
|  66|0x0000000084200000, 0x0000000084300000, 0x0000000084300000|100%| O|  |TAMS 0x0000000084300000, 0x0000000084200000| Untracked 
|  67|0x0000000084300000, 0x0000000084400000, 0x0000000084400000|100%| O|  |TAMS 0x0000000084400000, 0x0000000084300000| Untracked 
|  68|0x0000000084400000, 0x0000000084500000, 0x0000000084500000|100%| O|  |TAMS 0x0000000084500000, 0x0000000084400000| Untracked 
|  69|0x0000000084500000, 0x0000000084600000, 0x0000000084600000|100%| O|  |TAMS 0x0000000084600000, 0x0000000084500000| Untracked 
|  70|0x0000000084600000, 0x0000000084700000, 0x0000000084700000|100%| O|  |TAMS 0x0000000084700000, 0x0000000084600000| Untracked 
|  71|0x0000000084700000, 0x0000000084800000, 0x0000000084800000|100%| O|  |TAMS 0x0000000084800000, 0x0000000084700000| Untracked 
|  72|0x0000000084800000, 0x0000000084900000, 0x0000000084900000|100%| O|  |TAMS 0x0000000084900000, 0x0000000084800000| Untracked 
|  73|0x0000000084900000, 0x0000000084a00000, 0x0000000084a00000|100%| O|  |TAMS 0x0000000084a00000, 0x0000000084900000| Untracked 
|  74|0x0000000084a00000, 0x0000000084b00000, 0x0000000084b00000|100%| O|  |TAMS 0x0000000084b00000, 0x0000000084a00000| Untracked 
|  75|0x0000000084b00000, 0x0000000084c00000, 0x0000000084c00000|100%| O|  |TAMS 0x0000000084c00000, 0x0000000084b00000| Untracked 
|  76|0x0000000084c00000, 0x0000000084d00000, 0x0000000084d00000|100%| O|  |TAMS 0x0000000084d00000, 0x0000000084c00000| Untracked 
|  77|0x0000000084d00000, 0x0000000084e00000, 0x0000000084e00000|100%| O|  |TAMS 0x0000000084e00000, 0x0000000084d00000| Untracked 
|  78|0x0000000084e00000, 0x0000000084f00000, 0x0000000084f00000|100%| O|  |TAMS 0x0000000084f00000, 0x0000000084e00000| Untracked 
|  79|0x0000000084f00000, 0x0000000085000000, 0x0000000085000000|100%| O|  |TAMS 0x0000000085000000, 0x0000000084f00000| Untracked 
|  80|0x0000000085000000, 0x0000000085100000, 0x0000000085100000|100%| O|  |TAMS 0x0000000085100000, 0x0000000085000000| Untracked 
|  81|0x0000000085100000, 0x0000000085200000, 0x0000000085200000|100%| O|  |TAMS 0x0000000085200000, 0x0000000085100000| Untracked 
|  82|0x0000000085200000, 0x0000000085300000, 0x0000000085300000|100%| O|  |TAMS 0x0000000085300000, 0x0000000085200000| Untracked 
|  83|0x0000000085300000, 0x0000000085400000, 0x0000000085400000|100%| O|  |TAMS 0x0000000085400000, 0x0000000085300000| Untracked 
|  84|0x0000000085400000, 0x0000000085500000, 0x0000000085500000|100%| O|  |TAMS 0x0000000085500000, 0x0000000085400000| Untracked 
|  85|0x0000000085500000, 0x0000000085600000, 0x0000000085600000|100%| O|  |TAMS 0x0000000085600000, 0x0000000085500000| Untracked 
|  86|0x0000000085600000, 0x0000000085700000, 0x0000000085700000|100%| O|  |TAMS 0x0000000085700000, 0x0000000085600000| Untracked 
|  87|0x0000000085700000, 0x0000000085800000, 0x0000000085800000|100%| O|  |TAMS 0x0000000085800000, 0x0000000085700000| Untracked 
|  88|0x0000000085800000, 0x0000000085900000, 0x0000000085900000|100%| O|  |TAMS 0x0000000085900000, 0x0000000085800000| Untracked 
|  89|0x0000000085900000, 0x0000000085a00000, 0x0000000085a00000|100%| O|  |TAMS 0x0000000085a00000, 0x0000000085900000| Untracked 
|  90|0x0000000085a00000, 0x0000000085b00000, 0x0000000085b00000|100%| O|  |TAMS 0x0000000085b00000, 0x0000000085a00000| Untracked 
|  91|0x0000000085b00000, 0x0000000085c00000, 0x0000000085c00000|100%| O|  |TAMS 0x0000000085c00000, 0x0000000085b00000| Untracked 
|  92|0x0000000085c00000, 0x0000000085d00000, 0x0000000085d00000|100%| O|  |TAMS 0x0000000085d00000, 0x0000000085c00000| Untracked 
|  93|0x0000000085d00000, 0x0000000085e00000, 0x0000000085e00000|100%| O|  |TAMS 0x0000000085e00000, 0x0000000085d00000| Untracked 
|  94|0x0000000085e00000, 0x0000000085f00000, 0x0000000085f00000|100%| O|  |TAMS 0x0000000085f00000, 0x0000000085e00000| Untracked 
|  95|0x0000000085f00000, 0x0000000085f00000, 0x0000000086000000|  0%| F|  |TAMS 0x0000000085f00000, 0x0000000085f00000| Untracked 
|  96|0x0000000086000000, 0x0000000086100000, 0x0000000086100000|100%| O|  |TAMS 0x0000000086000000, 0x0000000086000000| Untracked 
|  97|0x0000000086100000, 0x0000000086200000, 0x0000000086200000|100%| O|  |TAMS 0x0000000086100000, 0x0000000086100000| Untracked 
|  98|0x0000000086200000, 0x0000000086300000, 0x0000000086300000|100%| O|  |TAMS 0x0000000086200000, 0x0000000086200000| Untracked 
|  99|0x0000000086300000, 0x0000000086400000, 0x0000000086400000|100%| O|  |TAMS 0x0000000086300000, 0x0000000086300000| Untracked 
| 100|0x0000000086400000, 0x0000000086500000, 0x0000000086500000|100%| O|  |TAMS 0x0000000086400000, 0x0000000086400000| Untracked 
| 101|0x0000000086500000, 0x0000000086600000, 0x0000000086600000|100%| O|  |TAMS 0x0000000086500000, 0x0000000086500000| Untracked 
| 102|0x0000000086600000, 0x00000000866c0200, 0x0000000086700000| 75%| O|  |TAMS 0x0000000086600000, 0x0000000086600000| Untracked 
| 103|0x0000000086700000, 0x0000000086700000, 0x0000000086800000|  0%| F|  |TAMS 0x0000000086700000, 0x0000000086700000| Untracked 
| 104|0x0000000086800000, 0x0000000086800000, 0x0000000086900000|  0%| F|  |TAMS 0x0000000086800000, 0x0000000086800000| Untracked 
| 105|0x0000000086900000, 0x0000000086900000, 0x0000000086a00000|  0%| F|  |TAMS 0x0000000086900000, 0x0000000086900000| Untracked 
| 106|0x0000000086a00000, 0x0000000086a00000, 0x0000000086b00000|  0%| F|  |TAMS 0x0000000086a00000, 0x0000000086a00000| Untracked 
| 107|0x0000000086b00000, 0x0000000086b00000, 0x0000000086c00000|  0%| F|  |TAMS 0x0000000086b00000, 0x0000000086b00000| Untracked 
| 108|0x0000000086c00000, 0x0000000086c00000, 0x0000000086d00000|  0%| F|  |TAMS 0x0000000086c00000, 0x0000000086c00000| Untracked 
| 109|0x0000000086d00000, 0x0000000086d00000, 0x0000000086e00000|  0%| F|  |TAMS 0x0000000086d00000, 0x0000000086d00000| Untracked 
| 110|0x0000000086e00000, 0x0000000086e00000, 0x0000000086f00000|  0%| F|  |TAMS 0x0000000086e00000, 0x0000000086e00000| Untracked 
| 111|0x0000000086f00000, 0x0000000086f00000, 0x0000000087000000|  0%| F|  |TAMS 0x0000000086f00000, 0x0000000086f00000| Untracked 
| 112|0x0000000087000000, 0x0000000087000000, 0x0000000087100000|  0%| F|  |TAMS 0x0000000087000000, 0x0000000087000000| Untracked 
| 113|0x0000000087100000, 0x0000000087100000, 0x0000000087200000|  0%| F|  |TAMS 0x0000000087100000, 0x0000000087100000| Untracked 
| 114|0x0000000087200000, 0x0000000087200000, 0x0000000087300000|  0%| F|  |TAMS 0x0000000087200000, 0x0000000087200000| Untracked 
| 115|0x0000000087300000, 0x0000000087300000, 0x0000000087400000|  0%| F|  |TAMS 0x0000000087300000, 0x0000000087300000| Untracked 
| 116|0x0000000087400000, 0x0000000087400000, 0x0000000087500000|  0%| F|  |TAMS 0x0000000087400000, 0x0000000087400000| Untracked 
| 117|0x0000000087500000, 0x0000000087500000, 0x0000000087600000|  0%| F|  |TAMS 0x0000000087500000, 0x0000000087500000| Untracked 
| 118|0x0000000087600000, 0x0000000087600000, 0x0000000087700000|  0%| F|  |TAMS 0x0000000087600000, 0x0000000087600000| Untracked 
| 119|0x0000000087700000, 0x0000000087700000, 0x0000000087800000|  0%| F|  |TAMS 0x0000000087700000, 0x0000000087700000| Untracked 
| 120|0x0000000087800000, 0x0000000087800000, 0x0000000087900000|  0%| F|  |TAMS 0x0000000087800000, 0x0000000087800000| Untracked 
| 121|0x0000000087900000, 0x0000000087900000, 0x0000000087a00000|  0%| F|  |TAMS 0x0000000087900000, 0x0000000087900000| Untracked 
| 122|0x0000000087a00000, 0x0000000087a00000, 0x0000000087b00000|  0%| F|  |TAMS 0x0000000087a00000, 0x0000000087a00000| Untracked 
| 123|0x0000000087b00000, 0x0000000087b00000, 0x0000000087c00000|  0%| F|  |TAMS 0x0000000087b00000, 0x0000000087b00000| Untracked 
| 124|0x0000000087c00000, 0x0000000087c00000, 0x0000000087d00000|  0%| F|  |TAMS 0x0000000087c00000, 0x0000000087c00000| Untracked 
| 125|0x0000000087d00000, 0x0000000087d00000, 0x0000000087e00000|  0%| F|  |TAMS 0x0000000087d00000, 0x0000000087d00000| Untracked 
| 126|0x0000000087e00000, 0x0000000087e00000, 0x0000000087f00000|  0%| F|  |TAMS 0x0000000087e00000, 0x0000000087e00000| Untracked 
| 127|0x0000000087f00000, 0x0000000087f00000, 0x0000000088000000|  0%| F|  |TAMS 0x0000000087f00000, 0x0000000087f00000| Untracked 
| 128|0x0000000088000000, 0x0000000088000000, 0x0000000088100000|  0%| F|  |TAMS 0x0000000088000000, 0x0000000088000000| Untracked 
| 129|0x0000000088100000, 0x0000000088100000, 0x0000000088200000|  0%| F|  |TAMS 0x0000000088100000, 0x0000000088100000| Untracked 
| 130|0x0000000088200000, 0x0000000088200000, 0x0000000088300000|  0%| F|  |TAMS 0x0000000088200000, 0x0000000088200000| Untracked 
| 131|0x0000000088300000, 0x0000000088300000, 0x0000000088400000|  0%| F|  |TAMS 0x0000000088300000, 0x0000000088300000| Untracked 
| 132|0x0000000088400000, 0x0000000088400000, 0x0000000088500000|  0%| F|  |TAMS 0x0000000088400000, 0x0000000088400000| Untracked 
| 133|0x0000000088500000, 0x0000000088500000, 0x0000000088600000|  0%| F|  |TAMS 0x0000000088500000, 0x0000000088500000| Untracked 
| 134|0x0000000088600000, 0x0000000088600000, 0x0000000088700000|  0%| F|  |TAMS 0x0000000088600000, 0x0000000088600000| Untracked 
| 135|0x0000000088700000, 0x0000000088700000, 0x0000000088800000|  0%| F|  |TAMS 0x0000000088700000, 0x0000000088700000| Untracked 
| 136|0x0000000088800000, 0x0000000088800000, 0x0000000088900000|  0%| F|  |TAMS 0x0000000088800000, 0x0000000088800000| Untracked 
| 137|0x0000000088900000, 0x0000000088900000, 0x0000000088a00000|  0%| F|  |TAMS 0x0000000088900000, 0x0000000088900000| Untracked 
| 138|0x0000000088a00000, 0x0000000088a00000, 0x0000000088b00000|  0%| F|  |TAMS 0x0000000088a00000, 0x0000000088a00000| Untracked 
| 139|0x0000000088b00000, 0x0000000088b00000, 0x0000000088c00000|  0%| F|  |TAMS 0x0000000088b00000, 0x0000000088b00000| Untracked 
| 140|0x0000000088c00000, 0x0000000088c00000, 0x0000000088d00000|  0%| F|  |TAMS 0x0000000088c00000, 0x0000000088c00000| Untracked 
| 141|0x0000000088d00000, 0x0000000088d00000, 0x0000000088e00000|  0%| F|  |TAMS 0x0000000088d00000, 0x0000000088d00000| Untracked 
| 142|0x0000000088e00000, 0x0000000088e00000, 0x0000000088f00000|  0%| F|  |TAMS 0x0000000088e00000, 0x0000000088e00000| Untracked 
| 143|0x0000000088f00000, 0x0000000088f00000, 0x0000000089000000|  0%| F|  |TAMS 0x0000000088f00000, 0x0000000088f00000| Untracked 
| 144|0x0000000089000000, 0x0000000089000000, 0x0000000089100000|  0%| F|  |TAMS 0x0000000089000000, 0x0000000089000000| Untracked 
| 145|0x0000000089100000, 0x0000000089100000, 0x0000000089200000|  0%| F|  |TAMS 0x0000000089100000, 0x0000000089100000| Untracked 
| 146|0x0000000089200000, 0x0000000089200000, 0x0000000089300000|  0%| F|  |TAMS 0x0000000089200000, 0x0000000089200000| Untracked 
| 147|0x0000000089300000, 0x0000000089300000, 0x0000000089400000|  0%| F|  |TAMS 0x0000000089300000, 0x0000000089300000| Untracked 
| 148|0x0000000089400000, 0x0000000089400000, 0x0000000089500000|  0%| F|  |TAMS 0x0000000089400000, 0x0000000089400000| Untracked 
| 149|0x0000000089500000, 0x0000000089500000, 0x0000000089600000|  0%| F|  |TAMS 0x0000000089500000, 0x0000000089500000| Untracked 
| 150|0x0000000089600000, 0x0000000089600000, 0x0000000089700000|  0%| F|  |TAMS 0x0000000089600000, 0x0000000089600000| Untracked 
| 151|0x0000000089700000, 0x0000000089700000, 0x0000000089800000|  0%| F|  |TAMS 0x0000000089700000, 0x0000000089700000| Untracked 
| 152|0x0000000089800000, 0x0000000089800000, 0x0000000089900000|  0%| F|  |TAMS 0x0000000089800000, 0x0000000089800000| Untracked 
| 153|0x0000000089900000, 0x0000000089900000, 0x0000000089a00000|  0%| F|  |TAMS 0x0000000089900000, 0x0000000089900000| Untracked 
| 154|0x0000000089a00000, 0x0000000089a00000, 0x0000000089b00000|  0%| F|  |TAMS 0x0000000089a00000, 0x0000000089a00000| Untracked 
| 155|0x0000000089b00000, 0x0000000089b00000, 0x0000000089c00000|  0%| F|  |TAMS 0x0000000089b00000, 0x0000000089b00000| Untracked 
| 156|0x0000000089c00000, 0x0000000089c00000, 0x0000000089d00000|  0%| F|  |TAMS 0x0000000089c00000, 0x0000000089c00000| Untracked 
| 157|0x0000000089d00000, 0x0000000089d00000, 0x0000000089e00000|  0%| F|  |TAMS 0x0000000089d00000, 0x0000000089d00000| Untracked 
| 158|0x0000000089e00000, 0x0000000089e00000, 0x0000000089f00000|  0%| F|  |TAMS 0x0000000089e00000, 0x0000000089e00000| Untracked 
| 159|0x0000000089f00000, 0x0000000089f00000, 0x000000008a000000|  0%| F|  |TAMS 0x0000000089f00000, 0x0000000089f00000| Untracked 
| 160|0x000000008a000000, 0x000000008a000000, 0x000000008a100000|  0%| F|  |TAMS 0x000000008a000000, 0x000000008a000000| Untracked 
| 161|0x000000008a100000, 0x000000008a100000, 0x000000008a200000|  0%| F|  |TAMS 0x000000008a100000, 0x000000008a100000| Untracked 
| 162|0x000000008a200000, 0x000000008a200000, 0x000000008a300000|  0%| F|  |TAMS 0x000000008a200000, 0x000000008a200000| Untracked 
| 163|0x000000008a300000, 0x000000008a300000, 0x000000008a400000|  0%| F|  |TAMS 0x000000008a300000, 0x000000008a300000| Untracked 
| 164|0x000000008a400000, 0x000000008a400000, 0x000000008a500000|  0%| F|  |TAMS 0x000000008a400000, 0x000000008a400000| Untracked 
| 165|0x000000008a500000, 0x000000008a500000, 0x000000008a600000|  0%| F|  |TAMS 0x000000008a500000, 0x000000008a500000| Untracked 
| 166|0x000000008a600000, 0x000000008a600000, 0x000000008a700000|  0%| F|  |TAMS 0x000000008a600000, 0x000000008a600000| Untracked 
| 167|0x000000008a700000, 0x000000008a700000, 0x000000008a800000|  0%| F|  |TAMS 0x000000008a700000, 0x000000008a700000| Untracked 
| 168|0x000000008a800000, 0x000000008a800000, 0x000000008a900000|  0%| F|  |TAMS 0x000000008a800000, 0x000000008a800000| Untracked 
| 169|0x000000008a900000, 0x000000008a900000, 0x000000008aa00000|  0%| F|  |TAMS 0x000000008a900000, 0x000000008a900000| Untracked 
| 170|0x000000008aa00000, 0x000000008aa00000, 0x000000008ab00000|  0%| F|  |TAMS 0x000000008aa00000, 0x000000008aa00000| Untracked 
| 171|0x000000008ab00000, 0x000000008ab00000, 0x000000008ac00000|  0%| F|  |TAMS 0x000000008ab00000, 0x000000008ab00000| Untracked 
| 172|0x000000008ac00000, 0x000000008ac00000, 0x000000008ad00000|  0%| F|  |TAMS 0x000000008ac00000, 0x000000008ac00000| Untracked 
| 173|0x000000008ad00000, 0x000000008ad00000, 0x000000008ae00000|  0%| F|  |TAMS 0x000000008ad00000, 0x000000008ad00000| Untracked 
| 174|0x000000008ae00000, 0x000000008ae00000, 0x000000008af00000|  0%| F|  |TAMS 0x000000008ae00000, 0x000000008ae00000| Untracked 
| 175|0x000000008af00000, 0x000000008af00000, 0x000000008b000000|  0%| F|  |TAMS 0x000000008af00000, 0x000000008af00000| Untracked 
| 176|0x000000008b000000, 0x000000008b000000, 0x000000008b100000|  0%| F|  |TAMS 0x000000008b000000, 0x000000008b000000| Untracked 
| 177|0x000000008b100000, 0x000000008b100000, 0x000000008b200000|  0%| F|  |TAMS 0x000000008b100000, 0x000000008b100000| Untracked 
| 178|0x000000008b200000, 0x000000008b200000, 0x000000008b300000|  0%| F|  |TAMS 0x000000008b200000, 0x000000008b200000| Untracked 
| 179|0x000000008b300000, 0x000000008b300000, 0x000000008b400000|  0%| F|  |TAMS 0x000000008b300000, 0x000000008b300000| Untracked 
| 180|0x000000008b400000, 0x000000008b4c2220, 0x000000008b500000| 75%| S|CS|TAMS 0x000000008b400000, 0x000000008b400000| Complete 
| 181|0x000000008b500000, 0x000000008b500000, 0x000000008b600000|  0%| F|  |TAMS 0x000000008b500000, 0x000000008b500000| Untracked 
| 182|0x000000008b600000, 0x000000008b600000, 0x000000008b700000|  0%| F|  |TAMS 0x000000008b600000, 0x000000008b600000| Untracked 
| 183|0x000000008b700000, 0x000000008b700000, 0x000000008b800000|  0%| F|  |TAMS 0x000000008b700000, 0x000000008b700000| Untracked 
| 184|0x000000008b800000, 0x000000008b800000, 0x000000008b900000|  0%| F|  |TAMS 0x000000008b800000, 0x000000008b800000| Untracked 
|2046|0x00000000ffe00000, 0x00000000fff00000, 0x00000000fff00000|100%| O|  |TAMS 0x00000000fff00000, 0x00000000ffe00000| Untracked 
|2047|0x00000000fff00000, 0x0000000100000000, 0x0000000100000000|100%| O|  |TAMS 0x0000000100000000, 0x00000000fff00000| Untracked 

Card table byte_map: [0x000001f86a470000,0x000001f86a870000] _byte_map_base: 0x000001f86a070000

Marking Bits (Prev, Next): (CMBitMap*) 0x000001f857bf8860, (CMBitMap*) 0x000001f857bf88a0
 Prev Bits: [0x000001f86ac70000, 0x000001f86cc70000)
 Next Bits: [0x000001f86cc70000, 0x000001f86ec70000)

Polling page: 0x000001f855ae0000

Metaspace:

Usage:
  Non-class:     81.77 MB used.
      Class:     12.87 MB used.
       Both:     94.64 MB used.

Virtual space:
  Non-class space:       88.00 MB reserved,      82.12 MB ( 93%) committed,  11 nodes.
      Class space:        1.00 GB reserved,      13.19 MB (  1%) committed,  1 nodes.
             Both:        1.09 GB reserved,      95.31 MB (  9%) committed. 

Chunk freelists:
   Non-Class:  1.23 MB
       Class:  2.69 MB
        Both:  3.93 MB

MaxMetaspaceSize: unlimited
CompressedClassSpaceSize: 1.00 GB
Initial GC threshold: 21.00 MB
Current GC threshold: 156.56 MB
CDS: off
MetaspaceReclaimPolicy: balanced
 - commit_granule_bytes: 65536.
 - commit_granule_words: 8192.
 - virtual_space_node_default_size: 1048576.
 - enlarge_chunks_in_place: 1.
 - new_chunks_are_fully_committed: 0.
 - uncommit_free_chunks: 1.
 - use_allocation_guard: 0.
 - handle_deallocations: 1.


Internal statistics:

num_allocs_failed_limit: 6.
num_arena_births: 972.
num_arena_deaths: 2.
num_vsnodes_births: 12.
num_vsnodes_deaths: 0.
num_space_committed: 1524.
num_space_uncommitted: 0.
num_chunks_returned_to_freelist: 8.
num_chunks_taken_from_freelist: 4648.
num_chunk_merges: 6.
num_chunk_splits: 3005.
num_chunks_enlarged: 1971.
num_purges: 2.
num_inconsistent_stats: 0.

CodeHeap 'non-profiled nmethods': size=120000Kb used=5758Kb max_used=5767Kb free=114242Kb
 bounds [0x000001f862b40000, 0x000001f8630f0000, 0x000001f86a070000]
CodeHeap 'profiled nmethods': size=120000Kb used=19900Kb max_used=20773Kb free=100099Kb
 bounds [0x000001f85b070000, 0x000001f85c4e0000, 0x000001f8625a0000]
CodeHeap 'non-nmethods': size=5760Kb used=2389Kb max_used=2441Kb free=3370Kb
 bounds [0x000001f8625a0000, 0x000001f862820000, 0x000001f862b40000]
 total_blobs=11232 nmethods=10308 adapters=836
 compilation: enabled
              stopped_count=0, restarted_count=0
 full_count=0

Compilation events (20 events):
Event: 24.871 Thread 0x000001f871c145d0 12029       1       kotlin.reflect.jvm.internal.impl.metadata.ProtoBuf$Class::getTypeParameterList (5 bytes)
Event: 24.871 Thread 0x000001f871c145d0 nmethod 12029 0x000001f862cc9f90 code [0x000001f862cca120, 0x000001f862cca1f8]
Event: 24.871 Thread 0x000001f871c145d0 12030       1       kotlin.reflect.jvm.internal.impl.serialization.deserialization.DeserializationContext::getTypeTable (5 bytes)
Event: 24.871 Thread 0x000001f871c145d0 nmethod 12030 0x000001f862bcf890 code [0x000001f862bcfa20, 0x000001f862bcfaf8]
Event: 24.871 Thread 0x000001f871c145d0 12031       1       kotlin.reflect.jvm.internal.impl.load.kotlin.KotlinClassFinder$Result$KotlinClass::getKotlinJvmBinaryClass (5 bytes)
Event: 24.871 Thread 0x000001f871c145d0 nmethod 12031 0x000001f862bcf590 code [0x000001f862bcf720, 0x000001f862bcf7f8]
Event: 24.871 Thread 0x000001f871c145d0 12032       1       kotlin.reflect.jvm.internal.impl.load.kotlin.header.KotlinClassHeader::getData (5 bytes)
Event: 24.871 Thread 0x000001f871c145d0 nmethod 12032 0x000001f862bcf290 code [0x000001f862bcf420, 0x000001f862bcf4f8]
Event: 24.872 Thread 0x000001f871c145d0 12033       1       kotlin.reflect.jvm.internal.impl.load.kotlin.header.KotlinClassHeader::getStrings (5 bytes)
Event: 24.872 Thread 0x000001f871c145d0 nmethod 12033 0x000001f862bcef90 code [0x000001f862bcf120, 0x000001f862bcf1f8]
Event: 24.872 Thread 0x000001f871c145d0 12034       1       kotlin.reflect.jvm.internal.impl.metadata.jvm.JvmProtoBuf$StringTableTypes::getLocalNameList (5 bytes)
Event: 24.872 Thread 0x000001f871c145d0 nmethod 12034 0x000001f862bcec90 code [0x000001f862bcee20, 0x000001f862bceef8]
Event: 24.872 Thread 0x000001f871c145d0 12035       1       kotlin.reflect.jvm.internal.impl.metadata.jvm.JvmProtoBuf$StringTableTypes::getRecordList (5 bytes)
Event: 24.872 Thread 0x000001f871c145d0 nmethod 12035 0x000001f862bce990 code [0x000001f862bceb20, 0x000001f862bcebf8]
Event: 24.872 Thread 0x000001f871c145d0 12036       1       kotlin.reflect.jvm.internal.impl.metadata.jvm.JvmProtoBuf$JvmMethodSignature::getDesc (5 bytes)
Event: 24.872 Thread 0x000001f871c145d0 nmethod 12036 0x000001f862bce690 code [0x000001f862bce820, 0x000001f862bce8f8]
Event: 24.872 Thread 0x000001f871c145d0 12037       1       kotlin.reflect.jvm.internal.impl.metadata.jvm.JvmProtoBuf$JvmMethodSignature::access$2300 (5 bytes)
Event: 24.872 Thread 0x000001f871c145d0 nmethod 12037 0x000001f862bce390 code [0x000001f862bce520, 0x000001f862bce5d8]
Event: 24.877 Thread 0x000001f871c13cd0 nmethod 12017 0x000001f862bcda10 code [0x000001f862bcdba0, 0x000001f862bce2d8]
Event: 24.877 Thread 0x000001f871c13cd0 12043       4       java.util.Arrays::sort (47 bytes)

GC Heap History (20 events):
Event: 16.376 GC heap after
{Heap after GC invocations=27 (full 0):
 garbage-first heap   total 132096K, used 73197K [0x0000000080000000, 0x0000000100000000)
  region size 1024K, 3 young (3072K), 3 survivors (3072K)
 Metaspace       used 80547K, committed 81152K, reserved 1122304K
  class space    used 10925K, committed 11200K, reserved 1048576K
}
Event: 17.294 GC heap before
{Heap before GC invocations=27 (full 0):
 garbage-first heap   total 132096K, used 109037K [0x0000000080000000, 0x0000000100000000)
  region size 1024K, 38 young (38912K), 3 survivors (3072K)
 Metaspace       used 84090K, committed 84736K, reserved 1122304K
  class space    used 11423K, committed 11712K, reserved 1048576K
}
Event: 17.311 GC heap after
{Heap after GC invocations=28 (full 0):
 garbage-first heap   total 132096K, used 76470K [0x0000000080000000, 0x0000000100000000)
  region size 1024K, 5 young (5120K), 5 survivors (5120K)
 Metaspace       used 84090K, committed 84736K, reserved 1122304K
  class space    used 11423K, committed 11712K, reserved 1048576K
}
Event: 18.232 GC heap before
{Heap before GC invocations=29 (full 0):
 garbage-first heap   total 140288K, used 109238K [0x0000000080000000, 0x0000000100000000)
  region size 1024K, 37 young (37888K), 5 survivors (5120K)
 Metaspace       used 87476K, committed 88128K, reserved 1130496K
  class space    used 11966K, committed 12288K, reserved 1048576K
}
Event: 18.247 GC heap after
{Heap after GC invocations=30 (full 0):
 garbage-first heap   total 140288K, used 78526K [0x0000000080000000, 0x0000000100000000)
  region size 1024K, 3 young (3072K), 3 survivors (3072K)
 Metaspace       used 87476K, committed 88128K, reserved 1130496K
  class space    used 11966K, committed 12288K, reserved 1048576K
}
Event: 19.148 GC heap before
{Heap before GC invocations=30 (full 0):
 garbage-first heap   total 140288K, used 115390K [0x0000000080000000, 0x0000000100000000)
  region size 1024K, 39 young (39936K), 3 survivors (3072K)
 Metaspace       used 91312K, committed 91968K, reserved 1130496K
  class space    used 12446K, committed 12736K, reserved 1048576K
}
Event: 19.164 GC heap after
{Heap after GC invocations=31 (full 0):
 garbage-first heap   total 169984K, used 81920K [0x0000000080000000, 0x0000000100000000)
  region size 1024K, 5 young (5120K), 5 survivors (5120K)
 Metaspace       used 91312K, committed 91968K, reserved 1130496K
  class space    used 12446K, committed 12736K, reserved 1048576K
}
Event: 20.059 GC heap before
{Heap before GC invocations=32 (full 0):
 garbage-first heap   total 169984K, used 138240K [0x0000000080000000, 0x0000000100000000)
  region size 1024K, 60 young (61440K), 5 survivors (5120K)
 Metaspace       used 92049K, committed 92736K, reserved 1130496K
  class space    used 12537K, committed 12864K, reserved 1048576K
}
Event: 20.083 GC heap after
{Heap after GC invocations=33 (full 0):
 garbage-first heap   total 169984K, used 90080K [0x0000000080000000, 0x0000000100000000)
  region size 1024K, 8 young (8192K), 8 survivors (8192K)
 Metaspace       used 92049K, committed 92736K, reserved 1130496K
  class space    used 12537K, committed 12864K, reserved 1048576K
}
Event: 21.232 GC heap before
{Heap before GC invocations=33 (full 0):
 garbage-first heap   total 169984K, used 135136K [0x0000000080000000, 0x0000000100000000)
  region size 1024K, 53 young (54272K), 8 survivors (8192K)
 Metaspace       used 94400K, committed 95040K, reserved 1138688K
  class space    used 12972K, committed 13312K, reserved 1048576K
}
Event: 21.259 GC heap after
{Heap after GC invocations=34 (full 0):
 garbage-first heap   total 169984K, used 96657K [0x0000000080000000, 0x0000000100000000)
  region size 1024K, 6 young (6144K), 6 survivors (6144K)
 Metaspace       used 94400K, committed 95040K, reserved 1138688K
  class space    used 12972K, committed 13312K, reserved 1048576K
}
Event: 22.379 GC heap before
{Heap before GC invocations=35 (full 0):
 garbage-first heap   total 174080K, used 137617K [0x0000000080000000, 0x0000000100000000)
  region size 1024K, 47 young (48128K), 6 survivors (6144K)
 Metaspace       used 94811K, committed 95488K, reserved 1138688K
  class space    used 12990K, committed 13312K, reserved 1048576K
}
Event: 22.399 GC heap after
{Heap after GC invocations=36 (full 0):
 garbage-first heap   total 174080K, used 99683K [0x0000000080000000, 0x0000000100000000)
  region size 1024K, 4 young (4096K), 4 survivors (4096K)
 Metaspace       used 94811K, committed 95488K, reserved 1138688K
  class space    used 12990K, committed 13312K, reserved 1048576K
}
Event: 22.461 GC heap before
{Heap before GC invocations=36 (full 0):
 garbage-first heap   total 174080K, used 102754K [0x0000000080000000, 0x0000000100000000)
  region size 1024K, 8 young (8192K), 4 survivors (4096K)
 Metaspace       used 94842K, committed 95552K, reserved 1138688K
  class space    used 12990K, committed 13312K, reserved 1048576K
}
Event: 22.470 GC heap after
{Heap after GC invocations=37 (full 0):
 garbage-first heap   total 174080K, used 100158K [0x0000000080000000, 0x0000000100000000)
  region size 1024K, 1 young (1024K), 1 survivors (1024K)
 Metaspace       used 94842K, committed 95552K, reserved 1138688K
  class space    used 12990K, committed 13312K, reserved 1048576K
}
Event: 23.693 GC heap before
{Heap before GC invocations=37 (full 0):
 garbage-first heap   total 174080K, used 142142K [0x0000000080000000, 0x0000000100000000)
  region size 1024K, 43 young (44032K), 1 survivors (1024K)
 Metaspace       used 95331K, committed 96064K, reserved 1138688K
  class space    used 13022K, committed 13376K, reserved 1048576K
}
Event: 23.710 GC heap after
{Heap after GC invocations=38 (full 0):
 garbage-first heap   total 174080K, used 103081K [0x0000000080000000, 0x0000000100000000)
  region size 1024K, 4 young (4096K), 4 survivors (4096K)
 Metaspace       used 95331K, committed 96064K, reserved 1138688K
  class space    used 13022K, committed 13376K, reserved 1048576K
}
Event: 24.805 GC heap before
{Heap before GC invocations=39 (full 0):
 garbage-first heap   total 191488K, used 145065K [0x0000000080000000, 0x0000000100000000)
  region size 1024K, 45 young (46080K), 4 survivors (4096K)
 Metaspace       used 96883K, committed 97536K, reserved 1138688K
  class space    used 13171K, committed 13504K, reserved 1048576K
}
Event: 24.819 GC heap after
{Heap after GC invocations=40 (full 0):
 garbage-first heap   total 191488K, used 107037K [0x0000000080000000, 0x0000000100000000)
  region size 1024K, 5 young (5120K), 5 survivors (5120K)
 Metaspace       used 96883K, committed 97536K, reserved 1138688K
  class space    used 13171K, committed 13504K, reserved 1048576K
}
Event: 24.878 GC heap before
{Heap before GC invocations=40 (full 0):
 garbage-first heap   total 191488K, used 111133K [0x0000000080000000, 0x0000000100000000)
  region size 1024K, 9 young (9216K), 5 survivors (5120K)
 Metaspace       used 96910K, committed 97600K, reserved 1138688K
  class space    used 13178K, committed 13504K, reserved 1048576K
}

Dll operation events (2 events):
Event: 0.009 Loaded shared library C:\Program Files\Android\Android Studio\jbr\bin\java.dll
Event: 0.698 Loaded shared library C:\Program Files\Android\Android Studio\jbr\bin\verify.dll

Deoptimization events (20 events):
Event: 24.467 Thread 0x000001f87a421e70 DEOPT PACKING pc=0x000001f8630e0574 sp=0x0000006405efc220
Event: 24.467 Thread 0x000001f87a421e70 DEOPT UNPACKING pc=0x000001f8625f69a3 sp=0x0000006405efc1f8 mode 2
Event: 24.468 Thread 0x000001f87a421e70 Uncommon trap: trap_request=0xffffffc6 fr.pc=0x000001f8630e0574 relative=0x00000000000019d4
Event: 24.468 Thread 0x000001f87a421e70 Uncommon trap: reason=bimorphic_or_optimized_type_check action=maybe_recompile pc=0x000001f8630e0574 method=org.gradle.internal.snapshot.MediumChildMap.withNode(Lorg/gradle/internal/snapshot/VfsRelativePath;Lorg/gradle/internal/snapshot/CaseSensitivity;Lo
Event: 24.468 Thread 0x000001f87a421e70 DEOPT PACKING pc=0x000001f8630e0574 sp=0x0000006405efbdc0
Event: 24.468 Thread 0x000001f87a421e70 DEOPT UNPACKING pc=0x000001f8625f69a3 sp=0x0000006405efbd98 mode 2
Event: 24.479 Thread 0x000001f87a421e70 DEOPT PACKING pc=0x000001f862b935e4 sp=0x0000006405efaea0
Event: 24.479 Thread 0x000001f87a421e70 DEOPT UNPACKING pc=0x000001f8625f7143 sp=0x0000006405efa328 mode 0
Event: 24.479 Thread 0x000001f87a421e70 DEOPT PACKING pc=0x000001f862b935e4 sp=0x0000006405efb1e0
Event: 24.479 Thread 0x000001f87a421e70 DEOPT UNPACKING pc=0x000001f8625f7143 sp=0x0000006405efa668 mode 0
Event: 24.479 Thread 0x000001f87a421e70 DEOPT PACKING pc=0x000001f862b935e4 sp=0x0000006405efb520
Event: 24.479 Thread 0x000001f87a421e70 DEOPT UNPACKING pc=0x000001f8625f7143 sp=0x0000006405efa9a8 mode 0
Event: 24.479 Thread 0x000001f87a421e70 DEOPT PACKING pc=0x000001f862b935e4 sp=0x0000006405efb7e0
Event: 24.479 Thread 0x000001f87a421e70 DEOPT UNPACKING pc=0x000001f8625f7143 sp=0x0000006405efac68 mode 0
Event: 24.481 Thread 0x000001f87a421e70 Uncommon trap: trap_request=0xffffffc6 fr.pc=0x000001f862e63284 relative=0x00000000000000e4
Event: 24.481 Thread 0x000001f87a421e70 Uncommon trap: reason=bimorphic_or_optimized_type_check action=maybe_recompile pc=0x000001f862e63284 method=com.google.common.collect.RegularImmutableMap.checkNoConflictInKeyBucket(Ljava/lang/Object;Ljava/lang/Object;Lcom/google/common/collect/ImmutableMa
Event: 24.481 Thread 0x000001f87a421e70 DEOPT PACKING pc=0x000001f862e63284 sp=0x0000006405efcf00
Event: 24.481 Thread 0x000001f87a421e70 DEOPT UNPACKING pc=0x000001f8625f69a3 sp=0x0000006405efce98 mode 2
Event: 24.832 Thread 0x000001f87a41e4b0 DEOPT PACKING pc=0x000001f85b1359f1 sp=0x00000064061fc540
Event: 24.832 Thread 0x000001f87a41e4b0 DEOPT UNPACKING pc=0x000001f8625f7143 sp=0x00000064061fba50 mode 0

Classes unloaded (1 events):
Event: 24.047 Thread 0x000001f8711465f0 Unloading class 0x0000000100d14400 'java/lang/invoke/LambdaForm$DMH+0x0000000100d14400'

Classes redefined (0 events):
No events

Internal exceptions (20 events):
Event: 24.401 Thread 0x000001f87a424020 Exception <a 'sun/nio/fs/WindowsException'{0x0000000089964bc8}> (0x0000000089964bc8) 
thrown [s\src\hotspot\share\prims\jni.cpp, line 517]
Event: 24.401 Thread 0x000001f87a424020 Exception <a 'sun/nio/fs/WindowsException'{0x0000000089964c38}> (0x0000000089964c38) 
thrown [s\src\hotspot\share\prims\jni.cpp, line 517]
Event: 24.401 Thread 0x000001f87a424020 Exception <a 'sun/nio/fs/WindowsException'{0x0000000089965058}> (0x0000000089965058) 
thrown [s\src\hotspot\share\prims\jni.cpp, line 517]
Event: 24.401 Thread 0x000001f87a424020 Exception <a 'sun/nio/fs/WindowsException'{0x0000000089967148}> (0x0000000089967148) 
thrown [s\src\hotspot\share\prims\jni.cpp, line 517]
Event: 24.401 Thread 0x000001f87a424020 Exception <a 'sun/nio/fs/WindowsException'{0x0000000089968018}> (0x0000000089968018) 
thrown [s\src\hotspot\share\prims\jni.cpp, line 517]
Event: 24.401 Thread 0x000001f87a424020 Exception <a 'sun/nio/fs/WindowsException'{0x0000000089968088}> (0x0000000089968088) 
thrown [s\src\hotspot\share\prims\jni.cpp, line 517]
Event: 24.401 Thread 0x000001f87a424020 Exception <a 'sun/nio/fs/WindowsException'{0x00000000899684f8}> (0x00000000899684f8) 
thrown [s\src\hotspot\share\prims\jni.cpp, line 517]
Event: 24.402 Thread 0x000001f87a424020 Exception <a 'sun/nio/fs/WindowsException'{0x000000008996a308}> (0x000000008996a308) 
thrown [s\src\hotspot\share\prims\jni.cpp, line 517]
Event: 24.402 Thread 0x000001f87a424020 Exception <a 'sun/nio/fs/WindowsException'{0x000000008996b1a8}> (0x000000008996b1a8) 
thrown [s\src\hotspot\share\prims\jni.cpp, line 517]
Event: 24.402 Thread 0x000001f87a424020 Exception <a 'sun/nio/fs/WindowsException'{0x000000008996b218}> (0x000000008996b218) 
thrown [s\src\hotspot\share\prims\jni.cpp, line 517]
Event: 24.402 Thread 0x000001f87a424020 Exception <a 'sun/nio/fs/WindowsException'{0x000000008996b5f8}> (0x000000008996b5f8) 
thrown [s\src\hotspot\share\prims\jni.cpp, line 517]
Event: 24.402 Thread 0x000001f87a424020 Exception <a 'sun/nio/fs/WindowsException'{0x000000008996d6c8}> (0x000000008996d6c8) 
thrown [s\src\hotspot\share\prims\jni.cpp, line 517]
Event: 24.426 Thread 0x000001f87a424020 Exception <a 'java/lang/NoSuchMethodError'{0x00000000898e3068}: static Lcom/android/builder/internal/aapt/AaptOptions;.<clinit>()V> (0x00000000898e3068) 
thrown [s\src\hotspot\share\prims\jni.cpp, line 1108]
Event: 24.430 Thread 0x000001f87a424020 Exception <a 'java/lang/NoSuchMethodError'{0x0000000089718c68}: static [Ljava/lang/Object;.<clinit>()V> (0x0000000089718c68) 
thrown [s\src\hotspot\share\prims\jni.cpp, line 1108]
Event: 24.432 Thread 0x000001f87a424020 Exception <a 'java/lang/NoSuchMethodError'{0x0000000089729ef0}: static Ljava/lang/Object;.<clinit>()V> (0x0000000089729ef0) 
thrown [s\src\hotspot\share\prims\jni.cpp, line 1108]
Event: 24.435 Thread 0x000001f87a424020 Exception <a 'java/lang/NoSuchMethodError'{0x0000000089748a30}: static Lcom/android/build/api/variant/impl/SerializableApplicationMultiOutputHandler;.<clinit>()V> (0x0000000089748a30) 
thrown [s\src\hotspot\share\prims\jni.cpp, line 1108]
Event: 24.436 Thread 0x000001f87a424020 Exception <a 'java/lang/NoSuchMethodError'{0x000000008975ea78}: static Lcom/android/build/api/variant/impl/VariantOutputImpl$SerializedForm;.<clinit>()V> (0x000000008975ea78) 
thrown [s\src\hotspot\share\prims\jni.cpp, line 1108]
Event: 24.438 Thread 0x000001f87a424020 Exception <a 'java/lang/NoSuchMethodError'{0x00000000897731d0}: static Lcom/android/build/api/variant/impl/VariantOutputConfigurationImpl;.<clinit>()V> (0x00000000897731d0) 
thrown [s\src\hotspot\share\prims\jni.cpp, line 1108]
Event: 24.485 Thread 0x000001f87a421e70 Exception <a 'sun/nio/fs/WindowsException'{0x000000008953c1f0}> (0x000000008953c1f0) 
thrown [s\src\hotspot\share\prims\jni.cpp, line 517]
Event: 24.517 Thread 0x000001f87a421e70 Exception <a 'java/lang/NoSuchMethodError'{0x00000000895c37a0}: 'int java.lang.invoke.DirectMethodHandle$Holder.invokeSpecial(java.lang.Object, java.lang.Object, java.lang.Object, java.lang.Object, java.lang.Object)'> (0x00000000895c37a0) 
thrown [s\src\hotspot\share\interpreter\linkResolver.cpp, line 771]

VM Operations (20 events):
Event: 24.009 Executing VM operation: HandshakeAllThreads done
Event: 24.011 Executing VM operation: HandshakeAllThreads
Event: 24.011 Executing VM operation: HandshakeAllThreads done
Event: 24.046 Executing VM operation: G1Concurrent
Event: 24.075 Executing VM operation: G1Concurrent done
Event: 24.212 Executing VM operation: G1Concurrent
Event: 24.213 Executing VM operation: G1Concurrent done
Event: 24.339 Executing VM operation: HandshakeAllThreads
Event: 24.339 Executing VM operation: HandshakeAllThreads done
Event: 24.477 Executing VM operation: HandshakeAllThreads
Event: 24.477 Executing VM operation: HandshakeAllThreads done
Event: 24.479 Executing VM operation: HandshakeAllThreads
Event: 24.479 Executing VM operation: HandshakeAllThreads done
Event: 24.493 Executing VM operation: HandshakeAllThreads
Event: 24.502 Executing VM operation: HandshakeAllThreads done
Event: 24.757 Executing VM operation: ICBufferFull
Event: 24.758 Executing VM operation: ICBufferFull done
Event: 24.805 Executing VM operation: G1CollectForAllocation
Event: 24.820 Executing VM operation: G1CollectForAllocation done
Event: 24.878 Executing VM operation: G1CollectForAllocation

Events (20 events):
Event: 23.084 Thread 0x000001f871c172e0 flushing nmethod 0x000001f85c258390
Event: 23.084 Thread 0x000001f871c172e0 flushing nmethod 0x000001f85c25a590
Event: 23.084 Thread 0x000001f871c172e0 flushing nmethod 0x000001f85c266610
Event: 23.084 Thread 0x000001f871c172e0 flushing nmethod 0x000001f85c27ab90
Event: 23.084 Thread 0x000001f871c172e0 flushing nmethod 0x000001f85c27b910
Event: 23.084 Thread 0x000001f871c172e0 flushing nmethod 0x000001f85c27bf90
Event: 23.084 Thread 0x000001f871c172e0 flushing nmethod 0x000001f85c280c90
Event: 23.084 Thread 0x000001f871c172e0 flushing nmethod 0x000001f85c287b90
Event: 23.084 Thread 0x000001f871c172e0 flushing nmethod 0x000001f85c29af10
Event: 23.084 Thread 0x000001f871c172e0 flushing nmethod 0x000001f85c29b210
Event: 23.084 Thread 0x000001f871c172e0 flushing nmethod 0x000001f85c29b710
Event: 23.084 Thread 0x000001f871c172e0 flushing nmethod 0x000001f85c331b90
Event: 23.085 Thread 0x000001f871c172e0 flushing nmethod 0x000001f85c3bc390
Event: 24.395 loading class java/time/Clock
Event: 24.396 loading class java/time/InstantSource
Event: 24.396 loading class java/time/InstantSource done
Event: 24.396 loading class java/time/Clock done
Event: 24.396 loading class java/time/Clock$SystemClock
Event: 24.396 loading class java/time/Clock$SystemClock done
Event: 24.442 Thread 0x000001f87a41e4b0 Thread added: 0x000001f87a41e4b0


Dynamic libraries:
0x00007ff7e9df0000 - 0x00007ff7e9dfa000 	C:\Program Files\Android\Android Studio\jbr\bin\java.exe
0x00007fff659b0000 - 0x00007fff65ba7000 	C:\Windows\SYSTEM32\ntdll.dll
0x00007fff649f0000 - 0x00007fff64aad000 	C:\Windows\System32\KERNEL32.DLL
0x00007fff633a0000 - 0x00007fff63696000 	C:\Windows\System32\KERNELBASE.dll
0x00007fff638a0000 - 0x00007fff639a0000 	C:\Windows\System32\ucrtbase.dll
0x00007fff5e8b0000 - 0x00007fff5e8cb000 	C:\Program Files\Android\Android Studio\jbr\bin\VCRUNTIME140.dll
0x00007fff5abe0000 - 0x00007fff5abf7000 	C:\Program Files\Android\Android Studio\jbr\bin\jli.dll
0x00007fff651d0000 - 0x00007fff6536e000 	C:\Windows\System32\USER32.dll
0x00007fff630e0000 - 0x00007fff63102000 	C:\Windows\System32\win32u.dll
0x00007fff50e40000 - 0x00007fff510da000 	C:\Windows\WinSxS\amd64_microsoft.windows.common-controls_6595b64144ccf1df_6.0.19041.3570_none_60bb2a3971f3e41a\COMCTL32.dll
0x00007fff658e0000 - 0x00007fff6590c000 	C:\Windows\System32\GDI32.dll
0x00007fff64f00000 - 0x00007fff64f9e000 	C:\Windows\System32\msvcrt.dll
0x00007fff63750000 - 0x00007fff6386a000 	C:\Windows\System32\gdi32full.dll
0x00007fff63110000 - 0x00007fff631ad000 	C:\Windows\System32\msvcp_win.dll
0x00007fff658b0000 - 0x00007fff658e0000 	C:\Windows\System32\IMM32.DLL
0x00007fff5e8a0000 - 0x00007fff5e8ac000 	C:\Program Files\Android\Android Studio\jbr\bin\vcruntime140_1.dll
0x00007fff48110000 - 0x00007fff4819d000 	C:\Program Files\Android\Android Studio\jbr\bin\msvcp140.dll
0x00007fff2d890000 - 0x00007fff2e4fe000 	C:\Program Files\Android\Android Studio\jbr\bin\server\jvm.dll
0x00007fff656e0000 - 0x00007fff6578e000 	C:\Windows\System32\ADVAPI32.dll
0x00007fff65000000 - 0x00007fff6509c000 	C:\Windows\System32\sechost.dll
0x00007fff63a10000 - 0x00007fff63b36000 	C:\Windows\System32\RPCRT4.dll
0x00007fff5c730000 - 0x00007fff5c739000 	C:\Windows\SYSTEM32\WSOCK32.dll
0x00007fff55a20000 - 0x00007fff55a47000 	C:\Windows\SYSTEM32\WINMM.dll
0x00007fff650a0000 - 0x00007fff6510b000 	C:\Windows\System32\WS2_32.dll
0x00007fff55ec0000 - 0x00007fff55eca000 	C:\Windows\SYSTEM32\VERSION.dll
0x00007fff61110000 - 0x00007fff61122000 	C:\Windows\SYSTEM32\kernel.appcore.dll
0x00007fff5f8f0000 - 0x00007fff5f8fa000 	C:\Program Files\Android\Android Studio\jbr\bin\jimage.dll
0x00007fff4d1d0000 - 0x00007fff4d3b4000 	C:\Windows\SYSTEM32\DBGHELP.DLL
0x00007fff4da50000 - 0x00007fff4da84000 	C:\Windows\SYSTEM32\dbgcore.DLL
0x00007fff63310000 - 0x00007fff63392000 	C:\Windows\System32\bcryptPrimitives.dll
0x00007fff5e860000 - 0x00007fff5e885000 	C:\Program Files\Android\Android Studio\jbr\bin\java.dll
0x00007fff5eca0000 - 0x00007fff5ecb8000 	C:\Program Files\Android\Android Studio\jbr\bin\zip.dll
0x00007fff63cc0000 - 0x00007fff64404000 	C:\Windows\System32\SHELL32.dll
0x00007fff61130000 - 0x00007fff618cb000 	C:\Windows\SYSTEM32\windows.storage.dll
0x00007fff65370000 - 0x00007fff656c4000 	C:\Windows\System32\combase.dll
0x00007fff62a60000 - 0x00007fff62a8d000 	C:\Windows\SYSTEM32\Wldp.dll
0x00007fff64bf0000 - 0x00007fff64c9d000 	C:\Windows\System32\SHCORE.dll
0x00007fff65110000 - 0x00007fff65165000 	C:\Windows\System32\shlwapi.dll
0x00007fff62fc0000 - 0x00007fff62fe5000 	C:\Windows\SYSTEM32\profapi.dll
0x00007fff5d9b0000 - 0x00007fff5d9c9000 	C:\Program Files\Android\Android Studio\jbr\bin\net.dll
0x00007fff57050000 - 0x00007fff5715a000 	C:\Windows\SYSTEM32\WINHTTP.dll
0x00007fff62760000 - 0x00007fff627ca000 	C:\Windows\system32\mswsock.dll
0x00007fff5d990000 - 0x00007fff5d9a6000 	C:\Program Files\Android\Android Studio\jbr\bin\nio.dll
0x00007fff5f8e0000 - 0x00007fff5f8f0000 	C:\Program Files\Android\Android Studio\jbr\bin\verify.dll
0x00007fff52690000 - 0x00007fff526b7000 	C:\Users\refrizar.dwiardito\.jdks\openjdk-21\native\68d5fa5c4cc2d200863cafc0d521ce42e7d3e7ee720ec0a83991735586a16f82\windows-amd64\native-platform.dll
0x00007fff385d0000 - 0x00007fff38714000 	C:\Users\refrizar.dwiardito\.jdks\openjdk-21\native\e376f236ea51e6404a007f0833ffe2c6e607c4080706a723a18a27aeea778392\windows-amd64\native-platform-file-events.dll
0x00007fff5dad0000 - 0x00007fff5dad9000 	C:\Program Files\Android\Android Studio\jbr\bin\management.dll
0x00007fff5c6b0000 - 0x00007fff5c6bb000 	C:\Program Files\Android\Android Studio\jbr\bin\management_ext.dll
0x00007fff656d0000 - 0x00007fff656d8000 	C:\Windows\System32\PSAPI.DLL
0x00007fff629b0000 - 0x00007fff629c8000 	C:\Windows\SYSTEM32\CRYPTSP.dll
0x00007fff62070000 - 0x00007fff620a4000 	C:\Windows\system32\rsaenh.dll
0x00007fff63870000 - 0x00007fff63897000 	C:\Windows\System32\bcrypt.dll
0x00007fff62f40000 - 0x00007fff62f6e000 	C:\Windows\SYSTEM32\USERENV.dll
0x00007fff629d0000 - 0x00007fff629dc000 	C:\Windows\SYSTEM32\CRYPTBASE.dll
0x00007fff62450000 - 0x00007fff6248b000 	C:\Windows\SYSTEM32\IPHLPAPI.DLL
0x00007fff63cb0000 - 0x00007fff63cb8000 	C:\Windows\System32\NSI.dll
0x00007fff577b0000 - 0x00007fff577c7000 	C:\Windows\SYSTEM32\dhcpcsvc6.DLL
0x00007fff57790000 - 0x00007fff577ad000 	C:\Windows\SYSTEM32\dhcpcsvc.DLL
0x00007fff62490000 - 0x00007fff6255a000 	C:\Windows\SYSTEM32\DNSAPI.dll
0x00007fff5c120000 - 0x00007fff5c127000 	C:\Windows\system32\wshunix.dll
0x00007fff553e0000 - 0x00007fff553f7000 	C:\Windows\system32\napinsp.dll
0x00007fff552d0000 - 0x00007fff552eb000 	C:\Windows\system32\pnrpnsp.dll
0x00007fff5dba0000 - 0x00007fff5dbb5000 	C:\Windows\system32\wshbth.dll
0x00007fff5d9e0000 - 0x00007fff5d9fd000 	C:\Windows\system32\NLAapi.dll
0x00007fff52b30000 - 0x00007fff52b42000 	C:\Windows\System32\winrnr.dll
0x00007fff5a500000 - 0x00007fff5a50a000 	C:\Windows\System32\rasadhlp.dll
0x00007fff55fb0000 - 0x00007fff56032000 	C:\Windows\System32\fwpuclnt.dll

dbghelp: loaded successfully - version: 4.0.5 - missing functions: none
symbol engine: initialized successfully - sym options: 0x614 - pdb path: .;C:\Program Files\Android\Android Studio\jbr\bin;C:\Windows\SYSTEM32;C:\Windows\WinSxS\amd64_microsoft.windows.common-controls_6595b64144ccf1df_6.0.19041.3570_none_60bb2a3971f3e41a;C:\Program Files\Android\Android Studio\jbr\bin\server;C:\Users\refrizar.dwiardito\.jdks\openjdk-21\native\68d5fa5c4cc2d200863cafc0d521ce42e7d3e7ee720ec0a83991735586a16f82\windows-amd64;C:\Users\refrizar.dwiardito\.jdks\openjdk-21\native\e376f236ea51e6404a007f0833ffe2c6e607c4080706a723a18a27aeea778392\windows-amd64

VM Arguments:
jvm_args: --add-opens=java.base/java.util=ALL-UNNAMED --add-opens=java.base/java.lang=ALL-UNNAMED --add-opens=java.base/java.lang.invoke=ALL-UNNAMED --add-opens=java.prefs/java.util.prefs=ALL-UNNAMED --add-opens=java.base/java.nio.charset=ALL-UNNAMED --add-opens=java.base/java.net=ALL-UNNAMED --add-opens=java.base/java.util.concurrent.atomic=ALL-UNNAMED -Xmx2048m -Dfile.encoding=UTF-8 -Duser.country=US -Duser.language=en -Duser.variant 
java_command: org.gradle.launcher.daemon.bootstrap.GradleDaemon 8.0
java_class_path (initial): C:\Users\refrizar.dwiardito\.jdks\openjdk-21\wrapper\dists\gradle-8.0-all\a2o1xoguejy6msdh0lk99lxza\gradle-8.0\lib\gradle-launcher-8.0.jar
Launcher Type: SUN_STANDARD

[Global flags]
     intx CICompilerCount                          = 3                                         {product} {ergonomic}
     uint ConcGCThreads                            = 1                                         {product} {ergonomic}
     uint G1ConcRefinementThreads                  = 4                                         {product} {ergonomic}
   size_t G1HeapRegionSize                         = 1048576                                   {product} {ergonomic}
    uintx GCDrainStackTargetSize                   = 64                                        {product} {ergonomic}
   size_t InitialHeapSize                          = 134217728                                 {product} {ergonomic}
   size_t MarkStackSize                            = 4194304                                   {product} {ergonomic}
   size_t MaxHeapSize                              = 2147483648                                {product} {command line}
   size_t MaxNewSize                               = 1287651328                                {product} {ergonomic}
   size_t MinHeapDeltaBytes                        = 1048576                                   {product} {ergonomic}
   size_t MinHeapSize                              = 8388608                                   {product} {ergonomic}
    uintx NonNMethodCodeHeapSize                   = 5832780                                {pd product} {ergonomic}
    uintx NonProfiledCodeHeapSize                  = 122912730                              {pd product} {ergonomic}
    uintx ProfiledCodeHeapSize                     = 122912730                              {pd product} {ergonomic}
    uintx ReservedCodeCacheSize                    = 251658240                              {pd product} {ergonomic}
     bool SegmentedCodeCache                       = true                                      {product} {ergonomic}
   size_t SoftMaxHeapSize                          = 2147483648                             {manageable} {ergonomic}
     bool UseCompressedClassPointers               = true                           {product lp64_product} {ergonomic}
     bool UseCompressedOops                        = true                           {product lp64_product} {ergonomic}
     bool UseG1GC                                  = true                                      {product} {ergonomic}
     bool UseLargePagesIndividualAllocation        = false                                  {pd product} {ergonomic}

Logging:
Log output configuration:
 #0: stdout all=warning uptime,level,tags
 #1: stderr all=off uptime,level,tags

Environment Variables:
JAVA_HOME=C:\Users\refrizar.dwiardito\.jdks\openjdk-21
PATH=C:\Program Files\Common Files\Oracle\Java\javapath;C:\Windows\system32;C:\Windows;C:\Windows\System32\Wbem;C:\Windows\System32\WindowsPowerShell\v1.0\;C:\Windows\System32\OpenSSH\;C:\Program Files\mingw-w64\x86_64-8.1.0-posix-seh-rt_v6-rev0\mingw64\bin;C:\Users\refrizar.dwiardito\AppData\Local\Programs\Python\Python310\Scripts;C:\Users\refrizar.dwiardito\.jdks\openjdk-21\bin;C:\Program Files\PuTTY\;C:\Program Files\gradle-8.3\bin;C:\Program Files\Git\cmd;C:\Users\refrizar.dwiardito\AppData\Local\Programs\Python\Python310\Scripts\;C:\Users\refrizar.dwiardito\AppData\Local\Programs\Python\Python310\;C:\Users\refrizar.dwiardito\AppData\Local\Microsoft\WindowsApps;;C:\Users\refrizar.dwiardito\AppData\Local\Programs\Microsoft VS Code\bin
USERNAME=refrizar.dwiardito
OS=Windows_NT
PROCESSOR_IDENTIFIER=Intel64 Family 6 Model 61 Stepping 4, GenuineIntel
TMP=C:\Users\REFRIZ~1.DWI\AppData\Local\Temp
TEMP=C:\Users\REFRIZ~1.DWI\AppData\Local\Temp


JNI global refs:
JNI global refs: 25, weak refs: 1

JNI global refs memory usage: 843, weak refs: 841


---------------  S Y S T E M  ---------------

OS:
 Windows 10 , 64 bit Build 19041 (10.0.19041.3570)
OS uptime: 0 days 1:00 hours

CPU: total 4 (initial active 4) (2 cores per cpu, 2 threads per core) family 6 model 61 stepping 4 microcode 0x2f, cx8, cmov, fxsr, ht, mmx, 3dnowpref, sse, sse2, sse3, ssse3, sse4.1, sse4.2, popcnt, lzcnt, tsc, tscinvbit, avx, avx2, aes, erms, clmul, bmi1, bmi2, adx, fma, vzeroupper, clflush

Memory: 4k page, system-wide physical 8083M (616M free)
TotalPageFile size 8083M (AvailPageFile size 53M)
current process WorkingSet (physical memory assigned to process): 444M, peak: 444M
current process commit charge ("private bytes"): 469M, peak: 562M

vm_info: OpenJDK 64-Bit Server VM (17.0.6+0-b2043.56-10027231) for windows-amd64 JRE (17.0.6+0-b2043.56-10027231), built on Apr 28 2023 00:43:19 by "androidbuild" with MS VC++ 16.10 / 16.11 (VS2019)

END.
