#
# There is insufficient memory for the Java Runtime Environment to continue.
# Native memory allocation (malloc) failed to allocate 596496 bytes for Chunk::new
# Possible reasons:
#   The system is out of physical RAM or swap space
#   The process is running with CompressedOops enabled, and the Java Heap may be blocking the growth of the native heap
# Possible solutions:
#   Reduce memory load on the system
#   Increase physical memory or swap space
#   Check if swap backing store is full
#   Decrease Java heap size (-Xmx/-Xms)
#   Decrease number of Java threads
#   Decrease Java thread stack sizes (-Xss)
#   Set larger code cache with -XX:ReservedCodeCacheSize=
#   JVM is running with Unscaled Compressed Oops mode in which the Java heap is
#     placed in the first 4GB address space. The Java Heap base address is the
#     maximum limit for the native heap growth. Please use -XX:HeapBaseMinAddress
#     to set the Java Heap base and to place the Java Heap above 4GB virtual address.
# This output file may be truncated or incomplete.
#
#  Out of Memory Error (arena.cpp:189), pid=10296, tid=6712
#
# JRE version: OpenJDK Runtime Environment (17.0.6) (build 17.0.6+0-b2043.56-10027231)
# Java VM: OpenJDK 64-Bit Server VM (17.0.6+0-b2043.56-10027231, mixed mode, tiered, compressed oops, compressed class ptrs, g1 gc, windows-amd64)
# No core dump will be written. Minidumps are not enabled by default on client versions of Windows
#

---------------  S U M M A R Y ------------

Command Line: org.jetbrains.kotlin.cli.jvm.K2JVMCompiler @C:\Users\refrizar.dwiardito\AndroidStudioProjects\Catwell\app\build\20231013_5271192218576671121.compiler.options

Host: Intel(R) Core(TM) i5-5200U CPU @ 2.20GHz, 4 cores, 7G,  Windows 10 , 64 bit Build 19041 (10.0.19041.3393)
Time: Fri Oct 13 06:57:20 2023 SE Asia Standard Time elapsed time: 28.286073 seconds (0d 0h 0m 28s)

---------------  T H R E A D  ---------------

Current thread (0x000002283302faa0):  JavaThread "C2 CompilerThread0" daemon [_thread_in_native, id=6712, stack(0x00000080d6800000,0x00000080d6900000)]


Current CompileTask:
C2:  28286 7976       4       org.jetbrains.kotlin.com.intellij.psi.stubs.StubList::addStub (139 bytes)

Stack: [0x00000080d6800000,0x00000080d6900000]
Native frames: (J=compiled Java code, j=interpreted, Vv=VM code, C=native code)
V  [jvm.dll+0x683c9a]
V  [jvm.dll+0x8427a4]
V  [jvm.dll+0x843f9e]
V  [jvm.dll+0x844603]
V  [jvm.dll+0x249b75]
V  [jvm.dll+0xabcac]
V  [jvm.dll+0xac27c]
V  [jvm.dll+0x2b0eef]
V  [jvm.dll+0x58a267]
V  [jvm.dll+0x2243b2]
V  [jvm.dll+0x22478f]
V  [jvm.dll+0x21e055]
V  [jvm.dll+0x21b51b]
V  [jvm.dll+0x1a4fdd]
V  [jvm.dll+0x22b098]
V  [jvm.dll+0x229159]
V  [jvm.dll+0x7f81ec]
V  [jvm.dll+0x7f274a]
V  [jvm.dll+0x682ad5]
C  [ucrtbase.dll+0x21bb2]
C  [KERNEL32.DLL+0x17344]
C  [ntdll.dll+0x526b1]


---------------  P R O C E S S  ---------------

Threads class SMR info:
_java_thread_list=0x0000022833879320, length=12, elements={
0x00000228190b9300, 0x00000228325ac780, 0x00000228325ae010, 0x00000228325fe610,
0x00000228325e48c0, 0x00000228325e5e20, 0x000002283302cbb0, 0x000002283302faa0,
0x0000022833030750, 0x0000022833033410, 0x000002283302b870, 0x000002283302d550
}

Java Threads: ( => current thread )
  0x00000228190b9300 JavaThread "main" [_thread_in_Java, id=9640, stack(0x00000080d5b00000,0x00000080d5c00000)]
  0x00000228325ac780 JavaThread "Reference Handler" daemon [_thread_blocked, id=6676, stack(0x00000080d6200000,0x00000080d6300000)]
  0x00000228325ae010 JavaThread "Finalizer" daemon [_thread_blocked, id=1728, stack(0x00000080d6300000,0x00000080d6400000)]
  0x00000228325fe610 JavaThread "Signal Dispatcher" daemon [_thread_blocked, id=6692, stack(0x00000080d6400000,0x00000080d6500000)]
  0x00000228325e48c0 JavaThread "Attach Listener" daemon [_thread_blocked, id=5108, stack(0x00000080d6500000,0x00000080d6600000)]
  0x00000228325e5e20 JavaThread "Service Thread" daemon [_thread_blocked, id=12168, stack(0x00000080d6600000,0x00000080d6700000)]
  0x000002283302cbb0 JavaThread "Monitor Deflation Thread" daemon [_thread_blocked, id=7160, stack(0x00000080d6700000,0x00000080d6800000)]
=>0x000002283302faa0 JavaThread "C2 CompilerThread0" daemon [_thread_in_native, id=6712, stack(0x00000080d6800000,0x00000080d6900000)]
  0x0000022833030750 JavaThread "C1 CompilerThread0" daemon [_thread_in_native, id=13216, stack(0x00000080d6900000,0x00000080d6a00000)]
  0x0000022833033410 JavaThread "Sweeper thread" daemon [_thread_blocked, id=12084, stack(0x00000080d6a00000,0x00000080d6b00000)]
  0x000002283302b870 JavaThread "Notification Thread" daemon [_thread_blocked, id=4488, stack(0x00000080d6b00000,0x00000080d6c00000)]
  0x000002283302d550 JavaThread "Common-Cleaner" daemon [_thread_blocked, id=6832, stack(0x00000080d6d00000,0x00000080d6e00000)]

Other Threads:
  0x00000228325a7c40 VMThread "VM Thread" [stack: 0x00000080d6100000,0x00000080d6200000] [id=10660]
  0x000002283311e6d0 WatcherThread [stack: 0x00000080d6c00000,0x00000080d6d00000] [id=11316]
  0x0000022819113070 GCTaskThread "GC Thread#0" [stack: 0x00000080d5c00000,0x00000080d5d00000] [id=9128]
  0x0000022833558ce0 GCTaskThread "GC Thread#1" [stack: 0x00000080d6e00000,0x00000080d6f00000] [id=13264]
  0x0000022833577d80 GCTaskThread "GC Thread#2" [stack: 0x00000080d6f00000,0x00000080d7000000] [id=7140]
  0x0000022833590140 GCTaskThread "GC Thread#3" [stack: 0x00000080d7000000,0x00000080d7100000] [id=9880]
  0x0000022819123c70 ConcurrentGCThread "G1 Main Marker" [stack: 0x00000080d5d00000,0x00000080d5e00000] [id=12556]
  0x0000022819126230 ConcurrentGCThread "G1 Conc#0" [stack: 0x00000080d5e00000,0x00000080d5f00000] [id=9008]
  0x0000022832410490 ConcurrentGCThread "G1 Refine#0" [stack: 0x00000080d5f00000,0x00000080d6000000] [id=3016]
  0x0000022834ef8ff0 ConcurrentGCThread "G1 Refine#1" [stack: 0x00000080d7100000,0x00000080d7200000] [id=12952]
  0x0000022835bcbf40 ConcurrentGCThread "G1 Refine#2" [stack: 0x00000080d7200000,0x00000080d7300000] [id=10728]
  0x0000022832410eb0 ConcurrentGCThread "G1 Service" [stack: 0x00000080d6000000,0x00000080d6100000] [id=8804]

Threads with active compile tasks:
C2 CompilerThread0    28375 7976       4       org.jetbrains.kotlin.com.intellij.psi.stubs.StubList::addStub (139 bytes)
C1 CompilerThread0    28375 8195       2       org.jetbrains.kotlin.resolve.calls.inference.components.VariableFixationFinder::findTypeVariableForFixation (340 bytes)

VM state: not at safepoint (normal execution)

VM Mutex/Monitor currently owned by a thread: None

Heap address: 0x0000000081a00000, size: 2022 MB, Compressed Oops mode: 32-bit

CDS archive(s) not mapped
Compressed class space mapped at: 0x0000000100000000-0x0000000140000000, reserved size: 1073741824
Narrow klass base: 0x0000000000000000, Narrow klass shift: 3, Narrow klass range: 0x140000000

GC Precious Log:
 CPUs: 4 total, 4 available
 Memory: 8083M
 Large Page Support: Disabled
 NUMA Support: Disabled
 Compressed Oops: Enabled (32-bit)
 Heap Region Size: 1M
 Heap Min Capacity: 8M
 Heap Initial Capacity: 128M
 Heap Max Capacity: 2022M
 Pre-touch: Disabled
 Parallel Workers: 4
 Concurrent Workers: 1
 Concurrent Refinement Workers: 4
 Periodic GC: Disabled

Heap:
 garbage-first heap   total 89088K, used 52681K [0x0000000081a00000, 0x0000000100000000)
  region size 1024K, 2 young (2048K), 1 survivors (1024K)
 Metaspace       used 63420K, committed 63680K, reserved 1105920K
  class space    used 7510K, committed 7616K, reserved 1048576K

Heap Regions: E=young(eden), S=young(survivor), O=old, HS=humongous(starts), HC=humongous(continues), CS=collection set, F=free, OA=open archive, CA=closed archive, TAMS=top-at-mark-start (previous, next)
|   0|0x0000000081a00000, 0x0000000081b00000, 0x0000000081b00000|100%|HS|  |TAMS 0x0000000081b00000, 0x0000000081a00000| Complete 
|   1|0x0000000081b00000, 0x0000000081c00000, 0x0000000081c00000|100%|HC|  |TAMS 0x0000000081c00000, 0x0000000081b00000| Complete 
|   2|0x0000000081c00000, 0x0000000081d00000, 0x0000000081d00000|100%|HC|  |TAMS 0x0000000081d00000, 0x0000000081c00000| Complete 
|   3|0x0000000081d00000, 0x0000000081e00000, 0x0000000081e00000|100%|HC|  |TAMS 0x0000000081e00000, 0x0000000081d00000| Complete 
|   4|0x0000000081e00000, 0x0000000081ef6800, 0x0000000081f00000| 96%| O|  |TAMS 0x0000000081ef6800, 0x0000000081e00000| Untracked 
|   5|0x0000000081f00000, 0x0000000082000000, 0x0000000082000000|100%| O|  |TAMS 0x0000000082000000, 0x0000000081f00000| Untracked 
|   6|0x0000000082000000, 0x0000000082100000, 0x0000000082100000|100%| O|  |TAMS 0x0000000082100000, 0x0000000082000000| Untracked 
|   7|0x0000000082100000, 0x0000000082200000, 0x0000000082200000|100%| O|  |TAMS 0x0000000082200000, 0x0000000082100000| Untracked 
|   8|0x0000000082200000, 0x0000000082300000, 0x0000000082300000|100%| O|  |TAMS 0x0000000082300000, 0x0000000082200000| Untracked 
|   9|0x0000000082300000, 0x0000000082400000, 0x0000000082400000|100%| O|  |TAMS 0x0000000082400000, 0x0000000082300000| Untracked 
|  10|0x0000000082400000, 0x0000000082500000, 0x0000000082500000|100%| O|  |TAMS 0x0000000082500000, 0x0000000082400000| Untracked 
|  11|0x0000000082500000, 0x0000000082600000, 0x0000000082600000|100%| O|  |TAMS 0x0000000082600000, 0x0000000082500000| Untracked 
|  12|0x0000000082600000, 0x0000000082700000, 0x0000000082700000|100%| O|  |TAMS 0x0000000082700000, 0x0000000082600000| Untracked 
|  13|0x0000000082700000, 0x0000000082800000, 0x0000000082800000|100%| O|  |TAMS 0x0000000082800000, 0x0000000082700000| Untracked 
|  14|0x0000000082800000, 0x0000000082900000, 0x0000000082900000|100%| O|  |TAMS 0x0000000082900000, 0x0000000082800000| Untracked 
|  15|0x0000000082900000, 0x0000000082a00000, 0x0000000082a00000|100%| O|  |TAMS 0x0000000082a00000, 0x0000000082900000| Untracked 
|  16|0x0000000082a00000, 0x0000000082b00000, 0x0000000082b00000|100%| O|  |TAMS 0x0000000082b00000, 0x0000000082a00000| Untracked 
|  17|0x0000000082b00000, 0x0000000082c00000, 0x0000000082c00000|100%| O|  |TAMS 0x0000000082c00000, 0x0000000082b00000| Untracked 
|  18|0x0000000082c00000, 0x0000000082d00000, 0x0000000082d00000|100%| O|  |TAMS 0x0000000082d00000, 0x0000000082c00000| Untracked 
|  19|0x0000000082d00000, 0x0000000082e00000, 0x0000000082e00000|100%| O|  |TAMS 0x0000000082e00000, 0x0000000082d00000| Untracked 
|  20|0x0000000082e00000, 0x0000000082f00000, 0x0000000082f00000|100%|HS|  |TAMS 0x0000000082f00000, 0x0000000082e00000| Complete 
|  21|0x0000000082f00000, 0x0000000083000000, 0x0000000083000000|100%|HC|  |TAMS 0x0000000083000000, 0x0000000082f00000| Complete 
|  22|0x0000000083000000, 0x0000000083100000, 0x0000000083100000|100%| O|  |TAMS 0x0000000083100000, 0x0000000083000000| Untracked 
|  23|0x0000000083100000, 0x0000000083200000, 0x0000000083200000|100%| O|  |TAMS 0x0000000083200000, 0x0000000083100000| Untracked 
|  24|0x0000000083200000, 0x0000000083300000, 0x0000000083300000|100%| O|  |TAMS 0x0000000083300000, 0x0000000083200000| Untracked 
|  25|0x0000000083300000, 0x0000000083400000, 0x0000000083400000|100%| O|  |TAMS 0x0000000083400000, 0x0000000083300000| Untracked 
|  26|0x0000000083400000, 0x0000000083500000, 0x0000000083500000|100%| O|  |TAMS 0x0000000083500000, 0x0000000083400000| Untracked 
|  27|0x0000000083500000, 0x0000000083600000, 0x0000000083600000|100%| O|  |TAMS 0x0000000083600000, 0x0000000083500000| Untracked 
|  28|0x0000000083600000, 0x0000000083700000, 0x0000000083700000|100%| O|  |TAMS 0x0000000083700000, 0x0000000083600000| Untracked 
|  29|0x0000000083700000, 0x0000000083800000, 0x0000000083800000|100%| O|  |TAMS 0x0000000083800000, 0x0000000083700000| Untracked 
|  30|0x0000000083800000, 0x0000000083900000, 0x0000000083900000|100%| O|  |TAMS 0x0000000083900000, 0x0000000083800000| Untracked 
|  31|0x0000000083900000, 0x0000000083a00000, 0x0000000083a00000|100%| O|  |TAMS 0x0000000083a00000, 0x0000000083900000| Untracked 
|  32|0x0000000083a00000, 0x0000000083b00000, 0x0000000083b00000|100%| O|  |TAMS 0x0000000083b00000, 0x0000000083a00000| Untracked 
|  33|0x0000000083b00000, 0x0000000083c00000, 0x0000000083c00000|100%| O|  |TAMS 0x0000000083c00000, 0x0000000083b00000| Untracked 
|  34|0x0000000083c00000, 0x0000000083d00000, 0x0000000083d00000|100%| O|  |TAMS 0x0000000083d00000, 0x0000000083c00000| Untracked 
|  35|0x0000000083d00000, 0x0000000083e00000, 0x0000000083e00000|100%| O|  |TAMS 0x0000000083e00000, 0x0000000083d00000| Untracked 
|  36|0x0000000083e00000, 0x0000000083f00000, 0x0000000083f00000|100%| O|  |TAMS 0x0000000083e00000, 0x0000000083e00000| Untracked 
|  37|0x0000000083f00000, 0x0000000084000000, 0x0000000084000000|100%| O|  |TAMS 0x0000000084000000, 0x0000000083f00000| Untracked 
|  38|0x0000000084000000, 0x0000000084100000, 0x0000000084100000|100%| O|  |TAMS 0x0000000084100000, 0x0000000084000000| Untracked 
|  39|0x0000000084100000, 0x0000000084200000, 0x0000000084200000|100%| O|  |TAMS 0x0000000084200000, 0x0000000084100000| Untracked 
|  40|0x0000000084200000, 0x0000000084200000, 0x0000000084300000|  0%| F|  |TAMS 0x0000000084200000, 0x0000000084200000| Untracked 
|  41|0x0000000084300000, 0x0000000084400000, 0x0000000084400000|100%| O|  |TAMS 0x0000000084400000, 0x0000000084300000| Untracked 
|  42|0x0000000084400000, 0x0000000084500000, 0x0000000084500000|100%| O|  |TAMS 0x0000000084500000, 0x0000000084400000| Untracked 
|  43|0x0000000084500000, 0x0000000084600000, 0x0000000084600000|100%| O|  |TAMS 0x0000000084600000, 0x0000000084500000| Untracked 
|  44|0x0000000084600000, 0x0000000084700000, 0x0000000084700000|100%| O|  |TAMS 0x0000000084700000, 0x0000000084600000| Untracked 
|  45|0x0000000084700000, 0x0000000084800000, 0x0000000084800000|100%| O|  |TAMS 0x000000008470ec00, 0x0000000084700000| Untracked 
|  46|0x0000000084800000, 0x0000000084900000, 0x0000000084900000|100%| O|  |TAMS 0x0000000084800000, 0x0000000084800000| Untracked 
|  47|0x0000000084900000, 0x0000000084a00000, 0x0000000084a00000|100%| O|  |TAMS 0x0000000084900000, 0x0000000084900000| Untracked 
|  48|0x0000000084a00000, 0x0000000084b00000, 0x0000000084b00000|100%| O|  |TAMS 0x0000000084a00000, 0x0000000084a00000| Untracked 
|  49|0x0000000084b00000, 0x0000000084c00000, 0x0000000084c00000|100%| O|  |TAMS 0x0000000084b00000, 0x0000000084b00000| Untracked 
|  50|0x0000000084c00000, 0x0000000084d00000, 0x0000000084d00000|100%| O|  |TAMS 0x0000000084c00000, 0x0000000084c00000| Untracked 
|  51|0x0000000084d00000, 0x0000000084de6000, 0x0000000084e00000| 89%| O|  |TAMS 0x0000000084d00000, 0x0000000084d00000| Untracked 
|  52|0x0000000084e00000, 0x0000000084e00000, 0x0000000084f00000|  0%| F|  |TAMS 0x0000000084e00000, 0x0000000084e00000| Untracked 
|  53|0x0000000084f00000, 0x0000000084f00000, 0x0000000085000000|  0%| F|  |TAMS 0x0000000084f00000, 0x0000000084f00000| Untracked 
|  54|0x0000000085000000, 0x0000000085000000, 0x0000000085100000|  0%| F|  |TAMS 0x0000000085000000, 0x0000000085000000| Untracked 
|  55|0x0000000085100000, 0x0000000085100000, 0x0000000085200000|  0%| F|  |TAMS 0x0000000085100000, 0x0000000085100000| Untracked 
|  56|0x0000000085200000, 0x0000000085200000, 0x0000000085300000|  0%| F|  |TAMS 0x0000000085200000, 0x0000000085200000| Untracked 
|  57|0x0000000085300000, 0x0000000085300000, 0x0000000085400000|  0%| F|  |TAMS 0x0000000085300000, 0x0000000085300000| Untracked 
|  58|0x0000000085400000, 0x0000000085400000, 0x0000000085500000|  0%| F|  |TAMS 0x0000000085400000, 0x0000000085400000| Untracked 
|  59|0x0000000085500000, 0x0000000085500000, 0x0000000085600000|  0%| F|  |TAMS 0x0000000085500000, 0x0000000085500000| Untracked 
|  60|0x0000000085600000, 0x0000000085600000, 0x0000000085700000|  0%| F|  |TAMS 0x0000000085600000, 0x0000000085600000| Untracked 
|  61|0x0000000085700000, 0x0000000085700000, 0x0000000085800000|  0%| F|  |TAMS 0x0000000085700000, 0x0000000085700000| Untracked 
|  62|0x0000000085800000, 0x0000000085800000, 0x0000000085900000|  0%| F|  |TAMS 0x0000000085800000, 0x0000000085800000| Untracked 
|  63|0x0000000085900000, 0x0000000085900000, 0x0000000085a00000|  0%| F|  |TAMS 0x0000000085900000, 0x0000000085900000| Untracked 
|  64|0x0000000085a00000, 0x0000000085a00000, 0x0000000085b00000|  0%| F|  |TAMS 0x0000000085a00000, 0x0000000085a00000| Untracked 
|  65|0x0000000085b00000, 0x0000000085b00000, 0x0000000085c00000|  0%| F|  |TAMS 0x0000000085b00000, 0x0000000085b00000| Untracked 
|  66|0x0000000085c00000, 0x0000000085c00000, 0x0000000085d00000|  0%| F|  |TAMS 0x0000000085c00000, 0x0000000085c00000| Untracked 
|  67|0x0000000085d00000, 0x0000000085d00000, 0x0000000085e00000|  0%| F|  |TAMS 0x0000000085d00000, 0x0000000085d00000| Untracked 
|  68|0x0000000085e00000, 0x0000000085e00000, 0x0000000085f00000|  0%| F|  |TAMS 0x0000000085e00000, 0x0000000085e00000| Untracked 
|  69|0x0000000085f00000, 0x0000000085f00000, 0x0000000086000000|  0%| F|  |TAMS 0x0000000085f00000, 0x0000000085f00000| Untracked 
|  70|0x0000000086000000, 0x0000000086000000, 0x0000000086100000|  0%| F|  |TAMS 0x0000000086000000, 0x0000000086000000| Untracked 
|  71|0x0000000086100000, 0x0000000086100000, 0x0000000086200000|  0%| F|  |TAMS 0x0000000086100000, 0x0000000086100000| Untracked 
|  72|0x0000000086200000, 0x0000000086200000, 0x0000000086300000|  0%| F|  |TAMS 0x0000000086200000, 0x0000000086200000| Untracked 
|  73|0x0000000086300000, 0x0000000086300000, 0x0000000086400000|  0%| F|  |TAMS 0x0000000086300000, 0x0000000086300000| Untracked 
|  74|0x0000000086400000, 0x0000000086400000, 0x0000000086500000|  0%| F|  |TAMS 0x0000000086400000, 0x0000000086400000| Untracked 
|  75|0x0000000086500000, 0x0000000086500000, 0x0000000086600000|  0%| F|  |TAMS 0x0000000086500000, 0x0000000086500000| Untracked 
|  76|0x0000000086600000, 0x0000000086600000, 0x0000000086700000|  0%| F|  |TAMS 0x0000000086600000, 0x0000000086600000| Untracked 
|  77|0x0000000086700000, 0x0000000086700000, 0x0000000086800000|  0%| F|  |TAMS 0x0000000086700000, 0x0000000086700000| Untracked 
|  78|0x0000000086800000, 0x0000000086800000, 0x0000000086900000|  0%| F|  |TAMS 0x0000000086800000, 0x0000000086800000| Untracked 
|  79|0x0000000086900000, 0x0000000086900000, 0x0000000086a00000|  0%| F|  |TAMS 0x0000000086900000, 0x0000000086900000| Untracked 
|  80|0x0000000086a00000, 0x0000000086a00000, 0x0000000086b00000|  0%| F|  |TAMS 0x0000000086a00000, 0x0000000086a00000| Untracked 
|  94|0x0000000087800000, 0x0000000087800000, 0x0000000087900000|  0%| F|  |TAMS 0x0000000087800000, 0x0000000087800000| Untracked 
|  95|0x0000000087900000, 0x0000000087900000, 0x0000000087a00000|  0%| F|  |TAMS 0x0000000087900000, 0x0000000087900000| Untracked 
|  96|0x0000000087a00000, 0x0000000087a00000, 0x0000000087b00000|  0%| F|  |TAMS 0x0000000087a00000, 0x0000000087a00000| Untracked 
|  97|0x0000000087b00000, 0x0000000087b00000, 0x0000000087c00000|  0%| F|  |TAMS 0x0000000087b00000, 0x0000000087b00000| Untracked 
|  98|0x0000000087c00000, 0x0000000087c95f60, 0x0000000087d00000| 58%| S|CS|TAMS 0x0000000087c00000, 0x0000000087c00000| Complete 
| 127|0x0000000089900000, 0x00000000899b6c50, 0x0000000089a00000| 71%| E|  |TAMS 0x0000000089900000, 0x0000000089900000| Complete 

Card table byte_map: [0x000002282b990000,0x000002282bd90000] _byte_map_base: 0x000002282b583000

Marking Bits (Prev, Next): (CMBitMap*) 0x00000228191136c0, (CMBitMap*) 0x0000022819113680
 Prev Bits: [0x000002282e130000, 0x00000228300c8000)
 Next Bits: [0x000002282c190000, 0x000002282e128000)

Polling page: 0x0000022817070000

Metaspace:

Usage:
  Non-class:     54.60 MB used.
      Class:      7.33 MB used.
       Both:     61.94 MB used.

Virtual space:
  Non-class space:       56.00 MB reserved,      54.75 MB ( 98%) committed,  7 nodes.
      Class space:        1.00 GB reserved,       7.44 MB ( <1%) committed,  1 nodes.
             Both:        1.05 GB reserved,      62.19 MB (  6%) committed. 

Chunk freelists:
   Non-Class:  419.00 KB
       Class:  547.00 KB
        Both:  966.00 KB

MaxMetaspaceSize: unlimited
CompressedClassSpaceSize: 1.00 GB
Initial GC threshold: 21.00 MB
Current GC threshold: 101.69 MB
CDS: off
MetaspaceReclaimPolicy: balanced
 - commit_granule_bytes: 65536.
 - commit_granule_words: 8192.
 - virtual_space_node_default_size: 1048576.
 - enlarge_chunks_in_place: 1.
 - new_chunks_are_fully_committed: 0.
 - uncommit_free_chunks: 1.
 - use_allocation_guard: 0.
 - handle_deallocations: 1.


Internal statistics:

num_allocs_failed_limit: 6.
num_arena_births: 278.
num_arena_deaths: 0.
num_vsnodes_births: 8.
num_vsnodes_deaths: 0.
num_space_committed: 993.
num_space_uncommitted: 0.
num_chunks_returned_to_freelist: 6.
num_chunks_taken_from_freelist: 2302.
num_chunk_merges: 6.
num_chunk_splits: 1840.
num_chunks_enlarged: 1621.
num_purges: 0.
num_inconsistent_stats: 0.

CodeHeap 'non-profiled nmethods': size=120000Kb used=3257Kb max_used=3257Kb free=116742Kb
 bounds [0x0000022824060000, 0x0000022824390000, 0x000002282b590000]
CodeHeap 'profiled nmethods': size=120000Kb used=16762Kb max_used=16762Kb free=103237Kb
 bounds [0x000002281c590000, 0x000002281d5f0000, 0x0000022823ac0000]
CodeHeap 'non-nmethods': size=5760Kb used=1294Kb max_used=1340Kb free=4465Kb
 bounds [0x0000022823ac0000, 0x0000022823d30000, 0x0000022824060000]
 total_blobs=7834 nmethods=7227 adapters=517
 compilation: enabled
              stopped_count=0, restarted_count=0
 full_count=0

Compilation events (20 events):
Event: 28.218 Thread 0x0000022833030750 nmethod 8037 0x000002281d587410 code [0x000002281d587660, 0x000002281d587b28]
Event: 28.225 Thread 0x0000022833030750 8040       2       org.jetbrains.kotlin.resolve.diagnostics.MutableDiagnosticsWithSuppression::<init> (75 bytes)
Event: 28.226 Thread 0x0000022833030750 nmethod 8040 0x000002281d587e90 code [0x000002281d588120, 0x000002281d588b08]
Event: 28.226 Thread 0x0000022833030750 8047       3       org.jetbrains.kotlin.com.intellij.psi.impl.source.tree.CompositeElement::countChildren (43 bytes)
Event: 28.227 Thread 0x0000022833030750 nmethod 8047 0x000002281d589010 code [0x000002281d589200, 0x000002281d589808]
Event: 28.227 Thread 0x0000022833030750 8045       2       org.jetbrains.kotlin.resolve.DelegatingBindingTrace$MyBindingContext::<init> (10 bytes)
Event: 28.227 Thread 0x0000022833030750 nmethod 8045 0x000002281d589a90 code [0x000002281d589c20, 0x000002281d589d78]
Event: 28.227 Thread 0x0000022833030750 8046       2       org.jetbrains.kotlin.resolve.diagnostics.MutableDiagnosticsWithSuppression::getModificationTracker (8 bytes)
Event: 28.228 Thread 0x0000022833030750 nmethod 8046 0x000002281d589e10 code [0x000002281d589fa0, 0x000002281d58a0b8]
Event: 28.228 Thread 0x0000022833030750 8041       2       org.jetbrains.kotlin.resolve.diagnostics.MutableDiagnosticsWithSuppression$$Lambda$127/0x00000001003fe5f0::<init> (10 bytes)
Event: 28.228 Thread 0x0000022833030750 nmethod 8041 0x000002281d58a190 code [0x000002281d58a320, 0x000002281d58a478]
Event: 28.228 Thread 0x0000022833030750 8042       2       org.jetbrains.kotlin.com.intellij.util.CachedValueImpl::<init> (15 bytes)
Event: 28.228 Thread 0x0000022833030750 nmethod 8042 0x000002281d58a510 code [0x000002281d58a6c0, 0x000002281d58a878]
Event: 28.228 Thread 0x0000022833030750 8043       2       org.jetbrains.kotlin.com.intellij.util.CachedValueImpl::<init> (19 bytes)
Event: 28.228 Thread 0x0000022833030750 nmethod 8043 0x000002281d58a990 code [0x000002281d58ab20, 0x000002281d58acc8]
Event: 28.228 Thread 0x0000022833030750 8044       2       org.jetbrains.kotlin.com.intellij.openapi.util.CompositeModificationTracker::<init> (18 bytes)
Event: 28.229 Thread 0x0000022833030750 nmethod 8044 0x000002281d58ad90 code [0x000002281d58af20, 0x000002281d58b0a8]
Event: 28.229 Thread 0x0000022833030750 8048       2       org.jetbrains.kotlin.utils.DFS::dfs (77 bytes)
Event: 28.229 Thread 0x0000022833030750 nmethod 8048 0x000002281d58b190 code [0x000002281d58b3a0, 0x000002281d58b688]
Event: 28.229 Thread 0x0000022833030750 8039       1       org.jetbrains.kotlin.resolve.BindingTraceContext::access$000 (5 bytes)

GC Heap History (20 events):
Event: 21.081 GC heap before
{Heap before GC invocations=18 (full 0):
 garbage-first heap   total 40960K, used 30714K [0x0000000081a00000, 0x0000000100000000)
  region size 1024K, 7 young (7168K), 1 survivors (1024K)
 Metaspace       used 49376K, committed 49664K, reserved 1097728K
  class space    used 6012K, committed 6144K, reserved 1048576K
}
Event: 21.086 GC heap after
{Heap after GC invocations=19 (full 0):
 garbage-first heap   total 72704K, used 26018K [0x0000000081a00000, 0x0000000100000000)
  region size 1024K, 1 young (1024K), 1 survivors (1024K)
 Metaspace       used 49376K, committed 49664K, reserved 1097728K
  class space    used 6012K, committed 6144K, reserved 1048576K
}
Event: 21.683 GC heap before
{Heap before GC invocations=19 (full 0):
 garbage-first heap   total 72704K, used 55714K [0x0000000081a00000, 0x0000000100000000)
  region size 1024K, 29 young (29696K), 1 survivors (1024K)
 Metaspace       used 50926K, committed 51136K, reserved 1097728K
  class space    used 6159K, committed 6272K, reserved 1048576K
}
Event: 21.689 GC heap after
{Heap after GC invocations=20 (full 0):
 garbage-first heap   total 72704K, used 27474K [0x0000000081a00000, 0x0000000100000000)
  region size 1024K, 3 young (3072K), 3 survivors (3072K)
 Metaspace       used 50926K, committed 51136K, reserved 1097728K
  class space    used 6159K, committed 6272K, reserved 1048576K
}
Event: 23.261 GC heap before
{Heap before GC invocations=20 (full 0):
 garbage-first heap   total 72704K, used 55122K [0x0000000081a00000, 0x0000000100000000)
  region size 1024K, 30 young (30720K), 3 survivors (3072K)
 Metaspace       used 53801K, committed 54016K, reserved 1097728K
  class space    used 6404K, committed 6528K, reserved 1048576K
}
Event: 23.289 GC heap after
{Heap after GC invocations=21 (full 0):
 garbage-first heap   total 72704K, used 33191K [0x0000000081a00000, 0x0000000100000000)
  region size 1024K, 4 young (4096K), 4 survivors (4096K)
 Metaspace       used 53801K, committed 54016K, reserved 1097728K
  class space    used 6404K, committed 6528K, reserved 1048576K
}
Event: 24.334 GC heap before
{Heap before GC invocations=21 (full 0):
 garbage-first heap   total 72704K, used 54695K [0x0000000081a00000, 0x0000000100000000)
  region size 1024K, 25 young (25600K), 4 survivors (4096K)
 Metaspace       used 54352K, committed 54592K, reserved 1097728K
  class space    used 6423K, committed 6528K, reserved 1048576K
}
Event: 24.360 GC heap after
{Heap after GC invocations=22 (full 0):
 garbage-first heap   total 72704K, used 37597K [0x0000000081a00000, 0x0000000100000000)
  region size 1024K, 4 young (4096K), 4 survivors (4096K)
 Metaspace       used 54352K, committed 54592K, reserved 1097728K
  class space    used 6423K, committed 6528K, reserved 1048576K
}
Event: 24.795 GC heap before
{Heap before GC invocations=22 (full 0):
 garbage-first heap   total 72704K, used 56029K [0x0000000081a00000, 0x0000000100000000)
  region size 1024K, 22 young (22528K), 4 survivors (4096K)
 Metaspace       used 54554K, committed 54784K, reserved 1097728K
  class space    used 6429K, committed 6528K, reserved 1048576K
}
Event: 24.820 GC heap after
{Heap after GC invocations=23 (full 0):
 garbage-first heap   total 88064K, used 40922K [0x0000000081a00000, 0x0000000100000000)
  region size 1024K, 3 young (3072K), 3 survivors (3072K)
 Metaspace       used 54554K, committed 54784K, reserved 1097728K
  class space    used 6429K, committed 6528K, reserved 1048576K
}
Event: 25.269 GC heap before
{Heap before GC invocations=24 (full 0):
 garbage-first heap   total 88064K, used 66522K [0x0000000081a00000, 0x0000000100000000)
  region size 1024K, 28 young (28672K), 3 survivors (3072K)
 Metaspace       used 54768K, committed 54976K, reserved 1097728K
  class space    used 6449K, committed 6528K, reserved 1048576K
}
Event: 25.281 GC heap after
{Heap after GC invocations=25 (full 0):
 garbage-first heap   total 88064K, used 44003K [0x0000000081a00000, 0x0000000100000000)
  region size 1024K, 3 young (3072K), 3 survivors (3072K)
 Metaspace       used 54768K, committed 54976K, reserved 1097728K
  class space    used 6449K, committed 6528K, reserved 1048576K
}
Event: 25.366 GC heap before
{Heap before GC invocations=25 (full 0):
 garbage-first heap   total 88064K, used 67555K [0x0000000081a00000, 0x0000000100000000)
  region size 1024K, 26 young (26624K), 3 survivors (3072K)
 Metaspace       used 54771K, committed 54976K, reserved 1097728K
  class space    used 6449K, committed 6528K, reserved 1048576K
}
Event: 25.372 GC heap after
{Heap after GC invocations=26 (full 0):
 garbage-first heap   total 88064K, used 43852K [0x0000000081a00000, 0x0000000100000000)
  region size 1024K, 1 young (1024K), 1 survivors (1024K)
 Metaspace       used 54771K, committed 54976K, reserved 1097728K
  class space    used 6449K, committed 6528K, reserved 1048576K
}
Event: 26.587 GC heap before
{Heap before GC invocations=27 (full 0):
 garbage-first heap   total 88064K, used 68428K [0x0000000081a00000, 0x0000000100000000)
  region size 1024K, 26 young (26624K), 1 survivors (1024K)
 Metaspace       used 59067K, committed 59264K, reserved 1105920K
  class space    used 7101K, committed 7168K, reserved 1048576K
}
Event: 26.595 GC heap after
{Heap after GC invocations=28 (full 0):
 garbage-first heap   total 88064K, used 45484K [0x0000000081a00000, 0x0000000100000000)
  region size 1024K, 2 young (2048K), 2 survivors (2048K)
 Metaspace       used 59067K, committed 59264K, reserved 1105920K
  class space    used 7101K, committed 7168K, reserved 1048576K
}
Event: 26.607 GC heap before
{Heap before GC invocations=28 (full 0):
 garbage-first heap   total 88064K, used 47532K [0x0000000081a00000, 0x0000000100000000)
  region size 1024K, 4 young (4096K), 2 survivors (2048K)
 Metaspace       used 59074K, committed 59264K, reserved 1105920K
  class space    used 7101K, committed 7168K, reserved 1048576K
}
Event: 26.614 GC heap after
{Heap after GC invocations=29 (full 0):
 garbage-first heap   total 88064K, used 45496K [0x0000000081a00000, 0x0000000100000000)
  region size 1024K, 1 young (1024K), 1 survivors (1024K)
 Metaspace       used 59074K, committed 59264K, reserved 1105920K
  class space    used 7101K, committed 7168K, reserved 1048576K
}
Event: 27.482 GC heap before
{Heap before GC invocations=29 (full 0):
 garbage-first heap   total 88064K, used 70072K [0x0000000081a00000, 0x0000000100000000)
  region size 1024K, 25 young (25600K), 1 survivors (1024K)
 Metaspace       used 61893K, committed 62144K, reserved 1105920K
  class space    used 7396K, committed 7488K, reserved 1048576K
}
Event: 27.493 GC heap after
{Heap after GC invocations=30 (full 0):
 garbage-first heap   total 88064K, used 49097K [0x0000000081a00000, 0x0000000100000000)
  region size 1024K, 4 young (4096K), 4 survivors (4096K)
 Metaspace       used 61893K, committed 62144K, reserved 1105920K
  class space    used 7396K, committed 7488K, reserved 1048576K
}

Dll operation events (2 events):
Event: 0.009 Loaded shared library C:\Program Files\Android\Android Studio\jbr\bin\java.dll
Event: 13.684 Loaded shared library C:\Program Files\Android\Android Studio\jbr\bin\verify.dll

Deoptimization events (20 events):
Event: 27.896 Thread 0x00000228190b9300 Uncommon trap: trap_request=0xffffff45 fr.pc=0x0000022824371e70 relative=0x0000000000001ed0
Event: 27.896 Thread 0x00000228190b9300 Uncommon trap: reason=unstable_if action=reinterpret pc=0x0000022824371e70 method=org.jetbrains.kotlin.serialization.deserialization.descriptors.DeserializedPackageMemberScope.hasClass(Lorg/jetbrains/kotlin/name/Name;)Z @ 99 c2
Event: 27.896 Thread 0x00000228190b9300 DEOPT PACKING pc=0x0000022824371e70 sp=0x00000080d5bfa810
Event: 27.896 Thread 0x00000228190b9300 DEOPT UNPACKING pc=0x0000022823b169a3 sp=0x00000080d5bfa7c0 mode 2
Event: 27.903 Thread 0x00000228190b9300 DEOPT PACKING pc=0x000002281d274fcd sp=0x00000080d5bf9910
Event: 27.903 Thread 0x00000228190b9300 DEOPT UNPACKING pc=0x0000022823b17143 sp=0x00000080d5bf8da0 mode 0
Event: 27.935 Thread 0x00000228190b9300 Uncommon trap: trap_request=0xffffff45 fr.pc=0x000002282410fd6c relative=0x000000000000326c
Event: 27.935 Thread 0x00000228190b9300 Uncommon trap: reason=unstable_if action=reinterpret pc=0x000002282410fd6c method=kotlin.collections.ArraysKt___ArraysKt.indexOf([Ljava/lang/Object;Ljava/lang/Object;)I @ 51 c2
Event: 27.935 Thread 0x00000228190b9300 DEOPT PACKING pc=0x000002282410fd6c sp=0x00000080d5bfab60
Event: 27.935 Thread 0x00000228190b9300 DEOPT UNPACKING pc=0x0000022823b169a3 sp=0x00000080d5bfaa68 mode 2
Event: 28.081 Thread 0x00000228190b9300 DEOPT PACKING pc=0x000002281d274fcd sp=0x00000080d5bf7fa0
Event: 28.081 Thread 0x00000228190b9300 DEOPT UNPACKING pc=0x0000022823b17143 sp=0x00000080d5bf7430 mode 0
Event: 28.107 Thread 0x00000228190b9300 DEOPT PACKING pc=0x000002281d274fcd sp=0x00000080d5bf7d00
Event: 28.107 Thread 0x00000228190b9300 DEOPT UNPACKING pc=0x0000022823b17143 sp=0x00000080d5bf7190 mode 0
Event: 28.144 Thread 0x00000228190b9300 Uncommon trap: trap_request=0xffffffde fr.pc=0x00000228243629a0 relative=0x0000000000000860
Event: 28.144 Thread 0x00000228190b9300 Uncommon trap: reason=class_check action=maybe_recompile pc=0x00000228243629a0 method=kotlin.collections.CollectionsKt__MutableCollectionsKt.addAll(Ljava/util/Collection;Ljava/lang/Iterable;)Z @ 49 c2
Event: 28.144 Thread 0x00000228190b9300 DEOPT PACKING pc=0x00000228243629a0 sp=0x00000080d5bfa670
Event: 28.144 Thread 0x00000228190b9300 DEOPT UNPACKING pc=0x0000022823b169a3 sp=0x00000080d5bfa668 mode 2
Event: 28.188 Thread 0x00000228190b9300 DEOPT PACKING pc=0x000002281d274fcd sp=0x00000080d5bf8830
Event: 28.188 Thread 0x00000228190b9300 DEOPT UNPACKING pc=0x0000022823b17143 sp=0x00000080d5bf7cc0 mode 0

Classes unloaded (0 events):
No events

Classes redefined (0 events):
No events

Internal exceptions (20 events):
Event: 22.455 Thread 0x00000228190b9300 Exception <a 'java/lang/NoSuchMethodError'{0x0000000084f872e0}: 'java.lang.Object java.lang.invoke.DirectMethodHandle$Holder.invokeStaticInit(java.lang.Object, java.lang.Object, java.lang.Object)'> (0x0000000084f872e0) 
thrown [s\src\hotspot\share\interpreter\linkResolver.cpp, line 771]
Event: 22.465 Thread 0x00000228190b9300 Exception <a 'java/lang/NoSuchMethodError'{0x0000000084fce300}: 'java.lang.Object java.lang.invoke.DirectMethodHandle$Holder.newInvokeSpecial(java.lang.Object, int, java.lang.Object)'> (0x0000000084fce300) 
thrown [s\src\hotspot\share\interpreter\linkResolver.cpp, line 771]
Event: 22.467 Thread 0x00000228190b9300 Exception <a 'java/lang/NoSuchMethodError'{0x0000000084fd47d8}: 'int java.lang.invoke.DirectMethodHandle$Holder.invokeInterface(java.lang.Object, java.lang.Object)'> (0x0000000084fd47d8) 
thrown [s\src\hotspot\share\interpreter\linkResolver.cpp, line 771]
Event: 22.545 Thread 0x00000228190b9300 Implicit null exception at 0x00000228240aa58e to 0x00000228240aa7cc
Event: 22.546 Thread 0x00000228190b9300 Implicit null exception at 0x00000228240bbd8f to 0x00000228240bbe05
Event: 25.533 Thread 0x00000228190b9300 Implicit null exception at 0x000002282412ea97 to 0x000002282412efcb
Event: 26.282 Thread 0x00000228190b9300 Exception <a 'java/lang/NoSuchMethodError'{0x000000008637bdc0}: 'java.lang.Object java.lang.invoke.DirectMethodHandle$Holder.invokeStatic(java.lang.Object, java.lang.Object, java.lang.Object, java.lang.Object, int)'> (0x000000008637bdc0) 
thrown [s\src\hotspot\share\interpreter\linkResolver.cpp, line 771]
Event: 26.282 Thread 0x00000228190b9300 Exception <a 'java/lang/NoSuchMethodError'{0x0000000086385ce8}: 'java.lang.Object java.lang.invoke.DirectMethodHandle$Holder.newInvokeSpecial(java.lang.Object, java.lang.Object, java.lang.Object, java.lang.Object, int)'> (0x0000000086385ce8) 
thrown [s\src\hotspot\share\interpreter\linkResolver.cpp, line 771]
Event: 26.283 Thread 0x00000228190b9300 Exception <a 'java/lang/NoSuchMethodError'{0x000000008638ddb8}: 'java.lang.Object java.lang.invoke.Invokers$Holder.linkToTargetMethod(java.lang.Object, java.lang.Object, java.lang.Object, int, java.lang.Object)'> (0x000000008638ddb8) 
thrown [s\src\hotspot\share\interpreter\linkResolver.cpp, line 771]
Event: 26.394 Thread 0x00000228190b9300 Exception <a 'java/lang/NoSuchMethodError'{0x00000000861367d8}: 'void java.lang.invoke.DirectMethodHandle$Holder.invokeInterface(java.lang.Object, java.lang.Object)'> (0x00000000861367d8) 
thrown [s\src\hotspot\share\interpreter\linkResolver.cpp, line 771]
Event: 26.455 Thread 0x00000228190b9300 Exception <a 'java/lang/IncompatibleClassChangeError'{0x000000008608aa28}: Found class java.lang.Object, but interface was expected> (0x000000008608aa28) 
thrown [s\src\hotspot\share\interpreter\linkResolver.cpp, line 838]
Event: 26.467 Thread 0x00000228190b9300 Implicit null exception at 0x00000228241633cc to 0x00000228241634a8
Event: 26.736 Thread 0x00000228190b9300 Exception <a 'java/lang/NoSuchMethodError'{0x00000000878c4fc0}: 'int java.lang.invoke.DirectMethodHandle$Holder.invokeStaticInit(java.lang.Object, int)'> (0x00000000878c4fc0) 
thrown [s\src\hotspot\share\interpreter\linkResolver.cpp, line 771]
Event: 26.877 Thread 0x00000228190b9300 Implicit null exception at 0x00000228242723d5 to 0x0000022824272b28
Event: 26.974 Thread 0x00000228190b9300 Exception <a 'java/lang/NoSuchMethodError'{0x00000000863c1ab0}: 'java.lang.Object java.lang.invoke.DirectMethodHandle$Holder.invokeStatic(java.lang.Object, int, java.lang.Object)'> (0x00000000863c1ab0) 
thrown [s\src\hotspot\share\interpreter\linkResolver.cpp, line 771]
Event: 26.985 Thread 0x00000228190b9300 Exception <a 'java/lang/NoSuchMethodError'{0x0000000086204548}: 'java.lang.Object java.lang.invoke.DirectMethodHandle$Holder.newInvokeSpecial(java.lang.Object, java.lang.Object, java.lang.Object, java.lang.Object, java.lang.Object, java.lang.Object, java.lang.Object)'> (0x0000000086204548) 
thrown [s\src\hotspot\share\interpreter\linkResolver.cpp, line 771]
Event: 26.985 Thread 0x00000228190b9300 Exception <a 'java/lang/NoSuchMethodError'{0x0000000086209100}: 'java.lang.Object java.lang.invoke.Invokers$Holder.linkToTargetMethod(java.lang.Object, java.lang.Object, java.lang.Object, java.lang.Object, java.lang.Object, java.lang.Object, java.lang.Object)'> (0x0000000086209100) 
thrown [s\src\hotspot\share\interpreter\linkResolver.cpp, line 771]
Event: 27.027 Thread 0x00000228190b9300 Exception <a 'java/lang/NoSuchMethodError'{0x00000000862dfcb8}: 'java.lang.Object java.lang.invoke.DirectMethodHandle$Holder.invokeInterface(java.lang.Object, java.lang.Object, java.lang.Object)'> (0x00000000862dfcb8) 
thrown [s\src\hotspot\share\interpreter\linkResolver.cpp, line 771]
Event: 27.027 Thread 0x00000228190b9300 Exception <a 'java/lang/IncompatibleClassChangeError'{0x00000000862e3628}: Found class java.lang.Object, but interface was expected> (0x00000000862e3628) 
thrown [s\src\hotspot\share\interpreter\linkResolver.cpp, line 838]
Event: 27.130 Thread 0x00000228190b9300 Implicit null exception at 0x00000228240c20d8 to 0x00000228240c216a

VM Operations (20 events):
Event: 27.134 Executing VM operation: HandshakeAllThreads
Event: 27.134 Executing VM operation: HandshakeAllThreads done
Event: 27.208 Executing VM operation: HandshakeAllThreads
Event: 27.208 Executing VM operation: HandshakeAllThreads done
Event: 27.279 Executing VM operation: HandshakeAllThreads
Event: 27.279 Executing VM operation: HandshakeAllThreads done
Event: 27.347 Executing VM operation: ICBufferFull
Event: 27.347 Executing VM operation: ICBufferFull done
Event: 27.482 Executing VM operation: G1CollectForAllocation
Event: 27.493 Executing VM operation: G1CollectForAllocation done
Event: 27.644 Executing VM operation: G1Concurrent
Event: 27.653 Executing VM operation: G1Concurrent done
Event: 27.720 Executing VM operation: G1Concurrent
Event: 27.720 Executing VM operation: G1Concurrent done
Event: 27.900 Executing VM operation: ICBufferFull
Event: 27.900 Executing VM operation: ICBufferFull done
Event: 28.113 Executing VM operation: ICBufferFull
Event: 28.113 Executing VM operation: ICBufferFull done
Event: 28.166 Executing VM operation: HandshakeAllThreads
Event: 28.166 Executing VM operation: HandshakeAllThreads done

Events (20 events):
Event: 26.399 loading class java/util/stream/Node$OfPrimitive
Event: 26.400 loading class java/util/stream/Node$OfPrimitive done
Event: 26.400 loading class java/util/stream/Node$OfInt done
Event: 26.400 loading class java/util/stream/Nodes$EmptyNode$OfInt done
Event: 26.400 loading class java/util/stream/Nodes$EmptyNode$OfLong
Event: 26.400 loading class java/util/stream/Node$OfLong
Event: 26.400 loading class java/util/stream/Node$OfLong done
Event: 26.400 loading class java/util/stream/Nodes$EmptyNode$OfLong done
Event: 26.400 loading class java/util/stream/Nodes$EmptyNode$OfDouble
Event: 26.400 loading class java/util/stream/Node$OfDouble
Event: 26.401 loading class java/util/stream/Node$OfDouble done
Event: 26.401 loading class java/util/stream/Nodes$EmptyNode$OfDouble done
Event: 26.401 loading class java/util/stream/Nodes$SpinedNodeBuilder
Event: 26.401 loading class java/util/stream/Node$Builder
Event: 26.401 loading class java/util/stream/Node$Builder done
Event: 26.401 loading class java/util/stream/SpinedBuffer
Event: 26.401 loading class java/util/stream/AbstractSpinedBuffer
Event: 26.401 loading class java/util/stream/AbstractSpinedBuffer done
Event: 26.401 loading class java/util/stream/SpinedBuffer done
Event: 26.401 loading class java/util/stream/Nodes$SpinedNodeBuilder done


Dynamic libraries:
0x00007ff7a2aa0000 - 0x00007ff7a2aaa000 	C:\Program Files\Android\Android Studio\jbr\bin\java.exe
0x00007ffe63610000 - 0x00007ffe63808000 	C:\Windows\SYSTEM32\ntdll.dll
0x00007ffe61e60000 - 0x00007ffe61f1d000 	C:\Windows\System32\KERNEL32.DLL
0x00007ffe61120000 - 0x00007ffe61416000 	C:\Windows\System32\KERNELBASE.dll
0x00007ffe61540000 - 0x00007ffe61640000 	C:\Windows\System32\ucrtbase.dll
0x00007ffe3e9a0000 - 0x00007ffe3e9b7000 	C:\Program Files\Android\Android Studio\jbr\bin\jli.dll
0x00007ffe5c050000 - 0x00007ffe5c06b000 	C:\Program Files\Android\Android Studio\jbr\bin\VCRUNTIME140.dll
0x00007ffe629f0000 - 0x00007ffe62b8e000 	C:\Windows\System32\USER32.dll
0x00007ffe60df0000 - 0x00007ffe60e12000 	C:\Windows\System32\win32u.dll
0x00007ffe50c90000 - 0x00007ffe50f2a000 	C:\Windows\WinSxS\amd64_microsoft.windows.common-controls_6595b64144ccf1df_6.0.19041.1110_none_60b5254171f9507e\COMCTL32.dll
0x00007ffe61f80000 - 0x00007ffe6201e000 	C:\Windows\System32\msvcrt.dll
0x00007ffe627d0000 - 0x00007ffe627fc000 	C:\Windows\System32\GDI32.dll
0x00007ffe61420000 - 0x00007ffe6153a000 	C:\Windows\System32\gdi32full.dll
0x00007ffe60eb0000 - 0x00007ffe60f4d000 	C:\Windows\System32\msvcp_win.dll
0x00007ffe62cd0000 - 0x00007ffe62d00000 	C:\Windows\System32\IMM32.DLL
0x00007ffe5b150000 - 0x00007ffe5b15c000 	C:\Program Files\Android\Android Studio\jbr\bin\vcruntime140_1.dll
0x00007ffe2fbf0000 - 0x00007ffe2fc7d000 	C:\Program Files\Android\Android Studio\jbr\bin\msvcp140.dll
0x00007ffe0b8d0000 - 0x00007ffe0c53e000 	C:\Program Files\Android\Android Studio\jbr\bin\server\jvm.dll
0x00007ffe62c20000 - 0x00007ffe62cce000 	C:\Windows\System32\ADVAPI32.dll
0x00007ffe62e50000 - 0x00007ffe62eec000 	C:\Windows\System32\sechost.dll
0x00007ffe61ae0000 - 0x00007ffe61c06000 	C:\Windows\System32\RPCRT4.dll
0x00007ffe48720000 - 0x00007ffe48729000 	C:\Windows\SYSTEM32\WSOCK32.dll
0x00007ffe53320000 - 0x00007ffe53347000 	C:\Windows\SYSTEM32\WINMM.dll
0x00007ffe50470000 - 0x00007ffe5047a000 	C:\Windows\SYSTEM32\VERSION.dll
0x00007ffe62de0000 - 0x00007ffe62e4b000 	C:\Windows\System32\WS2_32.dll
0x00007ffe5ec10000 - 0x00007ffe5ec22000 	C:\Windows\SYSTEM32\kernel.appcore.dll
0x00007ffe5b130000 - 0x00007ffe5b13a000 	C:\Program Files\Android\Android Studio\jbr\bin\jimage.dll
0x00007ffe4ca20000 - 0x00007ffe4cc04000 	C:\Windows\SYSTEM32\DBGHELP.DLL
0x00007ffe4c9e0000 - 0x00007ffe4ca14000 	C:\Windows\SYSTEM32\dbgcore.DLL
0x00007ffe60e20000 - 0x00007ffe60ea2000 	C:\Windows\System32\bcryptPrimitives.dll
0x00007ffe4f260000 - 0x00007ffe4f285000 	C:\Program Files\Android\Android Studio\jbr\bin\java.dll
0x00007ffe495b0000 - 0x00007ffe495c8000 	C:\Program Files\Android\Android Studio\jbr\bin\zip.dll
0x00007ffe62080000 - 0x00007ffe627c5000 	C:\Windows\System32\SHELL32.dll
0x00007ffe5ed80000 - 0x00007ffe5f51b000 	C:\Windows\SYSTEM32\windows.storage.dll
0x00007ffe62ef0000 - 0x00007ffe63244000 	C:\Windows\System32\combase.dll
0x00007ffe606c0000 - 0x00007ffe606ee000 	C:\Windows\SYSTEM32\Wldp.dll
0x00007ffe62930000 - 0x00007ffe629dd000 	C:\Windows\System32\SHCORE.dll
0x00007ffe61df0000 - 0x00007ffe61e45000 	C:\Windows\System32\shlwapi.dll
0x00007ffe60c20000 - 0x00007ffe60c45000 	C:\Windows\SYSTEM32\profapi.dll
0x00007ffe48550000 - 0x00007ffe48569000 	C:\Program Files\Android\Android Studio\jbr\bin\net.dll
0x00007ffe54970000 - 0x00007ffe54a7a000 	C:\Windows\SYSTEM32\WINHTTP.dll
0x00007ffe60420000 - 0x00007ffe6048a000 	C:\Windows\system32\mswsock.dll
0x00007ffe3f3c0000 - 0x00007ffe3f3d6000 	C:\Program Files\Android\Android Studio\jbr\bin\nio.dll
0x00007ffe5a360000 - 0x00007ffe5a370000 	C:\Program Files\Android\Android Studio\jbr\bin\verify.dll

dbghelp: loaded successfully - version: 4.0.5 - missing functions: none
symbol engine: initialized successfully - sym options: 0x614 - pdb path: .;C:\Program Files\Android\Android Studio\jbr\bin;C:\Windows\SYSTEM32;C:\Windows\WinSxS\amd64_microsoft.windows.common-controls_6595b64144ccf1df_6.0.19041.1110_none_60b5254171f9507e;C:\Program Files\Android\Android Studio\jbr\bin\server

VM Arguments:
java_command: org.jetbrains.kotlin.cli.jvm.K2JVMCompiler @C:\Users\refrizar.dwiardito\AndroidStudioProjects\Catwell\app\build\20231013_5271192218576671121.compiler.options
java_class_path (initial): C:\Users\refrizar.dwiardito\.jdks\openjdk-21\caches\modules-2\files-2.1\org.jetbrains.kotlin\kotlin-compiler-embeddable\1.9.0\2c8c3a7402becca891f12739b3e9fd2dc2adbd7a\kotlin-compiler-embeddable-1.9.0.jar;C:\Users\refrizar.dwiardito\.jdks\openjdk-21\caches\modules-2\files-2.1\org.jetbrains.kotlin\kotlin-stdlib\1.9.0\8ee15ef0c67dc83d874f412d84378d7f0eb50b63\kotlin-stdlib-1.9.0.jar;C:\Users\refrizar.dwiardito\.jdks\openjdk-21\caches\modules-2\files-2.1\org.jetbrains.kotlin\kotlin-script-runtime\1.9.0\4b3102cbbb7e1b58d9d1adf89563f00069ffa7d1\kotlin-script-runtime-1.9.0.jar;C:\Users\refrizar.dwiardito\.jdks\openjdk-21\caches\modules-2\files-2.1\org.jetbrains.kotlin\kotlin-reflect\1.6.10\1cbe9c92c12a94eea200d23c2bbaedaf3daf5132\kotlin-reflect-1.6.10.jar;C:\Users\refrizar.dwiardito\.jdks\openjdk-21\caches\modules-2\files-2.1\org.jetbrains.kotlin\kotlin-daemon-embeddable\1.9.0\186543f5e28cf8d9a0290fecc2cf34301c40a65c\kotlin-daemon-embeddable-1.9.0.jar;C:\Users\refrizar.dwiardito\.jdks\openjdk-21\caches\modules-2\files-2.1\org.jetbrains.intellij.deps\trove4j\1.0.20200330\3afb14d5f9ceb459d724e907a21145e8ff394f02\trove4j-1.0.20200330.jar;C:\Users\refrizar.dwiardito\.jdks\openjdk-21\caches\modules-2\files-2.1\org.jetbrains.kotlin\kotlin-stdlib-common\1.9.0\cd65c21cfd1eec4d44ef09f9f52b6d9f8a720636\kotlin-stdlib-common-1.9.0.jar;C:\Users\refrizar.dwiardito\.jdks\openjdk-21\caches\modules-2\files-2.1\org.jetbrains\annotations\13.0\919f0dfe192fb4e063e7dacadee7f8bb9a2672a9\annotations-13.0.jar
Launcher Type: SUN_STANDARD

[Global flags]
     intx CICompilerCount                          = 3                                         {product} {ergonomic}
     uint ConcGCThreads                            = 1                                         {product} {ergonomic}
     uint G1ConcRefinementThreads                  = 4                                         {product} {ergonomic}
   size_t G1HeapRegionSize                         = 1048576                                   {product} {ergonomic}
    uintx GCDrainStackTargetSize                   = 64                                        {product} {ergonomic}
   size_t InitialHeapSize                          = 134217728                                 {product} {ergonomic}
   size_t MarkStackSize                            = 4194304                                   {product} {ergonomic}
   size_t MaxHeapSize                              = 2120220672                                {product} {ergonomic}
   size_t MaxNewSize                               = 1271922688                                {product} {ergonomic}
   size_t MinHeapDeltaBytes                        = 1048576                                   {product} {ergonomic}
   size_t MinHeapSize                              = 8388608                                   {product} {ergonomic}
    uintx NonNMethodCodeHeapSize                   = 5832780                                {pd product} {ergonomic}
    uintx NonProfiledCodeHeapSize                  = 122912730                              {pd product} {ergonomic}
    uintx ProfiledCodeHeapSize                     = 122912730                              {pd product} {ergonomic}
    uintx ReservedCodeCacheSize                    = 251658240                              {pd product} {ergonomic}
     bool SegmentedCodeCache                       = true                                      {product} {ergonomic}
   size_t SoftMaxHeapSize                          = 2120220672                             {manageable} {ergonomic}
     bool UseCompressedClassPointers               = true                           {product lp64_product} {ergonomic}
     bool UseCompressedOops                        = true                           {product lp64_product} {ergonomic}
     bool UseG1GC                                  = true                                      {product} {ergonomic}
     bool UseLargePagesIndividualAllocation        = false                                  {pd product} {ergonomic}

Logging:
Log output configuration:
 #0: stdout all=warning uptime,level,tags
 #1: stderr all=off uptime,level,tags

Environment Variables:
JAVA_HOME=C:\Users\refrizar.dwiardito\.jdks\openjdk-21
PATH=C:\Program Files\Common Files\Oracle\Java\javapath;C:\Windows\system32;C:\Windows;C:\Windows\System32\Wbem;C:\Windows\System32\WindowsPowerShell\v1.0\;C:\Windows\System32\OpenSSH\;C:\Program Files\mingw-w64\x86_64-8.1.0-posix-seh-rt_v6-rev0\mingw64\bin;C:\Users\refrizar.dwiardito\AppData\Local\Programs\Python\Python310\Scripts;C:\Users\refrizar.dwiardito\.jdks\openjdk-21\bin;C:\Program Files\PuTTY\;C:\Program Files\gradle-8.3\bin;C:\Program Files\Git\cmd;C:\Users\refrizar.dwiardito\AppData\Local\Programs\Python\Python310\Scripts\;C:\Users\refrizar.dwiardito\AppData\Local\Programs\Python\Python310\;C:\Users\refrizar.dwiardito\AppData\Local\Microsoft\WindowsApps;;C:\Users\refrizar.dwiardito\AppData\Local\Programs\Microsoft VS Code\bin
USERNAME=refrizar.dwiardito
OS=Windows_NT
PROCESSOR_IDENTIFIER=Intel64 Family 6 Model 61 Stepping 4, GenuineIntel
TMP=C:\Users\REFRIZ~1.DWI\AppData\Local\Temp
TEMP=C:\Users\REFRIZ~1.DWI\AppData\Local\Temp


JNI global refs:
JNI global refs: 10, weak refs: 18

JNI global refs memory usage: 843, weak refs: 841


---------------  S Y S T E M  ---------------

OS:
 Windows 10 , 64 bit Build 19041 (10.0.19041.3393)
OS uptime: 0 days 8:21 hours

CPU: total 4 (initial active 4) (2 cores per cpu, 2 threads per core) family 6 model 61 stepping 4 microcode 0x2f, cx8, cmov, fxsr, ht, mmx, 3dnowpref, sse, sse2, sse3, ssse3, sse4.1, sse4.2, popcnt, lzcnt, tsc, tscinvbit, avx, avx2, aes, erms, clmul, bmi1, bmi2, adx, fma, vzeroupper, clflush

Memory: 4k page, system-wide physical 8083M (308M free)
TotalPageFile size 8083M (AvailPageFile size 3M)
current process WorkingSet (physical memory assigned to process): 249M, peak: 250M
current process commit charge ("private bytes"): 276M, peak: 279M

vm_info: OpenJDK 64-Bit Server VM (17.0.6+0-b2043.56-10027231) for windows-amd64 JRE (17.0.6+0-b2043.56-10027231), built on Apr 28 2023 00:43:19 by "androidbuild" with MS VC++ 16.10 / 16.11 (VS2019)

END.
