#
# There is insufficient memory for the Java Runtime Environment to continue.
# Native memory allocation (malloc) failed to allocate 1064656 bytes for Chunk::new
# Possible reasons:
#   The system is out of physical RAM or swap space
#   The process is running with CompressedOops enabled, and the Java Heap may be blocking the growth of the native heap
# Possible solutions:
#   Reduce memory load on the system
#   Increase physical memory or swap space
#   Check if swap backing store is full
#   Decrease Java heap size (-Xmx/-Xms)
#   Decrease number of Java threads
#   Decrease Java thread stack sizes (-Xss)
#   Set larger code cache with -XX:ReservedCodeCacheSize=
#   JVM is running with Unscaled Compressed Oops mode in which the Java heap is
#     placed in the first 4GB address space. The Java Heap base address is the
#     maximum limit for the native heap growth. Please use -XX:HeapBaseMinAddress
#     to set the Java Heap base and to place the Java Heap above 4GB virtual address.
# This output file may be truncated or incomplete.
#
#  Out of Memory Error (arena.cpp:189), pid=7836, tid=9648
#
# JRE version: OpenJDK Runtime Environment (17.0.6) (build 17.0.6+0-b2043.56-10027231)
# Java VM: OpenJDK 64-Bit Server VM (17.0.6+0-b2043.56-10027231, mixed mode, tiered, compressed oops, compressed class ptrs, g1 gc, windows-amd64)
# No core dump will be written. Minidumps are not enabled by default on client versions of Windows
#

---------------  S U M M A R Y ------------

Command Line: org.jetbrains.kotlin.cli.jvm.K2JVMCompiler @C:\Users\refrizar.dwiardito\AndroidStudioProjects\Catwell\app\build\20231018_13693093830478410909.compiler.options

Host: Intel(R) Core(TM) i5-5200U CPU @ 2.20GHz, 4 cores, 7G,  Windows 10 , 64 bit Build 19041 (10.0.19041.3570)
Time: Wed Oct 18 17:48:17 2023 SE Asia Standard Time elapsed time: 9.533082 seconds (0d 0h 0m 9s)

---------------  T H R E A D  ---------------

Current thread (0x000002064df60120):  JavaThread "C2 CompilerThread1" daemon [_thread_in_native, id=9648, stack(0x000000af4c000000,0x000000af4c100000)]


Current CompileTask:
C2:   9533 6727       4       org.jetbrains.kotlin.com.intellij.lang.impl.PsiBuilderImpl::insertLeaves (88 bytes)

Stack: [0x000000af4c000000,0x000000af4c100000]
Native frames: (J=compiled Java code, j=interpreted, Vv=VM code, C=native code)
V  [jvm.dll+0x683c9a]
V  [jvm.dll+0x8427a4]
V  [jvm.dll+0x843f9e]
V  [jvm.dll+0x844603]
V  [jvm.dll+0x249b75]
V  [jvm.dll+0xabcac]
V  [jvm.dll+0xac27c]
V  [jvm.dll+0x2b0eef]
V  [jvm.dll+0x58a267]
V  [jvm.dll+0x2243b2]
V  [jvm.dll+0x22478f]
V  [jvm.dll+0x21e055]
V  [jvm.dll+0x21b51b]
V  [jvm.dll+0x1a4fdd]
V  [jvm.dll+0x22b098]
V  [jvm.dll+0x229159]
V  [jvm.dll+0x7f81ec]
V  [jvm.dll+0x7f274a]
V  [jvm.dll+0x682ad5]
C  [ucrtbase.dll+0x21bb2]
C  [KERNEL32.DLL+0x17344]
C  [ntdll.dll+0x526b1]


---------------  P R O C E S S  ---------------

Threads class SMR info:
_java_thread_list=0x000002064dcceaf0, length=13, elements={
0x000002062e4e88a0, 0x00000206499587e0, 0x0000020649959650, 0x00000206499664b0,
0x00000206499a4030, 0x00000206499a6900, 0x000002064a4233f0, 0x000002064a4274e0,
0x000002064a427ed0, 0x000002064a428cb0, 0x000002064a5b5b00, 0x000002064a5b83d0,
0x000002064df60120
}

Java Threads: ( => current thread )
  0x000002062e4e88a0 JavaThread "main" [_thread_in_Java, id=7040, stack(0x000000af4a800000,0x000000af4a900000)]
  0x00000206499587e0 JavaThread "Reference Handler" daemon [_thread_blocked, id=9868, stack(0x000000af4af00000,0x000000af4b000000)]
  0x0000020649959650 JavaThread "Finalizer" daemon [_thread_blocked, id=9744, stack(0x000000af4b000000,0x000000af4b100000)]
  0x00000206499664b0 JavaThread "Signal Dispatcher" daemon [_thread_blocked, id=6984, stack(0x000000af4b100000,0x000000af4b200000)]
  0x00000206499a4030 JavaThread "Attach Listener" daemon [_thread_blocked, id=7312, stack(0x000000af4b200000,0x000000af4b300000)]
  0x00000206499a6900 JavaThread "Service Thread" daemon [_thread_blocked, id=9076, stack(0x000000af4b300000,0x000000af4b400000)]
  0x000002064a4233f0 JavaThread "Monitor Deflation Thread" daemon [_thread_blocked, id=760, stack(0x000000af4b400000,0x000000af4b500000)]
  0x000002064a4274e0 JavaThread "C2 CompilerThread0" daemon [_thread_in_native, id=5504, stack(0x000000af4b500000,0x000000af4b600000)]
  0x000002064a427ed0 JavaThread "C1 CompilerThread0" daemon [_thread_in_vm, id=7484, stack(0x000000af4b600000,0x000000af4b700000)]
  0x000002064a428cb0 JavaThread "Sweeper thread" daemon [_thread_blocked, id=3796, stack(0x000000af4b700000,0x000000af4b800000)]
  0x000002064a5b5b00 JavaThread "Notification Thread" daemon [_thread_blocked, id=3384, stack(0x000000af4b800000,0x000000af4b900000)]
  0x000002064a5b83d0 JavaThread "Common-Cleaner" daemon [_thread_blocked, id=644, stack(0x000000af4ba00000,0x000000af4bb00000)]
=>0x000002064df60120 JavaThread "C2 CompilerThread1" daemon [_thread_in_native, id=9648, stack(0x000000af4c000000,0x000000af4c100000)]

Other Threads:
  0x0000020649982640 VMThread "VM Thread" [stack: 0x000000af4ae00000,0x000000af4af00000] [id=2012]
  0x000002062e55f2b0 WatcherThread [stack: 0x000000af4b900000,0x000000af4ba00000] [id=9000]
  0x000002062e545530 GCTaskThread "GC Thread#0" [stack: 0x000000af4a900000,0x000000af4aa00000] [id=4328]
  0x000002064a7c0500 GCTaskThread "GC Thread#1" [stack: 0x000000af4bc00000,0x000000af4bd00000] [id=4576]
  0x000002064a7c07b0 GCTaskThread "GC Thread#2" [stack: 0x000000af4bd00000,0x000000af4be00000] [id=7652]
  0x000002064aa76f60 GCTaskThread "GC Thread#3" [stack: 0x000000af4be00000,0x000000af4bf00000] [id=1948]
  0x000002062e556130 ConcurrentGCThread "G1 Main Marker" [stack: 0x000000af4aa00000,0x000000af4ab00000] [id=6472]
  0x000002062e5586f0 ConcurrentGCThread "G1 Conc#0" [stack: 0x000000af4ab00000,0x000000af4ac00000] [id=4868]
  0x000002062e5be670 ConcurrentGCThread "G1 Refine#0" [stack: 0x000000af4ac00000,0x000000af4ad00000] [id=888]
  0x000002064d412030 ConcurrentGCThread "G1 Refine#1" [stack: 0x000000af4bb00000,0x000000af4bc00000] [id=4784]
  0x000002064d263260 ConcurrentGCThread "G1 Refine#2" [stack: 0x000000af4bf00000,0x000000af4c000000] [id=8400]
  0x00000206497c01f0 ConcurrentGCThread "G1 Service" [stack: 0x000000af4ad00000,0x000000af4ae00000] [id=2340]

Threads with active compile tasks:
C2 CompilerThread0     9581 6657   !   4       jdk.internal.loader.BuiltinClassLoader::findClassOnClassPathOrNull (64 bytes)
C1 CompilerThread0     9581 7030       2       org.jetbrains.kotlin.types.SimpleTypeImpl::<init> (122 bytes)
C2 CompilerThread1     9581 6727       4       org.jetbrains.kotlin.com.intellij.lang.impl.PsiBuilderImpl::insertLeaves (88 bytes)

VM state: not at safepoint (normal execution)

VM Mutex/Monitor currently owned by a thread: None

Heap address: 0x0000000081a00000, size: 2022 MB, Compressed Oops mode: 32-bit

CDS archive(s) not mapped
Compressed class space mapped at: 0x0000000100000000-0x0000000140000000, reserved size: 1073741824
Narrow klass base: 0x0000000000000000, Narrow klass shift: 3, Narrow klass range: 0x140000000

GC Precious Log:
 CPUs: 4 total, 4 available
 Memory: 8083M
 Large Page Support: Disabled
 NUMA Support: Disabled
 Compressed Oops: Enabled (32-bit)
 Heap Region Size: 1M
 Heap Min Capacity: 8M
 Heap Initial Capacity: 128M
 Heap Max Capacity: 2022M
 Pre-touch: Disabled
 Parallel Workers: 4
 Concurrent Workers: 1
 Concurrent Refinement Workers: 4
 Periodic GC: Disabled

Heap:
 garbage-first heap   total 140288K, used 77250K [0x0000000081a00000, 0x0000000100000000)
  region size 1024K, 31 young (31744K), 1 survivors (1024K)
 Metaspace       used 60756K, committed 60992K, reserved 1105920K
  class space    used 7279K, committed 7360K, reserved 1048576K

Heap Regions: E=young(eden), S=young(survivor), O=old, HS=humongous(starts), HC=humongous(continues), CS=collection set, F=free, OA=open archive, CA=closed archive, TAMS=top-at-mark-start (previous, next)
|   0|0x0000000081a00000, 0x0000000081b00000, 0x0000000081b00000|100%|HS|  |TAMS 0x0000000081b00000, 0x0000000081b00000| Complete 
|   1|0x0000000081b00000, 0x0000000081c00000, 0x0000000081c00000|100%|HC|  |TAMS 0x0000000081c00000, 0x0000000081c00000| Complete 
|   2|0x0000000081c00000, 0x0000000081d00000, 0x0000000081d00000|100%|HC|  |TAMS 0x0000000081d00000, 0x0000000081d00000| Complete 
|   3|0x0000000081d00000, 0x0000000081e00000, 0x0000000081e00000|100%|HC|  |TAMS 0x0000000081e00000, 0x0000000081e00000| Complete 
|   4|0x0000000081e00000, 0x0000000081ef0a00, 0x0000000081f00000| 93%| O|  |TAMS 0x0000000081ef0a00, 0x0000000081ef0a00| Untracked 
|   5|0x0000000081f00000, 0x0000000082000000, 0x0000000082000000|100%| O|  |TAMS 0x0000000082000000, 0x0000000082000000| Untracked 
|   6|0x0000000082000000, 0x0000000082100000, 0x0000000082100000|100%| O|  |TAMS 0x0000000082100000, 0x0000000082100000| Untracked 
|   7|0x0000000082100000, 0x0000000082200000, 0x0000000082200000|100%| O|  |TAMS 0x0000000082200000, 0x0000000082200000| Untracked 
|   8|0x0000000082200000, 0x0000000082300000, 0x0000000082300000|100%| O|  |TAMS 0x0000000082300000, 0x0000000082300000| Untracked 
|   9|0x0000000082300000, 0x0000000082400000, 0x0000000082400000|100%| O|  |TAMS 0x0000000082400000, 0x0000000082400000| Untracked 
|  10|0x0000000082400000, 0x0000000082500000, 0x0000000082500000|100%| O|  |TAMS 0x0000000082500000, 0x0000000082500000| Untracked 
|  11|0x0000000082500000, 0x0000000082600000, 0x0000000082600000|100%| O|  |TAMS 0x0000000082600000, 0x0000000082600000| Untracked 
|  12|0x0000000082600000, 0x0000000082700000, 0x0000000082700000|100%| O|  |TAMS 0x0000000082700000, 0x0000000082700000| Untracked 
|  13|0x0000000082700000, 0x0000000082800000, 0x0000000082800000|100%| O|  |TAMS 0x0000000082800000, 0x0000000082800000| Untracked 
|  14|0x0000000082800000, 0x0000000082900000, 0x0000000082900000|100%| O|  |TAMS 0x00000000828a7a00, 0x0000000082900000| Untracked 
|  15|0x0000000082900000, 0x0000000082a00000, 0x0000000082a00000|100%| O|  |TAMS 0x0000000082900000, 0x0000000082a00000| Untracked 
|  16|0x0000000082a00000, 0x0000000082b00000, 0x0000000082b00000|100%| O|  |TAMS 0x0000000082a00000, 0x0000000082a00000| Untracked 
|  17|0x0000000082b00000, 0x0000000082c00000, 0x0000000082c00000|100%| O|  |TAMS 0x0000000082c00000, 0x0000000082c00000| Untracked 
|  18|0x0000000082c00000, 0x0000000082d00000, 0x0000000082d00000|100%| O|  |TAMS 0x0000000082d00000, 0x0000000082d00000| Untracked 
|  19|0x0000000082d00000, 0x0000000082e00000, 0x0000000082e00000|100%|HS|  |TAMS 0x0000000082d00000, 0x0000000082e00000| Complete 
|  20|0x0000000082e00000, 0x0000000082f00000, 0x0000000082f00000|100%|HC|  |TAMS 0x0000000082e00000, 0x0000000082f00000| Complete 
|  21|0x0000000082f00000, 0x0000000083000000, 0x0000000083000000|100%| O|  |TAMS 0x0000000082f00000, 0x0000000083000000| Untracked 
|  22|0x0000000083000000, 0x0000000083100000, 0x0000000083100000|100%| O|  |TAMS 0x0000000083000000, 0x0000000083100000| Untracked 
|  23|0x0000000083100000, 0x0000000083200000, 0x0000000083200000|100%| O|  |TAMS 0x0000000083100000, 0x00000000831c7e00| Untracked 
|  24|0x0000000083200000, 0x0000000083300000, 0x0000000083300000|100%| O|  |TAMS 0x0000000083200000, 0x0000000083200000| Untracked 
|  25|0x0000000083300000, 0x0000000083400000, 0x0000000083400000|100%| O|  |TAMS 0x0000000083300000, 0x0000000083300000| Untracked 
|  26|0x0000000083400000, 0x0000000083500000, 0x0000000083500000|100%| O|  |TAMS 0x0000000083400000, 0x0000000083400000| Untracked 
|  27|0x0000000083500000, 0x0000000083600000, 0x0000000083600000|100%| O|  |TAMS 0x0000000083500000, 0x0000000083500000| Untracked 
|  28|0x0000000083600000, 0x0000000083700000, 0x0000000083700000|100%| O|  |TAMS 0x0000000083600000, 0x0000000083600000| Untracked 
|  29|0x0000000083700000, 0x0000000083800000, 0x0000000083800000|100%| O|  |TAMS 0x0000000083700000, 0x0000000083700000| Untracked 
|  30|0x0000000083800000, 0x0000000083900000, 0x0000000083900000|100%| O|  |TAMS 0x0000000083800000, 0x0000000083800000| Untracked 
|  31|0x0000000083900000, 0x0000000083a00000, 0x0000000083a00000|100%| O|  |TAMS 0x0000000083900000, 0x0000000083900000| Untracked 
|  32|0x0000000083a00000, 0x0000000083b00000, 0x0000000083b00000|100%| O|  |TAMS 0x0000000083a00000, 0x0000000083a00000| Untracked 
|  33|0x0000000083b00000, 0x0000000083c00000, 0x0000000083c00000|100%| O|  |TAMS 0x0000000083b00000, 0x0000000083b00000| Untracked 
|  34|0x0000000083c00000, 0x0000000083d00000, 0x0000000083d00000|100%| O|  |TAMS 0x0000000083c00000, 0x0000000083c00000| Untracked 
|  35|0x0000000083d00000, 0x0000000083e00000, 0x0000000083e00000|100%| O|  |TAMS 0x0000000083d00000, 0x0000000083d00000| Untracked 
|  36|0x0000000083e00000, 0x0000000083f00000, 0x0000000083f00000|100%| O|  |TAMS 0x0000000083e00000, 0x0000000083e00000| Untracked 
|  37|0x0000000083f00000, 0x0000000084000000, 0x0000000084000000|100%| O|  |TAMS 0x0000000083f00000, 0x0000000083f00000| Untracked 
|  38|0x0000000084000000, 0x0000000084100000, 0x0000000084100000|100%| O|  |TAMS 0x0000000084000000, 0x0000000084000000| Untracked 
|  39|0x0000000084100000, 0x0000000084200000, 0x0000000084200000|100%| O|  |TAMS 0x0000000084100000, 0x0000000084100000| Untracked 
|  40|0x0000000084200000, 0x0000000084300000, 0x0000000084300000|100%| O|  |TAMS 0x0000000084200000, 0x0000000084200000| Untracked 
|  41|0x0000000084300000, 0x0000000084400000, 0x0000000084400000|100%| O|  |TAMS 0x0000000084300000, 0x0000000084300000| Untracked 
|  42|0x0000000084400000, 0x0000000084500000, 0x0000000084500000|100%| O|  |TAMS 0x0000000084400000, 0x0000000084400000| Untracked 
|  43|0x0000000084500000, 0x0000000084580000, 0x0000000084600000| 50%| O|  |TAMS 0x0000000084500000, 0x0000000084500000| Untracked 
|  44|0x0000000084600000, 0x0000000084600000, 0x0000000084700000|  0%| F|  |TAMS 0x0000000084600000, 0x0000000084600000| Untracked 
|  45|0x0000000084700000, 0x0000000084700000, 0x0000000084800000|  0%| F|  |TAMS 0x0000000084700000, 0x0000000084700000| Untracked 
|  46|0x0000000084800000, 0x0000000084800000, 0x0000000084900000|  0%| F|  |TAMS 0x0000000084800000, 0x0000000084800000| Untracked 
|  47|0x0000000084900000, 0x0000000084900000, 0x0000000084a00000|  0%| F|  |TAMS 0x0000000084900000, 0x0000000084900000| Untracked 
|  48|0x0000000084a00000, 0x0000000084a00000, 0x0000000084b00000|  0%| F|  |TAMS 0x0000000084a00000, 0x0000000084a00000| Untracked 
|  49|0x0000000084b00000, 0x0000000084b00000, 0x0000000084c00000|  0%| F|  |TAMS 0x0000000084b00000, 0x0000000084b00000| Untracked 
|  50|0x0000000084c00000, 0x0000000084c00000, 0x0000000084d00000|  0%| F|  |TAMS 0x0000000084c00000, 0x0000000084c00000| Untracked 
|  51|0x0000000084d00000, 0x0000000084d00000, 0x0000000084e00000|  0%| F|  |TAMS 0x0000000084d00000, 0x0000000084d00000| Untracked 
|  52|0x0000000084e00000, 0x0000000084e00000, 0x0000000084f00000|  0%| F|  |TAMS 0x0000000084e00000, 0x0000000084e00000| Untracked 
|  53|0x0000000084f00000, 0x0000000084f00000, 0x0000000085000000|  0%| F|  |TAMS 0x0000000084f00000, 0x0000000084f00000| Untracked 
|  54|0x0000000085000000, 0x0000000085000000, 0x0000000085100000|  0%| F|  |TAMS 0x0000000085000000, 0x0000000085000000| Untracked 
|  55|0x0000000085100000, 0x0000000085100000, 0x0000000085200000|  0%| F|  |TAMS 0x0000000085100000, 0x0000000085100000| Untracked 
|  56|0x0000000085200000, 0x0000000085200000, 0x0000000085300000|  0%| F|  |TAMS 0x0000000085200000, 0x0000000085200000| Untracked 
|  57|0x0000000085300000, 0x0000000085300000, 0x0000000085400000|  0%| F|  |TAMS 0x0000000085300000, 0x0000000085300000| Untracked 
|  58|0x0000000085400000, 0x0000000085400000, 0x0000000085500000|  0%| F|  |TAMS 0x0000000085400000, 0x0000000085400000| Untracked 
|  59|0x0000000085500000, 0x0000000085500000, 0x0000000085600000|  0%| F|  |TAMS 0x0000000085500000, 0x0000000085500000| Untracked 
|  60|0x0000000085600000, 0x0000000085600000, 0x0000000085700000|  0%| F|  |TAMS 0x0000000085600000, 0x0000000085600000| Untracked 
|  61|0x0000000085700000, 0x0000000085700000, 0x0000000085800000|  0%| F|  |TAMS 0x0000000085700000, 0x0000000085700000| Untracked 
|  62|0x0000000085800000, 0x0000000085800000, 0x0000000085900000|  0%| F|  |TAMS 0x0000000085800000, 0x0000000085800000| Untracked 
|  63|0x0000000085900000, 0x0000000085900000, 0x0000000085a00000|  0%| F|  |TAMS 0x0000000085900000, 0x0000000085900000| Untracked 
|  64|0x0000000085a00000, 0x0000000085a00000, 0x0000000085b00000|  0%| F|  |TAMS 0x0000000085a00000, 0x0000000085a00000| Untracked 
|  65|0x0000000085b00000, 0x0000000085b00000, 0x0000000085c00000|  0%| F|  |TAMS 0x0000000085b00000, 0x0000000085b00000| Untracked 
|  66|0x0000000085c00000, 0x0000000085c00000, 0x0000000085d00000|  0%| F|  |TAMS 0x0000000085c00000, 0x0000000085c00000| Untracked 
|  67|0x0000000085d00000, 0x0000000085d00000, 0x0000000085e00000|  0%| F|  |TAMS 0x0000000085d00000, 0x0000000085d00000| Untracked 
|  68|0x0000000085e00000, 0x0000000085e00000, 0x0000000085f00000|  0%| F|  |TAMS 0x0000000085e00000, 0x0000000085e00000| Untracked 
|  69|0x0000000085f00000, 0x0000000085f00000, 0x0000000086000000|  0%| F|  |TAMS 0x0000000085f00000, 0x0000000085f00000| Untracked 
|  70|0x0000000086000000, 0x0000000086000000, 0x0000000086100000|  0%| F|  |TAMS 0x0000000086000000, 0x0000000086000000| Untracked 
|  71|0x0000000086100000, 0x0000000086200000, 0x0000000086200000|100%| S|CS|TAMS 0x0000000086100000, 0x0000000086100000| Complete 
|  72|0x0000000086200000, 0x0000000086200000, 0x0000000086300000|  0%| F|  |TAMS 0x0000000086200000, 0x0000000086200000| Untracked 
|  73|0x0000000086300000, 0x0000000086300000, 0x0000000086400000|  0%| F|  |TAMS 0x0000000086300000, 0x0000000086300000| Untracked 
|  74|0x0000000086400000, 0x0000000086400000, 0x0000000086500000|  0%| F|  |TAMS 0x0000000086400000, 0x0000000086400000| Untracked 
|  75|0x0000000086500000, 0x0000000086500000, 0x0000000086600000|  0%| F|  |TAMS 0x0000000086500000, 0x0000000086500000| Untracked 
|  76|0x0000000086600000, 0x0000000086600000, 0x0000000086700000|  0%| F|  |TAMS 0x0000000086600000, 0x0000000086600000| Untracked 
|  77|0x0000000086700000, 0x0000000086700000, 0x0000000086800000|  0%| F|  |TAMS 0x0000000086700000, 0x0000000086700000| Untracked 
|  78|0x0000000086800000, 0x0000000086800000, 0x0000000086900000|  0%| F|  |TAMS 0x0000000086800000, 0x0000000086800000| Untracked 
|  79|0x0000000086900000, 0x0000000086900000, 0x0000000086a00000|  0%| F|  |TAMS 0x0000000086900000, 0x0000000086900000| Untracked 
|  80|0x0000000086a00000, 0x0000000086a00000, 0x0000000086b00000|  0%| F|  |TAMS 0x0000000086a00000, 0x0000000086a00000| Untracked 
|  81|0x0000000086b00000, 0x0000000086b00000, 0x0000000086c00000|  0%| F|  |TAMS 0x0000000086b00000, 0x0000000086b00000| Untracked 
|  82|0x0000000086c00000, 0x0000000086c00000, 0x0000000086d00000|  0%| F|  |TAMS 0x0000000086c00000, 0x0000000086c00000| Untracked 
|  83|0x0000000086d00000, 0x0000000086d00000, 0x0000000086e00000|  0%| F|  |TAMS 0x0000000086d00000, 0x0000000086d00000| Untracked 
|  84|0x0000000086e00000, 0x0000000086e00000, 0x0000000086f00000|  0%| F|  |TAMS 0x0000000086e00000, 0x0000000086e00000| Untracked 
|  85|0x0000000086f00000, 0x0000000086f00000, 0x0000000087000000|  0%| F|  |TAMS 0x0000000086f00000, 0x0000000086f00000| Untracked 
|  86|0x0000000087000000, 0x0000000087000000, 0x0000000087100000|  0%| F|  |TAMS 0x0000000087000000, 0x0000000087000000| Untracked 
|  87|0x0000000087100000, 0x0000000087100000, 0x0000000087200000|  0%| F|  |TAMS 0x0000000087100000, 0x0000000087100000| Untracked 
|  88|0x0000000087200000, 0x0000000087200000, 0x0000000087300000|  0%| F|  |TAMS 0x0000000087200000, 0x0000000087200000| Untracked 
|  89|0x0000000087300000, 0x0000000087300000, 0x0000000087400000|  0%| F|  |TAMS 0x0000000087300000, 0x0000000087300000| Untracked 
|  90|0x0000000087400000, 0x0000000087400000, 0x0000000087500000|  0%| F|  |TAMS 0x0000000087400000, 0x0000000087400000| Untracked 
|  91|0x0000000087500000, 0x0000000087500000, 0x0000000087600000|  0%| F|  |TAMS 0x0000000087500000, 0x0000000087500000| Untracked 
|  92|0x0000000087600000, 0x0000000087600000, 0x0000000087700000|  0%| F|  |TAMS 0x0000000087600000, 0x0000000087600000| Untracked 
|  93|0x0000000087700000, 0x0000000087700000, 0x0000000087800000|  0%| F|  |TAMS 0x0000000087700000, 0x0000000087700000| Untracked 
|  94|0x0000000087800000, 0x0000000087800000, 0x0000000087900000|  0%| F|  |TAMS 0x0000000087800000, 0x0000000087800000| Untracked 
|  95|0x0000000087900000, 0x0000000087900000, 0x0000000087a00000|  0%| F|  |TAMS 0x0000000087900000, 0x0000000087900000| Untracked 
|  96|0x0000000087a00000, 0x0000000087a00000, 0x0000000087b00000|  0%| F|  |TAMS 0x0000000087a00000, 0x0000000087a00000| Untracked 
|  97|0x0000000087b00000, 0x0000000087b00000, 0x0000000087c00000|  0%| F|  |TAMS 0x0000000087b00000, 0x0000000087b00000| Untracked 
|  98|0x0000000087c00000, 0x0000000087c00000, 0x0000000087d00000|  0%| F|  |TAMS 0x0000000087c00000, 0x0000000087c00000| Untracked 
|  99|0x0000000087d00000, 0x0000000087d00000, 0x0000000087e00000|  0%| F|  |TAMS 0x0000000087d00000, 0x0000000087d00000| Untracked 
| 100|0x0000000087e00000, 0x0000000087e00000, 0x0000000087f00000|  0%| F|  |TAMS 0x0000000087e00000, 0x0000000087e00000| Untracked 
| 101|0x0000000087f00000, 0x0000000087f00000, 0x0000000088000000|  0%| F|  |TAMS 0x0000000087f00000, 0x0000000087f00000| Untracked 
| 102|0x0000000088000000, 0x0000000088000000, 0x0000000088100000|  0%| F|  |TAMS 0x0000000088000000, 0x0000000088000000| Untracked 
| 103|0x0000000088100000, 0x0000000088100000, 0x0000000088200000|  0%| F|  |TAMS 0x0000000088100000, 0x0000000088100000| Untracked 
| 104|0x0000000088200000, 0x0000000088200000, 0x0000000088300000|  0%| F|  |TAMS 0x0000000088200000, 0x0000000088200000| Untracked 
| 105|0x0000000088300000, 0x0000000088400000, 0x0000000088400000|100%| E|  |TAMS 0x0000000088300000, 0x0000000088300000| Complete 
| 106|0x0000000088400000, 0x0000000088500000, 0x0000000088500000|100%| E|CS|TAMS 0x0000000088400000, 0x0000000088400000| Complete 
| 107|0x0000000088500000, 0x0000000088600000, 0x0000000088600000|100%| E|CS|TAMS 0x0000000088500000, 0x0000000088500000| Complete 
| 108|0x0000000088600000, 0x0000000088700000, 0x0000000088700000|100%| E|CS|TAMS 0x0000000088600000, 0x0000000088600000| Complete 
| 109|0x0000000088700000, 0x0000000088800000, 0x0000000088800000|100%| E|CS|TAMS 0x0000000088700000, 0x0000000088700000| Complete 
| 110|0x0000000088800000, 0x0000000088900000, 0x0000000088900000|100%| E|CS|TAMS 0x0000000088800000, 0x0000000088800000| Complete 
| 111|0x0000000088900000, 0x0000000088a00000, 0x0000000088a00000|100%| E|CS|TAMS 0x0000000088900000, 0x0000000088900000| Complete 
| 112|0x0000000088a00000, 0x0000000088b00000, 0x0000000088b00000|100%| E|CS|TAMS 0x0000000088a00000, 0x0000000088a00000| Complete 
| 113|0x0000000088b00000, 0x0000000088c00000, 0x0000000088c00000|100%| E|CS|TAMS 0x0000000088b00000, 0x0000000088b00000| Complete 
| 114|0x0000000088c00000, 0x0000000088d00000, 0x0000000088d00000|100%| E|CS|TAMS 0x0000000088c00000, 0x0000000088c00000| Complete 
| 115|0x0000000088d00000, 0x0000000088e00000, 0x0000000088e00000|100%| E|CS|TAMS 0x0000000088d00000, 0x0000000088d00000| Complete 
| 116|0x0000000088e00000, 0x0000000088f00000, 0x0000000088f00000|100%| E|CS|TAMS 0x0000000088e00000, 0x0000000088e00000| Complete 
| 117|0x0000000088f00000, 0x0000000089000000, 0x0000000089000000|100%| E|CS|TAMS 0x0000000088f00000, 0x0000000088f00000| Complete 
| 118|0x0000000089000000, 0x0000000089100000, 0x0000000089100000|100%| E|CS|TAMS 0x0000000089000000, 0x0000000089000000| Complete 
| 119|0x0000000089100000, 0x0000000089200000, 0x0000000089200000|100%| E|CS|TAMS 0x0000000089100000, 0x0000000089100000| Complete 
| 120|0x0000000089200000, 0x0000000089300000, 0x0000000089300000|100%| E|CS|TAMS 0x0000000089200000, 0x0000000089200000| Complete 
| 121|0x0000000089300000, 0x0000000089400000, 0x0000000089400000|100%| E|CS|TAMS 0x0000000089300000, 0x0000000089300000| Complete 
| 122|0x0000000089400000, 0x0000000089500000, 0x0000000089500000|100%| E|CS|TAMS 0x0000000089400000, 0x0000000089400000| Complete 
| 123|0x0000000089500000, 0x0000000089600000, 0x0000000089600000|100%| E|CS|TAMS 0x0000000089500000, 0x0000000089500000| Complete 
| 124|0x0000000089600000, 0x0000000089700000, 0x0000000089700000|100%| E|CS|TAMS 0x0000000089600000, 0x0000000089600000| Complete 
| 125|0x0000000089700000, 0x0000000089800000, 0x0000000089800000|100%| E|CS|TAMS 0x0000000089700000, 0x0000000089700000| Complete 
| 126|0x0000000089800000, 0x0000000089900000, 0x0000000089900000|100%| E|CS|TAMS 0x0000000089800000, 0x0000000089800000| Complete 
| 127|0x0000000089900000, 0x0000000089a00000, 0x0000000089a00000|100%| E|CS|TAMS 0x0000000089900000, 0x0000000089900000| Complete 
| 128|0x0000000089a00000, 0x0000000089b00000, 0x0000000089b00000|100%| E|CS|TAMS 0x0000000089a00000, 0x0000000089a00000| Complete 
| 129|0x0000000089b00000, 0x0000000089c00000, 0x0000000089c00000|100%| E|CS|TAMS 0x0000000089b00000, 0x0000000089b00000| Complete 
| 130|0x0000000089c00000, 0x0000000089d00000, 0x0000000089d00000|100%| E|CS|TAMS 0x0000000089c00000, 0x0000000089c00000| Complete 
| 131|0x0000000089d00000, 0x0000000089e00000, 0x0000000089e00000|100%| E|CS|TAMS 0x0000000089d00000, 0x0000000089d00000| Complete 
| 132|0x0000000089e00000, 0x0000000089f00000, 0x0000000089f00000|100%| E|CS|TAMS 0x0000000089e00000, 0x0000000089e00000| Complete 
| 133|0x0000000089f00000, 0x000000008a000000, 0x000000008a000000|100%| E|CS|TAMS 0x0000000089f00000, 0x0000000089f00000| Complete 
| 134|0x000000008a000000, 0x000000008a100000, 0x000000008a100000|100%| E|CS|TAMS 0x000000008a000000, 0x000000008a000000| Complete 
|2020|0x00000000ffe00000, 0x00000000fff00000, 0x00000000fff00000|100%| O|  |TAMS 0x00000000fff00000, 0x00000000fff00000| Untracked 
|2021|0x00000000fff00000, 0x0000000100000000, 0x0000000100000000|100%| O|  |TAMS 0x0000000100000000, 0x0000000100000000| Untracked 

Card table byte_map: [0x0000020642be0000,0x0000020642fe0000] _byte_map_base: 0x00000206427d3000

Marking Bits (Prev, Next): (CMBitMap*) 0x000002062e545b80, (CMBitMap*) 0x000002062e545b40
 Prev Bits: [0x0000020645380000, 0x0000020647318000)
 Next Bits: [0x00000206433e0000, 0x0000020645378000)

Polling page: 0x000002062e5c0000

Metaspace:

Usage:
  Non-class:     52.23 MB used.
      Class:      7.11 MB used.
       Both:     59.33 MB used.

Virtual space:
  Non-class space:       56.00 MB reserved,      52.38 MB ( 94%) committed,  7 nodes.
      Class space:        1.00 GB reserved,       7.19 MB ( <1%) committed,  1 nodes.
             Both:        1.05 GB reserved,      59.56 MB (  6%) committed. 

Chunk freelists:
   Non-Class:  3.27 MB
       Class:  775.00 KB
        Both:  4.02 MB

MaxMetaspaceSize: unlimited
CompressedClassSpaceSize: 1.00 GB
Initial GC threshold: 21.00 MB
Current GC threshold: 73.12 MB
CDS: off
MetaspaceReclaimPolicy: balanced
 - commit_granule_bytes: 65536.
 - commit_granule_words: 8192.
 - virtual_space_node_default_size: 1048576.
 - enlarge_chunks_in_place: 1.
 - new_chunks_are_fully_committed: 0.
 - uncommit_free_chunks: 1.
 - use_allocation_guard: 0.
 - handle_deallocations: 1.


Internal statistics:

num_allocs_failed_limit: 9.
num_arena_births: 266.
num_arena_deaths: 0.
num_vsnodes_births: 8.
num_vsnodes_deaths: 0.
num_space_committed: 951.
num_space_uncommitted: 0.
num_chunks_returned_to_freelist: 9.
num_chunks_taken_from_freelist: 2116.
num_chunk_merges: 9.
num_chunk_splits: 1756.
num_chunks_enlarged: 1562.
num_purges: 0.
num_inconsistent_stats: 0.

CodeHeap 'non-profiled nmethods': size=120000Kb used=2572Kb max_used=2720Kb free=117427Kb
 bounds [0x000002063ac80000, 0x000002063af30000, 0x00000206421b0000]
CodeHeap 'profiled nmethods': size=120000Kb used=12055Kb max_used=13247Kb free=107944Kb
 bounds [0x00000206331b0000, 0x0000020633ec0000, 0x000002063a6e0000]
CodeHeap 'non-nmethods': size=5760Kb used=1293Kb max_used=1347Kb free=4466Kb
 bounds [0x000002063a6e0000, 0x000002063a950000, 0x000002063ac80000]
 total_blobs=6638 nmethods=6033 adapters=515
 compilation: enabled
              stopped_count=0, restarted_count=0
 full_count=0

Compilation events (20 events):
Event: 9.515 Thread 0x000002064a427ed0 nmethod 6966 0x0000020633e71310 code [0x0000020633e71580, 0x0000020633e71b68]
Event: 9.515 Thread 0x000002064a427ed0 6967       1       org.jetbrains.kotlin.psi.KtProjectionKind::getToken (5 bytes)
Event: 9.515 Thread 0x000002064a427ed0 nmethod 6967 0x000002063ae81810 code [0x000002063ae819a0, 0x000002063ae81a78]
Event: 9.515 Thread 0x000002064a427ed0 6972       1       org.jetbrains.kotlin.serialization.deserialization.TypeDeserializer::access$getC$p (5 bytes)
Event: 9.515 Thread 0x000002064a427ed0 nmethod 6972 0x000002063ae81510 code [0x000002063ae816a0, 0x000002063ae81758]
Event: 9.515 Thread 0x000002064a427ed0 6973       1       org.jetbrains.kotlin.metadata.ProtoBuf$Type::getFlags (5 bytes)
Event: 9.515 Thread 0x000002064a427ed0 nmethod 6973 0x000002063ae81210 code [0x000002063ae813a0, 0x000002063ae81478]
Event: 9.523 Thread 0x000002064a427ed0 6974       2       java.util.Collections$UnmodifiableCollection::size (10 bytes)
Event: 9.523 Thread 0x000002064a427ed0 nmethod 6974 0x0000020633b3e210 code [0x0000020633b3e3a0, 0x0000020633b3e4c8]
Event: 9.524 Thread 0x000002064a427ed0 6975       1       org.jetbrains.kotlin.load.kotlin.FileBasedKotlinClass::access$100 (5 bytes)
Event: 9.524 Thread 0x000002064a427ed0 nmethod 6975 0x000002063ae80f10 code [0x000002063ae810a0, 0x000002063ae81158]
Event: 9.528 Thread 0x000002064a427ed0 6976       2       org.jetbrains.kotlin.metadata.jvm.deserialization.JvmNameResolverBase::getQualifiedClassName (6 bytes)
Event: 9.529 Thread 0x000002064a427ed0 nmethod 6976 0x0000020633bbd090 code [0x0000020633bbd220, 0x0000020633bbd348]
Event: 9.529 Thread 0x000002064a427ed0 6977       2       org.jetbrains.kotlin.metadata.jvm.deserialization.JvmNameResolverBase::isLocalClassName (14 bytes)
Event: 9.529 Thread 0x000002064a427ed0 nmethod 6977 0x0000020633784e10 code [0x0000020633784fc0, 0x0000020633785188]
Event: 9.529 Thread 0x000002064a427ed0 6978       1       org.jetbrains.kotlin.metadata.ProtoBuf$Type$Argument::getType (5 bytes)
Event: 9.529 Thread 0x000002064a427ed0 nmethod 6978 0x000002063ae80c10 code [0x000002063ae80da0, 0x000002063ae80e78]
Event: 9.530 Thread 0x000002064a427ed0 6979       2       org.jetbrains.kotlin.metadata.ProtoBuf$PackageFragment::getClass_ (14 bytes)
Event: 9.530 Thread 0x000002064a427ed0 nmethod 6979 0x0000020633c96d10 code [0x0000020633c96ec0, 0x0000020633c97028]
Event: 9.530 Thread 0x000002064a427ed0 6980       2       org.jetbrains.kotlin.cli.jvm.index.SingleJavaFileRootsIndex::findJavaSourceClasses (205 bytes)

GC Heap History (20 events):
Event: 3.997 GC heap before
{Heap before GC invocations=9 (full 0):
 garbage-first heap   total 52224K, used 36312K [0x0000000081a00000, 0x0000000100000000)
  region size 1024K, 20 young (20480K), 2 survivors (2048K)
 Metaspace       used 39771K, committed 40000K, reserved 1089536K
  class space    used 4880K, committed 4992K, reserved 1048576K
}
Event: 4.002 GC heap after
{Heap after GC invocations=10 (full 0):
 garbage-first heap   total 52224K, used 20756K [0x0000000081a00000, 0x0000000100000000)
  region size 1024K, 3 young (3072K), 3 survivors (3072K)
 Metaspace       used 39771K, committed 40000K, reserved 1089536K
  class space    used 4880K, committed 4992K, reserved 1048576K
}
Event: 4.018 GC heap before
{Heap before GC invocations=10 (full 0):
 garbage-first heap   total 52224K, used 20756K [0x0000000081a00000, 0x0000000100000000)
  region size 1024K, 4 young (4096K), 3 survivors (3072K)
 Metaspace       used 40023K, committed 40256K, reserved 1089536K
  class space    used 4910K, committed 5056K, reserved 1048576K
}
Event: 4.024 GC heap after
{Heap after GC invocations=11 (full 0):
 garbage-first heap   total 52224K, used 20599K [0x0000000081a00000, 0x0000000100000000)
  region size 1024K, 1 young (1024K), 1 survivors (1024K)
 Metaspace       used 40023K, committed 40256K, reserved 1089536K
  class space    used 4910K, committed 5056K, reserved 1048576K
}
Event: 4.550 GC heap before
{Heap before GC invocations=11 (full 0):
 garbage-first heap   total 52224K, used 38007K [0x0000000081a00000, 0x0000000100000000)
  region size 1024K, 18 young (18432K), 1 survivors (1024K)
 Metaspace       used 44410K, committed 44672K, reserved 1089536K
  class space    used 5426K, committed 5568K, reserved 1048576K
}
Event: 4.556 GC heap after
{Heap after GC invocations=12 (full 0):
 garbage-first heap   total 52224K, used 21450K [0x0000000081a00000, 0x0000000100000000)
  region size 1024K, 2 young (2048K), 2 survivors (2048K)
 Metaspace       used 44410K, committed 44672K, reserved 1089536K
  class space    used 5426K, committed 5568K, reserved 1048576K
}
Event: 5.125 GC heap before
{Heap before GC invocations=13 (full 0):
 garbage-first heap   total 52224K, used 38858K [0x0000000081a00000, 0x0000000100000000)
  region size 1024K, 18 young (18432K), 2 survivors (2048K)
 Metaspace       used 47411K, committed 47616K, reserved 1097728K
  class space    used 5771K, committed 5888K, reserved 1048576K
}
Event: 5.132 GC heap after
{Heap after GC invocations=14 (full 0):
 garbage-first heap   total 52224K, used 25929K [0x0000000081a00000, 0x0000000100000000)
  region size 1024K, 3 young (3072K), 3 survivors (3072K)
 Metaspace       used 47411K, committed 47616K, reserved 1097728K
  class space    used 5771K, committed 5888K, reserved 1048576K
}
Event: 5.151 GC heap before
{Heap before GC invocations=14 (full 0):
 garbage-first heap   total 52224K, used 26953K [0x0000000081a00000, 0x0000000100000000)
  region size 1024K, 4 young (4096K), 3 survivors (3072K)
 Metaspace       used 47419K, committed 47616K, reserved 1097728K
  class space    used 5771K, committed 5888K, reserved 1048576K
}
Event: 5.161 GC heap after
{Heap after GC invocations=15 (full 0):
 garbage-first heap   total 52224K, used 26042K [0x0000000081a00000, 0x0000000100000000)
  region size 1024K, 1 young (1024K), 1 survivors (1024K)
 Metaspace       used 47419K, committed 47616K, reserved 1097728K
  class space    used 5771K, committed 5888K, reserved 1048576K
}
Event: 5.408 GC heap before
{Heap before GC invocations=15 (full 0):
 garbage-first heap   total 52224K, used 33210K [0x0000000081a00000, 0x0000000100000000)
  region size 1024K, 9 young (9216K), 1 survivors (1024K)
 Metaspace       used 49391K, committed 49664K, reserved 1097728K
  class space    used 6019K, committed 6144K, reserved 1048576K
}
Event: 5.412 GC heap after
{Heap after GC invocations=16 (full 0):
 garbage-first heap   total 114688K, used 26596K [0x0000000081a00000, 0x0000000100000000)
  region size 1024K, 2 young (2048K), 2 survivors (2048K)
 Metaspace       used 49391K, committed 49664K, reserved 1097728K
  class space    used 6019K, committed 6144K, reserved 1048576K
}
Event: 6.548 GC heap before
{Heap before GC invocations=16 (full 0):
 garbage-first heap   total 114688K, used 78820K [0x0000000081a00000, 0x0000000100000000)
  region size 1024K, 52 young (53248K), 2 survivors (2048K)
 Metaspace       used 53023K, committed 53248K, reserved 1097728K
  class space    used 6361K, committed 6464K, reserved 1048576K
}
Event: 6.562 GC heap after
{Heap after GC invocations=17 (full 0):
 garbage-first heap   total 114688K, used 32400K [0x0000000081a00000, 0x0000000100000000)
  region size 1024K, 7 young (7168K), 7 survivors (7168K)
 Metaspace       used 53023K, committed 53248K, reserved 1097728K
  class space    used 6361K, committed 6464K, reserved 1048576K
}
Event: 7.880 GC heap before
{Heap before GC invocations=17 (full 0):
 garbage-first heap   total 114688K, used 83600K [0x0000000081a00000, 0x0000000100000000)
  region size 1024K, 57 young (58368K), 7 survivors (7168K)
 Metaspace       used 54767K, committed 54976K, reserved 1097728K
  class space    used 6445K, committed 6528K, reserved 1048576K
}
Event: 7.914 GC heap after
{Heap after GC invocations=18 (full 0):
 garbage-first heap   total 114688K, used 40710K [0x0000000081a00000, 0x0000000100000000)
  region size 1024K, 8 young (8192K), 8 survivors (8192K)
 Metaspace       used 54767K, committed 54976K, reserved 1097728K
  class space    used 6445K, committed 6528K, reserved 1048576K
}
Event: 8.396 GC heap before
{Heap before GC invocations=18 (full 0):
 garbage-first heap   total 114688K, used 83718K [0x0000000081a00000, 0x0000000100000000)
  region size 1024K, 50 young (51200K), 8 survivors (8192K)
 Metaspace       used 55129K, committed 55360K, reserved 1097728K
  class space    used 6471K, committed 6592K, reserved 1048576K
}
Event: 8.423 GC heap after
{Heap after GC invocations=19 (full 0):
 garbage-first heap   total 114688K, used 46530K [0x0000000081a00000, 0x0000000100000000)
  region size 1024K, 6 young (6144K), 6 survivors (6144K)
 Metaspace       used 55129K, committed 55360K, reserved 1097728K
  class space    used 6471K, committed 6592K, reserved 1048576K
}
Event: 8.694 GC heap before
{Heap before GC invocations=19 (full 0):
 garbage-first heap   total 114688K, used 85442K [0x0000000081a00000, 0x0000000100000000)
  region size 1024K, 44 young (45056K), 6 survivors (6144K)
 Metaspace       used 56413K, committed 56640K, reserved 1105920K
  class space    used 6642K, committed 6720K, reserved 1048576K
}
Event: 8.706 GC heap after
{Heap after GC invocations=20 (full 0):
 garbage-first heap   total 140288K, used 47554K [0x0000000081a00000, 0x0000000100000000)
  region size 1024K, 1 young (1024K), 1 survivors (1024K)
 Metaspace       used 56413K, committed 56640K, reserved 1105920K
  class space    used 6642K, committed 6720K, reserved 1048576K
}

Dll operation events (2 events):
Event: 0.009 Loaded shared library C:\Program Files\Android\Android Studio\jbr\bin\java.dll
Event: 2.183 Loaded shared library C:\Program Files\Android\Android Studio\jbr\bin\verify.dll

Deoptimization events (20 events):
Event: 9.469 Thread 0x000002062e4e88a0 Uncommon trap: trap_request=0xffffff45 fr.pc=0x000002063aed0d90 relative=0x0000000000002170
Event: 9.469 Thread 0x000002062e4e88a0 Uncommon trap: reason=unstable_if action=reinterpret pc=0x000002063aed0d90 method=org.jetbrains.kotlin.serialization.deserialization.descriptors.DeserializedPackageMemberScope.hasClass(Lorg/jetbrains/kotlin/name/Name;)Z @ 107 c2
Event: 9.469 Thread 0x000002062e4e88a0 DEOPT PACKING pc=0x000002063aed0d90 sp=0x000000af4a8fbf60
Event: 9.469 Thread 0x000002062e4e88a0 DEOPT UNPACKING pc=0x000002063a7369a3 sp=0x000000af4a8fbf10 mode 2
Event: 9.476 Thread 0x000002062e4e88a0 Uncommon trap: trap_request=0xffffffc6 fr.pc=0x000002063aca7ff8 relative=0x0000000000000578
Event: 9.476 Thread 0x000002062e4e88a0 Uncommon trap: reason=bimorphic_or_optimized_type_check action=maybe_recompile pc=0x000002063aca7ff8 method=kotlin.sequences.FlatteningSequence$iterator$1.ensureItemIterator()Z @ 59 c2
Event: 9.476 Thread 0x000002062e4e88a0 DEOPT PACKING pc=0x000002063aca7ff8 sp=0x000000af4a8fe6a0
Event: 9.476 Thread 0x000002062e4e88a0 DEOPT UNPACKING pc=0x000002063a7369a3 sp=0x000000af4a8fe658 mode 2
Event: 9.484 Thread 0x000002062e4e88a0 Uncommon trap: trap_request=0xffffffde fr.pc=0x000002063aeefc04 relative=0x00000000000001a4
Event: 9.484 Thread 0x000002062e4e88a0 Uncommon trap: reason=class_check action=maybe_recompile pc=0x000002063aeefc04 method=org.jetbrains.kotlin.types.FlexibleType.isMarkedNullable()Z @ 4 c2
Event: 9.484 Thread 0x000002062e4e88a0 DEOPT PACKING pc=0x000002063aeefc04 sp=0x000000af4a8fb820
Event: 9.484 Thread 0x000002062e4e88a0 DEOPT UNPACKING pc=0x000002063a7369a3 sp=0x000000af4a8fb7d8 mode 2
Event: 9.489 Thread 0x000002062e4e88a0 Uncommon trap: trap_request=0xffffffde fr.pc=0x000002063aeefc04 relative=0x00000000000001a4
Event: 9.489 Thread 0x000002062e4e88a0 Uncommon trap: reason=class_check action=maybe_recompile pc=0x000002063aeefc04 method=org.jetbrains.kotlin.types.FlexibleType.isMarkedNullable()Z @ 4 c2
Event: 9.489 Thread 0x000002062e4e88a0 DEOPT PACKING pc=0x000002063aeefc04 sp=0x000000af4a8fb820
Event: 9.489 Thread 0x000002062e4e88a0 DEOPT UNPACKING pc=0x000002063a7369a3 sp=0x000000af4a8fb7d8 mode 2
Event: 9.489 Thread 0x000002062e4e88a0 Uncommon trap: trap_request=0xffffffde fr.pc=0x000002063aeefc04 relative=0x00000000000001a4
Event: 9.489 Thread 0x000002062e4e88a0 Uncommon trap: reason=class_check action=maybe_recompile pc=0x000002063aeefc04 method=org.jetbrains.kotlin.types.FlexibleType.isMarkedNullable()Z @ 4 c2
Event: 9.489 Thread 0x000002062e4e88a0 DEOPT PACKING pc=0x000002063aeefc04 sp=0x000000af4a8fbab0
Event: 9.489 Thread 0x000002062e4e88a0 DEOPT UNPACKING pc=0x000002063a7369a3 sp=0x000000af4a8fba68 mode 2

Classes unloaded (0 events):
No events

Classes redefined (0 events):
No events

Internal exceptions (20 events):
Event: 3.269 Thread 0x000002062e4e88a0 Implicit null exception at 0x000002063ac987f2 to 0x000002063ac98dc8
Event: 3.400 Thread 0x000002062e4e88a0 Implicit null exception at 0x000002063ac998f2 to 0x000002063ac99ed8
Event: 3.454 Thread 0x000002062e4e88a0 Exception <a 'java/lang/NoSuchMethodError'{0x00000000836c3178}: 'java.lang.Object java.lang.invoke.DirectMethodHandle$Holder.invokeVirtual(java.lang.Object, java.lang.Object, java.lang.Object)'> (0x00000000836c3178) 
thrown [s\src\hotspot\share\interpreter\linkResolver.cpp, line 771]
Event: 4.327 Thread 0x000002062e4e88a0 Exception <a 'java/lang/NoSuchMethodError'{0x0000000083e96dc0}: 'java.lang.Object java.lang.invoke.DirectMethodHandle$Holder.newInvokeSpecial(java.lang.Object, java.lang.Object, int)'> (0x0000000083e96dc0) 
thrown [s\src\hotspot\share\interpreter\linkResolver.cpp, line 771]
Event: 4.455 Thread 0x000002062e4e88a0 Exception <a 'java/lang/NoSuchMethodError'{0x0000000083b16110}: 'java.lang.Object java.lang.invoke.DirectMethodHandle$Holder.newInvokeSpecial(java.lang.Object, java.lang.Object, java.lang.Object, int)'> (0x0000000083b16110) 
thrown [s\src\hotspot\share\interpreter\linkResolver.cpp, line 771]
Event: 4.456 Thread 0x000002062e4e88a0 Exception <a 'java/lang/NoSuchMethodError'{0x0000000083b1a798}: 'java.lang.Object java.lang.invoke.DirectMethodHandle$Holder.invokeSpecial(java.lang.Object, java.lang.Object, java.lang.Object, java.lang.Object, int)'> (0x0000000083b1a798) 
thrown [s\src\hotspot\share\interpreter\linkResolver.cpp, line 771]
Event: 4.457 Thread 0x000002062e4e88a0 Exception <a 'java/lang/NoSuchMethodError'{0x0000000083b1e608}: 'java.lang.Object java.lang.invoke.Invokers$Holder.linkToTargetMethod(java.lang.Object, java.lang.Object, int, java.lang.Object)'> (0x0000000083b1e608) 
thrown [s\src\hotspot\share\interpreter\linkResolver.cpp, line 771]
Event: 6.433 Thread 0x000002062e4e88a0 Exception <a 'java/lang/NoSuchMethodError'{0x0000000085bb9260}: 'java.lang.Object java.lang.invoke.DirectMethodHandle$Holder.newInvokeSpecial(java.lang.Object, java.lang.Object, java.lang.Object, java.lang.Object, java.lang.Object, java.lang.Object, java.lang.Object, java.lang.Object)'> (0x0000000085bb9260) 
thrown [s\src\hotspot\share\interpreter\linkResolver.cpp, line 771]
Event: 6.433 Thread 0x000002062e4e88a0 Exception <a 'java/lang/NoSuchMethodError'{0x0000000085bbe878}: 'java.lang.Object java.lang.invoke.DirectMethodHandle$Holder.invokeSpecial(java.lang.Object, java.lang.Object, java.lang.Object, java.lang.Object, java.lang.Object, java.lang.Object, java.lang.Object, java.lang.Object, java.lang.Object)'> (0x0000000085bbe878) 
thrown [s\src\hotspot\share\interpreter\linkResolver.cpp, line 771]
Event: 6.434 Thread 0x000002062e4e88a0 Exception <a 'java/lang/NoSuchMethodError'{0x0000000085bc37a8}: 'java.lang.Object java.lang.invoke.Invokers$Holder.linkToTargetMethod(java.lang.Object, java.lang.Object, java.lang.Object, java.lang.Object, java.lang.Object, java.lang.Object, java.lang.Object, java.lang.Object)'> (0x0000000085bc37a8) 
thrown [s\src\hotspot\share\interpreter\linkResolver.cpp, line 771]
Event: 6.467 Thread 0x000002062e4e88a0 Exception <a 'java/lang/NoSuchMethodError'{0x0000000085a31b50}: 'java.lang.Object java.lang.invoke.DirectMethodHandle$Holder.newInvokeSpecial(java.lang.Object, java.lang.Object, java.lang.Object, java.lang.Object, java.lang.Object, java.lang.Object)'> (0x0000000085a31b50) 
thrown [s\src\hotspot\share\interpreter\linkResolver.cpp, line 771]
Event: 6.820 Thread 0x000002062e4e88a0 Exception <a 'java/lang/NoSuchMethodError'{0x0000000087e33120}: 'java.lang.Object java.lang.invoke.DirectMethodHandle$Holder.invokeStaticInit(java.lang.Object, java.lang.Object, java.lang.Object)'> (0x0000000087e33120) 
thrown [s\src\hotspot\share\interpreter\linkResolver.cpp, line 771]
Event: 6.830 Thread 0x000002062e4e88a0 Exception <a 'java/lang/NoSuchMethodError'{0x0000000087e7a060}: 'java.lang.Object java.lang.invoke.DirectMethodHandle$Holder.newInvokeSpecial(java.lang.Object, int, java.lang.Object)'> (0x0000000087e7a060) 
thrown [s\src\hotspot\share\interpreter\linkResolver.cpp, line 771]
Event: 6.831 Thread 0x000002062e4e88a0 Exception <a 'java/lang/NoSuchMethodError'{0x0000000087e804b8}: 'int java.lang.invoke.DirectMethodHandle$Holder.invokeInterface(java.lang.Object, java.lang.Object)'> (0x0000000087e804b8) 
thrown [s\src\hotspot\share\interpreter\linkResolver.cpp, line 771]
Event: 8.644 Thread 0x000002062e4e88a0 Implicit null exception at 0x000002063ada32cc to 0x000002063ada33a8
Event: 9.105 Thread 0x000002062e4e88a0 Exception <a 'java/lang/NoSuchMethodError'{0x0000000088c45e20}: 'java.lang.Object java.lang.invoke.DirectMethodHandle$Holder.invokeStatic(java.lang.Object, java.lang.Object, java.lang.Object, java.lang.Object, int)'> (0x0000000088c45e20) 
thrown [s\src\hotspot\share\interpreter\linkResolver.cpp, line 771]
Event: 9.106 Thread 0x000002062e4e88a0 Exception <a 'java/lang/NoSuchMethodError'{0x0000000088c4fb08}: 'java.lang.Object java.lang.invoke.DirectMethodHandle$Holder.newInvokeSpecial(java.lang.Object, java.lang.Object, java.lang.Object, java.lang.Object, int)'> (0x0000000088c4fb08) 
thrown [s\src\hotspot\share\interpreter\linkResolver.cpp, line 771]
Event: 9.106 Thread 0x000002062e4e88a0 Exception <a 'java/lang/NoSuchMethodError'{0x0000000088c57bd8}: 'java.lang.Object java.lang.invoke.Invokers$Holder.linkToTargetMethod(java.lang.Object, java.lang.Object, java.lang.Object, int, java.lang.Object)'> (0x0000000088c57bd8) 
thrown [s\src\hotspot\share\interpreter\linkResolver.cpp, line 771]
Event: 9.173 Thread 0x000002062e4e88a0 Exception <a 'java/lang/NoSuchMethodError'{0x0000000088a02fa0}: 'void java.lang.invoke.DirectMethodHandle$Holder.invokeInterface(java.lang.Object, java.lang.Object)'> (0x0000000088a02fa0) 
thrown [s\src\hotspot\share\interpreter\linkResolver.cpp, line 771]
Event: 9.248 Thread 0x000002062e4e88a0 Exception <a 'java/lang/IncompatibleClassChangeError'{0x000000008895c4f0}: Found class java.lang.Object, but interface was expected> (0x000000008895c4f0) 
thrown [s\src\hotspot\share\interpreter\linkResolver.cpp, line 838]

VM Operations (20 events):
Event: 9.095 Executing VM operation: HandshakeAllThreads
Event: 9.095 Executing VM operation: HandshakeAllThreads done
Event: 9.098 Executing VM operation: HandshakeAllThreads
Event: 9.098 Executing VM operation: HandshakeAllThreads done
Event: 9.146 Executing VM operation: HandshakeAllThreads
Event: 9.146 Executing VM operation: HandshakeAllThreads done
Event: 9.168 Executing VM operation: HandshakeAllThreads
Event: 9.168 Executing VM operation: HandshakeAllThreads done
Event: 9.186 Executing VM operation: HandshakeAllThreads
Event: 9.186 Executing VM operation: HandshakeAllThreads done
Event: 9.214 Executing VM operation: HandshakeAllThreads
Event: 9.214 Executing VM operation: HandshakeAllThreads done
Event: 9.248 Executing VM operation: HandshakeAllThreads
Event: 9.248 Executing VM operation: HandshakeAllThreads done
Event: 9.341 Executing VM operation: ICBufferFull
Event: 9.341 Executing VM operation: ICBufferFull done
Event: 9.487 Executing VM operation: HandshakeAllThreads
Event: 9.487 Executing VM operation: HandshakeAllThreads done
Event: 9.498 Executing VM operation: HandshakeAllThreads
Event: 9.498 Executing VM operation: HandshakeAllThreads done

Events (20 events):
Event: 9.179 loading class java/util/stream/Node$OfPrimitive
Event: 9.179 loading class java/util/stream/Node$OfPrimitive done
Event: 9.179 loading class java/util/stream/Node$OfInt done
Event: 9.179 loading class java/util/stream/Nodes$EmptyNode$OfInt done
Event: 9.180 loading class java/util/stream/Nodes$EmptyNode$OfLong
Event: 9.180 loading class java/util/stream/Node$OfLong
Event: 9.180 loading class java/util/stream/Node$OfLong done
Event: 9.180 loading class java/util/stream/Nodes$EmptyNode$OfLong done
Event: 9.180 loading class java/util/stream/Nodes$EmptyNode$OfDouble
Event: 9.180 loading class java/util/stream/Node$OfDouble
Event: 9.180 loading class java/util/stream/Node$OfDouble done
Event: 9.180 loading class java/util/stream/Nodes$EmptyNode$OfDouble done
Event: 9.180 loading class java/util/stream/Nodes$SpinedNodeBuilder
Event: 9.181 loading class java/util/stream/Node$Builder
Event: 9.181 loading class java/util/stream/Node$Builder done
Event: 9.181 loading class java/util/stream/SpinedBuffer
Event: 9.181 loading class java/util/stream/AbstractSpinedBuffer
Event: 9.181 loading class java/util/stream/AbstractSpinedBuffer done
Event: 9.181 loading class java/util/stream/SpinedBuffer done
Event: 9.181 loading class java/util/stream/Nodes$SpinedNodeBuilder done


Dynamic libraries:
0x00007ff7cda20000 - 0x00007ff7cda2a000 	C:\Program Files\Android\Android Studio\jbr\bin\java.exe
0x00007ff97b3b0000 - 0x00007ff97b5a7000 	C:\Windows\SYSTEM32\ntdll.dll
0x00007ff97a8d0000 - 0x00007ff97a98d000 	C:\Windows\System32\KERNEL32.DLL
0x00007ff978b30000 - 0x00007ff978e26000 	C:\Windows\System32\KERNELBASE.dll
0x00007ff978f80000 - 0x00007ff979080000 	C:\Windows\System32\ucrtbase.dll
0x00007ff96b2d0000 - 0x00007ff96b2eb000 	C:\Program Files\Android\Android Studio\jbr\bin\VCRUNTIME140.dll
0x00007ff967120000 - 0x00007ff967137000 	C:\Program Files\Android\Android Studio\jbr\bin\jli.dll
0x00007ff96b6e0000 - 0x00007ff96b97a000 	C:\Windows\WinSxS\amd64_microsoft.windows.common-controls_6595b64144ccf1df_6.0.19041.3570_none_60bb2a3971f3e41a\COMCTL32.dll
0x00007ff979bb0000 - 0x00007ff979d4e000 	C:\Windows\System32\USER32.dll
0x00007ff97ad10000 - 0x00007ff97adae000 	C:\Windows\System32\msvcrt.dll
0x00007ff978f50000 - 0x00007ff978f72000 	C:\Windows\System32\win32u.dll
0x00007ff979b80000 - 0x00007ff979bac000 	C:\Windows\System32\GDI32.dll
0x00007ff978e30000 - 0x00007ff978f4a000 	C:\Windows\System32\gdi32full.dll
0x00007ff979110000 - 0x00007ff9791ad000 	C:\Windows\System32\msvcp_win.dll
0x00007ff979510000 - 0x00007ff979540000 	C:\Windows\System32\IMM32.DLL
0x00007ff973f40000 - 0x00007ff973f4c000 	C:\Program Files\Android\Android Studio\jbr\bin\vcruntime140_1.dll
0x00007ff94a740000 - 0x00007ff94a7cd000 	C:\Program Files\Android\Android Studio\jbr\bin\msvcp140.dll
0x00007ff92fa50000 - 0x00007ff9306be000 	C:\Program Files\Android\Android Studio\jbr\bin\server\jvm.dll
0x00007ff9799b0000 - 0x00007ff979a5e000 	C:\Windows\System32\ADVAPI32.dll
0x00007ff979410000 - 0x00007ff9794ac000 	C:\Windows\System32\sechost.dll
0x00007ff97a730000 - 0x00007ff97a856000 	C:\Windows\System32\RPCRT4.dll
0x00007ff961820000 - 0x00007ff961829000 	C:\Windows\SYSTEM32\WSOCK32.dll
0x00007ff96b9a0000 - 0x00007ff96b9c7000 	C:\Windows\SYSTEM32\WINMM.dll
0x00007ff97a990000 - 0x00007ff97a9fb000 	C:\Windows\System32\WS2_32.dll
0x00007ff968430000 - 0x00007ff96843a000 	C:\Windows\SYSTEM32\VERSION.dll
0x00007ff976b10000 - 0x00007ff976b22000 	C:\Windows\SYSTEM32\kernel.appcore.dll
0x00007ff973f30000 - 0x00007ff973f3a000 	C:\Program Files\Android\Android Studio\jbr\bin\jimage.dll
0x00007ff964400000 - 0x00007ff9645e4000 	C:\Windows\SYSTEM32\DBGHELP.DLL
0x00007ff9643c0000 - 0x00007ff9643f4000 	C:\Windows\SYSTEM32\dbgcore.DLL
0x00007ff979080000 - 0x00007ff979102000 	C:\Windows\System32\bcryptPrimitives.dll
0x00007ff972550000 - 0x00007ff972575000 	C:\Program Files\Android\Android Studio\jbr\bin\java.dll
0x00007ff971320000 - 0x00007ff971338000 	C:\Program Files\Android\Android Studio\jbr\bin\zip.dll
0x00007ff979e30000 - 0x00007ff97a574000 	C:\Windows\System32\SHELL32.dll
0x00007ff976b30000 - 0x00007ff9772cb000 	C:\Windows\SYSTEM32\windows.storage.dll
0x00007ff97b010000 - 0x00007ff97b364000 	C:\Windows\System32\combase.dll
0x00007ff978460000 - 0x00007ff97848d000 	C:\Windows\SYSTEM32\Wldp.dll
0x00007ff97ac30000 - 0x00007ff97acdd000 	C:\Windows\System32\SHCORE.dll
0x00007ff9794b0000 - 0x00007ff979505000 	C:\Windows\System32\shlwapi.dll
0x00007ff9789c0000 - 0x00007ff9789e5000 	C:\Windows\SYSTEM32\profapi.dll
0x00007ff96b390000 - 0x00007ff96b3a9000 	C:\Program Files\Android\Android Studio\jbr\bin\net.dll
0x00007ff96e440000 - 0x00007ff96e54a000 	C:\Windows\SYSTEM32\WINHTTP.dll
0x00007ff9781c0000 - 0x00007ff97822a000 	C:\Windows\system32\mswsock.dll
0x00007ff96b370000 - 0x00007ff96b386000 	C:\Program Files\Android\Android Studio\jbr\bin\nio.dll
0x00007ff972540000 - 0x00007ff972550000 	C:\Program Files\Android\Android Studio\jbr\bin\verify.dll

dbghelp: loaded successfully - version: 4.0.5 - missing functions: none
symbol engine: initialized successfully - sym options: 0x614 - pdb path: .;C:\Program Files\Android\Android Studio\jbr\bin;C:\Windows\SYSTEM32;C:\Windows\WinSxS\amd64_microsoft.windows.common-controls_6595b64144ccf1df_6.0.19041.3570_none_60bb2a3971f3e41a;C:\Program Files\Android\Android Studio\jbr\bin\server

VM Arguments:
java_command: org.jetbrains.kotlin.cli.jvm.K2JVMCompiler @C:\Users\refrizar.dwiardito\AndroidStudioProjects\Catwell\app\build\20231018_13693093830478410909.compiler.options
java_class_path (initial): C:\Users\refrizar.dwiardito\.jdks\openjdk-21\caches\modules-2\files-2.1\org.jetbrains.kotlin\kotlin-compiler-embeddable\1.9.0\2c8c3a7402becca891f12739b3e9fd2dc2adbd7a\kotlin-compiler-embeddable-1.9.0.jar;C:\Users\refrizar.dwiardito\.jdks\openjdk-21\caches\modules-2\files-2.1\org.jetbrains.kotlin\kotlin-stdlib\1.9.0\8ee15ef0c67dc83d874f412d84378d7f0eb50b63\kotlin-stdlib-1.9.0.jar;C:\Users\refrizar.dwiardito\.jdks\openjdk-21\caches\modules-2\files-2.1\org.jetbrains.kotlin\kotlin-script-runtime\1.9.0\4b3102cbbb7e1b58d9d1adf89563f00069ffa7d1\kotlin-script-runtime-1.9.0.jar;C:\Users\refrizar.dwiardito\.jdks\openjdk-21\caches\modules-2\files-2.1\org.jetbrains.kotlin\kotlin-reflect\1.6.10\1cbe9c92c12a94eea200d23c2bbaedaf3daf5132\kotlin-reflect-1.6.10.jar;C:\Users\refrizar.dwiardito\.jdks\openjdk-21\caches\modules-2\files-2.1\org.jetbrains.kotlin\kotlin-daemon-embeddable\1.9.0\186543f5e28cf8d9a0290fecc2cf34301c40a65c\kotlin-daemon-embeddable-1.9.0.jar;C:\Users\refrizar.dwiardito\.jdks\openjdk-21\caches\modules-2\files-2.1\org.jetbrains.intellij.deps\trove4j\1.0.20200330\3afb14d5f9ceb459d724e907a21145e8ff394f02\trove4j-1.0.20200330.jar;C:\Users\refrizar.dwiardito\.jdks\openjdk-21\caches\modules-2\files-2.1\org.jetbrains.kotlin\kotlin-stdlib-common\1.9.0\cd65c21cfd1eec4d44ef09f9f52b6d9f8a720636\kotlin-stdlib-common-1.9.0.jar;C:\Users\refrizar.dwiardito\.jdks\openjdk-21\caches\modules-2\files-2.1\org.jetbrains\annotations\13.0\919f0dfe192fb4e063e7dacadee7f8bb9a2672a9\annotations-13.0.jar
Launcher Type: SUN_STANDARD

[Global flags]
     intx CICompilerCount                          = 3                                         {product} {ergonomic}
     uint ConcGCThreads                            = 1                                         {product} {ergonomic}
     uint G1ConcRefinementThreads                  = 4                                         {product} {ergonomic}
   size_t G1HeapRegionSize                         = 1048576                                   {product} {ergonomic}
    uintx GCDrainStackTargetSize                   = 64                                        {product} {ergonomic}
   size_t InitialHeapSize                          = 134217728                                 {product} {ergonomic}
   size_t MarkStackSize                            = 4194304                                   {product} {ergonomic}
   size_t MaxHeapSize                              = 2120220672                                {product} {ergonomic}
   size_t MaxNewSize                               = 1271922688                                {product} {ergonomic}
   size_t MinHeapDeltaBytes                        = 1048576                                   {product} {ergonomic}
   size_t MinHeapSize                              = 8388608                                   {product} {ergonomic}
    uintx NonNMethodCodeHeapSize                   = 5832780                                {pd product} {ergonomic}
    uintx NonProfiledCodeHeapSize                  = 122912730                              {pd product} {ergonomic}
    uintx ProfiledCodeHeapSize                     = 122912730                              {pd product} {ergonomic}
    uintx ReservedCodeCacheSize                    = 251658240                              {pd product} {ergonomic}
     bool SegmentedCodeCache                       = true                                      {product} {ergonomic}
   size_t SoftMaxHeapSize                          = 2120220672                             {manageable} {ergonomic}
     bool UseCompressedClassPointers               = true                           {product lp64_product} {ergonomic}
     bool UseCompressedOops                        = true                           {product lp64_product} {ergonomic}
     bool UseG1GC                                  = true                                      {product} {ergonomic}
     bool UseLargePagesIndividualAllocation        = false                                  {pd product} {ergonomic}

Logging:
Log output configuration:
 #0: stdout all=warning uptime,level,tags
 #1: stderr all=off uptime,level,tags

Environment Variables:
JAVA_HOME=C:\Users\refrizar.dwiardito\.jdks\openjdk-21
PATH=C:\Program Files\Common Files\Oracle\Java\javapath;C:\Windows\system32;C:\Windows;C:\Windows\System32\Wbem;C:\Windows\System32\WindowsPowerShell\v1.0\;C:\Windows\System32\OpenSSH\;C:\Program Files\mingw-w64\x86_64-8.1.0-posix-seh-rt_v6-rev0\mingw64\bin;C:\Users\refrizar.dwiardito\AppData\Local\Programs\Python\Python310\Scripts;C:\Users\refrizar.dwiardito\.jdks\openjdk-21\bin;C:\Program Files\PuTTY\;C:\Program Files\gradle-8.3\bin;C:\Program Files\Git\cmd;C:\Users\refrizar.dwiardito\AppData\Local\Programs\Python\Python310\Scripts\;C:\Users\refrizar.dwiardito\AppData\Local\Programs\Python\Python310\;C:\Users\refrizar.dwiardito\AppData\Local\Microsoft\WindowsApps;;C:\Users\refrizar.dwiardito\AppData\Local\Programs\Microsoft VS Code\bin
USERNAME=refrizar.dwiardito
OS=Windows_NT
PROCESSOR_IDENTIFIER=Intel64 Family 6 Model 61 Stepping 4, GenuineIntel
TMP=C:\Users\REFRIZ~1.DWI\AppData\Local\Temp
TEMP=C:\Users\REFRIZ~1.DWI\AppData\Local\Temp


JNI global refs:
JNI global refs: 9, weak refs: 11

JNI global refs memory usage: 843, weak refs: 841


---------------  S Y S T E M  ---------------

OS:
 Windows 10 , 64 bit Build 19041 (10.0.19041.3570)
OS uptime: 0 days 10:54 hours

CPU: total 4 (initial active 4) (2 cores per cpu, 2 threads per core) family 6 model 61 stepping 4 microcode 0x2f, cx8, cmov, fxsr, ht, mmx, 3dnowpref, sse, sse2, sse3, ssse3, sse4.1, sse4.2, popcnt, lzcnt, tsc, tscinvbit, avx, avx2, aes, erms, clmul, bmi1, bmi2, adx, fma, vzeroupper, clflush

Memory: 4k page, system-wide physical 8083M (585M free)
TotalPageFile size 8083M (AvailPageFile size 6M)
current process WorkingSet (physical memory assigned to process): 303M, peak: 305M
current process commit charge ("private bytes"): 335M, peak: 338M

vm_info: OpenJDK 64-Bit Server VM (17.0.6+0-b2043.56-10027231) for windows-amd64 JRE (17.0.6+0-b2043.56-10027231), built on Apr 28 2023 00:43:19 by "androidbuild" with MS VC++ 16.10 / 16.11 (VS2019)

END.
