#
# There is insufficient memory for the Java Runtime Environment to continue.
# Native memory allocation (malloc) failed to allocate 957456 bytes for Chunk::new
# Possible reasons:
#   The system is out of physical RAM or swap space
#   The process is running with CompressedOops enabled, and the Java Heap may be blocking the growth of the native heap
# Possible solutions:
#   Reduce memory load on the system
#   Increase physical memory or swap space
#   Check if swap backing store is full
#   Decrease Java heap size (-Xmx/-Xms)
#   Decrease number of Java threads
#   Decrease Java thread stack sizes (-Xss)
#   Set larger code cache with -XX:ReservedCodeCacheSize=
#   JVM is running with Unscaled Compressed Oops mode in which the Java heap is
#     placed in the first 4GB address space. The Java Heap base address is the
#     maximum limit for the native heap growth. Please use -XX:HeapBaseMinAddress
#     to set the Java Heap base and to place the Java Heap above 4GB virtual address.
# This output file may be truncated or incomplete.
#
#  Out of Memory Error (arena.cpp:189), pid=1364, tid=5268
#
# JRE version: OpenJDK Runtime Environment (17.0.6) (build 17.0.6+0-b2043.56-10027231)
# Java VM: OpenJDK 64-Bit Server VM (17.0.6+0-b2043.56-10027231, mixed mode, tiered, compressed oops, compressed class ptrs, g1 gc, windows-amd64)
# No core dump will be written. Minidumps are not enabled by default on client versions of Windows
#

---------------  S U M M A R Y ------------

Command Line: --add-opens=java.base/java.util=ALL-UNNAMED --add-opens=java.base/java.lang=ALL-UNNAMED --add-opens=java.base/java.lang.invoke=ALL-UNNAMED --add-opens=java.prefs/java.util.prefs=ALL-UNNAMED --add-opens=java.base/java.nio.charset=ALL-UNNAMED --add-opens=java.base/java.net=ALL-UNNAMED --add-opens=java.base/java.util.concurrent.atomic=ALL-UNNAMED -Xmx2048m -Dfile.encoding=UTF-8 -Duser.country=US -Duser.language=en -Duser.variant org.gradle.launcher.daemon.bootstrap.GradleDaemon 8.0

Host: Intel(R) Core(TM) i5-5200U CPU @ 2.20GHz, 4 cores, 7G,  Windows 10 , 64 bit Build 19041 (10.0.19041.3570)
Time: Sun Oct 15 09:12:02 2023 SE Asia Standard Time elapsed time: 16.203035 seconds (0d 0h 0m 16s)

---------------  T H R E A D  ---------------

Current thread (0x00000230318322b0):  JavaThread "C2 CompilerThread1" daemon [_thread_in_native, id=5268, stack(0x00000041ad300000,0x00000041ad400000)]


Current CompileTask:
C2:  16203 7588       4       java.lang.Class::getMethodsRecursive (99 bytes)

Stack: [0x00000041ad300000,0x00000041ad400000]
Native frames: (J=compiled Java code, j=interpreted, Vv=VM code, C=native code)
V  [jvm.dll+0x683c9a]
V  [jvm.dll+0x8427a4]
V  [jvm.dll+0x843f9e]
V  [jvm.dll+0x844603]
V  [jvm.dll+0x249b75]
V  [jvm.dll+0xabcac]
V  [jvm.dll+0xac27c]
V  [jvm.dll+0x368857]
V  [jvm.dll+0x1bced2]
V  [jvm.dll+0x21c359]
V  [jvm.dll+0x21b621]
V  [jvm.dll+0x1a4fdd]
V  [jvm.dll+0x22b098]
V  [jvm.dll+0x229159]
V  [jvm.dll+0x7f81ec]
V  [jvm.dll+0x7f274a]
V  [jvm.dll+0x682ad5]
C  [ucrtbase.dll+0x21bb2]
C  [KERNEL32.DLL+0x17344]
C  [ntdll.dll+0x526b1]


---------------  P R O C E S S  ---------------

Threads class SMR info:
_java_thread_list=0x0000023031a5d3f0, length=84, elements={
0x00000230101c8730, 0x000002302b70c620, 0x000002302b70d3a0, 0x000002302b71feb0,
0x000002302b723c90, 0x000002302b724cf0, 0x000002302b7255b0, 0x000002302c113350,
0x000002302c118090, 0x000002302c11b8e0, 0x000002302c29f330, 0x000002302c29fc10,
0x000002302d96e100, 0x000002302cc31130, 0x000002302c77b010, 0x000002302d8f4fe0,
0x000002302f433f90, 0x000002302f48ad20, 0x000002302eca2380, 0x000002302daa1850,
0x000002302daa1d20, 0x000002302dc00690, 0x000002302dbfe9b0, 0x000002302dbfd1a0,
0x000002302dbfe010, 0x000002302dbfe4e0, 0x000002302dbfdb40, 0x000002302dbff350,
0x000002302dc001c0, 0x000002302dbfee80, 0x000002302dbff820, 0x000002302dbffcf0,
0x000002302dbfd670, 0x000002302dc00b60, 0x000002302f267550, 0x000002302f264ed0,
0x000002302f2653a0, 0x000002302f264060, 0x000002302f2666e0, 0x000002302f264a00,
0x000002302f266bb0, 0x000002302f266210, 0x000002302f267080, 0x000002302e9dc780,
0x000002302e9db440, 0x000002302e9dcc50, 0x000002302e9df7a0, 0x000002302e9df2d0,
0x000002302e9dd120, 0x000002302e9dbde0, 0x000002302e9ddac0, 0x000002302e9ddf90,
0x000002302e9e0140, 0x000002302e9dc2b0, 0x000002302e9daaa0, 0x000002302e9db910,
0x000002302e9de460, 0x000002302e9de930, 0x000002302e9dee00, 0x000002302e9dfc70,
0x000002302e9e0fb0, 0x000002302e9dd5f0, 0x000002302e9e0610, 0x000002302e9d9760,
0x000002302e9e0ae0, 0x000002302e9daf70, 0x000002302e9d9c30, 0x000002302e9da100,
0x000002302e9da5d0, 0x00000230318bd3f0, 0x00000230318bdd90, 0x00000230318bf0d0,
0x00000230318c0db0, 0x00000230318c42a0, 0x00000230318c3dd0, 0x00000230318c2a90,
0x00000230318bcf20, 0x00000230318c0410, 0x00000230318c4770, 0x00000230318c1750,
0x00000230318c1280, 0x00000230318bd8c0, 0x00000230318c20f0, 0x00000230318322b0
}

Java Threads: ( => current thread )
  0x00000230101c8730 JavaThread "main" [_thread_blocked, id=2040, stack(0x00000041ab100000,0x00000041ab200000)]
  0x000002302b70c620 JavaThread "Reference Handler" daemon [_thread_blocked, id=6200, stack(0x00000041ab800000,0x00000041ab900000)]
  0x000002302b70d3a0 JavaThread "Finalizer" daemon [_thread_blocked, id=7296, stack(0x00000041ab900000,0x00000041aba00000)]
  0x000002302b71feb0 JavaThread "Signal Dispatcher" daemon [_thread_blocked, id=9948, stack(0x00000041aba00000,0x00000041abb00000)]
  0x000002302b723c90 JavaThread "Attach Listener" daemon [_thread_blocked, id=3380, stack(0x00000041abb00000,0x00000041abc00000)]
  0x000002302b724cf0 JavaThread "Service Thread" daemon [_thread_blocked, id=5468, stack(0x00000041abc00000,0x00000041abd00000)]
  0x000002302b7255b0 JavaThread "Monitor Deflation Thread" daemon [_thread_blocked, id=9256, stack(0x00000041abd00000,0x00000041abe00000)]
  0x000002302c113350 JavaThread "C2 CompilerThread0" daemon [_thread_in_native, id=9452, stack(0x00000041abe00000,0x00000041abf00000)]
  0x000002302c118090 JavaThread "C1 CompilerThread0" daemon [_thread_blocked, id=8828, stack(0x00000041abf00000,0x00000041ac000000)]
  0x000002302c11b8e0 JavaThread "Sweeper thread" daemon [_thread_blocked, id=9848, stack(0x00000041ac000000,0x00000041ac100000)]
  0x000002302c29f330 JavaThread "Common-Cleaner" daemon [_thread_blocked, id=3124, stack(0x00000041ac100000,0x00000041ac200000)]
  0x000002302c29fc10 JavaThread "Notification Thread" daemon [_thread_blocked, id=9628, stack(0x00000041ac200000,0x00000041ac300000)]
  0x000002302d96e100 JavaThread "Daemon health stats" [_thread_blocked, id=10100, stack(0x00000041ac800000,0x00000041ac900000)]
  0x000002302cc31130 JavaThread "Incoming local TCP Connector on port 50845" [_thread_in_native, id=496, stack(0x00000041ac400000,0x00000041ac500000)]
  0x000002302c77b010 JavaThread "Daemon periodic checks" [_thread_blocked, id=6284, stack(0x00000041ac900000,0x00000041aca00000)]
  0x000002302d8f4fe0 JavaThread "Daemon" [_thread_blocked, id=6460, stack(0x00000041acb00000,0x00000041acc00000)]
  0x000002302f433f90 JavaThread "Handler for socket connection from /127.0.0.1:50845 to /127.0.0.1:50846" [_thread_in_native, id=6452, stack(0x00000041acc00000,0x00000041acd00000)]
  0x000002302f48ad20 JavaThread "Cancel handler" [_thread_blocked, id=2336, stack(0x00000041acd00000,0x00000041ace00000)]
  0x000002302eca2380 JavaThread "Daemon worker" [_thread_in_vm, id=9432, stack(0x00000041ace00000,0x00000041acf00000)]
  0x000002302daa1850 JavaThread "Asynchronous log dispatcher for DefaultDaemonConnection: socket connection from /127.0.0.1:50845 to /127.0.0.1:50846" [_thread_blocked, id=1936, stack(0x00000041acf00000,0x00000041ad000000)]
  0x000002302daa1d20 JavaThread "Stdin handler" [_thread_blocked, id=1844, stack(0x00000041ad000000,0x00000041ad100000)]
  0x000002302dc00690 JavaThread "Daemon client event forwarder" [_thread_blocked, id=9396, stack(0x00000041ad100000,0x00000041ad200000)]
  0x000002302dbfe9b0 JavaThread "Cache worker for journal cache (C:\Users\refrizar.dwiardito\.jdks\openjdk-21\caches\journal-1)" [_thread_blocked, id=2744, stack(0x00000041aca00000,0x00000041acb00000)]
  0x000002302dbfd1a0 JavaThread "File lock request listener" [_thread_in_native, id=6412, stack(0x00000041ad200000,0x00000041ad300000)]
  0x000002302dbfe010 JavaThread "Cache worker for file hash cache (C:\Users\refrizar.dwiardito\.jdks\openjdk-21\caches\8.0\fileHashes)" [_thread_blocked, id=6080, stack(0x00000041ad400000,0x00000041ad500000)]
  0x000002302dbfe4e0 JavaThread "File watcher server" daemon [_thread_in_native, id=188, stack(0x00000041ad500000,0x00000041ad600000)]
  0x000002302dbfdb40 JavaThread "File watcher consumer" daemon [_thread_blocked, id=4688, stack(0x00000041ad600000,0x00000041ad700000)]
  0x000002302dbff350 JavaThread "Cache worker for checksums cache (C:\Users\refrizar.dwiardito\AndroidStudioProjects\Catwell\.gradle\8.0\checksums)" [_thread_blocked, id=8840, stack(0x00000041ad700000,0x00000041ad800000)]
  0x000002302dc001c0 JavaThread "Cache worker for cache directory md-rule (C:\Users\refrizar.dwiardito\.jdks\openjdk-21\caches\8.0\md-rule)" [_thread_blocked, id=4164, stack(0x00000041ad800000,0x00000041ad900000)]
  0x000002302dbfee80 JavaThread "Cache worker for file content cache (C:\Users\refrizar.dwiardito\.jdks\openjdk-21\caches\8.0\fileContent)" [_thread_blocked, id=5740, stack(0x00000041ad900000,0x00000041ada00000)]
  0x000002302dbff820 JavaThread "Cache worker for file hash cache (C:\Users\refrizar.dwiardito\AndroidStudioProjects\Catwell\.gradle\8.0\fileHashes)" [_thread_blocked, id=9040, stack(0x00000041ada00000,0x00000041adb00000)]
  0x000002302dbffcf0 JavaThread "Cache worker for cache directory md-supplier (C:\Users\refrizar.dwiardito\.jdks\openjdk-21\caches\8.0\md-supplier)" [_thread_blocked, id=216, stack(0x00000041adb00000,0x00000041adc00000)]
  0x000002302dbfd670 JavaThread "Cache worker for execution history cache (C:\Users\refrizar.dwiardito\.jdks\openjdk-21\caches\8.0\executionHistory)" [_thread_blocked, id=3540, stack(0x00000041adc00000,0x00000041add00000)]
  0x000002302dc00b60 JavaThread "jar transforms" [_thread_blocked, id=7548, stack(0x00000041add00000,0x00000041ade00000)]
  0x000002302f267550 JavaThread "jar transforms Thread 2" [_thread_blocked, id=9300, stack(0x00000041ade00000,0x00000041adf00000)]
  0x000002302f264ed0 JavaThread "jar transforms Thread 3" [_thread_blocked, id=4476, stack(0x00000041adf00000,0x00000041ae000000)]
  0x000002302f2653a0 JavaThread "jar transforms Thread 4" [_thread_blocked, id=7816, stack(0x00000041ae000000,0x00000041ae100000)]
  0x000002302f264060 JavaThread "Cache worker for dependencies-accessors (C:\Users\refrizar.dwiardito\AndroidStudioProjects\Catwell\.gradle\8.0\dependencies-accessors)" [_thread_blocked, id=6092, stack(0x00000041ae100000,0x00000041ae200000)]
  0x000002302f2666e0 JavaThread "Cache worker for Build Output Cleanup Cache (C:\Users\refrizar.dwiardito\AndroidStudioProjects\Catwell\.gradle\buildOutputCleanup)" [_thread_blocked, id=7612, stack(0x00000041ae200000,0x00000041ae300000)]
  0x000002302f264a00 JavaThread "Unconstrained build operations" [_thread_blocked, id=10000, stack(0x00000041ae300000,0x00000041ae400000)]
  0x000002302f266bb0 JavaThread "Unconstrained build operations Thread 2" [_thread_blocked, id=10092, stack(0x00000041ae400000,0x00000041ae500000)]
  0x000002302f266210 JavaThread "Unconstrained build operations Thread 3" [_thread_blocked, id=6152, stack(0x00000041ae500000,0x00000041ae600000)]
  0x000002302f267080 JavaThread "Unconstrained build operations Thread 4" [_thread_blocked, id=7732, stack(0x00000041ae600000,0x00000041ae700000)]
  0x000002302e9dc780 JavaThread "Unconstrained build operations Thread 5" [_thread_blocked, id=7760, stack(0x00000041ae700000,0x00000041ae800000)]
  0x000002302e9db440 JavaThread "Unconstrained build operations Thread 6" [_thread_blocked, id=6528, stack(0x00000041ae800000,0x00000041ae900000)]
  0x000002302e9dcc50 JavaThread "Unconstrained build operations Thread 7" [_thread_blocked, id=3160, stack(0x00000041ae900000,0x00000041aea00000)]
  0x000002302e9df7a0 JavaThread "Unconstrained build operations Thread 8" [_thread_blocked, id=7128, stack(0x00000041aea00000,0x00000041aeb00000)]
  0x000002302e9df2d0 JavaThread "Unconstrained build operations Thread 9" [_thread_blocked, id=7284, stack(0x00000041aeb00000,0x00000041aec00000)]
  0x000002302e9dd120 JavaThread "Unconstrained build operations Thread 10" [_thread_blocked, id=9312, stack(0x00000041aec00000,0x00000041aed00000)]
  0x000002302e9dbde0 JavaThread "Unconstrained build operations Thread 11" [_thread_blocked, id=8296, stack(0x00000041aed00000,0x00000041aee00000)]
  0x000002302e9ddac0 JavaThread "Unconstrained build operations Thread 12" [_thread_blocked, id=7240, stack(0x00000041aee00000,0x00000041aef00000)]
  0x000002302e9ddf90 JavaThread "Unconstrained build operations Thread 13" [_thread_blocked, id=7780, stack(0x00000041aef00000,0x00000041af000000)]
  0x000002302e9e0140 JavaThread "Unconstrained build operations Thread 14" [_thread_blocked, id=5628, stack(0x00000041af000000,0x00000041af100000)]
  0x000002302e9dc2b0 JavaThread "Unconstrained build operations Thread 15" [_thread_blocked, id=9656, stack(0x00000041af100000,0x00000041af200000)]
  0x000002302e9daaa0 JavaThread "Unconstrained build operations Thread 16" [_thread_blocked, id=9232, stack(0x00000041af200000,0x00000041af300000)]
  0x000002302e9db910 JavaThread "Unconstrained build operations Thread 17" [_thread_blocked, id=1636, stack(0x00000041af300000,0x00000041af400000)]
  0x000002302e9de460 JavaThread "Unconstrained build operations Thread 18" [_thread_blocked, id=2176, stack(0x00000041af400000,0x00000041af500000)]
  0x000002302e9de930 JavaThread "Unconstrained build operations Thread 19" [_thread_blocked, id=3340, stack(0x00000041af500000,0x00000041af600000)]
  0x000002302e9dee00 JavaThread "Unconstrained build operations Thread 20" [_thread_blocked, id=9940, stack(0x00000041af600000,0x00000041af700000)]
  0x000002302e9dfc70 JavaThread "Unconstrained build operations Thread 21" [_thread_blocked, id=9020, stack(0x00000041af700000,0x00000041af800000)]
  0x000002302e9e0fb0 JavaThread "Unconstrained build operations Thread 22" [_thread_blocked, id=4480, stack(0x00000041af800000,0x00000041af900000)]
  0x000002302e9dd5f0 JavaThread "Unconstrained build operations Thread 23" [_thread_blocked, id=3764, stack(0x00000041af900000,0x00000041afa00000)]
  0x000002302e9e0610 JavaThread "Unconstrained build operations Thread 24" [_thread_blocked, id=4172, stack(0x00000041afa00000,0x00000041afb00000)]
  0x000002302e9d9760 JavaThread "Unconstrained build operations Thread 25" [_thread_blocked, id=4540, stack(0x00000041afb00000,0x00000041afc00000)]
  0x000002302e9e0ae0 JavaThread "Unconstrained build operations Thread 26" [_thread_blocked, id=9784, stack(0x00000041afc00000,0x00000041afd00000)]
  0x000002302e9daf70 JavaThread "Unconstrained build operations Thread 27" [_thread_blocked, id=9956, stack(0x00000041afd00000,0x00000041afe00000)]
  0x000002302e9d9c30 JavaThread "Unconstrained build operations Thread 28" [_thread_blocked, id=9844, stack(0x00000041afe00000,0x00000041aff00000)]
  0x000002302e9da100 JavaThread "Unconstrained build operations Thread 29" [_thread_blocked, id=3652, stack(0x00000041aff00000,0x00000041b0000000)]
  0x000002302e9da5d0 JavaThread "Unconstrained build operations Thread 30" [_thread_blocked, id=3712, stack(0x00000041b0000000,0x00000041b0100000)]
  0x00000230318bd3f0 JavaThread "Unconstrained build operations Thread 31" [_thread_blocked, id=1420, stack(0x00000041b0100000,0x00000041b0200000)]
  0x00000230318bdd90 JavaThread "Unconstrained build operations Thread 32" [_thread_blocked, id=9696, stack(0x00000041b0200000,0x00000041b0300000)]
  0x00000230318bf0d0 JavaThread "Unconstrained build operations Thread 33" [_thread_blocked, id=3560, stack(0x00000041b0300000,0x00000041b0400000)]
  0x00000230318c0db0 JavaThread "Unconstrained build operations Thread 34" [_thread_blocked, id=6184, stack(0x00000041b0400000,0x00000041b0500000)]
  0x00000230318c42a0 JavaThread "Unconstrained build operations Thread 35" [_thread_blocked, id=10156, stack(0x00000041b0500000,0x00000041b0600000)]
  0x00000230318c3dd0 JavaThread "Unconstrained build operations Thread 36" [_thread_blocked, id=9520, stack(0x00000041b0600000,0x00000041b0700000)]
  0x00000230318c2a90 JavaThread "Unconstrained build operations Thread 37" [_thread_blocked, id=5312, stack(0x00000041b0700000,0x00000041b0800000)]
  0x00000230318bcf20 JavaThread "Unconstrained build operations Thread 38" [_thread_blocked, id=8656, stack(0x00000041b0800000,0x00000041b0900000)]
  0x00000230318c0410 JavaThread "Unconstrained build operations Thread 39" [_thread_blocked, id=7424, stack(0x00000041b0900000,0x00000041b0a00000)]
  0x00000230318c4770 JavaThread "Unconstrained build operations Thread 40" [_thread_blocked, id=6872, stack(0x00000041b0a00000,0x00000041b0b00000)]
  0x00000230318c1750 JavaThread "build event listener" [_thread_blocked, id=2564, stack(0x00000041b0b00000,0x00000041b0c00000)]
  0x00000230318c1280 JavaThread "Memory manager" [_thread_blocked, id=1872, stack(0x00000041b0c00000,0x00000041b0d00000)]
  0x00000230318bd8c0 JavaThread "build event listener" [_thread_blocked, id=9600, stack(0x00000041b0d00000,0x00000041b0e00000)]
  0x00000230318c20f0 JavaThread "build event listener" [_thread_blocked, id=6924, stack(0x00000041b0e00000,0x00000041b0f00000)]
=>0x00000230318322b0 JavaThread "C2 CompilerThread1" daemon [_thread_in_native, id=5268, stack(0x00000041ad300000,0x00000041ad400000)]

Other Threads:
  0x000002302b6e81d0 VMThread "VM Thread" [stack: 0x00000041ab700000,0x00000041ab800000] [id=6260]
  0x000002302c2a00e0 WatcherThread [stack: 0x00000041ac300000,0x00000041ac400000] [id=212]
  0x0000023010226af0 GCTaskThread "GC Thread#0" [stack: 0x00000041ab200000,0x00000041ab300000] [id=7708]
  0x000002302cab5ae0 GCTaskThread "GC Thread#1" [stack: 0x00000041ac500000,0x00000041ac600000] [id=9968]
  0x000002302c812a10 GCTaskThread "GC Thread#2" [stack: 0x00000041ac600000,0x00000041ac700000] [id=9924]
  0x000002302c7865c0 GCTaskThread "GC Thread#3" [stack: 0x00000041ac700000,0x00000041ac800000] [id=7900]
  0x0000023010238950 ConcurrentGCThread "G1 Main Marker" [stack: 0x00000041ab300000,0x00000041ab400000] [id=992]
  0x0000023010239270 ConcurrentGCThread "G1 Conc#0" [stack: 0x00000041ab400000,0x00000041ab500000] [id=6020]
  0x000002301029e9f0 ConcurrentGCThread "G1 Refine#0" [stack: 0x00000041ab500000,0x00000041ab600000] [id=8376]
  0x000002302b540480 ConcurrentGCThread "G1 Service" [stack: 0x00000041ab600000,0x00000041ab700000] [id=9332]

Threads with active compile tasks:
C2 CompilerThread0    16237 7418       4       org.gradle.internal.instantiation.generator.AbstractClassGenerator::inspectType (560 bytes)
C2 CompilerThread1    16237 7588       4       java.lang.Class::getMethodsRecursive (99 bytes)

VM state: not at safepoint (normal execution)

VM Mutex/Monitor currently owned by a thread: None

Heap address: 0x0000000080000000, size: 2048 MB, Compressed Oops mode: 32-bit

CDS archive(s) not mapped
Compressed class space mapped at: 0x0000000100000000-0x0000000140000000, reserved size: 1073741824
Narrow klass base: 0x0000000000000000, Narrow klass shift: 3, Narrow klass range: 0x140000000

GC Precious Log:
 CPUs: 4 total, 4 available
 Memory: 8083M
 Large Page Support: Disabled
 NUMA Support: Disabled
 Compressed Oops: Enabled (32-bit)
 Heap Region Size: 1M
 Heap Min Capacity: 8M
 Heap Initial Capacity: 128M
 Heap Max Capacity: 2G
 Pre-touch: Disabled
 Parallel Workers: 4
 Concurrent Workers: 1
 Concurrent Refinement Workers: 4
 Periodic GC: Disabled

Heap:
 garbage-first heap   total 128000K, used 78704K [0x0000000080000000, 0x0000000100000000)
  region size 1024K, 17 young (17408K), 5 survivors (5120K)
 Metaspace       used 74465K, committed 74944K, reserved 1114112K
  class space    used 9899K, committed 10112K, reserved 1048576K

Heap Regions: E=young(eden), S=young(survivor), O=old, HS=humongous(starts), HC=humongous(continues), CS=collection set, F=free, OA=open archive, CA=closed archive, TAMS=top-at-mark-start (previous, next)
|   0|0x0000000080000000, 0x0000000080100000, 0x0000000080100000|100%| O|  |TAMS 0x0000000080100000, 0x0000000080000000| Untracked 
|   1|0x0000000080100000, 0x0000000080200000, 0x0000000080200000|100%| O|  |TAMS 0x0000000080200000, 0x0000000080100000| Untracked 
|   2|0x0000000080200000, 0x0000000080300000, 0x0000000080300000|100%|HS|  |TAMS 0x0000000080300000, 0x0000000080200000| Complete 
|   3|0x0000000080300000, 0x0000000080400000, 0x0000000080400000|100%|HC|  |TAMS 0x0000000080400000, 0x0000000080300000| Complete 
|   4|0x0000000080400000, 0x0000000080500000, 0x0000000080500000|100%|HC|  |TAMS 0x0000000080500000, 0x0000000080400000| Complete 
|   5|0x0000000080500000, 0x0000000080600000, 0x0000000080600000|100%|HC|  |TAMS 0x0000000080600000, 0x0000000080500000| Complete 
|   6|0x0000000080600000, 0x0000000080700000, 0x0000000080700000|100%| O|  |TAMS 0x0000000080700000, 0x0000000080600000| Untracked 
|   7|0x0000000080700000, 0x0000000080800000, 0x0000000080800000|100%| O|  |TAMS 0x0000000080800000, 0x0000000080700000| Untracked 
|   8|0x0000000080800000, 0x0000000080900000, 0x0000000080900000|100%| O|  |TAMS 0x0000000080900000, 0x0000000080800000| Untracked 
|   9|0x0000000080900000, 0x0000000080a00000, 0x0000000080a00000|100%| O|  |TAMS 0x0000000080a00000, 0x0000000080900000| Untracked 
|  10|0x0000000080a00000, 0x0000000080b00000, 0x0000000080b00000|100%| O|  |TAMS 0x0000000080b00000, 0x0000000080a00000| Untracked 
|  11|0x0000000080b00000, 0x0000000080c00000, 0x0000000080c00000|100%| O|  |TAMS 0x0000000080c00000, 0x0000000080b00000| Untracked 
|  12|0x0000000080c00000, 0x0000000080d00000, 0x0000000080d00000|100%| O|  |TAMS 0x0000000080d00000, 0x0000000080c00000| Untracked 
|  13|0x0000000080d00000, 0x0000000080e00000, 0x0000000080e00000|100%| O|  |TAMS 0x0000000080e00000, 0x0000000080d00000| Untracked 
|  14|0x0000000080e00000, 0x0000000080f00000, 0x0000000080f00000|100%| O|  |TAMS 0x0000000080f00000, 0x0000000080e00000| Untracked 
|  15|0x0000000080f00000, 0x0000000081000000, 0x0000000081000000|100%| O|  |TAMS 0x0000000081000000, 0x0000000080f00000| Untracked 
|  16|0x0000000081000000, 0x0000000081100000, 0x0000000081100000|100%| O|  |TAMS 0x0000000081100000, 0x0000000081000000| Untracked 
|  17|0x0000000081100000, 0x0000000081200000, 0x0000000081200000|100%| O|  |TAMS 0x0000000081200000, 0x0000000081100000| Untracked 
|  18|0x0000000081200000, 0x0000000081300000, 0x0000000081300000|100%| O|  |TAMS 0x0000000081300000, 0x0000000081200000| Untracked 
|  19|0x0000000081300000, 0x0000000081400000, 0x0000000081400000|100%| O|  |TAMS 0x0000000081400000, 0x0000000081300000| Untracked 
|  20|0x0000000081400000, 0x0000000081500000, 0x0000000081500000|100%| O|  |TAMS 0x0000000081500000, 0x0000000081400000| Untracked 
|  21|0x0000000081500000, 0x0000000081600000, 0x0000000081600000|100%| O|  |TAMS 0x0000000081600000, 0x0000000081500000| Untracked 
|  22|0x0000000081600000, 0x0000000081700000, 0x0000000081700000|100%| O|  |TAMS 0x0000000081700000, 0x0000000081600000| Untracked 
|  23|0x0000000081700000, 0x0000000081800000, 0x0000000081800000|100%| O|  |TAMS 0x0000000081800000, 0x0000000081700000| Untracked 
|  24|0x0000000081800000, 0x0000000081900000, 0x0000000081900000|100%| O|  |TAMS 0x0000000081900000, 0x0000000081800000| Untracked 
|  25|0x0000000081900000, 0x0000000081a00000, 0x0000000081a00000|100%| O|  |TAMS 0x0000000081a00000, 0x0000000081900000| Untracked 
|  26|0x0000000081a00000, 0x0000000081b00000, 0x0000000081b00000|100%|HS|  |TAMS 0x0000000081b00000, 0x0000000081a00000| Complete 
|  27|0x0000000081b00000, 0x0000000081c00000, 0x0000000081c00000|100%| O|  |TAMS 0x0000000081c00000, 0x0000000081b00000| Untracked 
|  28|0x0000000081c00000, 0x0000000081d00000, 0x0000000081d00000|100%| O|  |TAMS 0x0000000081d00000, 0x0000000081c00000| Untracked 
|  29|0x0000000081d00000, 0x0000000081e00000, 0x0000000081e00000|100%| O|  |TAMS 0x0000000081e00000, 0x0000000081d00000| Untracked 
|  30|0x0000000081e00000, 0x0000000081f00000, 0x0000000081f00000|100%| O|  |TAMS 0x0000000081f00000, 0x0000000081e00000| Untracked 
|  31|0x0000000081f00000, 0x0000000082000000, 0x0000000082000000|100%| O|  |TAMS 0x0000000082000000, 0x0000000081f00000| Untracked 
|  32|0x0000000082000000, 0x0000000082100000, 0x0000000082100000|100%|HS|  |TAMS 0x0000000082100000, 0x0000000082000000| Complete 
|  33|0x0000000082100000, 0x0000000082200000, 0x0000000082200000|100%|HC|  |TAMS 0x0000000082200000, 0x0000000082100000| Complete 
|  34|0x0000000082200000, 0x0000000082300000, 0x0000000082300000|100%|HS|  |TAMS 0x0000000082300000, 0x0000000082200000| Complete 
|  35|0x0000000082300000, 0x0000000082400000, 0x0000000082400000|100%|HS|  |TAMS 0x0000000082400000, 0x0000000082300000| Complete 
|  36|0x0000000082400000, 0x0000000082500000, 0x0000000082500000|100%|HS|  |TAMS 0x0000000082500000, 0x0000000082400000| Complete 
|  37|0x0000000082500000, 0x0000000082600000, 0x0000000082600000|100%|HC|  |TAMS 0x0000000082600000, 0x0000000082500000| Complete 
|  38|0x0000000082600000, 0x0000000082700000, 0x0000000082700000|100%|HC|  |TAMS 0x0000000082700000, 0x0000000082600000| Complete 
|  39|0x0000000082700000, 0x0000000082800000, 0x0000000082800000|100%|HC|  |TAMS 0x0000000082800000, 0x0000000082700000| Complete 
|  40|0x0000000082800000, 0x0000000082900000, 0x0000000082900000|100%| O|  |TAMS 0x0000000082900000, 0x0000000082800000| Untracked 
|  41|0x0000000082900000, 0x0000000082a00000, 0x0000000082a00000|100%| O|  |TAMS 0x0000000082a00000, 0x0000000082900000| Untracked 
|  42|0x0000000082a00000, 0x0000000082b00000, 0x0000000082b00000|100%| O|  |TAMS 0x0000000082b00000, 0x0000000082a00000| Untracked 
|  43|0x0000000082b00000, 0x0000000082c00000, 0x0000000082c00000|100%| O|  |TAMS 0x0000000082c00000, 0x0000000082b00000| Untracked 
|  44|0x0000000082c00000, 0x0000000082d00000, 0x0000000082d00000|100%| O|  |TAMS 0x0000000082d00000, 0x0000000082c00000| Untracked 
|  45|0x0000000082d00000, 0x0000000082e00000, 0x0000000082e00000|100%| O|  |TAMS 0x0000000082e00000, 0x0000000082d00000| Untracked 
|  46|0x0000000082e00000, 0x0000000082f00000, 0x0000000082f00000|100%| O|  |TAMS 0x0000000082f00000, 0x0000000082e00000| Untracked 
|  47|0x0000000082f00000, 0x0000000083000000, 0x0000000083000000|100%| O|  |TAMS 0x0000000083000000, 0x0000000082f00000| Untracked 
|  48|0x0000000083000000, 0x0000000083100000, 0x0000000083100000|100%| O|  |TAMS 0x0000000083100000, 0x0000000083000000| Untracked 
|  49|0x0000000083100000, 0x0000000083200000, 0x0000000083200000|100%| O|  |TAMS 0x0000000083200000, 0x0000000083100000| Untracked 
|  50|0x0000000083200000, 0x0000000083300000, 0x0000000083300000|100%| O|  |TAMS 0x0000000083300000, 0x0000000083200000| Untracked 
|  51|0x0000000083300000, 0x0000000083400000, 0x0000000083400000|100%| O|  |TAMS 0x0000000083400000, 0x0000000083300000| Untracked 
|  52|0x0000000083400000, 0x0000000083500000, 0x0000000083500000|100%| O|  |TAMS 0x0000000083500000, 0x0000000083400000| Untracked 
|  53|0x0000000083500000, 0x0000000083600000, 0x0000000083600000|100%| O|  |TAMS 0x00000000835b2200, 0x0000000083500000| Untracked 
|  54|0x0000000083600000, 0x0000000083700000, 0x0000000083700000|100%| O|  |TAMS 0x0000000083600000, 0x0000000083600000| Untracked 
|  55|0x0000000083700000, 0x0000000083800000, 0x0000000083800000|100%| O|  |TAMS 0x0000000083700000, 0x0000000083700000| Untracked 
|  56|0x0000000083800000, 0x00000000838dc200, 0x0000000083900000| 85%| O|  |TAMS 0x0000000083800000, 0x0000000083800000| Untracked 
|  57|0x0000000083900000, 0x0000000083a00000, 0x0000000083a00000|100%| O|  |TAMS 0x0000000083a00000, 0x0000000083900000| Untracked 
|  58|0x0000000083a00000, 0x0000000083b00000, 0x0000000083b00000|100%| O|  |TAMS 0x0000000083b00000, 0x0000000083a00000| Untracked 
|  59|0x0000000083b00000, 0x0000000083b00000, 0x0000000083c00000|  0%| F|  |TAMS 0x0000000083b00000, 0x0000000083b00000| Untracked 
|  60|0x0000000083c00000, 0x0000000083c00000, 0x0000000083d00000|  0%| F|  |TAMS 0x0000000083c00000, 0x0000000083c00000| Untracked 
|  61|0x0000000083d00000, 0x0000000083d00000, 0x0000000083e00000|  0%| F|  |TAMS 0x0000000083d00000, 0x0000000083d00000| Untracked 
|  62|0x0000000083e00000, 0x0000000083e00000, 0x0000000083f00000|  0%| F|  |TAMS 0x0000000083e00000, 0x0000000083e00000| Untracked 
|  63|0x0000000083f00000, 0x0000000083f00000, 0x0000000084000000|  0%| F|  |TAMS 0x0000000083f00000, 0x0000000083f00000| Untracked 
|  64|0x0000000084000000, 0x0000000084000000, 0x0000000084100000|  0%| F|  |TAMS 0x0000000084000000, 0x0000000084000000| Untracked 
|  65|0x0000000084100000, 0x0000000084100000, 0x0000000084200000|  0%| F|  |TAMS 0x0000000084100000, 0x0000000084100000| Untracked 
|  66|0x0000000084200000, 0x0000000084200000, 0x0000000084300000|  0%| F|  |TAMS 0x0000000084200000, 0x0000000084200000| Untracked 
|  67|0x0000000084300000, 0x0000000084300000, 0x0000000084400000|  0%| F|  |TAMS 0x0000000084300000, 0x0000000084300000| Untracked 
|  68|0x0000000084400000, 0x0000000084400000, 0x0000000084500000|  0%| F|  |TAMS 0x0000000084400000, 0x0000000084400000| Untracked 
|  69|0x0000000084500000, 0x0000000084500000, 0x0000000084600000|  0%| F|  |TAMS 0x0000000084500000, 0x0000000084500000| Untracked 
|  70|0x0000000084600000, 0x0000000084600000, 0x0000000084700000|  0%| F|  |TAMS 0x0000000084600000, 0x0000000084600000| Untracked 
|  71|0x0000000084700000, 0x0000000084700000, 0x0000000084800000|  0%| F|  |TAMS 0x0000000084700000, 0x0000000084700000| Untracked 
|  72|0x0000000084800000, 0x0000000084800000, 0x0000000084900000|  0%| F|  |TAMS 0x0000000084800000, 0x0000000084800000| Untracked 
|  73|0x0000000084900000, 0x0000000084900000, 0x0000000084a00000|  0%| F|  |TAMS 0x0000000084900000, 0x0000000084900000| Untracked 
|  74|0x0000000084a00000, 0x0000000084a00000, 0x0000000084b00000|  0%| F|  |TAMS 0x0000000084a00000, 0x0000000084a00000| Untracked 
|  75|0x0000000084b00000, 0x0000000084b00000, 0x0000000084c00000|  0%| F|  |TAMS 0x0000000084b00000, 0x0000000084b00000| Untracked 
|  76|0x0000000084c00000, 0x0000000084c00000, 0x0000000084d00000|  0%| F|  |TAMS 0x0000000084c00000, 0x0000000084c00000| Untracked 
|  77|0x0000000084d00000, 0x0000000084d00000, 0x0000000084e00000|  0%| F|  |TAMS 0x0000000084d00000, 0x0000000084d00000| Untracked 
|  78|0x0000000084e00000, 0x0000000084e00000, 0x0000000084f00000|  0%| F|  |TAMS 0x0000000084e00000, 0x0000000084e00000| Untracked 
|  79|0x0000000084f00000, 0x0000000084f00000, 0x0000000085000000|  0%| F|  |TAMS 0x0000000084f00000, 0x0000000084f00000| Untracked 
|  80|0x0000000085000000, 0x0000000085000000, 0x0000000085100000|  0%| F|  |TAMS 0x0000000085000000, 0x0000000085000000| Untracked 
|  81|0x0000000085100000, 0x0000000085200000, 0x0000000085200000|100%| S|CS|TAMS 0x0000000085100000, 0x0000000085100000| Complete 
|  82|0x0000000085200000, 0x0000000085300000, 0x0000000085300000|100%| S|CS|TAMS 0x0000000085200000, 0x0000000085200000| Complete 
|  83|0x0000000085300000, 0x0000000085400000, 0x0000000085400000|100%| S|CS|TAMS 0x0000000085300000, 0x0000000085300000| Complete 
|  84|0x0000000085400000, 0x0000000085500000, 0x0000000085500000|100%| S|CS|TAMS 0x0000000085400000, 0x0000000085400000| Complete 
|  85|0x0000000085500000, 0x0000000085500000, 0x0000000085600000|  0%| F|  |TAMS 0x0000000085500000, 0x0000000085500000| Untracked 
|  86|0x0000000085600000, 0x0000000085600000, 0x0000000085700000|  0%| F|  |TAMS 0x0000000085600000, 0x0000000085600000| Untracked 
|  87|0x0000000085700000, 0x0000000085700000, 0x0000000085800000|  0%| F|  |TAMS 0x0000000085700000, 0x0000000085700000| Untracked 
|  88|0x0000000085800000, 0x0000000085900000, 0x0000000085900000|100%| S|CS|TAMS 0x0000000085800000, 0x0000000085800000| Complete 
|  89|0x0000000085900000, 0x0000000085900000, 0x0000000085a00000|  0%| F|  |TAMS 0x0000000085900000, 0x0000000085900000| Untracked 
|  90|0x0000000085a00000, 0x0000000085a00000, 0x0000000085b00000|  0%| F|  |TAMS 0x0000000085a00000, 0x0000000085a00000| Untracked 
|  91|0x0000000085b00000, 0x0000000085b00000, 0x0000000085c00000|  0%| F|  |TAMS 0x0000000085b00000, 0x0000000085b00000| Untracked 
|  92|0x0000000085c00000, 0x0000000085c00000, 0x0000000085d00000|  0%| F|  |TAMS 0x0000000085c00000, 0x0000000085c00000| Untracked 
|  93|0x0000000085d00000, 0x0000000085d00000, 0x0000000085e00000|  0%| F|  |TAMS 0x0000000085d00000, 0x0000000085d00000| Untracked 
|  94|0x0000000085e00000, 0x0000000085e00000, 0x0000000085f00000|  0%| F|  |TAMS 0x0000000085e00000, 0x0000000085e00000| Untracked 
|  95|0x0000000085f00000, 0x0000000085f00000, 0x0000000086000000|  0%| F|  |TAMS 0x0000000085f00000, 0x0000000085f00000| Untracked 
|  96|0x0000000086000000, 0x0000000086000000, 0x0000000086100000|  0%| F|  |TAMS 0x0000000086000000, 0x0000000086000000| Untracked 
|  97|0x0000000086100000, 0x0000000086100000, 0x0000000086200000|  0%| F|  |TAMS 0x0000000086100000, 0x0000000086100000| Untracked 
|  98|0x0000000086200000, 0x0000000086200000, 0x0000000086300000|  0%| F|  |TAMS 0x0000000086200000, 0x0000000086200000| Untracked 
|  99|0x0000000086300000, 0x0000000086300000, 0x0000000086400000|  0%| F|  |TAMS 0x0000000086300000, 0x0000000086300000| Untracked 
| 100|0x0000000086400000, 0x0000000086400000, 0x0000000086500000|  0%| F|  |TAMS 0x0000000086400000, 0x0000000086400000| Untracked 
| 101|0x0000000086500000, 0x0000000086500000, 0x0000000086600000|  0%| F|  |TAMS 0x0000000086500000, 0x0000000086500000| Untracked 
| 102|0x0000000086600000, 0x0000000086600000, 0x0000000086700000|  0%| F|  |TAMS 0x0000000086600000, 0x0000000086600000| Untracked 
| 103|0x0000000086700000, 0x0000000086700000, 0x0000000086800000|  0%| F|  |TAMS 0x0000000086700000, 0x0000000086700000| Untracked 
| 104|0x0000000086800000, 0x0000000086800000, 0x0000000086900000|  0%| F|  |TAMS 0x0000000086800000, 0x0000000086800000| Untracked 
| 105|0x0000000086900000, 0x0000000086900000, 0x0000000086a00000|  0%| F|  |TAMS 0x0000000086900000, 0x0000000086900000| Untracked 
| 106|0x0000000086a00000, 0x0000000086a00000, 0x0000000086b00000|  0%| F|  |TAMS 0x0000000086a00000, 0x0000000086a00000| Untracked 
| 107|0x0000000086b00000, 0x0000000086b00000, 0x0000000086c00000|  0%| F|  |TAMS 0x0000000086b00000, 0x0000000086b00000| Untracked 
| 108|0x0000000086c00000, 0x0000000086c00000, 0x0000000086d00000|  0%| F|  |TAMS 0x0000000086c00000, 0x0000000086c00000| Untracked 
| 109|0x0000000086d00000, 0x0000000086d00000, 0x0000000086e00000|  0%| F|  |TAMS 0x0000000086d00000, 0x0000000086d00000| Untracked 
| 110|0x0000000086e00000, 0x0000000086e00000, 0x0000000086f00000|  0%| F|  |TAMS 0x0000000086e00000, 0x0000000086e00000| Untracked 
| 111|0x0000000086f00000, 0x0000000087000000, 0x0000000087000000|100%| E|  |TAMS 0x0000000086f00000, 0x0000000086f00000| Complete 
| 112|0x0000000087000000, 0x0000000087100000, 0x0000000087100000|100%| E|CS|TAMS 0x0000000087000000, 0x0000000087000000| Complete 
| 113|0x0000000087100000, 0x0000000087200000, 0x0000000087200000|100%| E|CS|TAMS 0x0000000087100000, 0x0000000087100000| Complete 
| 114|0x0000000087200000, 0x0000000087300000, 0x0000000087300000|100%| E|CS|TAMS 0x0000000087200000, 0x0000000087200000| Complete 
| 115|0x0000000087300000, 0x0000000087400000, 0x0000000087400000|100%| E|CS|TAMS 0x0000000087300000, 0x0000000087300000| Complete 
| 116|0x0000000087400000, 0x0000000087500000, 0x0000000087500000|100%| E|CS|TAMS 0x0000000087400000, 0x0000000087400000| Complete 
| 117|0x0000000087500000, 0x0000000087600000, 0x0000000087600000|100%| E|CS|TAMS 0x0000000087500000, 0x0000000087500000| Complete 
| 118|0x0000000087600000, 0x0000000087700000, 0x0000000087700000|100%| E|CS|TAMS 0x0000000087600000, 0x0000000087600000| Complete 
| 119|0x0000000087700000, 0x0000000087800000, 0x0000000087800000|100%| E|CS|TAMS 0x0000000087700000, 0x0000000087700000| Complete 
| 120|0x0000000087800000, 0x0000000087900000, 0x0000000087900000|100%| E|CS|TAMS 0x0000000087800000, 0x0000000087800000| Complete 
| 121|0x0000000087900000, 0x0000000087a00000, 0x0000000087a00000|100%| E|CS|TAMS 0x0000000087900000, 0x0000000087900000| Complete 
| 127|0x0000000087f00000, 0x0000000088000000, 0x0000000088000000|100%| E|CS|TAMS 0x0000000087f00000, 0x0000000087f00000| Complete 
|2046|0x00000000ffe00000, 0x00000000fff00000, 0x00000000fff00000|100%| O|  |TAMS 0x00000000fff00000, 0x00000000ffe00000| Untracked 
|2047|0x00000000fff00000, 0x0000000100000000, 0x0000000100000000|100%| O|  |TAMS 0x0000000100000000, 0x00000000fff00000| Untracked 

Card table byte_map: [0x00000230248a0000,0x0000023024ca0000] _byte_map_base: 0x00000230244a0000

Marking Bits (Prev, Next): (CMBitMap*) 0x0000023010228020, (CMBitMap*) 0x0000023010228060
 Prev Bits: [0x00000230250a0000, 0x00000230270a0000)
 Next Bits: [0x00000230270a0000, 0x00000230290a0000)

Polling page: 0x00000230102a0000

Metaspace:

Usage:
  Non-class:     63.05 MB used.
      Class:      9.67 MB used.
       Both:     72.72 MB used.

Virtual space:
  Non-class space:       64.00 MB reserved,      63.31 MB ( 99%) committed,  8 nodes.
      Class space:        1.00 GB reserved,       9.88 MB ( <1%) committed,  1 nodes.
             Both:        1.06 GB reserved,      73.19 MB (  7%) committed. 

Chunk freelists:
   Non-Class:  704.00 KB
       Class:  2.07 MB
        Both:  2.76 MB

MaxMetaspaceSize: unlimited
CompressedClassSpaceSize: 1.00 GB
Initial GC threshold: 21.00 MB
Current GC threshold: 119.19 MB
CDS: off
MetaspaceReclaimPolicy: balanced
 - commit_granule_bytes: 65536.
 - commit_granule_words: 8192.
 - virtual_space_node_default_size: 1048576.
 - enlarge_chunks_in_place: 1.
 - new_chunks_are_fully_committed: 0.
 - uncommit_free_chunks: 1.
 - use_allocation_guard: 0.
 - handle_deallocations: 1.


Internal statistics:

num_allocs_failed_limit: 9.
num_arena_births: 666.
num_arena_deaths: 0.
num_vsnodes_births: 9.
num_vsnodes_deaths: 0.
num_space_committed: 1171.
num_space_uncommitted: 0.
num_chunks_returned_to_freelist: 9.
num_chunks_taken_from_freelist: 3187.
num_chunk_merges: 6.
num_chunk_splits: 2148.
num_chunks_enlarged: 1487.
num_purges: 0.
num_inconsistent_stats: 0.

CodeHeap 'non-profiled nmethods': size=120000Kb used=3584Kb max_used=3584Kb free=116415Kb
 bounds [0x000002301c950000, 0x000002301cce0000, 0x0000023023e80000]
CodeHeap 'profiled nmethods': size=120000Kb used=13092Kb max_used=13092Kb free=106908Kb
 bounds [0x0000023014e80000, 0x0000023015b50000, 0x000002301c3b0000]
CodeHeap 'non-nmethods': size=5760Kb used=2364Kb max_used=2409Kb free=3395Kb
 bounds [0x000002301c3b0000, 0x000002301c620000, 0x000002301c950000]
 total_blobs=7628 nmethods=6736 adapters=804
 compilation: enabled
              stopped_count=0, restarted_count=0
 full_count=0

Compilation events (20 events):
Event: 16.043 Thread 0x000002302c118090 7613       3       java.beans.PropertyDescriptor::setPropertyEditorClass (9 bytes)
Event: 16.043 Thread 0x000002302c118090 nmethod 7613 0x0000023015b3c890 code [0x0000023015b3ca60, 0x0000023015b3cde8]
Event: 16.043 Thread 0x000002302c118090 7615  s    3       java.beans.PropertyDescriptor::setWriteMethod (19 bytes)
Event: 16.044 Thread 0x000002302c118090 nmethod 7615 0x0000023015b3cf10 code [0x0000023015b3d100, 0x0000023015b3d6f8]
Event: 16.044 Thread 0x000002302c118090 7616       3       java.util.stream.Nodes$SpinedNodeBuilder::end (29 bytes)
Event: 16.044 Thread 0x000002302c118090 nmethod 7616 0x0000023015b3d910 code [0x0000023015b3daa0, 0x0000023015b3dbb8]
Event: 16.044 Thread 0x000002302c118090 7617       3       java.util.stream.Nodes$SpinedNodeBuilder::build (25 bytes)
Event: 16.044 Thread 0x000002302c118090 nmethod 7617 0x0000023015b3dc90 code [0x0000023015b3de20, 0x0000023015b3df38]
Event: 16.044 Thread 0x000002302c118090 7618       1       org.codehaus.groovy.runtime.callsite.AbstractCallSite::getIndex (5 bytes)
Event: 16.044 Thread 0x000002302c118090 nmethod 7618 0x000002301cccfc10 code [0x000002301cccfda0, 0x000002301cccfe78]
Event: 16.167 Thread 0x000002302c118090 7620       3       org.codehaus.groovy.reflection.stdclasses.CachedSAMClass::isAssignableFrom (30 bytes)
Event: 16.168 Thread 0x000002302c118090 nmethod 7620 0x0000023015b3e010 code [0x0000023015b3e1e0, 0x0000023015b3e4f8]
Event: 16.178 Thread 0x000002302c118090 7621       3       java.util.regex.Matcher::appendTail (19 bytes)
Event: 16.179 Thread 0x000002302c118090 nmethod 7621 0x0000023015b3e610 code [0x0000023015b3e7e0, 0x0000023015b3ead8]
Event: 16.183 Thread 0x000002302c118090 7622       3       java.beans.FeatureDescriptor::<init> (69 bytes)
Event: 16.184 Thread 0x000002302c118090 nmethod 7622 0x0000023015b3ec90 code [0x0000023015b3eec0, 0x0000023015b3f648]
Event: 16.189 Thread 0x000002302c118090 7624       3       java.util.LinkedList$ListItr::set (28 bytes)
Event: 16.190 Thread 0x000002302c118090 nmethod 7624 0x0000023015b3f890 code [0x0000023015b3fa60, 0x0000023015b3fe58]
Event: 16.191 Thread 0x000002302c118090 7625       3       org.apache.groovy.util.BeanUtils::decapitalize (68 bytes)
Event: 16.193 Thread 0x000002302c118090 nmethod 7625 0x0000023015b40010 code [0x0000023015b40380, 0x0000023015b418c8]

GC Heap History (20 events):
Event: 8.942 GC heap before
{Heap before GC invocations=14 (full 0):
 garbage-first heap   total 68608K, used 52097K [0x0000000080000000, 0x0000000100000000)
  region size 1024K, 25 young (25600K), 3 survivors (3072K)
 Metaspace       used 45087K, committed 45440K, reserved 1089536K
  class space    used 5979K, committed 6144K, reserved 1048576K
}
Event: 8.950 GC heap after
{Heap after GC invocations=15 (full 0):
 garbage-first heap   total 68608K, used 31972K [0x0000000080000000, 0x0000000100000000)
  region size 1024K, 3 young (3072K), 3 survivors (3072K)
 Metaspace       used 45087K, committed 45440K, reserved 1089536K
  class space    used 5979K, committed 6144K, reserved 1048576K
}
Event: 9.537 GC heap before
{Heap before GC invocations=15 (full 0):
 garbage-first heap   total 68608K, used 53476K [0x0000000080000000, 0x0000000100000000)
  region size 1024K, 24 young (24576K), 3 survivors (3072K)
 Metaspace       used 48330K, committed 48768K, reserved 1097728K
  class space    used 6395K, committed 6592K, reserved 1048576K
}
Event: 9.546 GC heap after
{Heap after GC invocations=16 (full 0):
 garbage-first heap   total 98304K, used 32726K [0x0000000080000000, 0x0000000100000000)
  region size 1024K, 1 young (1024K), 1 survivors (1024K)
 Metaspace       used 48330K, committed 48768K, reserved 1097728K
  class space    used 6395K, committed 6592K, reserved 1048576K
}
Event: 10.943 GC heap before
{Heap before GC invocations=16 (full 0):
 garbage-first heap   total 98304K, used 76758K [0x0000000080000000, 0x0000000100000000)
  region size 1024K, 44 young (45056K), 1 survivors (1024K)
 Metaspace       used 51641K, committed 52096K, reserved 1097728K
  class space    used 6825K, committed 7040K, reserved 1048576K
}
Event: 10.952 GC heap after
{Heap after GC invocations=17 (full 0):
 garbage-first heap   total 98304K, used 36736K [0x0000000080000000, 0x0000000100000000)
  region size 1024K, 5 young (5120K), 5 survivors (5120K)
 Metaspace       used 51641K, committed 52096K, reserved 1097728K
  class space    used 6825K, committed 7040K, reserved 1048576K
}
Event: 11.841 GC heap before
{Heap before GC invocations=17 (full 0):
 garbage-first heap   total 98304K, used 86912K [0x0000000080000000, 0x0000000100000000)
  region size 1024K, 44 young (45056K), 5 survivors (5120K)
 Metaspace       used 54859K, committed 55360K, reserved 1097728K
  class space    used 7262K, committed 7488K, reserved 1048576K
}
Event: 11.856 GC heap after
{Heap after GC invocations=18 (full 0):
 garbage-first heap   total 100352K, used 53341K [0x0000000080000000, 0x0000000100000000)
  region size 1024K, 6 young (6144K), 6 survivors (6144K)
 Metaspace       used 54859K, committed 55360K, reserved 1097728K
  class space    used 7262K, committed 7488K, reserved 1048576K
}
Event: 12.542 GC heap before
{Heap before GC invocations=18 (full 0):
 garbage-first heap   total 100352K, used 77917K [0x0000000080000000, 0x0000000100000000)
  region size 1024K, 30 young (30720K), 6 survivors (6144K)
 Metaspace       used 58793K, committed 59328K, reserved 1105920K
  class space    used 7737K, committed 8000K, reserved 1048576K
}
Event: 12.547 GC heap after
{Heap after GC invocations=19 (full 0):
 garbage-first heap   total 100352K, used 54932K [0x0000000080000000, 0x0000000100000000)
  region size 1024K, 2 young (2048K), 2 survivors (2048K)
 Metaspace       used 58793K, committed 59328K, reserved 1105920K
  class space    used 7737K, committed 8000K, reserved 1048576K
}
Event: 13.365 GC heap before
{Heap before GC invocations=20 (full 0):
 garbage-first heap   total 100352K, used 75412K [0x0000000080000000, 0x0000000100000000)
  region size 1024K, 24 young (24576K), 2 survivors (2048K)
 Metaspace       used 63035K, committed 63552K, reserved 1105920K
  class space    used 8322K, committed 8576K, reserved 1048576K
}
Event: 13.375 GC heap after
{Heap after GC invocations=21 (full 0):
 garbage-first heap   total 100352K, used 56818K [0x0000000080000000, 0x0000000100000000)
  region size 1024K, 4 young (4096K), 4 survivors (4096K)
 Metaspace       used 63035K, committed 63552K, reserved 1105920K
  class space    used 8322K, committed 8576K, reserved 1048576K
}
Event: 13.804 GC heap before
{Heap before GC invocations=22 (full 0):
 garbage-first heap   total 128000K, used 84466K [0x0000000080000000, 0x0000000100000000)
  region size 1024K, 25 young (25600K), 4 survivors (4096K)
 Metaspace       used 64290K, committed 64896K, reserved 1105920K
  class space    used 8490K, committed 8768K, reserved 1048576K
}
Event: 13.814 GC heap after
{Heap after GC invocations=23 (full 0):
 garbage-first heap   total 128000K, used 59238K [0x0000000080000000, 0x0000000100000000)
  region size 1024K, 3 young (3072K), 3 survivors (3072K)
 Metaspace       used 64290K, committed 64896K, reserved 1105920K
  class space    used 8490K, committed 8768K, reserved 1048576K
}
Event: 14.661 GC heap before
{Heap before GC invocations=23 (full 0):
 garbage-first heap   total 128000K, used 95078K [0x0000000080000000, 0x0000000100000000)
  region size 1024K, 38 young (38912K), 3 survivors (3072K)
 Metaspace       used 67773K, committed 68352K, reserved 1114112K
  class space    used 8959K, committed 9216K, reserved 1048576K
}
Event: 14.669 GC heap after
{Heap after GC invocations=24 (full 0):
 garbage-first heap   total 128000K, used 61913K [0x0000000080000000, 0x0000000100000000)
  region size 1024K, 3 young (3072K), 3 survivors (3072K)
 Metaspace       used 67773K, committed 68352K, reserved 1114112K
  class space    used 8959K, committed 9216K, reserved 1048576K
}
Event: 15.410 GC heap before
{Heap before GC invocations=24 (full 0):
 garbage-first heap   total 128000K, used 97753K [0x0000000080000000, 0x0000000100000000)
  region size 1024K, 38 young (38912K), 3 survivors (3072K)
 Metaspace       used 72062K, committed 72576K, reserved 1114112K
  class space    used 9547K, committed 9792K, reserved 1048576K
}
Event: 15.418 GC heap after
{Heap after GC invocations=25 (full 0):
 garbage-first heap   total 128000K, used 64635K [0x0000000080000000, 0x0000000100000000)
  region size 1024K, 3 young (3072K), 3 survivors (3072K)
 Metaspace       used 72062K, committed 72576K, reserved 1114112K
  class space    used 9547K, committed 9792K, reserved 1048576K
}
Event: 16.114 GC heap before
{Heap before GC invocations=26 (full 0):
 garbage-first heap   total 128000K, used 99451K [0x0000000080000000, 0x0000000100000000)
  region size 1024K, 37 young (37888K), 3 survivors (3072K)
 Metaspace       used 74442K, committed 74944K, reserved 1114112K
  class space    used 9896K, committed 10112K, reserved 1048576K
}
Event: 16.125 GC heap after
{Heap after GC invocations=27 (full 0):
 garbage-first heap   total 128000K, used 67440K [0x0000000080000000, 0x0000000100000000)
  region size 1024K, 5 young (5120K), 5 survivors (5120K)
 Metaspace       used 74442K, committed 74944K, reserved 1114112K
  class space    used 9896K, committed 10112K, reserved 1048576K
}

Dll operation events (2 events):
Event: 0.032 Loaded shared library C:\Program Files\Android\Android Studio\jbr\bin\java.dll
Event: 1.266 Loaded shared library C:\Program Files\Android\Android Studio\jbr\bin\verify.dll

Deoptimization events (20 events):
Event: 15.463 Thread 0x000002302eca2380 Uncommon trap: trap_request=0xffffffde fr.pc=0x000002301ccadaf8 relative=0x0000000000000498
Event: 15.463 Thread 0x000002302eca2380 Uncommon trap: reason=class_check action=maybe_recompile pc=0x000002301ccadaf8 method=kotlin.reflect.jvm.internal.impl.protobuf.CodedInputStream.tryRefillBuffer(I)Z @ 175 c2
Event: 15.463 Thread 0x000002302eca2380 DEOPT PACKING pc=0x000002301ccadaf8 sp=0x00000041acef7240
Event: 15.463 Thread 0x000002302eca2380 DEOPT UNPACKING pc=0x000002301c4069a3 sp=0x00000041acef7128 mode 2
Event: 15.479 Thread 0x000002302eca2380 Uncommon trap: trap_request=0xffffffde fr.pc=0x000002301ccadaf8 relative=0x0000000000000498
Event: 15.479 Thread 0x000002302eca2380 Uncommon trap: reason=class_check action=maybe_recompile pc=0x000002301ccadaf8 method=kotlin.reflect.jvm.internal.impl.protobuf.CodedInputStream.tryRefillBuffer(I)Z @ 175 c2
Event: 15.479 Thread 0x000002302eca2380 DEOPT PACKING pc=0x000002301ccadaf8 sp=0x00000041acef7240
Event: 15.479 Thread 0x000002302eca2380 DEOPT UNPACKING pc=0x000002301c4069a3 sp=0x00000041acef7128 mode 2
Event: 15.480 Thread 0x000002302eca2380 Uncommon trap: trap_request=0xffffffde fr.pc=0x000002301ccadaf8 relative=0x0000000000000498
Event: 15.480 Thread 0x000002302eca2380 Uncommon trap: reason=class_check action=maybe_recompile pc=0x000002301ccadaf8 method=kotlin.reflect.jvm.internal.impl.protobuf.CodedInputStream.tryRefillBuffer(I)Z @ 175 c2
Event: 15.480 Thread 0x000002302eca2380 DEOPT PACKING pc=0x000002301ccadaf8 sp=0x00000041acef7340
Event: 15.480 Thread 0x000002302eca2380 DEOPT UNPACKING pc=0x000002301c4069a3 sp=0x00000041acef7228 mode 2
Event: 15.485 Thread 0x000002302eca2380 Uncommon trap: trap_request=0xffffffde fr.pc=0x000002301ccadaf8 relative=0x0000000000000498
Event: 15.485 Thread 0x000002302eca2380 Uncommon trap: reason=class_check action=maybe_recompile pc=0x000002301ccadaf8 method=kotlin.reflect.jvm.internal.impl.protobuf.CodedInputStream.tryRefillBuffer(I)Z @ 175 c2
Event: 15.485 Thread 0x000002302eca2380 DEOPT PACKING pc=0x000002301ccadaf8 sp=0x00000041acef7340
Event: 15.485 Thread 0x000002302eca2380 DEOPT UNPACKING pc=0x000002301c4069a3 sp=0x00000041acef7228 mode 2
Event: 15.671 Thread 0x000002302eca2380 DEOPT PACKING pc=0x00000230152ed2ae sp=0x00000041acef5960
Event: 15.671 Thread 0x000002302eca2380 DEOPT UNPACKING pc=0x000002301c407143 sp=0x00000041acef4f00 mode 0
Event: 16.009 Thread 0x000002302eca2380 DEOPT PACKING pc=0x00000230154bfd5b sp=0x00000041acef7520
Event: 16.009 Thread 0x000002302eca2380 DEOPT UNPACKING pc=0x000002301c407143 sp=0x00000041acef69b0 mode 0

Classes unloaded (0 events):
No events

Classes redefined (0 events):
No events

Internal exceptions (20 events):
Event: 15.966 Thread 0x000002302eca2380 Exception <a 'java/lang/ClassNotFoundException'{0x000000008616e550}: com/android/build/gradle/BaseExtensionCustomizer> (0x000000008616e550) 
thrown [s\src\hotspot\share\classfile\systemDictionary.cpp, line 256]
Event: 16.000 Thread 0x000002302eca2380 Exception <a 'java/lang/ClassNotFoundException'{0x00000000861d27d8}: com/android/build/gradle/TestedExtensionCustomizer> (0x00000000861d27d8) 
thrown [s\src\hotspot\share\classfile\systemDictionary.cpp, line 256]
Event: 16.004 Thread 0x000002302eca2380 Exception <a 'java/lang/ClassNotFoundException'{0x00000000861f87f8}: com/android/build/gradle/AbstractAppExtensionCustomizer> (0x00000000861f87f8) 
thrown [s\src\hotspot\share\classfile\systemDictionary.cpp, line 256]
Event: 16.006 Thread 0x000002302eca2380 Exception <a 'java/lang/ClassNotFoundException'{0x000000008601e8f8}: com/android/build/gradle/AppExtensionCustomizer> (0x000000008601e8f8) 
thrown [s\src\hotspot\share\classfile\systemDictionary.cpp, line 256]
Event: 16.010 Thread 0x000002302eca2380 Exception <a 'java/lang/ClassNotFoundException'{0x000000008603f808}: com/android/build/gradle/internal/dsl/BaseAppModuleExtensionCustomizer> (0x000000008603f808) 
thrown [s\src\hotspot\share\classfile\systemDictionary.cpp, line 256]
Event: 16.022 Thread 0x000002302eca2380 Exception <a 'java/lang/ClassNotFoundException'{0x0000000085f249b0}: com/android/build/gradle/internal/dsl/BaseAppModuleExtension_DecoratedCustomizer> (0x0000000085f249b0) 
thrown [s\src\hotspot\share\classfile\systemDictionary.cpp, line 256]
Event: 16.168 Thread 0x000002302eca2380 Exception <a 'java/lang/ClassNotFoundException'{0x0000000087613610}: com/android/build/gradle/internal/dsl/DefaultConfig$AgpDecorated_DecoratedBeanInfo> (0x0000000087613610) 
thrown [s\src\hotspot\share\classfile\systemDictionary.cpp, line 256]
Event: 16.169 Thread 0x000002302eca2380 Exception <a 'java/lang/ClassNotFoundException'{0x0000000087621090}: com/android/build/gradle/internal/dsl/DefaultConfig$AgpDecoratedBeanInfo> (0x0000000087621090) 
thrown [s\src\hotspot\share\classfile\systemDictionary.cpp, line 256]
Event: 16.170 Thread 0x000002302eca2380 Exception <a 'java/lang/ClassNotFoundException'{0x000000008762e800}: com/android/build/gradle/internal/dsl/DefaultConfigBeanInfo> (0x000000008762e800) 
thrown [s\src\hotspot\share\classfile\systemDictionary.cpp, line 256]
Event: 16.170 Thread 0x000002302eca2380 Exception <a 'java/lang/ClassNotFoundException'{0x000000008763bf08}: com/android/build/gradle/internal/dsl/BaseFlavorBeanInfo> (0x000000008763bf08) 
thrown [s\src\hotspot\share\classfile\systemDictionary.cpp, line 256]
Event: 16.171 Thread 0x000002302eca2380 Exception <a 'java/lang/ClassNotFoundException'{0x0000000087649398}: com/android/builder/core/AbstractProductFlavorBeanInfo> (0x0000000087649398) 
thrown [s\src\hotspot\share\classfile\systemDictionary.cpp, line 256]
Event: 16.172 Thread 0x000002302eca2380 Exception <a 'java/lang/ClassNotFoundException'{0x0000000087656898}: com/android/builder/internal/BaseConfigImplBeanInfo> (0x0000000087656898) 
thrown [s\src\hotspot\share\classfile\systemDictionary.cpp, line 256]
Event: 16.173 Thread 0x000002302eca2380 Exception <a 'java/lang/ClassNotFoundException'{0x0000000087663d68}: com/android/builder/internal/BaseConfigImplCustomizer> (0x0000000087663d68) 
thrown [s\src\hotspot\share\classfile\systemDictionary.cpp, line 256]
Event: 16.175 Thread 0x000002302eca2380 Exception <a 'java/lang/ClassNotFoundException'{0x0000000087690b60}: com/android/builder/core/AbstractProductFlavorCustomizer> (0x0000000087690b60) 
thrown [s\src\hotspot\share\classfile\systemDictionary.cpp, line 256]
Event: 16.177 Thread 0x000002302eca2380 Exception <a 'java/lang/ClassNotFoundException'{0x00000000876d9a98}: com/android/build/gradle/internal/dsl/BaseFlavorCustomizer> (0x00000000876d9a98) 
thrown [s\src\hotspot\share\classfile\systemDictionary.cpp, line 256]
Event: 16.181 Thread 0x000002302eca2380 Exception <a 'java/lang/ClassNotFoundException'{0x00000000875421c8}: com/android/build/gradle/internal/dsl/DefaultConfigCustomizer> (0x00000000875421c8) 
thrown [s\src\hotspot\share\classfile\systemDictionary.cpp, line 256]
Event: 16.182 Thread 0x000002302eca2380 Exception <a 'java/lang/ClassNotFoundException'{0x00000000875672c8}: com/android/build/gradle/internal/dsl/DefaultConfig$AgpDecoratedCustomizer> (0x00000000875672c8) 
thrown [s\src\hotspot\share\classfile\systemDictionary.cpp, line 256]
Event: 16.185 Thread 0x000002302eca2380 Exception <a 'java/lang/ClassNotFoundException'{0x00000000875bd7b0}: com/android/build/gradle/internal/dsl/DefaultConfig$AgpDecorated_DecoratedCustomizer> (0x00000000875bd7b0) 
thrown [s\src\hotspot\share\classfile\systemDictionary.cpp, line 256]
Event: 16.197 Thread 0x000002302eca2380 Exception <a 'java/lang/ClassNotFoundException'{0x00000000874ecc48}: org/gradle/api/internal/NamedDomainObjectContainerConfigureDelegateBeanInfo> (0x00000000874ecc48) 
thrown [s\src\hotspot\share\classfile\systemDictionary.cpp, line 256]
Event: 16.198 Thread 0x000002302eca2380 Exception <a 'java/lang/ClassNotFoundException'{0x00000000873031a0}: org/gradle/api/internal/NamedDomainObjectContainerConfigureDelegateCustomizer> (0x00000000873031a0) 
thrown [s\src\hotspot\share\classfile\systemDictionary.cpp, line 256]

VM Operations (20 events):
Event: 13.778 Executing VM operation: HandshakeAllThreads
Event: 13.778 Executing VM operation: HandshakeAllThreads done
Event: 13.804 Executing VM operation: G1CollectForAllocation
Event: 13.814 Executing VM operation: G1CollectForAllocation done
Event: 14.476 Executing VM operation: ICBufferFull
Event: 14.476 Executing VM operation: ICBufferFull done
Event: 14.504 Executing VM operation: HandshakeAllThreads
Event: 14.504 Executing VM operation: HandshakeAllThreads done
Event: 14.661 Executing VM operation: G1CollectForAllocation
Event: 14.669 Executing VM operation: G1CollectForAllocation done
Event: 14.872 Executing VM operation: HandshakeAllThreads
Event: 14.872 Executing VM operation: HandshakeAllThreads done
Event: 15.409 Executing VM operation: G1CollectForAllocation
Event: 15.418 Executing VM operation: G1CollectForAllocation done
Event: 15.524 Executing VM operation: G1Concurrent
Event: 15.531 Executing VM operation: G1Concurrent done
Event: 15.587 Executing VM operation: G1Concurrent
Event: 15.587 Executing VM operation: G1Concurrent done
Event: 16.113 Executing VM operation: G1CollectForAllocation
Event: 16.126 Executing VM operation: G1CollectForAllocation done

Events (20 events):
Event: 14.776 loading class java/io/ObjectInputFilter done
Event: 14.777 loading class java/io/ObjectInputFilter$Config$BuiltinFilterFactory
Event: 14.777 loading class java/io/ObjectInputFilter$Config$BuiltinFilterFactory done
Event: 14.777 loading class jdk/internal/access/JavaObjectInputFilterAccess
Event: 14.777 loading class jdk/internal/access/JavaObjectInputFilterAccess done
Event: 14.778 loading class jdk/internal/event/DeserializationEvent
Event: 14.778 loading class jdk/internal/event/DeserializationEvent done
Event: 14.778 loading class java/io/ObjectInputStream$FieldValues
Event: 14.778 loading class java/io/ObjectInputStream$GetField
Event: 14.778 loading class java/io/ObjectInputStream$GetField done
Event: 14.778 loading class java/io/ObjectInputStream$FieldValues done
Event: 14.800 loading class java/nio/channels/Channels$1
Event: 14.800 loading class java/nio/channels/Channels$1 done
Event: 14.803 Thread 0x00000230318c20f0 Thread added: 0x00000230318c20f0
Event: 15.431 loading class java/util/ArrayList$SubList$1
Event: 15.431 loading class java/util/ArrayList$SubList$1 done
Event: 15.670 Thread 0x000002302d9f2cd0 Thread exited: 0x000002302d9f2cd0
Event: 15.712 Thread 0x00000230318322b0 Thread added: 0x00000230318322b0
Event: 16.179 loading class java/beans/IntrospectionException
Event: 16.180 loading class java/beans/IntrospectionException done


Dynamic libraries:
0x00007ff7e9df0000 - 0x00007ff7e9dfa000 	C:\Program Files\Android\Android Studio\jbr\bin\java.exe
0x00007fff659b0000 - 0x00007fff65ba7000 	C:\Windows\SYSTEM32\ntdll.dll
0x00007fff649f0000 - 0x00007fff64aad000 	C:\Windows\System32\KERNEL32.DLL
0x00007fff633a0000 - 0x00007fff63696000 	C:\Windows\System32\KERNELBASE.dll
0x00007fff638a0000 - 0x00007fff639a0000 	C:\Windows\System32\ucrtbase.dll
0x00007fff5c6a0000 - 0x00007fff5c6b7000 	C:\Program Files\Android\Android Studio\jbr\bin\jli.dll
0x00007fff5e8b0000 - 0x00007fff5e8cb000 	C:\Program Files\Android\Android Studio\jbr\bin\VCRUNTIME140.dll
0x00007fff651d0000 - 0x00007fff6536e000 	C:\Windows\System32\USER32.dll
0x00007fff630e0000 - 0x00007fff63102000 	C:\Windows\System32\win32u.dll
0x00007fff658e0000 - 0x00007fff6590c000 	C:\Windows\System32\GDI32.dll
0x00007fff50e40000 - 0x00007fff510da000 	C:\Windows\WinSxS\amd64_microsoft.windows.common-controls_6595b64144ccf1df_6.0.19041.3570_none_60bb2a3971f3e41a\COMCTL32.dll
0x00007fff63750000 - 0x00007fff6386a000 	C:\Windows\System32\gdi32full.dll
0x00007fff64f00000 - 0x00007fff64f9e000 	C:\Windows\System32\msvcrt.dll
0x00007fff63110000 - 0x00007fff631ad000 	C:\Windows\System32\msvcp_win.dll
0x00007fff658b0000 - 0x00007fff658e0000 	C:\Windows\System32\IMM32.DLL
0x00007fff5e8a0000 - 0x00007fff5e8ac000 	C:\Program Files\Android\Android Studio\jbr\bin\vcruntime140_1.dll
0x00007fff4f1b0000 - 0x00007fff4f23d000 	C:\Program Files\Android\Android Studio\jbr\bin\msvcp140.dll
0x00007fff2bac0000 - 0x00007fff2c72e000 	C:\Program Files\Android\Android Studio\jbr\bin\server\jvm.dll
0x00007fff656e0000 - 0x00007fff6578e000 	C:\Windows\System32\ADVAPI32.dll
0x00007fff65000000 - 0x00007fff6509c000 	C:\Windows\System32\sechost.dll
0x00007fff63a10000 - 0x00007fff63b36000 	C:\Windows\System32\RPCRT4.dll
0x00007fff5c730000 - 0x00007fff5c739000 	C:\Windows\SYSTEM32\WSOCK32.dll
0x00007fff650a0000 - 0x00007fff6510b000 	C:\Windows\System32\WS2_32.dll
0x00007fff55a20000 - 0x00007fff55a47000 	C:\Windows\SYSTEM32\WINMM.dll
0x00007fff55ec0000 - 0x00007fff55eca000 	C:\Windows\SYSTEM32\VERSION.dll
0x00007fff61110000 - 0x00007fff61122000 	C:\Windows\SYSTEM32\kernel.appcore.dll
0x00007fff5f8f0000 - 0x00007fff5f8fa000 	C:\Program Files\Android\Android Studio\jbr\bin\jimage.dll
0x00007fff4d1d0000 - 0x00007fff4d3b4000 	C:\Windows\SYSTEM32\DBGHELP.DLL
0x00007fff4da50000 - 0x00007fff4da84000 	C:\Windows\SYSTEM32\dbgcore.DLL
0x00007fff63310000 - 0x00007fff63392000 	C:\Windows\System32\bcryptPrimitives.dll
0x00007fff5e860000 - 0x00007fff5e885000 	C:\Program Files\Android\Android Studio\jbr\bin\java.dll
0x00007fff5eca0000 - 0x00007fff5ecb8000 	C:\Program Files\Android\Android Studio\jbr\bin\zip.dll
0x00007fff63cc0000 - 0x00007fff64404000 	C:\Windows\System32\SHELL32.dll
0x00007fff61130000 - 0x00007fff618cb000 	C:\Windows\SYSTEM32\windows.storage.dll
0x00007fff65370000 - 0x00007fff656c4000 	C:\Windows\System32\combase.dll
0x00007fff62a60000 - 0x00007fff62a8d000 	C:\Windows\SYSTEM32\Wldp.dll
0x00007fff64bf0000 - 0x00007fff64c9d000 	C:\Windows\System32\SHCORE.dll
0x00007fff65110000 - 0x00007fff65165000 	C:\Windows\System32\shlwapi.dll
0x00007fff62fc0000 - 0x00007fff62fe5000 	C:\Windows\SYSTEM32\profapi.dll
0x00007fff5d9b0000 - 0x00007fff5d9c9000 	C:\Program Files\Android\Android Studio\jbr\bin\net.dll
0x00007fff57050000 - 0x00007fff5715a000 	C:\Windows\SYSTEM32\WINHTTP.dll
0x00007fff62760000 - 0x00007fff627ca000 	C:\Windows\system32\mswsock.dll
0x00007fff5d990000 - 0x00007fff5d9a6000 	C:\Program Files\Android\Android Studio\jbr\bin\nio.dll
0x00007fff5f8e0000 - 0x00007fff5f8f0000 	C:\Program Files\Android\Android Studio\jbr\bin\verify.dll
0x00007fff516a0000 - 0x00007fff516c7000 	C:\Users\refrizar.dwiardito\.jdks\openjdk-21\native\68d5fa5c4cc2d200863cafc0d521ce42e7d3e7ee720ec0a83991735586a16f82\windows-amd64\native-platform.dll
0x00007fff4f060000 - 0x00007fff4f1a4000 	C:\Users\refrizar.dwiardito\.jdks\openjdk-21\native\e376f236ea51e6404a007f0833ffe2c6e607c4080706a723a18a27aeea778392\windows-amd64\native-platform-file-events.dll
0x00007fff5dad0000 - 0x00007fff5dad9000 	C:\Program Files\Android\Android Studio\jbr\bin\management.dll
0x00007fff5d980000 - 0x00007fff5d98b000 	C:\Program Files\Android\Android Studio\jbr\bin\management_ext.dll
0x00007fff656d0000 - 0x00007fff656d8000 	C:\Windows\System32\PSAPI.DLL
0x00007fff629b0000 - 0x00007fff629c8000 	C:\Windows\SYSTEM32\CRYPTSP.dll
0x00007fff62070000 - 0x00007fff620a4000 	C:\Windows\system32\rsaenh.dll
0x00007fff63870000 - 0x00007fff63897000 	C:\Windows\System32\bcrypt.dll
0x00007fff62f40000 - 0x00007fff62f6e000 	C:\Windows\SYSTEM32\USERENV.dll
0x00007fff629d0000 - 0x00007fff629dc000 	C:\Windows\SYSTEM32\CRYPTBASE.dll
0x00007fff62450000 - 0x00007fff6248b000 	C:\Windows\SYSTEM32\IPHLPAPI.DLL
0x00007fff63cb0000 - 0x00007fff63cb8000 	C:\Windows\System32\NSI.dll
0x00007fff577b0000 - 0x00007fff577c7000 	C:\Windows\SYSTEM32\dhcpcsvc6.DLL
0x00007fff57790000 - 0x00007fff577ad000 	C:\Windows\SYSTEM32\dhcpcsvc.DLL
0x00007fff62490000 - 0x00007fff6255a000 	C:\Windows\SYSTEM32\DNSAPI.dll
0x00007fff5c690000 - 0x00007fff5c697000 	C:\Windows\system32\wshunix.dll

dbghelp: loaded successfully - version: 4.0.5 - missing functions: none
symbol engine: initialized successfully - sym options: 0x614 - pdb path: .;C:\Program Files\Android\Android Studio\jbr\bin;C:\Windows\SYSTEM32;C:\Windows\WinSxS\amd64_microsoft.windows.common-controls_6595b64144ccf1df_6.0.19041.3570_none_60bb2a3971f3e41a;C:\Program Files\Android\Android Studio\jbr\bin\server;C:\Users\refrizar.dwiardito\.jdks\openjdk-21\native\68d5fa5c4cc2d200863cafc0d521ce42e7d3e7ee720ec0a83991735586a16f82\windows-amd64;C:\Users\refrizar.dwiardito\.jdks\openjdk-21\native\e376f236ea51e6404a007f0833ffe2c6e607c4080706a723a18a27aeea778392\windows-amd64

VM Arguments:
jvm_args: --add-opens=java.base/java.util=ALL-UNNAMED --add-opens=java.base/java.lang=ALL-UNNAMED --add-opens=java.base/java.lang.invoke=ALL-UNNAMED --add-opens=java.prefs/java.util.prefs=ALL-UNNAMED --add-opens=java.base/java.nio.charset=ALL-UNNAMED --add-opens=java.base/java.net=ALL-UNNAMED --add-opens=java.base/java.util.concurrent.atomic=ALL-UNNAMED -Xmx2048m -Dfile.encoding=UTF-8 -Duser.country=US -Duser.language=en -Duser.variant 
java_command: org.gradle.launcher.daemon.bootstrap.GradleDaemon 8.0
java_class_path (initial): C:\Users\refrizar.dwiardito\.jdks\openjdk-21\wrapper\dists\gradle-8.0-all\a2o1xoguejy6msdh0lk99lxza\gradle-8.0\lib\gradle-launcher-8.0.jar
Launcher Type: SUN_STANDARD

[Global flags]
     intx CICompilerCount                          = 3                                         {product} {ergonomic}
     uint ConcGCThreads                            = 1                                         {product} {ergonomic}
     uint G1ConcRefinementThreads                  = 4                                         {product} {ergonomic}
   size_t G1HeapRegionSize                         = 1048576                                   {product} {ergonomic}
    uintx GCDrainStackTargetSize                   = 64                                        {product} {ergonomic}
   size_t InitialHeapSize                          = 134217728                                 {product} {ergonomic}
   size_t MarkStackSize                            = 4194304                                   {product} {ergonomic}
   size_t MaxHeapSize                              = 2147483648                                {product} {command line}
   size_t MaxNewSize                               = 1287651328                                {product} {ergonomic}
   size_t MinHeapDeltaBytes                        = 1048576                                   {product} {ergonomic}
   size_t MinHeapSize                              = 8388608                                   {product} {ergonomic}
    uintx NonNMethodCodeHeapSize                   = 5832780                                {pd product} {ergonomic}
    uintx NonProfiledCodeHeapSize                  = 122912730                              {pd product} {ergonomic}
    uintx ProfiledCodeHeapSize                     = 122912730                              {pd product} {ergonomic}
    uintx ReservedCodeCacheSize                    = 251658240                              {pd product} {ergonomic}
     bool SegmentedCodeCache                       = true                                      {product} {ergonomic}
   size_t SoftMaxHeapSize                          = 2147483648                             {manageable} {ergonomic}
     bool UseCompressedClassPointers               = true                           {product lp64_product} {ergonomic}
     bool UseCompressedOops                        = true                           {product lp64_product} {ergonomic}
     bool UseG1GC                                  = true                                      {product} {ergonomic}
     bool UseLargePagesIndividualAllocation        = false                                  {pd product} {ergonomic}

Logging:
Log output configuration:
 #0: stdout all=warning uptime,level,tags
 #1: stderr all=off uptime,level,tags

Environment Variables:
JAVA_HOME=C:\Users\refrizar.dwiardito\.jdks\openjdk-21
PATH=C:\Program Files\Common Files\Oracle\Java\javapath;C:\Windows\system32;C:\Windows;C:\Windows\System32\Wbem;C:\Windows\System32\WindowsPowerShell\v1.0\;C:\Windows\System32\OpenSSH\;C:\Program Files\mingw-w64\x86_64-8.1.0-posix-seh-rt_v6-rev0\mingw64\bin;C:\Users\refrizar.dwiardito\AppData\Local\Programs\Python\Python310\Scripts;C:\Users\refrizar.dwiardito\.jdks\openjdk-21\bin;C:\Program Files\PuTTY\;C:\Program Files\gradle-8.3\bin;C:\Program Files\Git\cmd;C:\Users\refrizar.dwiardito\AppData\Local\Programs\Python\Python310\Scripts\;C:\Users\refrizar.dwiardito\AppData\Local\Programs\Python\Python310\;C:\Users\refrizar.dwiardito\AppData\Local\Microsoft\WindowsApps;;C:\Users\refrizar.dwiardito\AppData\Local\Programs\Microsoft VS Code\bin
USERNAME=refrizar.dwiardito
OS=Windows_NT
PROCESSOR_IDENTIFIER=Intel64 Family 6 Model 61 Stepping 4, GenuineIntel
TMP=C:\Users\REFRIZ~1.DWI\AppData\Local\Temp
TEMP=C:\Users\REFRIZ~1.DWI\AppData\Local\Temp


JNI global refs:
JNI global refs: 24, weak refs: 3

JNI global refs memory usage: 843, weak refs: 841


---------------  S Y S T E M  ---------------

OS:
 Windows 10 , 64 bit Build 19041 (10.0.19041.3570)
OS uptime: 0 days 0:52 hours

CPU: total 4 (initial active 4) (2 cores per cpu, 2 threads per core) family 6 model 61 stepping 4 microcode 0x2f, cx8, cmov, fxsr, ht, mmx, 3dnowpref, sse, sse2, sse3, ssse3, sse4.1, sse4.2, popcnt, lzcnt, tsc, tscinvbit, avx, avx2, aes, erms, clmul, bmi1, bmi2, adx, fma, vzeroupper, clflush

Memory: 4k page, system-wide physical 8083M (637M free)
TotalPageFile size 8083M (AvailPageFile size 5M)
current process WorkingSet (physical memory assigned to process): 337M, peak: 339M
current process commit charge ("private bytes"): 365M, peak: 366M

vm_info: OpenJDK 64-Bit Server VM (17.0.6+0-b2043.56-10027231) for windows-amd64 JRE (17.0.6+0-b2043.56-10027231), built on Apr 28 2023 00:43:19 by "androidbuild" with MS VC++ 16.10 / 16.11 (VS2019)

END.
