#
# There is insufficient memory for the Java Runtime Environment to continue.
# Native memory allocation (malloc) failed to allocate 1605136 bytes for Chunk::new
# Possible reasons:
#   The system is out of physical RAM or swap space
#   The process is running with CompressedOops enabled, and the Java Heap may be blocking the growth of the native heap
# Possible solutions:
#   Reduce memory load on the system
#   Increase physical memory or swap space
#   Check if swap backing store is full
#   Decrease Java heap size (-Xmx/-Xms)
#   Decrease number of Java threads
#   Decrease Java thread stack sizes (-Xss)
#   Set larger code cache with -XX:ReservedCodeCacheSize=
#   JVM is running with Unscaled Compressed Oops mode in which the Java heap is
#     placed in the first 4GB address space. The Java Heap base address is the
#     maximum limit for the native heap growth. Please use -XX:HeapBaseMinAddress
#     to set the Java Heap base and to place the Java Heap above 4GB virtual address.
# This output file may be truncated or incomplete.
#
#  Out of Memory Error (arena.cpp:189), pid=3184, tid=8724
#
# JRE version: OpenJDK Runtime Environment (17.0.6) (build 17.0.6+0-b2043.56-10027231)
# Java VM: OpenJDK 64-Bit Server VM (17.0.6+0-b2043.56-10027231, mixed mode, tiered, compressed oops, compressed class ptrs, g1 gc, windows-amd64)
# No core dump will be written. Minidumps are not enabled by default on client versions of Windows
#

---------------  S U M M A R Y ------------

Command Line: org.jetbrains.kotlin.cli.jvm.K2JVMCompiler @C:\Users\refrizar.dwiardito\AndroidStudioProjects\Catwell\app\build\20231014_16271047057007887243.compiler.options

Host: Intel(R) Core(TM) i5-5200U CPU @ 2.20GHz, 4 cores, 7G,  Windows 10 , 64 bit Build 19041 (10.0.19041.3570)
Time: Sat Oct 14 12:39:55 2023 SE Asia Standard Time elapsed time: 5.670237 seconds (0d 0h 0m 5s)

---------------  T H R E A D  ---------------

Current thread (0x000002c875620580):  JavaThread "C2 CompilerThread1" daemon [_thread_in_native, id=8724, stack(0x000000ca3b600000,0x000000ca3b700000)]


Current CompileTask:
C2:   5670 3587   !   4       org.jetbrains.kotlin.metadata.ProtoBuf$Type::<init> (875 bytes)

Stack: [0x000000ca3b600000,0x000000ca3b700000]
Native frames: (J=compiled Java code, j=interpreted, Vv=VM code, C=native code)
V  [jvm.dll+0x683c9a]
V  [jvm.dll+0x8427a4]
V  [jvm.dll+0x843f9e]
V  [jvm.dll+0x844603]
V  [jvm.dll+0x249b75]
V  [jvm.dll+0xabcac]
V  [jvm.dll+0xac27c]
V  [jvm.dll+0x368857]
V  [jvm.dll+0x332f31]
V  [jvm.dll+0x3323da]
V  [jvm.dll+0x21c201]
V  [jvm.dll+0x21b621]
V  [jvm.dll+0x1a4fdd]
V  [jvm.dll+0x22b098]
V  [jvm.dll+0x229159]
V  [jvm.dll+0x7f81ec]
V  [jvm.dll+0x7f274a]
V  [jvm.dll+0x682ad5]
C  [ucrtbase.dll+0x21bb2]
C  [KERNEL32.DLL+0x17344]
C  [ntdll.dll+0x526b1]


---------------  P R O C E S S  ---------------

Threads class SMR info:
_java_thread_list=0x000002c875c292c0, length=13, elements={
0x000002c857e29b60, 0x000002c87328fb30, 0x000002c8732909a0, 0x000002c8732ce580,
0x000002c8732d0140, 0x000002c8732d2b00, 0x000002c8732d34b0, 0x000002c873c40520,
0x000002c873c41520, 0x000002c873c43f20, 0x000002c873d92d10, 0x000002c873d9a250,
0x000002c875620580
}

Java Threads: ( => current thread )
  0x000002c857e29b60 JavaThread "main" [_thread_in_vm, id=856, stack(0x000000ca39e00000,0x000000ca39f00000)]
  0x000002c87328fb30 JavaThread "Reference Handler" daemon [_thread_blocked, id=7028, stack(0x000000ca3a500000,0x000000ca3a600000)]
  0x000002c8732909a0 JavaThread "Finalizer" daemon [_thread_blocked, id=6052, stack(0x000000ca3a600000,0x000000ca3a700000)]
  0x000002c8732ce580 JavaThread "Signal Dispatcher" daemon [_thread_blocked, id=2484, stack(0x000000ca3a700000,0x000000ca3a800000)]
  0x000002c8732d0140 JavaThread "Attach Listener" daemon [_thread_blocked, id=1748, stack(0x000000ca3a800000,0x000000ca3a900000)]
  0x000002c8732d2b00 JavaThread "Service Thread" daemon [_thread_blocked, id=8228, stack(0x000000ca3a900000,0x000000ca3aa00000)]
  0x000002c8732d34b0 JavaThread "Monitor Deflation Thread" daemon [_thread_blocked, id=8272, stack(0x000000ca3aa00000,0x000000ca3ab00000)]
  0x000002c873c40520 JavaThread "C2 CompilerThread0" daemon [_thread_in_native, id=7088, stack(0x000000ca3ab00000,0x000000ca3ac00000)]
  0x000002c873c41520 JavaThread "C1 CompilerThread0" daemon [_thread_blocked, id=7024, stack(0x000000ca3ac00000,0x000000ca3ad00000)]
  0x000002c873c43f20 JavaThread "Sweeper thread" daemon [_thread_blocked, id=10268, stack(0x000000ca3ad00000,0x000000ca3ae00000)]
  0x000002c873d92d10 JavaThread "Notification Thread" daemon [_thread_blocked, id=9312, stack(0x000000ca3ae00000,0x000000ca3af00000)]
  0x000002c873d9a250 JavaThread "Common-Cleaner" daemon [_thread_blocked, id=7004, stack(0x000000ca3b000000,0x000000ca3b100000)]
=>0x000002c875620580 JavaThread "C2 CompilerThread1" daemon [_thread_in_native, id=8724, stack(0x000000ca3b600000,0x000000ca3b700000)]

Other Threads:
  0x000002c873246710 VMThread "VM Thread" [stack: 0x000000ca3a400000,0x000000ca3a500000] [id=9460]
  0x000002c857ea3100 WatcherThread [stack: 0x000000ca3af00000,0x000000ca3b000000] [id=3508]
  0x000002c857e86560 GCTaskThread "GC Thread#0" [stack: 0x000000ca39f00000,0x000000ca3a000000] [id=6872]
  0x000002c8741e5020 GCTaskThread "GC Thread#1" [stack: 0x000000ca3b100000,0x000000ca3b200000] [id=8412]
  0x000002c8741e52d0 GCTaskThread "GC Thread#2" [stack: 0x000000ca3b200000,0x000000ca3b300000] [id=1068]
  0x000002c8741f4870 GCTaskThread "GC Thread#3" [stack: 0x000000ca3b300000,0x000000ca3b400000] [id=2936]
  0x000002c857e98910 ConcurrentGCThread "G1 Main Marker" [stack: 0x000000ca3a000000,0x000000ca3a100000] [id=11076]
  0x000002c857e99320 ConcurrentGCThread "G1 Conc#0" [stack: 0x000000ca3a100000,0x000000ca3a200000] [id=9088]
  0x000002c857efe350 ConcurrentGCThread "G1 Refine#0" [stack: 0x000000ca3a200000,0x000000ca3a300000] [id=1336]
  0x000002c875c90ff0 ConcurrentGCThread "G1 Refine#1" [stack: 0x000000ca3b400000,0x000000ca3b500000] [id=4720]
  0x000002c875231030 ConcurrentGCThread "G1 Refine#2" [stack: 0x000000ca3b500000,0x000000ca3b600000] [id=5988]
  0x000002c8730f40b0 ConcurrentGCThread "G1 Service" [stack: 0x000000ca3a300000,0x000000ca3a400000] [id=8344]

Threads with active compile tasks:
C2 CompilerThread0     5700 3536       4       org.jetbrains.org.objectweb.asm.ClassReader::readMethod (1061 bytes)
C1 CompilerThread0     5701 3790       2       java.lang.Package$VersionInfo::<init> (44 bytes)
C2 CompilerThread1     5701 3587   !   4       org.jetbrains.kotlin.metadata.ProtoBuf$Type::<init> (875 bytes)

VM state: not at safepoint (normal execution)

VM Mutex/Monitor currently owned by a thread: None

Heap address: 0x0000000081a00000, size: 2022 MB, Compressed Oops mode: 32-bit

CDS archive(s) not mapped
Compressed class space mapped at: 0x0000000100000000-0x0000000140000000, reserved size: 1073741824
Narrow klass base: 0x0000000000000000, Narrow klass shift: 3, Narrow klass range: 0x140000000

GC Precious Log:
 CPUs: 4 total, 4 available
 Memory: 8083M
 Large Page Support: Disabled
 NUMA Support: Disabled
 Compressed Oops: Enabled (32-bit)
 Heap Region Size: 1M
 Heap Min Capacity: 8M
 Heap Initial Capacity: 128M
 Heap Max Capacity: 2022M
 Pre-touch: Disabled
 Parallel Workers: 4
 Concurrent Workers: 1
 Concurrent Refinement Workers: 4
 Periodic GC: Disabled

Heap:
 garbage-first heap   total 66560K, used 36675K [0x0000000081a00000, 0x0000000100000000)
  region size 1024K, 11 young (11264K), 1 survivors (1024K)
 Metaspace       used 49859K, committed 50112K, reserved 1097728K
  class space    used 6051K, committed 6144K, reserved 1048576K

Heap Regions: E=young(eden), S=young(survivor), O=old, HS=humongous(starts), HC=humongous(continues), CS=collection set, F=free, OA=open archive, CA=closed archive, TAMS=top-at-mark-start (previous, next)
|   0|0x0000000081a00000, 0x0000000081b00000, 0x0000000081b00000|100%|HS|  |TAMS 0x0000000081b00000, 0x0000000081a00000| Complete 
|   1|0x0000000081b00000, 0x0000000081c00000, 0x0000000081c00000|100%|HC|  |TAMS 0x0000000081c00000, 0x0000000081b00000| Complete 
|   2|0x0000000081c00000, 0x0000000081d00000, 0x0000000081d00000|100%|HC|  |TAMS 0x0000000081d00000, 0x0000000081c00000| Complete 
|   3|0x0000000081d00000, 0x0000000081e00000, 0x0000000081e00000|100%|HC|  |TAMS 0x0000000081e00000, 0x0000000081d00000| Complete 
|   4|0x0000000081e00000, 0x0000000081eefc00, 0x0000000081f00000| 93%| O|  |TAMS 0x0000000081eefc00, 0x0000000081e00000| Untracked 
|   5|0x0000000081f00000, 0x0000000082000000, 0x0000000082000000|100%| O|  |TAMS 0x0000000082000000, 0x0000000081f00000| Untracked 
|   6|0x0000000082000000, 0x0000000082100000, 0x0000000082100000|100%| O|  |TAMS 0x0000000082100000, 0x0000000082000000| Untracked 
|   7|0x0000000082100000, 0x0000000082200000, 0x0000000082200000|100%| O|  |TAMS 0x0000000082200000, 0x0000000082100000| Untracked 
|   8|0x0000000082200000, 0x0000000082300000, 0x0000000082300000|100%| O|  |TAMS 0x0000000082300000, 0x0000000082200000| Untracked 
|   9|0x0000000082300000, 0x0000000082400000, 0x0000000082400000|100%| O|  |TAMS 0x0000000082400000, 0x0000000082300000| Untracked 
|  10|0x0000000082400000, 0x0000000082400000, 0x0000000082500000|  0%| F|  |TAMS 0x0000000082400000, 0x0000000082400000| Untracked 
|  11|0x0000000082500000, 0x0000000082600000, 0x0000000082600000|100%| O|  |TAMS 0x0000000082600000, 0x0000000082500000| Untracked 
|  12|0x0000000082600000, 0x0000000082700000, 0x0000000082700000|100%| O|  |TAMS 0x0000000082700000, 0x0000000082600000| Untracked 
|  13|0x0000000082700000, 0x0000000082800000, 0x0000000082800000|100%| O|  |TAMS 0x0000000082800000, 0x0000000082700000| Untracked 
|  14|0x0000000082800000, 0x0000000082900000, 0x0000000082900000|100%| O|  |TAMS 0x0000000082900000, 0x0000000082800000| Untracked 
|  15|0x0000000082900000, 0x0000000082a00000, 0x0000000082a00000|100%| O|  |TAMS 0x0000000082a00000, 0x0000000082900000| Untracked 
|  16|0x0000000082a00000, 0x0000000082b00000, 0x0000000082b00000|100%| O|  |TAMS 0x0000000082b00000, 0x0000000082a00000| Untracked 
|  17|0x0000000082b00000, 0x0000000082c00000, 0x0000000082c00000|100%| O|  |TAMS 0x0000000082c00000, 0x0000000082b00000| Untracked 
|  18|0x0000000082c00000, 0x0000000082d00000, 0x0000000082d00000|100%| O|  |TAMS 0x0000000082d00000, 0x0000000082c00000| Untracked 
|  19|0x0000000082d00000, 0x0000000082e00000, 0x0000000082e00000|100%|HS|  |TAMS 0x0000000082e00000, 0x0000000082d00000| Complete 
|  20|0x0000000082e00000, 0x0000000082f00000, 0x0000000082f00000|100%|HC|  |TAMS 0x0000000082f00000, 0x0000000082e00000| Complete 
|  21|0x0000000082f00000, 0x0000000083000000, 0x0000000083000000|100%| O|  |TAMS 0x0000000082f78600, 0x0000000082f00000| Untracked 
|  22|0x0000000083000000, 0x0000000083100000, 0x0000000083100000|100%| O|  |TAMS 0x0000000083000000, 0x0000000083000000| Untracked 
|  23|0x0000000083100000, 0x0000000083200000, 0x0000000083200000|100%| O|  |TAMS 0x0000000083100000, 0x0000000083100000| Untracked 
|  24|0x0000000083200000, 0x0000000083300000, 0x0000000083300000|100%| O|  |TAMS 0x0000000083200000, 0x0000000083200000| Untracked 
|  25|0x0000000083300000, 0x00000000833b2600, 0x0000000083400000| 69%| O|  |TAMS 0x0000000083300000, 0x0000000083300000| Untracked 
|  26|0x0000000083400000, 0x0000000083400000, 0x0000000083500000|  0%| F|  |TAMS 0x0000000083400000, 0x0000000083400000| Untracked 
|  27|0x0000000083500000, 0x0000000083500000, 0x0000000083600000|  0%| F|  |TAMS 0x0000000083500000, 0x0000000083500000| Untracked 
|  28|0x0000000083600000, 0x0000000083600000, 0x0000000083700000|  0%| F|  |TAMS 0x0000000083600000, 0x0000000083600000| Untracked 
|  29|0x0000000083700000, 0x0000000083700000, 0x0000000083800000|  0%| F|  |TAMS 0x0000000083700000, 0x0000000083700000| Untracked 
|  30|0x0000000083800000, 0x0000000083800000, 0x0000000083900000|  0%| F|  |TAMS 0x0000000083800000, 0x0000000083800000| Untracked 
|  31|0x0000000083900000, 0x0000000083900000, 0x0000000083a00000|  0%| F|  |TAMS 0x0000000083900000, 0x0000000083900000| Untracked 
|  32|0x0000000083a00000, 0x0000000083a00000, 0x0000000083b00000|  0%| F|  |TAMS 0x0000000083a00000, 0x0000000083a00000| Untracked 
|  33|0x0000000083b00000, 0x0000000083b00000, 0x0000000083c00000|  0%| F|  |TAMS 0x0000000083b00000, 0x0000000083b00000| Untracked 
|  34|0x0000000083c00000, 0x0000000083c00000, 0x0000000083d00000|  0%| F|  |TAMS 0x0000000083c00000, 0x0000000083c00000| Untracked 
|  35|0x0000000083d00000, 0x0000000083d00000, 0x0000000083e00000|  0%| F|  |TAMS 0x0000000083d00000, 0x0000000083d00000| Untracked 
|  36|0x0000000083e00000, 0x0000000083e00000, 0x0000000083f00000|  0%| F|  |TAMS 0x0000000083e00000, 0x0000000083e00000| Untracked 
|  37|0x0000000083f00000, 0x0000000083f00000, 0x0000000084000000|  0%| F|  |TAMS 0x0000000083f00000, 0x0000000083f00000| Untracked 
|  38|0x0000000084000000, 0x0000000084000000, 0x0000000084100000|  0%| F|  |TAMS 0x0000000084000000, 0x0000000084000000| Untracked 
|  39|0x0000000084100000, 0x0000000084100000, 0x0000000084200000|  0%| F|  |TAMS 0x0000000084100000, 0x0000000084100000| Untracked 
|  40|0x0000000084200000, 0x0000000084200000, 0x0000000084300000|  0%| F|  |TAMS 0x0000000084200000, 0x0000000084200000| Untracked 
|  41|0x0000000084300000, 0x0000000084300000, 0x0000000084400000|  0%| F|  |TAMS 0x0000000084300000, 0x0000000084300000| Untracked 
|  42|0x0000000084400000, 0x0000000084400000, 0x0000000084500000|  0%| F|  |TAMS 0x0000000084400000, 0x0000000084400000| Untracked 
|  43|0x0000000084500000, 0x0000000084500000, 0x0000000084600000|  0%| F|  |TAMS 0x0000000084500000, 0x0000000084500000| Untracked 
|  44|0x0000000084600000, 0x0000000084600000, 0x0000000084700000|  0%| F|  |TAMS 0x0000000084600000, 0x0000000084600000| Untracked 
|  45|0x0000000084700000, 0x0000000084700000, 0x0000000084800000|  0%| F|  |TAMS 0x0000000084700000, 0x0000000084700000| Untracked 
|  46|0x0000000084800000, 0x0000000084800000, 0x0000000084900000|  0%| F|  |TAMS 0x0000000084800000, 0x0000000084800000| Untracked 
|  47|0x0000000084900000, 0x0000000084900000, 0x0000000084a00000|  0%| F|  |TAMS 0x0000000084900000, 0x0000000084900000| Untracked 
|  48|0x0000000084a00000, 0x0000000084a00000, 0x0000000084b00000|  0%| F|  |TAMS 0x0000000084a00000, 0x0000000084a00000| Untracked 
|  49|0x0000000084b00000, 0x0000000084b00000, 0x0000000084c00000|  0%| F|  |TAMS 0x0000000084b00000, 0x0000000084b00000| Untracked 
|  50|0x0000000084c00000, 0x0000000084c00000, 0x0000000084d00000|  0%| F|  |TAMS 0x0000000084c00000, 0x0000000084c00000| Untracked 
|  51|0x0000000084d00000, 0x0000000084d00000, 0x0000000084e00000|  0%| F|  |TAMS 0x0000000084d00000, 0x0000000084d00000| Untracked 
|  52|0x0000000084e00000, 0x0000000084edec20, 0x0000000084f00000| 87%| E|  |TAMS 0x0000000084e00000, 0x0000000084e00000| Complete 
|  53|0x0000000084f00000, 0x0000000085000000, 0x0000000085000000|100%| E|CS|TAMS 0x0000000084f00000, 0x0000000084f00000| Complete 
|  54|0x0000000085000000, 0x0000000085100000, 0x0000000085100000|100%| E|CS|TAMS 0x0000000085000000, 0x0000000085000000| Complete 
|  55|0x0000000085100000, 0x0000000085200000, 0x0000000085200000|100%| E|CS|TAMS 0x0000000085100000, 0x0000000085100000| Complete 
|  56|0x0000000085200000, 0x0000000085300000, 0x0000000085300000|100%| E|CS|TAMS 0x0000000085200000, 0x0000000085200000| Complete 
|  95|0x0000000087900000, 0x0000000087a00000, 0x0000000087a00000|100%| E|CS|TAMS 0x0000000087900000, 0x0000000087900000| Complete 
|  96|0x0000000087a00000, 0x0000000087b00000, 0x0000000087b00000|100%| E|CS|TAMS 0x0000000087a00000, 0x0000000087a00000| Complete 
|  97|0x0000000087b00000, 0x0000000087c00000, 0x0000000087c00000|100%| E|CS|TAMS 0x0000000087b00000, 0x0000000087b00000| Complete 
|  98|0x0000000087c00000, 0x0000000087d00000, 0x0000000087d00000|100%| E|CS|TAMS 0x0000000087c00000, 0x0000000087c00000| Complete 
|  99|0x0000000087d00000, 0x0000000087d2ebb0, 0x0000000087e00000| 18%| S|CS|TAMS 0x0000000087d00000, 0x0000000087d00000| Complete 
| 127|0x0000000089900000, 0x0000000089a00000, 0x0000000089a00000|100%| E|CS|TAMS 0x0000000089900000, 0x0000000089900000| Complete 
|2020|0x00000000ffe00000, 0x00000000fff00000, 0x00000000fff00000|100%| O|  |TAMS 0x00000000fff00000, 0x00000000ffe00000| Untracked 
|2021|0x00000000fff00000, 0x0000000100000000, 0x0000000100000000|100%| O|  |TAMS 0x0000000100000000, 0x00000000fff00000| Untracked 

Card table byte_map: [0x000002c86c500000,0x000002c86c900000] _byte_map_base: 0x000002c86c0f3000

Marking Bits (Prev, Next): (CMBitMap*) 0x000002c857e86b70, (CMBitMap*) 0x000002c857e86bb0
 Prev Bits: [0x000002c86cd00000, 0x000002c86ec98000)
 Next Bits: [0x000002c86eca0000, 0x000002c870c38000)

Polling page: 0x000002c857f00000

Metaspace:

Usage:
  Non-class:     42.82 MB used.
      Class:      5.91 MB used.
       Both:     48.73 MB used.

Virtual space:
  Non-class space:       48.00 MB reserved,      42.94 MB ( 89%) committed,  6 nodes.
      Class space:        1.00 GB reserved,       6.00 MB ( <1%) committed,  1 nodes.
             Both:        1.05 GB reserved,      48.94 MB (  5%) committed. 

Chunk freelists:
   Non-Class:  144.00 KB
       Class:  1.95 MB
        Both:  2.09 MB

MaxMetaspaceSize: unlimited
CompressedClassSpaceSize: 1.00 GB
Initial GC threshold: 21.00 MB
Current GC threshold: 80.94 MB
CDS: off
MetaspaceReclaimPolicy: balanced
 - commit_granule_bytes: 65536.
 - commit_granule_words: 8192.
 - virtual_space_node_default_size: 1048576.
 - enlarge_chunks_in_place: 1.
 - new_chunks_are_fully_committed: 0.
 - uncommit_free_chunks: 1.
 - use_allocation_guard: 0.
 - handle_deallocations: 1.


Internal statistics:

num_allocs_failed_limit: 9.
num_arena_births: 192.
num_arena_deaths: 0.
num_vsnodes_births: 7.
num_vsnodes_deaths: 0.
num_space_committed: 781.
num_space_uncommitted: 0.
num_chunks_returned_to_freelist: 9.
num_chunks_taken_from_freelist: 1625.
num_chunk_merges: 9.
num_chunk_splits: 1372.
num_chunks_enlarged: 1232.
num_purges: 0.
num_inconsistent_stats: 0.

CodeHeap 'non-profiled nmethods': size=120000Kb used=1578Kb max_used=1578Kb free=118421Kb
 bounds [0x000002c8645a0000, 0x000002c864810000, 0x000002c86bad0000]
CodeHeap 'profiled nmethods': size=120000Kb used=7734Kb max_used=7734Kb free=112265Kb
 bounds [0x000002c85cad0000, 0x000002c85d260000, 0x000002c864000000]
CodeHeap 'non-nmethods': size=5760Kb used=1265Kb max_used=1320Kb free=4494Kb
 bounds [0x000002c864000000, 0x000002c864270000, 0x000002c8645a0000]
 total_blobs=4331 nmethods=3755 adapters=488
 compilation: enabled
              stopped_count=0, restarted_count=0
 full_count=0

Compilation events (20 events):
Event: 5.658 Thread 0x000002c873c41520 3746       2       org.jetbrains.kotlin.psi.psiUtil.KtPsiUtilKt::safeNameForLazyResolve (5 bytes)
Event: 5.658 Thread 0x000002c873c41520 nmethod 3746 0x000002c85d24fc90 code [0x000002c85d24fe20, 0x000002c85d24ff58]
Event: 5.658 Thread 0x000002c873c41520 3747       2       org.jetbrains.kotlin.name.SpecialNames::safeIdentifier (19 bytes)
Event: 5.658 Thread 0x000002c873c41520 nmethod 3747 0x000002c85d250010 code [0x000002c85d2501a0, 0x000002c85d2502d8]
Event: 5.658 Thread 0x000002c873c41520 3748       2       org.jetbrains.kotlin.psi.KtExpressionImplStub::<init> (14 bytes)
Event: 5.659 Thread 0x000002c873c41520 nmethod 3748 0x000002c85d250390 code [0x000002c85d250580, 0x000002c85d2509c8]
Event: 5.659 Thread 0x000002c873c41520 3749       2       java.util.ArrayList$SubList$1::<init> (39 bytes)
Event: 5.660 Thread 0x000002c873c41520 nmethod 3749 0x000002c85d250b90 code [0x000002c85d250d20, 0x000002c85d250e98]
Event: 5.660 Thread 0x000002c873c41520 3750       1       org.jetbrains.kotlin.util.slicedMap.Slices$1::rewriteProcessingNeeded (2 bytes)
Event: 5.661 Thread 0x000002c873c41520 nmethod 3750 0x000002c864728310 code [0x000002c8647284a0, 0x000002c864728578]
Event: 5.661 Thread 0x000002c873c41520 3751       2       java.util.ArrayList$Itr::<init> (26 bytes)
Event: 5.662 Thread 0x000002c873c41520 nmethod 3751 0x000002c85d250f90 code [0x000002c85d251120, 0x000002c85d251278]
Event: 5.664 Thread 0x000002c873c41520 3752       1       org.jetbrains.kotlin.load.java.lazy.JavaResolverComponents::getLookupTracker (5 bytes)
Event: 5.664 Thread 0x000002c873c41520 nmethod 3752 0x000002c864728610 code [0x000002c8647287a0, 0x000002c864728878]
Event: 5.664 Thread 0x000002c873c41520 3753       2       org.jetbrains.kotlin.config.LanguageVersionSettingsImpl::getFeatureSupport (89 bytes)
Event: 5.666 Thread 0x000002c873c41520 nmethod 3753 0x000002c85d251310 code [0x000002c85d251580, 0x000002c85d251ba8]
Event: 5.666 Thread 0x000002c873c41520 3754       2       org.jetbrains.kotlin.config.LanguageVersionSettings::supportsFeature (38 bytes)
Event: 5.667 Thread 0x000002c873c41520 nmethod 3754 0x000002c85d252010 code [0x000002c85d252200, 0x000002c85d252528]
Event: 5.667 Thread 0x000002c873c41520 3755       1       org.jetbrains.kotlin.storage.LockBasedLazyResolveStorageManager$LockProtectedContext::access$getContext$p (5 bytes)
Event: 5.667 Thread 0x000002c873c41520 nmethod 3755 0x000002c864728910 code [0x000002c864728aa0, 0x000002c864728b58]

GC Heap History (20 events):
Event: 2.452 GC heap before
{Heap before GC invocations=4 (full 0):
 garbage-first heap   total 40960K, used 31880K [0x0000000081a00000, 0x0000000100000000)
  region size 1024K, 27 young (27648K), 5 survivors (5120K)
 Metaspace       used 28547K, committed 28736K, reserved 1081344K
  class space    used 3543K, committed 3648K, reserved 1048576K
}
Event: 2.463 GC heap after
{Heap after GC invocations=5 (full 0):
 garbage-first heap   total 40960K, used 11532K [0x0000000081a00000, 0x0000000100000000)
  region size 1024K, 6 young (6144K), 6 survivors (6144K)
 Metaspace       used 28547K, committed 28736K, reserved 1081344K
  class space    used 3543K, committed 3648K, reserved 1048576K
}
Event: 2.876 GC heap before
{Heap before GC invocations=5 (full 0):
 garbage-first heap   total 40960K, used 30988K [0x0000000081a00000, 0x0000000100000000)
  region size 1024K, 24 young (24576K), 6 survivors (6144K)
 Metaspace       used 30472K, committed 30656K, reserved 1081344K
  class space    used 3936K, committed 4032K, reserved 1048576K
}
Event: 2.899 GC heap after
{Heap after GC invocations=6 (full 0):
 garbage-first heap   total 43008K, used 17390K [0x0000000081a00000, 0x0000000100000000)
  region size 1024K, 3 young (3072K), 3 survivors (3072K)
 Metaspace       used 30472K, committed 30656K, reserved 1081344K
  class space    used 3936K, committed 4032K, reserved 1048576K
}
Event: 3.189 GC heap before
{Heap before GC invocations=6 (full 0):
 garbage-first heap   total 43008K, used 30702K [0x0000000081a00000, 0x0000000100000000)
  region size 1024K, 16 young (16384K), 3 survivors (3072K)
 Metaspace       used 33882K, committed 34112K, reserved 1081344K
  class space    used 4320K, committed 4416K, reserved 1048576K
}
Event: 3.199 GC heap after
{Heap after GC invocations=7 (full 0):
 garbage-first heap   total 43008K, used 16990K [0x0000000081a00000, 0x0000000100000000)
  region size 1024K, 2 young (2048K), 2 survivors (2048K)
 Metaspace       used 33882K, committed 34112K, reserved 1081344K
  class space    used 4320K, committed 4416K, reserved 1048576K
}
Event: 3.415 GC heap before
{Heap before GC invocations=7 (full 0):
 garbage-first heap   total 43008K, used 26206K [0x0000000081a00000, 0x0000000100000000)
  region size 1024K, 12 young (12288K), 2 survivors (2048K)
 Metaspace       used 35844K, committed 36096K, reserved 1081344K
  class space    used 4533K, committed 4672K, reserved 1048576K
}
Event: 3.420 GC heap after
{Heap after GC invocations=8 (full 0):
 garbage-first heap   total 54272K, used 18349K [0x0000000081a00000, 0x0000000100000000)
  region size 1024K, 2 young (2048K), 2 survivors (2048K)
 Metaspace       used 35844K, committed 36096K, reserved 1081344K
  class space    used 4533K, committed 4672K, reserved 1048576K
}
Event: 3.793 GC heap before
{Heap before GC invocations=9 (full 0):
 garbage-first heap   total 54272K, used 37805K [0x0000000081a00000, 0x0000000100000000)
  region size 1024K, 22 young (22528K), 2 survivors (2048K)
 Metaspace       used 39973K, committed 40256K, reserved 1089536K
  class space    used 4909K, committed 5056K, reserved 1048576K
}
Event: 3.804 GC heap after
{Heap after GC invocations=10 (full 0):
 garbage-first heap   total 54272K, used 20588K [0x0000000081a00000, 0x0000000100000000)
  region size 1024K, 3 young (3072K), 3 survivors (3072K)
 Metaspace       used 39973K, committed 40256K, reserved 1089536K
  class space    used 4909K, committed 5056K, reserved 1048576K
}
Event: 4.504 GC heap before
{Heap before GC invocations=11 (full 0):
 garbage-first heap   total 54272K, used 39020K [0x0000000081a00000, 0x0000000100000000)
  region size 1024K, 21 young (21504K), 3 survivors (3072K)
 Metaspace       used 44855K, committed 45056K, reserved 1089536K
  class space    used 5479K, committed 5568K, reserved 1048576K
}
Event: 4.514 GC heap after
{Heap after GC invocations=12 (full 0):
 garbage-first heap   total 54272K, used 22109K [0x0000000081a00000, 0x0000000100000000)
  region size 1024K, 2 young (2048K), 2 survivors (2048K)
 Metaspace       used 44855K, committed 45056K, reserved 1089536K
  class space    used 5479K, committed 5568K, reserved 1048576K
}
Event: 5.125 GC heap before
{Heap before GC invocations=12 (full 0):
 garbage-first heap   total 54272K, used 41565K [0x0000000081a00000, 0x0000000100000000)
  region size 1024K, 19 young (19456K), 2 survivors (2048K)
 Metaspace       used 47747K, committed 47936K, reserved 1097728K
  class space    used 5811K, committed 5888K, reserved 1048576K
}
Event: 5.138 GC heap after
{Heap after GC invocations=13 (full 0):
 garbage-first heap   total 54272K, used 27040K [0x0000000081a00000, 0x0000000100000000)
  region size 1024K, 3 young (3072K), 3 survivors (3072K)
 Metaspace       used 47747K, committed 47936K, reserved 1097728K
  class space    used 5811K, committed 5888K, reserved 1048576K
}
Event: 5.306 GC heap before
{Heap before GC invocations=13 (full 0):
 garbage-first heap   total 54272K, used 30112K [0x0000000081a00000, 0x0000000100000000)
  region size 1024K, 8 young (8192K), 3 survivors (3072K)
 Metaspace       used 49402K, committed 49664K, reserved 1097728K
  class space    used 6015K, committed 6144K, reserved 1048576K
}
Event: 5.319 GC heap after
{Heap after GC invocations=14 (full 0):
 garbage-first heap   total 54272K, used 27874K [0x0000000081a00000, 0x0000000100000000)
  region size 1024K, 1 young (1024K), 1 survivors (1024K)
 Metaspace       used 49402K, committed 49664K, reserved 1097728K
  class space    used 6015K, committed 6144K, reserved 1048576K
}
Event: 5.497 GC heap before
{Heap before GC invocations=15 (full 0):
 garbage-first heap   total 55296K, used 41186K [0x0000000081a00000, 0x0000000100000000)
  region size 1024K, 14 young (14336K), 1 survivors (1024K)
 Metaspace       used 49448K, committed 49728K, reserved 1097728K
  class space    used 6015K, committed 6144K, reserved 1048576K
}
Event: 5.500 GC heap after
{Heap after GC invocations=16 (full 0):
 garbage-first heap   total 55296K, used 28096K [0x0000000081a00000, 0x0000000100000000)
  region size 1024K, 1 young (1024K), 1 survivors (1024K)
 Metaspace       used 49448K, committed 49728K, reserved 1097728K
  class space    used 6015K, committed 6144K, reserved 1048576K
}
Event: 5.507 GC heap before
{Heap before GC invocations=16 (full 0):
 garbage-first heap   total 55296K, used 29120K [0x0000000081a00000, 0x0000000100000000)
  region size 1024K, 2 young (2048K), 1 survivors (1024K)
 Metaspace       used 49448K, committed 49728K, reserved 1097728K
  class space    used 6015K, committed 6144K, reserved 1048576K
}
Event: 5.510 GC heap after
{Heap after GC invocations=17 (full 0):
 garbage-first heap   total 66560K, used 27459K [0x0000000081a00000, 0x0000000100000000)
  region size 1024K, 1 young (1024K), 1 survivors (1024K)
 Metaspace       used 49448K, committed 49728K, reserved 1097728K
  class space    used 6015K, committed 6144K, reserved 1048576K
}

Dll operation events (2 events):
Event: 0.014 Loaded shared library C:\Program Files\Android\Android Studio\jbr\bin\java.dll
Event: 2.133 Loaded shared library C:\Program Files\Android\Android Studio\jbr\bin\verify.dll

Deoptimization events (20 events):
Event: 5.212 Thread 0x000002c857e29b60 DEOPT PACKING pc=0x000002c8646d29bc sp=0x000000ca39efa180
Event: 5.212 Thread 0x000002c857e29b60 DEOPT UNPACKING pc=0x000002c8640569a3 sp=0x000000ca39efa118 mode 2
Event: 5.212 Thread 0x000002c857e29b60 Uncommon trap: trap_request=0xffffffde fr.pc=0x000002c8646d29bc relative=0x000000000000009c
Event: 5.212 Thread 0x000002c857e29b60 Uncommon trap: reason=class_check action=maybe_recompile pc=0x000002c8646d29bc method=org.jetbrains.kotlin.com.intellij.lang.java.lexer.JavaLexer.charAt(I)C @ 21 c2
Event: 5.212 Thread 0x000002c857e29b60 DEOPT PACKING pc=0x000002c8646d29bc sp=0x000000ca39efa100
Event: 5.212 Thread 0x000002c857e29b60 DEOPT UNPACKING pc=0x000002c8640569a3 sp=0x000000ca39efa098 mode 2
Event: 5.212 Thread 0x000002c857e29b60 Uncommon trap: trap_request=0xffffffde fr.pc=0x000002c8646d29bc relative=0x000000000000009c
Event: 5.212 Thread 0x000002c857e29b60 Uncommon trap: reason=class_check action=maybe_recompile pc=0x000002c8646d29bc method=org.jetbrains.kotlin.com.intellij.lang.java.lexer.JavaLexer.charAt(I)C @ 21 c2
Event: 5.212 Thread 0x000002c857e29b60 DEOPT PACKING pc=0x000002c8646d29bc sp=0x000000ca39efa100
Event: 5.212 Thread 0x000002c857e29b60 DEOPT UNPACKING pc=0x000002c8640569a3 sp=0x000000ca39efa098 mode 2
Event: 5.212 Thread 0x000002c857e29b60 Uncommon trap: trap_request=0xffffffde fr.pc=0x000002c8646d45bc relative=0x000000000000077c
Event: 5.212 Thread 0x000002c857e29b60 Uncommon trap: reason=class_check action=maybe_recompile pc=0x000002c8646d45bc method=org.jetbrains.kotlin.com.intellij.lang.java.lexer.JavaLexer.charAt(I)C @ 21 c2
Event: 5.212 Thread 0x000002c857e29b60 DEOPT PACKING pc=0x000002c8646d45bc sp=0x000000ca39efa1d0
Event: 5.212 Thread 0x000002c857e29b60 DEOPT UNPACKING pc=0x000002c8640569a3 sp=0x000000ca39efa128 mode 2
Event: 5.330 Thread 0x000002c857e29b60 DEOPT PACKING pc=0x000002c85cf850e5 sp=0x000000ca39efad50
Event: 5.330 Thread 0x000002c857e29b60 DEOPT UNPACKING pc=0x000002c864057143 sp=0x000000ca39efa1a0 mode 0
Event: 5.636 Thread 0x000002c857e29b60 Uncommon trap: trap_request=0xffffffde fr.pc=0x000002c8645f09a0 relative=0x0000000000001100
Event: 5.636 Thread 0x000002c857e29b60 Uncommon trap: reason=class_check action=maybe_recompile pc=0x000002c8645f09a0 method=java.util.concurrent.ConcurrentHashMap.putVal(Ljava/lang/Object;Ljava/lang/Object;Z)Ljava/lang/Object; @ 159 c2
Event: 5.636 Thread 0x000002c857e29b60 DEOPT PACKING pc=0x000002c8645f09a0 sp=0x000000ca39efa830
Event: 5.636 Thread 0x000002c857e29b60 DEOPT UNPACKING pc=0x000002c8640569a3 sp=0x000000ca39efa7b0 mode 2

Classes unloaded (0 events):
No events

Classes redefined (0 events):
No events

Internal exceptions (20 events):
Event: 1.835 Thread 0x000002c857e29b60 Exception <a 'java/lang/NoSuchMethodError'{0x0000000083abe558}: 'java.lang.Object java.lang.invoke.DirectMethodHandle$Holder.invokeSpecial(java.lang.Object, java.lang.Object, java.lang.Object, java.lang.Object, long)'> (0x0000000083abe558) 
thrown [s\src\hotspot\share\interpreter\linkResolver.cpp, line 771]
Event: 1.837 Thread 0x000002c857e29b60 Exception <a 'java/lang/NoSuchMethodError'{0x0000000083acd918}: 'int java.lang.invoke.DelegatingMethodHandle$Holder.reinvoke_L(java.lang.Object, java.lang.Object, java.lang.Object, long, java.lang.Object, java.lang.Object)'> (0x0000000083acd918) 
thrown [s\src\hotspot\share\interpreter\linkResolver.cpp, line 771]
Event: 1.839 Thread 0x000002c857e29b60 Exception <a 'java/lang/NoSuchMethodError'{0x0000000083adc5d0}: 'int java.lang.invoke.DelegatingMethodHandle$Holder.reinvoke_L(java.lang.Object, java.lang.Object, java.lang.Object, long, int, int)'> (0x0000000083adc5d0) 
thrown [s\src\hotspot\share\interpreter\linkResolver.cpp, line 771]
Event: 1.841 Thread 0x000002c857e29b60 Exception <a 'java/lang/NoSuchMethodError'{0x0000000083aeaf08}: 'int java.lang.invoke.DelegatingMethodHandle$Holder.reinvoke_L(java.lang.Object, java.lang.Object, java.lang.Object, long, long, long)'> (0x0000000083aeaf08) 
thrown [s\src\hotspot\share\interpreter\linkResolver.cpp, line 771]
Event: 1.844 Thread 0x000002c857e29b60 Exception <a 'java/lang/NoSuchMethodError'{0x0000000083af9520}: 'int java.lang.invoke.DelegatingMethodHandle$Holder.reinvoke_L(java.lang.Object, java.lang.Object, java.lang.Object, long, int)'> (0x0000000083af9520) 
thrown [s\src\hotspot\share\interpreter\linkResolver.cpp, line 771]
Event: 1.867 Thread 0x000002c857e29b60 Exception <a 'java/lang/NoSuchMethodError'{0x00000000839a2a50}: 'int java.lang.invoke.DirectMethodHandle$Holder.invokeStaticInit(java.lang.Object, java.lang.Object, java.lang.Object)'> (0x00000000839a2a50) 
thrown [s\src\hotspot\share\interpreter\linkResolver.cpp, line 771]
Event: 1.873 Thread 0x000002c857e29b60 Exception <a 'java/lang/NoSuchMethodError'{0x00000000839cc718}: 'int java.lang.invoke.DirectMethodHandle$Holder.invokeStaticInit(java.lang.Object, java.lang.Object)'> (0x00000000839cc718) 
thrown [s\src\hotspot\share\interpreter\linkResolver.cpp, line 771]
Event: 1.895 Thread 0x000002c857e29b60 Exception <a 'java/lang/NoSuchMethodError'{0x00000000838af2b0}: 'void java.lang.invoke.DirectMethodHandle$Holder.invokeSpecial(java.lang.Object, java.lang.Object, java.lang.Object)'> (0x00000000838af2b0) 
thrown [s\src\hotspot\share\interpreter\linkResolver.cpp, line 771]
Event: 1.980 Thread 0x000002c857e29b60 Exception <a 'java/lang/NoSuchMethodError'{0x00000000835dc970}: 'void java.lang.invoke.DirectMethodHandle$Holder.invokeStatic(java.lang.Object, java.lang.Object, java.lang.Object, java.lang.Object)'> (0x00000000835dc970) 
thrown [s\src\hotspot\share\interpreter\linkResolver.cpp, line 771]
Event: 2.077 Thread 0x000002c857e29b60 Exception <a 'java/lang/NoSuchMethodError'{0x00000000831a3c70}: 'void java.lang.invoke.DirectMethodHandle$Holder.invokeStaticInit(java.lang.Object, java.lang.Object)'> (0x00000000831a3c70) 
thrown [s\src\hotspot\share\interpreter\linkResolver.cpp, line 771]
Event: 2.208 Thread 0x000002c857e29b60 Exception <a 'java/lang/NoSuchMethodError'{0x0000000082c25260}: 'void java.lang.invoke.DirectMethodHandle$Holder.invokeVirtual(java.lang.Object, java.lang.Object)'> (0x0000000082c25260) 
thrown [s\src\hotspot\share\interpreter\linkResolver.cpp, line 771]
Event: 2.221 Thread 0x000002c857e29b60 Exception <a 'java/lang/NoSuchMethodError'{0x0000000082ca0e60}: 'int java.lang.invoke.DirectMethodHandle$Holder.invokeVirtual(java.lang.Object, java.lang.Object)'> (0x0000000082ca0e60) 
thrown [s\src\hotspot\share\interpreter\linkResolver.cpp, line 771]
Event: 2.244 Thread 0x000002c857e29b60 Exception <a 'java/lang/NoSuchMethodError'{0x0000000082b3a080}: 'java.lang.Object java.lang.invoke.Invokers$Holder.invokeExact_MT(java.lang.Object, java.lang.Object, java.lang.Object, java.lang.Object, java.lang.Object, java.lang.Object)'> (0x0000000082b3a080) 
thrown [s\src\hotspot\share\interpreter\linkResolver.cpp, line 771]
Event: 2.951 Thread 0x000002c857e29b60 Implicit null exception at 0x000002c8645b7d72 to 0x000002c8645b8348
Event: 3.092 Thread 0x000002c857e29b60 Implicit null exception at 0x000002c8645b9772 to 0x000002c8645b9d58
Event: 3.149 Thread 0x000002c857e29b60 Exception <a 'java/lang/NoSuchMethodError'{0x0000000083687448}: 'java.lang.Object java.lang.invoke.DirectMethodHandle$Holder.invokeVirtual(java.lang.Object, java.lang.Object, java.lang.Object)'> (0x0000000083687448) 
thrown [s\src\hotspot\share\interpreter\linkResolver.cpp, line 771]
Event: 4.152 Thread 0x000002c857e29b60 Exception <a 'java/lang/NoSuchMethodError'{0x00000000842b02b0}: 'java.lang.Object java.lang.invoke.DirectMethodHandle$Holder.newInvokeSpecial(java.lang.Object, java.lang.Object, int)'> (0x00000000842b02b0) 
thrown [s\src\hotspot\share\interpreter\linkResolver.cpp, line 771]
Event: 4.284 Thread 0x000002c857e29b60 Exception <a 'java/lang/NoSuchMethodError'{0x00000000840ebd40}: 'java.lang.Object java.lang.invoke.DirectMethodHandle$Holder.newInvokeSpecial(java.lang.Object, java.lang.Object, java.lang.Object, int)'> (0x00000000840ebd40) 
thrown [s\src\hotspot\share\interpreter\linkResolver.cpp, line 771]
Event: 4.285 Thread 0x000002c857e29b60 Exception <a 'java/lang/NoSuchMethodError'{0x00000000840f03c8}: 'java.lang.Object java.lang.invoke.DirectMethodHandle$Holder.invokeSpecial(java.lang.Object, java.lang.Object, java.lang.Object, java.lang.Object, int)'> (0x00000000840f03c8) 
thrown [s\src\hotspot\share\interpreter\linkResolver.cpp, line 771]
Event: 4.286 Thread 0x000002c857e29b60 Exception <a 'java/lang/NoSuchMethodError'{0x00000000840f4238}: 'java.lang.Object java.lang.invoke.Invokers$Holder.linkToTargetMethod(java.lang.Object, java.lang.Object, int, java.lang.Object)'> (0x00000000840f4238) 
thrown [s\src\hotspot\share\interpreter\linkResolver.cpp, line 771]

VM Operations (20 events):
Event: 5.105 Executing VM operation: HandshakeAllThreads
Event: 5.105 Executing VM operation: HandshakeAllThreads done
Event: 5.125 Executing VM operation: G1CollectForAllocation
Event: 5.138 Executing VM operation: G1CollectForAllocation done
Event: 5.269 Executing VM operation: HandshakeAllThreads
Event: 5.269 Executing VM operation: HandshakeAllThreads done
Event: 5.272 Executing VM operation: HandshakeAllThreads
Event: 5.272 Executing VM operation: HandshakeAllThreads done
Event: 5.292 Executing VM operation: HandshakeAllThreads
Event: 5.292 Executing VM operation: HandshakeAllThreads done
Event: 5.306 Executing VM operation: G1TryInitiateConcMark
Event: 5.319 Executing VM operation: G1TryInitiateConcMark done
Event: 5.379 Executing VM operation: G1Concurrent
Event: 5.384 Executing VM operation: G1Concurrent done
Event: 5.417 Executing VM operation: G1Concurrent
Event: 5.417 Executing VM operation: G1Concurrent done
Event: 5.497 Executing VM operation: G1CollectForAllocation
Event: 5.500 Executing VM operation: G1CollectForAllocation done
Event: 5.507 Executing VM operation: G1CollectForAllocation
Event: 5.510 Executing VM operation: G1CollectForAllocation done

Events (20 events):
Event: 4.699 loading class java/util/stream/ReduceOps$AccumulatingSink done
Event: 4.699 loading class java/util/stream/ReduceOps$Box
Event: 4.699 loading class java/util/stream/ReduceOps$Box done
Event: 4.699 loading class java/util/stream/ReduceOps$3ReducingSink done
Event: 4.699 loading class java/util/stream/ReferencePipeline$2$1
Event: 4.699 loading class java/util/stream/ReferencePipeline$2$1 done
Event: 4.699 loading class java/util/stream/IntPipeline$1$1
Event: 4.699 loading class java/util/stream/Sink$ChainedInt
Event: 4.699 loading class java/util/stream/Sink$OfInt
Event: 4.699 loading class java/util/function/IntConsumer
Event: 4.699 loading class java/util/function/IntConsumer done
Event: 4.699 loading class java/util/stream/Sink$OfInt done
Event: 4.700 loading class java/util/stream/Sink$ChainedInt done
Event: 4.700 loading class java/util/stream/IntPipeline$1$1 done
Event: 4.824 loading class java/text/StringCharacterIterator
Event: 4.824 loading class java/text/CharacterIterator
Event: 4.824 loading class java/text/CharacterIterator done
Event: 4.824 loading class java/text/StringCharacterIterator done
Event: 5.293 loading class java/util/ComparableTimSort
Event: 5.294 loading class java/util/ComparableTimSort done


Dynamic libraries:
0x00007ff67cd10000 - 0x00007ff67cd1a000 	C:\Program Files\Android\Android Studio\jbr\bin\java.exe
0x00007fff08390000 - 0x00007fff08587000 	C:\Windows\SYSTEM32\ntdll.dll
0x00007fff06da0000 - 0x00007fff06e5d000 	C:\Windows\System32\KERNEL32.DLL
0x00007fff05f60000 - 0x00007fff06256000 	C:\Windows\System32\KERNELBASE.dll
0x00007fff05e60000 - 0x00007fff05f60000 	C:\Windows\System32\ucrtbase.dll
0x00007ffefd690000 - 0x00007ffefd6a7000 	C:\Program Files\Android\Android Studio\jbr\bin\jli.dll
0x00007ffef8290000 - 0x00007ffef82ab000 	C:\Program Files\Android\Android Studio\jbr\bin\VCRUNTIME140.dll
0x00007fff06790000 - 0x00007fff0692e000 	C:\Windows\System32\USER32.dll
0x00007ffef5440000 - 0x00007ffef56da000 	C:\Windows\WinSxS\amd64_microsoft.windows.common-controls_6595b64144ccf1df_6.0.19041.3570_none_60bb2a3971f3e41a\COMCTL32.dll
0x00007fff05e30000 - 0x00007fff05e52000 	C:\Windows\System32\win32u.dll
0x00007fff071d0000 - 0x00007fff0726e000 	C:\Windows\System32\msvcrt.dll
0x00007fff08180000 - 0x00007fff081ac000 	C:\Windows\System32\GDI32.dll
0x00007fff062d0000 - 0x00007fff063ea000 	C:\Windows\System32\gdi32full.dll
0x00007fff05aa0000 - 0x00007fff05b3d000 	C:\Windows\System32\msvcp_win.dll
0x00007fff081b0000 - 0x00007fff081e0000 	C:\Windows\System32\IMM32.DLL
0x00007fff00e80000 - 0x00007fff00e8c000 	C:\Program Files\Android\Android Studio\jbr\bin\vcruntime140_1.dll
0x00007ffeee9c0000 - 0x00007ffeeea4d000 	C:\Program Files\Android\Android Studio\jbr\bin\msvcp140.dll
0x00007ffeb1690000 - 0x00007ffeb22fe000 	C:\Program Files\Android\Android Studio\jbr\bin\server\jvm.dll
0x00007fff082a0000 - 0x00007fff0834e000 	C:\Windows\System32\ADVAPI32.dll
0x00007fff07550000 - 0x00007fff075ec000 	C:\Windows\System32\sechost.dll
0x00007fff06660000 - 0x00007fff06786000 	C:\Windows\System32\RPCRT4.dll
0x00007fff010c0000 - 0x00007fff010c9000 	C:\Windows\SYSTEM32\WSOCK32.dll
0x00007ffef8490000 - 0x00007ffef84b7000 	C:\Windows\SYSTEM32\WINMM.dll
0x00007fff07960000 - 0x00007fff079cb000 	C:\Windows\System32\WS2_32.dll
0x00007ffef4cb0000 - 0x00007ffef4cba000 	C:\Windows\SYSTEM32\VERSION.dll
0x00007fff042a0000 - 0x00007fff042b2000 	C:\Windows\SYSTEM32\kernel.appcore.dll
0x00007ffeed880000 - 0x00007ffeed88a000 	C:\Program Files\Android\Android Studio\jbr\bin\jimage.dll
0x00007ffeee7a0000 - 0x00007ffeee984000 	C:\Windows\SYSTEM32\DBGHELP.DLL
0x00007ffeee630000 - 0x00007ffeee664000 	C:\Windows\SYSTEM32\dbgcore.DLL
0x00007fff05da0000 - 0x00007fff05e22000 	C:\Windows\System32\bcryptPrimitives.dll
0x00007ffebc480000 - 0x00007ffebc4a5000 	C:\Program Files\Android\Android Studio\jbr\bin\java.dll
0x00007ffeb5410000 - 0x00007ffeb5428000 	C:\Program Files\Android\Android Studio\jbr\bin\zip.dll
0x00007fff07a30000 - 0x00007fff08174000 	C:\Windows\System32\SHELL32.dll
0x00007fff03560000 - 0x00007fff03cfb000 	C:\Windows\SYSTEM32\windows.storage.dll
0x00007fff06e70000 - 0x00007fff071c4000 	C:\Windows\System32\combase.dll
0x00007fff05440000 - 0x00007fff0546d000 	C:\Windows\SYSTEM32\Wldp.dll
0x00007fff075f0000 - 0x00007fff0769d000 	C:\Windows\System32\SHCORE.dll
0x00007fff08240000 - 0x00007fff08295000 	C:\Windows\System32\shlwapi.dll
0x00007fff059a0000 - 0x00007fff059c5000 	C:\Windows\SYSTEM32\profapi.dll
0x00007ffeb53f0000 - 0x00007ffeb5409000 	C:\Program Files\Android\Android Studio\jbr\bin\net.dll
0x00007ffef9640000 - 0x00007ffef974a000 	C:\Windows\SYSTEM32\WINHTTP.dll
0x00007fff05140000 - 0x00007fff051aa000 	C:\Windows\system32\mswsock.dll
0x00007ffeb53d0000 - 0x00007ffeb53e6000 	C:\Program Files\Android\Android Studio\jbr\bin\nio.dll
0x00007ffede000000 - 0x00007ffede010000 	C:\Program Files\Android\Android Studio\jbr\bin\verify.dll

dbghelp: loaded successfully - version: 4.0.5 - missing functions: none
symbol engine: initialized successfully - sym options: 0x614 - pdb path: .;C:\Program Files\Android\Android Studio\jbr\bin;C:\Windows\SYSTEM32;C:\Windows\WinSxS\amd64_microsoft.windows.common-controls_6595b64144ccf1df_6.0.19041.3570_none_60bb2a3971f3e41a;C:\Program Files\Android\Android Studio\jbr\bin\server

VM Arguments:
java_command: org.jetbrains.kotlin.cli.jvm.K2JVMCompiler @C:\Users\refrizar.dwiardito\AndroidStudioProjects\Catwell\app\build\20231014_16271047057007887243.compiler.options
java_class_path (initial): C:\Users\refrizar.dwiardito\.jdks\openjdk-21\caches\modules-2\files-2.1\org.jetbrains.kotlin\kotlin-compiler-embeddable\1.9.0\2c8c3a7402becca891f12739b3e9fd2dc2adbd7a\kotlin-compiler-embeddable-1.9.0.jar;C:\Users\refrizar.dwiardito\.jdks\openjdk-21\caches\modules-2\files-2.1\org.jetbrains.kotlin\kotlin-stdlib\1.9.0\8ee15ef0c67dc83d874f412d84378d7f0eb50b63\kotlin-stdlib-1.9.0.jar;C:\Users\refrizar.dwiardito\.jdks\openjdk-21\caches\modules-2\files-2.1\org.jetbrains.kotlin\kotlin-script-runtime\1.9.0\4b3102cbbb7e1b58d9d1adf89563f00069ffa7d1\kotlin-script-runtime-1.9.0.jar;C:\Users\refrizar.dwiardito\.jdks\openjdk-21\caches\modules-2\files-2.1\org.jetbrains.kotlin\kotlin-reflect\1.6.10\1cbe9c92c12a94eea200d23c2bbaedaf3daf5132\kotlin-reflect-1.6.10.jar;C:\Users\refrizar.dwiardito\.jdks\openjdk-21\caches\modules-2\files-2.1\org.jetbrains.kotlin\kotlin-daemon-embeddable\1.9.0\186543f5e28cf8d9a0290fecc2cf34301c40a65c\kotlin-daemon-embeddable-1.9.0.jar;C:\Users\refrizar.dwiardito\.jdks\openjdk-21\caches\modules-2\files-2.1\org.jetbrains.intellij.deps\trove4j\1.0.20200330\3afb14d5f9ceb459d724e907a21145e8ff394f02\trove4j-1.0.20200330.jar;C:\Users\refrizar.dwiardito\.jdks\openjdk-21\caches\modules-2\files-2.1\org.jetbrains.kotlin\kotlin-stdlib-common\1.9.0\cd65c21cfd1eec4d44ef09f9f52b6d9f8a720636\kotlin-stdlib-common-1.9.0.jar;C:\Users\refrizar.dwiardito\.jdks\openjdk-21\caches\modules-2\files-2.1\org.jetbrains\annotations\13.0\919f0dfe192fb4e063e7dacadee7f8bb9a2672a9\annotations-13.0.jar
Launcher Type: SUN_STANDARD

[Global flags]
     intx CICompilerCount                          = 3                                         {product} {ergonomic}
     uint ConcGCThreads                            = 1                                         {product} {ergonomic}
     uint G1ConcRefinementThreads                  = 4                                         {product} {ergonomic}
   size_t G1HeapRegionSize                         = 1048576                                   {product} {ergonomic}
    uintx GCDrainStackTargetSize                   = 64                                        {product} {ergonomic}
   size_t InitialHeapSize                          = 134217728                                 {product} {ergonomic}
   size_t MarkStackSize                            = 4194304                                   {product} {ergonomic}
   size_t MaxHeapSize                              = 2120220672                                {product} {ergonomic}
   size_t MaxNewSize                               = 1271922688                                {product} {ergonomic}
   size_t MinHeapDeltaBytes                        = 1048576                                   {product} {ergonomic}
   size_t MinHeapSize                              = 8388608                                   {product} {ergonomic}
    uintx NonNMethodCodeHeapSize                   = 5832780                                {pd product} {ergonomic}
    uintx NonProfiledCodeHeapSize                  = 122912730                              {pd product} {ergonomic}
    uintx ProfiledCodeHeapSize                     = 122912730                              {pd product} {ergonomic}
    uintx ReservedCodeCacheSize                    = 251658240                              {pd product} {ergonomic}
     bool SegmentedCodeCache                       = true                                      {product} {ergonomic}
   size_t SoftMaxHeapSize                          = 2120220672                             {manageable} {ergonomic}
     bool UseCompressedClassPointers               = true                           {product lp64_product} {ergonomic}
     bool UseCompressedOops                        = true                           {product lp64_product} {ergonomic}
     bool UseG1GC                                  = true                                      {product} {ergonomic}
     bool UseLargePagesIndividualAllocation        = false                                  {pd product} {ergonomic}

Logging:
Log output configuration:
 #0: stdout all=warning uptime,level,tags
 #1: stderr all=off uptime,level,tags

Environment Variables:
JAVA_HOME=C:\Users\refrizar.dwiardito\.jdks\openjdk-21
PATH=C:\Program Files\Common Files\Oracle\Java\javapath;C:\Windows\system32;C:\Windows;C:\Windows\System32\Wbem;C:\Windows\System32\WindowsPowerShell\v1.0\;C:\Windows\System32\OpenSSH\;C:\Program Files\mingw-w64\x86_64-8.1.0-posix-seh-rt_v6-rev0\mingw64\bin;C:\Users\refrizar.dwiardito\AppData\Local\Programs\Python\Python310\Scripts;C:\Users\refrizar.dwiardito\.jdks\openjdk-21\bin;C:\Program Files\PuTTY\;C:\Program Files\gradle-8.3\bin;C:\Program Files\Git\cmd;C:\Users\refrizar.dwiardito\AppData\Local\Programs\Python\Python310\Scripts\;C:\Users\refrizar.dwiardito\AppData\Local\Programs\Python\Python310\;C:\Users\refrizar.dwiardito\AppData\Local\Microsoft\WindowsApps;;C:\Users\refrizar.dwiardito\AppData\Local\Programs\Microsoft VS Code\bin
USERNAME=refrizar.dwiardito
OS=Windows_NT
PROCESSOR_IDENTIFIER=Intel64 Family 6 Model 61 Stepping 4, GenuineIntel
TMP=C:\Users\REFRIZ~1.DWI\AppData\Local\Temp
TEMP=C:\Users\REFRIZ~1.DWI\AppData\Local\Temp


JNI global refs:
JNI global refs: 10, weak refs: 29

JNI global refs memory usage: 843, weak refs: 841


---------------  S Y S T E M  ---------------

OS:
 Windows 10 , 64 bit Build 19041 (10.0.19041.3570)
OS uptime: 0 days 6:26 hours

CPU: total 4 (initial active 4) (2 cores per cpu, 2 threads per core) family 6 model 61 stepping 4 microcode 0x2f, cx8, cmov, fxsr, ht, mmx, 3dnowpref, sse, sse2, sse3, ssse3, sse4.1, sse4.2, popcnt, lzcnt, tsc, tscinvbit, avx, avx2, aes, erms, clmul, bmi1, bmi2, adx, fma, vzeroupper, clflush

Memory: 4k page, system-wide physical 8083M (430M free)
TotalPageFile size 8083M (AvailPageFile size 5M)
current process WorkingSet (physical memory assigned to process): 202M, peak: 202M
current process commit charge ("private bytes"): 239M, peak: 240M

vm_info: OpenJDK 64-Bit Server VM (17.0.6+0-b2043.56-10027231) for windows-amd64 JRE (17.0.6+0-b2043.56-10027231), built on Apr 28 2023 00:43:19 by "androidbuild" with MS VC++ 16.10 / 16.11 (VS2019)

END.
