#
# There is insufficient memory for the Java Runtime Environment to continue.
# Native memory allocation (malloc) failed to allocate 2316880 bytes for Chunk::new
# Possible reasons:
#   The system is out of physical RAM or swap space
#   The process is running with CompressedOops enabled, and the Java Heap may be blocking the growth of the native heap
# Possible solutions:
#   Reduce memory load on the system
#   Increase physical memory or swap space
#   Check if swap backing store is full
#   Decrease Java heap size (-Xmx/-Xms)
#   Decrease number of Java threads
#   Decrease Java thread stack sizes (-Xss)
#   Set larger code cache with -XX:ReservedCodeCacheSize=
#   JVM is running with Unscaled Compressed Oops mode in which the Java heap is
#     placed in the first 4GB address space. The Java Heap base address is the
#     maximum limit for the native heap growth. Please use -XX:HeapBaseMinAddress
#     to set the Java Heap base and to place the Java Heap above 4GB virtual address.
# This output file may be truncated or incomplete.
#
#  Out of Memory Error (arena.cpp:189), pid=9196, tid=6464
#
# JRE version: OpenJDK Runtime Environment (17.0.6) (build 17.0.6+0-b2043.56-10027231)
# Java VM: OpenJDK 64-Bit Server VM (17.0.6+0-b2043.56-10027231, mixed mode, tiered, compressed oops, compressed class ptrs, g1 gc, windows-amd64)
# No core dump will be written. Minidumps are not enabled by default on client versions of Windows
#

---------------  S U M M A R Y ------------

Command Line: org.jetbrains.kotlin.cli.jvm.K2JVMCompiler @C:\Users\refrizar.dwiardito\AndroidStudioProjects\Catwell\app\build\20231018_3696257636025175437.compiler.options

Host: Intel(R) Core(TM) i5-5200U CPU @ 2.20GHz, 4 cores, 7G,  Windows 10 , 64 bit Build 19041 (10.0.19041.3570)
Time: Wed Oct 18 17:49:16 2023 SE Asia Standard Time elapsed time: 10.988569 seconds (0d 0h 0m 10s)

---------------  T H R E A D  ---------------

Current thread (0x0000024156bff520):  JavaThread "C2 CompilerThread1" daemon [_thread_in_native, id=6464, stack(0x0000004f1e500000,0x0000004f1e600000)]


Current CompileTask:
C2:  10988 7917       4       org.jetbrains.kotlin.types.TypeSubstitutor::substitute (55 bytes)

Stack: [0x0000004f1e500000,0x0000004f1e600000]
Native frames: (J=compiled Java code, j=interpreted, Vv=VM code, C=native code)
V  [jvm.dll+0x683c9a]
V  [jvm.dll+0x8427a4]
V  [jvm.dll+0x843f9e]
V  [jvm.dll+0x844603]
V  [jvm.dll+0x249b75]
V  [jvm.dll+0xabcac]
V  [jvm.dll+0xac27c]
V  [jvm.dll+0x368857]
V  [jvm.dll+0x332f31]
V  [jvm.dll+0x3323da]
V  [jvm.dll+0x21c201]
V  [jvm.dll+0x21b621]
V  [jvm.dll+0x1a4fdd]
V  [jvm.dll+0x22b098]
V  [jvm.dll+0x229159]
V  [jvm.dll+0x7f81ec]
V  [jvm.dll+0x7f274a]
V  [jvm.dll+0x682ad5]
C  [ucrtbase.dll+0x21bb2]
C  [KERNEL32.DLL+0x17344]
C  [ntdll.dll+0x526b1]


---------------  P R O C E S S  ---------------

Threads class SMR info:
_java_thread_list=0x000002415594c450, length=13, elements={
0x0000024137ab87c0, 0x0000024152edf950, 0x0000024152ee06d0, 0x0000024152f011e0,
0x0000024152f030b0, 0x0000024152f29f20, 0x0000024152f2b7f0, 0x000002415391ad40,
0x000002415391b250, 0x000002415391db60, 0x0000024153a8a7b0, 0x0000024153a99a10,
0x0000024156bff520
}

Java Threads: ( => current thread )
  0x0000024137ab87c0 JavaThread "main" [_thread_in_Java, id=9068, stack(0x0000004f1ce00000,0x0000004f1cf00000)]
  0x0000024152edf950 JavaThread "Reference Handler" daemon [_thread_blocked, id=7184, stack(0x0000004f1d500000,0x0000004f1d600000)]
  0x0000024152ee06d0 JavaThread "Finalizer" daemon [_thread_blocked, id=8940, stack(0x0000004f1d600000,0x0000004f1d700000)]
  0x0000024152f011e0 JavaThread "Signal Dispatcher" daemon [_thread_blocked, id=8352, stack(0x0000004f1d700000,0x0000004f1d800000)]
  0x0000024152f030b0 JavaThread "Attach Listener" daemon [_thread_blocked, id=2372, stack(0x0000004f1d800000,0x0000004f1d900000)]
  0x0000024152f29f20 JavaThread "Service Thread" daemon [_thread_blocked, id=5188, stack(0x0000004f1d900000,0x0000004f1da00000)]
  0x0000024152f2b7f0 JavaThread "Monitor Deflation Thread" daemon [_thread_blocked, id=8432, stack(0x0000004f1da00000,0x0000004f1db00000)]
  0x000002415391ad40 JavaThread "C2 CompilerThread0" daemon [_thread_in_native, id=10108, stack(0x0000004f1db00000,0x0000004f1dc00000)]
  0x000002415391b250 JavaThread "C1 CompilerThread0" daemon [_thread_in_native, id=9508, stack(0x0000004f1dc00000,0x0000004f1dd00000)]
  0x000002415391db60 JavaThread "Sweeper thread" daemon [_thread_blocked, id=7412, stack(0x0000004f1dd00000,0x0000004f1de00000)]
  0x0000024153a8a7b0 JavaThread "Notification Thread" daemon [_thread_blocked, id=1980, stack(0x0000004f1de00000,0x0000004f1df00000)]
  0x0000024153a99a10 JavaThread "Common-Cleaner" daemon [_thread_blocked, id=8044, stack(0x0000004f1e000000,0x0000004f1e100000)]
=>0x0000024156bff520 JavaThread "C2 CompilerThread1" daemon [_thread_in_native, id=6464, stack(0x0000004f1e500000,0x0000004f1e600000)]

Other Threads:
  0x0000024152edbd30 VMThread "VM Thread" [stack: 0x0000004f1d400000,0x0000004f1d500000] [id=612]
  0x0000024153a8b490 WatcherThread [stack: 0x0000004f1df00000,0x0000004f1e000000] [id=6776]
  0x0000024137b16200 GCTaskThread "GC Thread#0" [stack: 0x0000004f1cf00000,0x0000004f1d000000] [id=3844]
  0x0000024153ead260 GCTaskThread "GC Thread#1" [stack: 0x0000004f1e100000,0x0000004f1e200000] [id=8376]
  0x0000024153ead510 GCTaskThread "GC Thread#2" [stack: 0x0000004f1e200000,0x0000004f1e300000] [id=7500]
  0x0000024153eeb7c0 GCTaskThread "GC Thread#3" [stack: 0x0000004f1e300000,0x0000004f1e400000] [id=5060]
  0x0000024137b26d10 ConcurrentGCThread "G1 Main Marker" [stack: 0x0000004f1d000000,0x0000004f1d100000] [id=6928]
  0x0000024137b28de0 ConcurrentGCThread "G1 Conc#0" [stack: 0x0000004f1d100000,0x0000004f1d200000] [id=4548]
  0x0000024137b8de00 ConcurrentGCThread "G1 Refine#0" [stack: 0x0000004f1d200000,0x0000004f1d300000] [id=9176]
  0x000002415586acc0 ConcurrentGCThread "G1 Refine#1" [stack: 0x0000004f1e400000,0x0000004f1e500000] [id=8784]
  0x0000024137b8e730 ConcurrentGCThread "G1 Service" [stack: 0x0000004f1d300000,0x0000004f1d400000] [id=8736]

Threads with active compile tasks:
C2 CompilerThread0    11016 7676       4       org.jetbrains.kotlin.types.TypeSubstitutor::substitute (49 bytes)
C1 CompilerThread0    11016 8183       2       org.jetbrains.kotlin.resolve.calls.tower.KotlinResolutionCallbacksImpl::<init> (272 bytes)
C2 CompilerThread1    11016 7917       4       org.jetbrains.kotlin.types.TypeSubstitutor::substitute (55 bytes)

VM state: not at safepoint (normal execution)

VM Mutex/Monitor currently owned by a thread: None

Heap address: 0x0000000081a00000, size: 2022 MB, Compressed Oops mode: 32-bit

CDS archive(s) not mapped
Compressed class space mapped at: 0x0000000100000000-0x0000000140000000, reserved size: 1073741824
Narrow klass base: 0x0000000000000000, Narrow klass shift: 3, Narrow klass range: 0x140000000

GC Precious Log:
 CPUs: 4 total, 4 available
 Memory: 8083M
 Large Page Support: Disabled
 NUMA Support: Disabled
 Compressed Oops: Enabled (32-bit)
 Heap Region Size: 1M
 Heap Min Capacity: 8M
 Heap Initial Capacity: 128M
 Heap Max Capacity: 2022M
 Pre-touch: Disabled
 Parallel Workers: 4
 Concurrent Workers: 1
 Concurrent Refinement Workers: 4
 Periodic GC: Disabled

Heap:
 garbage-first heap   total 119808K, used 71755K [0x0000000081a00000, 0x0000000100000000)
  region size 1024K, 24 young (24576K), 5 survivors (5120K)
 Metaspace       used 63676K, committed 64000K, reserved 1105920K
  class space    used 7545K, committed 7680K, reserved 1048576K

Heap Regions: E=young(eden), S=young(survivor), O=old, HS=humongous(starts), HC=humongous(continues), CS=collection set, F=free, OA=open archive, CA=closed archive, TAMS=top-at-mark-start (previous, next)
|   0|0x0000000081a00000, 0x0000000081b00000, 0x0000000081b00000|100%|HS|  |TAMS 0x0000000081b00000, 0x0000000081b00000| Complete 
|   1|0x0000000081b00000, 0x0000000081c00000, 0x0000000081c00000|100%|HC|  |TAMS 0x0000000081c00000, 0x0000000081c00000| Complete 
|   2|0x0000000081c00000, 0x0000000081d00000, 0x0000000081d00000|100%|HC|  |TAMS 0x0000000081d00000, 0x0000000081d00000| Complete 
|   3|0x0000000081d00000, 0x0000000081e00000, 0x0000000081e00000|100%|HC|  |TAMS 0x0000000081e00000, 0x0000000081e00000| Complete 
|   4|0x0000000081e00000, 0x0000000081f00000, 0x0000000081f00000|100%| O|  |TAMS 0x0000000081f00000, 0x0000000081f00000| Untracked 
|   5|0x0000000081f00000, 0x0000000082000000, 0x0000000082000000|100%| O|  |TAMS 0x0000000082000000, 0x0000000082000000| Untracked 
|   6|0x0000000082000000, 0x0000000082100000, 0x0000000082100000|100%| O|  |TAMS 0x0000000082000000, 0x0000000082100000| Untracked 
|   7|0x0000000082100000, 0x0000000082200000, 0x0000000082200000|100%| O|  |TAMS 0x0000000082200000, 0x0000000082200000| Untracked 
|   8|0x0000000082200000, 0x0000000082300000, 0x0000000082300000|100%| O|  |TAMS 0x0000000082300000, 0x0000000082300000| Untracked 
|   9|0x0000000082300000, 0x0000000082400000, 0x0000000082400000|100%| O|  |TAMS 0x0000000082400000, 0x0000000082400000| Untracked 
|  10|0x0000000082400000, 0x0000000082500000, 0x0000000082500000|100%| O|  |TAMS 0x0000000082500000, 0x0000000082500000| Untracked 
|  11|0x0000000082500000, 0x0000000082600000, 0x0000000082600000|100%| O|  |TAMS 0x0000000082600000, 0x0000000082600000| Untracked 
|  12|0x0000000082600000, 0x0000000082700000, 0x0000000082700000|100%| O|  |TAMS 0x0000000082700000, 0x0000000082700000| Untracked 
|  13|0x0000000082700000, 0x0000000082800000, 0x0000000082800000|100%| O|  |TAMS 0x0000000082800000, 0x0000000082800000| Untracked 
|  14|0x0000000082800000, 0x0000000082900000, 0x0000000082900000|100%| O|  |TAMS 0x0000000082900000, 0x0000000082900000| Untracked 
|  15|0x0000000082900000, 0x0000000082a00000, 0x0000000082a00000|100%| O|  |TAMS 0x0000000082a00000, 0x0000000082a00000| Untracked 
|  16|0x0000000082a00000, 0x0000000082b00000, 0x0000000082b00000|100%| O|  |TAMS 0x0000000082b00000, 0x0000000082b00000| Untracked 
|  17|0x0000000082b00000, 0x0000000082c00000, 0x0000000082c00000|100%| O|  |TAMS 0x0000000082c00000, 0x0000000082c00000| Untracked 
|  18|0x0000000082c00000, 0x0000000082d00000, 0x0000000082d00000|100%| O|  |TAMS 0x0000000082d00000, 0x0000000082d00000| Untracked 
|  19|0x0000000082d00000, 0x0000000082e00000, 0x0000000082e00000|100%| O|  |TAMS 0x0000000082e00000, 0x0000000082e00000| Untracked 
|  20|0x0000000082e00000, 0x0000000082f00000, 0x0000000082f00000|100%| O|  |TAMS 0x0000000082ed1e00, 0x0000000082f00000| Untracked 
|  21|0x0000000082f00000, 0x0000000083000000, 0x0000000083000000|100%|HS|  |TAMS 0x0000000082f00000, 0x0000000083000000| Complete 
|  22|0x0000000083000000, 0x0000000083100000, 0x0000000083100000|100%|HC|  |TAMS 0x0000000083000000, 0x0000000083100000| Complete 
|  23|0x0000000083100000, 0x0000000083200000, 0x0000000083200000|100%| O|  |TAMS 0x0000000083100000, 0x0000000083200000| Untracked 
|  24|0x0000000083200000, 0x0000000083300000, 0x0000000083300000|100%| O|  |TAMS 0x0000000083200000, 0x0000000083200000| Untracked 
|  25|0x0000000083300000, 0x0000000083400000, 0x0000000083400000|100%| O|  |TAMS 0x0000000083300000, 0x0000000083300000| Untracked 
|  26|0x0000000083400000, 0x0000000083500000, 0x0000000083500000|100%| O|  |TAMS 0x0000000083400000, 0x0000000083400000| Untracked 
|  27|0x0000000083500000, 0x0000000083600000, 0x0000000083600000|100%| O|  |TAMS 0x0000000083500000, 0x0000000083500000| Untracked 
|  28|0x0000000083600000, 0x0000000083700000, 0x0000000083700000|100%| O|  |TAMS 0x0000000083600000, 0x0000000083600000| Untracked 
|  29|0x0000000083700000, 0x0000000083800000, 0x0000000083800000|100%| O|  |TAMS 0x0000000083700000, 0x0000000083700000| Untracked 
|  30|0x0000000083800000, 0x0000000083900000, 0x0000000083900000|100%| O|  |TAMS 0x0000000083800000, 0x0000000083800000| Untracked 
|  31|0x0000000083900000, 0x0000000083a00000, 0x0000000083a00000|100%| O|  |TAMS 0x0000000083900000, 0x0000000083900000| Untracked 
|  32|0x0000000083a00000, 0x0000000083b00000, 0x0000000083b00000|100%| O|  |TAMS 0x0000000083a00000, 0x0000000083a00000| Untracked 
|  33|0x0000000083b00000, 0x0000000083c00000, 0x0000000083c00000|100%| O|  |TAMS 0x0000000083b00000, 0x0000000083b00000| Untracked 
|  34|0x0000000083c00000, 0x0000000083d00000, 0x0000000083d00000|100%| O|  |TAMS 0x0000000083c00000, 0x0000000083c00000| Untracked 
|  35|0x0000000083d00000, 0x0000000083e00000, 0x0000000083e00000|100%| O|  |TAMS 0x0000000083d00000, 0x0000000083d00000| Untracked 
|  36|0x0000000083e00000, 0x0000000083f00000, 0x0000000083f00000|100%| O|  |TAMS 0x0000000083e00000, 0x0000000083e00000| Untracked 
|  37|0x0000000083f00000, 0x0000000084000000, 0x0000000084000000|100%| O|  |TAMS 0x0000000083f00000, 0x0000000083f00000| Untracked 
|  38|0x0000000084000000, 0x0000000084100000, 0x0000000084100000|100%| O|  |TAMS 0x0000000084000000, 0x0000000084000000| Untracked 
|  39|0x0000000084100000, 0x0000000084200000, 0x0000000084200000|100%| O|  |TAMS 0x0000000084100000, 0x0000000084100000| Untracked 
|  40|0x0000000084200000, 0x0000000084300000, 0x0000000084300000|100%| O|  |TAMS 0x0000000084200000, 0x0000000084200000| Untracked 
|  41|0x0000000084300000, 0x0000000084400000, 0x0000000084400000|100%| O|  |TAMS 0x0000000084300000, 0x0000000084300000| Untracked 
|  42|0x0000000084400000, 0x0000000084500000, 0x0000000084500000|100%| O|  |TAMS 0x0000000084400000, 0x0000000084400000| Untracked 
|  43|0x0000000084500000, 0x0000000084600000, 0x0000000084600000|100%| O|  |TAMS 0x0000000084500000, 0x0000000084500000| Untracked 
|  44|0x0000000084600000, 0x0000000084700000, 0x0000000084700000|100%| O|  |TAMS 0x0000000084600000, 0x0000000084600000| Untracked 
|  45|0x0000000084700000, 0x0000000084800000, 0x0000000084800000|100%| O|  |TAMS 0x0000000084700000, 0x0000000084700000| Untracked 
|  46|0x0000000084800000, 0x0000000084900000, 0x0000000084900000|100%| O|  |TAMS 0x0000000084800000, 0x0000000084800000| Untracked 
|  47|0x0000000084900000, 0x0000000084963400, 0x0000000084a00000| 38%| O|  |TAMS 0x0000000084900000, 0x0000000084900000| Untracked 
|  48|0x0000000084a00000, 0x0000000084a00000, 0x0000000084b00000|  0%| F|  |TAMS 0x0000000084a00000, 0x0000000084a00000| Untracked 
|  49|0x0000000084b00000, 0x0000000084b00000, 0x0000000084c00000|  0%| F|  |TAMS 0x0000000084b00000, 0x0000000084b00000| Untracked 
|  50|0x0000000084c00000, 0x0000000084c00000, 0x0000000084d00000|  0%| F|  |TAMS 0x0000000084c00000, 0x0000000084c00000| Untracked 
|  51|0x0000000084d00000, 0x0000000084d00000, 0x0000000084e00000|  0%| F|  |TAMS 0x0000000084d00000, 0x0000000084d00000| Untracked 
|  52|0x0000000084e00000, 0x0000000084e00000, 0x0000000084f00000|  0%| F|  |TAMS 0x0000000084e00000, 0x0000000084e00000| Untracked 
|  53|0x0000000084f00000, 0x0000000084f00000, 0x0000000085000000|  0%| F|  |TAMS 0x0000000084f00000, 0x0000000084f00000| Untracked 
|  54|0x0000000085000000, 0x0000000085000000, 0x0000000085100000|  0%| F|  |TAMS 0x0000000085000000, 0x0000000085000000| Untracked 
|  55|0x0000000085100000, 0x0000000085100000, 0x0000000085200000|  0%| F|  |TAMS 0x0000000085100000, 0x0000000085100000| Untracked 
|  56|0x0000000085200000, 0x0000000085200000, 0x0000000085300000|  0%| F|  |TAMS 0x0000000085200000, 0x0000000085200000| Untracked 
|  57|0x0000000085300000, 0x0000000085300000, 0x0000000085400000|  0%| F|  |TAMS 0x0000000085300000, 0x0000000085300000| Untracked 
|  58|0x0000000085400000, 0x0000000085400000, 0x0000000085500000|  0%| F|  |TAMS 0x0000000085400000, 0x0000000085400000| Untracked 
|  59|0x0000000085500000, 0x0000000085500000, 0x0000000085600000|  0%| F|  |TAMS 0x0000000085500000, 0x0000000085500000| Untracked 
|  60|0x0000000085600000, 0x0000000085600000, 0x0000000085700000|  0%| F|  |TAMS 0x0000000085600000, 0x0000000085600000| Untracked 
|  61|0x0000000085700000, 0x0000000085700000, 0x0000000085800000|  0%| F|  |TAMS 0x0000000085700000, 0x0000000085700000| Untracked 
|  62|0x0000000085800000, 0x0000000085800000, 0x0000000085900000|  0%| F|  |TAMS 0x0000000085800000, 0x0000000085800000| Untracked 
|  63|0x0000000085900000, 0x0000000085900000, 0x0000000085a00000|  0%| F|  |TAMS 0x0000000085900000, 0x0000000085900000| Untracked 
|  64|0x0000000085a00000, 0x0000000085a00000, 0x0000000085b00000|  0%| F|  |TAMS 0x0000000085a00000, 0x0000000085a00000| Untracked 
|  65|0x0000000085b00000, 0x0000000085b00000, 0x0000000085c00000|  0%| F|  |TAMS 0x0000000085b00000, 0x0000000085b00000| Untracked 
|  66|0x0000000085c00000, 0x0000000085c00000, 0x0000000085d00000|  0%| F|  |TAMS 0x0000000085c00000, 0x0000000085c00000| Untracked 
|  67|0x0000000085d00000, 0x0000000085daf950, 0x0000000085e00000| 68%| S|CS|TAMS 0x0000000085d00000, 0x0000000085d00000| Complete 
|  68|0x0000000085e00000, 0x0000000085f00000, 0x0000000085f00000|100%| S|CS|TAMS 0x0000000085e00000, 0x0000000085e00000| Complete 
|  69|0x0000000085f00000, 0x0000000086000000, 0x0000000086000000|100%| S|CS|TAMS 0x0000000085f00000, 0x0000000085f00000| Complete 
|  70|0x0000000086000000, 0x0000000086100000, 0x0000000086100000|100%| S|CS|TAMS 0x0000000086000000, 0x0000000086000000| Complete 
|  71|0x0000000086100000, 0x0000000086200000, 0x0000000086200000|100%| S|CS|TAMS 0x0000000086100000, 0x0000000086100000| Complete 
|  72|0x0000000086200000, 0x0000000086200000, 0x0000000086300000|  0%| F|  |TAMS 0x0000000086200000, 0x0000000086200000| Untracked 
|  73|0x0000000086300000, 0x0000000086300000, 0x0000000086400000|  0%| F|  |TAMS 0x0000000086300000, 0x0000000086300000| Untracked 
|  74|0x0000000086400000, 0x0000000086400000, 0x0000000086500000|  0%| F|  |TAMS 0x0000000086400000, 0x0000000086400000| Untracked 
|  75|0x0000000086500000, 0x0000000086500000, 0x0000000086600000|  0%| F|  |TAMS 0x0000000086500000, 0x0000000086500000| Untracked 
|  76|0x0000000086600000, 0x0000000086600000, 0x0000000086700000|  0%| F|  |TAMS 0x0000000086600000, 0x0000000086600000| Untracked 
|  77|0x0000000086700000, 0x0000000086700000, 0x0000000086800000|  0%| F|  |TAMS 0x0000000086700000, 0x0000000086700000| Untracked 
|  78|0x0000000086800000, 0x0000000086800000, 0x0000000086900000|  0%| F|  |TAMS 0x0000000086800000, 0x0000000086800000| Untracked 
|  79|0x0000000086900000, 0x0000000086900000, 0x0000000086a00000|  0%| F|  |TAMS 0x0000000086900000, 0x0000000086900000| Untracked 
|  80|0x0000000086a00000, 0x0000000086a00000, 0x0000000086b00000|  0%| F|  |TAMS 0x0000000086a00000, 0x0000000086a00000| Untracked 
|  81|0x0000000086b00000, 0x0000000086b00000, 0x0000000086c00000|  0%| F|  |TAMS 0x0000000086b00000, 0x0000000086b00000| Untracked 
|  82|0x0000000086c00000, 0x0000000086c00000, 0x0000000086d00000|  0%| F|  |TAMS 0x0000000086c00000, 0x0000000086c00000| Untracked 
|  83|0x0000000086d00000, 0x0000000086d00000, 0x0000000086e00000|  0%| F|  |TAMS 0x0000000086d00000, 0x0000000086d00000| Untracked 
|  84|0x0000000086e00000, 0x0000000086e00000, 0x0000000086f00000|  0%| F|  |TAMS 0x0000000086e00000, 0x0000000086e00000| Untracked 
|  85|0x0000000086f00000, 0x0000000086f00000, 0x0000000087000000|  0%| F|  |TAMS 0x0000000086f00000, 0x0000000086f00000| Untracked 
|  86|0x0000000087000000, 0x0000000087000000, 0x0000000087100000|  0%| F|  |TAMS 0x0000000087000000, 0x0000000087000000| Untracked 
|  87|0x0000000087100000, 0x0000000087100000, 0x0000000087200000|  0%| F|  |TAMS 0x0000000087100000, 0x0000000087100000| Untracked 
|  88|0x0000000087200000, 0x0000000087200000, 0x0000000087300000|  0%| F|  |TAMS 0x0000000087200000, 0x0000000087200000| Untracked 
|  89|0x0000000087300000, 0x0000000087300000, 0x0000000087400000|  0%| F|  |TAMS 0x0000000087300000, 0x0000000087300000| Untracked 
|  90|0x0000000087400000, 0x0000000087400000, 0x0000000087500000|  0%| F|  |TAMS 0x0000000087400000, 0x0000000087400000| Untracked 
|  91|0x0000000087500000, 0x0000000087500000, 0x0000000087600000|  0%| F|  |TAMS 0x0000000087500000, 0x0000000087500000| Untracked 
|  92|0x0000000087600000, 0x0000000087600000, 0x0000000087700000|  0%| F|  |TAMS 0x0000000087600000, 0x0000000087600000| Untracked 
|  93|0x0000000087700000, 0x0000000087700000, 0x0000000087800000|  0%| F|  |TAMS 0x0000000087700000, 0x0000000087700000| Untracked 
|  94|0x0000000087800000, 0x0000000087800000, 0x0000000087900000|  0%| F|  |TAMS 0x0000000087800000, 0x0000000087800000| Untracked 
|  95|0x0000000087900000, 0x0000000087900000, 0x0000000087a00000|  0%| F|  |TAMS 0x0000000087900000, 0x0000000087900000| Untracked 
|  96|0x0000000087a00000, 0x0000000087a00000, 0x0000000087b00000|  0%| F|  |TAMS 0x0000000087a00000, 0x0000000087a00000| Untracked 
|  97|0x0000000087b00000, 0x0000000087b00000, 0x0000000087c00000|  0%| F|  |TAMS 0x0000000087b00000, 0x0000000087b00000| Untracked 
|  98|0x0000000087c00000, 0x0000000087d00000, 0x0000000087d00000|100%| E|  |TAMS 0x0000000087c00000, 0x0000000087c00000| Complete 
|  99|0x0000000087d00000, 0x0000000087e00000, 0x0000000087e00000|100%| E|CS|TAMS 0x0000000087d00000, 0x0000000087d00000| Complete 
| 100|0x0000000087e00000, 0x0000000087f00000, 0x0000000087f00000|100%| E|CS|TAMS 0x0000000087e00000, 0x0000000087e00000| Complete 
| 101|0x0000000087f00000, 0x0000000088000000, 0x0000000088000000|100%| E|CS|TAMS 0x0000000087f00000, 0x0000000087f00000| Complete 
| 102|0x0000000088000000, 0x0000000088100000, 0x0000000088100000|100%| E|CS|TAMS 0x0000000088000000, 0x0000000088000000| Complete 
| 103|0x0000000088100000, 0x0000000088200000, 0x0000000088200000|100%| E|CS|TAMS 0x0000000088100000, 0x0000000088100000| Complete 
| 104|0x0000000088200000, 0x0000000088300000, 0x0000000088300000|100%| E|CS|TAMS 0x0000000088200000, 0x0000000088200000| Complete 
| 105|0x0000000088300000, 0x0000000088400000, 0x0000000088400000|100%| E|CS|TAMS 0x0000000088300000, 0x0000000088300000| Complete 
| 106|0x0000000088400000, 0x0000000088500000, 0x0000000088500000|100%| E|CS|TAMS 0x0000000088400000, 0x0000000088400000| Complete 
| 107|0x0000000088500000, 0x0000000088600000, 0x0000000088600000|100%| E|CS|TAMS 0x0000000088500000, 0x0000000088500000| Complete 
| 108|0x0000000088600000, 0x0000000088700000, 0x0000000088700000|100%| E|CS|TAMS 0x0000000088600000, 0x0000000088600000| Complete 
| 109|0x0000000088700000, 0x0000000088800000, 0x0000000088800000|100%| E|CS|TAMS 0x0000000088700000, 0x0000000088700000| Complete 
| 110|0x0000000088800000, 0x0000000088900000, 0x0000000088900000|100%| E|CS|TAMS 0x0000000088800000, 0x0000000088800000| Complete 
| 111|0x0000000088900000, 0x0000000088a00000, 0x0000000088a00000|100%| E|CS|TAMS 0x0000000088900000, 0x0000000088900000| Complete 
| 112|0x0000000088a00000, 0x0000000088b00000, 0x0000000088b00000|100%| E|CS|TAMS 0x0000000088a00000, 0x0000000088a00000| Complete 
| 113|0x0000000088b00000, 0x0000000088c00000, 0x0000000088c00000|100%| E|CS|TAMS 0x0000000088b00000, 0x0000000088b00000| Complete 
| 114|0x0000000088c00000, 0x0000000088d00000, 0x0000000088d00000|100%| E|CS|TAMS 0x0000000088c00000, 0x0000000088c00000| Complete 
| 115|0x0000000088d00000, 0x0000000088e00000, 0x0000000088e00000|100%| E|CS|TAMS 0x0000000088d00000, 0x0000000088d00000| Complete 
| 127|0x0000000089900000, 0x0000000089a00000, 0x0000000089a00000|100%| E|CS|TAMS 0x0000000089900000, 0x0000000089900000| Complete 

Card table byte_map: [0x000002414c1b0000,0x000002414c5b0000] _byte_map_base: 0x000002414bda3000

Marking Bits (Prev, Next): (CMBitMap*) 0x0000024137b16760, (CMBitMap*) 0x0000024137b16720
 Prev Bits: [0x000002414e950000, 0x00000241508e8000)
 Next Bits: [0x000002414c9b0000, 0x000002414e948000)

Polling page: 0x0000024137920000

Metaspace:

Usage:
  Non-class:     54.82 MB used.
      Class:      7.37 MB used.
       Both:     62.19 MB used.

Virtual space:
  Non-class space:       56.00 MB reserved,      55.00 MB ( 98%) committed,  7 nodes.
      Class space:        1.00 GB reserved,       7.50 MB ( <1%) committed,  1 nodes.
             Both:        1.05 GB reserved,      62.50 MB (  6%) committed. 

Chunk freelists:
   Non-Class:  736.00 KB
       Class:  496.00 KB
        Both:  1.20 MB

MaxMetaspaceSize: unlimited
CompressedClassSpaceSize: 1.00 GB
Initial GC threshold: 21.00 MB
Current GC threshold: 73.25 MB
CDS: off
MetaspaceReclaimPolicy: balanced
 - commit_granule_bytes: 65536.
 - commit_granule_words: 8192.
 - virtual_space_node_default_size: 1048576.
 - enlarge_chunks_in_place: 1.
 - new_chunks_are_fully_committed: 0.
 - uncommit_free_chunks: 1.
 - use_allocation_guard: 0.
 - handle_deallocations: 1.


Internal statistics:

num_allocs_failed_limit: 9.
num_arena_births: 292.
num_arena_deaths: 0.
num_vsnodes_births: 8.
num_vsnodes_deaths: 0.
num_space_committed: 998.
num_space_uncommitted: 0.
num_chunks_returned_to_freelist: 9.
num_chunks_taken_from_freelist: 2269.
num_chunk_merges: 9.
num_chunk_splits: 1853.
num_chunks_enlarged: 1641.
num_purges: 0.
num_inconsistent_stats: 0.

CodeHeap 'non-profiled nmethods': size=120000Kb used=3125Kb max_used=3125Kb free=116874Kb
 bounds [0x0000024144260000, 0x0000024144570000, 0x000002414b790000]
CodeHeap 'profiled nmethods': size=120000Kb used=16221Kb max_used=16221Kb free=103778Kb
 bounds [0x000002413c790000, 0x000002413d770000, 0x0000024143cc0000]
CodeHeap 'non-nmethods': size=5760Kb used=1292Kb max_used=1354Kb free=4467Kb
 bounds [0x0000024143cc0000, 0x0000024143f30000, 0x0000024144260000]
 total_blobs=7791 nmethods=7185 adapters=517
 compilation: enabled
              stopped_count=0, restarted_count=0
 full_count=0

Compilation events (20 events):
Event: 10.973 Thread 0x000002415391b250 8155       2       org.jetbrains.kotlin.resolve.calls.inference.model.NewConstraintSystemImpl::typeSubstitutorByTypeConstructor (18 bytes)
Event: 10.973 Thread 0x000002415391b250 nmethod 8155 0x000002413d750a10 code [0x000002413d750c00, 0x000002413d750ec8]
Event: 10.973 Thread 0x000002415391b250 8156   !   2       org.jetbrains.kotlin.com.intellij.util.containers.RefHashMap::get (45 bytes)
Event: 10.974 Thread 0x000002415391b250 nmethod 8156 0x000002413d751090 code [0x000002413d751260, 0x000002413d751568]
Event: 10.974 Thread 0x000002415391b250 8159       2       org.jetbrains.kotlin.load.java.structure.impl.classFiles.BinaryJavaClass::getFields (8 bytes)
Event: 10.974 Thread 0x000002415391b250 nmethod 8159 0x000002413d751810 code [0x000002413d7519a0, 0x000002413d751ab8]
Event: 10.974 Thread 0x000002415391b250 8157       2       org.jetbrains.kotlin.it.unimi.dsi.fastutil.objects.Object2ObjectOpenHashMap::get (116 bytes)
Event: 10.975 Thread 0x000002415391b250 nmethod 8157 0x000002413d751b90 code [0x000002413d751da0, 0x000002413d7521e8]
Event: 10.975 Thread 0x000002415391b250 8158       2       org.jetbrains.kotlin.load.java.structure.impl.classFiles.BinaryJavaField::getAnnotationsByFqName (15 bytes)
Event: 10.975 Thread 0x000002415391b250 nmethod 8158 0x000002413d752490 code [0x000002413d752640, 0x000002413d7527c8]
Event: 10.978 Thread 0x000002415391b250 8160       2       org.jetbrains.kotlin.load.java.lazy.descriptors.LazyJavaClassDescriptor$scopeHolder$1::invoke (9 bytes)
Event: 10.978 Thread 0x000002415391b250 nmethod 8160 0x000002413d752890 code [0x000002413d752a20, 0x000002413d752b68]
Event: 10.978 Thread 0x000002415391b250 8161       2       org.jetbrains.kotlin.load.java.lazy.descriptors.LazyJavaClassDescriptor$scopeHolder$1::invoke (57 bytes)
Event: 10.979 Thread 0x000002415391b250 nmethod 8161 0x000002413d752c10 code [0x000002413d752e00, 0x000002413d753168]
Event: 10.980 Thread 0x000002415391b250 8162       2       org.jetbrains.kotlin.types.checker.ClassicTypeSystemContext$DefaultImpls::isRawType (72 bytes)
Event: 10.981 Thread 0x000002415391b250 nmethod 8162 0x000002413d753390 code [0x000002413d753620, 0x000002413d753c98]
Event: 10.981 Thread 0x000002415391b250 8163       2       kotlin.collections.CollectionsKt___CollectionsKt::filter (94 bytes)
Event: 10.982 Thread 0x000002415391b250 nmethod 8163 0x000002413d754090 code [0x000002413d754320, 0x000002413d754b48]
Event: 10.984 Thread 0x000002415391b250 8164       2       org.jetbrains.kotlin.resolve.calls.tower.KotlinResolutionStatelessCallbacksImpl::isSuperExpression (20 bytes)
Event: 10.985 Thread 0x000002415391b250 nmethod 8164 0x000002413d755090 code [0x000002413d755240, 0x000002413d755408]

GC Heap History (20 events):
Event: 3.711 GC heap before
{Heap before GC invocations=10 (full 0):
 garbage-first heap   total 54272K, used 21339K [0x0000000081a00000, 0x0000000100000000)
  region size 1024K, 4 young (4096K), 3 survivors (3072K)
 Metaspace       used 39751K, committed 40000K, reserved 1089536K
  class space    used 4868K, committed 4992K, reserved 1048576K
}
Event: 3.718 GC heap after
{Heap after GC invocations=11 (full 0):
 garbage-first heap   total 54272K, used 20853K [0x0000000081a00000, 0x0000000100000000)
  region size 1024K, 1 young (1024K), 1 survivors (1024K)
 Metaspace       used 39751K, committed 40000K, reserved 1089536K
  class space    used 4868K, committed 4992K, reserved 1048576K
}
Event: 4.346 GC heap before
{Heap before GC invocations=11 (full 0):
 garbage-first heap   total 54272K, used 39285K [0x0000000081a00000, 0x0000000100000000)
  region size 1024K, 19 young (19456K), 1 survivors (1024K)
 Metaspace       used 44647K, committed 44864K, reserved 1089536K
  class space    used 5449K, committed 5568K, reserved 1048576K
}
Event: 4.356 GC heap after
{Heap after GC invocations=12 (full 0):
 garbage-first heap   total 54272K, used 22538K [0x0000000081a00000, 0x0000000100000000)
  region size 1024K, 3 young (3072K), 3 survivors (3072K)
 Metaspace       used 44647K, committed 44864K, reserved 1089536K
  class space    used 5449K, committed 5568K, reserved 1048576K
}
Event: 4.942 GC heap before
{Heap before GC invocations=13 (full 0):
 garbage-first heap   total 54272K, used 41994K [0x0000000081a00000, 0x0000000100000000)
  region size 1024K, 20 young (20480K), 3 survivors (3072K)
 Metaspace       used 47438K, committed 47680K, reserved 1097728K
  class space    used 5768K, committed 5888K, reserved 1048576K
}
Event: 4.952 GC heap after
{Heap after GC invocations=14 (full 0):
 garbage-first heap   total 54272K, used 27648K [0x0000000081a00000, 0x0000000100000000)
  region size 1024K, 3 young (3072K), 3 survivors (3072K)
 Metaspace       used 47438K, committed 47680K, reserved 1097728K
  class space    used 5768K, committed 5888K, reserved 1048576K
}
Event: 5.207 GC heap before
{Heap before GC invocations=14 (full 0):
 garbage-first heap   total 54272K, used 32768K [0x0000000081a00000, 0x0000000100000000)
  region size 1024K, 10 young (10240K), 3 survivors (3072K)
 Metaspace       used 49433K, committed 49664K, reserved 1097728K
  class space    used 6016K, committed 6144K, reserved 1048576K
}
Event: 5.215 GC heap after
{Heap after GC invocations=15 (full 0):
 garbage-first heap   total 96256K, used 28611K [0x0000000081a00000, 0x0000000100000000)
  region size 1024K, 1 young (1024K), 1 survivors (1024K)
 Metaspace       used 49433K, committed 49664K, reserved 1097728K
  class space    used 6016K, committed 6144K, reserved 1048576K
}
Event: 6.020 GC heap before
{Heap before GC invocations=15 (full 0):
 garbage-first heap   total 96256K, used 69571K [0x0000000081a00000, 0x0000000100000000)
  region size 1024K, 40 young (40960K), 1 survivors (1024K)
 Metaspace       used 52384K, committed 52608K, reserved 1097728K
  class space    used 6307K, committed 6400K, reserved 1048576K
}
Event: 6.034 GC heap after
{Heap after GC invocations=16 (full 0):
 garbage-first heap   total 96256K, used 31744K [0x0000000081a00000, 0x0000000100000000)
  region size 1024K, 4 young (4096K), 4 survivors (4096K)
 Metaspace       used 52384K, committed 52608K, reserved 1097728K
  class space    used 6307K, committed 6400K, reserved 1048576K
}
Event: 7.352 GC heap before
{Heap before GC invocations=16 (full 0):
 garbage-first heap   total 96256K, used 71680K [0x0000000081a00000, 0x0000000100000000)
  region size 1024K, 43 young (44032K), 4 survivors (4096K)
 Metaspace       used 54463K, committed 54720K, reserved 1097728K
  class space    used 6433K, committed 6528K, reserved 1048576K
}
Event: 7.382 GC heap after
{Heap after GC invocations=17 (full 0):
 garbage-first heap   total 96256K, used 38740K [0x0000000081a00000, 0x0000000100000000)
  region size 1024K, 6 young (6144K), 6 survivors (6144K)
 Metaspace       used 54463K, committed 54720K, reserved 1097728K
  class space    used 6433K, committed 6528K, reserved 1048576K
}
Event: 8.178 GC heap before
{Heap before GC invocations=17 (full 0):
 garbage-first heap   total 96256K, used 72532K [0x0000000081a00000, 0x0000000100000000)
  region size 1024K, 39 young (39936K), 6 survivors (6144K)
 Metaspace       used 54884K, committed 55104K, reserved 1097728K
  class space    used 6447K, committed 6528K, reserved 1048576K
}
Event: 8.214 GC heap after
{Heap after GC invocations=18 (full 0):
 garbage-first heap   total 96256K, used 45056K [0x0000000081a00000, 0x0000000100000000)
  region size 1024K, 5 young (5120K), 5 survivors (5120K)
 Metaspace       used 54884K, committed 55104K, reserved 1097728K
  class space    used 6447K, committed 6528K, reserved 1048576K
}
Event: 8.482 GC heap before
{Heap before GC invocations=18 (full 0):
 garbage-first heap   total 96256K, used 73728K [0x0000000081a00000, 0x0000000100000000)
  region size 1024K, 33 young (33792K), 5 survivors (5120K)
 Metaspace       used 55132K, committed 55360K, reserved 1097728K
  class space    used 6468K, committed 6592K, reserved 1048576K
}
Event: 8.504 GC heap after
{Heap after GC invocations=19 (full 0):
 garbage-first heap   total 119808K, used 49152K [0x0000000081a00000, 0x0000000100000000)
  region size 1024K, 4 young (4096K), 4 survivors (4096K)
 Metaspace       used 55132K, committed 55360K, reserved 1097728K
  class space    used 6468K, committed 6592K, reserved 1048576K
}
Event: 8.709 GC heap before
{Heap before GC invocations=19 (full 0):
 garbage-first heap   total 119808K, used 89088K [0x0000000081a00000, 0x0000000100000000)
  region size 1024K, 43 young (44032K), 4 survivors (4096K)
 Metaspace       used 55943K, committed 56128K, reserved 1105920K
  class space    used 6580K, committed 6656K, reserved 1048576K
}
Event: 8.719 GC heap after
{Heap after GC invocations=20 (full 0):
 garbage-first heap   total 119808K, used 49328K [0x0000000081a00000, 0x0000000100000000)
  region size 1024K, 4 young (4096K), 4 survivors (4096K)
 Metaspace       used 55943K, committed 56128K, reserved 1105920K
  class space    used 6580K, committed 6656K, reserved 1048576K
}
Event: 10.109 GC heap before
{Heap before GC invocations=20 (full 0):
 garbage-first heap   total 119808K, used 91312K [0x0000000081a00000, 0x0000000100000000)
  region size 1024K, 45 young (46080K), 4 survivors (4096K)
 Metaspace       used 61525K, committed 61760K, reserved 1105920K
  class space    used 7343K, committed 7424K, reserved 1048576K
}
Event: 10.130 GC heap after
{Heap after GC invocations=21 (full 0):
 garbage-first heap   total 119808K, used 53323K [0x0000000081a00000, 0x0000000100000000)
  region size 1024K, 5 young (5120K), 5 survivors (5120K)
 Metaspace       used 61525K, committed 61760K, reserved 1105920K
  class space    used 7343K, committed 7424K, reserved 1048576K
}

Dll operation events (2 events):
Event: 0.009 Loaded shared library C:\Program Files\Android\Android Studio\jbr\bin\java.dll
Event: 2.072 Loaded shared library C:\Program Files\Android\Android Studio\jbr\bin\verify.dll

Deoptimization events (20 events):
Event: 10.597 Thread 0x0000024137ab87c0 DEOPT PACKING pc=0x000002414451ff14 sp=0x0000004f1cefa6e0
Event: 10.597 Thread 0x0000024137ab87c0 DEOPT UNPACKING pc=0x0000024143d169a3 sp=0x0000004f1cefa668 mode 2
Event: 10.597 Thread 0x0000024137ab87c0 Uncommon trap: trap_request=0xffffffc6 fr.pc=0x000002414451ff14 relative=0x0000000000000074
Event: 10.597 Thread 0x0000024137ab87c0 Uncommon trap: reason=bimorphic_or_optimized_type_check action=maybe_recompile pc=0x000002414451ff14 method=java.util.Collections$UnmodifiableCollection.size()I @ 4 c2
Event: 10.597 Thread 0x0000024137ab87c0 DEOPT PACKING pc=0x000002414451ff14 sp=0x0000004f1cefa6e0
Event: 10.597 Thread 0x0000024137ab87c0 DEOPT UNPACKING pc=0x0000024143d169a3 sp=0x0000004f1cefa668 mode 2
Event: 10.597 Thread 0x0000024137ab87c0 Uncommon trap: trap_request=0xffffffc6 fr.pc=0x000002414451ff14 relative=0x0000000000000074
Event: 10.597 Thread 0x0000024137ab87c0 Uncommon trap: reason=bimorphic_or_optimized_type_check action=maybe_recompile pc=0x000002414451ff14 method=java.util.Collections$UnmodifiableCollection.size()I @ 4 c2
Event: 10.597 Thread 0x0000024137ab87c0 DEOPT PACKING pc=0x000002414451ff14 sp=0x0000004f1cefa270
Event: 10.597 Thread 0x0000024137ab87c0 DEOPT UNPACKING pc=0x0000024143d169a3 sp=0x0000004f1cefa1f8 mode 2
Event: 10.597 Thread 0x0000024137ab87c0 Uncommon trap: trap_request=0xffffffc6 fr.pc=0x000002414451ff14 relative=0x0000000000000074
Event: 10.597 Thread 0x0000024137ab87c0 Uncommon trap: reason=bimorphic_or_optimized_type_check action=maybe_recompile pc=0x000002414451ff14 method=java.util.Collections$UnmodifiableCollection.size()I @ 4 c2
Event: 10.597 Thread 0x0000024137ab87c0 DEOPT PACKING pc=0x000002414451ff14 sp=0x0000004f1cefa270
Event: 10.597 Thread 0x0000024137ab87c0 DEOPT UNPACKING pc=0x0000024143d169a3 sp=0x0000004f1cefa1f8 mode 2
Event: 10.787 Thread 0x0000024137ab87c0 Uncommon trap: trap_request=0xffffff45 fr.pc=0x00000241445056f4 relative=0x0000000000000074
Event: 10.787 Thread 0x0000024137ab87c0 Uncommon trap: reason=unstable_if action=reinterpret pc=0x00000241445056f4 method=org.jetbrains.kotlin.descriptors.impl.FunctionDescriptorImpl.performOverriddenLazyCalculationIfNeeded()V @ 6 c2
Event: 10.787 Thread 0x0000024137ab87c0 DEOPT PACKING pc=0x00000241445056f4 sp=0x0000004f1cef56a0
Event: 10.787 Thread 0x0000024137ab87c0 DEOPT UNPACKING pc=0x0000024143d169a3 sp=0x0000004f1cef55d8 mode 2
Event: 10.802 Thread 0x0000024137ab87c0 DEOPT PACKING pc=0x000002413cedb24d sp=0x0000004f1cef6cf0
Event: 10.802 Thread 0x0000024137ab87c0 DEOPT UNPACKING pc=0x0000024143d17143 sp=0x0000004f1cef6180 mode 0

Classes unloaded (0 events):
No events

Classes redefined (0 events):
No events

Internal exceptions (20 events):
Event: 6.616 Thread 0x0000024137ab87c0 Exception <a 'java/lang/NoSuchMethodError'{0x00000000863fa860}: 'java.lang.Object java.lang.invoke.DirectMethodHandle$Holder.invokeStaticInit(java.lang.Object, java.lang.Object, java.lang.Object)'> (0x00000000863fa860) 
thrown [s\src\hotspot\share\interpreter\linkResolver.cpp, line 771]
Event: 6.626 Thread 0x0000024137ab87c0 Exception <a 'java/lang/NoSuchMethodError'{0x0000000086241a58}: 'java.lang.Object java.lang.invoke.DirectMethodHandle$Holder.newInvokeSpecial(java.lang.Object, int, java.lang.Object)'> (0x0000000086241a58) 
thrown [s\src\hotspot\share\interpreter\linkResolver.cpp, line 771]
Event: 6.627 Thread 0x0000024137ab87c0 Exception <a 'java/lang/NoSuchMethodError'{0x0000000086247f20}: 'int java.lang.invoke.DirectMethodHandle$Holder.invokeInterface(java.lang.Object, java.lang.Object)'> (0x0000000086247f20) 
thrown [s\src\hotspot\share\interpreter\linkResolver.cpp, line 771]
Event: 7.728 Thread 0x0000024137ab87c0 Implicit null exception at 0x00000241444beb6a to 0x00000241444bed18
Event: 7.728 Thread 0x0000024137ab87c0 Implicit null exception at 0x0000024144301d8f to 0x0000024144301e05
Event: 8.669 Thread 0x0000024137ab87c0 Implicit null exception at 0x00000241444a8d2d to 0x00000241444a90e4
Event: 8.675 Thread 0x0000024137ab87c0 Implicit null exception at 0x00000241444d0aea to 0x00000241444d0cb0
Event: 8.734 Thread 0x0000024137ab87c0 Implicit null exception at 0x000002414437de4c to 0x000002414437df28
Event: 9.159 Thread 0x0000024137ab87c0 Exception <a 'java/lang/NoSuchMethodError'{0x0000000087899608}: 'java.lang.Object java.lang.invoke.DirectMethodHandle$Holder.invokeStatic(java.lang.Object, java.lang.Object, java.lang.Object, java.lang.Object, int)'> (0x0000000087899608) 
thrown [s\src\hotspot\share\interpreter\linkResolver.cpp, line 771]
Event: 9.160 Thread 0x0000024137ab87c0 Exception <a 'java/lang/NoSuchMethodError'{0x00000000878a32f0}: 'java.lang.Object java.lang.invoke.DirectMethodHandle$Holder.newInvokeSpecial(java.lang.Object, java.lang.Object, java.lang.Object, java.lang.Object, int)'> (0x00000000878a32f0) 
thrown [s\src\hotspot\share\interpreter\linkResolver.cpp, line 771]
Event: 9.161 Thread 0x0000024137ab87c0 Exception <a 'java/lang/NoSuchMethodError'{0x00000000878ab3c0}: 'java.lang.Object java.lang.invoke.Invokers$Holder.linkToTargetMethod(java.lang.Object, java.lang.Object, java.lang.Object, int, java.lang.Object)'> (0x00000000878ab3c0) 
thrown [s\src\hotspot\share\interpreter\linkResolver.cpp, line 771]
Event: 9.242 Thread 0x0000024137ab87c0 Exception <a 'java/lang/NoSuchMethodError'{0x0000000087654d18}: 'void java.lang.invoke.DirectMethodHandle$Holder.invokeInterface(java.lang.Object, java.lang.Object)'> (0x0000000087654d18) 
thrown [s\src\hotspot\share\interpreter\linkResolver.cpp, line 771]
Event: 9.358 Thread 0x0000024137ab87c0 Exception <a 'java/lang/IncompatibleClassChangeError'{0x00000000875afee8}: Found class java.lang.Object, but interface was expected> (0x00000000875afee8) 
thrown [s\src\hotspot\share\interpreter\linkResolver.cpp, line 838]
Event: 9.616 Thread 0x0000024137ab87c0 Exception <a 'java/lang/NoSuchMethodError'{0x0000000086f9a9a0}: 'int java.lang.invoke.DirectMethodHandle$Holder.invokeStaticInit(java.lang.Object, int)'> (0x0000000086f9a9a0) 
thrown [s\src\hotspot\share\interpreter\linkResolver.cpp, line 771]
Event: 10.000 Thread 0x0000024137ab87c0 Exception <a 'java/lang/NoSuchMethodError'{0x00000000869f2080}: 'java.lang.Object java.lang.invoke.DirectMethodHandle$Holder.invokeStatic(java.lang.Object, int, java.lang.Object)'> (0x00000000869f2080) 
thrown [s\src\hotspot\share\interpreter\linkResolver.cpp, line 771]
Event: 10.014 Thread 0x0000024137ab87c0 Exception <a 'java/lang/NoSuchMethodError'{0x0000000086832d50}: 'java.lang.Object java.lang.invoke.DirectMethodHandle$Holder.newInvokeSpecial(java.lang.Object, java.lang.Object, java.lang.Object, java.lang.Object, java.lang.Object, java.lang.Object, java.lang.Object)'> (0x0000000086832d50) 
thrown [s\src\hotspot\share\interpreter\linkResolver.cpp, line 771]
Event: 10.014 Thread 0x0000024137ab87c0 Exception <a 'java/lang/NoSuchMethodError'{0x0000000086837908}: 'java.lang.Object java.lang.invoke.Invokers$Holder.linkToTargetMethod(java.lang.Object, java.lang.Object, java.lang.Object, java.lang.Object, java.lang.Object, java.lang.Object, java.lang.Object)'> (0x0000000086837908) 
thrown [s\src\hotspot\share\interpreter\linkResolver.cpp, line 771]
Event: 10.051 Thread 0x0000024137ab87c0 Exception <a 'java/lang/NoSuchMethodError'{0x00000000868b2200}: 'java.lang.Object java.lang.invoke.DirectMethodHandle$Holder.invokeInterface(java.lang.Object, java.lang.Object, java.lang.Object)'> (0x00000000868b2200) 
thrown [s\src\hotspot\share\interpreter\linkResolver.cpp, line 771]
Event: 10.051 Thread 0x0000024137ab87c0 Exception <a 'java/lang/IncompatibleClassChangeError'{0x00000000868b5b70}: Found class java.lang.Object, but interface was expected> (0x00000000868b5b70) 
thrown [s\src\hotspot\share\interpreter\linkResolver.cpp, line 838]
Event: 10.205 Thread 0x0000024137ab87c0 Implicit null exception at 0x00000241442c1358 to 0x00000241442c13ea

VM Operations (20 events):
Event: 10.515 Executing VM operation: HandshakeAllThreads
Event: 10.515 Executing VM operation: HandshakeAllThreads done
Event: 10.516 Executing VM operation: HandshakeAllThreads
Event: 10.516 Executing VM operation: HandshakeAllThreads done
Event: 10.518 Executing VM operation: HandshakeAllThreads
Event: 10.519 Executing VM operation: HandshakeAllThreads done
Event: 10.520 Executing VM operation: HandshakeAllThreads
Event: 10.521 Executing VM operation: HandshakeAllThreads done
Event: 10.529 Executing VM operation: HandshakeAllThreads
Event: 10.529 Executing VM operation: HandshakeAllThreads done
Event: 10.532 Executing VM operation: HandshakeAllThreads
Event: 10.532 Executing VM operation: HandshakeAllThreads done
Event: 10.633 Executing VM operation: HandshakeAllThreads
Event: 10.633 Executing VM operation: HandshakeAllThreads done
Event: 10.753 Executing VM operation: ICBufferFull
Event: 10.753 Executing VM operation: ICBufferFull done
Event: 10.778 Executing VM operation: HandshakeAllThreads
Event: 10.778 Executing VM operation: HandshakeAllThreads done
Event: 10.944 Executing VM operation: ICBufferFull
Event: 10.944 Executing VM operation: ICBufferFull done

Events (20 events):
Event: 9.248 loading class java/util/stream/Node$OfPrimitive
Event: 9.248 loading class java/util/stream/Node$OfPrimitive done
Event: 9.248 loading class java/util/stream/Node$OfInt done
Event: 9.248 loading class java/util/stream/Nodes$EmptyNode$OfInt done
Event: 9.248 loading class java/util/stream/Nodes$EmptyNode$OfLong
Event: 9.248 loading class java/util/stream/Node$OfLong
Event: 9.249 loading class java/util/stream/Node$OfLong done
Event: 9.249 loading class java/util/stream/Nodes$EmptyNode$OfLong done
Event: 9.249 loading class java/util/stream/Nodes$EmptyNode$OfDouble
Event: 9.249 loading class java/util/stream/Node$OfDouble
Event: 9.249 loading class java/util/stream/Node$OfDouble done
Event: 9.249 loading class java/util/stream/Nodes$EmptyNode$OfDouble done
Event: 9.249 loading class java/util/stream/Nodes$SpinedNodeBuilder
Event: 9.250 loading class java/util/stream/Node$Builder
Event: 9.250 loading class java/util/stream/Node$Builder done
Event: 9.250 loading class java/util/stream/SpinedBuffer
Event: 9.250 loading class java/util/stream/AbstractSpinedBuffer
Event: 9.250 loading class java/util/stream/AbstractSpinedBuffer done
Event: 9.250 loading class java/util/stream/SpinedBuffer done
Event: 9.250 loading class java/util/stream/Nodes$SpinedNodeBuilder done


Dynamic libraries:
0x00007ff7cda20000 - 0x00007ff7cda2a000 	C:\Program Files\Android\Android Studio\jbr\bin\java.exe
0x00007ff97b3b0000 - 0x00007ff97b5a7000 	C:\Windows\SYSTEM32\ntdll.dll
0x00007ff97a8d0000 - 0x00007ff97a98d000 	C:\Windows\System32\KERNEL32.DLL
0x00007ff978b30000 - 0x00007ff978e26000 	C:\Windows\System32\KERNELBASE.dll
0x00007ff978f80000 - 0x00007ff979080000 	C:\Windows\System32\ucrtbase.dll
0x00007ff96b2d0000 - 0x00007ff96b2eb000 	C:\Program Files\Android\Android Studio\jbr\bin\VCRUNTIME140.dll
0x00007ff967120000 - 0x00007ff967137000 	C:\Program Files\Android\Android Studio\jbr\bin\jli.dll
0x00007ff979bb0000 - 0x00007ff979d4e000 	C:\Windows\System32\USER32.dll
0x00007ff96b6e0000 - 0x00007ff96b97a000 	C:\Windows\WinSxS\amd64_microsoft.windows.common-controls_6595b64144ccf1df_6.0.19041.3570_none_60bb2a3971f3e41a\COMCTL32.dll
0x00007ff978f50000 - 0x00007ff978f72000 	C:\Windows\System32\win32u.dll
0x00007ff97ad10000 - 0x00007ff97adae000 	C:\Windows\System32\msvcrt.dll
0x00007ff979b80000 - 0x00007ff979bac000 	C:\Windows\System32\GDI32.dll
0x00007ff978e30000 - 0x00007ff978f4a000 	C:\Windows\System32\gdi32full.dll
0x00007ff979110000 - 0x00007ff9791ad000 	C:\Windows\System32\msvcp_win.dll
0x00007ff979510000 - 0x00007ff979540000 	C:\Windows\System32\IMM32.DLL
0x00007ff973f40000 - 0x00007ff973f4c000 	C:\Program Files\Android\Android Studio\jbr\bin\vcruntime140_1.dll
0x00007ff94a740000 - 0x00007ff94a7cd000 	C:\Program Files\Android\Android Studio\jbr\bin\msvcp140.dll
0x00007ff92fa50000 - 0x00007ff9306be000 	C:\Program Files\Android\Android Studio\jbr\bin\server\jvm.dll
0x00007ff9799b0000 - 0x00007ff979a5e000 	C:\Windows\System32\ADVAPI32.dll
0x00007ff979410000 - 0x00007ff9794ac000 	C:\Windows\System32\sechost.dll
0x00007ff97a730000 - 0x00007ff97a856000 	C:\Windows\System32\RPCRT4.dll
0x00007ff96b9a0000 - 0x00007ff96b9c7000 	C:\Windows\SYSTEM32\WINMM.dll
0x00007ff961820000 - 0x00007ff961829000 	C:\Windows\SYSTEM32\WSOCK32.dll
0x00007ff97a990000 - 0x00007ff97a9fb000 	C:\Windows\System32\WS2_32.dll
0x00007ff968430000 - 0x00007ff96843a000 	C:\Windows\SYSTEM32\VERSION.dll
0x00007ff976b10000 - 0x00007ff976b22000 	C:\Windows\SYSTEM32\kernel.appcore.dll
0x00007ff973f30000 - 0x00007ff973f3a000 	C:\Program Files\Android\Android Studio\jbr\bin\jimage.dll
0x00007ff964400000 - 0x00007ff9645e4000 	C:\Windows\SYSTEM32\DBGHELP.DLL
0x00007ff9643c0000 - 0x00007ff9643f4000 	C:\Windows\SYSTEM32\dbgcore.DLL
0x00007ff979080000 - 0x00007ff979102000 	C:\Windows\System32\bcryptPrimitives.dll
0x00007ff972550000 - 0x00007ff972575000 	C:\Program Files\Android\Android Studio\jbr\bin\java.dll
0x00007ff971320000 - 0x00007ff971338000 	C:\Program Files\Android\Android Studio\jbr\bin\zip.dll
0x00007ff979e30000 - 0x00007ff97a574000 	C:\Windows\System32\SHELL32.dll
0x00007ff976b30000 - 0x00007ff9772cb000 	C:\Windows\SYSTEM32\windows.storage.dll
0x00007ff97b010000 - 0x00007ff97b364000 	C:\Windows\System32\combase.dll
0x00007ff978460000 - 0x00007ff97848d000 	C:\Windows\SYSTEM32\Wldp.dll
0x00007ff97ac30000 - 0x00007ff97acdd000 	C:\Windows\System32\SHCORE.dll
0x00007ff9794b0000 - 0x00007ff979505000 	C:\Windows\System32\shlwapi.dll
0x00007ff9789c0000 - 0x00007ff9789e5000 	C:\Windows\SYSTEM32\profapi.dll
0x00007ff96b390000 - 0x00007ff96b3a9000 	C:\Program Files\Android\Android Studio\jbr\bin\net.dll
0x00007ff96e440000 - 0x00007ff96e54a000 	C:\Windows\SYSTEM32\WINHTTP.dll
0x00007ff9781c0000 - 0x00007ff97822a000 	C:\Windows\system32\mswsock.dll
0x00007ff96b370000 - 0x00007ff96b386000 	C:\Program Files\Android\Android Studio\jbr\bin\nio.dll
0x00007ff972540000 - 0x00007ff972550000 	C:\Program Files\Android\Android Studio\jbr\bin\verify.dll

dbghelp: loaded successfully - version: 4.0.5 - missing functions: none
symbol engine: initialized successfully - sym options: 0x614 - pdb path: .;C:\Program Files\Android\Android Studio\jbr\bin;C:\Windows\SYSTEM32;C:\Windows\WinSxS\amd64_microsoft.windows.common-controls_6595b64144ccf1df_6.0.19041.3570_none_60bb2a3971f3e41a;C:\Program Files\Android\Android Studio\jbr\bin\server

VM Arguments:
java_command: org.jetbrains.kotlin.cli.jvm.K2JVMCompiler @C:\Users\refrizar.dwiardito\AndroidStudioProjects\Catwell\app\build\20231018_3696257636025175437.compiler.options
java_class_path (initial): C:\Users\refrizar.dwiardito\.jdks\openjdk-21\caches\modules-2\files-2.1\org.jetbrains.kotlin\kotlin-compiler-embeddable\1.9.0\2c8c3a7402becca891f12739b3e9fd2dc2adbd7a\kotlin-compiler-embeddable-1.9.0.jar;C:\Users\refrizar.dwiardito\.jdks\openjdk-21\caches\modules-2\files-2.1\org.jetbrains.kotlin\kotlin-stdlib\1.9.0\8ee15ef0c67dc83d874f412d84378d7f0eb50b63\kotlin-stdlib-1.9.0.jar;C:\Users\refrizar.dwiardito\.jdks\openjdk-21\caches\modules-2\files-2.1\org.jetbrains.kotlin\kotlin-script-runtime\1.9.0\4b3102cbbb7e1b58d9d1adf89563f00069ffa7d1\kotlin-script-runtime-1.9.0.jar;C:\Users\refrizar.dwiardito\.jdks\openjdk-21\caches\modules-2\files-2.1\org.jetbrains.kotlin\kotlin-reflect\1.6.10\1cbe9c92c12a94eea200d23c2bbaedaf3daf5132\kotlin-reflect-1.6.10.jar;C:\Users\refrizar.dwiardito\.jdks\openjdk-21\caches\modules-2\files-2.1\org.jetbrains.kotlin\kotlin-daemon-embeddable\1.9.0\186543f5e28cf8d9a0290fecc2cf34301c40a65c\kotlin-daemon-embeddable-1.9.0.jar;C:\Users\refrizar.dwiardito\.jdks\openjdk-21\caches\modules-2\files-2.1\org.jetbrains.intellij.deps\trove4j\1.0.20200330\3afb14d5f9ceb459d724e907a21145e8ff394f02\trove4j-1.0.20200330.jar;C:\Users\refrizar.dwiardito\.jdks\openjdk-21\caches\modules-2\files-2.1\org.jetbrains.kotlin\kotlin-stdlib-common\1.9.0\cd65c21cfd1eec4d44ef09f9f52b6d9f8a720636\kotlin-stdlib-common-1.9.0.jar;C:\Users\refrizar.dwiardito\.jdks\openjdk-21\caches\modules-2\files-2.1\org.jetbrains\annotations\13.0\919f0dfe192fb4e063e7dacadee7f8bb9a2672a9\annotations-13.0.jar
Launcher Type: SUN_STANDARD

[Global flags]
     intx CICompilerCount                          = 3                                         {product} {ergonomic}
     uint ConcGCThreads                            = 1                                         {product} {ergonomic}
     uint G1ConcRefinementThreads                  = 4                                         {product} {ergonomic}
   size_t G1HeapRegionSize                         = 1048576                                   {product} {ergonomic}
    uintx GCDrainStackTargetSize                   = 64                                        {product} {ergonomic}
   size_t InitialHeapSize                          = 134217728                                 {product} {ergonomic}
   size_t MarkStackSize                            = 4194304                                   {product} {ergonomic}
   size_t MaxHeapSize                              = 2120220672                                {product} {ergonomic}
   size_t MaxNewSize                               = 1271922688                                {product} {ergonomic}
   size_t MinHeapDeltaBytes                        = 1048576                                   {product} {ergonomic}
   size_t MinHeapSize                              = 8388608                                   {product} {ergonomic}
    uintx NonNMethodCodeHeapSize                   = 5832780                                {pd product} {ergonomic}
    uintx NonProfiledCodeHeapSize                  = 122912730                              {pd product} {ergonomic}
    uintx ProfiledCodeHeapSize                     = 122912730                              {pd product} {ergonomic}
    uintx ReservedCodeCacheSize                    = 251658240                              {pd product} {ergonomic}
     bool SegmentedCodeCache                       = true                                      {product} {ergonomic}
   size_t SoftMaxHeapSize                          = 2120220672                             {manageable} {ergonomic}
     bool UseCompressedClassPointers               = true                           {product lp64_product} {ergonomic}
     bool UseCompressedOops                        = true                           {product lp64_product} {ergonomic}
     bool UseG1GC                                  = true                                      {product} {ergonomic}
     bool UseLargePagesIndividualAllocation        = false                                  {pd product} {ergonomic}

Logging:
Log output configuration:
 #0: stdout all=warning uptime,level,tags
 #1: stderr all=off uptime,level,tags

Environment Variables:
JAVA_HOME=C:\Users\refrizar.dwiardito\.jdks\openjdk-21
PATH=C:\Program Files\Common Files\Oracle\Java\javapath;C:\Windows\system32;C:\Windows;C:\Windows\System32\Wbem;C:\Windows\System32\WindowsPowerShell\v1.0\;C:\Windows\System32\OpenSSH\;C:\Program Files\mingw-w64\x86_64-8.1.0-posix-seh-rt_v6-rev0\mingw64\bin;C:\Users\refrizar.dwiardito\AppData\Local\Programs\Python\Python310\Scripts;C:\Users\refrizar.dwiardito\.jdks\openjdk-21\bin;C:\Program Files\PuTTY\;C:\Program Files\gradle-8.3\bin;C:\Program Files\Git\cmd;C:\Users\refrizar.dwiardito\AppData\Local\Programs\Python\Python310\Scripts\;C:\Users\refrizar.dwiardito\AppData\Local\Programs\Python\Python310\;C:\Users\refrizar.dwiardito\AppData\Local\Microsoft\WindowsApps;;C:\Users\refrizar.dwiardito\AppData\Local\Programs\Microsoft VS Code\bin
USERNAME=refrizar.dwiardito
OS=Windows_NT
PROCESSOR_IDENTIFIER=Intel64 Family 6 Model 61 Stepping 4, GenuineIntel
TMP=C:\Users\REFRIZ~1.DWI\AppData\Local\Temp
TEMP=C:\Users\REFRIZ~1.DWI\AppData\Local\Temp


JNI global refs:
JNI global refs: 10, weak refs: 17

JNI global refs memory usage: 843, weak refs: 841


---------------  S Y S T E M  ---------------

OS:
 Windows 10 , 64 bit Build 19041 (10.0.19041.3570)
OS uptime: 0 days 10:55 hours

CPU: total 4 (initial active 4) (2 cores per cpu, 2 threads per core) family 6 model 61 stepping 4 microcode 0x2f, cx8, cmov, fxsr, ht, mmx, 3dnowpref, sse, sse2, sse3, ssse3, sse4.1, sse4.2, popcnt, lzcnt, tsc, tscinvbit, avx, avx2, aes, erms, clmul, bmi1, bmi2, adx, fma, vzeroupper, clflush

Memory: 4k page, system-wide physical 8083M (580M free)
TotalPageFile size 8083M (AvailPageFile size 5M)
current process WorkingSet (physical memory assigned to process): 298M, peak: 298M
current process commit charge ("private bytes"): 329M, peak: 331M

vm_info: OpenJDK 64-Bit Server VM (17.0.6+0-b2043.56-10027231) for windows-amd64 JRE (17.0.6+0-b2043.56-10027231), built on Apr 28 2023 00:43:19 by "androidbuild" with MS VC++ 16.10 / 16.11 (VS2019)

END.
